[2022-11-25T20:19:08.507+0000] {taskinstance.py:1165} INFO - Dependencies all met for <TaskInstance: data_predict_dag.data_predict scheduled__2022-11-24T00:00:00+00:00 [queued]>
[2022-11-25T20:19:08.519+0000] {taskinstance.py:1165} INFO - Dependencies all met for <TaskInstance: data_predict_dag.data_predict scheduled__2022-11-24T00:00:00+00:00 [queued]>
[2022-11-25T20:19:08.520+0000] {taskinstance.py:1362} INFO - 
--------------------------------------------------------------------------------
[2022-11-25T20:19:08.520+0000] {taskinstance.py:1363} INFO - Starting attempt 1 of 1
[2022-11-25T20:19:08.521+0000] {taskinstance.py:1364} INFO - 
--------------------------------------------------------------------------------
[2022-11-25T20:19:08.530+0000] {taskinstance.py:1383} INFO - Executing <Task(PythonOperator): data_predict> on 2022-11-24 00:00:00+00:00
[2022-11-25T20:19:08.542+0000] {standard_task_runner.py:55} INFO - Started process 690 to run task
[2022-11-25T20:19:08.549+0000] {standard_task_runner.py:82} INFO - Running: ['***', 'tasks', 'run', 'data_predict_dag', 'data_predict', 'scheduled__2022-11-24T00:00:00+00:00', '--job-id', '274', '--raw', '--subdir', 'DAGS_FOLDER/dag_predict_proccess.py', '--cfg-path', '/tmp/tmp36qs12if']
[2022-11-25T20:19:08.552+0000] {standard_task_runner.py:83} INFO - Job 274: Subtask data_predict
[2022-11-25T20:19:08.626+0000] {task_command.py:376} INFO - Running <TaskInstance: data_predict_dag.data_predict scheduled__2022-11-24T00:00:00+00:00 [running]> on host 1b5d66f3d148
[2022-11-25T20:19:08.705+0000] {taskinstance.py:1592} INFO - Exporting the following env vars:
AIRFLOW_CTX_DAG_OWNER=***
AIRFLOW_CTX_DAG_ID=data_predict_dag
AIRFLOW_CTX_TASK_ID=data_predict
AIRFLOW_CTX_EXECUTION_DATE=2022-11-24T00:00:00+00:00
AIRFLOW_CTX_TRY_NUMBER=1
AIRFLOW_CTX_DAG_RUN_ID=scheduled__2022-11-24T00:00:00+00:00
[2022-11-25T20:19:08.761+0000] {local_task_job.py:159} INFO - Task exited with return code 1
[2022-11-25T20:19:08.779+0000] {taskinstance.py:2623} INFO - 0 downstream tasks scheduled from follow-on schedule check
