[2022-11-26T14:48:50.810+0000] {taskinstance.py:1165} INFO - Dependencies all met for <TaskInstance: data_preparator_dag.data_prepare manual__2022-11-26T14:48:45.962036+00:00 [queued]>
[2022-11-26T14:48:50.853+0000] {taskinstance.py:1165} INFO - Dependencies all met for <TaskInstance: data_preparator_dag.data_prepare manual__2022-11-26T14:48:45.962036+00:00 [queued]>
[2022-11-26T14:48:50.855+0000] {taskinstance.py:1362} INFO - 
--------------------------------------------------------------------------------
[2022-11-26T14:48:50.856+0000] {taskinstance.py:1363} INFO - Starting attempt 1 of 1
[2022-11-26T14:48:50.857+0000] {taskinstance.py:1364} INFO - 
--------------------------------------------------------------------------------
[2022-11-26T14:48:50.886+0000] {taskinstance.py:1383} INFO - Executing <Task(PythonOperator): data_prepare> on 2022-11-26 14:48:45.962036+00:00
[2022-11-26T14:48:50.912+0000] {standard_task_runner.py:55} INFO - Started process 19469 to run task
[2022-11-26T14:48:50.925+0000] {standard_task_runner.py:82} INFO - Running: ['***', 'tasks', 'run', 'data_preparator_dag', 'data_prepare', 'manual__2022-11-26T14:48:45.962036+00:00', '--job-id', '487', '--raw', '--subdir', 'DAGS_FOLDER/dag_train_process.py', '--cfg-path', '/tmp/tmpiz4hvwaj']
[2022-11-26T14:48:50.934+0000] {standard_task_runner.py:83} INFO - Job 487: Subtask data_prepare
[2022-11-26T14:48:51.038+0000] {task_command.py:376} INFO - Running <TaskInstance: data_preparator_dag.data_prepare manual__2022-11-26T14:48:45.962036+00:00 [running]> on host 3151441c8efc
[2022-11-26T14:48:51.132+0000] {taskinstance.py:1592} INFO - Exporting the following env vars:
AIRFLOW_CTX_DAG_OWNER=***
AIRFLOW_CTX_DAG_ID=data_preparator_dag
AIRFLOW_CTX_TASK_ID=data_prepare
AIRFLOW_CTX_EXECUTION_DATE=2022-11-26T14:48:45.962036+00:00
AIRFLOW_CTX_TRY_NUMBER=1
AIRFLOW_CTX_DAG_RUN_ID=manual__2022-11-26T14:48:45.962036+00:00
[2022-11-26T14:48:51.183+0000] {python.py:177} INFO - Done. Returned value was: None
[2022-11-26T14:48:51.207+0000] {taskinstance.py:1406} INFO - Marking task as SUCCESS. dag_id=data_preparator_dag, task_id=data_prepare, execution_date=20221126T144845, start_date=20221126T144850, end_date=20221126T144851
[2022-11-26T14:48:51.297+0000] {local_task_job.py:159} INFO - Task exited with return code 0
[2022-11-26T14:48:51.396+0000] {taskinstance.py:2623} INFO - 0 downstream tasks scheduled from follow-on schedule check
