[2022-11-28T07:36:00.262+0000] {taskinstance.py:1165} INFO - Dependencies all met for <TaskInstance: data_generator_dag.data_generation scheduled__2022-11-27T00:00:00+00:00 [queued]>
[2022-11-28T07:36:00.303+0000] {taskinstance.py:1165} INFO - Dependencies all met for <TaskInstance: data_generator_dag.data_generation scheduled__2022-11-27T00:00:00+00:00 [queued]>
[2022-11-28T07:36:00.304+0000] {taskinstance.py:1362} INFO - 
--------------------------------------------------------------------------------
[2022-11-28T07:36:00.306+0000] {taskinstance.py:1363} INFO - Starting attempt 1 of 1
[2022-11-28T07:36:00.310+0000] {taskinstance.py:1364} INFO - 
--------------------------------------------------------------------------------
[2022-11-28T07:36:00.355+0000] {taskinstance.py:1383} INFO - Executing <Task(PythonOperator): data_generation> on 2022-11-27 00:00:00+00:00
[2022-11-28T07:36:00.390+0000] {standard_task_runner.py:55} INFO - Started process 70 to run task
[2022-11-28T07:36:00.403+0000] {standard_task_runner.py:82} INFO - Running: ['***', 'tasks', 'run', 'data_generator_dag', 'data_generation', 'scheduled__2022-11-27T00:00:00+00:00', '--job-id', '15', '--raw', '--subdir', 'DAGS_FOLDER/dag_generate_data.py', '--cfg-path', '/tmp/tmph4ycicr_']
[2022-11-28T07:36:00.409+0000] {standard_task_runner.py:83} INFO - Job 15: Subtask data_generation
[2022-11-28T07:36:00.642+0000] {task_command.py:376} INFO - Running <TaskInstance: data_generator_dag.data_generation scheduled__2022-11-27T00:00:00+00:00 [running]> on host 18e45f209dfb
[2022-11-28T07:36:00.902+0000] {taskinstance.py:1592} INFO - Exporting the following env vars:
AIRFLOW_CTX_DAG_OWNER=***
AIRFLOW_CTX_DAG_ID=data_generator_dag
AIRFLOW_CTX_TASK_ID=data_generation
AIRFLOW_CTX_EXECUTION_DATE=2022-11-27T00:00:00+00:00
AIRFLOW_CTX_TRY_NUMBER=1
AIRFLOW_CTX_DAG_RUN_ID=scheduled__2022-11-27T00:00:00+00:00
[2022-11-28T07:36:00.916+0000] {logging_mixin.py:137} INFO - current spot /opt/***
[2022-11-28T07:36:00.920+0000] {logging_mixin.py:137} INFO - current files ['dags', 'logs', '***-worker.pid', 'plugins', '***.cfg', 'webserver_config.py', '{PATH_PREICT}predictions.csv']
[2022-11-28T07:36:01.140+0000] {python.py:177} INFO - Done. Returned value was: None
[2022-11-28T07:36:01.177+0000] {taskinstance.py:1406} INFO - Marking task as SUCCESS. dag_id=data_generator_dag, task_id=data_generation, execution_date=20221127T000000, start_date=20221128T073600, end_date=20221128T073601
[2022-11-28T07:36:01.254+0000] {local_task_job.py:159} INFO - Task exited with return code 0
[2022-11-28T07:36:01.313+0000] {taskinstance.py:2623} INFO - 0 downstream tasks scheduled from follow-on schedule check
