[2022-11-26T14:41:53.988+0000] {taskinstance.py:1165} INFO - Dependencies all met for <TaskInstance: data_preparator_dag.data_split manual__2022-11-26T14:36:13.711317+00:00 [queued]>
[2022-11-26T14:41:53.997+0000] {taskinstance.py:1165} INFO - Dependencies all met for <TaskInstance: data_preparator_dag.data_split manual__2022-11-26T14:36:13.711317+00:00 [queued]>
[2022-11-26T14:41:53.998+0000] {taskinstance.py:1362} INFO - 
--------------------------------------------------------------------------------
[2022-11-26T14:41:53.999+0000] {taskinstance.py:1363} INFO - Starting attempt 1 of 1
[2022-11-26T14:41:53.999+0000] {taskinstance.py:1364} INFO - 
--------------------------------------------------------------------------------
[2022-11-26T14:41:54.010+0000] {taskinstance.py:1383} INFO - Executing <Task(PythonOperator): data_split> on 2022-11-26 14:36:13.711317+00:00
[2022-11-26T14:41:54.019+0000] {standard_task_runner.py:55} INFO - Started process 19079 to run task
[2022-11-26T14:41:54.023+0000] {standard_task_runner.py:82} INFO - Running: ['***', 'tasks', 'run', 'data_preparator_dag', 'data_split', 'manual__2022-11-26T14:36:13.711317+00:00', '--job-id', '478', '--raw', '--subdir', 'DAGS_FOLDER/dag_train_process.py', '--cfg-path', '/tmp/tmp2rzpdvu3']
[2022-11-26T14:41:54.027+0000] {standard_task_runner.py:83} INFO - Job 478: Subtask data_split
[2022-11-26T14:41:54.119+0000] {task_command.py:376} INFO - Running <TaskInstance: data_preparator_dag.data_split manual__2022-11-26T14:36:13.711317+00:00 [running]> on host 3151441c8efc
[2022-11-26T14:41:54.192+0000] {taskinstance.py:1592} INFO - Exporting the following env vars:
AIRFLOW_CTX_DAG_OWNER=***
AIRFLOW_CTX_DAG_ID=data_preparator_dag
AIRFLOW_CTX_TASK_ID=data_split
AIRFLOW_CTX_EXECUTION_DATE=2022-11-26T14:36:13.711317+00:00
AIRFLOW_CTX_TRY_NUMBER=1
AIRFLOW_CTX_DAG_RUN_ID=manual__2022-11-26T14:36:13.711317+00:00
[2022-11-26T14:41:54.264+0000] {python.py:177} INFO - Done. Returned value was: None
[2022-11-26T14:41:54.292+0000] {taskinstance.py:1406} INFO - Marking task as SUCCESS. dag_id=data_preparator_dag, task_id=data_split, execution_date=20221126T143613, start_date=20221126T144153, end_date=20221126T144154
[2022-11-26T14:41:54.369+0000] {local_task_job.py:159} INFO - Task exited with return code 0
[2022-11-26T14:41:54.458+0000] {taskinstance.py:2623} INFO - 0 downstream tasks scheduled from follow-on schedule check
