[2022-11-24T19:01:43.634+0000] {processor.py:154} INFO - Started process (PID=50) to work on /home/airflow/.local/lib/python3.7/site-packages/airflow/example_dags/example_task_group.py
[2022-11-24T19:01:43.665+0000] {processor.py:756} INFO - Processing file /home/airflow/.local/lib/python3.7/site-packages/airflow/example_dags/example_task_group.py for tasks to queue
[2022-11-24T19:01:43.670+0000] {logging_mixin.py:137} INFO - [2022-11-24T19:01:43.670+0000] {dagbag.py:537} INFO - Filling up the DagBag from /home/airflow/.local/lib/python3.7/site-packages/airflow/example_dags/example_task_group.py
[2022-11-24T19:01:43.793+0000] {processor.py:766} INFO - DAG(s) dict_keys(['example_task_group']) retrieved from /home/airflow/.local/lib/python3.7/site-packages/airflow/example_dags/example_task_group.py
[2022-11-24T19:01:44.108+0000] {logging_mixin.py:137} INFO - [2022-11-24T19:01:44.107+0000] {dag.py:2585} INFO - Sync 1 DAGs
[2022-11-24T19:01:44.253+0000] {logging_mixin.py:137} INFO - [2022-11-24T19:01:44.253+0000] {dag.py:3340} INFO - Setting next_dagrun for example_task_group to 2022-11-23T19:01:44.253013+00:00, run_after=2022-11-24T19:01:44.253013+00:00
[2022-11-24T19:01:44.350+0000] {processor.py:176} INFO - Processing /home/airflow/.local/lib/python3.7/site-packages/airflow/example_dags/example_task_group.py took 0.726 seconds
[2022-11-24T19:02:15.814+0000] {processor.py:154} INFO - Started process (PID=108) to work on /home/airflow/.local/lib/python3.7/site-packages/airflow/example_dags/example_task_group.py
[2022-11-24T19:02:15.858+0000] {processor.py:756} INFO - Processing file /home/airflow/.local/lib/python3.7/site-packages/airflow/example_dags/example_task_group.py for tasks to queue
[2022-11-24T19:02:15.882+0000] {logging_mixin.py:137} INFO - [2022-11-24T19:02:15.878+0000] {dagbag.py:537} INFO - Filling up the DagBag from /home/airflow/.local/lib/python3.7/site-packages/airflow/example_dags/example_task_group.py
[2022-11-24T19:02:16.092+0000] {processor.py:766} INFO - DAG(s) dict_keys(['example_task_group']) retrieved from /home/airflow/.local/lib/python3.7/site-packages/airflow/example_dags/example_task_group.py
[2022-11-24T19:02:16.367+0000] {logging_mixin.py:137} INFO - [2022-11-24T19:02:16.367+0000] {dag.py:2585} INFO - Sync 1 DAGs
[2022-11-24T19:02:16.498+0000] {logging_mixin.py:137} INFO - [2022-11-24T19:02:16.498+0000] {dag.py:3340} INFO - Setting next_dagrun for example_task_group to 2022-11-23T19:02:16.498242+00:00, run_after=2022-11-24T19:02:16.498242+00:00
[2022-11-24T19:02:16.605+0000] {processor.py:176} INFO - Processing /home/airflow/.local/lib/python3.7/site-packages/airflow/example_dags/example_task_group.py took 0.818 seconds
[2022-11-24T19:07:31.241+0000] {processor.py:154} INFO - Started process (PID=126) to work on /home/airflow/.local/lib/python3.7/site-packages/airflow/example_dags/example_task_group.py
[2022-11-24T19:07:31.579+0000] {processor.py:756} INFO - Processing file /home/airflow/.local/lib/python3.7/site-packages/airflow/example_dags/example_task_group.py for tasks to queue
[2022-11-24T19:07:31.826+0000] {logging_mixin.py:137} INFO - [2022-11-24T19:07:31.752+0000] {dagbag.py:537} INFO - Filling up the DagBag from /home/airflow/.local/lib/python3.7/site-packages/airflow/example_dags/example_task_group.py
[2022-11-24T19:07:41.491+0000] {processor.py:766} INFO - DAG(s) dict_keys(['example_task_group']) retrieved from /home/airflow/.local/lib/python3.7/site-packages/airflow/example_dags/example_task_group.py
[2022-11-24T19:07:57.831+0000] {logging_mixin.py:137} INFO - [2022-11-24T19:07:57.628+0000] {dag.py:2585} INFO - Sync 1 DAGs
[2022-11-24T19:08:09.675+0000] {logging_mixin.py:137} INFO - [2022-11-24T19:08:09.439+0000] {dag.py:3340} INFO - Setting next_dagrun for example_task_group to 2022-11-23T19:08:08.768150+00:00, run_after=2022-11-24T19:08:08.768150+00:00
