[2022-11-24T19:01:43.140+0000] {processor.py:154} INFO - Started process (PID=49) to work on /home/airflow/.local/lib/python3.7/site-packages/airflow/example_dags/example_branch_labels.py
[2022-11-24T19:01:43.145+0000] {processor.py:756} INFO - Processing file /home/airflow/.local/lib/python3.7/site-packages/airflow/example_dags/example_branch_labels.py for tasks to queue
[2022-11-24T19:01:43.156+0000] {logging_mixin.py:137} INFO - [2022-11-24T19:01:43.156+0000] {dagbag.py:537} INFO - Filling up the DagBag from /home/airflow/.local/lib/python3.7/site-packages/airflow/example_dags/example_branch_labels.py
[2022-11-24T19:01:43.372+0000] {processor.py:766} INFO - DAG(s) dict_keys(['example_branch_labels']) retrieved from /home/airflow/.local/lib/python3.7/site-packages/airflow/example_dags/example_branch_labels.py
[2022-11-24T19:01:43.704+0000] {logging_mixin.py:137} INFO - [2022-11-24T19:01:43.702+0000] {dag.py:2585} INFO - Sync 1 DAGs
[2022-11-24T19:01:43.948+0000] {logging_mixin.py:137} INFO - [2022-11-24T19:01:43.948+0000] {dag.py:3340} INFO - Setting next_dagrun for example_branch_labels to 2022-11-23T00:00:00+00:00, run_after=2022-11-24T00:00:00+00:00
[2022-11-24T19:01:44.030+0000] {processor.py:176} INFO - Processing /home/airflow/.local/lib/python3.7/site-packages/airflow/example_dags/example_branch_labels.py took 0.902 seconds
[2022-11-24T19:02:14.665+0000] {processor.py:154} INFO - Started process (PID=107) to work on /home/airflow/.local/lib/python3.7/site-packages/airflow/example_dags/example_branch_labels.py
[2022-11-24T19:02:14.675+0000] {processor.py:756} INFO - Processing file /home/airflow/.local/lib/python3.7/site-packages/airflow/example_dags/example_branch_labels.py for tasks to queue
[2022-11-24T19:02:14.684+0000] {logging_mixin.py:137} INFO - [2022-11-24T19:02:14.684+0000] {dagbag.py:537} INFO - Filling up the DagBag from /home/airflow/.local/lib/python3.7/site-packages/airflow/example_dags/example_branch_labels.py
[2022-11-24T19:02:14.767+0000] {processor.py:766} INFO - DAG(s) dict_keys(['example_branch_labels']) retrieved from /home/airflow/.local/lib/python3.7/site-packages/airflow/example_dags/example_branch_labels.py
[2022-11-24T19:02:14.844+0000] {logging_mixin.py:137} INFO - [2022-11-24T19:02:14.844+0000] {dag.py:2585} INFO - Sync 1 DAGs
[2022-11-24T19:02:14.921+0000] {logging_mixin.py:137} INFO - [2022-11-24T19:02:14.920+0000] {dag.py:3340} INFO - Setting next_dagrun for example_branch_labels to 2022-11-23T00:00:00+00:00, run_after=2022-11-24T00:00:00+00:00
[2022-11-24T19:02:15.003+0000] {processor.py:176} INFO - Processing /home/airflow/.local/lib/python3.7/site-packages/airflow/example_dags/example_branch_labels.py took 0.359 seconds
[2022-11-24T19:06:42.945+0000] {processor.py:154} INFO - Started process (PID=107) to work on /home/airflow/.local/lib/python3.7/site-packages/airflow/example_dags/example_branch_labels.py
[2022-11-24T19:06:43.124+0000] {processor.py:756} INFO - Processing file /home/airflow/.local/lib/python3.7/site-packages/airflow/example_dags/example_branch_labels.py for tasks to queue
[2022-11-24T19:06:45.633+0000] {logging_mixin.py:137} INFO - [2022-11-24T19:06:43.965+0000] {dagbag.py:537} INFO - Filling up the DagBag from /home/airflow/.local/lib/python3.7/site-packages/airflow/example_dags/example_branch_labels.py
[2022-11-24T19:06:51.601+0000] {processor.py:766} INFO - DAG(s) dict_keys(['example_branch_labels']) retrieved from /home/airflow/.local/lib/python3.7/site-packages/airflow/example_dags/example_branch_labels.py
[2022-11-24T19:07:00.867+0000] {logging_mixin.py:137} INFO - [2022-11-24T19:07:00.842+0000] {dag.py:2585} INFO - Sync 1 DAGs
[2022-11-24T19:07:14.596+0000] {logging_mixin.py:137} INFO - [2022-11-24T19:07:14.549+0000] {dag.py:3340} INFO - Setting next_dagrun for example_branch_labels to 2022-11-23T00:00:00+00:00, run_after=2022-11-24T00:00:00+00:00
[2022-11-24T19:07:26.189+0000] {processor.py:176} INFO - Processing /home/airflow/.local/lib/python3.7/site-packages/airflow/example_dags/example_branch_labels.py took 44.249 seconds
