[2022-11-24T19:01:44.358+0000] {processor.py:154} INFO - Started process (PID=51) to work on /home/airflow/.local/lib/python3.7/site-packages/airflow/example_dags/example_datasets.py
[2022-11-24T19:01:44.360+0000] {processor.py:756} INFO - Processing file /home/airflow/.local/lib/python3.7/site-packages/airflow/example_dags/example_datasets.py for tasks to queue
[2022-11-24T19:01:44.363+0000] {logging_mixin.py:137} INFO - [2022-11-24T19:01:44.363+0000] {dagbag.py:537} INFO - Filling up the DagBag from /home/airflow/.local/lib/python3.7/site-packages/airflow/example_dags/example_datasets.py
[2022-11-24T19:01:44.431+0000] {processor.py:766} INFO - DAG(s) dict_keys(['dataset_consumes_1', 'dataset_consumes_1_never_scheduled', 'dataset_consumes_unknown_never_scheduled', 'dataset_consumes_1_and_2', 'dataset_produces_1', 'dataset_produces_2']) retrieved from /home/airflow/.local/lib/python3.7/site-packages/airflow/example_dags/example_datasets.py
[2022-11-24T19:01:44.978+0000] {logging_mixin.py:137} INFO - [2022-11-24T19:01:44.977+0000] {dag.py:2585} INFO - Sync 6 DAGs
[2022-11-24T19:01:45.212+0000] {logging_mixin.py:137} INFO - [2022-11-24T19:01:45.212+0000] {dag.py:3340} INFO - Setting next_dagrun for dataset_consumes_1 to None, run_after=None
[2022-11-24T19:01:45.235+0000] {logging_mixin.py:137} INFO - [2022-11-24T19:01:45.234+0000] {dag.py:3340} INFO - Setting next_dagrun for dataset_consumes_1_and_2 to None, run_after=None
[2022-11-24T19:01:45.255+0000] {logging_mixin.py:137} INFO - [2022-11-24T19:01:45.250+0000] {dag.py:3340} INFO - Setting next_dagrun for dataset_consumes_1_never_scheduled to None, run_after=None
[2022-11-24T19:01:45.264+0000] {logging_mixin.py:137} INFO - [2022-11-24T19:01:45.264+0000] {dag.py:3340} INFO - Setting next_dagrun for dataset_consumes_unknown_never_scheduled to None, run_after=None
[2022-11-24T19:01:45.284+0000] {logging_mixin.py:137} INFO - [2022-11-24T19:01:45.283+0000] {dag.py:3340} INFO - Setting next_dagrun for dataset_produces_1 to 2022-11-23T00:00:00+00:00, run_after=2022-11-24T00:00:00+00:00
[2022-11-24T19:01:45.293+0000] {logging_mixin.py:137} INFO - [2022-11-24T19:01:45.293+0000] {dag.py:3340} INFO - Setting next_dagrun for dataset_produces_2 to None, run_after=None
[2022-11-24T19:01:45.584+0000] {processor.py:176} INFO - Processing /home/airflow/.local/lib/python3.7/site-packages/airflow/example_dags/example_datasets.py took 1.256 seconds
[2022-11-24T19:02:16.782+0000] {processor.py:154} INFO - Started process (PID=109) to work on /home/airflow/.local/lib/python3.7/site-packages/airflow/example_dags/example_datasets.py
[2022-11-24T19:02:16.797+0000] {processor.py:756} INFO - Processing file /home/airflow/.local/lib/python3.7/site-packages/airflow/example_dags/example_datasets.py for tasks to queue
[2022-11-24T19:02:16.799+0000] {logging_mixin.py:137} INFO - [2022-11-24T19:02:16.798+0000] {dagbag.py:537} INFO - Filling up the DagBag from /home/airflow/.local/lib/python3.7/site-packages/airflow/example_dags/example_datasets.py
[2022-11-24T19:02:16.906+0000] {processor.py:766} INFO - DAG(s) dict_keys(['dataset_consumes_unknown_never_scheduled', 'dataset_produces_2', 'dataset_consumes_1', 'dataset_consumes_1_and_2', 'dataset_consumes_1_never_scheduled', 'dataset_produces_1']) retrieved from /home/airflow/.local/lib/python3.7/site-packages/airflow/example_dags/example_datasets.py
[2022-11-24T19:02:17.410+0000] {logging_mixin.py:137} INFO - [2022-11-24T19:02:17.410+0000] {dag.py:2585} INFO - Sync 6 DAGs
[2022-11-24T19:02:17.503+0000] {logging_mixin.py:137} INFO - [2022-11-24T19:02:17.503+0000] {dag.py:3340} INFO - Setting next_dagrun for dataset_consumes_1 to None, run_after=None
[2022-11-24T19:02:17.521+0000] {logging_mixin.py:137} INFO - [2022-11-24T19:02:17.521+0000] {dag.py:3340} INFO - Setting next_dagrun for dataset_consumes_1_and_2 to None, run_after=None
[2022-11-24T19:02:17.525+0000] {logging_mixin.py:137} INFO - [2022-11-24T19:02:17.525+0000] {dag.py:3340} INFO - Setting next_dagrun for dataset_consumes_1_never_scheduled to None, run_after=None
[2022-11-24T19:02:17.531+0000] {logging_mixin.py:137} INFO - [2022-11-24T19:02:17.531+0000] {dag.py:3340} INFO - Setting next_dagrun for dataset_consumes_unknown_never_scheduled to None, run_after=None
[2022-11-24T19:02:17.543+0000] {logging_mixin.py:137} INFO - [2022-11-24T19:02:17.543+0000] {dag.py:3340} INFO - Setting next_dagrun for dataset_produces_1 to 2022-11-23T00:00:00+00:00, run_after=2022-11-24T00:00:00+00:00
[2022-11-24T19:02:17.558+0000] {logging_mixin.py:137} INFO - [2022-11-24T19:02:17.558+0000] {dag.py:3340} INFO - Setting next_dagrun for dataset_produces_2 to None, run_after=None
[2022-11-24T19:02:17.651+0000] {processor.py:176} INFO - Processing /home/airflow/.local/lib/python3.7/site-packages/airflow/example_dags/example_datasets.py took 0.876 seconds
[2022-11-24T19:07:32.466+0000] {processor.py:154} INFO - Started process (PID=133) to work on /home/airflow/.local/lib/python3.7/site-packages/airflow/example_dags/example_datasets.py
[2022-11-24T19:07:32.639+0000] {processor.py:756} INFO - Processing file /home/airflow/.local/lib/python3.7/site-packages/airflow/example_dags/example_datasets.py for tasks to queue
[2022-11-24T19:07:33.358+0000] {logging_mixin.py:137} INFO - [2022-11-24T19:07:32.922+0000] {dagbag.py:537} INFO - Filling up the DagBag from /home/airflow/.local/lib/python3.7/site-packages/airflow/example_dags/example_datasets.py
[2022-11-24T19:07:41.741+0000] {processor.py:766} INFO - DAG(s) dict_keys(['dataset_produces_2', 'dataset_consumes_unknown_never_scheduled', 'dataset_consumes_1_and_2', 'dataset_consumes_1_never_scheduled', 'dataset_produces_1', 'dataset_consumes_1']) retrieved from /home/airflow/.local/lib/python3.7/site-packages/airflow/example_dags/example_datasets.py
