[2022-11-24T19:01:46.241+0000] {processor.py:154} INFO - Started process (PID=55) to work on /home/airflow/.local/lib/python3.7/site-packages/airflow/example_dags/example_subdag_operator.py
[2022-11-24T19:01:46.255+0000] {processor.py:756} INFO - Processing file /home/airflow/.local/lib/python3.7/site-packages/airflow/example_dags/example_subdag_operator.py for tasks to queue
[2022-11-24T19:01:46.266+0000] {logging_mixin.py:137} INFO - [2022-11-24T19:01:46.266+0000] {dagbag.py:537} INFO - Filling up the DagBag from /home/airflow/.local/lib/python3.7/site-packages/airflow/example_dags/example_subdag_operator.py
[2022-11-24T19:01:46.586+0000] {processor.py:766} INFO - DAG(s) dict_keys(['example_subdag_operator.section-1', 'example_subdag_operator.section-2', 'example_subdag_operator']) retrieved from /home/airflow/.local/lib/python3.7/site-packages/airflow/example_dags/example_subdag_operator.py
[2022-11-24T19:01:48.100+0000] {logging_mixin.py:137} INFO - [2022-11-24T19:01:48.099+0000] {dag.py:2585} INFO - Sync 3 DAGs
[2022-11-24T19:01:48.336+0000] {logging_mixin.py:137} INFO - [2022-11-24T19:01:48.336+0000] {dag.py:3340} INFO - Setting next_dagrun for example_subdag_operator to 2022-01-01T00:00:00+00:00, run_after=2022-01-01T00:00:00+00:00
[2022-11-24T19:01:48.369+0000] {logging_mixin.py:137} INFO - [2022-11-24T19:01:48.368+0000] {dag.py:3340} INFO - Setting next_dagrun for example_subdag_operator.section-1 to None, run_after=None
[2022-11-24T19:01:48.374+0000] {logging_mixin.py:137} INFO - [2022-11-24T19:01:48.373+0000] {dag.py:3340} INFO - Setting next_dagrun for example_subdag_operator.section-2 to None, run_after=None
[2022-11-24T19:01:48.421+0000] {logging_mixin.py:137} INFO - [2022-11-24T19:01:48.420+0000] {dag.py:2585} INFO - Sync 2 DAGs
[2022-11-24T19:01:48.473+0000] {logging_mixin.py:137} INFO - [2022-11-24T19:01:48.472+0000] {dag.py:3340} INFO - Setting next_dagrun for example_subdag_operator.section-1 to None, run_after=None
[2022-11-24T19:01:48.475+0000] {logging_mixin.py:137} INFO - [2022-11-24T19:01:48.475+0000] {dag.py:3340} INFO - Setting next_dagrun for example_subdag_operator.section-2 to None, run_after=None
[2022-11-24T19:01:48.643+0000] {processor.py:176} INFO - Processing /home/airflow/.local/lib/python3.7/site-packages/airflow/example_dags/example_subdag_operator.py took 2.425 seconds
[2022-11-24T19:02:21.072+0000] {processor.py:154} INFO - Started process (PID=122) to work on /home/airflow/.local/lib/python3.7/site-packages/airflow/example_dags/example_subdag_operator.py
[2022-11-24T19:02:21.077+0000] {processor.py:756} INFO - Processing file /home/airflow/.local/lib/python3.7/site-packages/airflow/example_dags/example_subdag_operator.py for tasks to queue
[2022-11-24T19:02:21.080+0000] {logging_mixin.py:137} INFO - [2022-11-24T19:02:21.079+0000] {dagbag.py:537} INFO - Filling up the DagBag from /home/airflow/.local/lib/python3.7/site-packages/airflow/example_dags/example_subdag_operator.py
[2022-11-24T19:02:21.181+0000] {processor.py:766} INFO - DAG(s) dict_keys(['example_subdag_operator.section-1', 'example_subdag_operator.section-2', 'example_subdag_operator']) retrieved from /home/airflow/.local/lib/python3.7/site-packages/airflow/example_dags/example_subdag_operator.py
[2022-11-24T19:02:21.701+0000] {logging_mixin.py:137} INFO - [2022-11-24T19:02:21.699+0000] {dag.py:2585} INFO - Sync 3 DAGs
[2022-11-24T19:02:21.805+0000] {logging_mixin.py:137} INFO - [2022-11-24T19:02:21.805+0000] {dag.py:3340} INFO - Setting next_dagrun for example_subdag_operator to 2022-01-01T00:00:00+00:00, run_after=2022-01-01T00:00:00+00:00
[2022-11-24T19:02:21.823+0000] {logging_mixin.py:137} INFO - [2022-11-24T19:02:21.823+0000] {dag.py:3340} INFO - Setting next_dagrun for example_subdag_operator.section-1 to None, run_after=None
[2022-11-24T19:02:21.827+0000] {logging_mixin.py:137} INFO - [2022-11-24T19:02:21.826+0000] {dag.py:3340} INFO - Setting next_dagrun for example_subdag_operator.section-2 to None, run_after=None
[2022-11-24T19:02:21.837+0000] {logging_mixin.py:137} INFO - [2022-11-24T19:02:21.837+0000] {dag.py:2585} INFO - Sync 2 DAGs
[2022-11-24T19:02:21.844+0000] {logging_mixin.py:137} INFO - [2022-11-24T19:02:21.844+0000] {dag.py:3340} INFO - Setting next_dagrun for example_subdag_operator.section-1 to None, run_after=None
[2022-11-24T19:02:21.845+0000] {logging_mixin.py:137} INFO - [2022-11-24T19:02:21.845+0000] {dag.py:3340} INFO - Setting next_dagrun for example_subdag_operator.section-2 to None, run_after=None
[2022-11-24T19:02:21.864+0000] {processor.py:176} INFO - Processing /home/airflow/.local/lib/python3.7/site-packages/airflow/example_dags/example_subdag_operator.py took 0.794 seconds
[2022-11-24T19:09:32.835+0000] {processor.py:154} INFO - Started process (PID=183) to work on /home/airflow/.local/lib/python3.7/site-packages/airflow/example_dags/example_subdag_operator.py
[2022-11-24T19:09:33.592+0000] {processor.py:756} INFO - Processing file /home/airflow/.local/lib/python3.7/site-packages/airflow/example_dags/example_subdag_operator.py for tasks to queue
[2022-11-24T19:09:33.617+0000] {logging_mixin.py:137} INFO - [2022-11-24T19:09:33.617+0000] {dagbag.py:537} INFO - Filling up the DagBag from /home/airflow/.local/lib/python3.7/site-packages/airflow/example_dags/example_subdag_operator.py
