[2022-11-24T19:01:40.627+0000] {processor.py:154} INFO - Started process (PID=47) to work on /home/airflow/.local/lib/python3.7/site-packages/airflow/example_dags/example_bash_operator.py
[2022-11-24T19:01:40.657+0000] {processor.py:756} INFO - Processing file /home/airflow/.local/lib/python3.7/site-packages/airflow/example_dags/example_bash_operator.py for tasks to queue
[2022-11-24T19:01:40.666+0000] {logging_mixin.py:137} INFO - [2022-11-24T19:01:40.665+0000] {dagbag.py:537} INFO - Filling up the DagBag from /home/airflow/.local/lib/python3.7/site-packages/airflow/example_dags/example_bash_operator.py
[2022-11-24T19:01:40.861+0000] {processor.py:766} INFO - DAG(s) dict_keys(['example_bash_operator']) retrieved from /home/airflow/.local/lib/python3.7/site-packages/airflow/example_dags/example_bash_operator.py
[2022-11-24T19:01:41.385+0000] {logging_mixin.py:137} INFO - [2022-11-24T19:01:41.384+0000] {dag.py:2585} INFO - Sync 1 DAGs
[2022-11-24T19:01:41.647+0000] {logging_mixin.py:137} INFO - [2022-11-24T19:01:41.646+0000] {dag.py:3340} INFO - Setting next_dagrun for example_bash_operator to 2022-11-23T00:00:00+00:00, run_after=2022-11-24T00:00:00+00:00
[2022-11-24T19:01:41.852+0000] {processor.py:176} INFO - Processing /home/airflow/.local/lib/python3.7/site-packages/airflow/example_dags/example_bash_operator.py took 1.271 seconds
[2022-11-24T19:02:12.641+0000] {processor.py:154} INFO - Started process (PID=103) to work on /home/airflow/.local/lib/python3.7/site-packages/airflow/example_dags/example_bash_operator.py
[2022-11-24T19:02:12.648+0000] {processor.py:756} INFO - Processing file /home/airflow/.local/lib/python3.7/site-packages/airflow/example_dags/example_bash_operator.py for tasks to queue
[2022-11-24T19:02:12.652+0000] {logging_mixin.py:137} INFO - [2022-11-24T19:02:12.652+0000] {dagbag.py:537} INFO - Filling up the DagBag from /home/airflow/.local/lib/python3.7/site-packages/airflow/example_dags/example_bash_operator.py
[2022-11-24T19:02:12.719+0000] {processor.py:766} INFO - DAG(s) dict_keys(['example_bash_operator']) retrieved from /home/airflow/.local/lib/python3.7/site-packages/airflow/example_dags/example_bash_operator.py
[2022-11-24T19:02:12.804+0000] {logging_mixin.py:137} INFO - [2022-11-24T19:02:12.804+0000] {dag.py:2585} INFO - Sync 1 DAGs
[2022-11-24T19:02:12.980+0000] {logging_mixin.py:137} INFO - [2022-11-24T19:02:12.979+0000] {dag.py:3340} INFO - Setting next_dagrun for example_bash_operator to 2022-11-23T00:00:00+00:00, run_after=2022-11-24T00:00:00+00:00
[2022-11-24T19:02:13.026+0000] {processor.py:176} INFO - Processing /home/airflow/.local/lib/python3.7/site-packages/airflow/example_dags/example_bash_operator.py took 0.401 seconds
[2022-11-24T19:03:31.971+0000] {processor.py:154} INFO - Started process (PID=164) to work on /home/airflow/.local/lib/python3.7/site-packages/airflow/example_dags/example_bash_operator.py
[2022-11-24T19:03:32.020+0000] {processor.py:756} INFO - Processing file /home/airflow/.local/lib/python3.7/site-packages/airflow/example_dags/example_bash_operator.py for tasks to queue
[2022-11-24T19:03:32.046+0000] {logging_mixin.py:137} INFO - [2022-11-24T19:03:32.045+0000] {dagbag.py:537} INFO - Filling up the DagBag from /home/airflow/.local/lib/python3.7/site-packages/airflow/example_dags/example_bash_operator.py
[2022-11-24T19:03:40.344+0000] {processor.py:766} INFO - DAG(s) dict_keys(['example_bash_operator']) retrieved from /home/airflow/.local/lib/python3.7/site-packages/airflow/example_dags/example_bash_operator.py
[2022-11-24T19:03:50.389+0000] {logging_mixin.py:137} INFO - [2022-11-24T19:03:50.298+0000] {dag.py:2585} INFO - Sync 1 DAGs
[2022-11-24T19:03:52.347+0000] {logging_mixin.py:137} INFO - [2022-11-24T19:03:52.345+0000] {dag.py:3340} INFO - Setting next_dagrun for example_bash_operator to 2022-11-23T00:00:00+00:00, run_after=2022-11-24T00:00:00+00:00
[2022-11-24T19:03:54.279+0000] {processor.py:176} INFO - Processing /home/airflow/.local/lib/python3.7/site-packages/airflow/example_dags/example_bash_operator.py took 22.540 seconds
[2022-11-24T19:05:16.624+0000] {processor.py:154} INFO - Started process (PID=62) to work on /home/airflow/.local/lib/python3.7/site-packages/airflow/example_dags/example_bash_operator.py
[2022-11-24T19:05:16.659+0000] {processor.py:756} INFO - Processing file /home/airflow/.local/lib/python3.7/site-packages/airflow/example_dags/example_bash_operator.py for tasks to queue
[2022-11-24T19:05:16.671+0000] {logging_mixin.py:137} INFO - [2022-11-24T19:05:16.671+0000] {dagbag.py:537} INFO - Filling up the DagBag from /home/airflow/.local/lib/python3.7/site-packages/airflow/example_dags/example_bash_operator.py
[2022-11-24T19:05:17.858+0000] {processor.py:766} INFO - DAG(s) dict_keys(['example_bash_operator']) retrieved from /home/airflow/.local/lib/python3.7/site-packages/airflow/example_dags/example_bash_operator.py
[2022-11-24T19:05:34.052+0000] {logging_mixin.py:137} INFO - [2022-11-24T19:05:33.924+0000] {dag.py:2585} INFO - Sync 1 DAGs
[2022-11-24T19:05:35.375+0000] {logging_mixin.py:137} INFO - [2022-11-24T19:05:35.229+0000] {dag.py:3340} INFO - Setting next_dagrun for example_bash_operator to 2022-11-23T00:00:00+00:00, run_after=2022-11-24T00:00:00+00:00
[2022-11-24T19:05:38.229+0000] {processor.py:176} INFO - Processing /home/airflow/.local/lib/python3.7/site-packages/airflow/example_dags/example_bash_operator.py took 21.819 seconds
[2022-11-24T19:06:11.968+0000] {processor.py:154} INFO - Started process (PID=87) to work on /home/airflow/.local/lib/python3.7/site-packages/airflow/example_dags/example_bash_operator.py
[2022-11-24T19:06:12.036+0000] {processor.py:756} INFO - Processing file /home/airflow/.local/lib/python3.7/site-packages/airflow/example_dags/example_bash_operator.py for tasks to queue
[2022-11-24T19:06:12.140+0000] {logging_mixin.py:137} INFO - [2022-11-24T19:06:12.116+0000] {dagbag.py:537} INFO - Filling up the DagBag from /home/airflow/.local/lib/python3.7/site-packages/airflow/example_dags/example_bash_operator.py
[2022-11-24T19:06:16.740+0000] {processor.py:766} INFO - DAG(s) dict_keys(['example_bash_operator']) retrieved from /home/airflow/.local/lib/python3.7/site-packages/airflow/example_dags/example_bash_operator.py
[2022-11-24T19:06:21.143+0000] {logging_mixin.py:137} INFO - [2022-11-24T19:06:21.113+0000] {dag.py:2585} INFO - Sync 1 DAGs
[2022-11-24T19:06:29.587+0000] {logging_mixin.py:137} INFO - [2022-11-24T19:06:29.568+0000] {dag.py:3340} INFO - Setting next_dagrun for example_bash_operator to 2022-11-23T00:00:00+00:00, run_after=2022-11-24T00:00:00+00:00
[2022-11-24T19:06:36.967+0000] {processor.py:176} INFO - Processing /home/airflow/.local/lib/python3.7/site-packages/airflow/example_dags/example_bash_operator.py took 26.037 seconds
