[2022-11-24T19:01:38.647+0000] {processor.py:154} INFO - Started process (PID=45) to work on /home/airflow/.local/lib/python3.7/site-packages/airflow/example_dags/example_branch_operator_decorator.py
[2022-11-24T19:01:38.660+0000] {processor.py:756} INFO - Processing file /home/airflow/.local/lib/python3.7/site-packages/airflow/example_dags/example_branch_operator_decorator.py for tasks to queue
[2022-11-24T19:01:38.678+0000] {logging_mixin.py:137} INFO - [2022-11-24T19:01:38.678+0000] {dagbag.py:537} INFO - Filling up the DagBag from /home/airflow/.local/lib/python3.7/site-packages/airflow/example_dags/example_branch_operator_decorator.py
[2022-11-24T19:01:39.322+0000] {processor.py:766} INFO - DAG(s) dict_keys(['example_branch_python_operator_decorator']) retrieved from /home/airflow/.local/lib/python3.7/site-packages/airflow/example_dags/example_branch_operator_decorator.py
[2022-11-24T19:01:39.767+0000] {logging_mixin.py:137} INFO - [2022-11-24T19:01:39.766+0000] {dag.py:2585} INFO - Sync 1 DAGs
[2022-11-24T19:01:40.031+0000] {logging_mixin.py:137} INFO - [2022-11-24T19:01:40.030+0000] {dag.py:3340} INFO - Setting next_dagrun for example_branch_python_operator_decorator to 2022-11-23T00:00:00+00:00, run_after=2022-11-24T00:00:00+00:00
[2022-11-24T19:01:40.143+0000] {processor.py:176} INFO - Processing /home/airflow/.local/lib/python3.7/site-packages/airflow/example_dags/example_branch_operator_decorator.py took 1.509 seconds
[2022-11-24T19:02:10.476+0000] {processor.py:154} INFO - Started process (PID=102) to work on /home/airflow/.local/lib/python3.7/site-packages/airflow/example_dags/example_branch_operator_decorator.py
[2022-11-24T19:02:10.478+0000] {processor.py:756} INFO - Processing file /home/airflow/.local/lib/python3.7/site-packages/airflow/example_dags/example_branch_operator_decorator.py for tasks to queue
[2022-11-24T19:02:10.479+0000] {logging_mixin.py:137} INFO - [2022-11-24T19:02:10.479+0000] {dagbag.py:537} INFO - Filling up the DagBag from /home/airflow/.local/lib/python3.7/site-packages/airflow/example_dags/example_branch_operator_decorator.py
[2022-11-24T19:02:10.505+0000] {processor.py:766} INFO - DAG(s) dict_keys(['example_branch_python_operator_decorator']) retrieved from /home/airflow/.local/lib/python3.7/site-packages/airflow/example_dags/example_branch_operator_decorator.py
[2022-11-24T19:02:10.570+0000] {logging_mixin.py:137} INFO - [2022-11-24T19:02:10.570+0000] {dag.py:2585} INFO - Sync 1 DAGs
[2022-11-24T19:02:10.605+0000] {logging_mixin.py:137} INFO - [2022-11-24T19:02:10.605+0000] {dag.py:3340} INFO - Setting next_dagrun for example_branch_python_operator_decorator to 2022-11-23T00:00:00+00:00, run_after=2022-11-24T00:00:00+00:00
[2022-11-24T19:02:10.626+0000] {processor.py:176} INFO - Processing /home/airflow/.local/lib/python3.7/site-packages/airflow/example_dags/example_branch_operator_decorator.py took 0.152 seconds
[2022-11-24T19:03:10.396+0000] {processor.py:154} INFO - Started process (PID=151) to work on /home/airflow/.local/lib/python3.7/site-packages/airflow/example_dags/example_branch_operator_decorator.py
[2022-11-24T19:03:10.441+0000] {processor.py:756} INFO - Processing file /home/airflow/.local/lib/python3.7/site-packages/airflow/example_dags/example_branch_operator_decorator.py for tasks to queue
[2022-11-24T19:03:10.462+0000] {logging_mixin.py:137} INFO - [2022-11-24T19:03:10.462+0000] {dagbag.py:537} INFO - Filling up the DagBag from /home/airflow/.local/lib/python3.7/site-packages/airflow/example_dags/example_branch_operator_decorator.py
[2022-11-24T19:03:18.132+0000] {processor.py:766} INFO - DAG(s) dict_keys(['example_branch_python_operator_decorator']) retrieved from /home/airflow/.local/lib/python3.7/site-packages/airflow/example_dags/example_branch_operator_decorator.py
[2022-11-24T19:03:27.408+0000] {logging_mixin.py:137} INFO - [2022-11-24T19:03:27.370+0000] {dag.py:2585} INFO - Sync 1 DAGs
[2022-11-24T19:03:28.885+0000] {logging_mixin.py:137} INFO - [2022-11-24T19:03:28.876+0000] {dag.py:3340} INFO - Setting next_dagrun for example_branch_python_operator_decorator to 2022-11-23T00:00:00+00:00, run_after=2022-11-24T00:00:00+00:00
[2022-11-24T19:03:29.910+0000] {processor.py:176} INFO - Processing /home/airflow/.local/lib/python3.7/site-packages/airflow/example_dags/example_branch_operator_decorator.py took 19.598 seconds
[2022-11-24T19:05:03.697+0000] {processor.py:154} INFO - Started process (PID=53) to work on /home/airflow/.local/lib/python3.7/site-packages/airflow/example_dags/example_branch_operator_decorator.py
[2022-11-24T19:05:03.721+0000] {processor.py:756} INFO - Processing file /home/airflow/.local/lib/python3.7/site-packages/airflow/example_dags/example_branch_operator_decorator.py for tasks to queue
[2022-11-24T19:05:03.729+0000] {logging_mixin.py:137} INFO - [2022-11-24T19:05:03.727+0000] {dagbag.py:537} INFO - Filling up the DagBag from /home/airflow/.local/lib/python3.7/site-packages/airflow/example_dags/example_branch_operator_decorator.py
[2022-11-24T19:05:04.651+0000] {processor.py:766} INFO - DAG(s) dict_keys(['example_branch_python_operator_decorator']) retrieved from /home/airflow/.local/lib/python3.7/site-packages/airflow/example_dags/example_branch_operator_decorator.py
[2022-11-24T19:05:09.212+0000] {logging_mixin.py:137} INFO - [2022-11-24T19:05:09.187+0000] {dag.py:2585} INFO - Sync 1 DAGs
[2022-11-24T19:05:10.174+0000] {logging_mixin.py:137} INFO - [2022-11-24T19:05:10.152+0000] {dag.py:3340} INFO - Setting next_dagrun for example_branch_python_operator_decorator to 2022-11-23T00:00:00+00:00, run_after=2022-11-24T00:00:00+00:00
[2022-11-24T19:05:15.847+0000] {processor.py:176} INFO - Processing /home/airflow/.local/lib/python3.7/site-packages/airflow/example_dags/example_branch_operator_decorator.py took 12.323 seconds
[2022-11-24T19:05:50.572+0000] {processor.py:154} INFO - Started process (PID=78) to work on /home/airflow/.local/lib/python3.7/site-packages/airflow/example_dags/example_branch_operator_decorator.py
[2022-11-24T19:05:52.021+0000] {processor.py:756} INFO - Processing file /home/airflow/.local/lib/python3.7/site-packages/airflow/example_dags/example_branch_operator_decorator.py for tasks to queue
[2022-11-24T19:05:52.942+0000] {logging_mixin.py:137} INFO - [2022-11-24T19:05:52.759+0000] {dagbag.py:537} INFO - Filling up the DagBag from /home/airflow/.local/lib/python3.7/site-packages/airflow/example_dags/example_branch_operator_decorator.py
[2022-11-24T19:05:57.806+0000] {processor.py:766} INFO - DAG(s) dict_keys(['example_branch_python_operator_decorator']) retrieved from /home/airflow/.local/lib/python3.7/site-packages/airflow/example_dags/example_branch_operator_decorator.py
[2022-11-24T19:06:00.747+0000] {logging_mixin.py:137} INFO - [2022-11-24T19:06:00.739+0000] {dag.py:2585} INFO - Sync 1 DAGs
[2022-11-24T19:06:03.173+0000] {logging_mixin.py:137} INFO - [2022-11-24T19:06:03.130+0000] {dag.py:3340} INFO - Setting next_dagrun for example_branch_python_operator_decorator to 2022-11-23T00:00:00+00:00, run_after=2022-11-24T00:00:00+00:00
[2022-11-24T19:06:05.439+0000] {processor.py:176} INFO - Processing /home/airflow/.local/lib/python3.7/site-packages/airflow/example_dags/example_branch_operator_decorator.py took 15.600 seconds
