[2022-11-26T14:50:27.190+0000] {taskinstance.py:1165} INFO - Dependencies all met for <TaskInstance: data_predict_dag.data_predict manual__2022-11-26T14:50:24.290338+00:00 [queued]>
[2022-11-26T14:50:27.196+0000] {taskinstance.py:1165} INFO - Dependencies all met for <TaskInstance: data_predict_dag.data_predict manual__2022-11-26T14:50:24.290338+00:00 [queued]>
[2022-11-26T14:50:27.196+0000] {taskinstance.py:1362} INFO - 
--------------------------------------------------------------------------------
[2022-11-26T14:50:27.197+0000] {taskinstance.py:1363} INFO - Starting attempt 1 of 1
[2022-11-26T14:50:27.197+0000] {taskinstance.py:1364} INFO - 
--------------------------------------------------------------------------------
[2022-11-26T14:50:27.204+0000] {taskinstance.py:1383} INFO - Executing <Task(PythonOperator): data_predict> on 2022-11-26 14:50:24.290338+00:00
[2022-11-26T14:50:27.210+0000] {standard_task_runner.py:55} INFO - Started process 19580 to run task
[2022-11-26T14:50:27.214+0000] {standard_task_runner.py:82} INFO - Running: ['***', 'tasks', 'run', 'data_predict_dag', 'data_predict', 'manual__2022-11-26T14:50:24.290338+00:00', '--job-id', '493', '--raw', '--subdir', 'DAGS_FOLDER/dag_predict_proccess.py', '--cfg-path', '/tmp/tmpb4yeh8cv']
[2022-11-26T14:50:27.216+0000] {standard_task_runner.py:83} INFO - Job 493: Subtask data_predict
[2022-11-26T14:50:27.262+0000] {task_command.py:376} INFO - Running <TaskInstance: data_predict_dag.data_predict manual__2022-11-26T14:50:24.290338+00:00 [running]> on host 3151441c8efc
[2022-11-26T14:50:27.312+0000] {taskinstance.py:1592} INFO - Exporting the following env vars:
AIRFLOW_CTX_DAG_OWNER=***
AIRFLOW_CTX_DAG_ID=data_predict_dag
AIRFLOW_CTX_TASK_ID=data_predict
AIRFLOW_CTX_EXECUTION_DATE=2022-11-26T14:50:24.290338+00:00
AIRFLOW_CTX_TRY_NUMBER=1
AIRFLOW_CTX_DAG_RUN_ID=manual__2022-11-26T14:50:24.290338+00:00
[2022-11-26T14:50:27.345+0000] {local_task_job.py:159} INFO - Task exited with return code 1
[2022-11-26T14:50:27.358+0000] {taskinstance.py:2623} INFO - 0 downstream tasks scheduled from follow-on schedule check
