[2022-11-26T14:48:16.356+0000] {taskinstance.py:1165} INFO - Dependencies all met for <TaskInstance: data_preparator_dag.data_prepare manual__2022-11-26T14:48:14.443099+00:00 [queued]>
[2022-11-26T14:48:16.362+0000] {taskinstance.py:1165} INFO - Dependencies all met for <TaskInstance: data_preparator_dag.data_prepare manual__2022-11-26T14:48:14.443099+00:00 [queued]>
[2022-11-26T14:48:16.363+0000] {taskinstance.py:1362} INFO - 
--------------------------------------------------------------------------------
[2022-11-26T14:48:16.363+0000] {taskinstance.py:1363} INFO - Starting attempt 1 of 1
[2022-11-26T14:48:16.363+0000] {taskinstance.py:1364} INFO - 
--------------------------------------------------------------------------------
[2022-11-26T14:48:16.370+0000] {taskinstance.py:1383} INFO - Executing <Task(PythonOperator): data_prepare> on 2022-11-26 14:48:14.443099+00:00
[2022-11-26T14:48:16.377+0000] {standard_task_runner.py:55} INFO - Started process 19407 to run task
[2022-11-26T14:48:16.383+0000] {standard_task_runner.py:82} INFO - Running: ['***', 'tasks', 'run', 'data_preparator_dag', 'data_prepare', 'manual__2022-11-26T14:48:14.443099+00:00', '--job-id', '482', '--raw', '--subdir', 'DAGS_FOLDER/dag_train_process.py', '--cfg-path', '/tmp/tmp02_dy_do']
[2022-11-26T14:48:16.386+0000] {standard_task_runner.py:83} INFO - Job 482: Subtask data_prepare
[2022-11-26T14:48:16.444+0000] {task_command.py:376} INFO - Running <TaskInstance: data_preparator_dag.data_prepare manual__2022-11-26T14:48:14.443099+00:00 [running]> on host 3151441c8efc
[2022-11-26T14:48:16.496+0000] {taskinstance.py:1592} INFO - Exporting the following env vars:
AIRFLOW_CTX_DAG_OWNER=***
AIRFLOW_CTX_DAG_ID=data_preparator_dag
AIRFLOW_CTX_TASK_ID=data_prepare
AIRFLOW_CTX_EXECUTION_DATE=2022-11-26T14:48:14.443099+00:00
AIRFLOW_CTX_TRY_NUMBER=1
AIRFLOW_CTX_DAG_RUN_ID=manual__2022-11-26T14:48:14.443099+00:00
[2022-11-26T14:48:16.524+0000] {python.py:177} INFO - Done. Returned value was: None
[2022-11-26T14:48:16.533+0000] {taskinstance.py:1406} INFO - Marking task as SUCCESS. dag_id=data_preparator_dag, task_id=data_prepare, execution_date=20221126T144814, start_date=20221126T144816, end_date=20221126T144816
[2022-11-26T14:48:16.556+0000] {local_task_job.py:159} INFO - Task exited with return code 0
[2022-11-26T14:48:16.575+0000] {taskinstance.py:2623} INFO - 1 downstream tasks scheduled from follow-on schedule check
