[2022-11-26T15:20:31.521+0000] {taskinstance.py:1165} INFO - Dependencies all met for <TaskInstance: data_predict_dag.data_predict manual__2022-11-26T15:20:28.142148+00:00 [queued]>
[2022-11-26T15:20:31.542+0000] {taskinstance.py:1165} INFO - Dependencies all met for <TaskInstance: data_predict_dag.data_predict manual__2022-11-26T15:20:28.142148+00:00 [queued]>
[2022-11-26T15:20:31.544+0000] {taskinstance.py:1362} INFO - 
--------------------------------------------------------------------------------
[2022-11-26T15:20:31.545+0000] {taskinstance.py:1363} INFO - Starting attempt 1 of 1
[2022-11-26T15:20:31.547+0000] {taskinstance.py:1364} INFO - 
--------------------------------------------------------------------------------
[2022-11-26T15:20:31.594+0000] {taskinstance.py:1383} INFO - Executing <Task(PythonOperator): data_predict> on 2022-11-26 15:20:28.142148+00:00
[2022-11-26T15:20:31.789+0000] {standard_task_runner.py:55} INFO - Started process 189 to run task
[2022-11-26T15:20:31.813+0000] {standard_task_runner.py:82} INFO - Running: ['***', 'tasks', 'run', 'data_predict_dag', 'data_predict', 'manual__2022-11-26T15:20:28.142148+00:00', '--job-id', '10', '--raw', '--subdir', 'DAGS_FOLDER/dag_predict_proccess.py', '--cfg-path', '/tmp/tmplr0ww_i5']
[2022-11-26T15:20:31.836+0000] {standard_task_runner.py:83} INFO - Job 10: Subtask data_predict
[2022-11-26T15:20:32.104+0000] {task_command.py:376} INFO - Running <TaskInstance: data_predict_dag.data_predict manual__2022-11-26T15:20:28.142148+00:00 [running]> on host 18e45f209dfb
[2022-11-26T15:20:32.385+0000] {taskinstance.py:1592} INFO - Exporting the following env vars:
AIRFLOW_CTX_DAG_OWNER=***
AIRFLOW_CTX_DAG_ID=data_predict_dag
AIRFLOW_CTX_TASK_ID=data_predict
AIRFLOW_CTX_EXECUTION_DATE=2022-11-26T15:20:28.142148+00:00
AIRFLOW_CTX_TRY_NUMBER=1
AIRFLOW_CTX_DAG_RUN_ID=manual__2022-11-26T15:20:28.142148+00:00
[2022-11-26T15:20:32.850+0000] {logging_mixin.py:137} INFO - 0.697
[2022-11-26T15:20:32.883+0000] {python.py:177} INFO - Done. Returned value was: None
[2022-11-26T15:20:32.940+0000] {taskinstance.py:1406} INFO - Marking task as SUCCESS. dag_id=data_predict_dag, task_id=data_predict, execution_date=20221126T152028, start_date=20221126T152031, end_date=20221126T152032
[2022-11-26T15:20:33.062+0000] {local_task_job.py:159} INFO - Task exited with return code 0
[2022-11-26T15:20:33.111+0000] {taskinstance.py:2623} INFO - 0 downstream tasks scheduled from follow-on schedule check
