[2022-11-27T19:24:46.850+0000] {processor.py:154} INFO - Started process (PID=63) to work on /opt/airflow/dags/dag_generate_data.py
[2022-11-27T19:24:46.855+0000] {processor.py:756} INFO - Processing file /opt/airflow/dags/dag_generate_data.py for tasks to queue
[2022-11-27T19:24:46.872+0000] {logging_mixin.py:137} INFO - [2022-11-27T19:24:46.872+0000] {dagbag.py:537} INFO - Filling up the DagBag from /opt/airflow/dags/dag_generate_data.py
[2022-11-27T19:24:48.651+0000] {processor.py:766} INFO - DAG(s) dict_keys(['data_generator_dag']) retrieved from /opt/airflow/dags/dag_generate_data.py
[2022-11-27T19:24:48.751+0000] {logging_mixin.py:137} INFO - [2022-11-27T19:24:48.750+0000] {dag.py:2585} INFO - Sync 1 DAGs
[2022-11-27T19:24:48.790+0000] {logging_mixin.py:137} INFO - [2022-11-27T19:24:48.790+0000] {dag.py:3340} INFO - Setting next_dagrun for data_generator_dag to 2022-11-27T00:00:00+00:00, run_after=2022-11-28T00:00:00+00:00
[2022-11-27T19:24:48.813+0000] {processor.py:176} INFO - Processing /opt/airflow/dags/dag_generate_data.py took 2.006 seconds
[2022-11-27T19:25:59.300+0000] {processor.py:154} INFO - Started process (PID=105) to work on /opt/airflow/dags/dag_generate_data.py
[2022-11-27T19:25:59.315+0000] {processor.py:756} INFO - Processing file /opt/airflow/dags/dag_generate_data.py for tasks to queue
[2022-11-27T19:25:59.349+0000] {logging_mixin.py:137} INFO - [2022-11-27T19:25:59.348+0000] {dagbag.py:537} INFO - Filling up the DagBag from /opt/airflow/dags/dag_generate_data.py
[2022-11-27T19:26:00.610+0000] {processor.py:766} INFO - DAG(s) dict_keys(['data_generator_dag']) retrieved from /opt/airflow/dags/dag_generate_data.py
[2022-11-27T19:26:00.886+0000] {logging_mixin.py:137} INFO - [2022-11-27T19:26:00.886+0000] {dag.py:2585} INFO - Sync 1 DAGs
[2022-11-27T19:26:01.048+0000] {logging_mixin.py:137} INFO - [2022-11-27T19:26:01.048+0000] {dag.py:3340} INFO - Setting next_dagrun for data_generator_dag to 2022-11-27T00:00:00+00:00, run_after=2022-11-28T00:00:00+00:00
[2022-11-27T19:26:01.177+0000] {processor.py:176} INFO - Processing /opt/airflow/dags/dag_generate_data.py took 1.997 seconds
[2022-11-27T19:26:52.392+0000] {processor.py:154} INFO - Started process (PID=132) to work on /opt/airflow/dags/dag_generate_data.py
[2022-11-27T19:26:52.396+0000] {processor.py:756} INFO - Processing file /opt/airflow/dags/dag_generate_data.py for tasks to queue
[2022-11-27T19:26:52.399+0000] {logging_mixin.py:137} INFO - [2022-11-27T19:26:52.399+0000] {dagbag.py:537} INFO - Filling up the DagBag from /opt/airflow/dags/dag_generate_data.py
[2022-11-27T19:26:52.654+0000] {processor.py:766} INFO - DAG(s) dict_keys(['data_generator_dag']) retrieved from /opt/airflow/dags/dag_generate_data.py
[2022-11-27T19:26:52.693+0000] {logging_mixin.py:137} INFO - [2022-11-27T19:26:52.692+0000] {dag.py:2585} INFO - Sync 1 DAGs
[2022-11-27T19:26:52.713+0000] {logging_mixin.py:137} INFO - [2022-11-27T19:26:52.713+0000] {dag.py:3340} INFO - Setting next_dagrun for data_generator_dag to 2022-11-27T00:00:00+00:00, run_after=2022-11-28T00:00:00+00:00
[2022-11-27T19:26:52.728+0000] {processor.py:176} INFO - Processing /opt/airflow/dags/dag_generate_data.py took 0.341 seconds
[2022-11-27T19:28:03.152+0000] {processor.py:154} INFO - Started process (PID=169) to work on /opt/airflow/dags/dag_generate_data.py
[2022-11-27T19:28:03.247+0000] {processor.py:756} INFO - Processing file /opt/airflow/dags/dag_generate_data.py for tasks to queue
[2022-11-27T19:28:03.389+0000] {logging_mixin.py:137} INFO - [2022-11-27T19:28:03.352+0000] {dagbag.py:537} INFO - Filling up the DagBag from /opt/airflow/dags/dag_generate_data.py
[2022-11-27T19:28:36.814+0000] {logging_mixin.py:137} INFO - [2022-11-27T19:28:35.139+0000] {timeout.py:68} ERROR - Process timed out, PID: 169
[2022-11-27T19:28:39.867+0000] {logging_mixin.py:137} INFO - [2022-11-27T19:28:37.253+0000] {dagbag.py:342} ERROR - Failed to import: /opt/airflow/dags/dag_generate_data.py
Traceback (most recent call last):
  File "/home/airflow/.local/lib/python3.7/site-packages/airflow/models/dagbag.py", line 338, in parse
    loader.exec_module(new_module)
  File "<frozen importlib._bootstrap_external>", line 728, in exec_module
  File "<frozen importlib._bootstrap>", line 219, in _call_with_frames_removed
  File "/opt/airflow/dags/dag_generate_data.py", line 3, in <module>
    from packages.gen2_data import gen_data
  File "/opt/airflow/dags/packages/gen2_data.py", line 2, in <module>
    import pandas  as pd
  File "/home/airflow/.local/lib/python3.7/site-packages/pandas/__init__.py", line 22, in <module>
    from pandas.compat import (
  File "/home/airflow/.local/lib/python3.7/site-packages/pandas/compat/__init__.py", line 23, in <module>
    from pandas.compat.pyarrow import (
  File "/home/airflow/.local/lib/python3.7/site-packages/pandas/compat/pyarrow.py", line 6, in <module>
    import pyarrow as pa
  File "/home/airflow/.local/lib/python3.7/site-packages/pyarrow/__init__.py", line 182, in <module>
    from pyarrow._hdfsio import HdfsFile, have_libhdfs
  File "<frozen importlib._bootstrap>", line 416, in parent
  File "/home/airflow/.local/lib/python3.7/site-packages/airflow/utils/timeout.py", line 69, in handle_timeout
    raise AirflowTaskTimeout(self.error_message)
airflow.exceptions.AirflowTaskTimeout: DagBag import timeout for /opt/airflow/dags/dag_generate_data.py after 30.0s.
Please take a look at these docs to improve your DAG import time:
* https://airflow.apache.org/docs/apache-airflow/2.4.3/best-practices.html#top-level-python-code
* https://airflow.apache.org/docs/apache-airflow/2.4.3/best-practices.html#reducing-dag-complexity, PID: 169
[2022-11-27T19:28:40.635+0000] {processor.py:768} WARNING - No viable dags retrieved from /opt/airflow/dags/dag_generate_data.py
[2022-11-27T19:29:43.453+0000] {processor.py:154} INFO - Started process (PID=207) to work on /opt/airflow/dags/dag_generate_data.py
[2022-11-27T19:29:50.192+0000] {processor.py:756} INFO - Processing file /opt/airflow/dags/dag_generate_data.py for tasks to queue
[2022-11-27T19:29:50.560+0000] {logging_mixin.py:137} INFO - [2022-11-27T19:29:50.540+0000] {dagbag.py:537} INFO - Filling up the DagBag from /opt/airflow/dags/dag_generate_data.py
[2022-11-27T19:30:23.924+0000] {logging_mixin.py:137} INFO - [2022-11-27T19:30:23.761+0000] {timeout.py:68} ERROR - Process timed out, PID: 207
[2022-11-27T19:31:37.575+0000] {processor.py:154} INFO - Started process (PID=241) to work on /opt/airflow/dags/dag_generate_data.py
[2022-11-27T19:31:37.871+0000] {processor.py:756} INFO - Processing file /opt/airflow/dags/dag_generate_data.py for tasks to queue
[2022-11-27T19:31:38.096+0000] {logging_mixin.py:137} INFO - [2022-11-27T19:31:38.081+0000] {dagbag.py:537} INFO - Filling up the DagBag from /opt/airflow/dags/dag_generate_data.py
[2022-11-27T19:34:17.895+0000] {processor.py:154} INFO - Started process (PID=266) to work on /opt/airflow/dags/dag_generate_data.py
[2022-11-27T19:34:20.608+0000] {processor.py:756} INFO - Processing file /opt/airflow/dags/dag_generate_data.py for tasks to queue
[2022-11-27T19:34:25.165+0000] {logging_mixin.py:137} INFO - [2022-11-27T19:34:24.321+0000] {dagbag.py:537} INFO - Filling up the DagBag from /opt/airflow/dags/dag_generate_data.py
