[2022-11-26T08:04:16.792+0000] {taskinstance.py:1165} INFO - Dependencies all met for <TaskInstance: data_generator_dag.data_generation manual__2022-11-26T07:59:56.854823+00:00 [queued]>
[2022-11-26T08:04:16.801+0000] {taskinstance.py:1165} INFO - Dependencies all met for <TaskInstance: data_generator_dag.data_generation manual__2022-11-26T07:59:56.854823+00:00 [queued]>
[2022-11-26T08:04:16.802+0000] {taskinstance.py:1362} INFO - 
--------------------------------------------------------------------------------
[2022-11-26T08:04:16.802+0000] {taskinstance.py:1363} INFO - Starting attempt 4 of 4
[2022-11-26T08:04:16.803+0000] {taskinstance.py:1364} INFO - 
--------------------------------------------------------------------------------
[2022-11-26T08:04:16.813+0000] {taskinstance.py:1383} INFO - Executing <Task(PythonOperator): data_generation> on 2022-11-26 07:59:56.854823+00:00
[2022-11-26T08:04:16.820+0000] {standard_task_runner.py:55} INFO - Started process 304 to run task
[2022-11-26T08:04:16.825+0000] {standard_task_runner.py:82} INFO - Running: ['***', 'tasks', 'run', 'data_generator_dag', 'data_generation', 'manual__2022-11-26T07:59:56.854823+00:00', '--job-id', '468', '--raw', '--subdir', 'DAGS_FOLDER/dag_generate_data.py', '--cfg-path', '/tmp/tmpboehe7kb']
[2022-11-26T08:04:16.828+0000] {standard_task_runner.py:83} INFO - Job 468: Subtask data_generation
[2022-11-26T08:04:16.914+0000] {task_command.py:376} INFO - Running <TaskInstance: data_generator_dag.data_generation manual__2022-11-26T07:59:56.854823+00:00 [running]> on host 3151441c8efc
[2022-11-26T08:04:16.973+0000] {taskinstance.py:1592} INFO - Exporting the following env vars:
AIRFLOW_CTX_DAG_OWNER=***
AIRFLOW_CTX_DAG_ID=data_generator_dag
AIRFLOW_CTX_TASK_ID=data_generation
AIRFLOW_CTX_EXECUTION_DATE=2022-11-26T07:59:56.854823+00:00
AIRFLOW_CTX_TRY_NUMBER=4
AIRFLOW_CTX_DAG_RUN_ID=manual__2022-11-26T07:59:56.854823+00:00
[2022-11-26T08:04:16.974+0000] {logging_mixin.py:137} INFO - current spot /opt/***
[2022-11-26T08:04:16.975+0000] {logging_mixin.py:137} INFO - current files ['dags', 'logs', '***-worker.pid', 'plugins', '***.cfg', 'webserver_config.py']
[2022-11-26T08:04:17.017+0000] {python.py:177} INFO - Done. Returned value was: None
[2022-11-26T08:04:17.025+0000] {taskinstance.py:1406} INFO - Marking task as SUCCESS. dag_id=data_generator_dag, task_id=data_generation, execution_date=20221126T075956, start_date=20221126T080416, end_date=20221126T080417
[2022-11-26T08:04:17.078+0000] {local_task_job.py:159} INFO - Task exited with return code 0
[2022-11-26T08:04:17.092+0000] {taskinstance.py:2623} INFO - 0 downstream tasks scheduled from follow-on schedule check
