[2022-11-26T15:00:29.697+0000] {taskinstance.py:1165} INFO - Dependencies all met for <TaskInstance: data_predict_dag.data_predict manual__2022-11-26T15:00:27.410168+00:00 [queued]>
[2022-11-26T15:00:29.703+0000] {taskinstance.py:1165} INFO - Dependencies all met for <TaskInstance: data_predict_dag.data_predict manual__2022-11-26T15:00:27.410168+00:00 [queued]>
[2022-11-26T15:00:29.703+0000] {taskinstance.py:1362} INFO - 
--------------------------------------------------------------------------------
[2022-11-26T15:00:29.704+0000] {taskinstance.py:1363} INFO - Starting attempt 1 of 1
[2022-11-26T15:00:29.704+0000] {taskinstance.py:1364} INFO - 
--------------------------------------------------------------------------------
[2022-11-26T15:00:29.711+0000] {taskinstance.py:1383} INFO - Executing <Task(PythonOperator): data_predict> on 2022-11-26 15:00:27.410168+00:00
[2022-11-26T15:00:29.718+0000] {standard_task_runner.py:55} INFO - Started process 20087 to run task
[2022-11-26T15:00:29.723+0000] {standard_task_runner.py:82} INFO - Running: ['***', 'tasks', 'run', 'data_predict_dag', 'data_predict', 'manual__2022-11-26T15:00:27.410168+00:00', '--job-id', '496', '--raw', '--subdir', 'DAGS_FOLDER/dag_predict_proccess.py', '--cfg-path', '/tmp/tmpat7e70an']
[2022-11-26T15:00:29.726+0000] {standard_task_runner.py:83} INFO - Job 496: Subtask data_predict
[2022-11-26T15:00:29.797+0000] {task_command.py:376} INFO - Running <TaskInstance: data_predict_dag.data_predict manual__2022-11-26T15:00:27.410168+00:00 [running]> on host 3151441c8efc
[2022-11-26T15:00:29.849+0000] {taskinstance.py:1592} INFO - Exporting the following env vars:
AIRFLOW_CTX_DAG_OWNER=***
AIRFLOW_CTX_DAG_ID=data_predict_dag
AIRFLOW_CTX_TASK_ID=data_predict
AIRFLOW_CTX_EXECUTION_DATE=2022-11-26T15:00:27.410168+00:00
AIRFLOW_CTX_TRY_NUMBER=1
AIRFLOW_CTX_DAG_RUN_ID=manual__2022-11-26T15:00:27.410168+00:00
[2022-11-26T15:00:29.935+0000] {local_task_job.py:159} INFO - Task exited with return code 1
[2022-11-26T15:00:29.953+0000] {taskinstance.py:2623} INFO - 0 downstream tasks scheduled from follow-on schedule check
