[2022-11-28T07:35:44.728+0000] {processor.py:154} INFO - Started process (PID=42) to work on /opt/airflow/dags/dag_train_process.py
[2022-11-28T07:35:44.742+0000] {processor.py:756} INFO - Processing file /opt/airflow/dags/dag_train_process.py for tasks to queue
[2022-11-28T07:35:44.743+0000] {logging_mixin.py:137} INFO - [2022-11-28T07:35:44.743+0000] {dagbag.py:537} INFO - Filling up the DagBag from /opt/airflow/dags/dag_train_process.py
[2022-11-28T07:35:57.899+0000] {logging_mixin.py:137} INFO - [2022-11-28T07:35:57.898+0000] {__init__.py:492} WARNING - Matplotlib created a temporary config/cache directory at /tmp/matplotlib-uxoznaie because the default path (/home/airflow/.cache/matplotlib) is not a writable directory; it is highly recommended to set the MPLCONFIGDIR environment variable to a writable directory, in particular to speed up the import of Matplotlib and to better support multiprocessing.
[2022-11-28T07:35:58.476+0000] {logging_mixin.py:137} INFO - [2022-11-28T07:35:58.476+0000] {font_manager.py:1443} INFO - generated new fontManager
[2022-11-28T07:36:00.318+0000] {processor.py:766} INFO - DAG(s) dict_keys(['data_preparator_dag']) retrieved from /opt/airflow/dags/dag_train_process.py
[2022-11-28T07:36:01.019+0000] {logging_mixin.py:137} INFO - [2022-11-28T07:36:01.016+0000] {dag.py:2585} INFO - Sync 1 DAGs
[2022-11-28T07:36:01.112+0000] {logging_mixin.py:137} INFO - [2022-11-28T07:36:01.107+0000] {dag.py:3340} INFO - Setting next_dagrun for data_preparator_dag to 2022-11-27T00:00:00+00:00, run_after=2022-12-04T00:00:00+00:00
[2022-11-28T07:36:01.211+0000] {processor.py:176} INFO - Processing /opt/airflow/dags/dag_train_process.py took 16.495 seconds
[2022-11-28T07:36:33.072+0000] {processor.py:154} INFO - Started process (PID=76) to work on /opt/airflow/dags/dag_train_process.py
[2022-11-28T07:36:33.079+0000] {processor.py:756} INFO - Processing file /opt/airflow/dags/dag_train_process.py for tasks to queue
[2022-11-28T07:36:33.098+0000] {logging_mixin.py:137} INFO - [2022-11-28T07:36:33.098+0000] {dagbag.py:537} INFO - Filling up the DagBag from /opt/airflow/dags/dag_train_process.py
[2022-11-28T07:36:42.149+0000] {logging_mixin.py:137} INFO - [2022-11-28T07:36:42.149+0000] {__init__.py:492} WARNING - Matplotlib created a temporary config/cache directory at /tmp/matplotlib-i_y4bsnu because the default path (/home/airflow/.cache/matplotlib) is not a writable directory; it is highly recommended to set the MPLCONFIGDIR environment variable to a writable directory, in particular to speed up the import of Matplotlib and to better support multiprocessing.
[2022-11-28T07:36:42.372+0000] {logging_mixin.py:137} INFO - [2022-11-28T07:36:42.371+0000] {font_manager.py:1443} INFO - generated new fontManager
[2022-11-28T07:36:42.946+0000] {processor.py:766} INFO - DAG(s) dict_keys(['data_preparator_dag']) retrieved from /opt/airflow/dags/dag_train_process.py
[2022-11-28T07:36:43.023+0000] {logging_mixin.py:137} INFO - [2022-11-28T07:36:43.023+0000] {dag.py:2585} INFO - Sync 1 DAGs
[2022-11-28T07:36:43.133+0000] {logging_mixin.py:137} INFO - [2022-11-28T07:36:43.132+0000] {dag.py:3340} INFO - Setting next_dagrun for data_preparator_dag to 2022-11-27T00:00:00+00:00, run_after=2022-12-04T00:00:00+00:00
[2022-11-28T07:36:43.211+0000] {processor.py:176} INFO - Processing /opt/airflow/dags/dag_train_process.py took 10.217 seconds
[2022-11-28T07:37:14.928+0000] {processor.py:154} INFO - Started process (PID=106) to work on /opt/airflow/dags/dag_train_process.py
[2022-11-28T07:37:14.941+0000] {processor.py:756} INFO - Processing file /opt/airflow/dags/dag_train_process.py for tasks to queue
[2022-11-28T07:37:14.944+0000] {logging_mixin.py:137} INFO - [2022-11-28T07:37:14.943+0000] {dagbag.py:537} INFO - Filling up the DagBag from /opt/airflow/dags/dag_train_process.py
[2022-11-28T07:37:29.634+0000] {logging_mixin.py:137} INFO - [2022-11-28T07:37:29.631+0000] {__init__.py:492} WARNING - Matplotlib created a temporary config/cache directory at /tmp/matplotlib-0l_qnbvi because the default path (/home/airflow/.cache/matplotlib) is not a writable directory; it is highly recommended to set the MPLCONFIGDIR environment variable to a writable directory, in particular to speed up the import of Matplotlib and to better support multiprocessing.
[2022-11-28T07:37:29.921+0000] {logging_mixin.py:137} INFO - [2022-11-28T07:37:29.921+0000] {font_manager.py:1443} INFO - generated new fontManager
[2022-11-28T07:37:30.313+0000] {processor.py:766} INFO - DAG(s) dict_keys(['data_preparator_dag']) retrieved from /opt/airflow/dags/dag_train_process.py
[2022-11-28T07:37:30.405+0000] {logging_mixin.py:137} INFO - [2022-11-28T07:37:30.405+0000] {dag.py:2585} INFO - Sync 1 DAGs
[2022-11-28T07:37:30.447+0000] {logging_mixin.py:137} INFO - [2022-11-28T07:37:30.447+0000] {dag.py:3340} INFO - Setting next_dagrun for data_preparator_dag to 2022-11-27T00:00:00+00:00, run_after=2022-12-04T00:00:00+00:00
[2022-11-28T07:37:30.467+0000] {processor.py:176} INFO - Processing /opt/airflow/dags/dag_train_process.py took 15.557 seconds
[2022-11-28T07:38:03.696+0000] {processor.py:154} INFO - Started process (PID=133) to work on /opt/airflow/dags/dag_train_process.py
[2022-11-28T07:38:03.829+0000] {processor.py:756} INFO - Processing file /opt/airflow/dags/dag_train_process.py for tasks to queue
[2022-11-28T07:38:03.979+0000] {logging_mixin.py:137} INFO - [2022-11-28T07:38:03.977+0000] {dagbag.py:537} INFO - Filling up the DagBag from /opt/airflow/dags/dag_train_process.py
[2022-11-28T07:38:35.333+0000] {logging_mixin.py:137} INFO - [2022-11-28T07:38:35.041+0000] {timeout.py:68} ERROR - Process timed out, PID: 133
[2022-11-28T07:38:39.606+0000] {logging_mixin.py:137} INFO - [2022-11-28T07:38:35.463+0000] {dagbag.py:342} ERROR - Failed to import: /opt/airflow/dags/dag_train_process.py
Traceback (most recent call last):
  File "/home/airflow/.local/lib/python3.7/site-packages/airflow/models/dagbag.py", line 338, in parse
    loader.exec_module(new_module)
  File "<frozen importlib._bootstrap_external>", line 728, in exec_module
  File "<frozen importlib._bootstrap>", line 219, in _call_with_frames_removed
  File "/opt/airflow/dags/dag_train_process.py", line 4, in <module>
    from packages.training_process import prepare_data, splitter, trainer, plotter
  File "/opt/airflow/dags/packages/training_process.py", line 1, in <module>
    from sklearn.model_selection import train_test_split
  File "/home/airflow/.local/lib/python3.7/site-packages/sklearn/__init__.py", line 82, in <module>
    from .base import clone
  File "/home/airflow/.local/lib/python3.7/site-packages/sklearn/base.py", line 17, in <module>
    from .utils import _IS_32BIT
  File "/home/airflow/.local/lib/python3.7/site-packages/sklearn/utils/__init__.py", line 28, in <module>
    from .fixes import np_version, parse_version
  File "/home/airflow/.local/lib/python3.7/site-packages/sklearn/utils/fixes.py", line 20, in <module>
    import scipy.stats
  File "/home/airflow/.local/lib/python3.7/site-packages/scipy/stats/__init__.py", line 441, in <module>
    from .stats import *
  File "/home/airflow/.local/lib/python3.7/site-packages/scipy/stats/stats.py", line 43, in <module>
    from . import distributions
  File "/home/airflow/.local/lib/python3.7/site-packages/scipy/stats/distributions.py", line 8, in <module>
    from ._distn_infrastructure import (rv_discrete, rv_continuous, rv_frozen)
  File "/home/airflow/.local/lib/python3.7/site-packages/scipy/stats/_distn_infrastructure.py", line 24, in <module>
    from scipy import optimize
  File "/home/airflow/.local/lib/python3.7/site-packages/scipy/optimize/__init__.py", line 413, in <module>
    from ._linprog import linprog, linprog_verbose_callback
  File "/home/airflow/.local/lib/python3.7/site-packages/scipy/optimize/_linprog.py", line 23, in <module>
    from ._linprog_ip import _linprog_ip
  File "/home/airflow/.local/lib/python3.7/site-packages/scipy/optimize/_linprog_ip.py", line 27, in <module>
    from ._linprog_util import _postsolve
  File "/home/airflow/.local/lib/python3.7/site-packages/scipy/optimize/_linprog_util.py", line 9, in <module>
    from scipy.optimize._remove_redundancy import (
  File "/home/airflow/.local/lib/python3.7/site-packages/scipy/optimize/_remove_redundancy.py", line 9, in <module>
    from scipy.linalg.interpolative import interp_decomp
  File "/home/airflow/.local/lib/python3.7/site-packages/scipy/linalg/interpolative.py", line 385, in <module>
    import scipy.linalg._interpolative_backend as backend
  File "/home/airflow/.local/lib/python3.7/site-packages/scipy/linalg/_interpolative_backend.py", line 34, in <module>
    import scipy.linalg._interpolative as _id
  File "/home/airflow/.local/lib/python3.7/site-packages/airflow/utils/timeout.py", line 69, in handle_timeout
    raise AirflowTaskTimeout(self.error_message)
airflow.exceptions.AirflowTaskTimeout: DagBag import timeout for /opt/airflow/dags/dag_train_process.py after 30.0s.
Please take a look at these docs to improve your DAG import time:
* https://airflow.apache.org/docs/apache-airflow/2.4.3/best-practices.html#top-level-python-code
* https://airflow.apache.org/docs/apache-airflow/2.4.3/best-practices.html#reducing-dag-complexity, PID: 133
[2022-11-28T07:38:39.930+0000] {processor.py:768} WARNING - No viable dags retrieved from /opt/airflow/dags/dag_train_process.py
[2022-11-28T07:39:00.364+0000] {processor.py:154} INFO - Started process (PID=162) to work on /opt/airflow/dags/dag_train_process.py
[2022-11-28T07:39:00.421+0000] {processor.py:756} INFO - Processing file /opt/airflow/dags/dag_train_process.py for tasks to queue
[2022-11-28T07:39:00.463+0000] {logging_mixin.py:137} INFO - [2022-11-28T07:39:00.461+0000] {dagbag.py:537} INFO - Filling up the DagBag from /opt/airflow/dags/dag_train_process.py
[2022-11-28T07:39:33.000+0000] {logging_mixin.py:137} INFO - [2022-11-28T07:39:32.712+0000] {timeout.py:68} ERROR - Process timed out, PID: 162
[2022-11-28T07:39:36.383+0000] {logging_mixin.py:137} INFO - [2022-11-28T07:39:33.374+0000] {dagbag.py:342} ERROR - Failed to import: /opt/airflow/dags/dag_train_process.py
Traceback (most recent call last):
  File "/home/airflow/.local/lib/python3.7/site-packages/airflow/models/dagbag.py", line 338, in parse
    loader.exec_module(new_module)
  File "<frozen importlib._bootstrap_external>", line 728, in exec_module
  File "<frozen importlib._bootstrap>", line 219, in _call_with_frames_removed
  File "/opt/airflow/dags/dag_train_process.py", line 4, in <module>
    from packages.training_process import prepare_data, splitter, trainer, plotter
  File "/opt/airflow/dags/packages/training_process.py", line 1, in <module>
    from sklearn.model_selection import train_test_split
  File "/home/airflow/.local/lib/python3.7/site-packages/sklearn/__init__.py", line 82, in <module>
    from .base import clone
  File "/home/airflow/.local/lib/python3.7/site-packages/sklearn/base.py", line 17, in <module>
    from .utils import _IS_32BIT
  File "/home/airflow/.local/lib/python3.7/site-packages/sklearn/utils/__init__.py", line 28, in <module>
    from .fixes import np_version, parse_version
  File "/home/airflow/.local/lib/python3.7/site-packages/sklearn/utils/fixes.py", line 20, in <module>
    import scipy.stats
  File "/home/airflow/.local/lib/python3.7/site-packages/scipy/stats/__init__.py", line 441, in <module>
    from .stats import *
  File "/home/airflow/.local/lib/python3.7/site-packages/scipy/stats/stats.py", line 37, in <module>
    from scipy.spatial.distance import cdist
  File "/home/airflow/.local/lib/python3.7/site-packages/scipy/spatial/__init__.py", line 101, in <module>
    from ._procrustes import procrustes
  File "/home/airflow/.local/lib/python3.7/site-packages/scipy/spatial/_procrustes.py", line 9, in <module>
    from scipy.linalg import orthogonal_procrustes
  File "/home/airflow/.local/lib/python3.7/site-packages/scipy/linalg/__init__.py", line 212, in <module>
    from ._decomp_update import *
  File "_decomp_update.pyx", line 1, in init scipy.linalg._decomp_update
  File "<frozen importlib._bootstrap>", line 416, in parent
  File "/home/airflow/.local/lib/python3.7/site-packages/airflow/utils/timeout.py", line 69, in handle_timeout
    raise AirflowTaskTimeout(self.error_message)
airflow.exceptions.AirflowTaskTimeout: DagBag import timeout for /opt/airflow/dags/dag_train_process.py after 30.0s.
Please take a look at these docs to improve your DAG import time:
* https://airflow.apache.org/docs/apache-airflow/2.4.3/best-practices.html#top-level-python-code
* https://airflow.apache.org/docs/apache-airflow/2.4.3/best-practices.html#reducing-dag-complexity, PID: 162
[2022-11-28T07:39:46.843+0000] {processor.py:768} WARNING - No viable dags retrieved from /opt/airflow/dags/dag_train_process.py
[2022-11-28T07:42:46.605+0000] {processor.py:154} INFO - Started process (PID=196) to work on /opt/airflow/dags/dag_train_process.py
[2022-11-28T07:42:48.190+0000] {processor.py:756} INFO - Processing file /opt/airflow/dags/dag_train_process.py for tasks to queue
[2022-11-28T07:42:49.504+0000] {logging_mixin.py:137} INFO - [2022-11-28T07:42:49.356+0000] {dagbag.py:537} INFO - Filling up the DagBag from /opt/airflow/dags/dag_train_process.py
[2022-11-28T07:43:22.652+0000] {logging_mixin.py:137} INFO - [2022-11-28T07:43:22.311+0000] {timeout.py:68} ERROR - Process timed out, PID: 196
[2022-11-28T07:43:24.214+0000] {logging_mixin.py:137} INFO - [2022-11-28T07:43:23.012+0000] {dagbag.py:342} ERROR - Failed to import: /opt/airflow/dags/dag_train_process.py
Traceback (most recent call last):
  File "/home/airflow/.local/lib/python3.7/site-packages/airflow/models/dagbag.py", line 338, in parse
    loader.exec_module(new_module)
  File "<frozen importlib._bootstrap_external>", line 728, in exec_module
  File "<frozen importlib._bootstrap>", line 219, in _call_with_frames_removed
  File "/opt/airflow/dags/dag_train_process.py", line 4, in <module>
    from packages.training_process import prepare_data, splitter, trainer, plotter
  File "/opt/airflow/dags/packages/training_process.py", line 1, in <module>
    from sklearn.model_selection import train_test_split
  File "/home/airflow/.local/lib/python3.7/site-packages/sklearn/__init__.py", line 82, in <module>
    from .base import clone
  File "/home/airflow/.local/lib/python3.7/site-packages/sklearn/base.py", line 17, in <module>
    from .utils import _IS_32BIT
  File "/home/airflow/.local/lib/python3.7/site-packages/sklearn/utils/__init__.py", line 21, in <module>
    from scipy.sparse import issparse
  File "/home/airflow/.local/lib/python3.7/site-packages/scipy/sparse/__init__.py", line 230, in <module>
    from .lil import *
  File "/home/airflow/.local/lib/python3.7/site-packages/scipy/sparse/lil.py", line 17, in <module>
    from . import _csparsetools
  File "/home/airflow/.local/lib/python3.7/site-packages/airflow/utils/timeout.py", line 69, in handle_timeout
    raise AirflowTaskTimeout(self.error_message)
airflow.exceptions.AirflowTaskTimeout: DagBag import timeout for /opt/airflow/dags/dag_train_process.py after 30.0s.
Please take a look at these docs to improve your DAG import time:
* https://airflow.apache.org/docs/apache-airflow/2.4.3/best-practices.html#top-level-python-code
* https://airflow.apache.org/docs/apache-airflow/2.4.3/best-practices.html#reducing-dag-complexity, PID: 196
[2022-11-28T07:43:25.326+0000] {processor.py:768} WARNING - No viable dags retrieved from /opt/airflow/dags/dag_train_process.py
[2022-11-28T07:43:46.587+0000] {processor.py:154} INFO - Started process (PID=222) to work on /opt/airflow/dags/dag_train_process.py
[2022-11-28T07:43:47.244+0000] {processor.py:756} INFO - Processing file /opt/airflow/dags/dag_train_process.py for tasks to queue
[2022-11-28T07:43:49.399+0000] {logging_mixin.py:137} INFO - [2022-11-28T07:43:48.799+0000] {dagbag.py:537} INFO - Filling up the DagBag from /opt/airflow/dags/dag_train_process.py
[2022-11-28T07:44:28.687+0000] {logging_mixin.py:137} INFO - [2022-11-28T07:44:28.043+0000] {timeout.py:68} ERROR - Process timed out, PID: 222
[2022-11-28T07:44:30.754+0000] {logging_mixin.py:137} INFO - [2022-11-28T07:44:28.726+0000] {dagbag.py:342} ERROR - Failed to import: /opt/airflow/dags/dag_train_process.py
Traceback (most recent call last):
  File "/home/airflow/.local/lib/python3.7/site-packages/airflow/models/dagbag.py", line 338, in parse
    loader.exec_module(new_module)
  File "<frozen importlib._bootstrap_external>", line 728, in exec_module
  File "<frozen importlib._bootstrap>", line 219, in _call_with_frames_removed
  File "/opt/airflow/dags/dag_train_process.py", line 4, in <module>
    from packages.training_process import prepare_data, splitter, trainer, plotter
  File "/opt/airflow/dags/packages/training_process.py", line 1, in <module>
    from sklearn.model_selection import train_test_split
  File "<frozen importlib._bootstrap>", line 983, in _find_and_load
  File "<frozen importlib._bootstrap>", line 967, in _find_and_load_unlocked
  File "<frozen importlib._bootstrap>", line 677, in _load_unlocked
  File "<frozen importlib._bootstrap_external>", line 724, in exec_module
  File "<frozen importlib._bootstrap_external>", line 857, in get_code
  File "<frozen importlib._bootstrap_external>", line 525, in _compile_bytecode
  File "/home/airflow/.local/lib/python3.7/site-packages/airflow/utils/timeout.py", line 69, in handle_timeout
    raise AirflowTaskTimeout(self.error_message)
airflow.exceptions.AirflowTaskTimeout: DagBag import timeout for /opt/airflow/dags/dag_train_process.py after 30.0s.
Please take a look at these docs to improve your DAG import time:
* https://airflow.apache.org/docs/apache-airflow/2.4.3/best-practices.html#top-level-python-code
* https://airflow.apache.org/docs/apache-airflow/2.4.3/best-practices.html#reducing-dag-complexity, PID: 222
[2022-11-28T07:44:37.359+0000] {processor.py:768} WARNING - No viable dags retrieved from /opt/airflow/dags/dag_train_process.py
[2022-11-28T13:01:40.693+0000] {processor.py:176} INFO - Processing /opt/airflow/dags/dag_train_process.py took 277.472 seconds
[2022-11-28T13:03:44.317+0000] {processor.py:154} INFO - Started process (PID=284) to work on /opt/airflow/dags/dag_train_process.py
[2022-11-28T13:03:46.335+0000] {processor.py:756} INFO - Processing file /opt/airflow/dags/dag_train_process.py for tasks to queue
[2022-11-28T13:03:53.144+0000] {logging_mixin.py:137} INFO - [2022-11-28T13:03:50.966+0000] {dagbag.py:537} INFO - Filling up the DagBag from /opt/airflow/dags/dag_train_process.py
[2022-11-28T13:04:34.191+0000] {logging_mixin.py:137} INFO - [2022-11-28T13:04:31.033+0000] {timeout.py:68} ERROR - Process timed out, PID: 284
[2022-11-28T13:04:44.743+0000] {logging_mixin.py:137} INFO - [2022-11-28T13:04:38.510+0000] {dagbag.py:342} ERROR - Failed to import: /opt/airflow/dags/dag_train_process.py
Traceback (most recent call last):
  File "/home/airflow/.local/lib/python3.7/site-packages/airflow/models/dagbag.py", line 338, in parse
    loader.exec_module(new_module)
  File "<frozen importlib._bootstrap_external>", line 728, in exec_module
  File "<frozen importlib._bootstrap>", line 219, in _call_with_frames_removed
  File "/opt/airflow/dags/dag_train_process.py", line 4, in <module>
    from packages.training_process import prepare_data, splitter, trainer, plotter
  File "<frozen importlib._bootstrap>", line 983, in _find_and_load
  File "<frozen importlib._bootstrap>", line 963, in _find_and_load_unlocked
  File "<frozen importlib._bootstrap>", line 906, in _find_spec
  File "<frozen importlib._bootstrap_external>", line 1280, in find_spec
  File "<frozen importlib._bootstrap_external>", line 1246, in _get_spec
  File "/home/airflow/.local/lib/python3.7/site-packages/airflow/utils/timeout.py", line 69, in handle_timeout
    raise AirflowTaskTimeout(self.error_message)
airflow.exceptions.AirflowTaskTimeout: DagBag import timeout for /opt/airflow/dags/dag_train_process.py after 30.0s.
Please take a look at these docs to improve your DAG import time:
* https://airflow.apache.org/docs/apache-airflow/2.4.3/best-practices.html#top-level-python-code
* https://airflow.apache.org/docs/apache-airflow/2.4.3/best-practices.html#reducing-dag-complexity, PID: 284
[2022-11-28T13:04:48.075+0000] {processor.py:768} WARNING - No viable dags retrieved from /opt/airflow/dags/dag_train_process.py
[2022-11-28T13:06:43.845+0000] {processor.py:154} INFO - Started process (PID=348) to work on /opt/airflow/dags/dag_train_process.py
[2022-11-28T13:06:51.523+0000] {processor.py:756} INFO - Processing file /opt/airflow/dags/dag_train_process.py for tasks to queue
[2022-11-28T13:20:55.389+0000] {logging_mixin.py:137} INFO - [2022-11-28T13:06:58.114+0000] {dagbag.py:537} INFO - Filling up the DagBag from /opt/airflow/dags/dag_train_process.py
[2022-11-28T14:25:47.498+0000] {logging_mixin.py:137} INFO - [2022-11-28T14:25:19.810+0000] {timeout.py:68} ERROR - Process timed out, PID: 348
[2022-11-28T14:26:17.268+0000] {logging_mixin.py:137} INFO - [2022-11-28T14:25:56.047+0000] {dagbag.py:342} ERROR - Failed to import: /opt/airflow/dags/dag_train_process.py
Traceback (most recent call last):
  File "/home/airflow/.local/lib/python3.7/site-packages/airflow/models/dagbag.py", line 336, in parse
    new_module = importlib.util.module_from_spec(spec)
  File "<frozen importlib._bootstrap>", line 589, in module_from_spec
  File "<frozen importlib._bootstrap>", line 553, in _init_module_attrs
  File "/home/airflow/.local/lib/python3.7/site-packages/airflow/utils/timeout.py", line 69, in handle_timeout
    raise AirflowTaskTimeout(self.error_message)
airflow.exceptions.AirflowTaskTimeout: DagBag import timeout for /opt/airflow/dags/dag_train_process.py after 30.0s.
Please take a look at these docs to improve your DAG import time:
* https://airflow.apache.org/docs/apache-airflow/2.4.3/best-practices.html#top-level-python-code
* https://airflow.apache.org/docs/apache-airflow/2.4.3/best-practices.html#reducing-dag-complexity, PID: 348
[2022-11-28T14:26:19.524+0000] {processor.py:768} WARNING - No viable dags retrieved from /opt/airflow/dags/dag_train_process.py
