[2022-11-26T14:59:31.220+0000] {taskinstance.py:1165} INFO - Dependencies all met for <TaskInstance: data_predict_dag.data_predict scheduled__2022-11-25T00:00:00+00:00 [queued]>
[2022-11-26T14:59:31.233+0000] {taskinstance.py:1165} INFO - Dependencies all met for <TaskInstance: data_predict_dag.data_predict scheduled__2022-11-25T00:00:00+00:00 [queued]>
[2022-11-26T14:59:31.233+0000] {taskinstance.py:1362} INFO - 
--------------------------------------------------------------------------------
[2022-11-26T14:59:31.234+0000] {taskinstance.py:1363} INFO - Starting attempt 5 of 5
[2022-11-26T14:59:31.235+0000] {taskinstance.py:1364} INFO - 
--------------------------------------------------------------------------------
[2022-11-26T14:59:31.246+0000] {taskinstance.py:1383} INFO - Executing <Task(PythonOperator): data_predict> on 2022-11-25 00:00:00+00:00
[2022-11-26T14:59:31.254+0000] {standard_task_runner.py:55} INFO - Started process 20032 to run task
[2022-11-26T14:59:31.266+0000] {standard_task_runner.py:82} INFO - Running: ['***', 'tasks', 'run', 'data_predict_dag', 'data_predict', 'scheduled__2022-11-25T00:00:00+00:00', '--job-id', '494', '--raw', '--subdir', 'DAGS_FOLDER/dag_predict_proccess.py', '--cfg-path', '/tmp/tmppsbeyhw6']
[2022-11-26T14:59:31.270+0000] {standard_task_runner.py:83} INFO - Job 494: Subtask data_predict
[2022-11-26T14:59:31.393+0000] {task_command.py:376} INFO - Running <TaskInstance: data_predict_dag.data_predict scheduled__2022-11-25T00:00:00+00:00 [running]> on host 3151441c8efc
[2022-11-26T14:59:31.483+0000] {taskinstance.py:1592} INFO - Exporting the following env vars:
AIRFLOW_CTX_DAG_OWNER=***
AIRFLOW_CTX_DAG_ID=data_predict_dag
AIRFLOW_CTX_TASK_ID=data_predict
AIRFLOW_CTX_EXECUTION_DATE=2022-11-25T00:00:00+00:00
AIRFLOW_CTX_TRY_NUMBER=5
AIRFLOW_CTX_DAG_RUN_ID=scheduled__2022-11-25T00:00:00+00:00
[2022-11-26T14:59:31.598+0000] {local_task_job.py:159} INFO - Task exited with return code 1
[2022-11-26T14:59:31.629+0000] {taskinstance.py:2623} INFO - 0 downstream tasks scheduled from follow-on schedule check
