[2022-11-26T08:16:51.893+0000] {taskinstance.py:1165} INFO - Dependencies all met for <TaskInstance: data_predict_dag.data_predict scheduled__2022-11-25T00:00:00+00:00 [queued]>
[2022-11-26T08:16:51.906+0000] {taskinstance.py:1165} INFO - Dependencies all met for <TaskInstance: data_predict_dag.data_predict scheduled__2022-11-25T00:00:00+00:00 [queued]>
[2022-11-26T08:16:51.907+0000] {taskinstance.py:1362} INFO - 
--------------------------------------------------------------------------------
[2022-11-26T08:16:51.907+0000] {taskinstance.py:1363} INFO - Starting attempt 2 of 2
[2022-11-26T08:16:51.908+0000] {taskinstance.py:1364} INFO - 
--------------------------------------------------------------------------------
[2022-11-26T08:16:51.927+0000] {taskinstance.py:1383} INFO - Executing <Task(PythonOperator): data_predict> on 2022-11-25 00:00:00+00:00
[2022-11-26T08:16:51.946+0000] {standard_task_runner.py:55} INFO - Started process 925 to run task
[2022-11-26T08:16:51.956+0000] {standard_task_runner.py:82} INFO - Running: ['***', 'tasks', 'run', 'data_predict_dag', 'data_predict', 'scheduled__2022-11-25T00:00:00+00:00', '--job-id', '469', '--raw', '--subdir', 'DAGS_FOLDER/dag_predict_proccess.py', '--cfg-path', '/tmp/tmp23h5njx6']
[2022-11-26T08:16:51.960+0000] {standard_task_runner.py:83} INFO - Job 469: Subtask data_predict
[2022-11-26T08:16:52.098+0000] {task_command.py:376} INFO - Running <TaskInstance: data_predict_dag.data_predict scheduled__2022-11-25T00:00:00+00:00 [running]> on host 3151441c8efc
[2022-11-26T08:16:52.236+0000] {taskinstance.py:1592} INFO - Exporting the following env vars:
AIRFLOW_CTX_DAG_OWNER=***
AIRFLOW_CTX_DAG_ID=data_predict_dag
AIRFLOW_CTX_TASK_ID=data_predict
AIRFLOW_CTX_EXECUTION_DATE=2022-11-25T00:00:00+00:00
AIRFLOW_CTX_TRY_NUMBER=2
AIRFLOW_CTX_DAG_RUN_ID=scheduled__2022-11-25T00:00:00+00:00
[2022-11-26T08:16:52.288+0000] {local_task_job.py:159} INFO - Task exited with return code 1
[2022-11-26T08:16:52.306+0000] {taskinstance.py:2623} INFO - 0 downstream tasks scheduled from follow-on schedule check
[2022-11-26T15:20:27.080+0000] {taskinstance.py:1165} INFO - Dependencies all met for <TaskInstance: data_predict_dag.data_predict scheduled__2022-11-25T00:00:00+00:00 [queued]>
[2022-11-26T15:20:27.089+0000] {taskinstance.py:1165} INFO - Dependencies all met for <TaskInstance: data_predict_dag.data_predict scheduled__2022-11-25T00:00:00+00:00 [queued]>
[2022-11-26T15:20:27.090+0000] {taskinstance.py:1362} INFO - 
--------------------------------------------------------------------------------
[2022-11-26T15:20:27.091+0000] {taskinstance.py:1363} INFO - Starting attempt 2 of 2
[2022-11-26T15:20:27.091+0000] {taskinstance.py:1364} INFO - 
--------------------------------------------------------------------------------
[2022-11-26T15:20:27.103+0000] {taskinstance.py:1383} INFO - Executing <Task(PythonOperator): data_predict> on 2022-11-25 00:00:00+00:00
[2022-11-26T15:20:27.118+0000] {standard_task_runner.py:55} INFO - Started process 172 to run task
[2022-11-26T15:20:27.124+0000] {standard_task_runner.py:82} INFO - Running: ['***', 'tasks', 'run', 'data_predict_dag', 'data_predict', 'scheduled__2022-11-25T00:00:00+00:00', '--job-id', '9', '--raw', '--subdir', 'DAGS_FOLDER/dag_predict_proccess.py', '--cfg-path', '/tmp/tmptz34unfx']
[2022-11-26T15:20:27.127+0000] {standard_task_runner.py:83} INFO - Job 9: Subtask data_predict
[2022-11-26T15:20:27.201+0000] {task_command.py:376} INFO - Running <TaskInstance: data_predict_dag.data_predict scheduled__2022-11-25T00:00:00+00:00 [running]> on host 18e45f209dfb
[2022-11-26T15:20:27.254+0000] {taskinstance.py:1592} INFO - Exporting the following env vars:
AIRFLOW_CTX_DAG_OWNER=***
AIRFLOW_CTX_DAG_ID=data_predict_dag
AIRFLOW_CTX_TASK_ID=data_predict
AIRFLOW_CTX_EXECUTION_DATE=2022-11-25T00:00:00+00:00
AIRFLOW_CTX_TRY_NUMBER=2
AIRFLOW_CTX_DAG_RUN_ID=scheduled__2022-11-25T00:00:00+00:00
[2022-11-26T15:20:27.445+0000] {logging_mixin.py:137} INFO - 0.697
[2022-11-26T15:20:27.447+0000] {python.py:177} INFO - Done. Returned value was: None
[2022-11-26T15:20:27.478+0000] {taskinstance.py:1406} INFO - Marking task as SUCCESS. dag_id=data_predict_dag, task_id=data_predict, execution_date=20221125T000000, start_date=20221126T152027, end_date=20221126T152027
[2022-11-26T15:20:27.543+0000] {local_task_job.py:159} INFO - Task exited with return code 0
[2022-11-26T15:20:27.569+0000] {taskinstance.py:2623} INFO - 0 downstream tasks scheduled from follow-on schedule check
