[2022-11-26T12:57:17.997+0000] {taskinstance.py:1165} INFO - Dependencies all met for <TaskInstance: data_predict_dag.data_predict scheduled__2022-11-25T00:00:00+00:00 [queued]>
[2022-11-26T12:57:18.015+0000] {taskinstance.py:1165} INFO - Dependencies all met for <TaskInstance: data_predict_dag.data_predict scheduled__2022-11-25T00:00:00+00:00 [queued]>
[2022-11-26T12:57:18.017+0000] {taskinstance.py:1362} INFO - 
--------------------------------------------------------------------------------
[2022-11-26T12:57:18.017+0000] {taskinstance.py:1363} INFO - Starting attempt 3 of 3
[2022-11-26T12:57:18.018+0000] {taskinstance.py:1364} INFO - 
--------------------------------------------------------------------------------
[2022-11-26T12:57:18.035+0000] {taskinstance.py:1383} INFO - Executing <Task(PythonOperator): data_predict> on 2022-11-25 00:00:00+00:00
[2022-11-26T12:57:18.058+0000] {standard_task_runner.py:55} INFO - Started process 13962 to run task
[2022-11-26T12:57:18.067+0000] {standard_task_runner.py:82} INFO - Running: ['***', 'tasks', 'run', 'data_predict_dag', 'data_predict', 'scheduled__2022-11-25T00:00:00+00:00', '--job-id', '470', '--raw', '--subdir', 'DAGS_FOLDER/dag_predict_proccess.py', '--cfg-path', '/tmp/tmpxok4cy7l']
[2022-11-26T12:57:18.073+0000] {standard_task_runner.py:83} INFO - Job 470: Subtask data_predict
[2022-11-26T12:57:18.169+0000] {task_command.py:376} INFO - Running <TaskInstance: data_predict_dag.data_predict scheduled__2022-11-25T00:00:00+00:00 [running]> on host 3151441c8efc
[2022-11-26T12:57:18.230+0000] {taskinstance.py:1592} INFO - Exporting the following env vars:
AIRFLOW_CTX_DAG_OWNER=***
AIRFLOW_CTX_DAG_ID=data_predict_dag
AIRFLOW_CTX_TASK_ID=data_predict
AIRFLOW_CTX_EXECUTION_DATE=2022-11-25T00:00:00+00:00
AIRFLOW_CTX_TRY_NUMBER=3
AIRFLOW_CTX_DAG_RUN_ID=scheduled__2022-11-25T00:00:00+00:00
[2022-11-26T12:57:18.277+0000] {local_task_job.py:159} INFO - Task exited with return code 1
[2022-11-26T12:57:18.297+0000] {taskinstance.py:2623} INFO - 0 downstream tasks scheduled from follow-on schedule check
