[2022-11-30T12:28:03.773+0000] {taskinstance.py:1165} INFO - Dependencies all met for <TaskInstance: data_generator_dag.data_generation scheduled__2022-11-29T00:00:00+00:00 [queued]>
[2022-11-30T12:28:03.918+0000] {taskinstance.py:1165} INFO - Dependencies all met for <TaskInstance: data_generator_dag.data_generation scheduled__2022-11-29T00:00:00+00:00 [queued]>
[2022-11-30T12:28:03.921+0000] {taskinstance.py:1362} INFO - 
--------------------------------------------------------------------------------
[2022-11-30T12:28:03.926+0000] {taskinstance.py:1363} INFO - Starting attempt 1 of 1
[2022-11-30T12:28:03.943+0000] {taskinstance.py:1364} INFO - 
--------------------------------------------------------------------------------
[2022-11-30T12:28:04.125+0000] {taskinstance.py:1383} INFO - Executing <Task(PythonOperator): data_generation> on 2022-11-29 00:00:00+00:00
[2022-11-30T12:28:04.172+0000] {standard_task_runner.py:55} INFO - Started process 72 to run task
[2022-11-30T12:28:04.243+0000] {standard_task_runner.py:82} INFO - Running: ['***', 'tasks', 'run', 'data_generator_dag', 'data_generation', 'scheduled__2022-11-29T00:00:00+00:00', '--job-id', '43', '--raw', '--subdir', 'DAGS_FOLDER/dag_generate_data.py', '--cfg-path', '/tmp/tmp8c149f8r']
[2022-11-30T12:28:04.256+0000] {standard_task_runner.py:83} INFO - Job 43: Subtask data_generation
[2022-11-30T12:28:04.745+0000] {task_command.py:376} INFO - Running <TaskInstance: data_generator_dag.data_generation scheduled__2022-11-29T00:00:00+00:00 [running]> on host 18e45f209dfb
[2022-11-30T12:28:05.595+0000] {taskinstance.py:1592} INFO - Exporting the following env vars:
AIRFLOW_CTX_DAG_OWNER=***
AIRFLOW_CTX_DAG_ID=data_generator_dag
AIRFLOW_CTX_TASK_ID=data_generation
AIRFLOW_CTX_EXECUTION_DATE=2022-11-29T00:00:00+00:00
AIRFLOW_CTX_TRY_NUMBER=1
AIRFLOW_CTX_DAG_RUN_ID=scheduled__2022-11-29T00:00:00+00:00
[2022-11-30T12:28:05.662+0000] {logging_mixin.py:137} INFO - current spot /opt/***
[2022-11-30T12:28:05.664+0000] {logging_mixin.py:137} INFO - current files ['dags', 'logs', '***-worker.pid', 'plugins', '***.cfg', 'webserver_config.py', '{PATH_PREICT}predictions.csv']
[2022-11-30T12:28:06.300+0000] {python.py:177} INFO - Done. Returned value was: None
[2022-11-30T12:28:06.536+0000] {taskinstance.py:1406} INFO - Marking task as SUCCESS. dag_id=data_generator_dag, task_id=data_generation, execution_date=20221129T000000, start_date=20221130T122803, end_date=20221130T122806
[2022-11-30T12:28:07.104+0000] {local_task_job.py:159} INFO - Task exited with return code 0
[2022-11-30T12:28:07.663+0000] {taskinstance.py:2623} INFO - 0 downstream tasks scheduled from follow-on schedule check
