[2022-11-25T05:28:39.290+0000] {processor.py:154} INFO - Started process (PID=144) to work on /home/airflow/.local/lib/python3.7/site-packages/airflow/example_dags/example_skip_dag.py
[2022-11-25T05:28:40.073+0000] {processor.py:756} INFO - Processing file /home/airflow/.local/lib/python3.7/site-packages/airflow/example_dags/example_skip_dag.py for tasks to queue
[2022-11-25T05:28:49.544+0000] {logging_mixin.py:137} INFO - [2022-11-25T05:28:46.991+0000] {dagbag.py:537} INFO - Filling up the DagBag from /home/airflow/.local/lib/python3.7/site-packages/airflow/example_dags/example_skip_dag.py
[2022-11-25T06:20:33.141+0000] {processor.py:154} INFO - Started process (PID=70) to work on /home/airflow/.local/lib/python3.7/site-packages/airflow/example_dags/example_skip_dag.py
[2022-11-25T06:20:33.144+0000] {processor.py:756} INFO - Processing file /home/airflow/.local/lib/python3.7/site-packages/airflow/example_dags/example_skip_dag.py for tasks to queue
[2022-11-25T06:20:33.145+0000] {logging_mixin.py:137} INFO - [2022-11-25T06:20:33.145+0000] {dagbag.py:537} INFO - Filling up the DagBag from /home/airflow/.local/lib/python3.7/site-packages/airflow/example_dags/example_skip_dag.py
[2022-11-25T06:20:33.156+0000] {processor.py:766} INFO - DAG(s) dict_keys(['example_skip_dag']) retrieved from /home/airflow/.local/lib/python3.7/site-packages/airflow/example_dags/example_skip_dag.py
[2022-11-25T06:20:33.306+0000] {logging_mixin.py:137} INFO - [2022-11-25T06:20:33.306+0000] {manager.py:507} INFO - Created Permission View: can read on DAG:example_skip_dag
[2022-11-25T06:20:33.321+0000] {logging_mixin.py:137} INFO - [2022-11-25T06:20:33.321+0000] {manager.py:507} INFO - Created Permission View: can edit on DAG:example_skip_dag
[2022-11-25T06:20:33.328+0000] {logging_mixin.py:137} INFO - [2022-11-25T06:20:33.328+0000] {manager.py:507} INFO - Created Permission View: can delete on DAG:example_skip_dag
[2022-11-25T06:20:33.329+0000] {logging_mixin.py:137} INFO - [2022-11-25T06:20:33.329+0000] {dag.py:2585} INFO - Sync 1 DAGs
[2022-11-25T06:20:33.343+0000] {logging_mixin.py:137} INFO - [2022-11-25T06:20:33.343+0000] {dag.py:2606} INFO - Creating ORM DAG for example_skip_dag
[2022-11-25T06:20:33.356+0000] {logging_mixin.py:137} INFO - [2022-11-25T06:20:33.356+0000] {dag.py:3340} INFO - Setting next_dagrun for example_skip_dag to 2022-11-24T06:20:33.356056+00:00, run_after=2022-11-25T06:20:33.356056+00:00
[2022-11-25T06:20:33.379+0000] {processor.py:176} INFO - Processing /home/airflow/.local/lib/python3.7/site-packages/airflow/example_dags/example_skip_dag.py took 0.240 seconds
[2022-11-25T06:21:04.203+0000] {processor.py:154} INFO - Started process (PID=138) to work on /home/airflow/.local/lib/python3.7/site-packages/airflow/example_dags/example_skip_dag.py
[2022-11-25T06:21:04.205+0000] {processor.py:756} INFO - Processing file /home/airflow/.local/lib/python3.7/site-packages/airflow/example_dags/example_skip_dag.py for tasks to queue
[2022-11-25T06:21:04.206+0000] {logging_mixin.py:137} INFO - [2022-11-25T06:21:04.206+0000] {dagbag.py:537} INFO - Filling up the DagBag from /home/airflow/.local/lib/python3.7/site-packages/airflow/example_dags/example_skip_dag.py
[2022-11-25T06:21:04.218+0000] {processor.py:766} INFO - DAG(s) dict_keys(['example_skip_dag']) retrieved from /home/airflow/.local/lib/python3.7/site-packages/airflow/example_dags/example_skip_dag.py
[2022-11-25T06:21:04.249+0000] {logging_mixin.py:137} INFO - [2022-11-25T06:21:04.249+0000] {dag.py:2585} INFO - Sync 1 DAGs
[2022-11-25T06:21:04.264+0000] {logging_mixin.py:137} INFO - [2022-11-25T06:21:04.264+0000] {dag.py:3340} INFO - Setting next_dagrun for example_skip_dag to 2022-11-24T06:21:04.264202+00:00, run_after=2022-11-25T06:21:04.264202+00:00
[2022-11-25T06:21:04.281+0000] {processor.py:176} INFO - Processing /home/airflow/.local/lib/python3.7/site-packages/airflow/example_dags/example_skip_dag.py took 0.080 seconds
[2022-11-25T06:21:35.162+0000] {processor.py:154} INFO - Started process (PID=207) to work on /home/airflow/.local/lib/python3.7/site-packages/airflow/example_dags/example_skip_dag.py
[2022-11-25T06:21:35.165+0000] {processor.py:756} INFO - Processing file /home/airflow/.local/lib/python3.7/site-packages/airflow/example_dags/example_skip_dag.py for tasks to queue
[2022-11-25T06:21:35.166+0000] {logging_mixin.py:137} INFO - [2022-11-25T06:21:35.166+0000] {dagbag.py:537} INFO - Filling up the DagBag from /home/airflow/.local/lib/python3.7/site-packages/airflow/example_dags/example_skip_dag.py
[2022-11-25T06:21:35.178+0000] {processor.py:766} INFO - DAG(s) dict_keys(['example_skip_dag']) retrieved from /home/airflow/.local/lib/python3.7/site-packages/airflow/example_dags/example_skip_dag.py
[2022-11-25T06:21:35.212+0000] {logging_mixin.py:137} INFO - [2022-11-25T06:21:35.212+0000] {dag.py:2585} INFO - Sync 1 DAGs
[2022-11-25T06:21:35.239+0000] {logging_mixin.py:137} INFO - [2022-11-25T06:21:35.239+0000] {dag.py:3340} INFO - Setting next_dagrun for example_skip_dag to 2022-11-24T06:21:35.239559+00:00, run_after=2022-11-25T06:21:35.239559+00:00
[2022-11-25T06:21:35.273+0000] {processor.py:176} INFO - Processing /home/airflow/.local/lib/python3.7/site-packages/airflow/example_dags/example_skip_dag.py took 0.114 seconds
[2022-11-25T06:22:05.395+0000] {processor.py:154} INFO - Started process (PID=276) to work on /home/airflow/.local/lib/python3.7/site-packages/airflow/example_dags/example_skip_dag.py
[2022-11-25T06:22:05.397+0000] {processor.py:756} INFO - Processing file /home/airflow/.local/lib/python3.7/site-packages/airflow/example_dags/example_skip_dag.py for tasks to queue
[2022-11-25T06:22:05.400+0000] {logging_mixin.py:137} INFO - [2022-11-25T06:22:05.399+0000] {dagbag.py:537} INFO - Filling up the DagBag from /home/airflow/.local/lib/python3.7/site-packages/airflow/example_dags/example_skip_dag.py
[2022-11-25T06:22:05.413+0000] {processor.py:766} INFO - DAG(s) dict_keys(['example_skip_dag']) retrieved from /home/airflow/.local/lib/python3.7/site-packages/airflow/example_dags/example_skip_dag.py
[2022-11-25T06:22:05.453+0000] {logging_mixin.py:137} INFO - [2022-11-25T06:22:05.453+0000] {dag.py:2585} INFO - Sync 1 DAGs
[2022-11-25T06:22:05.478+0000] {logging_mixin.py:137} INFO - [2022-11-25T06:22:05.478+0000] {dag.py:3340} INFO - Setting next_dagrun for example_skip_dag to 2022-11-24T06:22:05.478555+00:00, run_after=2022-11-25T06:22:05.478555+00:00
[2022-11-25T06:22:05.498+0000] {processor.py:176} INFO - Processing /home/airflow/.local/lib/python3.7/site-packages/airflow/example_dags/example_skip_dag.py took 0.107 seconds
[2022-11-25T06:22:36.475+0000] {processor.py:154} INFO - Started process (PID=335) to work on /home/airflow/.local/lib/python3.7/site-packages/airflow/example_dags/example_skip_dag.py
[2022-11-25T06:22:36.480+0000] {processor.py:756} INFO - Processing file /home/airflow/.local/lib/python3.7/site-packages/airflow/example_dags/example_skip_dag.py for tasks to queue
[2022-11-25T06:22:36.486+0000] {logging_mixin.py:137} INFO - [2022-11-25T06:22:36.486+0000] {dagbag.py:537} INFO - Filling up the DagBag from /home/airflow/.local/lib/python3.7/site-packages/airflow/example_dags/example_skip_dag.py
[2022-11-25T06:22:36.523+0000] {processor.py:766} INFO - DAG(s) dict_keys(['example_skip_dag']) retrieved from /home/airflow/.local/lib/python3.7/site-packages/airflow/example_dags/example_skip_dag.py
[2022-11-25T06:22:36.559+0000] {logging_mixin.py:137} INFO - [2022-11-25T06:22:36.559+0000] {dag.py:2585} INFO - Sync 1 DAGs
[2022-11-25T06:22:36.581+0000] {logging_mixin.py:137} INFO - [2022-11-25T06:22:36.580+0000] {dag.py:3340} INFO - Setting next_dagrun for example_skip_dag to 2022-11-24T06:22:36.580614+00:00, run_after=2022-11-25T06:22:36.580614+00:00
[2022-11-25T06:22:36.598+0000] {processor.py:176} INFO - Processing /home/airflow/.local/lib/python3.7/site-packages/airflow/example_dags/example_skip_dag.py took 0.126 seconds
[2022-11-25T06:23:07.036+0000] {processor.py:154} INFO - Started process (PID=402) to work on /home/airflow/.local/lib/python3.7/site-packages/airflow/example_dags/example_skip_dag.py
[2022-11-25T06:23:07.040+0000] {processor.py:756} INFO - Processing file /home/airflow/.local/lib/python3.7/site-packages/airflow/example_dags/example_skip_dag.py for tasks to queue
[2022-11-25T06:23:07.050+0000] {logging_mixin.py:137} INFO - [2022-11-25T06:23:07.049+0000] {dagbag.py:537} INFO - Filling up the DagBag from /home/airflow/.local/lib/python3.7/site-packages/airflow/example_dags/example_skip_dag.py
[2022-11-25T06:23:07.070+0000] {processor.py:766} INFO - DAG(s) dict_keys(['example_skip_dag']) retrieved from /home/airflow/.local/lib/python3.7/site-packages/airflow/example_dags/example_skip_dag.py
[2022-11-25T06:23:07.125+0000] {logging_mixin.py:137} INFO - [2022-11-25T06:23:07.125+0000] {dag.py:2585} INFO - Sync 1 DAGs
[2022-11-25T06:23:07.160+0000] {logging_mixin.py:137} INFO - [2022-11-25T06:23:07.160+0000] {dag.py:3340} INFO - Setting next_dagrun for example_skip_dag to 2022-11-24T06:23:07.160400+00:00, run_after=2022-11-25T06:23:07.160400+00:00
[2022-11-25T06:23:07.176+0000] {processor.py:176} INFO - Processing /home/airflow/.local/lib/python3.7/site-packages/airflow/example_dags/example_skip_dag.py took 0.145 seconds
[2022-11-25T06:23:37.358+0000] {processor.py:154} INFO - Started process (PID=470) to work on /home/airflow/.local/lib/python3.7/site-packages/airflow/example_dags/example_skip_dag.py
[2022-11-25T06:23:37.362+0000] {processor.py:756} INFO - Processing file /home/airflow/.local/lib/python3.7/site-packages/airflow/example_dags/example_skip_dag.py for tasks to queue
[2022-11-25T06:23:37.365+0000] {logging_mixin.py:137} INFO - [2022-11-25T06:23:37.365+0000] {dagbag.py:537} INFO - Filling up the DagBag from /home/airflow/.local/lib/python3.7/site-packages/airflow/example_dags/example_skip_dag.py
[2022-11-25T06:23:37.385+0000] {processor.py:766} INFO - DAG(s) dict_keys(['example_skip_dag']) retrieved from /home/airflow/.local/lib/python3.7/site-packages/airflow/example_dags/example_skip_dag.py
[2022-11-25T06:23:37.439+0000] {logging_mixin.py:137} INFO - [2022-11-25T06:23:37.438+0000] {dag.py:2585} INFO - Sync 1 DAGs
[2022-11-25T06:23:37.466+0000] {logging_mixin.py:137} INFO - [2022-11-25T06:23:37.466+0000] {dag.py:3340} INFO - Setting next_dagrun for example_skip_dag to 2022-11-24T06:23:37.466342+00:00, run_after=2022-11-25T06:23:37.466342+00:00
[2022-11-25T06:23:37.497+0000] {processor.py:176} INFO - Processing /home/airflow/.local/lib/python3.7/site-packages/airflow/example_dags/example_skip_dag.py took 0.143 seconds
[2022-11-25T06:24:08.407+0000] {processor.py:154} INFO - Started process (PID=538) to work on /home/airflow/.local/lib/python3.7/site-packages/airflow/example_dags/example_skip_dag.py
[2022-11-25T06:24:08.410+0000] {processor.py:756} INFO - Processing file /home/airflow/.local/lib/python3.7/site-packages/airflow/example_dags/example_skip_dag.py for tasks to queue
[2022-11-25T06:24:08.411+0000] {logging_mixin.py:137} INFO - [2022-11-25T06:24:08.411+0000] {dagbag.py:537} INFO - Filling up the DagBag from /home/airflow/.local/lib/python3.7/site-packages/airflow/example_dags/example_skip_dag.py
[2022-11-25T06:24:08.423+0000] {processor.py:766} INFO - DAG(s) dict_keys(['example_skip_dag']) retrieved from /home/airflow/.local/lib/python3.7/site-packages/airflow/example_dags/example_skip_dag.py
[2022-11-25T06:24:08.467+0000] {logging_mixin.py:137} INFO - [2022-11-25T06:24:08.467+0000] {dag.py:2585} INFO - Sync 1 DAGs
[2022-11-25T06:24:08.491+0000] {logging_mixin.py:137} INFO - [2022-11-25T06:24:08.491+0000] {dag.py:3340} INFO - Setting next_dagrun for example_skip_dag to 2022-11-24T06:24:08.491359+00:00, run_after=2022-11-25T06:24:08.491359+00:00
[2022-11-25T06:24:08.509+0000] {processor.py:176} INFO - Processing /home/airflow/.local/lib/python3.7/site-packages/airflow/example_dags/example_skip_dag.py took 0.106 seconds
[2022-11-25T06:24:39.416+0000] {processor.py:154} INFO - Started process (PID=596) to work on /home/airflow/.local/lib/python3.7/site-packages/airflow/example_dags/example_skip_dag.py
[2022-11-25T06:24:39.418+0000] {processor.py:756} INFO - Processing file /home/airflow/.local/lib/python3.7/site-packages/airflow/example_dags/example_skip_dag.py for tasks to queue
[2022-11-25T06:24:39.419+0000] {logging_mixin.py:137} INFO - [2022-11-25T06:24:39.419+0000] {dagbag.py:537} INFO - Filling up the DagBag from /home/airflow/.local/lib/python3.7/site-packages/airflow/example_dags/example_skip_dag.py
[2022-11-25T06:24:39.431+0000] {processor.py:766} INFO - DAG(s) dict_keys(['example_skip_dag']) retrieved from /home/airflow/.local/lib/python3.7/site-packages/airflow/example_dags/example_skip_dag.py
[2022-11-25T06:24:39.464+0000] {logging_mixin.py:137} INFO - [2022-11-25T06:24:39.463+0000] {dag.py:2585} INFO - Sync 1 DAGs
[2022-11-25T06:24:39.480+0000] {logging_mixin.py:137} INFO - [2022-11-25T06:24:39.480+0000] {dag.py:3340} INFO - Setting next_dagrun for example_skip_dag to 2022-11-24T06:24:39.479988+00:00, run_after=2022-11-25T06:24:39.479988+00:00
[2022-11-25T06:24:39.493+0000] {processor.py:176} INFO - Processing /home/airflow/.local/lib/python3.7/site-packages/airflow/example_dags/example_skip_dag.py took 0.079 seconds
