[2022-11-25T05:25:42.932+0000] {processor.py:154} INFO - Started process (PID=76) to work on /home/airflow/.local/lib/python3.7/site-packages/airflow/example_dags/example_time_delta_sensor_async.py
[2022-11-25T05:25:42.962+0000] {processor.py:756} INFO - Processing file /home/airflow/.local/lib/python3.7/site-packages/airflow/example_dags/example_time_delta_sensor_async.py for tasks to queue
[2022-11-25T05:25:42.968+0000] {logging_mixin.py:137} INFO - [2022-11-25T05:25:42.968+0000] {dagbag.py:537} INFO - Filling up the DagBag from /home/airflow/.local/lib/python3.7/site-packages/airflow/example_dags/example_time_delta_sensor_async.py
[2022-11-25T05:25:43.979+0000] {processor.py:766} INFO - DAG(s) dict_keys(['example_time_delta_sensor_async']) retrieved from /home/airflow/.local/lib/python3.7/site-packages/airflow/example_dags/example_time_delta_sensor_async.py
[2022-11-25T05:25:56.329+0000] {logging_mixin.py:137} INFO - [2022-11-25T05:25:56.318+0000] {dag.py:2585} INFO - Sync 1 DAGs
[2022-11-25T05:26:00.166+0000] {logging_mixin.py:137} INFO - [2022-11-25T05:26:00.147+0000] {dag.py:3340} INFO - Setting next_dagrun for example_time_delta_sensor_async to None, run_after=None
[2022-11-25T05:26:02.470+0000] {processor.py:176} INFO - Processing /home/airflow/.local/lib/python3.7/site-packages/airflow/example_dags/example_time_delta_sensor_async.py took 19.771 seconds
[2022-11-25T06:20:31.893+0000] {processor.py:154} INFO - Started process (PID=60) to work on /home/airflow/.local/lib/python3.7/site-packages/airflow/example_dags/example_time_delta_sensor_async.py
[2022-11-25T06:20:31.895+0000] {processor.py:756} INFO - Processing file /home/airflow/.local/lib/python3.7/site-packages/airflow/example_dags/example_time_delta_sensor_async.py for tasks to queue
[2022-11-25T06:20:31.897+0000] {logging_mixin.py:137} INFO - [2022-11-25T06:20:31.897+0000] {dagbag.py:537} INFO - Filling up the DagBag from /home/airflow/.local/lib/python3.7/site-packages/airflow/example_dags/example_time_delta_sensor_async.py
[2022-11-25T06:20:31.911+0000] {processor.py:766} INFO - DAG(s) dict_keys(['example_time_delta_sensor_async']) retrieved from /home/airflow/.local/lib/python3.7/site-packages/airflow/example_dags/example_time_delta_sensor_async.py
[2022-11-25T06:20:32.229+0000] {logging_mixin.py:137} INFO - [2022-11-25T06:20:32.229+0000] {manager.py:507} INFO - Created Permission View: can read on DAG:example_time_delta_sensor_async
[2022-11-25T06:20:32.242+0000] {logging_mixin.py:137} INFO - [2022-11-25T06:20:32.241+0000] {manager.py:507} INFO - Created Permission View: can edit on DAG:example_time_delta_sensor_async
[2022-11-25T06:20:32.250+0000] {logging_mixin.py:137} INFO - [2022-11-25T06:20:32.250+0000] {manager.py:507} INFO - Created Permission View: can delete on DAG:example_time_delta_sensor_async
[2022-11-25T06:20:32.252+0000] {logging_mixin.py:137} INFO - [2022-11-25T06:20:32.251+0000] {dag.py:2585} INFO - Sync 1 DAGs
[2022-11-25T06:20:32.261+0000] {logging_mixin.py:137} INFO - [2022-11-25T06:20:32.261+0000] {dag.py:2606} INFO - Creating ORM DAG for example_time_delta_sensor_async
[2022-11-25T06:20:32.270+0000] {logging_mixin.py:137} INFO - [2022-11-25T06:20:32.270+0000] {dag.py:3340} INFO - Setting next_dagrun for example_time_delta_sensor_async to None, run_after=None
[2022-11-25T06:20:32.283+0000] {processor.py:176} INFO - Processing /home/airflow/.local/lib/python3.7/site-packages/airflow/example_dags/example_time_delta_sensor_async.py took 0.393 seconds
[2022-11-25T06:21:02.568+0000] {processor.py:154} INFO - Started process (PID=128) to work on /home/airflow/.local/lib/python3.7/site-packages/airflow/example_dags/example_time_delta_sensor_async.py
[2022-11-25T06:21:02.570+0000] {processor.py:756} INFO - Processing file /home/airflow/.local/lib/python3.7/site-packages/airflow/example_dags/example_time_delta_sensor_async.py for tasks to queue
[2022-11-25T06:21:02.571+0000] {logging_mixin.py:137} INFO - [2022-11-25T06:21:02.571+0000] {dagbag.py:537} INFO - Filling up the DagBag from /home/airflow/.local/lib/python3.7/site-packages/airflow/example_dags/example_time_delta_sensor_async.py
[2022-11-25T06:21:02.581+0000] {processor.py:766} INFO - DAG(s) dict_keys(['example_time_delta_sensor_async']) retrieved from /home/airflow/.local/lib/python3.7/site-packages/airflow/example_dags/example_time_delta_sensor_async.py
[2022-11-25T06:21:02.683+0000] {logging_mixin.py:137} INFO - [2022-11-25T06:21:02.683+0000] {dag.py:2585} INFO - Sync 1 DAGs
[2022-11-25T06:21:02.698+0000] {logging_mixin.py:137} INFO - [2022-11-25T06:21:02.698+0000] {dag.py:3340} INFO - Setting next_dagrun for example_time_delta_sensor_async to None, run_after=None
[2022-11-25T06:21:02.712+0000] {processor.py:176} INFO - Processing /home/airflow/.local/lib/python3.7/site-packages/airflow/example_dags/example_time_delta_sensor_async.py took 0.145 seconds
[2022-11-25T06:21:33.547+0000] {processor.py:154} INFO - Started process (PID=197) to work on /home/airflow/.local/lib/python3.7/site-packages/airflow/example_dags/example_time_delta_sensor_async.py
[2022-11-25T06:21:33.549+0000] {processor.py:756} INFO - Processing file /home/airflow/.local/lib/python3.7/site-packages/airflow/example_dags/example_time_delta_sensor_async.py for tasks to queue
[2022-11-25T06:21:33.550+0000] {logging_mixin.py:137} INFO - [2022-11-25T06:21:33.550+0000] {dagbag.py:537} INFO - Filling up the DagBag from /home/airflow/.local/lib/python3.7/site-packages/airflow/example_dags/example_time_delta_sensor_async.py
[2022-11-25T06:21:33.561+0000] {processor.py:766} INFO - DAG(s) dict_keys(['example_time_delta_sensor_async']) retrieved from /home/airflow/.local/lib/python3.7/site-packages/airflow/example_dags/example_time_delta_sensor_async.py
[2022-11-25T06:21:33.675+0000] {logging_mixin.py:137} INFO - [2022-11-25T06:21:33.675+0000] {dag.py:2585} INFO - Sync 1 DAGs
[2022-11-25T06:21:33.692+0000] {logging_mixin.py:137} INFO - [2022-11-25T06:21:33.692+0000] {dag.py:3340} INFO - Setting next_dagrun for example_time_delta_sensor_async to None, run_after=None
[2022-11-25T06:21:33.704+0000] {processor.py:176} INFO - Processing /home/airflow/.local/lib/python3.7/site-packages/airflow/example_dags/example_time_delta_sensor_async.py took 0.159 seconds
[2022-11-25T06:22:03.814+0000] {processor.py:154} INFO - Started process (PID=258) to work on /home/airflow/.local/lib/python3.7/site-packages/airflow/example_dags/example_time_delta_sensor_async.py
[2022-11-25T06:22:03.815+0000] {processor.py:756} INFO - Processing file /home/airflow/.local/lib/python3.7/site-packages/airflow/example_dags/example_time_delta_sensor_async.py for tasks to queue
[2022-11-25T06:22:03.816+0000] {logging_mixin.py:137} INFO - [2022-11-25T06:22:03.816+0000] {dagbag.py:537} INFO - Filling up the DagBag from /home/airflow/.local/lib/python3.7/site-packages/airflow/example_dags/example_time_delta_sensor_async.py
[2022-11-25T06:22:03.826+0000] {processor.py:766} INFO - DAG(s) dict_keys(['example_time_delta_sensor_async']) retrieved from /home/airflow/.local/lib/python3.7/site-packages/airflow/example_dags/example_time_delta_sensor_async.py
[2022-11-25T06:22:03.845+0000] {logging_mixin.py:137} INFO - [2022-11-25T06:22:03.844+0000] {dag.py:2585} INFO - Sync 1 DAGs
[2022-11-25T06:22:03.858+0000] {logging_mixin.py:137} INFO - [2022-11-25T06:22:03.858+0000] {dag.py:3340} INFO - Setting next_dagrun for example_time_delta_sensor_async to None, run_after=None
[2022-11-25T06:22:03.870+0000] {processor.py:176} INFO - Processing /home/airflow/.local/lib/python3.7/site-packages/airflow/example_dags/example_time_delta_sensor_async.py took 0.058 seconds
[2022-11-25T06:22:34.696+0000] {processor.py:154} INFO - Started process (PID=325) to work on /home/airflow/.local/lib/python3.7/site-packages/airflow/example_dags/example_time_delta_sensor_async.py
[2022-11-25T06:22:34.698+0000] {processor.py:756} INFO - Processing file /home/airflow/.local/lib/python3.7/site-packages/airflow/example_dags/example_time_delta_sensor_async.py for tasks to queue
[2022-11-25T06:22:34.699+0000] {logging_mixin.py:137} INFO - [2022-11-25T06:22:34.699+0000] {dagbag.py:537} INFO - Filling up the DagBag from /home/airflow/.local/lib/python3.7/site-packages/airflow/example_dags/example_time_delta_sensor_async.py
[2022-11-25T06:22:34.714+0000] {processor.py:766} INFO - DAG(s) dict_keys(['example_time_delta_sensor_async']) retrieved from /home/airflow/.local/lib/python3.7/site-packages/airflow/example_dags/example_time_delta_sensor_async.py
[2022-11-25T06:22:34.840+0000] {logging_mixin.py:137} INFO - [2022-11-25T06:22:34.840+0000] {dag.py:2585} INFO - Sync 1 DAGs
[2022-11-25T06:22:34.862+0000] {logging_mixin.py:137} INFO - [2022-11-25T06:22:34.862+0000] {dag.py:3340} INFO - Setting next_dagrun for example_time_delta_sensor_async to None, run_after=None
[2022-11-25T06:22:34.875+0000] {processor.py:176} INFO - Processing /home/airflow/.local/lib/python3.7/site-packages/airflow/example_dags/example_time_delta_sensor_async.py took 0.181 seconds
[2022-11-25T06:23:05.344+0000] {processor.py:154} INFO - Started process (PID=392) to work on /home/airflow/.local/lib/python3.7/site-packages/airflow/example_dags/example_time_delta_sensor_async.py
[2022-11-25T06:23:05.346+0000] {processor.py:756} INFO - Processing file /home/airflow/.local/lib/python3.7/site-packages/airflow/example_dags/example_time_delta_sensor_async.py for tasks to queue
[2022-11-25T06:23:05.346+0000] {logging_mixin.py:137} INFO - [2022-11-25T06:23:05.346+0000] {dagbag.py:537} INFO - Filling up the DagBag from /home/airflow/.local/lib/python3.7/site-packages/airflow/example_dags/example_time_delta_sensor_async.py
[2022-11-25T06:23:05.358+0000] {processor.py:766} INFO - DAG(s) dict_keys(['example_time_delta_sensor_async']) retrieved from /home/airflow/.local/lib/python3.7/site-packages/airflow/example_dags/example_time_delta_sensor_async.py
[2022-11-25T06:23:05.485+0000] {logging_mixin.py:137} INFO - [2022-11-25T06:23:05.485+0000] {dag.py:2585} INFO - Sync 1 DAGs
[2022-11-25T06:23:05.499+0000] {logging_mixin.py:137} INFO - [2022-11-25T06:23:05.499+0000] {dag.py:3340} INFO - Setting next_dagrun for example_time_delta_sensor_async to None, run_after=None
[2022-11-25T06:23:05.512+0000] {processor.py:176} INFO - Processing /home/airflow/.local/lib/python3.7/site-packages/airflow/example_dags/example_time_delta_sensor_async.py took 0.170 seconds
[2022-11-25T06:23:35.770+0000] {processor.py:154} INFO - Started process (PID=460) to work on /home/airflow/.local/lib/python3.7/site-packages/airflow/example_dags/example_time_delta_sensor_async.py
[2022-11-25T06:23:35.772+0000] {processor.py:756} INFO - Processing file /home/airflow/.local/lib/python3.7/site-packages/airflow/example_dags/example_time_delta_sensor_async.py for tasks to queue
[2022-11-25T06:23:35.773+0000] {logging_mixin.py:137} INFO - [2022-11-25T06:23:35.773+0000] {dagbag.py:537} INFO - Filling up the DagBag from /home/airflow/.local/lib/python3.7/site-packages/airflow/example_dags/example_time_delta_sensor_async.py
[2022-11-25T06:23:35.787+0000] {processor.py:766} INFO - DAG(s) dict_keys(['example_time_delta_sensor_async']) retrieved from /home/airflow/.local/lib/python3.7/site-packages/airflow/example_dags/example_time_delta_sensor_async.py
[2022-11-25T06:23:35.899+0000] {logging_mixin.py:137} INFO - [2022-11-25T06:23:35.899+0000] {dag.py:2585} INFO - Sync 1 DAGs
[2022-11-25T06:23:35.915+0000] {logging_mixin.py:137} INFO - [2022-11-25T06:23:35.915+0000] {dag.py:3340} INFO - Setting next_dagrun for example_time_delta_sensor_async to None, run_after=None
[2022-11-25T06:23:35.928+0000] {processor.py:176} INFO - Processing /home/airflow/.local/lib/python3.7/site-packages/airflow/example_dags/example_time_delta_sensor_async.py took 0.160 seconds
[2022-11-25T06:24:06.565+0000] {processor.py:154} INFO - Started process (PID=519) to work on /home/airflow/.local/lib/python3.7/site-packages/airflow/example_dags/example_time_delta_sensor_async.py
[2022-11-25T06:24:06.566+0000] {processor.py:756} INFO - Processing file /home/airflow/.local/lib/python3.7/site-packages/airflow/example_dags/example_time_delta_sensor_async.py for tasks to queue
[2022-11-25T06:24:06.567+0000] {logging_mixin.py:137} INFO - [2022-11-25T06:24:06.567+0000] {dagbag.py:537} INFO - Filling up the DagBag from /home/airflow/.local/lib/python3.7/site-packages/airflow/example_dags/example_time_delta_sensor_async.py
[2022-11-25T06:24:06.576+0000] {processor.py:766} INFO - DAG(s) dict_keys(['example_time_delta_sensor_async']) retrieved from /home/airflow/.local/lib/python3.7/site-packages/airflow/example_dags/example_time_delta_sensor_async.py
[2022-11-25T06:24:06.690+0000] {logging_mixin.py:137} INFO - [2022-11-25T06:24:06.690+0000] {dag.py:2585} INFO - Sync 1 DAGs
[2022-11-25T06:24:06.706+0000] {logging_mixin.py:137} INFO - [2022-11-25T06:24:06.706+0000] {dag.py:3340} INFO - Setting next_dagrun for example_time_delta_sensor_async to None, run_after=None
[2022-11-25T06:24:06.720+0000] {processor.py:176} INFO - Processing /home/airflow/.local/lib/python3.7/site-packages/airflow/example_dags/example_time_delta_sensor_async.py took 0.158 seconds
[2022-11-25T06:24:38.549+0000] {processor.py:154} INFO - Started process (PID=586) to work on /home/airflow/.local/lib/python3.7/site-packages/airflow/example_dags/example_time_delta_sensor_async.py
[2022-11-25T06:24:38.551+0000] {processor.py:756} INFO - Processing file /home/airflow/.local/lib/python3.7/site-packages/airflow/example_dags/example_time_delta_sensor_async.py for tasks to queue
[2022-11-25T06:24:38.553+0000] {logging_mixin.py:137} INFO - [2022-11-25T06:24:38.552+0000] {dagbag.py:537} INFO - Filling up the DagBag from /home/airflow/.local/lib/python3.7/site-packages/airflow/example_dags/example_time_delta_sensor_async.py
[2022-11-25T06:24:38.566+0000] {processor.py:766} INFO - DAG(s) dict_keys(['example_time_delta_sensor_async']) retrieved from /home/airflow/.local/lib/python3.7/site-packages/airflow/example_dags/example_time_delta_sensor_async.py
[2022-11-25T06:24:38.794+0000] {logging_mixin.py:137} INFO - [2022-11-25T06:24:38.794+0000] {dag.py:2585} INFO - Sync 1 DAGs
[2022-11-25T06:24:38.827+0000] {logging_mixin.py:137} INFO - [2022-11-25T06:24:38.827+0000] {dag.py:3340} INFO - Setting next_dagrun for example_time_delta_sensor_async to None, run_after=None
[2022-11-25T06:24:38.849+0000] {processor.py:176} INFO - Processing /home/airflow/.local/lib/python3.7/site-packages/airflow/example_dags/example_time_delta_sensor_async.py took 0.304 seconds
