[2022-11-25T05:25:25.468+0000] {processor.py:154} INFO - Started process (PID=64) to work on /home/airflow/.local/lib/python3.7/site-packages/airflow/example_dags/example_subdag_operator.py
[2022-11-25T05:25:25.474+0000] {processor.py:756} INFO - Processing file /home/airflow/.local/lib/python3.7/site-packages/airflow/example_dags/example_subdag_operator.py for tasks to queue
[2022-11-25T05:25:25.493+0000] {logging_mixin.py:137} INFO - [2022-11-25T05:25:25.493+0000] {dagbag.py:537} INFO - Filling up the DagBag from /home/airflow/.local/lib/python3.7/site-packages/airflow/example_dags/example_subdag_operator.py
[2022-11-25T05:25:27.286+0000] {processor.py:766} INFO - DAG(s) dict_keys(['example_subdag_operator.section-1', 'example_subdag_operator.section-2', 'example_subdag_operator']) retrieved from /home/airflow/.local/lib/python3.7/site-packages/airflow/example_dags/example_subdag_operator.py
[2022-11-25T05:25:35.874+0000] {logging_mixin.py:137} INFO - [2022-11-25T05:25:35.860+0000] {dag.py:2585} INFO - Sync 3 DAGs
[2022-11-25T05:25:38.177+0000] {logging_mixin.py:137} INFO - [2022-11-25T05:25:38.175+0000] {dag.py:3340} INFO - Setting next_dagrun for example_subdag_operator to 2022-01-01T00:00:00+00:00, run_after=2022-01-01T00:00:00+00:00
[2022-11-25T05:25:38.664+0000] {logging_mixin.py:137} INFO - [2022-11-25T05:25:38.649+0000] {dag.py:3340} INFO - Setting next_dagrun for example_subdag_operator.section-1 to None, run_after=None
[2022-11-25T05:25:38.834+0000] {logging_mixin.py:137} INFO - [2022-11-25T05:25:38.834+0000] {dag.py:3340} INFO - Setting next_dagrun for example_subdag_operator.section-2 to None, run_after=None
[2022-11-25T05:25:39.374+0000] {logging_mixin.py:137} INFO - [2022-11-25T05:25:39.311+0000] {dag.py:2585} INFO - Sync 2 DAGs
[2022-11-25T05:25:40.227+0000] {logging_mixin.py:137} INFO - [2022-11-25T05:25:40.200+0000] {dag.py:3340} INFO - Setting next_dagrun for example_subdag_operator.section-1 to None, run_after=None
[2022-11-25T05:25:40.245+0000] {logging_mixin.py:137} INFO - [2022-11-25T05:25:40.245+0000] {dag.py:3340} INFO - Setting next_dagrun for example_subdag_operator.section-2 to None, run_after=None
[2022-11-25T05:25:41.113+0000] {processor.py:176} INFO - Processing /home/airflow/.local/lib/python3.7/site-packages/airflow/example_dags/example_subdag_operator.py took 15.799 seconds
[2022-11-25T06:20:30.799+0000] {processor.py:154} INFO - Started process (PID=57) to work on /home/airflow/.local/lib/python3.7/site-packages/airflow/example_dags/example_subdag_operator.py
[2022-11-25T06:20:30.810+0000] {processor.py:756} INFO - Processing file /home/airflow/.local/lib/python3.7/site-packages/airflow/example_dags/example_subdag_operator.py for tasks to queue
[2022-11-25T06:20:30.828+0000] {logging_mixin.py:137} INFO - [2022-11-25T06:20:30.827+0000] {dagbag.py:537} INFO - Filling up the DagBag from /home/airflow/.local/lib/python3.7/site-packages/airflow/example_dags/example_subdag_operator.py
[2022-11-25T06:20:31.039+0000] {processor.py:766} INFO - DAG(s) dict_keys(['example_subdag_operator.section-1', 'example_subdag_operator.section-2', 'example_subdag_operator']) retrieved from /home/airflow/.local/lib/python3.7/site-packages/airflow/example_dags/example_subdag_operator.py
[2022-11-25T06:20:31.534+0000] {logging_mixin.py:137} INFO - [2022-11-25T06:20:31.532+0000] {manager.py:507} INFO - Created Permission View: can read on DAG:example_subdag_operator
[2022-11-25T06:20:31.574+0000] {logging_mixin.py:137} INFO - [2022-11-25T06:20:31.574+0000] {manager.py:507} INFO - Created Permission View: can edit on DAG:example_subdag_operator
[2022-11-25T06:20:31.600+0000] {logging_mixin.py:137} INFO - [2022-11-25T06:20:31.599+0000] {manager.py:507} INFO - Created Permission View: can delete on DAG:example_subdag_operator
[2022-11-25T06:20:31.602+0000] {logging_mixin.py:137} INFO - [2022-11-25T06:20:31.602+0000] {dag.py:2585} INFO - Sync 3 DAGs
[2022-11-25T06:20:31.658+0000] {logging_mixin.py:137} INFO - [2022-11-25T06:20:31.655+0000] {dag.py:2606} INFO - Creating ORM DAG for example_subdag_operator.section-1
[2022-11-25T06:20:31.666+0000] {logging_mixin.py:137} INFO - [2022-11-25T06:20:31.665+0000] {dag.py:2606} INFO - Creating ORM DAG for example_subdag_operator.section-2
[2022-11-25T06:20:31.679+0000] {logging_mixin.py:137} INFO - [2022-11-25T06:20:31.671+0000] {dag.py:2606} INFO - Creating ORM DAG for example_subdag_operator
[2022-11-25T06:20:31.727+0000] {logging_mixin.py:137} INFO - [2022-11-25T06:20:31.726+0000] {dag.py:3340} INFO - Setting next_dagrun for example_subdag_operator to 2022-01-01T00:00:00+00:00, run_after=2022-01-01T00:00:00+00:00
[2022-11-25T06:20:31.733+0000] {logging_mixin.py:137} INFO - [2022-11-25T06:20:31.733+0000] {dag.py:3340} INFO - Setting next_dagrun for example_subdag_operator.section-1 to None, run_after=None
[2022-11-25T06:20:31.735+0000] {logging_mixin.py:137} INFO - [2022-11-25T06:20:31.735+0000] {dag.py:3340} INFO - Setting next_dagrun for example_subdag_operator.section-2 to None, run_after=None
[2022-11-25T06:20:31.752+0000] {logging_mixin.py:137} INFO - [2022-11-25T06:20:31.752+0000] {dag.py:2585} INFO - Sync 2 DAGs
[2022-11-25T06:20:31.774+0000] {logging_mixin.py:137} INFO - [2022-11-25T06:20:31.774+0000] {dag.py:3340} INFO - Setting next_dagrun for example_subdag_operator.section-1 to None, run_after=None
[2022-11-25T06:20:31.798+0000] {logging_mixin.py:137} INFO - [2022-11-25T06:20:31.798+0000] {dag.py:3340} INFO - Setting next_dagrun for example_subdag_operator.section-2 to None, run_after=None
[2022-11-25T06:20:31.833+0000] {processor.py:176} INFO - Processing /home/airflow/.local/lib/python3.7/site-packages/airflow/example_dags/example_subdag_operator.py took 1.048 seconds
[2022-11-25T06:21:02.342+0000] {processor.py:154} INFO - Started process (PID=125) to work on /home/airflow/.local/lib/python3.7/site-packages/airflow/example_dags/example_subdag_operator.py
[2022-11-25T06:21:02.345+0000] {processor.py:756} INFO - Processing file /home/airflow/.local/lib/python3.7/site-packages/airflow/example_dags/example_subdag_operator.py for tasks to queue
[2022-11-25T06:21:02.347+0000] {logging_mixin.py:137} INFO - [2022-11-25T06:21:02.347+0000] {dagbag.py:537} INFO - Filling up the DagBag from /home/airflow/.local/lib/python3.7/site-packages/airflow/example_dags/example_subdag_operator.py
[2022-11-25T06:21:02.384+0000] {processor.py:766} INFO - DAG(s) dict_keys(['example_subdag_operator.section-1', 'example_subdag_operator.section-2', 'example_subdag_operator']) retrieved from /home/airflow/.local/lib/python3.7/site-packages/airflow/example_dags/example_subdag_operator.py
[2022-11-25T06:21:02.510+0000] {logging_mixin.py:137} INFO - [2022-11-25T06:21:02.510+0000] {dag.py:2585} INFO - Sync 3 DAGs
[2022-11-25T06:21:02.524+0000] {logging_mixin.py:137} INFO - [2022-11-25T06:21:02.524+0000] {dag.py:3340} INFO - Setting next_dagrun for example_subdag_operator to 2022-01-01T00:00:00+00:00, run_after=2022-01-01T00:00:00+00:00
[2022-11-25T06:21:02.530+0000] {logging_mixin.py:137} INFO - [2022-11-25T06:21:02.530+0000] {dag.py:3340} INFO - Setting next_dagrun for example_subdag_operator.section-1 to None, run_after=None
[2022-11-25T06:21:02.532+0000] {logging_mixin.py:137} INFO - [2022-11-25T06:21:02.532+0000] {dag.py:3340} INFO - Setting next_dagrun for example_subdag_operator.section-2 to None, run_after=None
[2022-11-25T06:21:02.537+0000] {logging_mixin.py:137} INFO - [2022-11-25T06:21:02.537+0000] {dag.py:2585} INFO - Sync 2 DAGs
[2022-11-25T06:21:02.541+0000] {logging_mixin.py:137} INFO - [2022-11-25T06:21:02.541+0000] {dag.py:3340} INFO - Setting next_dagrun for example_subdag_operator.section-1 to None, run_after=None
[2022-11-25T06:21:02.543+0000] {logging_mixin.py:137} INFO - [2022-11-25T06:21:02.543+0000] {dag.py:3340} INFO - Setting next_dagrun for example_subdag_operator.section-2 to None, run_after=None
[2022-11-25T06:21:02.551+0000] {processor.py:176} INFO - Processing /home/airflow/.local/lib/python3.7/site-packages/airflow/example_dags/example_subdag_operator.py took 0.215 seconds
[2022-11-25T06:21:33.301+0000] {processor.py:154} INFO - Started process (PID=194) to work on /home/airflow/.local/lib/python3.7/site-packages/airflow/example_dags/example_subdag_operator.py
[2022-11-25T06:21:33.305+0000] {processor.py:756} INFO - Processing file /home/airflow/.local/lib/python3.7/site-packages/airflow/example_dags/example_subdag_operator.py for tasks to queue
[2022-11-25T06:21:33.307+0000] {logging_mixin.py:137} INFO - [2022-11-25T06:21:33.307+0000] {dagbag.py:537} INFO - Filling up the DagBag from /home/airflow/.local/lib/python3.7/site-packages/airflow/example_dags/example_subdag_operator.py
[2022-11-25T06:21:33.341+0000] {processor.py:766} INFO - DAG(s) dict_keys(['example_subdag_operator.section-1', 'example_subdag_operator.section-2', 'example_subdag_operator']) retrieved from /home/airflow/.local/lib/python3.7/site-packages/airflow/example_dags/example_subdag_operator.py
[2022-11-25T06:21:33.506+0000] {logging_mixin.py:137} INFO - [2022-11-25T06:21:33.506+0000] {dag.py:2585} INFO - Sync 3 DAGs
[2022-11-25T06:21:33.526+0000] {logging_mixin.py:137} INFO - [2022-11-25T06:21:33.525+0000] {dag.py:3340} INFO - Setting next_dagrun for example_subdag_operator to 2022-01-01T00:00:00+00:00, run_after=2022-01-01T00:00:00+00:00
[2022-11-25T06:21:33.528+0000] {logging_mixin.py:137} INFO - [2022-11-25T06:21:33.528+0000] {dag.py:3340} INFO - Setting next_dagrun for example_subdag_operator.section-1 to None, run_after=None
[2022-11-25T06:21:33.530+0000] {logging_mixin.py:137} INFO - [2022-11-25T06:21:33.530+0000] {dag.py:3340} INFO - Setting next_dagrun for example_subdag_operator.section-2 to None, run_after=None
[2022-11-25T06:21:33.536+0000] {logging_mixin.py:137} INFO - [2022-11-25T06:21:33.536+0000] {dag.py:2585} INFO - Sync 2 DAGs
[2022-11-25T06:21:33.540+0000] {logging_mixin.py:137} INFO - [2022-11-25T06:21:33.540+0000] {dag.py:3340} INFO - Setting next_dagrun for example_subdag_operator.section-1 to None, run_after=None
[2022-11-25T06:21:33.541+0000] {logging_mixin.py:137} INFO - [2022-11-25T06:21:33.541+0000] {dag.py:3340} INFO - Setting next_dagrun for example_subdag_operator.section-2 to None, run_after=None
[2022-11-25T06:21:33.551+0000] {processor.py:176} INFO - Processing /home/airflow/.local/lib/python3.7/site-packages/airflow/example_dags/example_subdag_operator.py took 0.257 seconds
[2022-11-25T06:22:03.699+0000] {processor.py:154} INFO - Started process (PID=256) to work on /home/airflow/.local/lib/python3.7/site-packages/airflow/example_dags/example_subdag_operator.py
[2022-11-25T06:22:03.701+0000] {processor.py:756} INFO - Processing file /home/airflow/.local/lib/python3.7/site-packages/airflow/example_dags/example_subdag_operator.py for tasks to queue
[2022-11-25T06:22:03.702+0000] {logging_mixin.py:137} INFO - [2022-11-25T06:22:03.702+0000] {dagbag.py:537} INFO - Filling up the DagBag from /home/airflow/.local/lib/python3.7/site-packages/airflow/example_dags/example_subdag_operator.py
[2022-11-25T06:22:03.732+0000] {processor.py:766} INFO - DAG(s) dict_keys(['example_subdag_operator.section-1', 'example_subdag_operator.section-2', 'example_subdag_operator']) retrieved from /home/airflow/.local/lib/python3.7/site-packages/airflow/example_dags/example_subdag_operator.py
[2022-11-25T06:22:03.744+0000] {logging_mixin.py:137} INFO - [2022-11-25T06:22:03.744+0000] {dag.py:2585} INFO - Sync 3 DAGs
[2022-11-25T06:22:03.763+0000] {logging_mixin.py:137} INFO - [2022-11-25T06:22:03.763+0000] {dag.py:3340} INFO - Setting next_dagrun for example_subdag_operator to 2022-01-01T00:00:00+00:00, run_after=2022-01-01T00:00:00+00:00
[2022-11-25T06:22:03.766+0000] {logging_mixin.py:137} INFO - [2022-11-25T06:22:03.766+0000] {dag.py:3340} INFO - Setting next_dagrun for example_subdag_operator.section-1 to None, run_after=None
[2022-11-25T06:22:03.768+0000] {logging_mixin.py:137} INFO - [2022-11-25T06:22:03.768+0000] {dag.py:3340} INFO - Setting next_dagrun for example_subdag_operator.section-2 to None, run_after=None
[2022-11-25T06:22:03.773+0000] {logging_mixin.py:137} INFO - [2022-11-25T06:22:03.773+0000] {dag.py:2585} INFO - Sync 2 DAGs
[2022-11-25T06:22:03.777+0000] {logging_mixin.py:137} INFO - [2022-11-25T06:22:03.777+0000] {dag.py:3340} INFO - Setting next_dagrun for example_subdag_operator.section-1 to None, run_after=None
[2022-11-25T06:22:03.779+0000] {logging_mixin.py:137} INFO - [2022-11-25T06:22:03.779+0000] {dag.py:3340} INFO - Setting next_dagrun for example_subdag_operator.section-2 to None, run_after=None
[2022-11-25T06:22:03.786+0000] {processor.py:176} INFO - Processing /home/airflow/.local/lib/python3.7/site-packages/airflow/example_dags/example_subdag_operator.py took 0.089 seconds
[2022-11-25T06:22:34.350+0000] {processor.py:154} INFO - Started process (PID=322) to work on /home/airflow/.local/lib/python3.7/site-packages/airflow/example_dags/example_subdag_operator.py
[2022-11-25T06:22:34.352+0000] {processor.py:756} INFO - Processing file /home/airflow/.local/lib/python3.7/site-packages/airflow/example_dags/example_subdag_operator.py for tasks to queue
[2022-11-25T06:22:34.353+0000] {logging_mixin.py:137} INFO - [2022-11-25T06:22:34.353+0000] {dagbag.py:537} INFO - Filling up the DagBag from /home/airflow/.local/lib/python3.7/site-packages/airflow/example_dags/example_subdag_operator.py
[2022-11-25T06:22:34.405+0000] {processor.py:766} INFO - DAG(s) dict_keys(['example_subdag_operator.section-1', 'example_subdag_operator.section-2', 'example_subdag_operator']) retrieved from /home/airflow/.local/lib/python3.7/site-packages/airflow/example_dags/example_subdag_operator.py
[2022-11-25T06:22:34.608+0000] {logging_mixin.py:137} INFO - [2022-11-25T06:22:34.608+0000] {dag.py:2585} INFO - Sync 3 DAGs
[2022-11-25T06:22:34.626+0000] {logging_mixin.py:137} INFO - [2022-11-25T06:22:34.626+0000] {dag.py:3340} INFO - Setting next_dagrun for example_subdag_operator to 2022-01-01T00:00:00+00:00, run_after=2022-01-01T00:00:00+00:00
[2022-11-25T06:22:34.630+0000] {logging_mixin.py:137} INFO - [2022-11-25T06:22:34.630+0000] {dag.py:3340} INFO - Setting next_dagrun for example_subdag_operator.section-1 to None, run_after=None
[2022-11-25T06:22:34.632+0000] {logging_mixin.py:137} INFO - [2022-11-25T06:22:34.632+0000] {dag.py:3340} INFO - Setting next_dagrun for example_subdag_operator.section-2 to None, run_after=None
[2022-11-25T06:22:34.644+0000] {logging_mixin.py:137} INFO - [2022-11-25T06:22:34.644+0000] {dag.py:2585} INFO - Sync 2 DAGs
[2022-11-25T06:22:34.650+0000] {logging_mixin.py:137} INFO - [2022-11-25T06:22:34.649+0000] {dag.py:3340} INFO - Setting next_dagrun for example_subdag_operator.section-1 to None, run_after=None
[2022-11-25T06:22:34.651+0000] {logging_mixin.py:137} INFO - [2022-11-25T06:22:34.651+0000] {dag.py:3340} INFO - Setting next_dagrun for example_subdag_operator.section-2 to None, run_after=None
[2022-11-25T06:22:34.662+0000] {processor.py:176} INFO - Processing /home/airflow/.local/lib/python3.7/site-packages/airflow/example_dags/example_subdag_operator.py took 0.315 seconds
[2022-11-25T06:23:05.065+0000] {processor.py:154} INFO - Started process (PID=389) to work on /home/airflow/.local/lib/python3.7/site-packages/airflow/example_dags/example_subdag_operator.py
[2022-11-25T06:23:05.068+0000] {processor.py:756} INFO - Processing file /home/airflow/.local/lib/python3.7/site-packages/airflow/example_dags/example_subdag_operator.py for tasks to queue
[2022-11-25T06:23:05.073+0000] {logging_mixin.py:137} INFO - [2022-11-25T06:23:05.072+0000] {dagbag.py:537} INFO - Filling up the DagBag from /home/airflow/.local/lib/python3.7/site-packages/airflow/example_dags/example_subdag_operator.py
[2022-11-25T06:23:05.114+0000] {processor.py:766} INFO - DAG(s) dict_keys(['example_subdag_operator.section-1', 'example_subdag_operator.section-2', 'example_subdag_operator']) retrieved from /home/airflow/.local/lib/python3.7/site-packages/airflow/example_dags/example_subdag_operator.py
[2022-11-25T06:23:05.277+0000] {logging_mixin.py:137} INFO - [2022-11-25T06:23:05.276+0000] {dag.py:2585} INFO - Sync 3 DAGs
[2022-11-25T06:23:05.293+0000] {logging_mixin.py:137} INFO - [2022-11-25T06:23:05.293+0000] {dag.py:3340} INFO - Setting next_dagrun for example_subdag_operator to 2022-01-01T00:00:00+00:00, run_after=2022-01-01T00:00:00+00:00
[2022-11-25T06:23:05.297+0000] {logging_mixin.py:137} INFO - [2022-11-25T06:23:05.297+0000] {dag.py:3340} INFO - Setting next_dagrun for example_subdag_operator.section-1 to None, run_after=None
[2022-11-25T06:23:05.299+0000] {logging_mixin.py:137} INFO - [2022-11-25T06:23:05.299+0000] {dag.py:3340} INFO - Setting next_dagrun for example_subdag_operator.section-2 to None, run_after=None
[2022-11-25T06:23:05.305+0000] {logging_mixin.py:137} INFO - [2022-11-25T06:23:05.305+0000] {dag.py:2585} INFO - Sync 2 DAGs
[2022-11-25T06:23:05.309+0000] {logging_mixin.py:137} INFO - [2022-11-25T06:23:05.309+0000] {dag.py:3340} INFO - Setting next_dagrun for example_subdag_operator.section-1 to None, run_after=None
[2022-11-25T06:23:05.310+0000] {logging_mixin.py:137} INFO - [2022-11-25T06:23:05.310+0000] {dag.py:3340} INFO - Setting next_dagrun for example_subdag_operator.section-2 to None, run_after=None
[2022-11-25T06:23:05.318+0000] {processor.py:176} INFO - Processing /home/airflow/.local/lib/python3.7/site-packages/airflow/example_dags/example_subdag_operator.py took 0.258 seconds
[2022-11-25T06:23:35.557+0000] {processor.py:154} INFO - Started process (PID=457) to work on /home/airflow/.local/lib/python3.7/site-packages/airflow/example_dags/example_subdag_operator.py
[2022-11-25T06:23:35.559+0000] {processor.py:756} INFO - Processing file /home/airflow/.local/lib/python3.7/site-packages/airflow/example_dags/example_subdag_operator.py for tasks to queue
[2022-11-25T06:23:35.560+0000] {logging_mixin.py:137} INFO - [2022-11-25T06:23:35.559+0000] {dagbag.py:537} INFO - Filling up the DagBag from /home/airflow/.local/lib/python3.7/site-packages/airflow/example_dags/example_subdag_operator.py
[2022-11-25T06:23:35.587+0000] {processor.py:766} INFO - DAG(s) dict_keys(['example_subdag_operator.section-1', 'example_subdag_operator.section-2', 'example_subdag_operator']) retrieved from /home/airflow/.local/lib/python3.7/site-packages/airflow/example_dags/example_subdag_operator.py
[2022-11-25T06:23:35.713+0000] {logging_mixin.py:137} INFO - [2022-11-25T06:23:35.713+0000] {dag.py:2585} INFO - Sync 3 DAGs
[2022-11-25T06:23:35.729+0000] {logging_mixin.py:137} INFO - [2022-11-25T06:23:35.729+0000] {dag.py:3340} INFO - Setting next_dagrun for example_subdag_operator to 2022-01-01T00:00:00+00:00, run_after=2022-01-01T00:00:00+00:00
[2022-11-25T06:23:35.732+0000] {logging_mixin.py:137} INFO - [2022-11-25T06:23:35.732+0000] {dag.py:3340} INFO - Setting next_dagrun for example_subdag_operator.section-1 to None, run_after=None
[2022-11-25T06:23:35.734+0000] {logging_mixin.py:137} INFO - [2022-11-25T06:23:35.734+0000] {dag.py:3340} INFO - Setting next_dagrun for example_subdag_operator.section-2 to None, run_after=None
[2022-11-25T06:23:35.739+0000] {logging_mixin.py:137} INFO - [2022-11-25T06:23:35.739+0000] {dag.py:2585} INFO - Sync 2 DAGs
[2022-11-25T06:23:35.743+0000] {logging_mixin.py:137} INFO - [2022-11-25T06:23:35.743+0000] {dag.py:3340} INFO - Setting next_dagrun for example_subdag_operator.section-1 to None, run_after=None
[2022-11-25T06:23:35.745+0000] {logging_mixin.py:137} INFO - [2022-11-25T06:23:35.744+0000] {dag.py:3340} INFO - Setting next_dagrun for example_subdag_operator.section-2 to None, run_after=None
[2022-11-25T06:23:35.752+0000] {processor.py:176} INFO - Processing /home/airflow/.local/lib/python3.7/site-packages/airflow/example_dags/example_subdag_operator.py took 0.198 seconds
[2022-11-25T06:24:06.405+0000] {processor.py:154} INFO - Started process (PID=517) to work on /home/airflow/.local/lib/python3.7/site-packages/airflow/example_dags/example_subdag_operator.py
[2022-11-25T06:24:06.406+0000] {processor.py:756} INFO - Processing file /home/airflow/.local/lib/python3.7/site-packages/airflow/example_dags/example_subdag_operator.py for tasks to queue
[2022-11-25T06:24:06.407+0000] {logging_mixin.py:137} INFO - [2022-11-25T06:24:06.407+0000] {dagbag.py:537} INFO - Filling up the DagBag from /home/airflow/.local/lib/python3.7/site-packages/airflow/example_dags/example_subdag_operator.py
[2022-11-25T06:24:06.432+0000] {processor.py:766} INFO - DAG(s) dict_keys(['example_subdag_operator.section-1', 'example_subdag_operator.section-2', 'example_subdag_operator']) retrieved from /home/airflow/.local/lib/python3.7/site-packages/airflow/example_dags/example_subdag_operator.py
[2022-11-25T06:24:06.555+0000] {logging_mixin.py:137} INFO - [2022-11-25T06:24:06.555+0000] {dag.py:2585} INFO - Sync 3 DAGs
[2022-11-25T06:24:06.571+0000] {logging_mixin.py:137} INFO - [2022-11-25T06:24:06.571+0000] {dag.py:3340} INFO - Setting next_dagrun for example_subdag_operator to 2022-01-01T00:00:00+00:00, run_after=2022-01-01T00:00:00+00:00
[2022-11-25T06:24:06.574+0000] {logging_mixin.py:137} INFO - [2022-11-25T06:24:06.574+0000] {dag.py:3340} INFO - Setting next_dagrun for example_subdag_operator.section-1 to None, run_after=None
[2022-11-25T06:24:06.575+0000] {logging_mixin.py:137} INFO - [2022-11-25T06:24:06.575+0000] {dag.py:3340} INFO - Setting next_dagrun for example_subdag_operator.section-2 to None, run_after=None
[2022-11-25T06:24:06.579+0000] {logging_mixin.py:137} INFO - [2022-11-25T06:24:06.579+0000] {dag.py:2585} INFO - Sync 2 DAGs
[2022-11-25T06:24:06.583+0000] {logging_mixin.py:137} INFO - [2022-11-25T06:24:06.583+0000] {dag.py:3340} INFO - Setting next_dagrun for example_subdag_operator.section-1 to None, run_after=None
[2022-11-25T06:24:06.584+0000] {logging_mixin.py:137} INFO - [2022-11-25T06:24:06.584+0000] {dag.py:3340} INFO - Setting next_dagrun for example_subdag_operator.section-2 to None, run_after=None
[2022-11-25T06:24:06.592+0000] {processor.py:176} INFO - Processing /home/airflow/.local/lib/python3.7/site-packages/airflow/example_dags/example_subdag_operator.py took 0.189 seconds
[2022-11-25T06:24:38.274+0000] {processor.py:154} INFO - Started process (PID=583) to work on /home/airflow/.local/lib/python3.7/site-packages/airflow/example_dags/example_subdag_operator.py
[2022-11-25T06:24:38.276+0000] {processor.py:756} INFO - Processing file /home/airflow/.local/lib/python3.7/site-packages/airflow/example_dags/example_subdag_operator.py for tasks to queue
[2022-11-25T06:24:38.278+0000] {logging_mixin.py:137} INFO - [2022-11-25T06:24:38.278+0000] {dagbag.py:537} INFO - Filling up the DagBag from /home/airflow/.local/lib/python3.7/site-packages/airflow/example_dags/example_subdag_operator.py
[2022-11-25T06:24:38.323+0000] {processor.py:766} INFO - DAG(s) dict_keys(['example_subdag_operator.section-1', 'example_subdag_operator.section-2', 'example_subdag_operator']) retrieved from /home/airflow/.local/lib/python3.7/site-packages/airflow/example_dags/example_subdag_operator.py
[2022-11-25T06:24:38.462+0000] {logging_mixin.py:137} INFO - [2022-11-25T06:24:38.462+0000] {dag.py:2585} INFO - Sync 3 DAGs
[2022-11-25T06:24:38.486+0000] {logging_mixin.py:137} INFO - [2022-11-25T06:24:38.486+0000] {dag.py:3340} INFO - Setting next_dagrun for example_subdag_operator to 2022-01-01T00:00:00+00:00, run_after=2022-01-01T00:00:00+00:00
[2022-11-25T06:24:38.490+0000] {logging_mixin.py:137} INFO - [2022-11-25T06:24:38.490+0000] {dag.py:3340} INFO - Setting next_dagrun for example_subdag_operator.section-1 to None, run_after=None
[2022-11-25T06:24:38.492+0000] {logging_mixin.py:137} INFO - [2022-11-25T06:24:38.491+0000] {dag.py:3340} INFO - Setting next_dagrun for example_subdag_operator.section-2 to None, run_after=None
[2022-11-25T06:24:38.498+0000] {logging_mixin.py:137} INFO - [2022-11-25T06:24:38.498+0000] {dag.py:2585} INFO - Sync 2 DAGs
[2022-11-25T06:24:38.503+0000] {logging_mixin.py:137} INFO - [2022-11-25T06:24:38.503+0000] {dag.py:3340} INFO - Setting next_dagrun for example_subdag_operator.section-1 to None, run_after=None
[2022-11-25T06:24:38.504+0000] {logging_mixin.py:137} INFO - [2022-11-25T06:24:38.504+0000] {dag.py:3340} INFO - Setting next_dagrun for example_subdag_operator.section-2 to None, run_after=None
[2022-11-25T06:24:38.514+0000] {processor.py:176} INFO - Processing /home/airflow/.local/lib/python3.7/site-packages/airflow/example_dags/example_subdag_operator.py took 0.244 seconds
