[2022-11-25T05:25:37.539+0000] {processor.py:154} INFO - Started process (PID=73) to work on /home/airflow/.local/lib/python3.7/site-packages/airflow/example_dags/example_task_group_decorator.py
[2022-11-25T05:25:37.726+0000] {processor.py:756} INFO - Processing file /home/airflow/.local/lib/python3.7/site-packages/airflow/example_dags/example_task_group_decorator.py for tasks to queue
[2022-11-25T05:25:37.790+0000] {logging_mixin.py:137} INFO - [2022-11-25T05:25:37.790+0000] {dagbag.py:537} INFO - Filling up the DagBag from /home/airflow/.local/lib/python3.7/site-packages/airflow/example_dags/example_task_group_decorator.py
[2022-11-25T05:25:40.975+0000] {processor.py:766} INFO - DAG(s) dict_keys(['example_task_group_decorator']) retrieved from /home/airflow/.local/lib/python3.7/site-packages/airflow/example_dags/example_task_group_decorator.py
[2022-11-25T05:25:44.076+0000] {logging_mixin.py:137} INFO - [2022-11-25T05:25:44.072+0000] {dag.py:2585} INFO - Sync 1 DAGs
[2022-11-25T05:25:46.886+0000] {logging_mixin.py:137} INFO - [2022-11-25T05:25:46.710+0000] {dag.py:3340} INFO - Setting next_dagrun for example_task_group_decorator to 2022-11-24T05:25:46.578273+00:00, run_after=2022-11-25T05:25:46.578273+00:00
[2022-11-25T05:25:48.395+0000] {processor.py:176} INFO - Processing /home/airflow/.local/lib/python3.7/site-packages/airflow/example_dags/example_task_group_decorator.py took 11.154 seconds
[2022-11-25T06:20:31.710+0000] {processor.py:154} INFO - Started process (PID=59) to work on /home/airflow/.local/lib/python3.7/site-packages/airflow/example_dags/example_task_group_decorator.py
[2022-11-25T06:20:31.728+0000] {processor.py:756} INFO - Processing file /home/airflow/.local/lib/python3.7/site-packages/airflow/example_dags/example_task_group_decorator.py for tasks to queue
[2022-11-25T06:20:31.739+0000] {logging_mixin.py:137} INFO - [2022-11-25T06:20:31.738+0000] {dagbag.py:537} INFO - Filling up the DagBag from /home/airflow/.local/lib/python3.7/site-packages/airflow/example_dags/example_task_group_decorator.py
[2022-11-25T06:20:31.830+0000] {processor.py:766} INFO - DAG(s) dict_keys(['example_task_group_decorator']) retrieved from /home/airflow/.local/lib/python3.7/site-packages/airflow/example_dags/example_task_group_decorator.py
[2022-11-25T06:20:31.999+0000] {logging_mixin.py:137} INFO - [2022-11-25T06:20:31.999+0000] {manager.py:507} INFO - Created Permission View: can read on DAG:example_task_group_decorator
[2022-11-25T06:20:32.011+0000] {logging_mixin.py:137} INFO - [2022-11-25T06:20:32.011+0000] {manager.py:507} INFO - Created Permission View: can edit on DAG:example_task_group_decorator
[2022-11-25T06:20:32.020+0000] {logging_mixin.py:137} INFO - [2022-11-25T06:20:32.020+0000] {manager.py:507} INFO - Created Permission View: can delete on DAG:example_task_group_decorator
[2022-11-25T06:20:32.022+0000] {logging_mixin.py:137} INFO - [2022-11-25T06:20:32.022+0000] {dag.py:2585} INFO - Sync 1 DAGs
[2022-11-25T06:20:32.043+0000] {logging_mixin.py:137} INFO - [2022-11-25T06:20:32.043+0000] {dag.py:2606} INFO - Creating ORM DAG for example_task_group_decorator
[2022-11-25T06:20:32.061+0000] {logging_mixin.py:137} INFO - [2022-11-25T06:20:32.060+0000] {dag.py:3340} INFO - Setting next_dagrun for example_task_group_decorator to 2022-11-24T06:20:32.060509+00:00, run_after=2022-11-25T06:20:32.060509+00:00
[2022-11-25T06:20:32.084+0000] {processor.py:176} INFO - Processing /home/airflow/.local/lib/python3.7/site-packages/airflow/example_dags/example_task_group_decorator.py took 0.422 seconds
[2022-11-25T06:21:02.461+0000] {processor.py:154} INFO - Started process (PID=127) to work on /home/airflow/.local/lib/python3.7/site-packages/airflow/example_dags/example_task_group_decorator.py
[2022-11-25T06:21:02.462+0000] {processor.py:756} INFO - Processing file /home/airflow/.local/lib/python3.7/site-packages/airflow/example_dags/example_task_group_decorator.py for tasks to queue
[2022-11-25T06:21:02.463+0000] {logging_mixin.py:137} INFO - [2022-11-25T06:21:02.463+0000] {dagbag.py:537} INFO - Filling up the DagBag from /home/airflow/.local/lib/python3.7/site-packages/airflow/example_dags/example_task_group_decorator.py
[2022-11-25T06:21:02.481+0000] {processor.py:766} INFO - DAG(s) dict_keys(['example_task_group_decorator']) retrieved from /home/airflow/.local/lib/python3.7/site-packages/airflow/example_dags/example_task_group_decorator.py
[2022-11-25T06:21:02.509+0000] {logging_mixin.py:137} INFO - [2022-11-25T06:21:02.509+0000] {dag.py:2585} INFO - Sync 1 DAGs
[2022-11-25T06:21:02.524+0000] {logging_mixin.py:137} INFO - [2022-11-25T06:21:02.523+0000] {dag.py:3340} INFO - Setting next_dagrun for example_task_group_decorator to 2022-11-24T06:21:02.523828+00:00, run_after=2022-11-25T06:21:02.523828+00:00
[2022-11-25T06:21:02.542+0000] {processor.py:176} INFO - Processing /home/airflow/.local/lib/python3.7/site-packages/airflow/example_dags/example_task_group_decorator.py took 0.083 seconds
[2022-11-25T06:21:33.426+0000] {processor.py:154} INFO - Started process (PID=196) to work on /home/airflow/.local/lib/python3.7/site-packages/airflow/example_dags/example_task_group_decorator.py
[2022-11-25T06:21:33.428+0000] {processor.py:756} INFO - Processing file /home/airflow/.local/lib/python3.7/site-packages/airflow/example_dags/example_task_group_decorator.py for tasks to queue
[2022-11-25T06:21:33.429+0000] {logging_mixin.py:137} INFO - [2022-11-25T06:21:33.429+0000] {dagbag.py:537} INFO - Filling up the DagBag from /home/airflow/.local/lib/python3.7/site-packages/airflow/example_dags/example_task_group_decorator.py
[2022-11-25T06:21:33.448+0000] {processor.py:766} INFO - DAG(s) dict_keys(['example_task_group_decorator']) retrieved from /home/airflow/.local/lib/python3.7/site-packages/airflow/example_dags/example_task_group_decorator.py
[2022-11-25T06:21:33.487+0000] {logging_mixin.py:137} INFO - [2022-11-25T06:21:33.487+0000] {dag.py:2585} INFO - Sync 1 DAGs
[2022-11-25T06:21:33.507+0000] {logging_mixin.py:137} INFO - [2022-11-25T06:21:33.506+0000] {dag.py:3340} INFO - Setting next_dagrun for example_task_group_decorator to 2022-11-24T06:21:33.506732+00:00, run_after=2022-11-25T06:21:33.506732+00:00
[2022-11-25T06:21:33.520+0000] {processor.py:176} INFO - Processing /home/airflow/.local/lib/python3.7/site-packages/airflow/example_dags/example_task_group_decorator.py took 0.096 seconds
[2022-11-25T06:22:03.600+0000] {processor.py:154} INFO - Started process (PID=255) to work on /home/airflow/.local/lib/python3.7/site-packages/airflow/example_dags/example_task_group_decorator.py
[2022-11-25T06:22:03.601+0000] {processor.py:756} INFO - Processing file /home/airflow/.local/lib/python3.7/site-packages/airflow/example_dags/example_task_group_decorator.py for tasks to queue
[2022-11-25T06:22:03.603+0000] {logging_mixin.py:137} INFO - [2022-11-25T06:22:03.603+0000] {dagbag.py:537} INFO - Filling up the DagBag from /home/airflow/.local/lib/python3.7/site-packages/airflow/example_dags/example_task_group_decorator.py
[2022-11-25T06:22:03.625+0000] {processor.py:766} INFO - DAG(s) dict_keys(['example_task_group_decorator']) retrieved from /home/airflow/.local/lib/python3.7/site-packages/airflow/example_dags/example_task_group_decorator.py
[2022-11-25T06:22:03.646+0000] {logging_mixin.py:137} INFO - [2022-11-25T06:22:03.646+0000] {dag.py:2585} INFO - Sync 1 DAGs
[2022-11-25T06:22:03.667+0000] {logging_mixin.py:137} INFO - [2022-11-25T06:22:03.667+0000] {dag.py:3340} INFO - Setting next_dagrun for example_task_group_decorator to 2022-11-24T06:22:03.667566+00:00, run_after=2022-11-25T06:22:03.667566+00:00
[2022-11-25T06:22:03.682+0000] {processor.py:176} INFO - Processing /home/airflow/.local/lib/python3.7/site-packages/airflow/example_dags/example_task_group_decorator.py took 0.086 seconds
[2022-11-25T06:22:34.580+0000] {processor.py:154} INFO - Started process (PID=324) to work on /home/airflow/.local/lib/python3.7/site-packages/airflow/example_dags/example_task_group_decorator.py
[2022-11-25T06:22:34.582+0000] {processor.py:756} INFO - Processing file /home/airflow/.local/lib/python3.7/site-packages/airflow/example_dags/example_task_group_decorator.py for tasks to queue
[2022-11-25T06:22:34.584+0000] {logging_mixin.py:137} INFO - [2022-11-25T06:22:34.584+0000] {dagbag.py:537} INFO - Filling up the DagBag from /home/airflow/.local/lib/python3.7/site-packages/airflow/example_dags/example_task_group_decorator.py
[2022-11-25T06:22:34.610+0000] {processor.py:766} INFO - DAG(s) dict_keys(['example_task_group_decorator']) retrieved from /home/airflow/.local/lib/python3.7/site-packages/airflow/example_dags/example_task_group_decorator.py
[2022-11-25T06:22:34.660+0000] {logging_mixin.py:137} INFO - [2022-11-25T06:22:34.660+0000] {dag.py:2585} INFO - Sync 1 DAGs
[2022-11-25T06:22:34.684+0000] {logging_mixin.py:137} INFO - [2022-11-25T06:22:34.684+0000] {dag.py:3340} INFO - Setting next_dagrun for example_task_group_decorator to 2022-11-24T06:22:34.684705+00:00, run_after=2022-11-25T06:22:34.684705+00:00
[2022-11-25T06:22:34.704+0000] {processor.py:176} INFO - Processing /home/airflow/.local/lib/python3.7/site-packages/airflow/example_dags/example_task_group_decorator.py took 0.126 seconds
[2022-11-25T06:23:05.233+0000] {processor.py:154} INFO - Started process (PID=391) to work on /home/airflow/.local/lib/python3.7/site-packages/airflow/example_dags/example_task_group_decorator.py
[2022-11-25T06:23:05.235+0000] {processor.py:756} INFO - Processing file /home/airflow/.local/lib/python3.7/site-packages/airflow/example_dags/example_task_group_decorator.py for tasks to queue
[2022-11-25T06:23:05.236+0000] {logging_mixin.py:137} INFO - [2022-11-25T06:23:05.236+0000] {dagbag.py:537} INFO - Filling up the DagBag from /home/airflow/.local/lib/python3.7/site-packages/airflow/example_dags/example_task_group_decorator.py
[2022-11-25T06:23:05.262+0000] {processor.py:766} INFO - DAG(s) dict_keys(['example_task_group_decorator']) retrieved from /home/airflow/.local/lib/python3.7/site-packages/airflow/example_dags/example_task_group_decorator.py
[2022-11-25T06:23:05.293+0000] {logging_mixin.py:137} INFO - [2022-11-25T06:23:05.293+0000] {dag.py:2585} INFO - Sync 1 DAGs
[2022-11-25T06:23:05.313+0000] {logging_mixin.py:137} INFO - [2022-11-25T06:23:05.312+0000] {dag.py:3340} INFO - Setting next_dagrun for example_task_group_decorator to 2022-11-24T06:23:05.312671+00:00, run_after=2022-11-25T06:23:05.312671+00:00
[2022-11-25T06:23:05.327+0000] {processor.py:176} INFO - Processing /home/airflow/.local/lib/python3.7/site-packages/airflow/example_dags/example_task_group_decorator.py took 0.098 seconds
[2022-11-25T06:23:35.672+0000] {processor.py:154} INFO - Started process (PID=459) to work on /home/airflow/.local/lib/python3.7/site-packages/airflow/example_dags/example_task_group_decorator.py
[2022-11-25T06:23:35.674+0000] {processor.py:756} INFO - Processing file /home/airflow/.local/lib/python3.7/site-packages/airflow/example_dags/example_task_group_decorator.py for tasks to queue
[2022-11-25T06:23:35.675+0000] {logging_mixin.py:137} INFO - [2022-11-25T06:23:35.675+0000] {dagbag.py:537} INFO - Filling up the DagBag from /home/airflow/.local/lib/python3.7/site-packages/airflow/example_dags/example_task_group_decorator.py
[2022-11-25T06:23:35.692+0000] {processor.py:766} INFO - DAG(s) dict_keys(['example_task_group_decorator']) retrieved from /home/airflow/.local/lib/python3.7/site-packages/airflow/example_dags/example_task_group_decorator.py
[2022-11-25T06:23:35.719+0000] {logging_mixin.py:137} INFO - [2022-11-25T06:23:35.719+0000] {dag.py:2585} INFO - Sync 1 DAGs
[2022-11-25T06:23:35.734+0000] {logging_mixin.py:137} INFO - [2022-11-25T06:23:35.734+0000] {dag.py:3340} INFO - Setting next_dagrun for example_task_group_decorator to 2022-11-24T06:23:35.734747+00:00, run_after=2022-11-25T06:23:35.734747+00:00
[2022-11-25T06:23:35.747+0000] {processor.py:176} INFO - Processing /home/airflow/.local/lib/python3.7/site-packages/airflow/example_dags/example_task_group_decorator.py took 0.077 seconds
[2022-11-25T06:24:06.454+0000] {processor.py:154} INFO - Started process (PID=518) to work on /home/airflow/.local/lib/python3.7/site-packages/airflow/example_dags/example_task_group_decorator.py
[2022-11-25T06:24:06.456+0000] {processor.py:756} INFO - Processing file /home/airflow/.local/lib/python3.7/site-packages/airflow/example_dags/example_task_group_decorator.py for tasks to queue
[2022-11-25T06:24:06.457+0000] {logging_mixin.py:137} INFO - [2022-11-25T06:24:06.457+0000] {dagbag.py:537} INFO - Filling up the DagBag from /home/airflow/.local/lib/python3.7/site-packages/airflow/example_dags/example_task_group_decorator.py
[2022-11-25T06:24:06.475+0000] {processor.py:766} INFO - DAG(s) dict_keys(['example_task_group_decorator']) retrieved from /home/airflow/.local/lib/python3.7/site-packages/airflow/example_dags/example_task_group_decorator.py
[2022-11-25T06:24:06.508+0000] {logging_mixin.py:137} INFO - [2022-11-25T06:24:06.508+0000] {dag.py:2585} INFO - Sync 1 DAGs
[2022-11-25T06:24:06.525+0000] {logging_mixin.py:137} INFO - [2022-11-25T06:24:06.525+0000] {dag.py:3340} INFO - Setting next_dagrun for example_task_group_decorator to 2022-11-24T06:24:06.525468+00:00, run_after=2022-11-25T06:24:06.525468+00:00
[2022-11-25T06:24:06.538+0000] {processor.py:176} INFO - Processing /home/airflow/.local/lib/python3.7/site-packages/airflow/example_dags/example_task_group_decorator.py took 0.087 seconds
[2022-11-25T06:24:38.472+0000] {processor.py:154} INFO - Started process (PID=585) to work on /home/airflow/.local/lib/python3.7/site-packages/airflow/example_dags/example_task_group_decorator.py
[2022-11-25T06:24:38.474+0000] {processor.py:756} INFO - Processing file /home/airflow/.local/lib/python3.7/site-packages/airflow/example_dags/example_task_group_decorator.py for tasks to queue
[2022-11-25T06:24:38.475+0000] {logging_mixin.py:137} INFO - [2022-11-25T06:24:38.475+0000] {dagbag.py:537} INFO - Filling up the DagBag from /home/airflow/.local/lib/python3.7/site-packages/airflow/example_dags/example_task_group_decorator.py
[2022-11-25T06:24:38.498+0000] {processor.py:766} INFO - DAG(s) dict_keys(['example_task_group_decorator']) retrieved from /home/airflow/.local/lib/python3.7/site-packages/airflow/example_dags/example_task_group_decorator.py
[2022-11-25T06:24:38.542+0000] {logging_mixin.py:137} INFO - [2022-11-25T06:24:38.541+0000] {dag.py:2585} INFO - Sync 1 DAGs
[2022-11-25T06:24:38.572+0000] {logging_mixin.py:137} INFO - [2022-11-25T06:24:38.572+0000] {dag.py:3340} INFO - Setting next_dagrun for example_task_group_decorator to 2022-11-24T06:24:38.572564+00:00, run_after=2022-11-25T06:24:38.572564+00:00
[2022-11-25T06:24:38.588+0000] {processor.py:176} INFO - Processing /home/airflow/.local/lib/python3.7/site-packages/airflow/example_dags/example_task_group_decorator.py took 0.119 seconds
