[2022-11-25T05:25:09.769+0000] {processor.py:154} INFO - Started process (PID=48) to work on /home/airflow/.local/lib/python3.7/site-packages/airflow/example_dags/example_xcom.py
[2022-11-25T05:25:09.783+0000] {processor.py:756} INFO - Processing file /home/airflow/.local/lib/python3.7/site-packages/airflow/example_dags/example_xcom.py for tasks to queue
[2022-11-25T05:25:09.787+0000] {logging_mixin.py:137} INFO - [2022-11-25T05:25:09.787+0000] {dagbag.py:537} INFO - Filling up the DagBag from /home/airflow/.local/lib/python3.7/site-packages/airflow/example_dags/example_xcom.py
[2022-11-25T05:25:10.013+0000] {processor.py:766} INFO - DAG(s) dict_keys(['example_xcom']) retrieved from /home/airflow/.local/lib/python3.7/site-packages/airflow/example_dags/example_xcom.py
[2022-11-25T05:25:10.388+0000] {logging_mixin.py:137} INFO - [2022-11-25T05:25:10.388+0000] {dag.py:2585} INFO - Sync 1 DAGs
[2022-11-25T05:25:10.509+0000] {logging_mixin.py:137} INFO - [2022-11-25T05:25:10.508+0000] {dag.py:3340} INFO - Setting next_dagrun for example_xcom to 2021-01-01T00:00:00+00:00, run_after=2021-01-01T00:00:00+00:00
[2022-11-25T05:25:10.745+0000] {processor.py:176} INFO - Processing /home/airflow/.local/lib/python3.7/site-packages/airflow/example_dags/example_xcom.py took 1.091 seconds
[2022-11-25T06:20:26.656+0000] {processor.py:154} INFO - Started process (PID=50) to work on /home/airflow/.local/lib/python3.7/site-packages/airflow/example_dags/example_xcom.py
[2022-11-25T06:20:26.659+0000] {processor.py:756} INFO - Processing file /home/airflow/.local/lib/python3.7/site-packages/airflow/example_dags/example_xcom.py for tasks to queue
[2022-11-25T06:20:26.662+0000] {logging_mixin.py:137} INFO - [2022-11-25T06:20:26.662+0000] {dagbag.py:537} INFO - Filling up the DagBag from /home/airflow/.local/lib/python3.7/site-packages/airflow/example_dags/example_xcom.py
[2022-11-25T06:20:26.712+0000] {processor.py:766} INFO - DAG(s) dict_keys(['example_xcom']) retrieved from /home/airflow/.local/lib/python3.7/site-packages/airflow/example_dags/example_xcom.py
[2022-11-25T06:20:27.081+0000] {logging_mixin.py:137} INFO - [2022-11-25T06:20:27.079+0000] {manager.py:507} INFO - Created Permission View: can read on DAG:example_xcom
[2022-11-25T06:20:27.118+0000] {logging_mixin.py:137} INFO - [2022-11-25T06:20:27.118+0000] {manager.py:507} INFO - Created Permission View: can edit on DAG:example_xcom
[2022-11-25T06:20:27.132+0000] {logging_mixin.py:137} INFO - [2022-11-25T06:20:27.132+0000] {manager.py:507} INFO - Created Permission View: can delete on DAG:example_xcom
[2022-11-25T06:20:27.135+0000] {logging_mixin.py:137} INFO - [2022-11-25T06:20:27.135+0000] {dag.py:2585} INFO - Sync 1 DAGs
[2022-11-25T06:20:27.216+0000] {logging_mixin.py:137} INFO - [2022-11-25T06:20:27.216+0000] {dag.py:2606} INFO - Creating ORM DAG for example_xcom
[2022-11-25T06:20:27.249+0000] {logging_mixin.py:137} INFO - [2022-11-25T06:20:27.249+0000] {dag.py:3340} INFO - Setting next_dagrun for example_xcom to 2021-01-01T00:00:00+00:00, run_after=2021-01-01T00:00:00+00:00
[2022-11-25T06:20:27.367+0000] {processor.py:176} INFO - Processing /home/airflow/.local/lib/python3.7/site-packages/airflow/example_dags/example_xcom.py took 0.714 seconds
[2022-11-25T06:20:58.016+0000] {processor.py:154} INFO - Started process (PID=109) to work on /home/airflow/.local/lib/python3.7/site-packages/airflow/example_dags/example_xcom.py
[2022-11-25T06:20:58.018+0000] {processor.py:756} INFO - Processing file /home/airflow/.local/lib/python3.7/site-packages/airflow/example_dags/example_xcom.py for tasks to queue
[2022-11-25T06:20:58.019+0000] {logging_mixin.py:137} INFO - [2022-11-25T06:20:58.019+0000] {dagbag.py:537} INFO - Filling up the DagBag from /home/airflow/.local/lib/python3.7/site-packages/airflow/example_dags/example_xcom.py
[2022-11-25T06:20:58.040+0000] {processor.py:766} INFO - DAG(s) dict_keys(['example_xcom']) retrieved from /home/airflow/.local/lib/python3.7/site-packages/airflow/example_dags/example_xcom.py
[2022-11-25T06:20:58.073+0000] {logging_mixin.py:137} INFO - [2022-11-25T06:20:58.073+0000] {dag.py:2585} INFO - Sync 1 DAGs
[2022-11-25T06:20:58.091+0000] {logging_mixin.py:137} INFO - [2022-11-25T06:20:58.091+0000] {dag.py:3340} INFO - Setting next_dagrun for example_xcom to 2021-01-01T00:00:00+00:00, run_after=2021-01-01T00:00:00+00:00
[2022-11-25T06:20:58.104+0000] {processor.py:176} INFO - Processing /home/airflow/.local/lib/python3.7/site-packages/airflow/example_dags/example_xcom.py took 0.092 seconds
[2022-11-25T06:21:28.931+0000] {processor.py:154} INFO - Started process (PID=178) to work on /home/airflow/.local/lib/python3.7/site-packages/airflow/example_dags/example_xcom.py
[2022-11-25T06:21:28.933+0000] {processor.py:756} INFO - Processing file /home/airflow/.local/lib/python3.7/site-packages/airflow/example_dags/example_xcom.py for tasks to queue
[2022-11-25T06:21:28.934+0000] {logging_mixin.py:137} INFO - [2022-11-25T06:21:28.933+0000] {dagbag.py:537} INFO - Filling up the DagBag from /home/airflow/.local/lib/python3.7/site-packages/airflow/example_dags/example_xcom.py
[2022-11-25T06:21:28.952+0000] {processor.py:766} INFO - DAG(s) dict_keys(['example_xcom']) retrieved from /home/airflow/.local/lib/python3.7/site-packages/airflow/example_dags/example_xcom.py
[2022-11-25T06:21:28.979+0000] {logging_mixin.py:137} INFO - [2022-11-25T06:21:28.979+0000] {dag.py:2585} INFO - Sync 1 DAGs
[2022-11-25T06:21:28.997+0000] {logging_mixin.py:137} INFO - [2022-11-25T06:21:28.997+0000] {dag.py:3340} INFO - Setting next_dagrun for example_xcom to 2021-01-01T00:00:00+00:00, run_after=2021-01-01T00:00:00+00:00
[2022-11-25T06:21:29.010+0000] {processor.py:176} INFO - Processing /home/airflow/.local/lib/python3.7/site-packages/airflow/example_dags/example_xcom.py took 0.081 seconds
[2022-11-25T06:22:01.205+0000] {processor.py:154} INFO - Started process (PID=247) to work on /home/airflow/.local/lib/python3.7/site-packages/airflow/example_dags/example_xcom.py
[2022-11-25T06:22:01.207+0000] {processor.py:756} INFO - Processing file /home/airflow/.local/lib/python3.7/site-packages/airflow/example_dags/example_xcom.py for tasks to queue
[2022-11-25T06:22:01.210+0000] {logging_mixin.py:137} INFO - [2022-11-25T06:22:01.209+0000] {dagbag.py:537} INFO - Filling up the DagBag from /home/airflow/.local/lib/python3.7/site-packages/airflow/example_dags/example_xcom.py
[2022-11-25T06:22:01.233+0000] {processor.py:766} INFO - DAG(s) dict_keys(['example_xcom']) retrieved from /home/airflow/.local/lib/python3.7/site-packages/airflow/example_dags/example_xcom.py
[2022-11-25T06:22:01.253+0000] {logging_mixin.py:137} INFO - [2022-11-25T06:22:01.253+0000] {dag.py:2585} INFO - Sync 1 DAGs
[2022-11-25T06:22:01.274+0000] {logging_mixin.py:137} INFO - [2022-11-25T06:22:01.274+0000] {dag.py:3340} INFO - Setting next_dagrun for example_xcom to 2021-01-01T00:00:00+00:00, run_after=2021-01-01T00:00:00+00:00
[2022-11-25T06:22:01.289+0000] {processor.py:176} INFO - Processing /home/airflow/.local/lib/python3.7/site-packages/airflow/example_dags/example_xcom.py took 0.091 seconds
[2022-11-25T06:22:31.920+0000] {processor.py:154} INFO - Started process (PID=315) to work on /home/airflow/.local/lib/python3.7/site-packages/airflow/example_dags/example_xcom.py
[2022-11-25T06:22:31.922+0000] {processor.py:756} INFO - Processing file /home/airflow/.local/lib/python3.7/site-packages/airflow/example_dags/example_xcom.py for tasks to queue
[2022-11-25T06:22:31.923+0000] {logging_mixin.py:137} INFO - [2022-11-25T06:22:31.923+0000] {dagbag.py:537} INFO - Filling up the DagBag from /home/airflow/.local/lib/python3.7/site-packages/airflow/example_dags/example_xcom.py
[2022-11-25T06:22:31.941+0000] {processor.py:766} INFO - DAG(s) dict_keys(['example_xcom']) retrieved from /home/airflow/.local/lib/python3.7/site-packages/airflow/example_dags/example_xcom.py
[2022-11-25T06:22:31.975+0000] {logging_mixin.py:137} INFO - [2022-11-25T06:22:31.974+0000] {dag.py:2585} INFO - Sync 1 DAGs
[2022-11-25T06:22:31.993+0000] {logging_mixin.py:137} INFO - [2022-11-25T06:22:31.993+0000] {dag.py:3340} INFO - Setting next_dagrun for example_xcom to 2021-01-01T00:00:00+00:00, run_after=2021-01-01T00:00:00+00:00
[2022-11-25T06:22:32.008+0000] {processor.py:176} INFO - Processing /home/airflow/.local/lib/python3.7/site-packages/airflow/example_dags/example_xcom.py took 0.093 seconds
[2022-11-25T06:23:02.566+0000] {processor.py:154} INFO - Started process (PID=382) to work on /home/airflow/.local/lib/python3.7/site-packages/airflow/example_dags/example_xcom.py
[2022-11-25T06:23:02.568+0000] {processor.py:756} INFO - Processing file /home/airflow/.local/lib/python3.7/site-packages/airflow/example_dags/example_xcom.py for tasks to queue
[2022-11-25T06:23:02.569+0000] {logging_mixin.py:137} INFO - [2022-11-25T06:23:02.569+0000] {dagbag.py:537} INFO - Filling up the DagBag from /home/airflow/.local/lib/python3.7/site-packages/airflow/example_dags/example_xcom.py
[2022-11-25T06:23:02.599+0000] {processor.py:766} INFO - DAG(s) dict_keys(['example_xcom']) retrieved from /home/airflow/.local/lib/python3.7/site-packages/airflow/example_dags/example_xcom.py
[2022-11-25T06:23:02.641+0000] {logging_mixin.py:137} INFO - [2022-11-25T06:23:02.641+0000] {dag.py:2585} INFO - Sync 1 DAGs
[2022-11-25T06:23:02.667+0000] {logging_mixin.py:137} INFO - [2022-11-25T06:23:02.667+0000] {dag.py:3340} INFO - Setting next_dagrun for example_xcom to 2021-01-01T00:00:00+00:00, run_after=2021-01-01T00:00:00+00:00
[2022-11-25T06:23:02.683+0000] {processor.py:176} INFO - Processing /home/airflow/.local/lib/python3.7/site-packages/airflow/example_dags/example_xcom.py took 0.120 seconds
[2022-11-25T06:23:34.797+0000] {processor.py:154} INFO - Started process (PID=450) to work on /home/airflow/.local/lib/python3.7/site-packages/airflow/example_dags/example_xcom.py
[2022-11-25T06:23:34.802+0000] {processor.py:756} INFO - Processing file /home/airflow/.local/lib/python3.7/site-packages/airflow/example_dags/example_xcom.py for tasks to queue
[2022-11-25T06:23:34.806+0000] {logging_mixin.py:137} INFO - [2022-11-25T06:23:34.805+0000] {dagbag.py:537} INFO - Filling up the DagBag from /home/airflow/.local/lib/python3.7/site-packages/airflow/example_dags/example_xcom.py
[2022-11-25T06:23:34.894+0000] {processor.py:766} INFO - DAG(s) dict_keys(['example_xcom']) retrieved from /home/airflow/.local/lib/python3.7/site-packages/airflow/example_dags/example_xcom.py
[2022-11-25T06:23:34.985+0000] {logging_mixin.py:137} INFO - [2022-11-25T06:23:34.984+0000] {dag.py:2585} INFO - Sync 1 DAGs
[2022-11-25T06:23:35.026+0000] {logging_mixin.py:137} INFO - [2022-11-25T06:23:35.026+0000] {dag.py:3340} INFO - Setting next_dagrun for example_xcom to 2021-01-01T00:00:00+00:00, run_after=2021-01-01T00:00:00+00:00
[2022-11-25T06:23:35.063+0000] {processor.py:176} INFO - Processing /home/airflow/.local/lib/python3.7/site-packages/airflow/example_dags/example_xcom.py took 0.280 seconds
[2022-11-25T06:24:05.932+0000] {processor.py:154} INFO - Started process (PID=509) to work on /home/airflow/.local/lib/python3.7/site-packages/airflow/example_dags/example_xcom.py
[2022-11-25T06:24:05.934+0000] {processor.py:756} INFO - Processing file /home/airflow/.local/lib/python3.7/site-packages/airflow/example_dags/example_xcom.py for tasks to queue
[2022-11-25T06:24:05.936+0000] {logging_mixin.py:137} INFO - [2022-11-25T06:24:05.936+0000] {dagbag.py:537} INFO - Filling up the DagBag from /home/airflow/.local/lib/python3.7/site-packages/airflow/example_dags/example_xcom.py
[2022-11-25T06:24:05.969+0000] {processor.py:766} INFO - DAG(s) dict_keys(['example_xcom']) retrieved from /home/airflow/.local/lib/python3.7/site-packages/airflow/example_dags/example_xcom.py
[2022-11-25T06:24:06.019+0000] {logging_mixin.py:137} INFO - [2022-11-25T06:24:06.019+0000] {dag.py:2585} INFO - Sync 1 DAGs
[2022-11-25T06:24:06.041+0000] {logging_mixin.py:137} INFO - [2022-11-25T06:24:06.041+0000] {dag.py:3340} INFO - Setting next_dagrun for example_xcom to 2021-01-01T00:00:00+00:00, run_after=2021-01-01T00:00:00+00:00
[2022-11-25T06:24:06.055+0000] {processor.py:176} INFO - Processing /home/airflow/.local/lib/python3.7/site-packages/airflow/example_dags/example_xcom.py took 0.128 seconds
[2022-11-25T06:24:37.533+0000] {processor.py:154} INFO - Started process (PID=576) to work on /home/airflow/.local/lib/python3.7/site-packages/airflow/example_dags/example_xcom.py
[2022-11-25T06:24:37.536+0000] {processor.py:756} INFO - Processing file /home/airflow/.local/lib/python3.7/site-packages/airflow/example_dags/example_xcom.py for tasks to queue
[2022-11-25T06:24:37.538+0000] {logging_mixin.py:137} INFO - [2022-11-25T06:24:37.537+0000] {dagbag.py:537} INFO - Filling up the DagBag from /home/airflow/.local/lib/python3.7/site-packages/airflow/example_dags/example_xcom.py
[2022-11-25T06:24:37.617+0000] {processor.py:766} INFO - DAG(s) dict_keys(['example_xcom']) retrieved from /home/airflow/.local/lib/python3.7/site-packages/airflow/example_dags/example_xcom.py
[2022-11-25T06:24:37.723+0000] {logging_mixin.py:137} INFO - [2022-11-25T06:24:37.722+0000] {dag.py:2585} INFO - Sync 1 DAGs
[2022-11-25T06:24:37.756+0000] {logging_mixin.py:137} INFO - [2022-11-25T06:24:37.756+0000] {dag.py:3340} INFO - Setting next_dagrun for example_xcom to 2021-01-01T00:00:00+00:00, run_after=2021-01-01T00:00:00+00:00
[2022-11-25T06:24:37.782+0000] {processor.py:176} INFO - Processing /home/airflow/.local/lib/python3.7/site-packages/airflow/example_dags/example_xcom.py took 0.253 seconds
