[2022-11-25T06:20:33.924+0000] {processor.py:154} INFO - Started process (PID=76) to work on /home/airflow/.local/lib/python3.7/site-packages/airflow/example_dags/example_branch_datetime_operator.py
[2022-11-25T06:20:33.926+0000] {processor.py:756} INFO - Processing file /home/airflow/.local/lib/python3.7/site-packages/airflow/example_dags/example_branch_datetime_operator.py for tasks to queue
[2022-11-25T06:20:33.927+0000] {logging_mixin.py:137} INFO - [2022-11-25T06:20:33.927+0000] {dagbag.py:537} INFO - Filling up the DagBag from /home/airflow/.local/lib/python3.7/site-packages/airflow/example_dags/example_branch_datetime_operator.py
[2022-11-25T06:20:33.939+0000] {processor.py:766} INFO - DAG(s) dict_keys(['example_branch_datetime_operator', 'example_branch_datetime_operator_2', 'example_branch_datetime_operator_3']) retrieved from /home/airflow/.local/lib/python3.7/site-packages/airflow/example_dags/example_branch_datetime_operator.py
[2022-11-25T06:20:34.015+0000] {logging_mixin.py:137} INFO - [2022-11-25T06:20:34.015+0000] {manager.py:507} INFO - Created Permission View: can read on DAG:example_branch_datetime_operator
[2022-11-25T06:20:34.021+0000] {logging_mixin.py:137} INFO - [2022-11-25T06:20:34.020+0000] {manager.py:507} INFO - Created Permission View: can edit on DAG:example_branch_datetime_operator
[2022-11-25T06:20:34.025+0000] {logging_mixin.py:137} INFO - [2022-11-25T06:20:34.025+0000] {manager.py:507} INFO - Created Permission View: can delete on DAG:example_branch_datetime_operator
[2022-11-25T06:20:34.038+0000] {logging_mixin.py:137} INFO - [2022-11-25T06:20:34.038+0000] {manager.py:507} INFO - Created Permission View: can read on DAG:example_branch_datetime_operator_2
[2022-11-25T06:20:34.044+0000] {logging_mixin.py:137} INFO - [2022-11-25T06:20:34.044+0000] {manager.py:507} INFO - Created Permission View: can edit on DAG:example_branch_datetime_operator_2
[2022-11-25T06:20:34.066+0000] {logging_mixin.py:137} INFO - [2022-11-25T06:20:34.065+0000] {manager.py:507} INFO - Created Permission View: can delete on DAG:example_branch_datetime_operator_2
[2022-11-25T06:20:34.086+0000] {logging_mixin.py:137} INFO - [2022-11-25T06:20:34.086+0000] {manager.py:507} INFO - Created Permission View: can read on DAG:example_branch_datetime_operator_3
[2022-11-25T06:20:34.096+0000] {logging_mixin.py:137} INFO - [2022-11-25T06:20:34.096+0000] {manager.py:507} INFO - Created Permission View: can edit on DAG:example_branch_datetime_operator_3
[2022-11-25T06:20:34.103+0000] {logging_mixin.py:137} INFO - [2022-11-25T06:20:34.103+0000] {manager.py:507} INFO - Created Permission View: can delete on DAG:example_branch_datetime_operator_3
[2022-11-25T06:20:34.105+0000] {logging_mixin.py:137} INFO - [2022-11-25T06:20:34.104+0000] {dag.py:2585} INFO - Sync 3 DAGs
[2022-11-25T06:20:34.118+0000] {logging_mixin.py:137} INFO - [2022-11-25T06:20:34.118+0000] {dag.py:2606} INFO - Creating ORM DAG for example_branch_datetime_operator_3
[2022-11-25T06:20:34.119+0000] {logging_mixin.py:137} INFO - [2022-11-25T06:20:34.119+0000] {dag.py:2606} INFO - Creating ORM DAG for example_branch_datetime_operator_2
[2022-11-25T06:20:34.120+0000] {logging_mixin.py:137} INFO - [2022-11-25T06:20:34.120+0000] {dag.py:2606} INFO - Creating ORM DAG for example_branch_datetime_operator
[2022-11-25T06:20:34.130+0000] {logging_mixin.py:137} INFO - [2022-11-25T06:20:34.130+0000] {dag.py:3340} INFO - Setting next_dagrun for example_branch_datetime_operator to 2022-11-24T00:00:00+00:00, run_after=2022-11-25T00:00:00+00:00
[2022-11-25T06:20:34.131+0000] {logging_mixin.py:137} INFO - [2022-11-25T06:20:34.131+0000] {dag.py:3340} INFO - Setting next_dagrun for example_branch_datetime_operator_2 to 2022-11-24T00:00:00+00:00, run_after=2022-11-25T00:00:00+00:00
[2022-11-25T06:20:34.134+0000] {logging_mixin.py:137} INFO - [2022-11-25T06:20:34.134+0000] {dag.py:3340} INFO - Setting next_dagrun for example_branch_datetime_operator_3 to 2022-11-24T00:00:00+00:00, run_after=2022-11-25T00:00:00+00:00
[2022-11-25T06:20:34.154+0000] {processor.py:176} INFO - Processing /home/airflow/.local/lib/python3.7/site-packages/airflow/example_dags/example_branch_datetime_operator.py took 0.232 seconds
[2022-11-25T06:21:04.618+0000] {processor.py:154} INFO - Started process (PID=144) to work on /home/airflow/.local/lib/python3.7/site-packages/airflow/example_dags/example_branch_datetime_operator.py
[2022-11-25T06:21:04.626+0000] {processor.py:756} INFO - Processing file /home/airflow/.local/lib/python3.7/site-packages/airflow/example_dags/example_branch_datetime_operator.py for tasks to queue
[2022-11-25T06:21:04.629+0000] {logging_mixin.py:137} INFO - [2022-11-25T06:21:04.629+0000] {dagbag.py:537} INFO - Filling up the DagBag from /home/airflow/.local/lib/python3.7/site-packages/airflow/example_dags/example_branch_datetime_operator.py
[2022-11-25T06:21:04.644+0000] {processor.py:766} INFO - DAG(s) dict_keys(['example_branch_datetime_operator_3', 'example_branch_datetime_operator', 'example_branch_datetime_operator_2']) retrieved from /home/airflow/.local/lib/python3.7/site-packages/airflow/example_dags/example_branch_datetime_operator.py
[2022-11-25T06:21:04.691+0000] {logging_mixin.py:137} INFO - [2022-11-25T06:21:04.691+0000] {dag.py:2585} INFO - Sync 3 DAGs
[2022-11-25T06:21:04.713+0000] {logging_mixin.py:137} INFO - [2022-11-25T06:21:04.713+0000] {dag.py:3340} INFO - Setting next_dagrun for example_branch_datetime_operator to 2022-11-24T00:00:00+00:00, run_after=2022-11-25T00:00:00+00:00
[2022-11-25T06:21:04.719+0000] {logging_mixin.py:137} INFO - [2022-11-25T06:21:04.719+0000] {dag.py:3340} INFO - Setting next_dagrun for example_branch_datetime_operator_2 to 2022-11-24T00:00:00+00:00, run_after=2022-11-25T00:00:00+00:00
[2022-11-25T06:21:04.722+0000] {logging_mixin.py:137} INFO - [2022-11-25T06:21:04.722+0000] {dag.py:3340} INFO - Setting next_dagrun for example_branch_datetime_operator_3 to 2022-11-24T00:00:00+00:00, run_after=2022-11-25T00:00:00+00:00
[2022-11-25T06:21:04.737+0000] {processor.py:176} INFO - Processing /home/airflow/.local/lib/python3.7/site-packages/airflow/example_dags/example_branch_datetime_operator.py took 0.122 seconds
[2022-11-25T06:21:35.623+0000] {processor.py:154} INFO - Started process (PID=213) to work on /home/airflow/.local/lib/python3.7/site-packages/airflow/example_dags/example_branch_datetime_operator.py
[2022-11-25T06:21:35.624+0000] {processor.py:756} INFO - Processing file /home/airflow/.local/lib/python3.7/site-packages/airflow/example_dags/example_branch_datetime_operator.py for tasks to queue
[2022-11-25T06:21:35.625+0000] {logging_mixin.py:137} INFO - [2022-11-25T06:21:35.625+0000] {dagbag.py:537} INFO - Filling up the DagBag from /home/airflow/.local/lib/python3.7/site-packages/airflow/example_dags/example_branch_datetime_operator.py
[2022-11-25T06:21:35.637+0000] {processor.py:766} INFO - DAG(s) dict_keys(['example_branch_datetime_operator_3', 'example_branch_datetime_operator_2', 'example_branch_datetime_operator']) retrieved from /home/airflow/.local/lib/python3.7/site-packages/airflow/example_dags/example_branch_datetime_operator.py
[2022-11-25T06:21:35.673+0000] {logging_mixin.py:137} INFO - [2022-11-25T06:21:35.673+0000] {dag.py:2585} INFO - Sync 3 DAGs
[2022-11-25T06:21:35.689+0000] {logging_mixin.py:137} INFO - [2022-11-25T06:21:35.689+0000] {dag.py:3340} INFO - Setting next_dagrun for example_branch_datetime_operator to 2022-11-24T00:00:00+00:00, run_after=2022-11-25T00:00:00+00:00
[2022-11-25T06:21:35.693+0000] {logging_mixin.py:137} INFO - [2022-11-25T06:21:35.693+0000] {dag.py:3340} INFO - Setting next_dagrun for example_branch_datetime_operator_2 to 2022-11-24T00:00:00+00:00, run_after=2022-11-25T00:00:00+00:00
[2022-11-25T06:21:35.695+0000] {logging_mixin.py:137} INFO - [2022-11-25T06:21:35.695+0000] {dag.py:3340} INFO - Setting next_dagrun for example_branch_datetime_operator_3 to 2022-11-24T00:00:00+00:00, run_after=2022-11-25T00:00:00+00:00
[2022-11-25T06:21:35.704+0000] {processor.py:176} INFO - Processing /home/airflow/.local/lib/python3.7/site-packages/airflow/example_dags/example_branch_datetime_operator.py took 0.083 seconds
[2022-11-25T06:22:05.893+0000] {processor.py:154} INFO - Started process (PID=282) to work on /home/airflow/.local/lib/python3.7/site-packages/airflow/example_dags/example_branch_datetime_operator.py
[2022-11-25T06:22:05.895+0000] {processor.py:756} INFO - Processing file /home/airflow/.local/lib/python3.7/site-packages/airflow/example_dags/example_branch_datetime_operator.py for tasks to queue
[2022-11-25T06:22:05.897+0000] {logging_mixin.py:137} INFO - [2022-11-25T06:22:05.897+0000] {dagbag.py:537} INFO - Filling up the DagBag from /home/airflow/.local/lib/python3.7/site-packages/airflow/example_dags/example_branch_datetime_operator.py
[2022-11-25T06:22:05.928+0000] {processor.py:766} INFO - DAG(s) dict_keys(['example_branch_datetime_operator_2', 'example_branch_datetime_operator', 'example_branch_datetime_operator_3']) retrieved from /home/airflow/.local/lib/python3.7/site-packages/airflow/example_dags/example_branch_datetime_operator.py
[2022-11-25T06:22:05.998+0000] {logging_mixin.py:137} INFO - [2022-11-25T06:22:05.998+0000] {dag.py:2585} INFO - Sync 3 DAGs
[2022-11-25T06:22:06.121+0000] {logging_mixin.py:137} INFO - [2022-11-25T06:22:06.120+0000] {dag.py:3340} INFO - Setting next_dagrun for example_branch_datetime_operator to 2022-11-24T00:00:00+00:00, run_after=2022-11-25T00:00:00+00:00
[2022-11-25T06:22:06.142+0000] {logging_mixin.py:137} INFO - [2022-11-25T06:22:06.142+0000] {dag.py:3340} INFO - Setting next_dagrun for example_branch_datetime_operator_2 to 2022-11-24T00:00:00+00:00, run_after=2022-11-25T00:00:00+00:00
[2022-11-25T06:22:06.148+0000] {logging_mixin.py:137} INFO - [2022-11-25T06:22:06.147+0000] {dag.py:3340} INFO - Setting next_dagrun for example_branch_datetime_operator_3 to 2022-11-24T00:00:00+00:00, run_after=2022-11-25T00:00:00+00:00
[2022-11-25T06:22:06.188+0000] {processor.py:176} INFO - Processing /home/airflow/.local/lib/python3.7/site-packages/airflow/example_dags/example_branch_datetime_operator.py took 0.300 seconds
[2022-11-25T06:22:36.899+0000] {processor.py:154} INFO - Started process (PID=341) to work on /home/airflow/.local/lib/python3.7/site-packages/airflow/example_dags/example_branch_datetime_operator.py
[2022-11-25T06:22:36.902+0000] {processor.py:756} INFO - Processing file /home/airflow/.local/lib/python3.7/site-packages/airflow/example_dags/example_branch_datetime_operator.py for tasks to queue
[2022-11-25T06:22:36.904+0000] {logging_mixin.py:137} INFO - [2022-11-25T06:22:36.904+0000] {dagbag.py:537} INFO - Filling up the DagBag from /home/airflow/.local/lib/python3.7/site-packages/airflow/example_dags/example_branch_datetime_operator.py
[2022-11-25T06:22:36.929+0000] {processor.py:766} INFO - DAG(s) dict_keys(['example_branch_datetime_operator_2', 'example_branch_datetime_operator_3', 'example_branch_datetime_operator']) retrieved from /home/airflow/.local/lib/python3.7/site-packages/airflow/example_dags/example_branch_datetime_operator.py
[2022-11-25T06:22:36.983+0000] {logging_mixin.py:137} INFO - [2022-11-25T06:22:36.983+0000] {dag.py:2585} INFO - Sync 3 DAGs
[2022-11-25T06:22:37.005+0000] {logging_mixin.py:137} INFO - [2022-11-25T06:22:37.005+0000] {dag.py:3340} INFO - Setting next_dagrun for example_branch_datetime_operator to 2022-11-24T00:00:00+00:00, run_after=2022-11-25T00:00:00+00:00
[2022-11-25T06:22:37.010+0000] {logging_mixin.py:137} INFO - [2022-11-25T06:22:37.010+0000] {dag.py:3340} INFO - Setting next_dagrun for example_branch_datetime_operator_2 to 2022-11-24T00:00:00+00:00, run_after=2022-11-25T00:00:00+00:00
[2022-11-25T06:22:37.014+0000] {logging_mixin.py:137} INFO - [2022-11-25T06:22:37.014+0000] {dag.py:3340} INFO - Setting next_dagrun for example_branch_datetime_operator_3 to 2022-11-24T00:00:00+00:00, run_after=2022-11-25T00:00:00+00:00
[2022-11-25T06:22:37.027+0000] {processor.py:176} INFO - Processing /home/airflow/.local/lib/python3.7/site-packages/airflow/example_dags/example_branch_datetime_operator.py took 0.131 seconds
[2022-11-25T06:23:07.411+0000] {processor.py:154} INFO - Started process (PID=408) to work on /home/airflow/.local/lib/python3.7/site-packages/airflow/example_dags/example_branch_datetime_operator.py
[2022-11-25T06:23:07.413+0000] {processor.py:756} INFO - Processing file /home/airflow/.local/lib/python3.7/site-packages/airflow/example_dags/example_branch_datetime_operator.py for tasks to queue
[2022-11-25T06:23:07.414+0000] {logging_mixin.py:137} INFO - [2022-11-25T06:23:07.414+0000] {dagbag.py:537} INFO - Filling up the DagBag from /home/airflow/.local/lib/python3.7/site-packages/airflow/example_dags/example_branch_datetime_operator.py
[2022-11-25T06:23:07.426+0000] {processor.py:766} INFO - DAG(s) dict_keys(['example_branch_datetime_operator_2', 'example_branch_datetime_operator', 'example_branch_datetime_operator_3']) retrieved from /home/airflow/.local/lib/python3.7/site-packages/airflow/example_dags/example_branch_datetime_operator.py
[2022-11-25T06:23:07.456+0000] {logging_mixin.py:137} INFO - [2022-11-25T06:23:07.456+0000] {dag.py:2585} INFO - Sync 3 DAGs
[2022-11-25T06:23:07.480+0000] {logging_mixin.py:137} INFO - [2022-11-25T06:23:07.480+0000] {dag.py:3340} INFO - Setting next_dagrun for example_branch_datetime_operator to 2022-11-24T00:00:00+00:00, run_after=2022-11-25T00:00:00+00:00
[2022-11-25T06:23:07.484+0000] {logging_mixin.py:137} INFO - [2022-11-25T06:23:07.484+0000] {dag.py:3340} INFO - Setting next_dagrun for example_branch_datetime_operator_2 to 2022-11-24T00:00:00+00:00, run_after=2022-11-25T00:00:00+00:00
[2022-11-25T06:23:07.489+0000] {logging_mixin.py:137} INFO - [2022-11-25T06:23:07.489+0000] {dag.py:3340} INFO - Setting next_dagrun for example_branch_datetime_operator_3 to 2022-11-24T00:00:00+00:00, run_after=2022-11-25T00:00:00+00:00
[2022-11-25T06:23:07.500+0000] {processor.py:176} INFO - Processing /home/airflow/.local/lib/python3.7/site-packages/airflow/example_dags/example_branch_datetime_operator.py took 0.091 seconds
[2022-11-25T06:23:37.863+0000] {processor.py:154} INFO - Started process (PID=476) to work on /home/airflow/.local/lib/python3.7/site-packages/airflow/example_dags/example_branch_datetime_operator.py
[2022-11-25T06:23:37.868+0000] {processor.py:756} INFO - Processing file /home/airflow/.local/lib/python3.7/site-packages/airflow/example_dags/example_branch_datetime_operator.py for tasks to queue
[2022-11-25T06:23:37.869+0000] {logging_mixin.py:137} INFO - [2022-11-25T06:23:37.869+0000] {dagbag.py:537} INFO - Filling up the DagBag from /home/airflow/.local/lib/python3.7/site-packages/airflow/example_dags/example_branch_datetime_operator.py
[2022-11-25T06:23:37.883+0000] {processor.py:766} INFO - DAG(s) dict_keys(['example_branch_datetime_operator_2', 'example_branch_datetime_operator_3', 'example_branch_datetime_operator']) retrieved from /home/airflow/.local/lib/python3.7/site-packages/airflow/example_dags/example_branch_datetime_operator.py
[2022-11-25T06:23:37.924+0000] {logging_mixin.py:137} INFO - [2022-11-25T06:23:37.924+0000] {dag.py:2585} INFO - Sync 3 DAGs
[2022-11-25T06:23:37.947+0000] {logging_mixin.py:137} INFO - [2022-11-25T06:23:37.947+0000] {dag.py:3340} INFO - Setting next_dagrun for example_branch_datetime_operator to 2022-11-24T00:00:00+00:00, run_after=2022-11-25T00:00:00+00:00
[2022-11-25T06:23:37.960+0000] {logging_mixin.py:137} INFO - [2022-11-25T06:23:37.960+0000] {dag.py:3340} INFO - Setting next_dagrun for example_branch_datetime_operator_2 to 2022-11-24T00:00:00+00:00, run_after=2022-11-25T00:00:00+00:00
[2022-11-25T06:23:37.962+0000] {logging_mixin.py:137} INFO - [2022-11-25T06:23:37.962+0000] {dag.py:3340} INFO - Setting next_dagrun for example_branch_datetime_operator_3 to 2022-11-24T00:00:00+00:00, run_after=2022-11-25T00:00:00+00:00
[2022-11-25T06:23:37.972+0000] {processor.py:176} INFO - Processing /home/airflow/.local/lib/python3.7/site-packages/airflow/example_dags/example_branch_datetime_operator.py took 0.113 seconds
[2022-11-25T06:24:08.858+0000] {processor.py:154} INFO - Started process (PID=544) to work on /home/airflow/.local/lib/python3.7/site-packages/airflow/example_dags/example_branch_datetime_operator.py
[2022-11-25T06:24:08.860+0000] {processor.py:756} INFO - Processing file /home/airflow/.local/lib/python3.7/site-packages/airflow/example_dags/example_branch_datetime_operator.py for tasks to queue
[2022-11-25T06:24:08.862+0000] {logging_mixin.py:137} INFO - [2022-11-25T06:24:08.862+0000] {dagbag.py:537} INFO - Filling up the DagBag from /home/airflow/.local/lib/python3.7/site-packages/airflow/example_dags/example_branch_datetime_operator.py
[2022-11-25T06:24:08.882+0000] {processor.py:766} INFO - DAG(s) dict_keys(['example_branch_datetime_operator_2', 'example_branch_datetime_operator', 'example_branch_datetime_operator_3']) retrieved from /home/airflow/.local/lib/python3.7/site-packages/airflow/example_dags/example_branch_datetime_operator.py
[2022-11-25T06:24:08.922+0000] {logging_mixin.py:137} INFO - [2022-11-25T06:24:08.921+0000] {dag.py:2585} INFO - Sync 3 DAGs
[2022-11-25T06:24:08.942+0000] {logging_mixin.py:137} INFO - [2022-11-25T06:24:08.942+0000] {dag.py:3340} INFO - Setting next_dagrun for example_branch_datetime_operator to 2022-11-24T00:00:00+00:00, run_after=2022-11-25T00:00:00+00:00
[2022-11-25T06:24:08.946+0000] {logging_mixin.py:137} INFO - [2022-11-25T06:24:08.946+0000] {dag.py:3340} INFO - Setting next_dagrun for example_branch_datetime_operator_2 to 2022-11-24T00:00:00+00:00, run_after=2022-11-25T00:00:00+00:00
[2022-11-25T06:24:08.949+0000] {logging_mixin.py:137} INFO - [2022-11-25T06:24:08.949+0000] {dag.py:3340} INFO - Setting next_dagrun for example_branch_datetime_operator_3 to 2022-11-24T00:00:00+00:00, run_after=2022-11-25T00:00:00+00:00
[2022-11-25T06:24:08.965+0000] {processor.py:176} INFO - Processing /home/airflow/.local/lib/python3.7/site-packages/airflow/example_dags/example_branch_datetime_operator.py took 0.109 seconds
[2022-11-25T06:24:39.748+0000] {processor.py:154} INFO - Started process (PID=602) to work on /home/airflow/.local/lib/python3.7/site-packages/airflow/example_dags/example_branch_datetime_operator.py
[2022-11-25T06:24:39.750+0000] {processor.py:756} INFO - Processing file /home/airflow/.local/lib/python3.7/site-packages/airflow/example_dags/example_branch_datetime_operator.py for tasks to queue
[2022-11-25T06:24:39.751+0000] {logging_mixin.py:137} INFO - [2022-11-25T06:24:39.751+0000] {dagbag.py:537} INFO - Filling up the DagBag from /home/airflow/.local/lib/python3.7/site-packages/airflow/example_dags/example_branch_datetime_operator.py
[2022-11-25T06:24:39.766+0000] {processor.py:766} INFO - DAG(s) dict_keys(['example_branch_datetime_operator_3', 'example_branch_datetime_operator_2', 'example_branch_datetime_operator']) retrieved from /home/airflow/.local/lib/python3.7/site-packages/airflow/example_dags/example_branch_datetime_operator.py
[2022-11-25T06:24:39.797+0000] {logging_mixin.py:137} INFO - [2022-11-25T06:24:39.797+0000] {dag.py:2585} INFO - Sync 3 DAGs
[2022-11-25T06:24:39.814+0000] {logging_mixin.py:137} INFO - [2022-11-25T06:24:39.813+0000] {dag.py:3340} INFO - Setting next_dagrun for example_branch_datetime_operator to 2022-11-24T00:00:00+00:00, run_after=2022-11-25T00:00:00+00:00
[2022-11-25T06:24:39.818+0000] {logging_mixin.py:137} INFO - [2022-11-25T06:24:39.818+0000] {dag.py:3340} INFO - Setting next_dagrun for example_branch_datetime_operator_2 to 2022-11-24T00:00:00+00:00, run_after=2022-11-25T00:00:00+00:00
[2022-11-25T06:24:39.820+0000] {logging_mixin.py:137} INFO - [2022-11-25T06:24:39.820+0000] {dag.py:3340} INFO - Setting next_dagrun for example_branch_datetime_operator_3 to 2022-11-24T00:00:00+00:00, run_after=2022-11-25T00:00:00+00:00
[2022-11-25T06:24:39.831+0000] {processor.py:176} INFO - Processing /home/airflow/.local/lib/python3.7/site-packages/airflow/example_dags/example_branch_datetime_operator.py took 0.086 seconds
