[2022-11-25T06:20:33.902+0000] {processor.py:154} INFO - Started process (PID=75) to work on /home/airflow/.local/lib/python3.7/site-packages/airflow/example_dags/example_kubernetes_executor.py
[2022-11-25T06:20:33.903+0000] {processor.py:756} INFO - Processing file /home/airflow/.local/lib/python3.7/site-packages/airflow/example_dags/example_kubernetes_executor.py for tasks to queue
[2022-11-25T06:20:33.904+0000] {logging_mixin.py:137} INFO - [2022-11-25T06:20:33.904+0000] {dagbag.py:537} INFO - Filling up the DagBag from /home/airflow/.local/lib/python3.7/site-packages/airflow/example_dags/example_kubernetes_executor.py
[2022-11-25T06:20:33.928+0000] {processor.py:766} INFO - DAG(s) dict_keys(['example_kubernetes_executor']) retrieved from /home/airflow/.local/lib/python3.7/site-packages/airflow/example_dags/example_kubernetes_executor.py
[2022-11-25T06:20:34.002+0000] {logging_mixin.py:137} INFO - [2022-11-25T06:20:34.002+0000] {manager.py:507} INFO - Created Permission View: can read on DAG:example_kubernetes_executor
[2022-11-25T06:20:34.009+0000] {logging_mixin.py:137} INFO - [2022-11-25T06:20:34.009+0000] {manager.py:507} INFO - Created Permission View: can edit on DAG:example_kubernetes_executor
[2022-11-25T06:20:34.013+0000] {logging_mixin.py:137} INFO - [2022-11-25T06:20:34.013+0000] {manager.py:507} INFO - Created Permission View: can delete on DAG:example_kubernetes_executor
[2022-11-25T06:20:34.014+0000] {logging_mixin.py:137} INFO - [2022-11-25T06:20:34.014+0000] {dag.py:2585} INFO - Sync 1 DAGs
[2022-11-25T06:20:34.022+0000] {logging_mixin.py:137} INFO - [2022-11-25T06:20:34.022+0000] {dag.py:2606} INFO - Creating ORM DAG for example_kubernetes_executor
[2022-11-25T06:20:34.030+0000] {logging_mixin.py:137} INFO - [2022-11-25T06:20:34.030+0000] {dag.py:3340} INFO - Setting next_dagrun for example_kubernetes_executor to None, run_after=None
[2022-11-25T06:20:34.048+0000] {processor.py:176} INFO - Processing /home/airflow/.local/lib/python3.7/site-packages/airflow/example_dags/example_kubernetes_executor.py took 0.149 seconds
[2022-11-25T06:21:04.624+0000] {processor.py:154} INFO - Started process (PID=143) to work on /home/airflow/.local/lib/python3.7/site-packages/airflow/example_dags/example_kubernetes_executor.py
[2022-11-25T06:21:04.628+0000] {processor.py:756} INFO - Processing file /home/airflow/.local/lib/python3.7/site-packages/airflow/example_dags/example_kubernetes_executor.py for tasks to queue
[2022-11-25T06:21:04.631+0000] {logging_mixin.py:137} INFO - [2022-11-25T06:21:04.631+0000] {dagbag.py:537} INFO - Filling up the DagBag from /home/airflow/.local/lib/python3.7/site-packages/airflow/example_dags/example_kubernetes_executor.py
[2022-11-25T06:21:04.658+0000] {processor.py:766} INFO - DAG(s) dict_keys(['example_kubernetes_executor']) retrieved from /home/airflow/.local/lib/python3.7/site-packages/airflow/example_dags/example_kubernetes_executor.py
[2022-11-25T06:21:04.699+0000] {logging_mixin.py:137} INFO - [2022-11-25T06:21:04.699+0000] {dag.py:2585} INFO - Sync 1 DAGs
[2022-11-25T06:21:04.721+0000] {logging_mixin.py:137} INFO - [2022-11-25T06:21:04.721+0000] {dag.py:3340} INFO - Setting next_dagrun for example_kubernetes_executor to None, run_after=None
[2022-11-25T06:21:04.736+0000] {processor.py:176} INFO - Processing /home/airflow/.local/lib/python3.7/site-packages/airflow/example_dags/example_kubernetes_executor.py took 0.124 seconds
[2022-11-25T06:21:35.524+0000] {processor.py:154} INFO - Started process (PID=212) to work on /home/airflow/.local/lib/python3.7/site-packages/airflow/example_dags/example_kubernetes_executor.py
[2022-11-25T06:21:35.525+0000] {processor.py:756} INFO - Processing file /home/airflow/.local/lib/python3.7/site-packages/airflow/example_dags/example_kubernetes_executor.py for tasks to queue
[2022-11-25T06:21:35.526+0000] {logging_mixin.py:137} INFO - [2022-11-25T06:21:35.526+0000] {dagbag.py:537} INFO - Filling up the DagBag from /home/airflow/.local/lib/python3.7/site-packages/airflow/example_dags/example_kubernetes_executor.py
[2022-11-25T06:21:35.543+0000] {processor.py:766} INFO - DAG(s) dict_keys(['example_kubernetes_executor']) retrieved from /home/airflow/.local/lib/python3.7/site-packages/airflow/example_dags/example_kubernetes_executor.py
[2022-11-25T06:21:35.572+0000] {logging_mixin.py:137} INFO - [2022-11-25T06:21:35.572+0000] {dag.py:2585} INFO - Sync 1 DAGs
[2022-11-25T06:21:35.587+0000] {logging_mixin.py:137} INFO - [2022-11-25T06:21:35.587+0000] {dag.py:3340} INFO - Setting next_dagrun for example_kubernetes_executor to None, run_after=None
[2022-11-25T06:21:35.599+0000] {processor.py:176} INFO - Processing /home/airflow/.local/lib/python3.7/site-packages/airflow/example_dags/example_kubernetes_executor.py took 0.077 seconds
[2022-11-25T06:22:05.786+0000] {processor.py:154} INFO - Started process (PID=281) to work on /home/airflow/.local/lib/python3.7/site-packages/airflow/example_dags/example_kubernetes_executor.py
[2022-11-25T06:22:05.787+0000] {processor.py:756} INFO - Processing file /home/airflow/.local/lib/python3.7/site-packages/airflow/example_dags/example_kubernetes_executor.py for tasks to queue
[2022-11-25T06:22:05.788+0000] {logging_mixin.py:137} INFO - [2022-11-25T06:22:05.788+0000] {dagbag.py:537} INFO - Filling up the DagBag from /home/airflow/.local/lib/python3.7/site-packages/airflow/example_dags/example_kubernetes_executor.py
[2022-11-25T06:22:05.849+0000] {processor.py:766} INFO - DAG(s) dict_keys(['example_kubernetes_executor']) retrieved from /home/airflow/.local/lib/python3.7/site-packages/airflow/example_dags/example_kubernetes_executor.py
[2022-11-25T06:22:05.874+0000] {logging_mixin.py:137} INFO - [2022-11-25T06:22:05.873+0000] {dag.py:2585} INFO - Sync 1 DAGs
[2022-11-25T06:22:05.896+0000] {logging_mixin.py:137} INFO - [2022-11-25T06:22:05.896+0000] {dag.py:3340} INFO - Setting next_dagrun for example_kubernetes_executor to None, run_after=None
[2022-11-25T06:22:05.919+0000] {processor.py:176} INFO - Processing /home/airflow/.local/lib/python3.7/site-packages/airflow/example_dags/example_kubernetes_executor.py took 0.136 seconds
[2022-11-25T06:22:36.848+0000] {processor.py:154} INFO - Started process (PID=340) to work on /home/airflow/.local/lib/python3.7/site-packages/airflow/example_dags/example_kubernetes_executor.py
[2022-11-25T06:22:36.850+0000] {processor.py:756} INFO - Processing file /home/airflow/.local/lib/python3.7/site-packages/airflow/example_dags/example_kubernetes_executor.py for tasks to queue
[2022-11-25T06:22:36.854+0000] {logging_mixin.py:137} INFO - [2022-11-25T06:22:36.854+0000] {dagbag.py:537} INFO - Filling up the DagBag from /home/airflow/.local/lib/python3.7/site-packages/airflow/example_dags/example_kubernetes_executor.py
[2022-11-25T06:22:36.892+0000] {processor.py:766} INFO - DAG(s) dict_keys(['example_kubernetes_executor']) retrieved from /home/airflow/.local/lib/python3.7/site-packages/airflow/example_dags/example_kubernetes_executor.py
[2022-11-25T06:22:36.950+0000] {logging_mixin.py:137} INFO - [2022-11-25T06:22:36.950+0000] {dag.py:2585} INFO - Sync 1 DAGs
[2022-11-25T06:22:36.974+0000] {logging_mixin.py:137} INFO - [2022-11-25T06:22:36.974+0000] {dag.py:3340} INFO - Setting next_dagrun for example_kubernetes_executor to None, run_after=None
[2022-11-25T06:22:36.993+0000] {processor.py:176} INFO - Processing /home/airflow/.local/lib/python3.7/site-packages/airflow/example_dags/example_kubernetes_executor.py took 0.147 seconds
[2022-11-25T06:23:07.378+0000] {processor.py:154} INFO - Started process (PID=407) to work on /home/airflow/.local/lib/python3.7/site-packages/airflow/example_dags/example_kubernetes_executor.py
[2022-11-25T06:23:07.380+0000] {processor.py:756} INFO - Processing file /home/airflow/.local/lib/python3.7/site-packages/airflow/example_dags/example_kubernetes_executor.py for tasks to queue
[2022-11-25T06:23:07.382+0000] {logging_mixin.py:137} INFO - [2022-11-25T06:23:07.382+0000] {dagbag.py:537} INFO - Filling up the DagBag from /home/airflow/.local/lib/python3.7/site-packages/airflow/example_dags/example_kubernetes_executor.py
[2022-11-25T06:23:07.403+0000] {processor.py:766} INFO - DAG(s) dict_keys(['example_kubernetes_executor']) retrieved from /home/airflow/.local/lib/python3.7/site-packages/airflow/example_dags/example_kubernetes_executor.py
[2022-11-25T06:23:07.431+0000] {logging_mixin.py:137} INFO - [2022-11-25T06:23:07.431+0000] {dag.py:2585} INFO - Sync 1 DAGs
[2022-11-25T06:23:07.447+0000] {logging_mixin.py:137} INFO - [2022-11-25T06:23:07.446+0000] {dag.py:3340} INFO - Setting next_dagrun for example_kubernetes_executor to None, run_after=None
[2022-11-25T06:23:07.460+0000] {processor.py:176} INFO - Processing /home/airflow/.local/lib/python3.7/site-packages/airflow/example_dags/example_kubernetes_executor.py took 0.084 seconds
[2022-11-25T06:23:37.757+0000] {processor.py:154} INFO - Started process (PID=475) to work on /home/airflow/.local/lib/python3.7/site-packages/airflow/example_dags/example_kubernetes_executor.py
[2022-11-25T06:23:37.759+0000] {processor.py:756} INFO - Processing file /home/airflow/.local/lib/python3.7/site-packages/airflow/example_dags/example_kubernetes_executor.py for tasks to queue
[2022-11-25T06:23:37.760+0000] {logging_mixin.py:137} INFO - [2022-11-25T06:23:37.760+0000] {dagbag.py:537} INFO - Filling up the DagBag from /home/airflow/.local/lib/python3.7/site-packages/airflow/example_dags/example_kubernetes_executor.py
[2022-11-25T06:23:37.785+0000] {processor.py:766} INFO - DAG(s) dict_keys(['example_kubernetes_executor']) retrieved from /home/airflow/.local/lib/python3.7/site-packages/airflow/example_dags/example_kubernetes_executor.py
[2022-11-25T06:23:37.815+0000] {logging_mixin.py:137} INFO - [2022-11-25T06:23:37.815+0000] {dag.py:2585} INFO - Sync 1 DAGs
[2022-11-25T06:23:37.831+0000] {logging_mixin.py:137} INFO - [2022-11-25T06:23:37.831+0000] {dag.py:3340} INFO - Setting next_dagrun for example_kubernetes_executor to None, run_after=None
[2022-11-25T06:23:37.850+0000] {processor.py:176} INFO - Processing /home/airflow/.local/lib/python3.7/site-packages/airflow/example_dags/example_kubernetes_executor.py took 0.096 seconds
[2022-11-25T06:24:08.741+0000] {processor.py:154} INFO - Started process (PID=543) to work on /home/airflow/.local/lib/python3.7/site-packages/airflow/example_dags/example_kubernetes_executor.py
[2022-11-25T06:24:08.743+0000] {processor.py:756} INFO - Processing file /home/airflow/.local/lib/python3.7/site-packages/airflow/example_dags/example_kubernetes_executor.py for tasks to queue
[2022-11-25T06:24:08.744+0000] {logging_mixin.py:137} INFO - [2022-11-25T06:24:08.744+0000] {dagbag.py:537} INFO - Filling up the DagBag from /home/airflow/.local/lib/python3.7/site-packages/airflow/example_dags/example_kubernetes_executor.py
[2022-11-25T06:24:08.766+0000] {processor.py:766} INFO - DAG(s) dict_keys(['example_kubernetes_executor']) retrieved from /home/airflow/.local/lib/python3.7/site-packages/airflow/example_dags/example_kubernetes_executor.py
[2022-11-25T06:24:08.799+0000] {logging_mixin.py:137} INFO - [2022-11-25T06:24:08.799+0000] {dag.py:2585} INFO - Sync 1 DAGs
[2022-11-25T06:24:08.821+0000] {logging_mixin.py:137} INFO - [2022-11-25T06:24:08.820+0000] {dag.py:3340} INFO - Setting next_dagrun for example_kubernetes_executor to None, run_after=None
[2022-11-25T06:24:08.838+0000] {processor.py:176} INFO - Processing /home/airflow/.local/lib/python3.7/site-packages/airflow/example_dags/example_kubernetes_executor.py took 0.098 seconds
[2022-11-25T06:24:39.717+0000] {processor.py:154} INFO - Started process (PID=601) to work on /home/airflow/.local/lib/python3.7/site-packages/airflow/example_dags/example_kubernetes_executor.py
[2022-11-25T06:24:39.718+0000] {processor.py:756} INFO - Processing file /home/airflow/.local/lib/python3.7/site-packages/airflow/example_dags/example_kubernetes_executor.py for tasks to queue
[2022-11-25T06:24:39.719+0000] {logging_mixin.py:137} INFO - [2022-11-25T06:24:39.719+0000] {dagbag.py:537} INFO - Filling up the DagBag from /home/airflow/.local/lib/python3.7/site-packages/airflow/example_dags/example_kubernetes_executor.py
[2022-11-25T06:24:39.748+0000] {processor.py:766} INFO - DAG(s) dict_keys(['example_kubernetes_executor']) retrieved from /home/airflow/.local/lib/python3.7/site-packages/airflow/example_dags/example_kubernetes_executor.py
[2022-11-25T06:24:39.781+0000] {logging_mixin.py:137} INFO - [2022-11-25T06:24:39.781+0000] {dag.py:2585} INFO - Sync 1 DAGs
[2022-11-25T06:24:39.795+0000] {logging_mixin.py:137} INFO - [2022-11-25T06:24:39.795+0000] {dag.py:3340} INFO - Setting next_dagrun for example_kubernetes_executor to None, run_after=None
[2022-11-25T06:24:39.807+0000] {processor.py:176} INFO - Processing /home/airflow/.local/lib/python3.7/site-packages/airflow/example_dags/example_kubernetes_executor.py took 0.092 seconds
