[2022-11-25T06:20:34.204+0000] {processor.py:154} INFO - Started process (PID=78) to work on /home/airflow/.local/lib/python3.7/site-packages/airflow/example_dags/example_dag_decorator.py
[2022-11-25T06:20:34.205+0000] {processor.py:756} INFO - Processing file /home/airflow/.local/lib/python3.7/site-packages/airflow/example_dags/example_dag_decorator.py for tasks to queue
[2022-11-25T06:20:34.206+0000] {logging_mixin.py:137} INFO - [2022-11-25T06:20:34.206+0000] {dagbag.py:537} INFO - Filling up the DagBag from /home/airflow/.local/lib/python3.7/site-packages/airflow/example_dags/example_dag_decorator.py
[2022-11-25T06:20:34.225+0000] {logging_mixin.py:137} INFO - [2022-11-25T06:20:34.225+0000] {taskmixin.py:205} WARNING - Dependency <Task(_PythonDecoratedOperator): prepare_email>, send_email already registered for DAG: example_dag_decorator
[2022-11-25T06:20:34.226+0000] {logging_mixin.py:137} INFO - [2022-11-25T06:20:34.226+0000] {taskmixin.py:205} WARNING - Dependency <Task(EmailOperator): send_email>, prepare_email already registered for DAG: example_dag_decorator
[2022-11-25T06:20:34.244+0000] {processor.py:766} INFO - DAG(s) dict_keys(['example_dag_decorator']) retrieved from /home/airflow/.local/lib/python3.7/site-packages/airflow/example_dags/example_dag_decorator.py
[2022-11-25T06:20:34.349+0000] {logging_mixin.py:137} INFO - [2022-11-25T06:20:34.349+0000] {manager.py:507} INFO - Created Permission View: can read on DAG:example_dag_decorator
[2022-11-25T06:20:34.356+0000] {logging_mixin.py:137} INFO - [2022-11-25T06:20:34.356+0000] {manager.py:507} INFO - Created Permission View: can edit on DAG:example_dag_decorator
[2022-11-25T06:20:34.361+0000] {logging_mixin.py:137} INFO - [2022-11-25T06:20:34.361+0000] {manager.py:507} INFO - Created Permission View: can delete on DAG:example_dag_decorator
[2022-11-25T06:20:34.362+0000] {logging_mixin.py:137} INFO - [2022-11-25T06:20:34.362+0000] {dag.py:2585} INFO - Sync 1 DAGs
[2022-11-25T06:20:34.371+0000] {logging_mixin.py:137} INFO - [2022-11-25T06:20:34.371+0000] {dag.py:2606} INFO - Creating ORM DAG for example_dag_decorator
[2022-11-25T06:20:34.381+0000] {logging_mixin.py:137} INFO - [2022-11-25T06:20:34.381+0000] {dag.py:3340} INFO - Setting next_dagrun for example_dag_decorator to None, run_after=None
[2022-11-25T06:20:34.394+0000] {processor.py:176} INFO - Processing /home/airflow/.local/lib/python3.7/site-packages/airflow/example_dags/example_dag_decorator.py took 0.192 seconds
[2022-11-25T06:21:04.849+0000] {processor.py:154} INFO - Started process (PID=146) to work on /home/airflow/.local/lib/python3.7/site-packages/airflow/example_dags/example_dag_decorator.py
[2022-11-25T06:21:04.850+0000] {processor.py:756} INFO - Processing file /home/airflow/.local/lib/python3.7/site-packages/airflow/example_dags/example_dag_decorator.py for tasks to queue
[2022-11-25T06:21:04.851+0000] {logging_mixin.py:137} INFO - [2022-11-25T06:21:04.851+0000] {dagbag.py:537} INFO - Filling up the DagBag from /home/airflow/.local/lib/python3.7/site-packages/airflow/example_dags/example_dag_decorator.py
[2022-11-25T06:21:04.861+0000] {logging_mixin.py:137} INFO - [2022-11-25T06:21:04.861+0000] {taskmixin.py:205} WARNING - Dependency <Task(_PythonDecoratedOperator): prepare_email>, send_email already registered for DAG: example_dag_decorator
[2022-11-25T06:21:04.862+0000] {logging_mixin.py:137} INFO - [2022-11-25T06:21:04.862+0000] {taskmixin.py:205} WARNING - Dependency <Task(EmailOperator): send_email>, prepare_email already registered for DAG: example_dag_decorator
[2022-11-25T06:21:04.871+0000] {processor.py:766} INFO - DAG(s) dict_keys(['example_dag_decorator']) retrieved from /home/airflow/.local/lib/python3.7/site-packages/airflow/example_dags/example_dag_decorator.py
[2022-11-25T06:21:04.915+0000] {logging_mixin.py:137} INFO - [2022-11-25T06:21:04.915+0000] {dag.py:2585} INFO - Sync 1 DAGs
[2022-11-25T06:21:04.928+0000] {logging_mixin.py:137} INFO - [2022-11-25T06:21:04.928+0000] {dag.py:3340} INFO - Setting next_dagrun for example_dag_decorator to None, run_after=None
[2022-11-25T06:21:04.940+0000] {processor.py:176} INFO - Processing /home/airflow/.local/lib/python3.7/site-packages/airflow/example_dags/example_dag_decorator.py took 0.093 seconds
[2022-11-25T06:21:35.809+0000] {processor.py:154} INFO - Started process (PID=215) to work on /home/airflow/.local/lib/python3.7/site-packages/airflow/example_dags/example_dag_decorator.py
[2022-11-25T06:21:35.810+0000] {processor.py:756} INFO - Processing file /home/airflow/.local/lib/python3.7/site-packages/airflow/example_dags/example_dag_decorator.py for tasks to queue
[2022-11-25T06:21:35.811+0000] {logging_mixin.py:137} INFO - [2022-11-25T06:21:35.811+0000] {dagbag.py:537} INFO - Filling up the DagBag from /home/airflow/.local/lib/python3.7/site-packages/airflow/example_dags/example_dag_decorator.py
[2022-11-25T06:21:35.822+0000] {logging_mixin.py:137} INFO - [2022-11-25T06:21:35.822+0000] {taskmixin.py:205} WARNING - Dependency <Task(_PythonDecoratedOperator): prepare_email>, send_email already registered for DAG: example_dag_decorator
[2022-11-25T06:21:35.823+0000] {logging_mixin.py:137} INFO - [2022-11-25T06:21:35.823+0000] {taskmixin.py:205} WARNING - Dependency <Task(EmailOperator): send_email>, prepare_email already registered for DAG: example_dag_decorator
[2022-11-25T06:21:35.833+0000] {processor.py:766} INFO - DAG(s) dict_keys(['example_dag_decorator']) retrieved from /home/airflow/.local/lib/python3.7/site-packages/airflow/example_dags/example_dag_decorator.py
[2022-11-25T06:21:35.887+0000] {logging_mixin.py:137} INFO - [2022-11-25T06:21:35.887+0000] {dag.py:2585} INFO - Sync 1 DAGs
[2022-11-25T06:21:35.908+0000] {logging_mixin.py:137} INFO - [2022-11-25T06:21:35.907+0000] {dag.py:3340} INFO - Setting next_dagrun for example_dag_decorator to None, run_after=None
[2022-11-25T06:21:35.926+0000] {processor.py:176} INFO - Processing /home/airflow/.local/lib/python3.7/site-packages/airflow/example_dags/example_dag_decorator.py took 0.119 seconds
[2022-11-25T06:22:06.241+0000] {processor.py:154} INFO - Started process (PID=284) to work on /home/airflow/.local/lib/python3.7/site-packages/airflow/example_dags/example_dag_decorator.py
[2022-11-25T06:22:06.243+0000] {processor.py:756} INFO - Processing file /home/airflow/.local/lib/python3.7/site-packages/airflow/example_dags/example_dag_decorator.py for tasks to queue
[2022-11-25T06:22:06.245+0000] {logging_mixin.py:137} INFO - [2022-11-25T06:22:06.245+0000] {dagbag.py:537} INFO - Filling up the DagBag from /home/airflow/.local/lib/python3.7/site-packages/airflow/example_dags/example_dag_decorator.py
[2022-11-25T06:22:06.263+0000] {logging_mixin.py:137} INFO - [2022-11-25T06:22:06.263+0000] {taskmixin.py:205} WARNING - Dependency <Task(_PythonDecoratedOperator): prepare_email>, send_email already registered for DAG: example_dag_decorator
[2022-11-25T06:22:06.264+0000] {logging_mixin.py:137} INFO - [2022-11-25T06:22:06.264+0000] {taskmixin.py:205} WARNING - Dependency <Task(EmailOperator): send_email>, prepare_email already registered for DAG: example_dag_decorator
[2022-11-25T06:22:06.280+0000] {processor.py:766} INFO - DAG(s) dict_keys(['example_dag_decorator']) retrieved from /home/airflow/.local/lib/python3.7/site-packages/airflow/example_dags/example_dag_decorator.py
[2022-11-25T06:22:06.307+0000] {logging_mixin.py:137} INFO - [2022-11-25T06:22:06.306+0000] {dag.py:2585} INFO - Sync 1 DAGs
[2022-11-25T06:22:06.326+0000] {logging_mixin.py:137} INFO - [2022-11-25T06:22:06.326+0000] {dag.py:3340} INFO - Setting next_dagrun for example_dag_decorator to None, run_after=None
[2022-11-25T06:22:06.345+0000] {processor.py:176} INFO - Processing /home/airflow/.local/lib/python3.7/site-packages/airflow/example_dags/example_dag_decorator.py took 0.107 seconds
[2022-11-25T06:22:37.053+0000] {processor.py:154} INFO - Started process (PID=343) to work on /home/airflow/.local/lib/python3.7/site-packages/airflow/example_dags/example_dag_decorator.py
[2022-11-25T06:22:37.054+0000] {processor.py:756} INFO - Processing file /home/airflow/.local/lib/python3.7/site-packages/airflow/example_dags/example_dag_decorator.py for tasks to queue
[2022-11-25T06:22:37.056+0000] {logging_mixin.py:137} INFO - [2022-11-25T06:22:37.056+0000] {dagbag.py:537} INFO - Filling up the DagBag from /home/airflow/.local/lib/python3.7/site-packages/airflow/example_dags/example_dag_decorator.py
[2022-11-25T06:22:37.066+0000] {logging_mixin.py:137} INFO - [2022-11-25T06:22:37.066+0000] {taskmixin.py:205} WARNING - Dependency <Task(_PythonDecoratedOperator): prepare_email>, send_email already registered for DAG: example_dag_decorator
[2022-11-25T06:22:37.067+0000] {logging_mixin.py:137} INFO - [2022-11-25T06:22:37.067+0000] {taskmixin.py:205} WARNING - Dependency <Task(EmailOperator): send_email>, prepare_email already registered for DAG: example_dag_decorator
[2022-11-25T06:22:37.076+0000] {processor.py:766} INFO - DAG(s) dict_keys(['example_dag_decorator']) retrieved from /home/airflow/.local/lib/python3.7/site-packages/airflow/example_dags/example_dag_decorator.py
[2022-11-25T06:22:37.136+0000] {logging_mixin.py:137} INFO - [2022-11-25T06:22:37.136+0000] {dag.py:2585} INFO - Sync 1 DAGs
[2022-11-25T06:22:37.153+0000] {logging_mixin.py:137} INFO - [2022-11-25T06:22:37.153+0000] {dag.py:3340} INFO - Setting next_dagrun for example_dag_decorator to None, run_after=None
[2022-11-25T06:22:37.173+0000] {processor.py:176} INFO - Processing /home/airflow/.local/lib/python3.7/site-packages/airflow/example_dags/example_dag_decorator.py took 0.123 seconds
[2022-11-25T06:23:07.526+0000] {processor.py:154} INFO - Started process (PID=410) to work on /home/airflow/.local/lib/python3.7/site-packages/airflow/example_dags/example_dag_decorator.py
[2022-11-25T06:23:07.527+0000] {processor.py:756} INFO - Processing file /home/airflow/.local/lib/python3.7/site-packages/airflow/example_dags/example_dag_decorator.py for tasks to queue
[2022-11-25T06:23:07.528+0000] {logging_mixin.py:137} INFO - [2022-11-25T06:23:07.528+0000] {dagbag.py:537} INFO - Filling up the DagBag from /home/airflow/.local/lib/python3.7/site-packages/airflow/example_dags/example_dag_decorator.py
[2022-11-25T06:23:07.539+0000] {logging_mixin.py:137} INFO - [2022-11-25T06:23:07.539+0000] {taskmixin.py:205} WARNING - Dependency <Task(_PythonDecoratedOperator): prepare_email>, send_email already registered for DAG: example_dag_decorator
[2022-11-25T06:23:07.540+0000] {logging_mixin.py:137} INFO - [2022-11-25T06:23:07.540+0000] {taskmixin.py:205} WARNING - Dependency <Task(EmailOperator): send_email>, prepare_email already registered for DAG: example_dag_decorator
[2022-11-25T06:23:07.549+0000] {processor.py:766} INFO - DAG(s) dict_keys(['example_dag_decorator']) retrieved from /home/airflow/.local/lib/python3.7/site-packages/airflow/example_dags/example_dag_decorator.py
[2022-11-25T06:23:07.601+0000] {logging_mixin.py:137} INFO - [2022-11-25T06:23:07.601+0000] {dag.py:2585} INFO - Sync 1 DAGs
[2022-11-25T06:23:07.614+0000] {logging_mixin.py:137} INFO - [2022-11-25T06:23:07.614+0000] {dag.py:3340} INFO - Setting next_dagrun for example_dag_decorator to None, run_after=None
[2022-11-25T06:23:07.627+0000] {processor.py:176} INFO - Processing /home/airflow/.local/lib/python3.7/site-packages/airflow/example_dags/example_dag_decorator.py took 0.104 seconds
[2022-11-25T06:23:37.996+0000] {processor.py:154} INFO - Started process (PID=478) to work on /home/airflow/.local/lib/python3.7/site-packages/airflow/example_dags/example_dag_decorator.py
[2022-11-25T06:23:37.998+0000] {processor.py:756} INFO - Processing file /home/airflow/.local/lib/python3.7/site-packages/airflow/example_dags/example_dag_decorator.py for tasks to queue
[2022-11-25T06:23:37.999+0000] {logging_mixin.py:137} INFO - [2022-11-25T06:23:37.999+0000] {dagbag.py:537} INFO - Filling up the DagBag from /home/airflow/.local/lib/python3.7/site-packages/airflow/example_dags/example_dag_decorator.py
[2022-11-25T06:23:38.010+0000] {logging_mixin.py:137} INFO - [2022-11-25T06:23:38.010+0000] {taskmixin.py:205} WARNING - Dependency <Task(_PythonDecoratedOperator): prepare_email>, send_email already registered for DAG: example_dag_decorator
[2022-11-25T06:23:38.011+0000] {logging_mixin.py:137} INFO - [2022-11-25T06:23:38.011+0000] {taskmixin.py:205} WARNING - Dependency <Task(EmailOperator): send_email>, prepare_email already registered for DAG: example_dag_decorator
[2022-11-25T06:23:38.023+0000] {processor.py:766} INFO - DAG(s) dict_keys(['example_dag_decorator']) retrieved from /home/airflow/.local/lib/python3.7/site-packages/airflow/example_dags/example_dag_decorator.py
[2022-11-25T06:23:38.094+0000] {logging_mixin.py:137} INFO - [2022-11-25T06:23:38.094+0000] {dag.py:2585} INFO - Sync 1 DAGs
[2022-11-25T06:23:38.110+0000] {logging_mixin.py:137} INFO - [2022-11-25T06:23:38.110+0000] {dag.py:3340} INFO - Setting next_dagrun for example_dag_decorator to None, run_after=None
[2022-11-25T06:23:38.125+0000] {processor.py:176} INFO - Processing /home/airflow/.local/lib/python3.7/site-packages/airflow/example_dags/example_dag_decorator.py took 0.131 seconds
[2022-11-25T06:24:08.994+0000] {processor.py:154} INFO - Started process (PID=546) to work on /home/airflow/.local/lib/python3.7/site-packages/airflow/example_dags/example_dag_decorator.py
[2022-11-25T06:24:08.995+0000] {processor.py:756} INFO - Processing file /home/airflow/.local/lib/python3.7/site-packages/airflow/example_dags/example_dag_decorator.py for tasks to queue
[2022-11-25T06:24:08.996+0000] {logging_mixin.py:137} INFO - [2022-11-25T06:24:08.996+0000] {dagbag.py:537} INFO - Filling up the DagBag from /home/airflow/.local/lib/python3.7/site-packages/airflow/example_dags/example_dag_decorator.py
[2022-11-25T06:24:09.008+0000] {logging_mixin.py:137} INFO - [2022-11-25T06:24:09.008+0000] {taskmixin.py:205} WARNING - Dependency <Task(_PythonDecoratedOperator): prepare_email>, send_email already registered for DAG: example_dag_decorator
[2022-11-25T06:24:09.009+0000] {logging_mixin.py:137} INFO - [2022-11-25T06:24:09.009+0000] {taskmixin.py:205} WARNING - Dependency <Task(EmailOperator): send_email>, prepare_email already registered for DAG: example_dag_decorator
[2022-11-25T06:24:09.022+0000] {processor.py:766} INFO - DAG(s) dict_keys(['example_dag_decorator']) retrieved from /home/airflow/.local/lib/python3.7/site-packages/airflow/example_dags/example_dag_decorator.py
[2022-11-25T06:24:09.079+0000] {logging_mixin.py:137} INFO - [2022-11-25T06:24:09.079+0000] {dag.py:2585} INFO - Sync 1 DAGs
[2022-11-25T06:24:09.096+0000] {logging_mixin.py:137} INFO - [2022-11-25T06:24:09.096+0000] {dag.py:3340} INFO - Setting next_dagrun for example_dag_decorator to None, run_after=None
[2022-11-25T06:24:09.118+0000] {processor.py:176} INFO - Processing /home/airflow/.local/lib/python3.7/site-packages/airflow/example_dags/example_dag_decorator.py took 0.127 seconds
[2022-11-25T06:24:39.859+0000] {processor.py:154} INFO - Started process (PID=604) to work on /home/airflow/.local/lib/python3.7/site-packages/airflow/example_dags/example_dag_decorator.py
[2022-11-25T06:24:39.861+0000] {processor.py:756} INFO - Processing file /home/airflow/.local/lib/python3.7/site-packages/airflow/example_dags/example_dag_decorator.py for tasks to queue
[2022-11-25T06:24:39.862+0000] {logging_mixin.py:137} INFO - [2022-11-25T06:24:39.861+0000] {dagbag.py:537} INFO - Filling up the DagBag from /home/airflow/.local/lib/python3.7/site-packages/airflow/example_dags/example_dag_decorator.py
[2022-11-25T06:24:39.875+0000] {logging_mixin.py:137} INFO - [2022-11-25T06:24:39.875+0000] {taskmixin.py:205} WARNING - Dependency <Task(_PythonDecoratedOperator): prepare_email>, send_email already registered for DAG: example_dag_decorator
[2022-11-25T06:24:39.876+0000] {logging_mixin.py:137} INFO - [2022-11-25T06:24:39.876+0000] {taskmixin.py:205} WARNING - Dependency <Task(EmailOperator): send_email>, prepare_email already registered for DAG: example_dag_decorator
[2022-11-25T06:24:39.887+0000] {processor.py:766} INFO - DAG(s) dict_keys(['example_dag_decorator']) retrieved from /home/airflow/.local/lib/python3.7/site-packages/airflow/example_dags/example_dag_decorator.py
[2022-11-25T06:24:39.975+0000] {logging_mixin.py:137} INFO - [2022-11-25T06:24:39.975+0000] {dag.py:2585} INFO - Sync 1 DAGs
[2022-11-25T06:24:39.994+0000] {logging_mixin.py:137} INFO - [2022-11-25T06:24:39.994+0000] {dag.py:3340} INFO - Setting next_dagrun for example_dag_decorator to None, run_after=None
[2022-11-25T06:24:40.008+0000] {processor.py:176} INFO - Processing /home/airflow/.local/lib/python3.7/site-packages/airflow/example_dags/example_dag_decorator.py took 0.152 seconds
