[2022-11-25T05:25:12.660+0000] {processor.py:154} INFO - Started process (PID=58) to work on /home/airflow/.local/lib/python3.7/site-packages/airflow/example_dags/example_datasets.py
[2022-11-25T05:25:12.677+0000] {processor.py:756} INFO - Processing file /home/airflow/.local/lib/python3.7/site-packages/airflow/example_dags/example_datasets.py for tasks to queue
[2022-11-25T05:25:12.734+0000] {logging_mixin.py:137} INFO - [2022-11-25T05:25:12.732+0000] {dagbag.py:537} INFO - Filling up the DagBag from /home/airflow/.local/lib/python3.7/site-packages/airflow/example_dags/example_datasets.py
[2022-11-25T05:25:13.359+0000] {processor.py:766} INFO - DAG(s) dict_keys(['dataset_consumes_unknown_never_scheduled', 'dataset_consumes_1', 'dataset_produces_1', 'dataset_consumes_1_never_scheduled', 'dataset_consumes_1_and_2', 'dataset_produces_2']) retrieved from /home/airflow/.local/lib/python3.7/site-packages/airflow/example_dags/example_datasets.py
[2022-11-25T05:25:14.959+0000] {logging_mixin.py:137} INFO - [2022-11-25T05:25:14.958+0000] {dag.py:2585} INFO - Sync 6 DAGs
[2022-11-25T05:25:16.088+0000] {logging_mixin.py:137} INFO - [2022-11-25T05:25:16.086+0000] {dag.py:3340} INFO - Setting next_dagrun for dataset_consumes_1 to None, run_after=None
[2022-11-25T05:25:16.271+0000] {logging_mixin.py:137} INFO - [2022-11-25T05:25:16.271+0000] {dag.py:3340} INFO - Setting next_dagrun for dataset_consumes_1_and_2 to None, run_after=None
[2022-11-25T05:25:16.328+0000] {logging_mixin.py:137} INFO - [2022-11-25T05:25:16.328+0000] {dag.py:3340} INFO - Setting next_dagrun for dataset_consumes_1_never_scheduled to None, run_after=None
[2022-11-25T05:25:16.422+0000] {logging_mixin.py:137} INFO - [2022-11-25T05:25:16.421+0000] {dag.py:3340} INFO - Setting next_dagrun for dataset_consumes_unknown_never_scheduled to None, run_after=None
[2022-11-25T05:25:16.487+0000] {logging_mixin.py:137} INFO - [2022-11-25T05:25:16.487+0000] {dag.py:3340} INFO - Setting next_dagrun for dataset_produces_1 to 2022-11-24T00:00:00+00:00, run_after=2022-11-25T00:00:00+00:00
[2022-11-25T05:25:16.600+0000] {logging_mixin.py:137} INFO - [2022-11-25T05:25:16.600+0000] {dag.py:3340} INFO - Setting next_dagrun for dataset_produces_2 to None, run_after=None
[2022-11-25T05:25:17.523+0000] {processor.py:176} INFO - Processing /home/airflow/.local/lib/python3.7/site-packages/airflow/example_dags/example_datasets.py took 4.967 seconds
[2022-11-25T06:20:28.229+0000] {processor.py:154} INFO - Started process (PID=53) to work on /home/airflow/.local/lib/python3.7/site-packages/airflow/example_dags/example_datasets.py
[2022-11-25T06:20:28.236+0000] {processor.py:756} INFO - Processing file /home/airflow/.local/lib/python3.7/site-packages/airflow/example_dags/example_datasets.py for tasks to queue
[2022-11-25T06:20:28.240+0000] {logging_mixin.py:137} INFO - [2022-11-25T06:20:28.240+0000] {dagbag.py:537} INFO - Filling up the DagBag from /home/airflow/.local/lib/python3.7/site-packages/airflow/example_dags/example_datasets.py
[2022-11-25T06:20:28.321+0000] {processor.py:766} INFO - DAG(s) dict_keys(['dataset_produces_1', 'dataset_consumes_1_and_2', 'dataset_consumes_1_never_scheduled', 'dataset_consumes_unknown_never_scheduled', 'dataset_consumes_1', 'dataset_produces_2']) retrieved from /home/airflow/.local/lib/python3.7/site-packages/airflow/example_dags/example_datasets.py
[2022-11-25T06:20:28.618+0000] {logging_mixin.py:137} INFO - [2022-11-25T06:20:28.618+0000] {manager.py:507} INFO - Created Permission View: can read on DAG:dataset_produces_1
[2022-11-25T06:20:28.637+0000] {logging_mixin.py:137} INFO - [2022-11-25T06:20:28.637+0000] {manager.py:507} INFO - Created Permission View: can edit on DAG:dataset_produces_1
[2022-11-25T06:20:28.647+0000] {logging_mixin.py:137} INFO - [2022-11-25T06:20:28.647+0000] {manager.py:507} INFO - Created Permission View: can delete on DAG:dataset_produces_1
[2022-11-25T06:20:28.660+0000] {logging_mixin.py:137} INFO - [2022-11-25T06:20:28.660+0000] {manager.py:507} INFO - Created Permission View: can read on DAG:dataset_consumes_1_and_2
[2022-11-25T06:20:28.667+0000] {logging_mixin.py:137} INFO - [2022-11-25T06:20:28.667+0000] {manager.py:507} INFO - Created Permission View: can edit on DAG:dataset_consumes_1_and_2
[2022-11-25T06:20:28.683+0000] {logging_mixin.py:137} INFO - [2022-11-25T06:20:28.683+0000] {manager.py:507} INFO - Created Permission View: can delete on DAG:dataset_consumes_1_and_2
[2022-11-25T06:20:28.721+0000] {logging_mixin.py:137} INFO - [2022-11-25T06:20:28.720+0000] {manager.py:507} INFO - Created Permission View: can read on DAG:dataset_consumes_1_never_scheduled
[2022-11-25T06:20:28.769+0000] {logging_mixin.py:137} INFO - [2022-11-25T06:20:28.768+0000] {manager.py:507} INFO - Created Permission View: can edit on DAG:dataset_consumes_1_never_scheduled
[2022-11-25T06:20:28.798+0000] {logging_mixin.py:137} INFO - [2022-11-25T06:20:28.797+0000] {manager.py:507} INFO - Created Permission View: can delete on DAG:dataset_consumes_1_never_scheduled
[2022-11-25T06:20:28.862+0000] {logging_mixin.py:137} INFO - [2022-11-25T06:20:28.861+0000] {manager.py:507} INFO - Created Permission View: can read on DAG:dataset_consumes_unknown_never_scheduled
[2022-11-25T06:20:28.880+0000] {logging_mixin.py:137} INFO - [2022-11-25T06:20:28.880+0000] {manager.py:507} INFO - Created Permission View: can edit on DAG:dataset_consumes_unknown_never_scheduled
[2022-11-25T06:20:28.906+0000] {logging_mixin.py:137} INFO - [2022-11-25T06:20:28.906+0000] {manager.py:507} INFO - Created Permission View: can delete on DAG:dataset_consumes_unknown_never_scheduled
[2022-11-25T06:20:28.958+0000] {logging_mixin.py:137} INFO - [2022-11-25T06:20:28.958+0000] {manager.py:507} INFO - Created Permission View: can read on DAG:dataset_consumes_1
[2022-11-25T06:20:28.992+0000] {logging_mixin.py:137} INFO - [2022-11-25T06:20:28.992+0000] {manager.py:507} INFO - Created Permission View: can edit on DAG:dataset_consumes_1
[2022-11-25T06:20:29.068+0000] {logging_mixin.py:137} INFO - [2022-11-25T06:20:29.068+0000] {manager.py:507} INFO - Created Permission View: can delete on DAG:dataset_consumes_1
[2022-11-25T06:20:29.107+0000] {logging_mixin.py:137} INFO - [2022-11-25T06:20:29.106+0000] {manager.py:507} INFO - Created Permission View: can read on DAG:dataset_produces_2
[2022-11-25T06:20:29.131+0000] {logging_mixin.py:137} INFO - [2022-11-25T06:20:29.131+0000] {manager.py:507} INFO - Created Permission View: can edit on DAG:dataset_produces_2
[2022-11-25T06:20:29.142+0000] {logging_mixin.py:137} INFO - [2022-11-25T06:20:29.142+0000] {manager.py:507} INFO - Created Permission View: can delete on DAG:dataset_produces_2
[2022-11-25T06:20:29.144+0000] {logging_mixin.py:137} INFO - [2022-11-25T06:20:29.144+0000] {dag.py:2585} INFO - Sync 6 DAGs
[2022-11-25T06:20:29.186+0000] {logging_mixin.py:137} INFO - [2022-11-25T06:20:29.186+0000] {dag.py:2606} INFO - Creating ORM DAG for dataset_consumes_unknown_never_scheduled
[2022-11-25T06:20:29.196+0000] {logging_mixin.py:137} INFO - [2022-11-25T06:20:29.195+0000] {dag.py:2606} INFO - Creating ORM DAG for dataset_consumes_1
[2022-11-25T06:20:29.201+0000] {logging_mixin.py:137} INFO - [2022-11-25T06:20:29.201+0000] {dag.py:2606} INFO - Creating ORM DAG for dataset_consumes_1_and_2
[2022-11-25T06:20:29.204+0000] {logging_mixin.py:137} INFO - [2022-11-25T06:20:29.204+0000] {dag.py:2606} INFO - Creating ORM DAG for dataset_produces_2
[2022-11-25T06:20:29.206+0000] {logging_mixin.py:137} INFO - [2022-11-25T06:20:29.206+0000] {dag.py:2606} INFO - Creating ORM DAG for dataset_produces_1
[2022-11-25T06:20:29.208+0000] {logging_mixin.py:137} INFO - [2022-11-25T06:20:29.208+0000] {dag.py:2606} INFO - Creating ORM DAG for dataset_consumes_1_never_scheduled
[2022-11-25T06:20:29.247+0000] {logging_mixin.py:137} INFO - [2022-11-25T06:20:29.246+0000] {dag.py:3340} INFO - Setting next_dagrun for dataset_consumes_1 to None, run_after=None
[2022-11-25T06:20:29.249+0000] {logging_mixin.py:137} INFO - [2022-11-25T06:20:29.249+0000] {dag.py:3340} INFO - Setting next_dagrun for dataset_consumes_1_and_2 to None, run_after=None
[2022-11-25T06:20:29.250+0000] {logging_mixin.py:137} INFO - [2022-11-25T06:20:29.250+0000] {dag.py:3340} INFO - Setting next_dagrun for dataset_consumes_1_never_scheduled to None, run_after=None
[2022-11-25T06:20:29.252+0000] {logging_mixin.py:137} INFO - [2022-11-25T06:20:29.252+0000] {dag.py:3340} INFO - Setting next_dagrun for dataset_consumes_unknown_never_scheduled to None, run_after=None
[2022-11-25T06:20:29.255+0000] {logging_mixin.py:137} INFO - [2022-11-25T06:20:29.255+0000] {dag.py:3340} INFO - Setting next_dagrun for dataset_produces_1 to 2022-11-24T00:00:00+00:00, run_after=2022-11-25T00:00:00+00:00
[2022-11-25T06:20:29.258+0000] {logging_mixin.py:137} INFO - [2022-11-25T06:20:29.258+0000] {dag.py:3340} INFO - Setting next_dagrun for dataset_produces_2 to None, run_after=None
[2022-11-25T06:20:29.335+0000] {processor.py:176} INFO - Processing /home/airflow/.local/lib/python3.7/site-packages/airflow/example_dags/example_datasets.py took 1.115 seconds
[2022-11-25T06:21:00.158+0000] {processor.py:154} INFO - Started process (PID=121) to work on /home/airflow/.local/lib/python3.7/site-packages/airflow/example_dags/example_datasets.py
[2022-11-25T06:21:00.160+0000] {processor.py:756} INFO - Processing file /home/airflow/.local/lib/python3.7/site-packages/airflow/example_dags/example_datasets.py for tasks to queue
[2022-11-25T06:21:00.162+0000] {logging_mixin.py:137} INFO - [2022-11-25T06:21:00.161+0000] {dagbag.py:537} INFO - Filling up the DagBag from /home/airflow/.local/lib/python3.7/site-packages/airflow/example_dags/example_datasets.py
[2022-11-25T06:21:00.175+0000] {processor.py:766} INFO - DAG(s) dict_keys(['dataset_produces_2', 'dataset_consumes_unknown_never_scheduled', 'dataset_consumes_1', 'dataset_produces_1', 'dataset_consumes_1_and_2', 'dataset_consumes_1_never_scheduled']) retrieved from /home/airflow/.local/lib/python3.7/site-packages/airflow/example_dags/example_datasets.py
[2022-11-25T06:21:00.212+0000] {logging_mixin.py:137} INFO - [2022-11-25T06:21:00.212+0000] {dag.py:2585} INFO - Sync 6 DAGs
[2022-11-25T06:21:00.228+0000] {logging_mixin.py:137} INFO - [2022-11-25T06:21:00.227+0000] {dag.py:3340} INFO - Setting next_dagrun for dataset_consumes_1 to None, run_after=None
[2022-11-25T06:21:00.231+0000] {logging_mixin.py:137} INFO - [2022-11-25T06:21:00.230+0000] {dag.py:3340} INFO - Setting next_dagrun for dataset_consumes_1_and_2 to None, run_after=None
[2022-11-25T06:21:00.232+0000] {logging_mixin.py:137} INFO - [2022-11-25T06:21:00.232+0000] {dag.py:3340} INFO - Setting next_dagrun for dataset_consumes_1_never_scheduled to None, run_after=None
[2022-11-25T06:21:00.233+0000] {logging_mixin.py:137} INFO - [2022-11-25T06:21:00.233+0000] {dag.py:3340} INFO - Setting next_dagrun for dataset_consumes_unknown_never_scheduled to None, run_after=None
[2022-11-25T06:21:00.235+0000] {logging_mixin.py:137} INFO - [2022-11-25T06:21:00.235+0000] {dag.py:3340} INFO - Setting next_dagrun for dataset_produces_1 to 2022-11-24T00:00:00+00:00, run_after=2022-11-25T00:00:00+00:00
[2022-11-25T06:21:00.236+0000] {logging_mixin.py:137} INFO - [2022-11-25T06:21:00.236+0000] {dag.py:3340} INFO - Setting next_dagrun for dataset_produces_2 to None, run_after=None
[2022-11-25T06:21:00.260+0000] {processor.py:176} INFO - Processing /home/airflow/.local/lib/python3.7/site-packages/airflow/example_dags/example_datasets.py took 0.105 seconds
[2022-11-25T06:21:31.082+0000] {processor.py:154} INFO - Started process (PID=181) to work on /home/airflow/.local/lib/python3.7/site-packages/airflow/example_dags/example_datasets.py
[2022-11-25T06:21:31.084+0000] {processor.py:756} INFO - Processing file /home/airflow/.local/lib/python3.7/site-packages/airflow/example_dags/example_datasets.py for tasks to queue
[2022-11-25T06:21:31.086+0000] {logging_mixin.py:137} INFO - [2022-11-25T06:21:31.086+0000] {dagbag.py:537} INFO - Filling up the DagBag from /home/airflow/.local/lib/python3.7/site-packages/airflow/example_dags/example_datasets.py
[2022-11-25T06:21:31.110+0000] {processor.py:766} INFO - DAG(s) dict_keys(['dataset_produces_2', 'dataset_produces_1', 'dataset_consumes_1_never_scheduled', 'dataset_consumes_unknown_never_scheduled', 'dataset_consumes_1_and_2', 'dataset_consumes_1']) retrieved from /home/airflow/.local/lib/python3.7/site-packages/airflow/example_dags/example_datasets.py
[2022-11-25T06:21:31.158+0000] {logging_mixin.py:137} INFO - [2022-11-25T06:21:31.158+0000] {dag.py:2585} INFO - Sync 6 DAGs
[2022-11-25T06:21:31.179+0000] {logging_mixin.py:137} INFO - [2022-11-25T06:21:31.179+0000] {dag.py:3340} INFO - Setting next_dagrun for dataset_consumes_1 to None, run_after=None
[2022-11-25T06:21:31.183+0000] {logging_mixin.py:137} INFO - [2022-11-25T06:21:31.183+0000] {dag.py:3340} INFO - Setting next_dagrun for dataset_consumes_1_and_2 to None, run_after=None
[2022-11-25T06:21:31.184+0000] {logging_mixin.py:137} INFO - [2022-11-25T06:21:31.184+0000] {dag.py:3340} INFO - Setting next_dagrun for dataset_consumes_1_never_scheduled to None, run_after=None
[2022-11-25T06:21:31.186+0000] {logging_mixin.py:137} INFO - [2022-11-25T06:21:31.186+0000] {dag.py:3340} INFO - Setting next_dagrun for dataset_consumes_unknown_never_scheduled to None, run_after=None
[2022-11-25T06:21:31.188+0000] {logging_mixin.py:137} INFO - [2022-11-25T06:21:31.188+0000] {dag.py:3340} INFO - Setting next_dagrun for dataset_produces_1 to 2022-11-24T00:00:00+00:00, run_after=2022-11-25T00:00:00+00:00
[2022-11-25T06:21:31.189+0000] {logging_mixin.py:137} INFO - [2022-11-25T06:21:31.189+0000] {dag.py:3340} INFO - Setting next_dagrun for dataset_produces_2 to None, run_after=None
[2022-11-25T06:21:31.207+0000] {processor.py:176} INFO - Processing /home/airflow/.local/lib/python3.7/site-packages/airflow/example_dags/example_datasets.py took 0.132 seconds
[2022-11-25T06:22:01.355+0000] {processor.py:154} INFO - Started process (PID=250) to work on /home/airflow/.local/lib/python3.7/site-packages/airflow/example_dags/example_datasets.py
[2022-11-25T06:22:01.357+0000] {processor.py:756} INFO - Processing file /home/airflow/.local/lib/python3.7/site-packages/airflow/example_dags/example_datasets.py for tasks to queue
[2022-11-25T06:22:01.359+0000] {logging_mixin.py:137} INFO - [2022-11-25T06:22:01.359+0000] {dagbag.py:537} INFO - Filling up the DagBag from /home/airflow/.local/lib/python3.7/site-packages/airflow/example_dags/example_datasets.py
[2022-11-25T06:22:01.372+0000] {processor.py:766} INFO - DAG(s) dict_keys(['dataset_consumes_1', 'dataset_consumes_1_never_scheduled', 'dataset_consumes_1_and_2', 'dataset_produces_2', 'dataset_produces_1', 'dataset_consumes_unknown_never_scheduled']) retrieved from /home/airflow/.local/lib/python3.7/site-packages/airflow/example_dags/example_datasets.py
[2022-11-25T06:22:01.394+0000] {logging_mixin.py:137} INFO - [2022-11-25T06:22:01.394+0000] {dag.py:2585} INFO - Sync 6 DAGs
[2022-11-25T06:22:01.414+0000] {logging_mixin.py:137} INFO - [2022-11-25T06:22:01.414+0000] {dag.py:3340} INFO - Setting next_dagrun for dataset_consumes_1 to None, run_after=None
[2022-11-25T06:22:01.417+0000] {logging_mixin.py:137} INFO - [2022-11-25T06:22:01.417+0000] {dag.py:3340} INFO - Setting next_dagrun for dataset_consumes_1_and_2 to None, run_after=None
[2022-11-25T06:22:01.418+0000] {logging_mixin.py:137} INFO - [2022-11-25T06:22:01.418+0000] {dag.py:3340} INFO - Setting next_dagrun for dataset_consumes_1_never_scheduled to None, run_after=None
[2022-11-25T06:22:01.420+0000] {logging_mixin.py:137} INFO - [2022-11-25T06:22:01.420+0000] {dag.py:3340} INFO - Setting next_dagrun for dataset_consumes_unknown_never_scheduled to None, run_after=None
[2022-11-25T06:22:01.425+0000] {logging_mixin.py:137} INFO - [2022-11-25T06:22:01.424+0000] {dag.py:3340} INFO - Setting next_dagrun for dataset_produces_1 to 2022-11-24T00:00:00+00:00, run_after=2022-11-25T00:00:00+00:00
[2022-11-25T06:22:01.427+0000] {logging_mixin.py:137} INFO - [2022-11-25T06:22:01.427+0000] {dag.py:3340} INFO - Setting next_dagrun for dataset_produces_2 to None, run_after=None
[2022-11-25T06:22:01.466+0000] {processor.py:176} INFO - Processing /home/airflow/.local/lib/python3.7/site-packages/airflow/example_dags/example_datasets.py took 0.115 seconds
[2022-11-25T06:22:32.139+0000] {processor.py:154} INFO - Started process (PID=318) to work on /home/airflow/.local/lib/python3.7/site-packages/airflow/example_dags/example_datasets.py
[2022-11-25T06:22:32.141+0000] {processor.py:756} INFO - Processing file /home/airflow/.local/lib/python3.7/site-packages/airflow/example_dags/example_datasets.py for tasks to queue
[2022-11-25T06:22:32.143+0000] {logging_mixin.py:137} INFO - [2022-11-25T06:22:32.142+0000] {dagbag.py:537} INFO - Filling up the DagBag from /home/airflow/.local/lib/python3.7/site-packages/airflow/example_dags/example_datasets.py
[2022-11-25T06:22:32.158+0000] {processor.py:766} INFO - DAG(s) dict_keys(['dataset_produces_1', 'dataset_produces_2', 'dataset_consumes_1_never_scheduled', 'dataset_consumes_1', 'dataset_consumes_unknown_never_scheduled', 'dataset_consumes_1_and_2']) retrieved from /home/airflow/.local/lib/python3.7/site-packages/airflow/example_dags/example_datasets.py
[2022-11-25T06:22:32.225+0000] {logging_mixin.py:137} INFO - [2022-11-25T06:22:32.225+0000] {dag.py:2585} INFO - Sync 6 DAGs
[2022-11-25T06:22:32.240+0000] {logging_mixin.py:137} INFO - [2022-11-25T06:22:32.240+0000] {dag.py:3340} INFO - Setting next_dagrun for dataset_consumes_1 to None, run_after=None
[2022-11-25T06:22:32.242+0000] {logging_mixin.py:137} INFO - [2022-11-25T06:22:32.242+0000] {dag.py:3340} INFO - Setting next_dagrun for dataset_consumes_1_and_2 to None, run_after=None
[2022-11-25T06:22:32.244+0000] {logging_mixin.py:137} INFO - [2022-11-25T06:22:32.244+0000] {dag.py:3340} INFO - Setting next_dagrun for dataset_consumes_1_never_scheduled to None, run_after=None
[2022-11-25T06:22:32.245+0000] {logging_mixin.py:137} INFO - [2022-11-25T06:22:32.245+0000] {dag.py:3340} INFO - Setting next_dagrun for dataset_consumes_unknown_never_scheduled to None, run_after=None
[2022-11-25T06:22:32.247+0000] {logging_mixin.py:137} INFO - [2022-11-25T06:22:32.247+0000] {dag.py:3340} INFO - Setting next_dagrun for dataset_produces_1 to 2022-11-24T00:00:00+00:00, run_after=2022-11-25T00:00:00+00:00
[2022-11-25T06:22:32.249+0000] {logging_mixin.py:137} INFO - [2022-11-25T06:22:32.249+0000] {dag.py:3340} INFO - Setting next_dagrun for dataset_produces_2 to None, run_after=None
[2022-11-25T06:22:32.270+0000] {processor.py:176} INFO - Processing /home/airflow/.local/lib/python3.7/site-packages/airflow/example_dags/example_datasets.py took 0.134 seconds
[2022-11-25T06:23:02.806+0000] {processor.py:154} INFO - Started process (PID=385) to work on /home/airflow/.local/lib/python3.7/site-packages/airflow/example_dags/example_datasets.py
[2022-11-25T06:23:02.809+0000] {processor.py:756} INFO - Processing file /home/airflow/.local/lib/python3.7/site-packages/airflow/example_dags/example_datasets.py for tasks to queue
[2022-11-25T06:23:02.810+0000] {logging_mixin.py:137} INFO - [2022-11-25T06:23:02.810+0000] {dagbag.py:537} INFO - Filling up the DagBag from /home/airflow/.local/lib/python3.7/site-packages/airflow/example_dags/example_datasets.py
[2022-11-25T06:23:02.821+0000] {processor.py:766} INFO - DAG(s) dict_keys(['dataset_consumes_1_never_scheduled', 'dataset_consumes_1', 'dataset_consumes_unknown_never_scheduled', 'dataset_produces_2', 'dataset_consumes_1_and_2', 'dataset_produces_1']) retrieved from /home/airflow/.local/lib/python3.7/site-packages/airflow/example_dags/example_datasets.py
[2022-11-25T06:23:02.857+0000] {logging_mixin.py:137} INFO - [2022-11-25T06:23:02.857+0000] {dag.py:2585} INFO - Sync 6 DAGs
[2022-11-25T06:23:02.874+0000] {logging_mixin.py:137} INFO - [2022-11-25T06:23:02.874+0000] {dag.py:3340} INFO - Setting next_dagrun for dataset_consumes_1 to None, run_after=None
[2022-11-25T06:23:02.877+0000] {logging_mixin.py:137} INFO - [2022-11-25T06:23:02.877+0000] {dag.py:3340} INFO - Setting next_dagrun for dataset_consumes_1_and_2 to None, run_after=None
[2022-11-25T06:23:02.879+0000] {logging_mixin.py:137} INFO - [2022-11-25T06:23:02.879+0000] {dag.py:3340} INFO - Setting next_dagrun for dataset_consumes_1_never_scheduled to None, run_after=None
[2022-11-25T06:23:02.881+0000] {logging_mixin.py:137} INFO - [2022-11-25T06:23:02.881+0000] {dag.py:3340} INFO - Setting next_dagrun for dataset_consumes_unknown_never_scheduled to None, run_after=None
[2022-11-25T06:23:02.885+0000] {logging_mixin.py:137} INFO - [2022-11-25T06:23:02.885+0000] {dag.py:3340} INFO - Setting next_dagrun for dataset_produces_1 to 2022-11-24T00:00:00+00:00, run_after=2022-11-25T00:00:00+00:00
[2022-11-25T06:23:02.886+0000] {logging_mixin.py:137} INFO - [2022-11-25T06:23:02.886+0000] {dag.py:3340} INFO - Setting next_dagrun for dataset_produces_2 to None, run_after=None
[2022-11-25T06:23:02.903+0000] {processor.py:176} INFO - Processing /home/airflow/.local/lib/python3.7/site-packages/airflow/example_dags/example_datasets.py took 0.099 seconds
[2022-11-25T06:23:35.298+0000] {processor.py:154} INFO - Started process (PID=453) to work on /home/airflow/.local/lib/python3.7/site-packages/airflow/example_dags/example_datasets.py
[2022-11-25T06:23:35.302+0000] {processor.py:756} INFO - Processing file /home/airflow/.local/lib/python3.7/site-packages/airflow/example_dags/example_datasets.py for tasks to queue
[2022-11-25T06:23:35.304+0000] {logging_mixin.py:137} INFO - [2022-11-25T06:23:35.303+0000] {dagbag.py:537} INFO - Filling up the DagBag from /home/airflow/.local/lib/python3.7/site-packages/airflow/example_dags/example_datasets.py
[2022-11-25T06:23:35.334+0000] {processor.py:766} INFO - DAG(s) dict_keys(['dataset_consumes_1', 'dataset_produces_2', 'dataset_consumes_1_never_scheduled', 'dataset_consumes_unknown_never_scheduled', 'dataset_produces_1', 'dataset_consumes_1_and_2']) retrieved from /home/airflow/.local/lib/python3.7/site-packages/airflow/example_dags/example_datasets.py
[2022-11-25T06:23:35.396+0000] {logging_mixin.py:137} INFO - [2022-11-25T06:23:35.396+0000] {dag.py:2585} INFO - Sync 6 DAGs
[2022-11-25T06:23:35.415+0000] {logging_mixin.py:137} INFO - [2022-11-25T06:23:35.414+0000] {dag.py:3340} INFO - Setting next_dagrun for dataset_consumes_1 to None, run_after=None
[2022-11-25T06:23:35.418+0000] {logging_mixin.py:137} INFO - [2022-11-25T06:23:35.418+0000] {dag.py:3340} INFO - Setting next_dagrun for dataset_consumes_1_and_2 to None, run_after=None
[2022-11-25T06:23:35.419+0000] {logging_mixin.py:137} INFO - [2022-11-25T06:23:35.419+0000] {dag.py:3340} INFO - Setting next_dagrun for dataset_consumes_1_never_scheduled to None, run_after=None
[2022-11-25T06:23:35.421+0000] {logging_mixin.py:137} INFO - [2022-11-25T06:23:35.420+0000] {dag.py:3340} INFO - Setting next_dagrun for dataset_consumes_unknown_never_scheduled to None, run_after=None
[2022-11-25T06:23:35.423+0000] {logging_mixin.py:137} INFO - [2022-11-25T06:23:35.423+0000] {dag.py:3340} INFO - Setting next_dagrun for dataset_produces_1 to 2022-11-24T00:00:00+00:00, run_after=2022-11-25T00:00:00+00:00
[2022-11-25T06:23:35.424+0000] {logging_mixin.py:137} INFO - [2022-11-25T06:23:35.424+0000] {dag.py:3340} INFO - Setting next_dagrun for dataset_produces_2 to None, run_after=None
[2022-11-25T06:23:35.443+0000] {processor.py:176} INFO - Processing /home/airflow/.local/lib/python3.7/site-packages/airflow/example_dags/example_datasets.py took 0.148 seconds
[2022-11-25T06:24:06.112+0000] {processor.py:154} INFO - Started process (PID=512) to work on /home/airflow/.local/lib/python3.7/site-packages/airflow/example_dags/example_datasets.py
[2022-11-25T06:24:06.115+0000] {processor.py:756} INFO - Processing file /home/airflow/.local/lib/python3.7/site-packages/airflow/example_dags/example_datasets.py for tasks to queue
[2022-11-25T06:24:06.117+0000] {logging_mixin.py:137} INFO - [2022-11-25T06:24:06.116+0000] {dagbag.py:537} INFO - Filling up the DagBag from /home/airflow/.local/lib/python3.7/site-packages/airflow/example_dags/example_datasets.py
[2022-11-25T06:24:06.128+0000] {processor.py:766} INFO - DAG(s) dict_keys(['dataset_produces_2', 'dataset_consumes_1_never_scheduled', 'dataset_consumes_unknown_never_scheduled', 'dataset_produces_1', 'dataset_consumes_1_and_2', 'dataset_consumes_1']) retrieved from /home/airflow/.local/lib/python3.7/site-packages/airflow/example_dags/example_datasets.py
[2022-11-25T06:24:06.163+0000] {logging_mixin.py:137} INFO - [2022-11-25T06:24:06.163+0000] {dag.py:2585} INFO - Sync 6 DAGs
[2022-11-25T06:24:06.181+0000] {logging_mixin.py:137} INFO - [2022-11-25T06:24:06.181+0000] {dag.py:3340} INFO - Setting next_dagrun for dataset_consumes_1 to None, run_after=None
[2022-11-25T06:24:06.186+0000] {logging_mixin.py:137} INFO - [2022-11-25T06:24:06.186+0000] {dag.py:3340} INFO - Setting next_dagrun for dataset_consumes_1_and_2 to None, run_after=None
[2022-11-25T06:24:06.188+0000] {logging_mixin.py:137} INFO - [2022-11-25T06:24:06.188+0000] {dag.py:3340} INFO - Setting next_dagrun for dataset_consumes_1_never_scheduled to None, run_after=None
[2022-11-25T06:24:06.189+0000] {logging_mixin.py:137} INFO - [2022-11-25T06:24:06.189+0000] {dag.py:3340} INFO - Setting next_dagrun for dataset_consumes_unknown_never_scheduled to None, run_after=None
[2022-11-25T06:24:06.191+0000] {logging_mixin.py:137} INFO - [2022-11-25T06:24:06.191+0000] {dag.py:3340} INFO - Setting next_dagrun for dataset_produces_1 to 2022-11-24T00:00:00+00:00, run_after=2022-11-25T00:00:00+00:00
[2022-11-25T06:24:06.192+0000] {logging_mixin.py:137} INFO - [2022-11-25T06:24:06.192+0000] {dag.py:3340} INFO - Setting next_dagrun for dataset_produces_2 to None, run_after=None
[2022-11-25T06:24:06.208+0000] {processor.py:176} INFO - Processing /home/airflow/.local/lib/python3.7/site-packages/airflow/example_dags/example_datasets.py took 0.098 seconds
[2022-11-25T06:24:37.892+0000] {processor.py:154} INFO - Started process (PID=579) to work on /home/airflow/.local/lib/python3.7/site-packages/airflow/example_dags/example_datasets.py
[2022-11-25T06:24:37.895+0000] {processor.py:756} INFO - Processing file /home/airflow/.local/lib/python3.7/site-packages/airflow/example_dags/example_datasets.py for tasks to queue
[2022-11-25T06:24:37.896+0000] {logging_mixin.py:137} INFO - [2022-11-25T06:24:37.896+0000] {dagbag.py:537} INFO - Filling up the DagBag from /home/airflow/.local/lib/python3.7/site-packages/airflow/example_dags/example_datasets.py
[2022-11-25T06:24:37.915+0000] {processor.py:766} INFO - DAG(s) dict_keys(['dataset_consumes_1_and_2', 'dataset_consumes_1_never_scheduled', 'dataset_produces_2', 'dataset_produces_1', 'dataset_consumes_unknown_never_scheduled', 'dataset_consumes_1']) retrieved from /home/airflow/.local/lib/python3.7/site-packages/airflow/example_dags/example_datasets.py
[2022-11-25T06:24:37.968+0000] {logging_mixin.py:137} INFO - [2022-11-25T06:24:37.968+0000] {dag.py:2585} INFO - Sync 6 DAGs
[2022-11-25T06:24:37.995+0000] {logging_mixin.py:137} INFO - [2022-11-25T06:24:37.995+0000] {dag.py:3340} INFO - Setting next_dagrun for dataset_consumes_1 to None, run_after=None
[2022-11-25T06:24:38.001+0000] {logging_mixin.py:137} INFO - [2022-11-25T06:24:38.001+0000] {dag.py:3340} INFO - Setting next_dagrun for dataset_consumes_1_and_2 to None, run_after=None
[2022-11-25T06:24:38.003+0000] {logging_mixin.py:137} INFO - [2022-11-25T06:24:38.003+0000] {dag.py:3340} INFO - Setting next_dagrun for dataset_consumes_1_never_scheduled to None, run_after=None
[2022-11-25T06:24:38.005+0000] {logging_mixin.py:137} INFO - [2022-11-25T06:24:38.004+0000] {dag.py:3340} INFO - Setting next_dagrun for dataset_consumes_unknown_never_scheduled to None, run_after=None
[2022-11-25T06:24:38.007+0000] {logging_mixin.py:137} INFO - [2022-11-25T06:24:38.007+0000] {dag.py:3340} INFO - Setting next_dagrun for dataset_produces_1 to 2022-11-24T00:00:00+00:00, run_after=2022-11-25T00:00:00+00:00
[2022-11-25T06:24:38.009+0000] {logging_mixin.py:137} INFO - [2022-11-25T06:24:38.009+0000] {dag.py:3340} INFO - Setting next_dagrun for dataset_produces_2 to None, run_after=None
[2022-11-25T06:24:38.029+0000] {processor.py:176} INFO - Processing /home/airflow/.local/lib/python3.7/site-packages/airflow/example_dags/example_datasets.py took 0.140 seconds
