[2022-11-25T05:25:07.053+0000] {processor.py:154} INFO - Started process (PID=46) to work on /home/airflow/.local/lib/python3.7/site-packages/airflow/example_dags/example_branch_operator_decorator.py
[2022-11-25T05:25:07.064+0000] {processor.py:756} INFO - Processing file /home/airflow/.local/lib/python3.7/site-packages/airflow/example_dags/example_branch_operator_decorator.py for tasks to queue
[2022-11-25T05:25:07.066+0000] {logging_mixin.py:137} INFO - [2022-11-25T05:25:07.066+0000] {dagbag.py:537} INFO - Filling up the DagBag from /home/airflow/.local/lib/python3.7/site-packages/airflow/example_dags/example_branch_operator_decorator.py
[2022-11-25T05:25:07.325+0000] {processor.py:766} INFO - DAG(s) dict_keys(['example_branch_python_operator_decorator']) retrieved from /home/airflow/.local/lib/python3.7/site-packages/airflow/example_dags/example_branch_operator_decorator.py
[2022-11-25T05:25:08.651+0000] {logging_mixin.py:137} INFO - [2022-11-25T05:25:08.650+0000] {dag.py:2585} INFO - Sync 1 DAGs
[2022-11-25T05:25:08.979+0000] {logging_mixin.py:137} INFO - [2022-11-25T05:25:08.979+0000] {dag.py:3340} INFO - Setting next_dagrun for example_branch_python_operator_decorator to 2022-11-24T00:00:00+00:00, run_after=2022-11-25T00:00:00+00:00
[2022-11-25T05:25:09.113+0000] {processor.py:176} INFO - Processing /home/airflow/.local/lib/python3.7/site-packages/airflow/example_dags/example_branch_operator_decorator.py took 2.079 seconds
[2022-11-25T06:20:25.425+0000] {processor.py:154} INFO - Started process (PID=48) to work on /home/airflow/.local/lib/python3.7/site-packages/airflow/example_dags/example_branch_operator_decorator.py
[2022-11-25T06:20:25.441+0000] {processor.py:756} INFO - Processing file /home/airflow/.local/lib/python3.7/site-packages/airflow/example_dags/example_branch_operator_decorator.py for tasks to queue
[2022-11-25T06:20:25.452+0000] {logging_mixin.py:137} INFO - [2022-11-25T06:20:25.450+0000] {dagbag.py:537} INFO - Filling up the DagBag from /home/airflow/.local/lib/python3.7/site-packages/airflow/example_dags/example_branch_operator_decorator.py
[2022-11-25T06:20:25.589+0000] {processor.py:766} INFO - DAG(s) dict_keys(['example_branch_python_operator_decorator']) retrieved from /home/airflow/.local/lib/python3.7/site-packages/airflow/example_dags/example_branch_operator_decorator.py
[2022-11-25T06:20:26.231+0000] {logging_mixin.py:137} INFO - [2022-11-25T06:20:26.228+0000] {manager.py:507} INFO - Created Permission View: can read on DAG:example_branch_python_operator_decorator
[2022-11-25T06:20:26.292+0000] {logging_mixin.py:137} INFO - [2022-11-25T06:20:26.292+0000] {manager.py:507} INFO - Created Permission View: can edit on DAG:example_branch_python_operator_decorator
[2022-11-25T06:20:26.349+0000] {logging_mixin.py:137} INFO - [2022-11-25T06:20:26.349+0000] {manager.py:507} INFO - Created Permission View: can delete on DAG:example_branch_python_operator_decorator
[2022-11-25T06:20:26.352+0000] {logging_mixin.py:137} INFO - [2022-11-25T06:20:26.351+0000] {dag.py:2585} INFO - Sync 1 DAGs
[2022-11-25T06:20:26.402+0000] {logging_mixin.py:137} INFO - [2022-11-25T06:20:26.402+0000] {dag.py:2606} INFO - Creating ORM DAG for example_branch_python_operator_decorator
[2022-11-25T06:20:26.444+0000] {logging_mixin.py:137} INFO - [2022-11-25T06:20:26.444+0000] {dag.py:3340} INFO - Setting next_dagrun for example_branch_python_operator_decorator to 2022-11-24T00:00:00+00:00, run_after=2022-11-25T00:00:00+00:00
[2022-11-25T06:20:26.538+0000] {processor.py:176} INFO - Processing /home/airflow/.local/lib/python3.7/site-packages/airflow/example_dags/example_branch_operator_decorator.py took 1.154 seconds
[2022-11-25T06:20:56.834+0000] {processor.py:154} INFO - Started process (PID=106) to work on /home/airflow/.local/lib/python3.7/site-packages/airflow/example_dags/example_branch_operator_decorator.py
[2022-11-25T06:20:56.836+0000] {processor.py:756} INFO - Processing file /home/airflow/.local/lib/python3.7/site-packages/airflow/example_dags/example_branch_operator_decorator.py for tasks to queue
[2022-11-25T06:20:56.838+0000] {logging_mixin.py:137} INFO - [2022-11-25T06:20:56.838+0000] {dagbag.py:537} INFO - Filling up the DagBag from /home/airflow/.local/lib/python3.7/site-packages/airflow/example_dags/example_branch_operator_decorator.py
[2022-11-25T06:20:56.863+0000] {processor.py:766} INFO - DAG(s) dict_keys(['example_branch_python_operator_decorator']) retrieved from /home/airflow/.local/lib/python3.7/site-packages/airflow/example_dags/example_branch_operator_decorator.py
[2022-11-25T06:20:56.901+0000] {logging_mixin.py:137} INFO - [2022-11-25T06:20:56.901+0000] {dag.py:2585} INFO - Sync 1 DAGs
[2022-11-25T06:20:56.934+0000] {logging_mixin.py:137} INFO - [2022-11-25T06:20:56.933+0000] {dag.py:3340} INFO - Setting next_dagrun for example_branch_python_operator_decorator to 2022-11-24T00:00:00+00:00, run_after=2022-11-25T00:00:00+00:00
[2022-11-25T06:20:56.951+0000] {processor.py:176} INFO - Processing /home/airflow/.local/lib/python3.7/site-packages/airflow/example_dags/example_branch_operator_decorator.py took 0.121 seconds
[2022-11-25T06:21:28.747+0000] {processor.py:154} INFO - Started process (PID=176) to work on /home/airflow/.local/lib/python3.7/site-packages/airflow/example_dags/example_branch_operator_decorator.py
[2022-11-25T06:21:28.753+0000] {processor.py:756} INFO - Processing file /home/airflow/.local/lib/python3.7/site-packages/airflow/example_dags/example_branch_operator_decorator.py for tasks to queue
[2022-11-25T06:21:28.755+0000] {logging_mixin.py:137} INFO - [2022-11-25T06:21:28.755+0000] {dagbag.py:537} INFO - Filling up the DagBag from /home/airflow/.local/lib/python3.7/site-packages/airflow/example_dags/example_branch_operator_decorator.py
[2022-11-25T06:21:28.792+0000] {processor.py:766} INFO - DAG(s) dict_keys(['example_branch_python_operator_decorator']) retrieved from /home/airflow/.local/lib/python3.7/site-packages/airflow/example_dags/example_branch_operator_decorator.py
[2022-11-25T06:21:28.867+0000] {logging_mixin.py:137} INFO - [2022-11-25T06:21:28.867+0000] {dag.py:2585} INFO - Sync 1 DAGs
[2022-11-25T06:21:28.887+0000] {logging_mixin.py:137} INFO - [2022-11-25T06:21:28.887+0000] {dag.py:3340} INFO - Setting next_dagrun for example_branch_python_operator_decorator to 2022-11-24T00:00:00+00:00, run_after=2022-11-25T00:00:00+00:00
[2022-11-25T06:21:28.899+0000] {processor.py:176} INFO - Processing /home/airflow/.local/lib/python3.7/site-packages/airflow/example_dags/example_branch_operator_decorator.py took 0.156 seconds
[2022-11-25T06:22:01.024+0000] {processor.py:154} INFO - Started process (PID=245) to work on /home/airflow/.local/lib/python3.7/site-packages/airflow/example_dags/example_branch_operator_decorator.py
[2022-11-25T06:22:01.032+0000] {processor.py:756} INFO - Processing file /home/airflow/.local/lib/python3.7/site-packages/airflow/example_dags/example_branch_operator_decorator.py for tasks to queue
[2022-11-25T06:22:01.035+0000] {logging_mixin.py:137} INFO - [2022-11-25T06:22:01.035+0000] {dagbag.py:537} INFO - Filling up the DagBag from /home/airflow/.local/lib/python3.7/site-packages/airflow/example_dags/example_branch_operator_decorator.py
[2022-11-25T06:22:01.086+0000] {processor.py:766} INFO - DAG(s) dict_keys(['example_branch_python_operator_decorator']) retrieved from /home/airflow/.local/lib/python3.7/site-packages/airflow/example_dags/example_branch_operator_decorator.py
[2022-11-25T06:22:01.116+0000] {logging_mixin.py:137} INFO - [2022-11-25T06:22:01.116+0000] {dag.py:2585} INFO - Sync 1 DAGs
[2022-11-25T06:22:01.148+0000] {logging_mixin.py:137} INFO - [2022-11-25T06:22:01.148+0000] {dag.py:3340} INFO - Setting next_dagrun for example_branch_python_operator_decorator to 2022-11-24T00:00:00+00:00, run_after=2022-11-25T00:00:00+00:00
[2022-11-25T06:22:01.169+0000] {processor.py:176} INFO - Processing /home/airflow/.local/lib/python3.7/site-packages/airflow/example_dags/example_branch_operator_decorator.py took 0.151 seconds
[2022-11-25T06:22:31.650+0000] {processor.py:154} INFO - Started process (PID=312) to work on /home/airflow/.local/lib/python3.7/site-packages/airflow/example_dags/example_branch_operator_decorator.py
[2022-11-25T06:22:31.652+0000] {processor.py:756} INFO - Processing file /home/airflow/.local/lib/python3.7/site-packages/airflow/example_dags/example_branch_operator_decorator.py for tasks to queue
[2022-11-25T06:22:31.654+0000] {logging_mixin.py:137} INFO - [2022-11-25T06:22:31.654+0000] {dagbag.py:537} INFO - Filling up the DagBag from /home/airflow/.local/lib/python3.7/site-packages/airflow/example_dags/example_branch_operator_decorator.py
[2022-11-25T06:22:31.679+0000] {processor.py:766} INFO - DAG(s) dict_keys(['example_branch_python_operator_decorator']) retrieved from /home/airflow/.local/lib/python3.7/site-packages/airflow/example_dags/example_branch_operator_decorator.py
[2022-11-25T06:22:31.709+0000] {logging_mixin.py:137} INFO - [2022-11-25T06:22:31.709+0000] {dag.py:2585} INFO - Sync 1 DAGs
[2022-11-25T06:22:31.726+0000] {logging_mixin.py:137} INFO - [2022-11-25T06:22:31.726+0000] {dag.py:3340} INFO - Setting next_dagrun for example_branch_python_operator_decorator to 2022-11-24T00:00:00+00:00, run_after=2022-11-25T00:00:00+00:00
[2022-11-25T06:22:31.741+0000] {processor.py:176} INFO - Processing /home/airflow/.local/lib/python3.7/site-packages/airflow/example_dags/example_branch_operator_decorator.py took 0.093 seconds
[2022-11-25T06:23:01.859+0000] {processor.py:154} INFO - Started process (PID=377) to work on /home/airflow/.local/lib/python3.7/site-packages/airflow/example_dags/example_branch_operator_decorator.py
[2022-11-25T06:23:01.861+0000] {processor.py:756} INFO - Processing file /home/airflow/.local/lib/python3.7/site-packages/airflow/example_dags/example_branch_operator_decorator.py for tasks to queue
[2022-11-25T06:23:01.863+0000] {logging_mixin.py:137} INFO - [2022-11-25T06:23:01.862+0000] {dagbag.py:537} INFO - Filling up the DagBag from /home/airflow/.local/lib/python3.7/site-packages/airflow/example_dags/example_branch_operator_decorator.py
[2022-11-25T06:23:01.904+0000] {processor.py:766} INFO - DAG(s) dict_keys(['example_branch_python_operator_decorator']) retrieved from /home/airflow/.local/lib/python3.7/site-packages/airflow/example_dags/example_branch_operator_decorator.py
[2022-11-25T06:23:01.961+0000] {logging_mixin.py:137} INFO - [2022-11-25T06:23:01.961+0000] {dag.py:2585} INFO - Sync 1 DAGs
[2022-11-25T06:23:01.993+0000] {logging_mixin.py:137} INFO - [2022-11-25T06:23:01.992+0000] {dag.py:3340} INFO - Setting next_dagrun for example_branch_python_operator_decorator to 2022-11-24T00:00:00+00:00, run_after=2022-11-25T00:00:00+00:00
[2022-11-25T06:23:02.024+0000] {processor.py:176} INFO - Processing /home/airflow/.local/lib/python3.7/site-packages/airflow/example_dags/example_branch_operator_decorator.py took 0.169 seconds
[2022-11-25T06:23:32.301+0000] {processor.py:154} INFO - Started process (PID=435) to work on /home/airflow/.local/lib/python3.7/site-packages/airflow/example_dags/example_branch_operator_decorator.py
[2022-11-25T06:23:32.304+0000] {processor.py:756} INFO - Processing file /home/airflow/.local/lib/python3.7/site-packages/airflow/example_dags/example_branch_operator_decorator.py for tasks to queue
[2022-11-25T06:23:32.306+0000] {logging_mixin.py:137} INFO - [2022-11-25T06:23:32.306+0000] {dagbag.py:537} INFO - Filling up the DagBag from /home/airflow/.local/lib/python3.7/site-packages/airflow/example_dags/example_branch_operator_decorator.py
[2022-11-25T06:23:32.338+0000] {processor.py:766} INFO - DAG(s) dict_keys(['example_branch_python_operator_decorator']) retrieved from /home/airflow/.local/lib/python3.7/site-packages/airflow/example_dags/example_branch_operator_decorator.py
[2022-11-25T06:23:32.399+0000] {logging_mixin.py:137} INFO - [2022-11-25T06:23:32.399+0000] {dag.py:2585} INFO - Sync 1 DAGs
[2022-11-25T06:23:32.445+0000] {logging_mixin.py:137} INFO - [2022-11-25T06:23:32.444+0000] {dag.py:3340} INFO - Setting next_dagrun for example_branch_python_operator_decorator to 2022-11-24T00:00:00+00:00, run_after=2022-11-25T00:00:00+00:00
[2022-11-25T06:23:32.463+0000] {processor.py:176} INFO - Processing /home/airflow/.local/lib/python3.7/site-packages/airflow/example_dags/example_branch_operator_decorator.py took 0.169 seconds
[2022-11-25T06:24:02.641+0000] {processor.py:154} INFO - Started process (PID=503) to work on /home/airflow/.local/lib/python3.7/site-packages/airflow/example_dags/example_branch_operator_decorator.py
[2022-11-25T06:24:02.646+0000] {processor.py:756} INFO - Processing file /home/airflow/.local/lib/python3.7/site-packages/airflow/example_dags/example_branch_operator_decorator.py for tasks to queue
[2022-11-25T06:24:02.649+0000] {logging_mixin.py:137} INFO - [2022-11-25T06:24:02.649+0000] {dagbag.py:537} INFO - Filling up the DagBag from /home/airflow/.local/lib/python3.7/site-packages/airflow/example_dags/example_branch_operator_decorator.py
[2022-11-25T06:24:02.691+0000] {processor.py:766} INFO - DAG(s) dict_keys(['example_branch_python_operator_decorator']) retrieved from /home/airflow/.local/lib/python3.7/site-packages/airflow/example_dags/example_branch_operator_decorator.py
[2022-11-25T06:24:02.743+0000] {logging_mixin.py:137} INFO - [2022-11-25T06:24:02.743+0000] {dag.py:2585} INFO - Sync 1 DAGs
[2022-11-25T06:24:02.769+0000] {logging_mixin.py:137} INFO - [2022-11-25T06:24:02.769+0000] {dag.py:3340} INFO - Setting next_dagrun for example_branch_python_operator_decorator to 2022-11-24T00:00:00+00:00, run_after=2022-11-25T00:00:00+00:00
[2022-11-25T06:24:02.787+0000] {processor.py:176} INFO - Processing /home/airflow/.local/lib/python3.7/site-packages/airflow/example_dags/example_branch_operator_decorator.py took 0.157 seconds
[2022-11-25T06:24:33.683+0000] {processor.py:154} INFO - Started process (PID=570) to work on /home/airflow/.local/lib/python3.7/site-packages/airflow/example_dags/example_branch_operator_decorator.py
[2022-11-25T06:24:33.686+0000] {processor.py:756} INFO - Processing file /home/airflow/.local/lib/python3.7/site-packages/airflow/example_dags/example_branch_operator_decorator.py for tasks to queue
[2022-11-25T06:24:33.689+0000] {logging_mixin.py:137} INFO - [2022-11-25T06:24:33.689+0000] {dagbag.py:537} INFO - Filling up the DagBag from /home/airflow/.local/lib/python3.7/site-packages/airflow/example_dags/example_branch_operator_decorator.py
[2022-11-25T06:24:33.750+0000] {processor.py:766} INFO - DAG(s) dict_keys(['example_branch_python_operator_decorator']) retrieved from /home/airflow/.local/lib/python3.7/site-packages/airflow/example_dags/example_branch_operator_decorator.py
[2022-11-25T06:24:33.810+0000] {logging_mixin.py:137} INFO - [2022-11-25T06:24:33.810+0000] {dag.py:2585} INFO - Sync 1 DAGs
[2022-11-25T06:24:33.848+0000] {logging_mixin.py:137} INFO - [2022-11-25T06:24:33.848+0000] {dag.py:3340} INFO - Setting next_dagrun for example_branch_python_operator_decorator to 2022-11-24T00:00:00+00:00, run_after=2022-11-25T00:00:00+00:00
[2022-11-25T06:24:33.868+0000] {processor.py:176} INFO - Processing /home/airflow/.local/lib/python3.7/site-packages/airflow/example_dags/example_branch_operator_decorator.py took 0.198 seconds
