[2022-11-25T05:25:14.448+0000] {processor.py:154} INFO - Started process (PID=59) to work on /home/airflow/.local/lib/python3.7/site-packages/airflow/example_dags/example_branch_python_dop_operator_3.py
[2022-11-25T05:25:14.469+0000] {processor.py:756} INFO - Processing file /home/airflow/.local/lib/python3.7/site-packages/airflow/example_dags/example_branch_python_dop_operator_3.py for tasks to queue
[2022-11-25T05:25:14.514+0000] {logging_mixin.py:137} INFO - [2022-11-25T05:25:14.514+0000] {dagbag.py:537} INFO - Filling up the DagBag from /home/airflow/.local/lib/python3.7/site-packages/airflow/example_dags/example_branch_python_dop_operator_3.py
[2022-11-25T05:25:14.899+0000] {processor.py:766} INFO - DAG(s) dict_keys(['example_branch_dop_operator_v3']) retrieved from /home/airflow/.local/lib/python3.7/site-packages/airflow/example_dags/example_branch_python_dop_operator_3.py
[2022-11-25T05:25:16.259+0000] {logging_mixin.py:137} INFO - [2022-11-25T05:25:16.258+0000] {dag.py:2585} INFO - Sync 1 DAGs
[2022-11-25T05:25:17.165+0000] {logging_mixin.py:137} INFO - [2022-11-25T05:25:17.160+0000] {dag.py:3340} INFO - Setting next_dagrun for example_branch_dop_operator_v3 to 2022-11-25T05:24:00+00:00, run_after=2022-11-25T05:25:00+00:00
[2022-11-25T05:25:18.120+0000] {processor.py:176} INFO - Processing /home/airflow/.local/lib/python3.7/site-packages/airflow/example_dags/example_branch_python_dop_operator_3.py took 3.686 seconds
[2022-11-25T06:20:28.788+0000] {processor.py:154} INFO - Started process (PID=54) to work on /home/airflow/.local/lib/python3.7/site-packages/airflow/example_dags/example_branch_python_dop_operator_3.py
[2022-11-25T06:20:28.800+0000] {processor.py:756} INFO - Processing file /home/airflow/.local/lib/python3.7/site-packages/airflow/example_dags/example_branch_python_dop_operator_3.py for tasks to queue
[2022-11-25T06:20:28.803+0000] {logging_mixin.py:137} INFO - [2022-11-25T06:20:28.803+0000] {dagbag.py:537} INFO - Filling up the DagBag from /home/airflow/.local/lib/python3.7/site-packages/airflow/example_dags/example_branch_python_dop_operator_3.py
[2022-11-25T06:20:28.939+0000] {processor.py:766} INFO - DAG(s) dict_keys(['example_branch_dop_operator_v3']) retrieved from /home/airflow/.local/lib/python3.7/site-packages/airflow/example_dags/example_branch_python_dop_operator_3.py
[2022-11-25T06:20:29.329+0000] {logging_mixin.py:137} INFO - [2022-11-25T06:20:29.329+0000] {manager.py:507} INFO - Created Permission View: can read on DAG:example_branch_dop_operator_v3
[2022-11-25T06:20:29.340+0000] {logging_mixin.py:137} INFO - [2022-11-25T06:20:29.340+0000] {manager.py:507} INFO - Created Permission View: can edit on DAG:example_branch_dop_operator_v3
[2022-11-25T06:20:29.358+0000] {logging_mixin.py:137} INFO - [2022-11-25T06:20:29.357+0000] {manager.py:507} INFO - Created Permission View: can delete on DAG:example_branch_dop_operator_v3
[2022-11-25T06:20:29.360+0000] {logging_mixin.py:137} INFO - [2022-11-25T06:20:29.360+0000] {dag.py:2585} INFO - Sync 1 DAGs
[2022-11-25T06:20:29.384+0000] {logging_mixin.py:137} INFO - [2022-11-25T06:20:29.384+0000] {dag.py:2606} INFO - Creating ORM DAG for example_branch_dop_operator_v3
[2022-11-25T06:20:29.409+0000] {logging_mixin.py:137} INFO - [2022-11-25T06:20:29.409+0000] {dag.py:3340} INFO - Setting next_dagrun for example_branch_dop_operator_v3 to 2022-11-25T06:19:00+00:00, run_after=2022-11-25T06:20:00+00:00
[2022-11-25T06:20:29.436+0000] {processor.py:176} INFO - Processing /home/airflow/.local/lib/python3.7/site-packages/airflow/example_dags/example_branch_python_dop_operator_3.py took 0.656 seconds
[2022-11-25T06:21:00.158+0000] {processor.py:154} INFO - Started process (PID=122) to work on /home/airflow/.local/lib/python3.7/site-packages/airflow/example_dags/example_branch_python_dop_operator_3.py
[2022-11-25T06:21:00.159+0000] {processor.py:756} INFO - Processing file /home/airflow/.local/lib/python3.7/site-packages/airflow/example_dags/example_branch_python_dop_operator_3.py for tasks to queue
[2022-11-25T06:21:00.160+0000] {logging_mixin.py:137} INFO - [2022-11-25T06:21:00.160+0000] {dagbag.py:537} INFO - Filling up the DagBag from /home/airflow/.local/lib/python3.7/site-packages/airflow/example_dags/example_branch_python_dop_operator_3.py
[2022-11-25T06:21:00.179+0000] {processor.py:766} INFO - DAG(s) dict_keys(['example_branch_dop_operator_v3']) retrieved from /home/airflow/.local/lib/python3.7/site-packages/airflow/example_dags/example_branch_python_dop_operator_3.py
[2022-11-25T06:21:00.204+0000] {logging_mixin.py:137} INFO - [2022-11-25T06:21:00.204+0000] {dag.py:2585} INFO - Sync 1 DAGs
[2022-11-25T06:21:00.222+0000] {logging_mixin.py:137} INFO - [2022-11-25T06:21:00.222+0000] {dag.py:3340} INFO - Setting next_dagrun for example_branch_dop_operator_v3 to 2022-11-25T06:20:00+00:00, run_after=2022-11-25T06:21:00+00:00
[2022-11-25T06:21:00.236+0000] {processor.py:176} INFO - Processing /home/airflow/.local/lib/python3.7/site-packages/airflow/example_dags/example_branch_python_dop_operator_3.py took 0.082 seconds
[2022-11-25T06:21:31.087+0000] {processor.py:154} INFO - Started process (PID=182) to work on /home/airflow/.local/lib/python3.7/site-packages/airflow/example_dags/example_branch_python_dop_operator_3.py
[2022-11-25T06:21:31.090+0000] {processor.py:756} INFO - Processing file /home/airflow/.local/lib/python3.7/site-packages/airflow/example_dags/example_branch_python_dop_operator_3.py for tasks to queue
[2022-11-25T06:21:31.092+0000] {logging_mixin.py:137} INFO - [2022-11-25T06:21:31.092+0000] {dagbag.py:537} INFO - Filling up the DagBag from /home/airflow/.local/lib/python3.7/site-packages/airflow/example_dags/example_branch_python_dop_operator_3.py
[2022-11-25T06:21:31.115+0000] {processor.py:766} INFO - DAG(s) dict_keys(['example_branch_dop_operator_v3']) retrieved from /home/airflow/.local/lib/python3.7/site-packages/airflow/example_dags/example_branch_python_dop_operator_3.py
[2022-11-25T06:21:31.149+0000] {logging_mixin.py:137} INFO - [2022-11-25T06:21:31.149+0000] {dag.py:2585} INFO - Sync 1 DAGs
[2022-11-25T06:21:31.173+0000] {logging_mixin.py:137} INFO - [2022-11-25T06:21:31.173+0000] {dag.py:3340} INFO - Setting next_dagrun for example_branch_dop_operator_v3 to 2022-11-25T06:20:00+00:00, run_after=2022-11-25T06:21:00+00:00
[2022-11-25T06:21:31.189+0000] {processor.py:176} INFO - Processing /home/airflow/.local/lib/python3.7/site-packages/airflow/example_dags/example_branch_python_dop_operator_3.py took 0.105 seconds
[2022-11-25T06:22:01.453+0000] {processor.py:154} INFO - Started process (PID=251) to work on /home/airflow/.local/lib/python3.7/site-packages/airflow/example_dags/example_branch_python_dop_operator_3.py
[2022-11-25T06:22:01.455+0000] {processor.py:756} INFO - Processing file /home/airflow/.local/lib/python3.7/site-packages/airflow/example_dags/example_branch_python_dop_operator_3.py for tasks to queue
[2022-11-25T06:22:01.458+0000] {logging_mixin.py:137} INFO - [2022-11-25T06:22:01.458+0000] {dagbag.py:537} INFO - Filling up the DagBag from /home/airflow/.local/lib/python3.7/site-packages/airflow/example_dags/example_branch_python_dop_operator_3.py
[2022-11-25T06:22:01.481+0000] {processor.py:766} INFO - DAG(s) dict_keys(['example_branch_dop_operator_v3']) retrieved from /home/airflow/.local/lib/python3.7/site-packages/airflow/example_dags/example_branch_python_dop_operator_3.py
[2022-11-25T06:22:01.499+0000] {logging_mixin.py:137} INFO - [2022-11-25T06:22:01.498+0000] {dag.py:2585} INFO - Sync 1 DAGs
[2022-11-25T06:22:01.518+0000] {logging_mixin.py:137} INFO - [2022-11-25T06:22:01.518+0000] {dag.py:3340} INFO - Setting next_dagrun for example_branch_dop_operator_v3 to 2022-11-25T06:21:00+00:00, run_after=2022-11-25T06:22:00+00:00
[2022-11-25T06:22:01.531+0000] {processor.py:176} INFO - Processing /home/airflow/.local/lib/python3.7/site-packages/airflow/example_dags/example_branch_python_dop_operator_3.py took 0.081 seconds
[2022-11-25T06:22:32.182+0000] {processor.py:154} INFO - Started process (PID=319) to work on /home/airflow/.local/lib/python3.7/site-packages/airflow/example_dags/example_branch_python_dop_operator_3.py
[2022-11-25T06:22:32.184+0000] {processor.py:756} INFO - Processing file /home/airflow/.local/lib/python3.7/site-packages/airflow/example_dags/example_branch_python_dop_operator_3.py for tasks to queue
[2022-11-25T06:22:32.186+0000] {logging_mixin.py:137} INFO - [2022-11-25T06:22:32.186+0000] {dagbag.py:537} INFO - Filling up the DagBag from /home/airflow/.local/lib/python3.7/site-packages/airflow/example_dags/example_branch_python_dop_operator_3.py
[2022-11-25T06:22:32.201+0000] {processor.py:766} INFO - DAG(s) dict_keys(['example_branch_dop_operator_v3']) retrieved from /home/airflow/.local/lib/python3.7/site-packages/airflow/example_dags/example_branch_python_dop_operator_3.py
[2022-11-25T06:22:32.227+0000] {logging_mixin.py:137} INFO - [2022-11-25T06:22:32.227+0000] {dag.py:2585} INFO - Sync 1 DAGs
[2022-11-25T06:22:32.242+0000] {logging_mixin.py:137} INFO - [2022-11-25T06:22:32.242+0000] {dag.py:3340} INFO - Setting next_dagrun for example_branch_dop_operator_v3 to 2022-11-25T06:21:00+00:00, run_after=2022-11-25T06:22:00+00:00
[2022-11-25T06:22:32.255+0000] {processor.py:176} INFO - Processing /home/airflow/.local/lib/python3.7/site-packages/airflow/example_dags/example_branch_python_dop_operator_3.py took 0.075 seconds
[2022-11-25T06:23:02.883+0000] {processor.py:154} INFO - Started process (PID=386) to work on /home/airflow/.local/lib/python3.7/site-packages/airflow/example_dags/example_branch_python_dop_operator_3.py
[2022-11-25T06:23:02.884+0000] {processor.py:756} INFO - Processing file /home/airflow/.local/lib/python3.7/site-packages/airflow/example_dags/example_branch_python_dop_operator_3.py for tasks to queue
[2022-11-25T06:23:02.886+0000] {logging_mixin.py:137} INFO - [2022-11-25T06:23:02.885+0000] {dagbag.py:537} INFO - Filling up the DagBag from /home/airflow/.local/lib/python3.7/site-packages/airflow/example_dags/example_branch_python_dop_operator_3.py
[2022-11-25T06:23:02.901+0000] {processor.py:766} INFO - DAG(s) dict_keys(['example_branch_dop_operator_v3']) retrieved from /home/airflow/.local/lib/python3.7/site-packages/airflow/example_dags/example_branch_python_dop_operator_3.py
[2022-11-25T06:23:02.927+0000] {logging_mixin.py:137} INFO - [2022-11-25T06:23:02.927+0000] {dag.py:2585} INFO - Sync 1 DAGs
[2022-11-25T06:23:02.946+0000] {logging_mixin.py:137} INFO - [2022-11-25T06:23:02.946+0000] {dag.py:3340} INFO - Setting next_dagrun for example_branch_dop_operator_v3 to 2022-11-25T06:22:00+00:00, run_after=2022-11-25T06:23:00+00:00
[2022-11-25T06:23:02.974+0000] {processor.py:176} INFO - Processing /home/airflow/.local/lib/python3.7/site-packages/airflow/example_dags/example_branch_python_dop_operator_3.py took 0.093 seconds
[2022-11-25T06:23:35.307+0000] {processor.py:154} INFO - Started process (PID=454) to work on /home/airflow/.local/lib/python3.7/site-packages/airflow/example_dags/example_branch_python_dop_operator_3.py
[2022-11-25T06:23:35.308+0000] {processor.py:756} INFO - Processing file /home/airflow/.local/lib/python3.7/site-packages/airflow/example_dags/example_branch_python_dop_operator_3.py for tasks to queue
[2022-11-25T06:23:35.319+0000] {logging_mixin.py:137} INFO - [2022-11-25T06:23:35.319+0000] {dagbag.py:537} INFO - Filling up the DagBag from /home/airflow/.local/lib/python3.7/site-packages/airflow/example_dags/example_branch_python_dop_operator_3.py
[2022-11-25T06:23:35.358+0000] {processor.py:766} INFO - DAG(s) dict_keys(['example_branch_dop_operator_v3']) retrieved from /home/airflow/.local/lib/python3.7/site-packages/airflow/example_dags/example_branch_python_dop_operator_3.py
[2022-11-25T06:23:35.398+0000] {logging_mixin.py:137} INFO - [2022-11-25T06:23:35.397+0000] {dag.py:2585} INFO - Sync 1 DAGs
[2022-11-25T06:23:35.417+0000] {logging_mixin.py:137} INFO - [2022-11-25T06:23:35.417+0000] {dag.py:3340} INFO - Setting next_dagrun for example_branch_dop_operator_v3 to 2022-11-25T06:22:00+00:00, run_after=2022-11-25T06:23:00+00:00
[2022-11-25T06:23:35.431+0000] {processor.py:176} INFO - Processing /home/airflow/.local/lib/python3.7/site-packages/airflow/example_dags/example_branch_python_dop_operator_3.py took 0.127 seconds
[2022-11-25T06:24:06.187+0000] {processor.py:154} INFO - Started process (PID=513) to work on /home/airflow/.local/lib/python3.7/site-packages/airflow/example_dags/example_branch_python_dop_operator_3.py
[2022-11-25T06:24:06.189+0000] {processor.py:756} INFO - Processing file /home/airflow/.local/lib/python3.7/site-packages/airflow/example_dags/example_branch_python_dop_operator_3.py for tasks to queue
[2022-11-25T06:24:06.190+0000] {logging_mixin.py:137} INFO - [2022-11-25T06:24:06.190+0000] {dagbag.py:537} INFO - Filling up the DagBag from /home/airflow/.local/lib/python3.7/site-packages/airflow/example_dags/example_branch_python_dop_operator_3.py
[2022-11-25T06:24:06.206+0000] {processor.py:766} INFO - DAG(s) dict_keys(['example_branch_dop_operator_v3']) retrieved from /home/airflow/.local/lib/python3.7/site-packages/airflow/example_dags/example_branch_python_dop_operator_3.py
[2022-11-25T06:24:06.236+0000] {logging_mixin.py:137} INFO - [2022-11-25T06:24:06.235+0000] {dag.py:2585} INFO - Sync 1 DAGs
[2022-11-25T06:24:06.253+0000] {logging_mixin.py:137} INFO - [2022-11-25T06:24:06.253+0000] {dag.py:3340} INFO - Setting next_dagrun for example_branch_dop_operator_v3 to 2022-11-25T06:23:00+00:00, run_after=2022-11-25T06:24:00+00:00
[2022-11-25T06:24:06.263+0000] {processor.py:176} INFO - Processing /home/airflow/.local/lib/python3.7/site-packages/airflow/example_dags/example_branch_python_dop_operator_3.py took 0.080 seconds
[2022-11-25T06:24:37.986+0000] {processor.py:154} INFO - Started process (PID=580) to work on /home/airflow/.local/lib/python3.7/site-packages/airflow/example_dags/example_branch_python_dop_operator_3.py
[2022-11-25T06:24:37.988+0000] {processor.py:756} INFO - Processing file /home/airflow/.local/lib/python3.7/site-packages/airflow/example_dags/example_branch_python_dop_operator_3.py for tasks to queue
[2022-11-25T06:24:37.990+0000] {logging_mixin.py:137} INFO - [2022-11-25T06:24:37.989+0000] {dagbag.py:537} INFO - Filling up the DagBag from /home/airflow/.local/lib/python3.7/site-packages/airflow/example_dags/example_branch_python_dop_operator_3.py
[2022-11-25T06:24:38.014+0000] {processor.py:766} INFO - DAG(s) dict_keys(['example_branch_dop_operator_v3']) retrieved from /home/airflow/.local/lib/python3.7/site-packages/airflow/example_dags/example_branch_python_dop_operator_3.py
[2022-11-25T06:24:38.049+0000] {logging_mixin.py:137} INFO - [2022-11-25T06:24:38.049+0000] {dag.py:2585} INFO - Sync 1 DAGs
[2022-11-25T06:24:38.072+0000] {logging_mixin.py:137} INFO - [2022-11-25T06:24:38.072+0000] {dag.py:3340} INFO - Setting next_dagrun for example_branch_dop_operator_v3 to 2022-11-25T06:23:00+00:00, run_after=2022-11-25T06:24:00+00:00
[2022-11-25T06:24:38.087+0000] {processor.py:176} INFO - Processing /home/airflow/.local/lib/python3.7/site-packages/airflow/example_dags/example_branch_python_dop_operator_3.py took 0.104 seconds
