[2022-11-25T05:25:11.147+0000] {processor.py:154} INFO - Started process (PID=50) to work on /home/airflow/.local/lib/python3.7/site-packages/airflow/example_dags/example_task_group.py
[2022-11-25T05:25:11.150+0000] {processor.py:756} INFO - Processing file /home/airflow/.local/lib/python3.7/site-packages/airflow/example_dags/example_task_group.py for tasks to queue
[2022-11-25T05:25:11.182+0000] {logging_mixin.py:137} INFO - [2022-11-25T05:25:11.182+0000] {dagbag.py:537} INFO - Filling up the DagBag from /home/airflow/.local/lib/python3.7/site-packages/airflow/example_dags/example_task_group.py
[2022-11-25T05:25:11.452+0000] {processor.py:766} INFO - DAG(s) dict_keys(['example_task_group']) retrieved from /home/airflow/.local/lib/python3.7/site-packages/airflow/example_dags/example_task_group.py
[2022-11-25T05:25:12.507+0000] {logging_mixin.py:137} INFO - [2022-11-25T05:25:12.504+0000] {dag.py:2585} INFO - Sync 1 DAGs
[2022-11-25T05:25:13.649+0000] {logging_mixin.py:137} INFO - [2022-11-25T05:25:13.511+0000] {dag.py:3340} INFO - Setting next_dagrun for example_task_group to 2022-11-24T05:25:13.382501+00:00, run_after=2022-11-25T05:25:13.382501+00:00
[2022-11-25T05:25:13.979+0000] {processor.py:176} INFO - Processing /home/airflow/.local/lib/python3.7/site-packages/airflow/example_dags/example_task_group.py took 2.900 seconds
[2022-11-25T06:20:28.211+0000] {processor.py:154} INFO - Started process (PID=52) to work on /home/airflow/.local/lib/python3.7/site-packages/airflow/example_dags/example_task_group.py
[2022-11-25T06:20:28.217+0000] {processor.py:756} INFO - Processing file /home/airflow/.local/lib/python3.7/site-packages/airflow/example_dags/example_task_group.py for tasks to queue
[2022-11-25T06:20:28.223+0000] {logging_mixin.py:137} INFO - [2022-11-25T06:20:28.222+0000] {dagbag.py:537} INFO - Filling up the DagBag from /home/airflow/.local/lib/python3.7/site-packages/airflow/example_dags/example_task_group.py
[2022-11-25T06:20:28.297+0000] {processor.py:766} INFO - DAG(s) dict_keys(['example_task_group']) retrieved from /home/airflow/.local/lib/python3.7/site-packages/airflow/example_dags/example_task_group.py
[2022-11-25T06:20:28.551+0000] {logging_mixin.py:137} INFO - [2022-11-25T06:20:28.551+0000] {manager.py:507} INFO - Created Permission View: can read on DAG:example_task_group
[2022-11-25T06:20:28.569+0000] {logging_mixin.py:137} INFO - [2022-11-25T06:20:28.569+0000] {manager.py:507} INFO - Created Permission View: can edit on DAG:example_task_group
[2022-11-25T06:20:28.582+0000] {logging_mixin.py:137} INFO - [2022-11-25T06:20:28.582+0000] {manager.py:507} INFO - Created Permission View: can delete on DAG:example_task_group
[2022-11-25T06:20:28.586+0000] {logging_mixin.py:137} INFO - [2022-11-25T06:20:28.585+0000] {dag.py:2585} INFO - Sync 1 DAGs
[2022-11-25T06:20:28.617+0000] {logging_mixin.py:137} INFO - [2022-11-25T06:20:28.617+0000] {dag.py:2606} INFO - Creating ORM DAG for example_task_group
[2022-11-25T06:20:28.653+0000] {logging_mixin.py:137} INFO - [2022-11-25T06:20:28.653+0000] {dag.py:3340} INFO - Setting next_dagrun for example_task_group to 2022-11-24T06:20:28.652780+00:00, run_after=2022-11-25T06:20:28.652780+00:00
[2022-11-25T06:20:28.688+0000] {processor.py:176} INFO - Processing /home/airflow/.local/lib/python3.7/site-packages/airflow/example_dags/example_task_group.py took 0.483 seconds
[2022-11-25T06:20:59.060+0000] {processor.py:154} INFO - Started process (PID=111) to work on /home/airflow/.local/lib/python3.7/site-packages/airflow/example_dags/example_task_group.py
[2022-11-25T06:20:59.063+0000] {processor.py:756} INFO - Processing file /home/airflow/.local/lib/python3.7/site-packages/airflow/example_dags/example_task_group.py for tasks to queue
[2022-11-25T06:20:59.064+0000] {logging_mixin.py:137} INFO - [2022-11-25T06:20:59.064+0000] {dagbag.py:537} INFO - Filling up the DagBag from /home/airflow/.local/lib/python3.7/site-packages/airflow/example_dags/example_task_group.py
[2022-11-25T06:20:59.079+0000] {processor.py:766} INFO - DAG(s) dict_keys(['example_task_group']) retrieved from /home/airflow/.local/lib/python3.7/site-packages/airflow/example_dags/example_task_group.py
[2022-11-25T06:20:59.116+0000] {logging_mixin.py:137} INFO - [2022-11-25T06:20:59.116+0000] {dag.py:2585} INFO - Sync 1 DAGs
[2022-11-25T06:20:59.146+0000] {logging_mixin.py:137} INFO - [2022-11-25T06:20:59.146+0000] {dag.py:3340} INFO - Setting next_dagrun for example_task_group to 2022-11-24T06:20:59.146403+00:00, run_after=2022-11-25T06:20:59.146403+00:00
[2022-11-25T06:20:59.164+0000] {processor.py:176} INFO - Processing /home/airflow/.local/lib/python3.7/site-packages/airflow/example_dags/example_task_group.py took 0.108 seconds
[2022-11-25T06:21:29.985+0000] {processor.py:154} INFO - Started process (PID=180) to work on /home/airflow/.local/lib/python3.7/site-packages/airflow/example_dags/example_task_group.py
[2022-11-25T06:21:29.987+0000] {processor.py:756} INFO - Processing file /home/airflow/.local/lib/python3.7/site-packages/airflow/example_dags/example_task_group.py for tasks to queue
[2022-11-25T06:21:29.988+0000] {logging_mixin.py:137} INFO - [2022-11-25T06:21:29.988+0000] {dagbag.py:537} INFO - Filling up the DagBag from /home/airflow/.local/lib/python3.7/site-packages/airflow/example_dags/example_task_group.py
[2022-11-25T06:21:30.004+0000] {processor.py:766} INFO - DAG(s) dict_keys(['example_task_group']) retrieved from /home/airflow/.local/lib/python3.7/site-packages/airflow/example_dags/example_task_group.py
[2022-11-25T06:21:30.033+0000] {logging_mixin.py:137} INFO - [2022-11-25T06:21:30.033+0000] {dag.py:2585} INFO - Sync 1 DAGs
[2022-11-25T06:21:30.048+0000] {logging_mixin.py:137} INFO - [2022-11-25T06:21:30.048+0000] {dag.py:3340} INFO - Setting next_dagrun for example_task_group to 2022-11-24T06:21:30.047874+00:00, run_after=2022-11-25T06:21:30.047874+00:00
[2022-11-25T06:21:30.060+0000] {processor.py:176} INFO - Processing /home/airflow/.local/lib/python3.7/site-packages/airflow/example_dags/example_task_group.py took 0.079 seconds
[2022-11-25T06:22:01.328+0000] {processor.py:154} INFO - Started process (PID=249) to work on /home/airflow/.local/lib/python3.7/site-packages/airflow/example_dags/example_task_group.py
[2022-11-25T06:22:01.329+0000] {processor.py:756} INFO - Processing file /home/airflow/.local/lib/python3.7/site-packages/airflow/example_dags/example_task_group.py for tasks to queue
[2022-11-25T06:22:01.332+0000] {logging_mixin.py:137} INFO - [2022-11-25T06:22:01.332+0000] {dagbag.py:537} INFO - Filling up the DagBag from /home/airflow/.local/lib/python3.7/site-packages/airflow/example_dags/example_task_group.py
[2022-11-25T06:22:01.365+0000] {processor.py:766} INFO - DAG(s) dict_keys(['example_task_group']) retrieved from /home/airflow/.local/lib/python3.7/site-packages/airflow/example_dags/example_task_group.py
[2022-11-25T06:22:01.385+0000] {logging_mixin.py:137} INFO - [2022-11-25T06:22:01.385+0000] {dag.py:2585} INFO - Sync 1 DAGs
[2022-11-25T06:22:01.403+0000] {logging_mixin.py:137} INFO - [2022-11-25T06:22:01.403+0000] {dag.py:3340} INFO - Setting next_dagrun for example_task_group to 2022-11-24T06:22:01.403392+00:00, run_after=2022-11-25T06:22:01.403392+00:00
[2022-11-25T06:22:01.417+0000] {processor.py:176} INFO - Processing /home/airflow/.local/lib/python3.7/site-packages/airflow/example_dags/example_task_group.py took 0.092 seconds
[2022-11-25T06:22:32.075+0000] {processor.py:154} INFO - Started process (PID=317) to work on /home/airflow/.local/lib/python3.7/site-packages/airflow/example_dags/example_task_group.py
[2022-11-25T06:22:32.077+0000] {processor.py:756} INFO - Processing file /home/airflow/.local/lib/python3.7/site-packages/airflow/example_dags/example_task_group.py for tasks to queue
[2022-11-25T06:22:32.078+0000] {logging_mixin.py:137} INFO - [2022-11-25T06:22:32.078+0000] {dagbag.py:537} INFO - Filling up the DagBag from /home/airflow/.local/lib/python3.7/site-packages/airflow/example_dags/example_task_group.py
[2022-11-25T06:22:32.088+0000] {processor.py:766} INFO - DAG(s) dict_keys(['example_task_group']) retrieved from /home/airflow/.local/lib/python3.7/site-packages/airflow/example_dags/example_task_group.py
[2022-11-25T06:22:32.121+0000] {logging_mixin.py:137} INFO - [2022-11-25T06:22:32.120+0000] {dag.py:2585} INFO - Sync 1 DAGs
[2022-11-25T06:22:32.142+0000] {logging_mixin.py:137} INFO - [2022-11-25T06:22:32.142+0000] {dag.py:3340} INFO - Setting next_dagrun for example_task_group to 2022-11-24T06:22:32.141935+00:00, run_after=2022-11-25T06:22:32.141935+00:00
[2022-11-25T06:22:32.155+0000] {processor.py:176} INFO - Processing /home/airflow/.local/lib/python3.7/site-packages/airflow/example_dags/example_task_group.py took 0.082 seconds
[2022-11-25T06:23:02.784+0000] {processor.py:154} INFO - Started process (PID=384) to work on /home/airflow/.local/lib/python3.7/site-packages/airflow/example_dags/example_task_group.py
[2022-11-25T06:23:02.785+0000] {processor.py:756} INFO - Processing file /home/airflow/.local/lib/python3.7/site-packages/airflow/example_dags/example_task_group.py for tasks to queue
[2022-11-25T06:23:02.787+0000] {logging_mixin.py:137} INFO - [2022-11-25T06:23:02.786+0000] {dagbag.py:537} INFO - Filling up the DagBag from /home/airflow/.local/lib/python3.7/site-packages/airflow/example_dags/example_task_group.py
[2022-11-25T06:23:02.799+0000] {processor.py:766} INFO - DAG(s) dict_keys(['example_task_group']) retrieved from /home/airflow/.local/lib/python3.7/site-packages/airflow/example_dags/example_task_group.py
[2022-11-25T06:23:02.830+0000] {logging_mixin.py:137} INFO - [2022-11-25T06:23:02.830+0000] {dag.py:2585} INFO - Sync 1 DAGs
[2022-11-25T06:23:02.846+0000] {logging_mixin.py:137} INFO - [2022-11-25T06:23:02.846+0000] {dag.py:3340} INFO - Setting next_dagrun for example_task_group to 2022-11-24T06:23:02.845953+00:00, run_after=2022-11-25T06:23:02.845953+00:00
[2022-11-25T06:23:02.857+0000] {processor.py:176} INFO - Processing /home/airflow/.local/lib/python3.7/site-packages/airflow/example_dags/example_task_group.py took 0.076 seconds
[2022-11-25T06:23:35.104+0000] {processor.py:154} INFO - Started process (PID=452) to work on /home/airflow/.local/lib/python3.7/site-packages/airflow/example_dags/example_task_group.py
[2022-11-25T06:23:35.106+0000] {processor.py:756} INFO - Processing file /home/airflow/.local/lib/python3.7/site-packages/airflow/example_dags/example_task_group.py for tasks to queue
[2022-11-25T06:23:35.107+0000] {logging_mixin.py:137} INFO - [2022-11-25T06:23:35.107+0000] {dagbag.py:537} INFO - Filling up the DagBag from /home/airflow/.local/lib/python3.7/site-packages/airflow/example_dags/example_task_group.py
[2022-11-25T06:23:35.130+0000] {processor.py:766} INFO - DAG(s) dict_keys(['example_task_group']) retrieved from /home/airflow/.local/lib/python3.7/site-packages/airflow/example_dags/example_task_group.py
[2022-11-25T06:23:35.173+0000] {logging_mixin.py:137} INFO - [2022-11-25T06:23:35.173+0000] {dag.py:2585} INFO - Sync 1 DAGs
[2022-11-25T06:23:35.196+0000] {logging_mixin.py:137} INFO - [2022-11-25T06:23:35.196+0000] {dag.py:3340} INFO - Setting next_dagrun for example_task_group to 2022-11-24T06:23:35.195638+00:00, run_after=2022-11-25T06:23:35.195638+00:00
[2022-11-25T06:23:35.240+0000] {processor.py:176} INFO - Processing /home/airflow/.local/lib/python3.7/site-packages/airflow/example_dags/example_task_group.py took 0.139 seconds
[2022-11-25T06:24:06.083+0000] {processor.py:154} INFO - Started process (PID=511) to work on /home/airflow/.local/lib/python3.7/site-packages/airflow/example_dags/example_task_group.py
[2022-11-25T06:24:06.085+0000] {processor.py:756} INFO - Processing file /home/airflow/.local/lib/python3.7/site-packages/airflow/example_dags/example_task_group.py for tasks to queue
[2022-11-25T06:24:06.086+0000] {logging_mixin.py:137} INFO - [2022-11-25T06:24:06.086+0000] {dagbag.py:537} INFO - Filling up the DagBag from /home/airflow/.local/lib/python3.7/site-packages/airflow/example_dags/example_task_group.py
[2022-11-25T06:24:06.100+0000] {processor.py:766} INFO - DAG(s) dict_keys(['example_task_group']) retrieved from /home/airflow/.local/lib/python3.7/site-packages/airflow/example_dags/example_task_group.py
[2022-11-25T06:24:06.130+0000] {logging_mixin.py:137} INFO - [2022-11-25T06:24:06.130+0000] {dag.py:2585} INFO - Sync 1 DAGs
[2022-11-25T06:24:06.147+0000] {logging_mixin.py:137} INFO - [2022-11-25T06:24:06.147+0000] {dag.py:3340} INFO - Setting next_dagrun for example_task_group to 2022-11-24T06:24:06.146953+00:00, run_after=2022-11-25T06:24:06.146953+00:00
[2022-11-25T06:24:06.159+0000] {processor.py:176} INFO - Processing /home/airflow/.local/lib/python3.7/site-packages/airflow/example_dags/example_task_group.py took 0.077 seconds
[2022-11-25T06:24:37.843+0000] {processor.py:154} INFO - Started process (PID=578) to work on /home/airflow/.local/lib/python3.7/site-packages/airflow/example_dags/example_task_group.py
[2022-11-25T06:24:37.846+0000] {processor.py:756} INFO - Processing file /home/airflow/.local/lib/python3.7/site-packages/airflow/example_dags/example_task_group.py for tasks to queue
[2022-11-25T06:24:37.848+0000] {logging_mixin.py:137} INFO - [2022-11-25T06:24:37.847+0000] {dagbag.py:537} INFO - Filling up the DagBag from /home/airflow/.local/lib/python3.7/site-packages/airflow/example_dags/example_task_group.py
[2022-11-25T06:24:37.867+0000] {processor.py:766} INFO - DAG(s) dict_keys(['example_task_group']) retrieved from /home/airflow/.local/lib/python3.7/site-packages/airflow/example_dags/example_task_group.py
[2022-11-25T06:24:37.914+0000] {logging_mixin.py:137} INFO - [2022-11-25T06:24:37.914+0000] {dag.py:2585} INFO - Sync 1 DAGs
[2022-11-25T06:24:37.935+0000] {logging_mixin.py:137} INFO - [2022-11-25T06:24:37.934+0000] {dag.py:3340} INFO - Setting next_dagrun for example_task_group to 2022-11-24T06:24:37.934734+00:00, run_after=2022-11-25T06:24:37.934734+00:00
[2022-11-25T06:24:37.952+0000] {processor.py:176} INFO - Processing /home/airflow/.local/lib/python3.7/site-packages/airflow/example_dags/example_task_group.py took 0.113 seconds
