[2022-11-25T05:26:44.842+0000] {processor.py:154} INFO - Started process (PID=108) to work on /home/airflow/.local/lib/python3.7/site-packages/airflow/example_dags/example_python_operator.py
[2022-11-25T05:26:44.851+0000] {processor.py:756} INFO - Processing file /home/airflow/.local/lib/python3.7/site-packages/airflow/example_dags/example_python_operator.py for tasks to queue
[2022-11-25T05:26:44.861+0000] {logging_mixin.py:137} INFO - [2022-11-25T05:26:44.860+0000] {dagbag.py:537} INFO - Filling up the DagBag from /home/airflow/.local/lib/python3.7/site-packages/airflow/example_dags/example_python_operator.py
[2022-11-25T05:26:48.316+0000] {logging_mixin.py:137} INFO - [2022-11-25T05:26:47.950+0000] {taskmixin.py:205} WARNING - Dependency <Task(_PythonDecoratedOperator): print_the_context>, log_sql_query already registered for DAG: example_python_operator
[2022-11-25T05:26:48.485+0000] {logging_mixin.py:137} INFO - [2022-11-25T05:26:48.433+0000] {taskmixin.py:205} WARNING - Dependency <Task(_PythonDecoratedOperator): log_sql_query>, print_the_context already registered for DAG: example_python_operator
[2022-11-25T05:26:48.820+0000] {logging_mixin.py:137} INFO - [2022-11-25T05:26:48.801+0000] {taskmixin.py:205} WARNING - Dependency <Task(_PythonDecoratedOperator): print_the_context>, log_sql_query already registered for DAG: example_python_operator
[2022-11-25T05:26:48.884+0000] {logging_mixin.py:137} INFO - [2022-11-25T05:26:48.884+0000] {taskmixin.py:205} WARNING - Dependency <Task(_PythonDecoratedOperator): log_sql_query>, print_the_context already registered for DAG: example_python_operator
[2022-11-25T05:26:48.962+0000] {logging_mixin.py:137} INFO - [2022-11-25T05:26:48.962+0000] {taskmixin.py:205} WARNING - Dependency <Task(_PythonDecoratedOperator): print_the_context>, log_sql_query already registered for DAG: example_python_operator
[2022-11-25T05:26:48.984+0000] {logging_mixin.py:137} INFO - [2022-11-25T05:26:48.974+0000] {taskmixin.py:205} WARNING - Dependency <Task(_PythonDecoratedOperator): log_sql_query>, print_the_context already registered for DAG: example_python_operator
[2022-11-25T05:26:49.002+0000] {logging_mixin.py:137} INFO - [2022-11-25T05:26:49.001+0000] {taskmixin.py:205} WARNING - Dependency <Task(_PythonDecoratedOperator): print_the_context>, log_sql_query already registered for DAG: example_python_operator
[2022-11-25T05:26:49.077+0000] {logging_mixin.py:137} INFO - [2022-11-25T05:26:49.076+0000] {taskmixin.py:205} WARNING - Dependency <Task(_PythonDecoratedOperator): log_sql_query>, print_the_context already registered for DAG: example_python_operator
[2022-11-25T05:26:52.388+0000] {processor.py:766} INFO - DAG(s) dict_keys(['example_python_operator']) retrieved from /home/airflow/.local/lib/python3.7/site-packages/airflow/example_dags/example_python_operator.py
[2022-11-25T05:27:07.081+0000] {logging_mixin.py:137} INFO - [2022-11-25T05:27:07.079+0000] {dag.py:2585} INFO - Sync 1 DAGs
[2022-11-25T05:27:11.294+0000] {logging_mixin.py:137} INFO - [2022-11-25T05:27:11.292+0000] {dag.py:3340} INFO - Setting next_dagrun for example_python_operator to None, run_after=None
[2022-11-25T05:27:21.082+0000] {processor.py:176} INFO - Processing /home/airflow/.local/lib/python3.7/site-packages/airflow/example_dags/example_python_operator.py took 36.109 seconds
[2022-11-25T06:20:32.810+0000] {processor.py:154} INFO - Started process (PID=67) to work on /home/airflow/.local/lib/python3.7/site-packages/airflow/example_dags/example_python_operator.py
[2022-11-25T06:20:32.812+0000] {processor.py:756} INFO - Processing file /home/airflow/.local/lib/python3.7/site-packages/airflow/example_dags/example_python_operator.py for tasks to queue
[2022-11-25T06:20:32.814+0000] {logging_mixin.py:137} INFO - [2022-11-25T06:20:32.814+0000] {dagbag.py:537} INFO - Filling up the DagBag from /home/airflow/.local/lib/python3.7/site-packages/airflow/example_dags/example_python_operator.py
[2022-11-25T06:20:32.839+0000] {logging_mixin.py:137} INFO - [2022-11-25T06:20:32.839+0000] {taskmixin.py:205} WARNING - Dependency <Task(_PythonDecoratedOperator): print_the_context>, log_sql_query already registered for DAG: example_python_operator
[2022-11-25T06:20:32.844+0000] {logging_mixin.py:137} INFO - [2022-11-25T06:20:32.844+0000] {taskmixin.py:205} WARNING - Dependency <Task(_PythonDecoratedOperator): log_sql_query>, print_the_context already registered for DAG: example_python_operator
[2022-11-25T06:20:32.847+0000] {logging_mixin.py:137} INFO - [2022-11-25T06:20:32.847+0000] {taskmixin.py:205} WARNING - Dependency <Task(_PythonDecoratedOperator): print_the_context>, log_sql_query already registered for DAG: example_python_operator
[2022-11-25T06:20:32.849+0000] {logging_mixin.py:137} INFO - [2022-11-25T06:20:32.849+0000] {taskmixin.py:205} WARNING - Dependency <Task(_PythonDecoratedOperator): log_sql_query>, print_the_context already registered for DAG: example_python_operator
[2022-11-25T06:20:32.854+0000] {logging_mixin.py:137} INFO - [2022-11-25T06:20:32.853+0000] {taskmixin.py:205} WARNING - Dependency <Task(_PythonDecoratedOperator): print_the_context>, log_sql_query already registered for DAG: example_python_operator
[2022-11-25T06:20:32.856+0000] {logging_mixin.py:137} INFO - [2022-11-25T06:20:32.855+0000] {taskmixin.py:205} WARNING - Dependency <Task(_PythonDecoratedOperator): log_sql_query>, print_the_context already registered for DAG: example_python_operator
[2022-11-25T06:20:32.858+0000] {logging_mixin.py:137} INFO - [2022-11-25T06:20:32.857+0000] {taskmixin.py:205} WARNING - Dependency <Task(_PythonDecoratedOperator): print_the_context>, log_sql_query already registered for DAG: example_python_operator
[2022-11-25T06:20:32.859+0000] {logging_mixin.py:137} INFO - [2022-11-25T06:20:32.859+0000] {taskmixin.py:205} WARNING - Dependency <Task(_PythonDecoratedOperator): log_sql_query>, print_the_context already registered for DAG: example_python_operator
[2022-11-25T06:20:32.868+0000] {processor.py:766} INFO - DAG(s) dict_keys(['example_python_operator']) retrieved from /home/airflow/.local/lib/python3.7/site-packages/airflow/example_dags/example_python_operator.py
[2022-11-25T06:20:32.986+0000] {logging_mixin.py:137} INFO - [2022-11-25T06:20:32.986+0000] {manager.py:507} INFO - Created Permission View: can read on DAG:example_python_operator
[2022-11-25T06:20:32.994+0000] {logging_mixin.py:137} INFO - [2022-11-25T06:20:32.994+0000] {manager.py:507} INFO - Created Permission View: can edit on DAG:example_python_operator
[2022-11-25T06:20:33.000+0000] {logging_mixin.py:137} INFO - [2022-11-25T06:20:33.000+0000] {manager.py:507} INFO - Created Permission View: can delete on DAG:example_python_operator
[2022-11-25T06:20:33.001+0000] {logging_mixin.py:137} INFO - [2022-11-25T06:20:33.001+0000] {dag.py:2585} INFO - Sync 1 DAGs
[2022-11-25T06:20:33.011+0000] {logging_mixin.py:137} INFO - [2022-11-25T06:20:33.011+0000] {dag.py:2606} INFO - Creating ORM DAG for example_python_operator
[2022-11-25T06:20:33.019+0000] {logging_mixin.py:137} INFO - [2022-11-25T06:20:33.019+0000] {dag.py:3340} INFO - Setting next_dagrun for example_python_operator to None, run_after=None
[2022-11-25T06:20:33.032+0000] {processor.py:176} INFO - Processing /home/airflow/.local/lib/python3.7/site-packages/airflow/example_dags/example_python_operator.py took 0.224 seconds
[2022-11-25T06:21:03.900+0000] {processor.py:154} INFO - Started process (PID=135) to work on /home/airflow/.local/lib/python3.7/site-packages/airflow/example_dags/example_python_operator.py
[2022-11-25T06:21:03.902+0000] {processor.py:756} INFO - Processing file /home/airflow/.local/lib/python3.7/site-packages/airflow/example_dags/example_python_operator.py for tasks to queue
[2022-11-25T06:21:03.903+0000] {logging_mixin.py:137} INFO - [2022-11-25T06:21:03.903+0000] {dagbag.py:537} INFO - Filling up the DagBag from /home/airflow/.local/lib/python3.7/site-packages/airflow/example_dags/example_python_operator.py
[2022-11-25T06:21:03.920+0000] {logging_mixin.py:137} INFO - [2022-11-25T06:21:03.920+0000] {taskmixin.py:205} WARNING - Dependency <Task(_PythonDecoratedOperator): print_the_context>, log_sql_query already registered for DAG: example_python_operator
[2022-11-25T06:21:03.922+0000] {logging_mixin.py:137} INFO - [2022-11-25T06:21:03.922+0000] {taskmixin.py:205} WARNING - Dependency <Task(_PythonDecoratedOperator): log_sql_query>, print_the_context already registered for DAG: example_python_operator
[2022-11-25T06:21:03.924+0000] {logging_mixin.py:137} INFO - [2022-11-25T06:21:03.924+0000] {taskmixin.py:205} WARNING - Dependency <Task(_PythonDecoratedOperator): print_the_context>, log_sql_query already registered for DAG: example_python_operator
[2022-11-25T06:21:03.925+0000] {logging_mixin.py:137} INFO - [2022-11-25T06:21:03.924+0000] {taskmixin.py:205} WARNING - Dependency <Task(_PythonDecoratedOperator): log_sql_query>, print_the_context already registered for DAG: example_python_operator
[2022-11-25T06:21:03.926+0000] {logging_mixin.py:137} INFO - [2022-11-25T06:21:03.926+0000] {taskmixin.py:205} WARNING - Dependency <Task(_PythonDecoratedOperator): print_the_context>, log_sql_query already registered for DAG: example_python_operator
[2022-11-25T06:21:03.931+0000] {logging_mixin.py:137} INFO - [2022-11-25T06:21:03.931+0000] {taskmixin.py:205} WARNING - Dependency <Task(_PythonDecoratedOperator): log_sql_query>, print_the_context already registered for DAG: example_python_operator
[2022-11-25T06:21:03.933+0000] {logging_mixin.py:137} INFO - [2022-11-25T06:21:03.933+0000] {taskmixin.py:205} WARNING - Dependency <Task(_PythonDecoratedOperator): print_the_context>, log_sql_query already registered for DAG: example_python_operator
[2022-11-25T06:21:03.935+0000] {logging_mixin.py:137} INFO - [2022-11-25T06:21:03.935+0000] {taskmixin.py:205} WARNING - Dependency <Task(_PythonDecoratedOperator): log_sql_query>, print_the_context already registered for DAG: example_python_operator
[2022-11-25T06:21:03.943+0000] {processor.py:766} INFO - DAG(s) dict_keys(['example_python_operator']) retrieved from /home/airflow/.local/lib/python3.7/site-packages/airflow/example_dags/example_python_operator.py
[2022-11-25T06:21:03.991+0000] {logging_mixin.py:137} INFO - [2022-11-25T06:21:03.991+0000] {dag.py:2585} INFO - Sync 1 DAGs
[2022-11-25T06:21:04.028+0000] {logging_mixin.py:137} INFO - [2022-11-25T06:21:04.028+0000] {dag.py:3340} INFO - Setting next_dagrun for example_python_operator to None, run_after=None
[2022-11-25T06:21:04.056+0000] {processor.py:176} INFO - Processing /home/airflow/.local/lib/python3.7/site-packages/airflow/example_dags/example_python_operator.py took 0.159 seconds
[2022-11-25T06:21:34.940+0000] {processor.py:154} INFO - Started process (PID=204) to work on /home/airflow/.local/lib/python3.7/site-packages/airflow/example_dags/example_python_operator.py
[2022-11-25T06:21:34.943+0000] {processor.py:756} INFO - Processing file /home/airflow/.local/lib/python3.7/site-packages/airflow/example_dags/example_python_operator.py for tasks to queue
[2022-11-25T06:21:34.944+0000] {logging_mixin.py:137} INFO - [2022-11-25T06:21:34.944+0000] {dagbag.py:537} INFO - Filling up the DagBag from /home/airflow/.local/lib/python3.7/site-packages/airflow/example_dags/example_python_operator.py
[2022-11-25T06:21:34.961+0000] {logging_mixin.py:137} INFO - [2022-11-25T06:21:34.961+0000] {taskmixin.py:205} WARNING - Dependency <Task(_PythonDecoratedOperator): print_the_context>, log_sql_query already registered for DAG: example_python_operator
[2022-11-25T06:21:34.962+0000] {logging_mixin.py:137} INFO - [2022-11-25T06:21:34.962+0000] {taskmixin.py:205} WARNING - Dependency <Task(_PythonDecoratedOperator): log_sql_query>, print_the_context already registered for DAG: example_python_operator
[2022-11-25T06:21:34.964+0000] {logging_mixin.py:137} INFO - [2022-11-25T06:21:34.964+0000] {taskmixin.py:205} WARNING - Dependency <Task(_PythonDecoratedOperator): print_the_context>, log_sql_query already registered for DAG: example_python_operator
[2022-11-25T06:21:34.965+0000] {logging_mixin.py:137} INFO - [2022-11-25T06:21:34.965+0000] {taskmixin.py:205} WARNING - Dependency <Task(_PythonDecoratedOperator): log_sql_query>, print_the_context already registered for DAG: example_python_operator
[2022-11-25T06:21:34.967+0000] {logging_mixin.py:137} INFO - [2022-11-25T06:21:34.967+0000] {taskmixin.py:205} WARNING - Dependency <Task(_PythonDecoratedOperator): print_the_context>, log_sql_query already registered for DAG: example_python_operator
[2022-11-25T06:21:34.968+0000] {logging_mixin.py:137} INFO - [2022-11-25T06:21:34.967+0000] {taskmixin.py:205} WARNING - Dependency <Task(_PythonDecoratedOperator): log_sql_query>, print_the_context already registered for DAG: example_python_operator
[2022-11-25T06:21:34.969+0000] {logging_mixin.py:137} INFO - [2022-11-25T06:21:34.969+0000] {taskmixin.py:205} WARNING - Dependency <Task(_PythonDecoratedOperator): print_the_context>, log_sql_query already registered for DAG: example_python_operator
[2022-11-25T06:21:34.970+0000] {logging_mixin.py:137} INFO - [2022-11-25T06:21:34.970+0000] {taskmixin.py:205} WARNING - Dependency <Task(_PythonDecoratedOperator): log_sql_query>, print_the_context already registered for DAG: example_python_operator
[2022-11-25T06:21:34.976+0000] {processor.py:766} INFO - DAG(s) dict_keys(['example_python_operator']) retrieved from /home/airflow/.local/lib/python3.7/site-packages/airflow/example_dags/example_python_operator.py
[2022-11-25T06:21:35.006+0000] {logging_mixin.py:137} INFO - [2022-11-25T06:21:35.006+0000] {dag.py:2585} INFO - Sync 1 DAGs
[2022-11-25T06:21:35.024+0000] {logging_mixin.py:137} INFO - [2022-11-25T06:21:35.024+0000] {dag.py:3340} INFO - Setting next_dagrun for example_python_operator to None, run_after=None
[2022-11-25T06:21:35.038+0000] {processor.py:176} INFO - Processing /home/airflow/.local/lib/python3.7/site-packages/airflow/example_dags/example_python_operator.py took 0.102 seconds
[2022-11-25T06:22:05.130+0000] {processor.py:154} INFO - Started process (PID=264) to work on /home/airflow/.local/lib/python3.7/site-packages/airflow/example_dags/example_python_operator.py
[2022-11-25T06:22:05.132+0000] {processor.py:756} INFO - Processing file /home/airflow/.local/lib/python3.7/site-packages/airflow/example_dags/example_python_operator.py for tasks to queue
[2022-11-25T06:22:05.135+0000] {logging_mixin.py:137} INFO - [2022-11-25T06:22:05.135+0000] {dagbag.py:537} INFO - Filling up the DagBag from /home/airflow/.local/lib/python3.7/site-packages/airflow/example_dags/example_python_operator.py
[2022-11-25T06:22:05.152+0000] {logging_mixin.py:137} INFO - [2022-11-25T06:22:05.152+0000] {taskmixin.py:205} WARNING - Dependency <Task(_PythonDecoratedOperator): print_the_context>, log_sql_query already registered for DAG: example_python_operator
[2022-11-25T06:22:05.153+0000] {logging_mixin.py:137} INFO - [2022-11-25T06:22:05.153+0000] {taskmixin.py:205} WARNING - Dependency <Task(_PythonDecoratedOperator): log_sql_query>, print_the_context already registered for DAG: example_python_operator
[2022-11-25T06:22:05.155+0000] {logging_mixin.py:137} INFO - [2022-11-25T06:22:05.154+0000] {taskmixin.py:205} WARNING - Dependency <Task(_PythonDecoratedOperator): print_the_context>, log_sql_query already registered for DAG: example_python_operator
[2022-11-25T06:22:05.156+0000] {logging_mixin.py:137} INFO - [2022-11-25T06:22:05.156+0000] {taskmixin.py:205} WARNING - Dependency <Task(_PythonDecoratedOperator): log_sql_query>, print_the_context already registered for DAG: example_python_operator
[2022-11-25T06:22:05.157+0000] {logging_mixin.py:137} INFO - [2022-11-25T06:22:05.157+0000] {taskmixin.py:205} WARNING - Dependency <Task(_PythonDecoratedOperator): print_the_context>, log_sql_query already registered for DAG: example_python_operator
[2022-11-25T06:22:05.160+0000] {logging_mixin.py:137} INFO - [2022-11-25T06:22:05.160+0000] {taskmixin.py:205} WARNING - Dependency <Task(_PythonDecoratedOperator): log_sql_query>, print_the_context already registered for DAG: example_python_operator
[2022-11-25T06:22:05.165+0000] {logging_mixin.py:137} INFO - [2022-11-25T06:22:05.165+0000] {taskmixin.py:205} WARNING - Dependency <Task(_PythonDecoratedOperator): print_the_context>, log_sql_query already registered for DAG: example_python_operator
[2022-11-25T06:22:05.172+0000] {logging_mixin.py:137} INFO - [2022-11-25T06:22:05.172+0000] {taskmixin.py:205} WARNING - Dependency <Task(_PythonDecoratedOperator): log_sql_query>, print_the_context already registered for DAG: example_python_operator
[2022-11-25T06:22:05.190+0000] {processor.py:766} INFO - DAG(s) dict_keys(['example_python_operator']) retrieved from /home/airflow/.local/lib/python3.7/site-packages/airflow/example_dags/example_python_operator.py
[2022-11-25T06:22:05.222+0000] {logging_mixin.py:137} INFO - [2022-11-25T06:22:05.222+0000] {dag.py:2585} INFO - Sync 1 DAGs
[2022-11-25T06:22:05.250+0000] {logging_mixin.py:137} INFO - [2022-11-25T06:22:05.249+0000] {dag.py:3340} INFO - Setting next_dagrun for example_python_operator to None, run_after=None
[2022-11-25T06:22:05.284+0000] {processor.py:176} INFO - Processing /home/airflow/.local/lib/python3.7/site-packages/airflow/example_dags/example_python_operator.py took 0.158 seconds
[2022-11-25T06:22:36.172+0000] {processor.py:154} INFO - Started process (PID=332) to work on /home/airflow/.local/lib/python3.7/site-packages/airflow/example_dags/example_python_operator.py
[2022-11-25T06:22:36.175+0000] {processor.py:756} INFO - Processing file /home/airflow/.local/lib/python3.7/site-packages/airflow/example_dags/example_python_operator.py for tasks to queue
[2022-11-25T06:22:36.177+0000] {logging_mixin.py:137} INFO - [2022-11-25T06:22:36.177+0000] {dagbag.py:537} INFO - Filling up the DagBag from /home/airflow/.local/lib/python3.7/site-packages/airflow/example_dags/example_python_operator.py
[2022-11-25T06:22:36.197+0000] {logging_mixin.py:137} INFO - [2022-11-25T06:22:36.197+0000] {taskmixin.py:205} WARNING - Dependency <Task(_PythonDecoratedOperator): print_the_context>, log_sql_query already registered for DAG: example_python_operator
[2022-11-25T06:22:36.198+0000] {logging_mixin.py:137} INFO - [2022-11-25T06:22:36.198+0000] {taskmixin.py:205} WARNING - Dependency <Task(_PythonDecoratedOperator): log_sql_query>, print_the_context already registered for DAG: example_python_operator
[2022-11-25T06:22:36.200+0000] {logging_mixin.py:137} INFO - [2022-11-25T06:22:36.200+0000] {taskmixin.py:205} WARNING - Dependency <Task(_PythonDecoratedOperator): print_the_context>, log_sql_query already registered for DAG: example_python_operator
[2022-11-25T06:22:36.201+0000] {logging_mixin.py:137} INFO - [2022-11-25T06:22:36.200+0000] {taskmixin.py:205} WARNING - Dependency <Task(_PythonDecoratedOperator): log_sql_query>, print_the_context already registered for DAG: example_python_operator
[2022-11-25T06:22:36.202+0000] {logging_mixin.py:137} INFO - [2022-11-25T06:22:36.202+0000] {taskmixin.py:205} WARNING - Dependency <Task(_PythonDecoratedOperator): print_the_context>, log_sql_query already registered for DAG: example_python_operator
[2022-11-25T06:22:36.203+0000] {logging_mixin.py:137} INFO - [2022-11-25T06:22:36.202+0000] {taskmixin.py:205} WARNING - Dependency <Task(_PythonDecoratedOperator): log_sql_query>, print_the_context already registered for DAG: example_python_operator
[2022-11-25T06:22:36.204+0000] {logging_mixin.py:137} INFO - [2022-11-25T06:22:36.204+0000] {taskmixin.py:205} WARNING - Dependency <Task(_PythonDecoratedOperator): print_the_context>, log_sql_query already registered for DAG: example_python_operator
[2022-11-25T06:22:36.205+0000] {logging_mixin.py:137} INFO - [2022-11-25T06:22:36.205+0000] {taskmixin.py:205} WARNING - Dependency <Task(_PythonDecoratedOperator): log_sql_query>, print_the_context already registered for DAG: example_python_operator
[2022-11-25T06:22:36.212+0000] {processor.py:766} INFO - DAG(s) dict_keys(['example_python_operator']) retrieved from /home/airflow/.local/lib/python3.7/site-packages/airflow/example_dags/example_python_operator.py
[2022-11-25T06:22:36.246+0000] {logging_mixin.py:137} INFO - [2022-11-25T06:22:36.246+0000] {dag.py:2585} INFO - Sync 1 DAGs
[2022-11-25T06:22:36.262+0000] {logging_mixin.py:137} INFO - [2022-11-25T06:22:36.262+0000] {dag.py:3340} INFO - Setting next_dagrun for example_python_operator to None, run_after=None
[2022-11-25T06:22:36.276+0000] {processor.py:176} INFO - Processing /home/airflow/.local/lib/python3.7/site-packages/airflow/example_dags/example_python_operator.py took 0.109 seconds
[2022-11-25T06:23:06.714+0000] {processor.py:154} INFO - Started process (PID=399) to work on /home/airflow/.local/lib/python3.7/site-packages/airflow/example_dags/example_python_operator.py
[2022-11-25T06:23:06.716+0000] {processor.py:756} INFO - Processing file /home/airflow/.local/lib/python3.7/site-packages/airflow/example_dags/example_python_operator.py for tasks to queue
[2022-11-25T06:23:06.718+0000] {logging_mixin.py:137} INFO - [2022-11-25T06:23:06.718+0000] {dagbag.py:537} INFO - Filling up the DagBag from /home/airflow/.local/lib/python3.7/site-packages/airflow/example_dags/example_python_operator.py
[2022-11-25T06:23:06.732+0000] {logging_mixin.py:137} INFO - [2022-11-25T06:23:06.732+0000] {taskmixin.py:205} WARNING - Dependency <Task(_PythonDecoratedOperator): print_the_context>, log_sql_query already registered for DAG: example_python_operator
[2022-11-25T06:23:06.733+0000] {logging_mixin.py:137} INFO - [2022-11-25T06:23:06.733+0000] {taskmixin.py:205} WARNING - Dependency <Task(_PythonDecoratedOperator): log_sql_query>, print_the_context already registered for DAG: example_python_operator
[2022-11-25T06:23:06.735+0000] {logging_mixin.py:137} INFO - [2022-11-25T06:23:06.735+0000] {taskmixin.py:205} WARNING - Dependency <Task(_PythonDecoratedOperator): print_the_context>, log_sql_query already registered for DAG: example_python_operator
[2022-11-25T06:23:06.736+0000] {logging_mixin.py:137} INFO - [2022-11-25T06:23:06.736+0000] {taskmixin.py:205} WARNING - Dependency <Task(_PythonDecoratedOperator): log_sql_query>, print_the_context already registered for DAG: example_python_operator
[2022-11-25T06:23:06.737+0000] {logging_mixin.py:137} INFO - [2022-11-25T06:23:06.737+0000] {taskmixin.py:205} WARNING - Dependency <Task(_PythonDecoratedOperator): print_the_context>, log_sql_query already registered for DAG: example_python_operator
[2022-11-25T06:23:06.738+0000] {logging_mixin.py:137} INFO - [2022-11-25T06:23:06.738+0000] {taskmixin.py:205} WARNING - Dependency <Task(_PythonDecoratedOperator): log_sql_query>, print_the_context already registered for DAG: example_python_operator
[2022-11-25T06:23:06.739+0000] {logging_mixin.py:137} INFO - [2022-11-25T06:23:06.739+0000] {taskmixin.py:205} WARNING - Dependency <Task(_PythonDecoratedOperator): print_the_context>, log_sql_query already registered for DAG: example_python_operator
[2022-11-25T06:23:06.739+0000] {logging_mixin.py:137} INFO - [2022-11-25T06:23:06.739+0000] {taskmixin.py:205} WARNING - Dependency <Task(_PythonDecoratedOperator): log_sql_query>, print_the_context already registered for DAG: example_python_operator
[2022-11-25T06:23:06.745+0000] {processor.py:766} INFO - DAG(s) dict_keys(['example_python_operator']) retrieved from /home/airflow/.local/lib/python3.7/site-packages/airflow/example_dags/example_python_operator.py
[2022-11-25T06:23:06.780+0000] {logging_mixin.py:137} INFO - [2022-11-25T06:23:06.780+0000] {dag.py:2585} INFO - Sync 1 DAGs
[2022-11-25T06:23:06.796+0000] {logging_mixin.py:137} INFO - [2022-11-25T06:23:06.796+0000] {dag.py:3340} INFO - Setting next_dagrun for example_python_operator to None, run_after=None
[2022-11-25T06:23:06.809+0000] {processor.py:176} INFO - Processing /home/airflow/.local/lib/python3.7/site-packages/airflow/example_dags/example_python_operator.py took 0.098 seconds
[2022-11-25T06:23:37.146+0000] {processor.py:154} INFO - Started process (PID=467) to work on /home/airflow/.local/lib/python3.7/site-packages/airflow/example_dags/example_python_operator.py
[2022-11-25T06:23:37.148+0000] {processor.py:756} INFO - Processing file /home/airflow/.local/lib/python3.7/site-packages/airflow/example_dags/example_python_operator.py for tasks to queue
[2022-11-25T06:23:37.150+0000] {logging_mixin.py:137} INFO - [2022-11-25T06:23:37.150+0000] {dagbag.py:537} INFO - Filling up the DagBag from /home/airflow/.local/lib/python3.7/site-packages/airflow/example_dags/example_python_operator.py
[2022-11-25T06:23:37.166+0000] {logging_mixin.py:137} INFO - [2022-11-25T06:23:37.166+0000] {taskmixin.py:205} WARNING - Dependency <Task(_PythonDecoratedOperator): print_the_context>, log_sql_query already registered for DAG: example_python_operator
[2022-11-25T06:23:37.167+0000] {logging_mixin.py:137} INFO - [2022-11-25T06:23:37.167+0000] {taskmixin.py:205} WARNING - Dependency <Task(_PythonDecoratedOperator): log_sql_query>, print_the_context already registered for DAG: example_python_operator
[2022-11-25T06:23:37.168+0000] {logging_mixin.py:137} INFO - [2022-11-25T06:23:37.168+0000] {taskmixin.py:205} WARNING - Dependency <Task(_PythonDecoratedOperator): print_the_context>, log_sql_query already registered for DAG: example_python_operator
[2022-11-25T06:23:37.169+0000] {logging_mixin.py:137} INFO - [2022-11-25T06:23:37.169+0000] {taskmixin.py:205} WARNING - Dependency <Task(_PythonDecoratedOperator): log_sql_query>, print_the_context already registered for DAG: example_python_operator
[2022-11-25T06:23:37.170+0000] {logging_mixin.py:137} INFO - [2022-11-25T06:23:37.170+0000] {taskmixin.py:205} WARNING - Dependency <Task(_PythonDecoratedOperator): print_the_context>, log_sql_query already registered for DAG: example_python_operator
[2022-11-25T06:23:37.171+0000] {logging_mixin.py:137} INFO - [2022-11-25T06:23:37.170+0000] {taskmixin.py:205} WARNING - Dependency <Task(_PythonDecoratedOperator): log_sql_query>, print_the_context already registered for DAG: example_python_operator
[2022-11-25T06:23:37.172+0000] {logging_mixin.py:137} INFO - [2022-11-25T06:23:37.172+0000] {taskmixin.py:205} WARNING - Dependency <Task(_PythonDecoratedOperator): print_the_context>, log_sql_query already registered for DAG: example_python_operator
[2022-11-25T06:23:37.172+0000] {logging_mixin.py:137} INFO - [2022-11-25T06:23:37.172+0000] {taskmixin.py:205} WARNING - Dependency <Task(_PythonDecoratedOperator): log_sql_query>, print_the_context already registered for DAG: example_python_operator
[2022-11-25T06:23:37.178+0000] {processor.py:766} INFO - DAG(s) dict_keys(['example_python_operator']) retrieved from /home/airflow/.local/lib/python3.7/site-packages/airflow/example_dags/example_python_operator.py
[2022-11-25T06:23:37.205+0000] {logging_mixin.py:137} INFO - [2022-11-25T06:23:37.205+0000] {dag.py:2585} INFO - Sync 1 DAGs
[2022-11-25T06:23:37.223+0000] {logging_mixin.py:137} INFO - [2022-11-25T06:23:37.222+0000] {dag.py:3340} INFO - Setting next_dagrun for example_python_operator to None, run_after=None
[2022-11-25T06:23:37.235+0000] {processor.py:176} INFO - Processing /home/airflow/.local/lib/python3.7/site-packages/airflow/example_dags/example_python_operator.py took 0.094 seconds
[2022-11-25T06:24:08.021+0000] {processor.py:154} INFO - Started process (PID=535) to work on /home/airflow/.local/lib/python3.7/site-packages/airflow/example_dags/example_python_operator.py
[2022-11-25T06:24:08.031+0000] {processor.py:756} INFO - Processing file /home/airflow/.local/lib/python3.7/site-packages/airflow/example_dags/example_python_operator.py for tasks to queue
[2022-11-25T06:24:08.033+0000] {logging_mixin.py:137} INFO - [2022-11-25T06:24:08.033+0000] {dagbag.py:537} INFO - Filling up the DagBag from /home/airflow/.local/lib/python3.7/site-packages/airflow/example_dags/example_python_operator.py
[2022-11-25T06:24:08.092+0000] {logging_mixin.py:137} INFO - [2022-11-25T06:24:08.092+0000] {taskmixin.py:205} WARNING - Dependency <Task(_PythonDecoratedOperator): print_the_context>, log_sql_query already registered for DAG: example_python_operator
[2022-11-25T06:24:08.094+0000] {logging_mixin.py:137} INFO - [2022-11-25T06:24:08.094+0000] {taskmixin.py:205} WARNING - Dependency <Task(_PythonDecoratedOperator): log_sql_query>, print_the_context already registered for DAG: example_python_operator
[2022-11-25T06:24:08.097+0000] {logging_mixin.py:137} INFO - [2022-11-25T06:24:08.097+0000] {taskmixin.py:205} WARNING - Dependency <Task(_PythonDecoratedOperator): print_the_context>, log_sql_query already registered for DAG: example_python_operator
[2022-11-25T06:24:08.100+0000] {logging_mixin.py:137} INFO - [2022-11-25T06:24:08.100+0000] {taskmixin.py:205} WARNING - Dependency <Task(_PythonDecoratedOperator): log_sql_query>, print_the_context already registered for DAG: example_python_operator
[2022-11-25T06:24:08.102+0000] {logging_mixin.py:137} INFO - [2022-11-25T06:24:08.102+0000] {taskmixin.py:205} WARNING - Dependency <Task(_PythonDecoratedOperator): print_the_context>, log_sql_query already registered for DAG: example_python_operator
[2022-11-25T06:24:08.103+0000] {logging_mixin.py:137} INFO - [2022-11-25T06:24:08.103+0000] {taskmixin.py:205} WARNING - Dependency <Task(_PythonDecoratedOperator): log_sql_query>, print_the_context already registered for DAG: example_python_operator
[2022-11-25T06:24:08.104+0000] {logging_mixin.py:137} INFO - [2022-11-25T06:24:08.104+0000] {taskmixin.py:205} WARNING - Dependency <Task(_PythonDecoratedOperator): print_the_context>, log_sql_query already registered for DAG: example_python_operator
[2022-11-25T06:24:08.105+0000] {logging_mixin.py:137} INFO - [2022-11-25T06:24:08.105+0000] {taskmixin.py:205} WARNING - Dependency <Task(_PythonDecoratedOperator): log_sql_query>, print_the_context already registered for DAG: example_python_operator
[2022-11-25T06:24:08.123+0000] {processor.py:766} INFO - DAG(s) dict_keys(['example_python_operator']) retrieved from /home/airflow/.local/lib/python3.7/site-packages/airflow/example_dags/example_python_operator.py
[2022-11-25T06:24:08.189+0000] {logging_mixin.py:137} INFO - [2022-11-25T06:24:08.189+0000] {dag.py:2585} INFO - Sync 1 DAGs
[2022-11-25T06:24:08.220+0000] {logging_mixin.py:137} INFO - [2022-11-25T06:24:08.220+0000] {dag.py:3340} INFO - Setting next_dagrun for example_python_operator to None, run_after=None
[2022-11-25T06:24:08.235+0000] {processor.py:176} INFO - Processing /home/airflow/.local/lib/python3.7/site-packages/airflow/example_dags/example_python_operator.py took 0.236 seconds
[2022-11-25T06:24:39.223+0000] {processor.py:154} INFO - Started process (PID=593) to work on /home/airflow/.local/lib/python3.7/site-packages/airflow/example_dags/example_python_operator.py
[2022-11-25T06:24:39.224+0000] {processor.py:756} INFO - Processing file /home/airflow/.local/lib/python3.7/site-packages/airflow/example_dags/example_python_operator.py for tasks to queue
[2022-11-25T06:24:39.225+0000] {logging_mixin.py:137} INFO - [2022-11-25T06:24:39.225+0000] {dagbag.py:537} INFO - Filling up the DagBag from /home/airflow/.local/lib/python3.7/site-packages/airflow/example_dags/example_python_operator.py
[2022-11-25T06:24:39.237+0000] {logging_mixin.py:137} INFO - [2022-11-25T06:24:39.237+0000] {taskmixin.py:205} WARNING - Dependency <Task(_PythonDecoratedOperator): print_the_context>, log_sql_query already registered for DAG: example_python_operator
[2022-11-25T06:24:39.238+0000] {logging_mixin.py:137} INFO - [2022-11-25T06:24:39.238+0000] {taskmixin.py:205} WARNING - Dependency <Task(_PythonDecoratedOperator): log_sql_query>, print_the_context already registered for DAG: example_python_operator
[2022-11-25T06:24:39.239+0000] {logging_mixin.py:137} INFO - [2022-11-25T06:24:39.239+0000] {taskmixin.py:205} WARNING - Dependency <Task(_PythonDecoratedOperator): print_the_context>, log_sql_query already registered for DAG: example_python_operator
[2022-11-25T06:24:39.240+0000] {logging_mixin.py:137} INFO - [2022-11-25T06:24:39.240+0000] {taskmixin.py:205} WARNING - Dependency <Task(_PythonDecoratedOperator): log_sql_query>, print_the_context already registered for DAG: example_python_operator
[2022-11-25T06:24:39.241+0000] {logging_mixin.py:137} INFO - [2022-11-25T06:24:39.241+0000] {taskmixin.py:205} WARNING - Dependency <Task(_PythonDecoratedOperator): print_the_context>, log_sql_query already registered for DAG: example_python_operator
[2022-11-25T06:24:39.242+0000] {logging_mixin.py:137} INFO - [2022-11-25T06:24:39.242+0000] {taskmixin.py:205} WARNING - Dependency <Task(_PythonDecoratedOperator): log_sql_query>, print_the_context already registered for DAG: example_python_operator
[2022-11-25T06:24:39.244+0000] {logging_mixin.py:137} INFO - [2022-11-25T06:24:39.243+0000] {taskmixin.py:205} WARNING - Dependency <Task(_PythonDecoratedOperator): print_the_context>, log_sql_query already registered for DAG: example_python_operator
[2022-11-25T06:24:39.244+0000] {logging_mixin.py:137} INFO - [2022-11-25T06:24:39.244+0000] {taskmixin.py:205} WARNING - Dependency <Task(_PythonDecoratedOperator): log_sql_query>, print_the_context already registered for DAG: example_python_operator
[2022-11-25T06:24:39.250+0000] {processor.py:766} INFO - DAG(s) dict_keys(['example_python_operator']) retrieved from /home/airflow/.local/lib/python3.7/site-packages/airflow/example_dags/example_python_operator.py
[2022-11-25T06:24:39.279+0000] {logging_mixin.py:137} INFO - [2022-11-25T06:24:39.279+0000] {dag.py:2585} INFO - Sync 1 DAGs
[2022-11-25T06:24:39.296+0000] {logging_mixin.py:137} INFO - [2022-11-25T06:24:39.296+0000] {dag.py:3340} INFO - Setting next_dagrun for example_python_operator to None, run_after=None
[2022-11-25T06:24:39.309+0000] {processor.py:176} INFO - Processing /home/airflow/.local/lib/python3.7/site-packages/airflow/example_dags/example_python_operator.py took 0.089 seconds
