[2022-11-25T05:25:10.605+0000] {processor.py:154} INFO - Started process (PID=49) to work on /home/airflow/.local/lib/python3.7/site-packages/airflow/example_dags/example_branch_labels.py
[2022-11-25T05:25:10.613+0000] {processor.py:756} INFO - Processing file /home/airflow/.local/lib/python3.7/site-packages/airflow/example_dags/example_branch_labels.py for tasks to queue
[2022-11-25T05:25:10.621+0000] {logging_mixin.py:137} INFO - [2022-11-25T05:25:10.621+0000] {dagbag.py:537} INFO - Filling up the DagBag from /home/airflow/.local/lib/python3.7/site-packages/airflow/example_dags/example_branch_labels.py
[2022-11-25T05:25:10.834+0000] {processor.py:766} INFO - DAG(s) dict_keys(['example_branch_labels']) retrieved from /home/airflow/.local/lib/python3.7/site-packages/airflow/example_dags/example_branch_labels.py
[2022-11-25T05:25:11.478+0000] {logging_mixin.py:137} INFO - [2022-11-25T05:25:11.477+0000] {dag.py:2585} INFO - Sync 1 DAGs
[2022-11-25T05:25:11.945+0000] {logging_mixin.py:137} INFO - [2022-11-25T05:25:11.941+0000] {dag.py:3340} INFO - Setting next_dagrun for example_branch_labels to 2022-11-24T00:00:00+00:00, run_after=2022-11-25T00:00:00+00:00
[2022-11-25T05:25:12.078+0000] {processor.py:176} INFO - Processing /home/airflow/.local/lib/python3.7/site-packages/airflow/example_dags/example_branch_labels.py took 1.546 seconds
[2022-11-25T06:20:27.463+0000] {processor.py:154} INFO - Started process (PID=51) to work on /home/airflow/.local/lib/python3.7/site-packages/airflow/example_dags/example_branch_labels.py
[2022-11-25T06:20:27.475+0000] {processor.py:756} INFO - Processing file /home/airflow/.local/lib/python3.7/site-packages/airflow/example_dags/example_branch_labels.py for tasks to queue
[2022-11-25T06:20:27.482+0000] {logging_mixin.py:137} INFO - [2022-11-25T06:20:27.482+0000] {dagbag.py:537} INFO - Filling up the DagBag from /home/airflow/.local/lib/python3.7/site-packages/airflow/example_dags/example_branch_labels.py
[2022-11-25T06:20:27.576+0000] {processor.py:766} INFO - DAG(s) dict_keys(['example_branch_labels']) retrieved from /home/airflow/.local/lib/python3.7/site-packages/airflow/example_dags/example_branch_labels.py
[2022-11-25T06:20:27.905+0000] {logging_mixin.py:137} INFO - [2022-11-25T06:20:27.905+0000] {manager.py:507} INFO - Created Permission View: can read on DAG:example_branch_labels
[2022-11-25T06:20:27.939+0000] {logging_mixin.py:137} INFO - [2022-11-25T06:20:27.938+0000] {manager.py:507} INFO - Created Permission View: can edit on DAG:example_branch_labels
[2022-11-25T06:20:27.955+0000] {logging_mixin.py:137} INFO - [2022-11-25T06:20:27.955+0000] {manager.py:507} INFO - Created Permission View: can delete on DAG:example_branch_labels
[2022-11-25T06:20:27.958+0000] {logging_mixin.py:137} INFO - [2022-11-25T06:20:27.957+0000] {dag.py:2585} INFO - Sync 1 DAGs
[2022-11-25T06:20:27.996+0000] {logging_mixin.py:137} INFO - [2022-11-25T06:20:27.996+0000] {dag.py:2606} INFO - Creating ORM DAG for example_branch_labels
[2022-11-25T06:20:28.027+0000] {logging_mixin.py:137} INFO - [2022-11-25T06:20:28.027+0000] {dag.py:3340} INFO - Setting next_dagrun for example_branch_labels to 2022-11-24T00:00:00+00:00, run_after=2022-11-25T00:00:00+00:00
[2022-11-25T06:20:28.070+0000] {processor.py:176} INFO - Processing /home/airflow/.local/lib/python3.7/site-packages/airflow/example_dags/example_branch_labels.py took 0.612 seconds
[2022-11-25T06:20:59.053+0000] {processor.py:154} INFO - Started process (PID=110) to work on /home/airflow/.local/lib/python3.7/site-packages/airflow/example_dags/example_branch_labels.py
[2022-11-25T06:20:59.056+0000] {processor.py:756} INFO - Processing file /home/airflow/.local/lib/python3.7/site-packages/airflow/example_dags/example_branch_labels.py for tasks to queue
[2022-11-25T06:20:59.058+0000] {logging_mixin.py:137} INFO - [2022-11-25T06:20:59.058+0000] {dagbag.py:537} INFO - Filling up the DagBag from /home/airflow/.local/lib/python3.7/site-packages/airflow/example_dags/example_branch_labels.py
[2022-11-25T06:20:59.074+0000] {processor.py:766} INFO - DAG(s) dict_keys(['example_branch_labels']) retrieved from /home/airflow/.local/lib/python3.7/site-packages/airflow/example_dags/example_branch_labels.py
[2022-11-25T06:20:59.113+0000] {logging_mixin.py:137} INFO - [2022-11-25T06:20:59.113+0000] {dag.py:2585} INFO - Sync 1 DAGs
[2022-11-25T06:20:59.142+0000] {logging_mixin.py:137} INFO - [2022-11-25T06:20:59.142+0000] {dag.py:3340} INFO - Setting next_dagrun for example_branch_labels to 2022-11-24T00:00:00+00:00, run_after=2022-11-25T00:00:00+00:00
[2022-11-25T06:20:59.158+0000] {processor.py:176} INFO - Processing /home/airflow/.local/lib/python3.7/site-packages/airflow/example_dags/example_branch_labels.py took 0.109 seconds
[2022-11-25T06:21:29.975+0000] {processor.py:154} INFO - Started process (PID=179) to work on /home/airflow/.local/lib/python3.7/site-packages/airflow/example_dags/example_branch_labels.py
[2022-11-25T06:21:29.978+0000] {processor.py:756} INFO - Processing file /home/airflow/.local/lib/python3.7/site-packages/airflow/example_dags/example_branch_labels.py for tasks to queue
[2022-11-25T06:21:29.980+0000] {logging_mixin.py:137} INFO - [2022-11-25T06:21:29.980+0000] {dagbag.py:537} INFO - Filling up the DagBag from /home/airflow/.local/lib/python3.7/site-packages/airflow/example_dags/example_branch_labels.py
[2022-11-25T06:21:29.998+0000] {processor.py:766} INFO - DAG(s) dict_keys(['example_branch_labels']) retrieved from /home/airflow/.local/lib/python3.7/site-packages/airflow/example_dags/example_branch_labels.py
[2022-11-25T06:21:30.030+0000] {logging_mixin.py:137} INFO - [2022-11-25T06:21:30.030+0000] {dag.py:2585} INFO - Sync 1 DAGs
[2022-11-25T06:21:30.047+0000] {logging_mixin.py:137} INFO - [2022-11-25T06:21:30.047+0000] {dag.py:3340} INFO - Setting next_dagrun for example_branch_labels to 2022-11-24T00:00:00+00:00, run_after=2022-11-25T00:00:00+00:00
[2022-11-25T06:21:30.060+0000] {processor.py:176} INFO - Processing /home/airflow/.local/lib/python3.7/site-packages/airflow/example_dags/example_branch_labels.py took 0.091 seconds
[2022-11-25T06:22:01.233+0000] {processor.py:154} INFO - Started process (PID=248) to work on /home/airflow/.local/lib/python3.7/site-packages/airflow/example_dags/example_branch_labels.py
[2022-11-25T06:22:01.235+0000] {processor.py:756} INFO - Processing file /home/airflow/.local/lib/python3.7/site-packages/airflow/example_dags/example_branch_labels.py for tasks to queue
[2022-11-25T06:22:01.236+0000] {logging_mixin.py:137} INFO - [2022-11-25T06:22:01.236+0000] {dagbag.py:537} INFO - Filling up the DagBag from /home/airflow/.local/lib/python3.7/site-packages/airflow/example_dags/example_branch_labels.py
[2022-11-25T06:22:01.247+0000] {processor.py:766} INFO - DAG(s) dict_keys(['example_branch_labels']) retrieved from /home/airflow/.local/lib/python3.7/site-packages/airflow/example_dags/example_branch_labels.py
[2022-11-25T06:22:01.267+0000] {logging_mixin.py:137} INFO - [2022-11-25T06:22:01.267+0000] {dag.py:2585} INFO - Sync 1 DAGs
[2022-11-25T06:22:01.287+0000] {logging_mixin.py:137} INFO - [2022-11-25T06:22:01.287+0000] {dag.py:3340} INFO - Setting next_dagrun for example_branch_labels to 2022-11-24T00:00:00+00:00, run_after=2022-11-25T00:00:00+00:00
[2022-11-25T06:22:01.312+0000] {processor.py:176} INFO - Processing /home/airflow/.local/lib/python3.7/site-packages/airflow/example_dags/example_branch_labels.py took 0.082 seconds
[2022-11-25T06:22:32.035+0000] {processor.py:154} INFO - Started process (PID=316) to work on /home/airflow/.local/lib/python3.7/site-packages/airflow/example_dags/example_branch_labels.py
[2022-11-25T06:22:32.036+0000] {processor.py:756} INFO - Processing file /home/airflow/.local/lib/python3.7/site-packages/airflow/example_dags/example_branch_labels.py for tasks to queue
[2022-11-25T06:22:32.037+0000] {logging_mixin.py:137} INFO - [2022-11-25T06:22:32.037+0000] {dagbag.py:537} INFO - Filling up the DagBag from /home/airflow/.local/lib/python3.7/site-packages/airflow/example_dags/example_branch_labels.py
[2022-11-25T06:22:32.048+0000] {processor.py:766} INFO - DAG(s) dict_keys(['example_branch_labels']) retrieved from /home/airflow/.local/lib/python3.7/site-packages/airflow/example_dags/example_branch_labels.py
[2022-11-25T06:22:32.078+0000] {logging_mixin.py:137} INFO - [2022-11-25T06:22:32.078+0000] {dag.py:2585} INFO - Sync 1 DAGs
[2022-11-25T06:22:32.093+0000] {logging_mixin.py:137} INFO - [2022-11-25T06:22:32.093+0000] {dag.py:3340} INFO - Setting next_dagrun for example_branch_labels to 2022-11-24T00:00:00+00:00, run_after=2022-11-25T00:00:00+00:00
[2022-11-25T06:22:32.105+0000] {processor.py:176} INFO - Processing /home/airflow/.local/lib/python3.7/site-packages/airflow/example_dags/example_branch_labels.py took 0.072 seconds
[2022-11-25T06:23:02.709+0000] {processor.py:154} INFO - Started process (PID=383) to work on /home/airflow/.local/lib/python3.7/site-packages/airflow/example_dags/example_branch_labels.py
[2022-11-25T06:23:02.711+0000] {processor.py:756} INFO - Processing file /home/airflow/.local/lib/python3.7/site-packages/airflow/example_dags/example_branch_labels.py for tasks to queue
[2022-11-25T06:23:02.712+0000] {logging_mixin.py:137} INFO - [2022-11-25T06:23:02.712+0000] {dagbag.py:537} INFO - Filling up the DagBag from /home/airflow/.local/lib/python3.7/site-packages/airflow/example_dags/example_branch_labels.py
[2022-11-25T06:23:02.722+0000] {processor.py:766} INFO - DAG(s) dict_keys(['example_branch_labels']) retrieved from /home/airflow/.local/lib/python3.7/site-packages/airflow/example_dags/example_branch_labels.py
[2022-11-25T06:23:02.752+0000] {logging_mixin.py:137} INFO - [2022-11-25T06:23:02.752+0000] {dag.py:2585} INFO - Sync 1 DAGs
[2022-11-25T06:23:02.769+0000] {logging_mixin.py:137} INFO - [2022-11-25T06:23:02.769+0000] {dag.py:3340} INFO - Setting next_dagrun for example_branch_labels to 2022-11-24T00:00:00+00:00, run_after=2022-11-25T00:00:00+00:00
[2022-11-25T06:23:02.781+0000] {processor.py:176} INFO - Processing /home/airflow/.local/lib/python3.7/site-packages/airflow/example_dags/example_branch_labels.py took 0.075 seconds
[2022-11-25T06:23:34.844+0000] {processor.py:154} INFO - Started process (PID=451) to work on /home/airflow/.local/lib/python3.7/site-packages/airflow/example_dags/example_branch_labels.py
[2022-11-25T06:23:34.849+0000] {processor.py:756} INFO - Processing file /home/airflow/.local/lib/python3.7/site-packages/airflow/example_dags/example_branch_labels.py for tasks to queue
[2022-11-25T06:23:34.851+0000] {logging_mixin.py:137} INFO - [2022-11-25T06:23:34.851+0000] {dagbag.py:537} INFO - Filling up the DagBag from /home/airflow/.local/lib/python3.7/site-packages/airflow/example_dags/example_branch_labels.py
[2022-11-25T06:23:34.892+0000] {processor.py:766} INFO - DAG(s) dict_keys(['example_branch_labels']) retrieved from /home/airflow/.local/lib/python3.7/site-packages/airflow/example_dags/example_branch_labels.py
[2022-11-25T06:23:34.988+0000] {logging_mixin.py:137} INFO - [2022-11-25T06:23:34.988+0000] {dag.py:2585} INFO - Sync 1 DAGs
[2022-11-25T06:23:35.020+0000] {logging_mixin.py:137} INFO - [2022-11-25T06:23:35.020+0000] {dag.py:3340} INFO - Setting next_dagrun for example_branch_labels to 2022-11-24T00:00:00+00:00, run_after=2022-11-25T00:00:00+00:00
[2022-11-25T06:23:35.062+0000] {processor.py:176} INFO - Processing /home/airflow/.local/lib/python3.7/site-packages/airflow/example_dags/example_branch_labels.py took 0.223 seconds
[2022-11-25T06:24:05.981+0000] {processor.py:154} INFO - Started process (PID=510) to work on /home/airflow/.local/lib/python3.7/site-packages/airflow/example_dags/example_branch_labels.py
[2022-11-25T06:24:05.992+0000] {processor.py:756} INFO - Processing file /home/airflow/.local/lib/python3.7/site-packages/airflow/example_dags/example_branch_labels.py for tasks to queue
[2022-11-25T06:24:06.002+0000] {logging_mixin.py:137} INFO - [2022-11-25T06:24:06.002+0000] {dagbag.py:537} INFO - Filling up the DagBag from /home/airflow/.local/lib/python3.7/site-packages/airflow/example_dags/example_branch_labels.py
[2022-11-25T06:24:06.016+0000] {processor.py:766} INFO - DAG(s) dict_keys(['example_branch_labels']) retrieved from /home/airflow/.local/lib/python3.7/site-packages/airflow/example_dags/example_branch_labels.py
[2022-11-25T06:24:06.050+0000] {logging_mixin.py:137} INFO - [2022-11-25T06:24:06.050+0000] {dag.py:2585} INFO - Sync 1 DAGs
[2022-11-25T06:24:06.072+0000] {logging_mixin.py:137} INFO - [2022-11-25T06:24:06.072+0000] {dag.py:3340} INFO - Setting next_dagrun for example_branch_labels to 2022-11-24T00:00:00+00:00, run_after=2022-11-25T00:00:00+00:00
[2022-11-25T06:24:06.086+0000] {processor.py:176} INFO - Processing /home/airflow/.local/lib/python3.7/site-packages/airflow/example_dags/example_branch_labels.py took 0.107 seconds
[2022-11-25T06:24:37.654+0000] {processor.py:154} INFO - Started process (PID=577) to work on /home/airflow/.local/lib/python3.7/site-packages/airflow/example_dags/example_branch_labels.py
[2022-11-25T06:24:37.662+0000] {processor.py:756} INFO - Processing file /home/airflow/.local/lib/python3.7/site-packages/airflow/example_dags/example_branch_labels.py for tasks to queue
[2022-11-25T06:24:37.670+0000] {logging_mixin.py:137} INFO - [2022-11-25T06:24:37.669+0000] {dagbag.py:537} INFO - Filling up the DagBag from /home/airflow/.local/lib/python3.7/site-packages/airflow/example_dags/example_branch_labels.py
[2022-11-25T06:24:37.707+0000] {processor.py:766} INFO - DAG(s) dict_keys(['example_branch_labels']) retrieved from /home/airflow/.local/lib/python3.7/site-packages/airflow/example_dags/example_branch_labels.py
[2022-11-25T06:24:37.770+0000] {logging_mixin.py:137} INFO - [2022-11-25T06:24:37.770+0000] {dag.py:2585} INFO - Sync 1 DAGs
[2022-11-25T06:24:37.813+0000] {logging_mixin.py:137} INFO - [2022-11-25T06:24:37.813+0000] {dag.py:3340} INFO - Setting next_dagrun for example_branch_labels to 2022-11-24T00:00:00+00:00, run_after=2022-11-25T00:00:00+00:00
[2022-11-25T06:24:37.851+0000] {processor.py:176} INFO - Processing /home/airflow/.local/lib/python3.7/site-packages/airflow/example_dags/example_branch_labels.py took 0.215 seconds
