[2022-11-25T06:20:34.549+0000] {processor.py:154} INFO - Started process (PID=81) to work on /home/airflow/.local/lib/python3.7/site-packages/airflow/example_dags/example_complex.py
[2022-11-25T06:20:34.551+0000] {processor.py:756} INFO - Processing file /home/airflow/.local/lib/python3.7/site-packages/airflow/example_dags/example_complex.py for tasks to queue
[2022-11-25T06:20:34.552+0000] {logging_mixin.py:137} INFO - [2022-11-25T06:20:34.552+0000] {dagbag.py:537} INFO - Filling up the DagBag from /home/airflow/.local/lib/python3.7/site-packages/airflow/example_dags/example_complex.py
[2022-11-25T06:20:34.561+0000] {logging_mixin.py:137} INFO - [2022-11-25T06:20:34.560+0000] {taskmixin.py:205} WARNING - Dependency <Task(BashOperator): create_entry_group>, delete_entry_group already registered for DAG: example_complex
[2022-11-25T06:20:34.561+0000] {logging_mixin.py:137} INFO - [2022-11-25T06:20:34.561+0000] {taskmixin.py:205} WARNING - Dependency <Task(BashOperator): delete_entry_group>, create_entry_group already registered for DAG: example_complex
[2022-11-25T06:20:34.562+0000] {logging_mixin.py:137} INFO - [2022-11-25T06:20:34.562+0000] {taskmixin.py:205} WARNING - Dependency <Task(BashOperator): create_entry_gcs>, delete_entry already registered for DAG: example_complex
[2022-11-25T06:20:34.562+0000] {logging_mixin.py:137} INFO - [2022-11-25T06:20:34.562+0000] {taskmixin.py:205} WARNING - Dependency <Task(BashOperator): delete_entry>, create_entry_gcs already registered for DAG: example_complex
[2022-11-25T06:20:34.563+0000] {logging_mixin.py:137} INFO - [2022-11-25T06:20:34.563+0000] {taskmixin.py:205} WARNING - Dependency <Task(BashOperator): create_tag>, delete_tag already registered for DAG: example_complex
[2022-11-25T06:20:34.564+0000] {logging_mixin.py:137} INFO - [2022-11-25T06:20:34.564+0000] {taskmixin.py:205} WARNING - Dependency <Task(BashOperator): delete_tag>, create_tag already registered for DAG: example_complex
[2022-11-25T06:20:34.570+0000] {processor.py:766} INFO - DAG(s) dict_keys(['example_complex']) retrieved from /home/airflow/.local/lib/python3.7/site-packages/airflow/example_dags/example_complex.py
[2022-11-25T06:20:34.658+0000] {logging_mixin.py:137} INFO - [2022-11-25T06:20:34.657+0000] {manager.py:507} INFO - Created Permission View: can read on DAG:example_complex
[2022-11-25T06:20:34.664+0000] {logging_mixin.py:137} INFO - [2022-11-25T06:20:34.664+0000] {manager.py:507} INFO - Created Permission View: can edit on DAG:example_complex
[2022-11-25T06:20:34.671+0000] {logging_mixin.py:137} INFO - [2022-11-25T06:20:34.671+0000] {manager.py:507} INFO - Created Permission View: can delete on DAG:example_complex
[2022-11-25T06:20:34.672+0000] {logging_mixin.py:137} INFO - [2022-11-25T06:20:34.672+0000] {dag.py:2585} INFO - Sync 1 DAGs
[2022-11-25T06:20:34.680+0000] {logging_mixin.py:137} INFO - [2022-11-25T06:20:34.680+0000] {dag.py:2606} INFO - Creating ORM DAG for example_complex
[2022-11-25T06:20:34.690+0000] {logging_mixin.py:137} INFO - [2022-11-25T06:20:34.690+0000] {dag.py:3340} INFO - Setting next_dagrun for example_complex to None, run_after=None
[2022-11-25T06:20:34.707+0000] {processor.py:176} INFO - Processing /home/airflow/.local/lib/python3.7/site-packages/airflow/example_dags/example_complex.py took 0.161 seconds
[2022-11-25T06:21:05.070+0000] {processor.py:154} INFO - Started process (PID=149) to work on /home/airflow/.local/lib/python3.7/site-packages/airflow/example_dags/example_complex.py
[2022-11-25T06:21:05.072+0000] {processor.py:756} INFO - Processing file /home/airflow/.local/lib/python3.7/site-packages/airflow/example_dags/example_complex.py for tasks to queue
[2022-11-25T06:21:05.073+0000] {logging_mixin.py:137} INFO - [2022-11-25T06:21:05.073+0000] {dagbag.py:537} INFO - Filling up the DagBag from /home/airflow/.local/lib/python3.7/site-packages/airflow/example_dags/example_complex.py
[2022-11-25T06:21:05.081+0000] {logging_mixin.py:137} INFO - [2022-11-25T06:21:05.080+0000] {taskmixin.py:205} WARNING - Dependency <Task(BashOperator): create_entry_group>, delete_entry_group already registered for DAG: example_complex
[2022-11-25T06:21:05.083+0000] {logging_mixin.py:137} INFO - [2022-11-25T06:21:05.083+0000] {taskmixin.py:205} WARNING - Dependency <Task(BashOperator): delete_entry_group>, create_entry_group already registered for DAG: example_complex
[2022-11-25T06:21:05.084+0000] {logging_mixin.py:137} INFO - [2022-11-25T06:21:05.084+0000] {taskmixin.py:205} WARNING - Dependency <Task(BashOperator): create_entry_gcs>, delete_entry already registered for DAG: example_complex
[2022-11-25T06:21:05.084+0000] {logging_mixin.py:137} INFO - [2022-11-25T06:21:05.084+0000] {taskmixin.py:205} WARNING - Dependency <Task(BashOperator): delete_entry>, create_entry_gcs already registered for DAG: example_complex
[2022-11-25T06:21:05.085+0000] {logging_mixin.py:137} INFO - [2022-11-25T06:21:05.085+0000] {taskmixin.py:205} WARNING - Dependency <Task(BashOperator): create_tag>, delete_tag already registered for DAG: example_complex
[2022-11-25T06:21:05.086+0000] {logging_mixin.py:137} INFO - [2022-11-25T06:21:05.086+0000] {taskmixin.py:205} WARNING - Dependency <Task(BashOperator): delete_tag>, create_tag already registered for DAG: example_complex
[2022-11-25T06:21:05.099+0000] {processor.py:766} INFO - DAG(s) dict_keys(['example_complex']) retrieved from /home/airflow/.local/lib/python3.7/site-packages/airflow/example_dags/example_complex.py
[2022-11-25T06:21:05.143+0000] {logging_mixin.py:137} INFO - [2022-11-25T06:21:05.142+0000] {dag.py:2585} INFO - Sync 1 DAGs
[2022-11-25T06:21:05.169+0000] {logging_mixin.py:137} INFO - [2022-11-25T06:21:05.169+0000] {dag.py:3340} INFO - Setting next_dagrun for example_complex to None, run_after=None
[2022-11-25T06:21:05.196+0000] {processor.py:176} INFO - Processing /home/airflow/.local/lib/python3.7/site-packages/airflow/example_dags/example_complex.py took 0.129 seconds
[2022-11-25T06:21:35.956+0000] {processor.py:154} INFO - Started process (PID=218) to work on /home/airflow/.local/lib/python3.7/site-packages/airflow/example_dags/example_complex.py
[2022-11-25T06:21:35.957+0000] {processor.py:756} INFO - Processing file /home/airflow/.local/lib/python3.7/site-packages/airflow/example_dags/example_complex.py for tasks to queue
[2022-11-25T06:21:35.958+0000] {logging_mixin.py:137} INFO - [2022-11-25T06:21:35.958+0000] {dagbag.py:537} INFO - Filling up the DagBag from /home/airflow/.local/lib/python3.7/site-packages/airflow/example_dags/example_complex.py
[2022-11-25T06:21:35.966+0000] {logging_mixin.py:137} INFO - [2022-11-25T06:21:35.966+0000] {taskmixin.py:205} WARNING - Dependency <Task(BashOperator): create_entry_group>, delete_entry_group already registered for DAG: example_complex
[2022-11-25T06:21:35.967+0000] {logging_mixin.py:137} INFO - [2022-11-25T06:21:35.967+0000] {taskmixin.py:205} WARNING - Dependency <Task(BashOperator): delete_entry_group>, create_entry_group already registered for DAG: example_complex
[2022-11-25T06:21:35.968+0000] {logging_mixin.py:137} INFO - [2022-11-25T06:21:35.968+0000] {taskmixin.py:205} WARNING - Dependency <Task(BashOperator): create_entry_gcs>, delete_entry already registered for DAG: example_complex
[2022-11-25T06:21:35.969+0000] {logging_mixin.py:137} INFO - [2022-11-25T06:21:35.969+0000] {taskmixin.py:205} WARNING - Dependency <Task(BashOperator): delete_entry>, create_entry_gcs already registered for DAG: example_complex
[2022-11-25T06:21:35.970+0000] {logging_mixin.py:137} INFO - [2022-11-25T06:21:35.970+0000] {taskmixin.py:205} WARNING - Dependency <Task(BashOperator): create_tag>, delete_tag already registered for DAG: example_complex
[2022-11-25T06:21:35.970+0000] {logging_mixin.py:137} INFO - [2022-11-25T06:21:35.970+0000] {taskmixin.py:205} WARNING - Dependency <Task(BashOperator): delete_tag>, create_tag already registered for DAG: example_complex
[2022-11-25T06:21:35.976+0000] {processor.py:766} INFO - DAG(s) dict_keys(['example_complex']) retrieved from /home/airflow/.local/lib/python3.7/site-packages/airflow/example_dags/example_complex.py
[2022-11-25T06:21:36.006+0000] {logging_mixin.py:137} INFO - [2022-11-25T06:21:36.006+0000] {dag.py:2585} INFO - Sync 1 DAGs
[2022-11-25T06:21:36.026+0000] {logging_mixin.py:137} INFO - [2022-11-25T06:21:36.026+0000] {dag.py:3340} INFO - Setting next_dagrun for example_complex to None, run_after=None
[2022-11-25T06:21:36.045+0000] {processor.py:176} INFO - Processing /home/airflow/.local/lib/python3.7/site-packages/airflow/example_dags/example_complex.py took 0.092 seconds
[2022-11-25T06:22:06.391+0000] {processor.py:154} INFO - Started process (PID=287) to work on /home/airflow/.local/lib/python3.7/site-packages/airflow/example_dags/example_complex.py
[2022-11-25T06:22:06.393+0000] {processor.py:756} INFO - Processing file /home/airflow/.local/lib/python3.7/site-packages/airflow/example_dags/example_complex.py for tasks to queue
[2022-11-25T06:22:06.394+0000] {logging_mixin.py:137} INFO - [2022-11-25T06:22:06.394+0000] {dagbag.py:537} INFO - Filling up the DagBag from /home/airflow/.local/lib/python3.7/site-packages/airflow/example_dags/example_complex.py
[2022-11-25T06:22:06.401+0000] {logging_mixin.py:137} INFO - [2022-11-25T06:22:06.401+0000] {taskmixin.py:205} WARNING - Dependency <Task(BashOperator): create_entry_group>, delete_entry_group already registered for DAG: example_complex
[2022-11-25T06:22:06.402+0000] {logging_mixin.py:137} INFO - [2022-11-25T06:22:06.402+0000] {taskmixin.py:205} WARNING - Dependency <Task(BashOperator): delete_entry_group>, create_entry_group already registered for DAG: example_complex
[2022-11-25T06:22:06.403+0000] {logging_mixin.py:137} INFO - [2022-11-25T06:22:06.403+0000] {taskmixin.py:205} WARNING - Dependency <Task(BashOperator): create_entry_gcs>, delete_entry already registered for DAG: example_complex
[2022-11-25T06:22:06.403+0000] {logging_mixin.py:137} INFO - [2022-11-25T06:22:06.403+0000] {taskmixin.py:205} WARNING - Dependency <Task(BashOperator): delete_entry>, create_entry_gcs already registered for DAG: example_complex
[2022-11-25T06:22:06.404+0000] {logging_mixin.py:137} INFO - [2022-11-25T06:22:06.404+0000] {taskmixin.py:205} WARNING - Dependency <Task(BashOperator): create_tag>, delete_tag already registered for DAG: example_complex
[2022-11-25T06:22:06.405+0000] {logging_mixin.py:137} INFO - [2022-11-25T06:22:06.405+0000] {taskmixin.py:205} WARNING - Dependency <Task(BashOperator): delete_tag>, create_tag already registered for DAG: example_complex
[2022-11-25T06:22:06.411+0000] {processor.py:766} INFO - DAG(s) dict_keys(['example_complex']) retrieved from /home/airflow/.local/lib/python3.7/site-packages/airflow/example_dags/example_complex.py
[2022-11-25T06:22:06.427+0000] {logging_mixin.py:137} INFO - [2022-11-25T06:22:06.427+0000] {dag.py:2585} INFO - Sync 1 DAGs
[2022-11-25T06:22:06.443+0000] {logging_mixin.py:137} INFO - [2022-11-25T06:22:06.443+0000] {dag.py:3340} INFO - Setting next_dagrun for example_complex to None, run_after=None
[2022-11-25T06:22:06.455+0000] {processor.py:176} INFO - Processing /home/airflow/.local/lib/python3.7/site-packages/airflow/example_dags/example_complex.py took 0.066 seconds
[2022-11-25T06:22:37.259+0000] {processor.py:154} INFO - Started process (PID=346) to work on /home/airflow/.local/lib/python3.7/site-packages/airflow/example_dags/example_complex.py
[2022-11-25T06:22:37.265+0000] {processor.py:756} INFO - Processing file /home/airflow/.local/lib/python3.7/site-packages/airflow/example_dags/example_complex.py for tasks to queue
[2022-11-25T06:22:37.266+0000] {logging_mixin.py:137} INFO - [2022-11-25T06:22:37.266+0000] {dagbag.py:537} INFO - Filling up the DagBag from /home/airflow/.local/lib/python3.7/site-packages/airflow/example_dags/example_complex.py
[2022-11-25T06:22:37.281+0000] {logging_mixin.py:137} INFO - [2022-11-25T06:22:37.280+0000] {taskmixin.py:205} WARNING - Dependency <Task(BashOperator): create_entry_group>, delete_entry_group already registered for DAG: example_complex
[2022-11-25T06:22:37.282+0000] {logging_mixin.py:137} INFO - [2022-11-25T06:22:37.282+0000] {taskmixin.py:205} WARNING - Dependency <Task(BashOperator): delete_entry_group>, create_entry_group already registered for DAG: example_complex
[2022-11-25T06:22:37.284+0000] {logging_mixin.py:137} INFO - [2022-11-25T06:22:37.284+0000] {taskmixin.py:205} WARNING - Dependency <Task(BashOperator): create_entry_gcs>, delete_entry already registered for DAG: example_complex
[2022-11-25T06:22:37.285+0000] {logging_mixin.py:137} INFO - [2022-11-25T06:22:37.285+0000] {taskmixin.py:205} WARNING - Dependency <Task(BashOperator): delete_entry>, create_entry_gcs already registered for DAG: example_complex
[2022-11-25T06:22:37.286+0000] {logging_mixin.py:137} INFO - [2022-11-25T06:22:37.286+0000] {taskmixin.py:205} WARNING - Dependency <Task(BashOperator): create_tag>, delete_tag already registered for DAG: example_complex
[2022-11-25T06:22:37.286+0000] {logging_mixin.py:137} INFO - [2022-11-25T06:22:37.286+0000] {taskmixin.py:205} WARNING - Dependency <Task(BashOperator): delete_tag>, create_tag already registered for DAG: example_complex
[2022-11-25T06:22:37.294+0000] {processor.py:766} INFO - DAG(s) dict_keys(['example_complex']) retrieved from /home/airflow/.local/lib/python3.7/site-packages/airflow/example_dags/example_complex.py
[2022-11-25T06:22:37.363+0000] {logging_mixin.py:137} INFO - [2022-11-25T06:22:37.363+0000] {dag.py:2585} INFO - Sync 1 DAGs
[2022-11-25T06:22:37.402+0000] {logging_mixin.py:137} INFO - [2022-11-25T06:22:37.402+0000] {dag.py:3340} INFO - Setting next_dagrun for example_complex to None, run_after=None
[2022-11-25T06:22:37.437+0000] {processor.py:176} INFO - Processing /home/airflow/.local/lib/python3.7/site-packages/airflow/example_dags/example_complex.py took 0.182 seconds
[2022-11-25T06:23:07.685+0000] {processor.py:154} INFO - Started process (PID=413) to work on /home/airflow/.local/lib/python3.7/site-packages/airflow/example_dags/example_complex.py
[2022-11-25T06:23:07.687+0000] {processor.py:756} INFO - Processing file /home/airflow/.local/lib/python3.7/site-packages/airflow/example_dags/example_complex.py for tasks to queue
[2022-11-25T06:23:07.689+0000] {logging_mixin.py:137} INFO - [2022-11-25T06:23:07.689+0000] {dagbag.py:537} INFO - Filling up the DagBag from /home/airflow/.local/lib/python3.7/site-packages/airflow/example_dags/example_complex.py
[2022-11-25T06:23:07.700+0000] {logging_mixin.py:137} INFO - [2022-11-25T06:23:07.700+0000] {taskmixin.py:205} WARNING - Dependency <Task(BashOperator): create_entry_group>, delete_entry_group already registered for DAG: example_complex
[2022-11-25T06:23:07.701+0000] {logging_mixin.py:137} INFO - [2022-11-25T06:23:07.701+0000] {taskmixin.py:205} WARNING - Dependency <Task(BashOperator): delete_entry_group>, create_entry_group already registered for DAG: example_complex
[2022-11-25T06:23:07.702+0000] {logging_mixin.py:137} INFO - [2022-11-25T06:23:07.702+0000] {taskmixin.py:205} WARNING - Dependency <Task(BashOperator): create_entry_gcs>, delete_entry already registered for DAG: example_complex
[2022-11-25T06:23:07.703+0000] {logging_mixin.py:137} INFO - [2022-11-25T06:23:07.703+0000] {taskmixin.py:205} WARNING - Dependency <Task(BashOperator): delete_entry>, create_entry_gcs already registered for DAG: example_complex
[2022-11-25T06:23:07.704+0000] {logging_mixin.py:137} INFO - [2022-11-25T06:23:07.704+0000] {taskmixin.py:205} WARNING - Dependency <Task(BashOperator): create_tag>, delete_tag already registered for DAG: example_complex
[2022-11-25T06:23:07.705+0000] {logging_mixin.py:137} INFO - [2022-11-25T06:23:07.705+0000] {taskmixin.py:205} WARNING - Dependency <Task(BashOperator): delete_tag>, create_tag already registered for DAG: example_complex
[2022-11-25T06:23:07.712+0000] {processor.py:766} INFO - DAG(s) dict_keys(['example_complex']) retrieved from /home/airflow/.local/lib/python3.7/site-packages/airflow/example_dags/example_complex.py
[2022-11-25T06:23:07.747+0000] {logging_mixin.py:137} INFO - [2022-11-25T06:23:07.746+0000] {dag.py:2585} INFO - Sync 1 DAGs
[2022-11-25T06:23:07.766+0000] {logging_mixin.py:137} INFO - [2022-11-25T06:23:07.766+0000] {dag.py:3340} INFO - Setting next_dagrun for example_complex to None, run_after=None
[2022-11-25T06:23:07.784+0000] {processor.py:176} INFO - Processing /home/airflow/.local/lib/python3.7/site-packages/airflow/example_dags/example_complex.py took 0.103 seconds
[2022-11-25T06:23:38.150+0000] {processor.py:154} INFO - Started process (PID=481) to work on /home/airflow/.local/lib/python3.7/site-packages/airflow/example_dags/example_complex.py
[2022-11-25T06:23:38.152+0000] {processor.py:756} INFO - Processing file /home/airflow/.local/lib/python3.7/site-packages/airflow/example_dags/example_complex.py for tasks to queue
[2022-11-25T06:23:38.153+0000] {logging_mixin.py:137} INFO - [2022-11-25T06:23:38.153+0000] {dagbag.py:537} INFO - Filling up the DagBag from /home/airflow/.local/lib/python3.7/site-packages/airflow/example_dags/example_complex.py
[2022-11-25T06:23:38.161+0000] {logging_mixin.py:137} INFO - [2022-11-25T06:23:38.161+0000] {taskmixin.py:205} WARNING - Dependency <Task(BashOperator): create_entry_group>, delete_entry_group already registered for DAG: example_complex
[2022-11-25T06:23:38.162+0000] {logging_mixin.py:137} INFO - [2022-11-25T06:23:38.162+0000] {taskmixin.py:205} WARNING - Dependency <Task(BashOperator): delete_entry_group>, create_entry_group already registered for DAG: example_complex
[2022-11-25T06:23:38.163+0000] {logging_mixin.py:137} INFO - [2022-11-25T06:23:38.163+0000] {taskmixin.py:205} WARNING - Dependency <Task(BashOperator): create_entry_gcs>, delete_entry already registered for DAG: example_complex
[2022-11-25T06:23:38.164+0000] {logging_mixin.py:137} INFO - [2022-11-25T06:23:38.164+0000] {taskmixin.py:205} WARNING - Dependency <Task(BashOperator): delete_entry>, create_entry_gcs already registered for DAG: example_complex
[2022-11-25T06:23:38.165+0000] {logging_mixin.py:137} INFO - [2022-11-25T06:23:38.165+0000] {taskmixin.py:205} WARNING - Dependency <Task(BashOperator): create_tag>, delete_tag already registered for DAG: example_complex
[2022-11-25T06:23:38.166+0000] {logging_mixin.py:137} INFO - [2022-11-25T06:23:38.166+0000] {taskmixin.py:205} WARNING - Dependency <Task(BashOperator): delete_tag>, create_tag already registered for DAG: example_complex
[2022-11-25T06:23:38.171+0000] {processor.py:766} INFO - DAG(s) dict_keys(['example_complex']) retrieved from /home/airflow/.local/lib/python3.7/site-packages/airflow/example_dags/example_complex.py
[2022-11-25T06:23:38.202+0000] {logging_mixin.py:137} INFO - [2022-11-25T06:23:38.202+0000] {dag.py:2585} INFO - Sync 1 DAGs
[2022-11-25T06:23:38.218+0000] {logging_mixin.py:137} INFO - [2022-11-25T06:23:38.218+0000] {dag.py:3340} INFO - Setting next_dagrun for example_complex to None, run_after=None
[2022-11-25T06:23:38.229+0000] {processor.py:176} INFO - Processing /home/airflow/.local/lib/python3.7/site-packages/airflow/example_dags/example_complex.py took 0.082 seconds
[2022-11-25T06:24:09.148+0000] {processor.py:154} INFO - Started process (PID=549) to work on /home/airflow/.local/lib/python3.7/site-packages/airflow/example_dags/example_complex.py
[2022-11-25T06:24:09.150+0000] {processor.py:756} INFO - Processing file /home/airflow/.local/lib/python3.7/site-packages/airflow/example_dags/example_complex.py for tasks to queue
[2022-11-25T06:24:09.152+0000] {logging_mixin.py:137} INFO - [2022-11-25T06:24:09.152+0000] {dagbag.py:537} INFO - Filling up the DagBag from /home/airflow/.local/lib/python3.7/site-packages/airflow/example_dags/example_complex.py
[2022-11-25T06:24:09.161+0000] {logging_mixin.py:137} INFO - [2022-11-25T06:24:09.160+0000] {taskmixin.py:205} WARNING - Dependency <Task(BashOperator): create_entry_group>, delete_entry_group already registered for DAG: example_complex
[2022-11-25T06:24:09.162+0000] {logging_mixin.py:137} INFO - [2022-11-25T06:24:09.162+0000] {taskmixin.py:205} WARNING - Dependency <Task(BashOperator): delete_entry_group>, create_entry_group already registered for DAG: example_complex
[2022-11-25T06:24:09.162+0000] {logging_mixin.py:137} INFO - [2022-11-25T06:24:09.162+0000] {taskmixin.py:205} WARNING - Dependency <Task(BashOperator): create_entry_gcs>, delete_entry already registered for DAG: example_complex
[2022-11-25T06:24:09.164+0000] {logging_mixin.py:137} INFO - [2022-11-25T06:24:09.163+0000] {taskmixin.py:205} WARNING - Dependency <Task(BashOperator): delete_entry>, create_entry_gcs already registered for DAG: example_complex
[2022-11-25T06:24:09.164+0000] {logging_mixin.py:137} INFO - [2022-11-25T06:24:09.164+0000] {taskmixin.py:205} WARNING - Dependency <Task(BashOperator): create_tag>, delete_tag already registered for DAG: example_complex
[2022-11-25T06:24:09.165+0000] {logging_mixin.py:137} INFO - [2022-11-25T06:24:09.165+0000] {taskmixin.py:205} WARNING - Dependency <Task(BashOperator): delete_tag>, create_tag already registered for DAG: example_complex
[2022-11-25T06:24:09.171+0000] {processor.py:766} INFO - DAG(s) dict_keys(['example_complex']) retrieved from /home/airflow/.local/lib/python3.7/site-packages/airflow/example_dags/example_complex.py
[2022-11-25T06:24:09.206+0000] {logging_mixin.py:137} INFO - [2022-11-25T06:24:09.206+0000] {dag.py:2585} INFO - Sync 1 DAGs
[2022-11-25T06:24:09.223+0000] {logging_mixin.py:137} INFO - [2022-11-25T06:24:09.223+0000] {dag.py:3340} INFO - Setting next_dagrun for example_complex to None, run_after=None
[2022-11-25T06:24:09.235+0000] {processor.py:176} INFO - Processing /home/airflow/.local/lib/python3.7/site-packages/airflow/example_dags/example_complex.py took 0.090 seconds
[2022-11-25T06:24:40.081+0000] {processor.py:154} INFO - Started process (PID=607) to work on /home/airflow/.local/lib/python3.7/site-packages/airflow/example_dags/example_complex.py
[2022-11-25T06:24:40.083+0000] {processor.py:756} INFO - Processing file /home/airflow/.local/lib/python3.7/site-packages/airflow/example_dags/example_complex.py for tasks to queue
[2022-11-25T06:24:40.084+0000] {logging_mixin.py:137} INFO - [2022-11-25T06:24:40.084+0000] {dagbag.py:537} INFO - Filling up the DagBag from /home/airflow/.local/lib/python3.7/site-packages/airflow/example_dags/example_complex.py
[2022-11-25T06:24:40.092+0000] {logging_mixin.py:137} INFO - [2022-11-25T06:24:40.092+0000] {taskmixin.py:205} WARNING - Dependency <Task(BashOperator): create_entry_group>, delete_entry_group already registered for DAG: example_complex
[2022-11-25T06:24:40.093+0000] {logging_mixin.py:137} INFO - [2022-11-25T06:24:40.093+0000] {taskmixin.py:205} WARNING - Dependency <Task(BashOperator): delete_entry_group>, create_entry_group already registered for DAG: example_complex
[2022-11-25T06:24:40.094+0000] {logging_mixin.py:137} INFO - [2022-11-25T06:24:40.094+0000] {taskmixin.py:205} WARNING - Dependency <Task(BashOperator): create_entry_gcs>, delete_entry already registered for DAG: example_complex
[2022-11-25T06:24:40.095+0000] {logging_mixin.py:137} INFO - [2022-11-25T06:24:40.095+0000] {taskmixin.py:205} WARNING - Dependency <Task(BashOperator): delete_entry>, create_entry_gcs already registered for DAG: example_complex
[2022-11-25T06:24:40.096+0000] {logging_mixin.py:137} INFO - [2022-11-25T06:24:40.096+0000] {taskmixin.py:205} WARNING - Dependency <Task(BashOperator): create_tag>, delete_tag already registered for DAG: example_complex
[2022-11-25T06:24:40.097+0000] {logging_mixin.py:137} INFO - [2022-11-25T06:24:40.096+0000] {taskmixin.py:205} WARNING - Dependency <Task(BashOperator): delete_tag>, create_tag already registered for DAG: example_complex
[2022-11-25T06:24:40.102+0000] {processor.py:766} INFO - DAG(s) dict_keys(['example_complex']) retrieved from /home/airflow/.local/lib/python3.7/site-packages/airflow/example_dags/example_complex.py
[2022-11-25T06:24:40.136+0000] {logging_mixin.py:137} INFO - [2022-11-25T06:24:40.136+0000] {dag.py:2585} INFO - Sync 1 DAGs
[2022-11-25T06:24:40.157+0000] {logging_mixin.py:137} INFO - [2022-11-25T06:24:40.156+0000] {dag.py:3340} INFO - Setting next_dagrun for example_complex to None, run_after=None
[2022-11-25T06:24:40.171+0000] {processor.py:176} INFO - Processing /home/airflow/.local/lib/python3.7/site-packages/airflow/example_dags/example_complex.py took 0.092 seconds
