[2022-11-25T05:26:18.923+0000] {processor.py:154} INFO - Started process (PID=97) to work on /home/airflow/.local/lib/python3.7/site-packages/airflow/example_dags/example_xcomargs.py
[2022-11-25T05:26:18.983+0000] {processor.py:756} INFO - Processing file /home/airflow/.local/lib/python3.7/site-packages/airflow/example_dags/example_xcomargs.py for tasks to queue
[2022-11-25T05:26:19.038+0000] {logging_mixin.py:137} INFO - [2022-11-25T05:26:19.036+0000] {dagbag.py:537} INFO - Filling up the DagBag from /home/airflow/.local/lib/python3.7/site-packages/airflow/example_dags/example_xcomargs.py
[2022-11-25T05:26:22.943+0000] {processor.py:766} INFO - DAG(s) dict_keys(['example_xcom_args', 'example_xcom_args_with_operators']) retrieved from /home/airflow/.local/lib/python3.7/site-packages/airflow/example_dags/example_xcomargs.py
[2022-11-25T05:26:28.008+0000] {logging_mixin.py:137} INFO - [2022-11-25T05:26:27.288+0000] {dag.py:2585} INFO - Sync 2 DAGs
[2022-11-25T05:26:31.900+0000] {logging_mixin.py:137} INFO - [2022-11-25T05:26:31.891+0000] {dag.py:3340} INFO - Setting next_dagrun for example_xcom_args to None, run_after=None
[2022-11-25T05:26:32.317+0000] {logging_mixin.py:137} INFO - [2022-11-25T05:26:32.317+0000] {dag.py:3340} INFO - Setting next_dagrun for example_xcom_args_with_operators to None, run_after=None
[2022-11-25T05:26:37.614+0000] {processor.py:176} INFO - Processing /home/airflow/.local/lib/python3.7/site-packages/airflow/example_dags/example_xcomargs.py took 19.036 seconds
[2022-11-25T06:20:32.583+0000] {processor.py:154} INFO - Started process (PID=65) to work on /home/airflow/.local/lib/python3.7/site-packages/airflow/example_dags/example_xcomargs.py
[2022-11-25T06:20:32.584+0000] {processor.py:756} INFO - Processing file /home/airflow/.local/lib/python3.7/site-packages/airflow/example_dags/example_xcomargs.py for tasks to queue
[2022-11-25T06:20:32.585+0000] {logging_mixin.py:137} INFO - [2022-11-25T06:20:32.585+0000] {dagbag.py:537} INFO - Filling up the DagBag from /home/airflow/.local/lib/python3.7/site-packages/airflow/example_dags/example_xcomargs.py
[2022-11-25T06:20:32.602+0000] {processor.py:766} INFO - DAG(s) dict_keys(['example_xcom_args_with_operators', 'example_xcom_args']) retrieved from /home/airflow/.local/lib/python3.7/site-packages/airflow/example_dags/example_xcomargs.py
[2022-11-25T06:20:32.692+0000] {logging_mixin.py:137} INFO - [2022-11-25T06:20:32.692+0000] {manager.py:507} INFO - Created Permission View: can read on DAG:example_xcom_args_with_operators
[2022-11-25T06:20:32.700+0000] {logging_mixin.py:137} INFO - [2022-11-25T06:20:32.700+0000] {manager.py:507} INFO - Created Permission View: can edit on DAG:example_xcom_args_with_operators
[2022-11-25T06:20:32.706+0000] {logging_mixin.py:137} INFO - [2022-11-25T06:20:32.706+0000] {manager.py:507} INFO - Created Permission View: can delete on DAG:example_xcom_args_with_operators
[2022-11-25T06:20:32.714+0000] {logging_mixin.py:137} INFO - [2022-11-25T06:20:32.714+0000] {manager.py:507} INFO - Created Permission View: can read on DAG:example_xcom_args
[2022-11-25T06:20:32.719+0000] {logging_mixin.py:137} INFO - [2022-11-25T06:20:32.719+0000] {manager.py:507} INFO - Created Permission View: can edit on DAG:example_xcom_args
[2022-11-25T06:20:32.724+0000] {logging_mixin.py:137} INFO - [2022-11-25T06:20:32.724+0000] {manager.py:507} INFO - Created Permission View: can delete on DAG:example_xcom_args
[2022-11-25T06:20:32.725+0000] {logging_mixin.py:137} INFO - [2022-11-25T06:20:32.725+0000] {dag.py:2585} INFO - Sync 2 DAGs
[2022-11-25T06:20:32.737+0000] {logging_mixin.py:137} INFO - [2022-11-25T06:20:32.737+0000] {dag.py:2606} INFO - Creating ORM DAG for example_xcom_args
[2022-11-25T06:20:32.739+0000] {logging_mixin.py:137} INFO - [2022-11-25T06:20:32.739+0000] {dag.py:2606} INFO - Creating ORM DAG for example_xcom_args_with_operators
[2022-11-25T06:20:32.748+0000] {logging_mixin.py:137} INFO - [2022-11-25T06:20:32.748+0000] {dag.py:3340} INFO - Setting next_dagrun for example_xcom_args to None, run_after=None
[2022-11-25T06:20:32.750+0000] {logging_mixin.py:137} INFO - [2022-11-25T06:20:32.750+0000] {dag.py:3340} INFO - Setting next_dagrun for example_xcom_args_with_operators to None, run_after=None
[2022-11-25T06:20:32.774+0000] {processor.py:176} INFO - Processing /home/airflow/.local/lib/python3.7/site-packages/airflow/example_dags/example_xcomargs.py took 0.193 seconds
[2022-11-25T06:21:02.842+0000] {processor.py:154} INFO - Started process (PID=133) to work on /home/airflow/.local/lib/python3.7/site-packages/airflow/example_dags/example_xcomargs.py
[2022-11-25T06:21:02.845+0000] {processor.py:756} INFO - Processing file /home/airflow/.local/lib/python3.7/site-packages/airflow/example_dags/example_xcomargs.py for tasks to queue
[2022-11-25T06:21:02.846+0000] {logging_mixin.py:137} INFO - [2022-11-25T06:21:02.846+0000] {dagbag.py:537} INFO - Filling up the DagBag from /home/airflow/.local/lib/python3.7/site-packages/airflow/example_dags/example_xcomargs.py
[2022-11-25T06:21:02.863+0000] {processor.py:766} INFO - DAG(s) dict_keys(['example_xcom_args_with_operators', 'example_xcom_args']) retrieved from /home/airflow/.local/lib/python3.7/site-packages/airflow/example_dags/example_xcomargs.py
[2022-11-25T06:21:02.889+0000] {logging_mixin.py:137} INFO - [2022-11-25T06:21:02.889+0000] {dag.py:2585} INFO - Sync 2 DAGs
[2022-11-25T06:21:02.903+0000] {logging_mixin.py:137} INFO - [2022-11-25T06:21:02.903+0000] {dag.py:3340} INFO - Setting next_dagrun for example_xcom_args to None, run_after=None
[2022-11-25T06:21:02.905+0000] {logging_mixin.py:137} INFO - [2022-11-25T06:21:02.905+0000] {dag.py:3340} INFO - Setting next_dagrun for example_xcom_args_with_operators to None, run_after=None
[2022-11-25T06:21:02.914+0000] {processor.py:176} INFO - Processing /home/airflow/.local/lib/python3.7/site-packages/airflow/example_dags/example_xcomargs.py took 0.074 seconds
[2022-11-25T06:21:33.833+0000] {processor.py:154} INFO - Started process (PID=202) to work on /home/airflow/.local/lib/python3.7/site-packages/airflow/example_dags/example_xcomargs.py
[2022-11-25T06:21:33.835+0000] {processor.py:756} INFO - Processing file /home/airflow/.local/lib/python3.7/site-packages/airflow/example_dags/example_xcomargs.py for tasks to queue
[2022-11-25T06:21:33.836+0000] {logging_mixin.py:137} INFO - [2022-11-25T06:21:33.836+0000] {dagbag.py:537} INFO - Filling up the DagBag from /home/airflow/.local/lib/python3.7/site-packages/airflow/example_dags/example_xcomargs.py
[2022-11-25T06:21:33.851+0000] {processor.py:766} INFO - DAG(s) dict_keys(['example_xcom_args_with_operators', 'example_xcom_args']) retrieved from /home/airflow/.local/lib/python3.7/site-packages/airflow/example_dags/example_xcomargs.py
[2022-11-25T06:21:33.880+0000] {logging_mixin.py:137} INFO - [2022-11-25T06:21:33.880+0000] {dag.py:2585} INFO - Sync 2 DAGs
[2022-11-25T06:21:33.894+0000] {logging_mixin.py:137} INFO - [2022-11-25T06:21:33.894+0000] {dag.py:3340} INFO - Setting next_dagrun for example_xcom_args to None, run_after=None
[2022-11-25T06:21:33.897+0000] {logging_mixin.py:137} INFO - [2022-11-25T06:21:33.897+0000] {dag.py:3340} INFO - Setting next_dagrun for example_xcom_args_with_operators to None, run_after=None
[2022-11-25T06:21:33.905+0000] {processor.py:176} INFO - Processing /home/airflow/.local/lib/python3.7/site-packages/airflow/example_dags/example_xcomargs.py took 0.075 seconds
[2022-11-25T06:22:04.066+0000] {processor.py:154} INFO - Started process (PID=262) to work on /home/airflow/.local/lib/python3.7/site-packages/airflow/example_dags/example_xcomargs.py
[2022-11-25T06:22:04.067+0000] {processor.py:756} INFO - Processing file /home/airflow/.local/lib/python3.7/site-packages/airflow/example_dags/example_xcomargs.py for tasks to queue
[2022-11-25T06:22:04.068+0000] {logging_mixin.py:137} INFO - [2022-11-25T06:22:04.068+0000] {dagbag.py:537} INFO - Filling up the DagBag from /home/airflow/.local/lib/python3.7/site-packages/airflow/example_dags/example_xcomargs.py
[2022-11-25T06:22:04.083+0000] {processor.py:766} INFO - DAG(s) dict_keys(['example_xcom_args', 'example_xcom_args_with_operators']) retrieved from /home/airflow/.local/lib/python3.7/site-packages/airflow/example_dags/example_xcomargs.py
[2022-11-25T06:22:04.100+0000] {logging_mixin.py:137} INFO - [2022-11-25T06:22:04.100+0000] {dag.py:2585} INFO - Sync 2 DAGs
[2022-11-25T06:22:04.116+0000] {logging_mixin.py:137} INFO - [2022-11-25T06:22:04.116+0000] {dag.py:3340} INFO - Setting next_dagrun for example_xcom_args to None, run_after=None
[2022-11-25T06:22:04.119+0000] {logging_mixin.py:137} INFO - [2022-11-25T06:22:04.119+0000] {dag.py:3340} INFO - Setting next_dagrun for example_xcom_args_with_operators to None, run_after=None
[2022-11-25T06:22:04.129+0000] {processor.py:176} INFO - Processing /home/airflow/.local/lib/python3.7/site-packages/airflow/example_dags/example_xcomargs.py took 0.065 seconds
[2022-11-25T06:22:35.058+0000] {processor.py:154} INFO - Started process (PID=330) to work on /home/airflow/.local/lib/python3.7/site-packages/airflow/example_dags/example_xcomargs.py
[2022-11-25T06:22:35.060+0000] {processor.py:756} INFO - Processing file /home/airflow/.local/lib/python3.7/site-packages/airflow/example_dags/example_xcomargs.py for tasks to queue
[2022-11-25T06:22:35.062+0000] {logging_mixin.py:137} INFO - [2022-11-25T06:22:35.061+0000] {dagbag.py:537} INFO - Filling up the DagBag from /home/airflow/.local/lib/python3.7/site-packages/airflow/example_dags/example_xcomargs.py
[2022-11-25T06:22:35.084+0000] {processor.py:766} INFO - DAG(s) dict_keys(['example_xcom_args', 'example_xcom_args_with_operators']) retrieved from /home/airflow/.local/lib/python3.7/site-packages/airflow/example_dags/example_xcomargs.py
[2022-11-25T06:22:35.128+0000] {logging_mixin.py:137} INFO - [2022-11-25T06:22:35.128+0000] {dag.py:2585} INFO - Sync 2 DAGs
[2022-11-25T06:22:35.145+0000] {logging_mixin.py:137} INFO - [2022-11-25T06:22:35.145+0000] {dag.py:3340} INFO - Setting next_dagrun for example_xcom_args to None, run_after=None
[2022-11-25T06:22:35.148+0000] {logging_mixin.py:137} INFO - [2022-11-25T06:22:35.148+0000] {dag.py:3340} INFO - Setting next_dagrun for example_xcom_args_with_operators to None, run_after=None
[2022-11-25T06:22:35.161+0000] {processor.py:176} INFO - Processing /home/airflow/.local/lib/python3.7/site-packages/airflow/example_dags/example_xcomargs.py took 0.106 seconds
[2022-11-25T06:23:05.643+0000] {processor.py:154} INFO - Started process (PID=397) to work on /home/airflow/.local/lib/python3.7/site-packages/airflow/example_dags/example_xcomargs.py
[2022-11-25T06:23:05.645+0000] {processor.py:756} INFO - Processing file /home/airflow/.local/lib/python3.7/site-packages/airflow/example_dags/example_xcomargs.py for tasks to queue
[2022-11-25T06:23:05.646+0000] {logging_mixin.py:137} INFO - [2022-11-25T06:23:05.646+0000] {dagbag.py:537} INFO - Filling up the DagBag from /home/airflow/.local/lib/python3.7/site-packages/airflow/example_dags/example_xcomargs.py
[2022-11-25T06:23:05.661+0000] {processor.py:766} INFO - DAG(s) dict_keys(['example_xcom_args_with_operators', 'example_xcom_args']) retrieved from /home/airflow/.local/lib/python3.7/site-packages/airflow/example_dags/example_xcomargs.py
[2022-11-25T06:23:05.689+0000] {logging_mixin.py:137} INFO - [2022-11-25T06:23:05.689+0000] {dag.py:2585} INFO - Sync 2 DAGs
[2022-11-25T06:23:05.703+0000] {logging_mixin.py:137} INFO - [2022-11-25T06:23:05.703+0000] {dag.py:3340} INFO - Setting next_dagrun for example_xcom_args to None, run_after=None
[2022-11-25T06:23:05.707+0000] {logging_mixin.py:137} INFO - [2022-11-25T06:23:05.706+0000] {dag.py:3340} INFO - Setting next_dagrun for example_xcom_args_with_operators to None, run_after=None
[2022-11-25T06:23:05.715+0000] {processor.py:176} INFO - Processing /home/airflow/.local/lib/python3.7/site-packages/airflow/example_dags/example_xcomargs.py took 0.074 seconds
[2022-11-25T06:23:36.076+0000] {processor.py:154} INFO - Started process (PID=465) to work on /home/airflow/.local/lib/python3.7/site-packages/airflow/example_dags/example_xcomargs.py
[2022-11-25T06:23:36.077+0000] {processor.py:756} INFO - Processing file /home/airflow/.local/lib/python3.7/site-packages/airflow/example_dags/example_xcomargs.py for tasks to queue
[2022-11-25T06:23:36.079+0000] {logging_mixin.py:137} INFO - [2022-11-25T06:23:36.079+0000] {dagbag.py:537} INFO - Filling up the DagBag from /home/airflow/.local/lib/python3.7/site-packages/airflow/example_dags/example_xcomargs.py
[2022-11-25T06:23:36.094+0000] {processor.py:766} INFO - DAG(s) dict_keys(['example_xcom_args', 'example_xcom_args_with_operators']) retrieved from /home/airflow/.local/lib/python3.7/site-packages/airflow/example_dags/example_xcomargs.py
[2022-11-25T06:23:36.121+0000] {logging_mixin.py:137} INFO - [2022-11-25T06:23:36.121+0000] {dag.py:2585} INFO - Sync 2 DAGs
[2022-11-25T06:23:36.135+0000] {logging_mixin.py:137} INFO - [2022-11-25T06:23:36.135+0000] {dag.py:3340} INFO - Setting next_dagrun for example_xcom_args to None, run_after=None
[2022-11-25T06:23:36.138+0000] {logging_mixin.py:137} INFO - [2022-11-25T06:23:36.138+0000] {dag.py:3340} INFO - Setting next_dagrun for example_xcom_args_with_operators to None, run_after=None
[2022-11-25T06:23:36.147+0000] {processor.py:176} INFO - Processing /home/airflow/.local/lib/python3.7/site-packages/airflow/example_dags/example_xcomargs.py took 0.074 seconds
[2022-11-25T06:24:06.852+0000] {processor.py:154} INFO - Started process (PID=524) to work on /home/airflow/.local/lib/python3.7/site-packages/airflow/example_dags/example_xcomargs.py
[2022-11-25T06:24:06.854+0000] {processor.py:756} INFO - Processing file /home/airflow/.local/lib/python3.7/site-packages/airflow/example_dags/example_xcomargs.py for tasks to queue
[2022-11-25T06:24:06.855+0000] {logging_mixin.py:137} INFO - [2022-11-25T06:24:06.855+0000] {dagbag.py:537} INFO - Filling up the DagBag from /home/airflow/.local/lib/python3.7/site-packages/airflow/example_dags/example_xcomargs.py
[2022-11-25T06:24:06.871+0000] {processor.py:766} INFO - DAG(s) dict_keys(['example_xcom_args_with_operators', 'example_xcom_args']) retrieved from /home/airflow/.local/lib/python3.7/site-packages/airflow/example_dags/example_xcomargs.py
[2022-11-25T06:24:06.901+0000] {logging_mixin.py:137} INFO - [2022-11-25T06:24:06.901+0000] {dag.py:2585} INFO - Sync 2 DAGs
[2022-11-25T06:24:06.917+0000] {logging_mixin.py:137} INFO - [2022-11-25T06:24:06.917+0000] {dag.py:3340} INFO - Setting next_dagrun for example_xcom_args to None, run_after=None
[2022-11-25T06:24:06.920+0000] {logging_mixin.py:137} INFO - [2022-11-25T06:24:06.920+0000] {dag.py:3340} INFO - Setting next_dagrun for example_xcom_args_with_operators to None, run_after=None
[2022-11-25T06:24:06.929+0000] {processor.py:176} INFO - Processing /home/airflow/.local/lib/python3.7/site-packages/airflow/example_dags/example_xcomargs.py took 0.080 seconds
[2022-11-25T06:24:39.083+0000] {processor.py:154} INFO - Started process (PID=591) to work on /home/airflow/.local/lib/python3.7/site-packages/airflow/example_dags/example_xcomargs.py
[2022-11-25T06:24:39.085+0000] {processor.py:756} INFO - Processing file /home/airflow/.local/lib/python3.7/site-packages/airflow/example_dags/example_xcomargs.py for tasks to queue
[2022-11-25T06:24:39.087+0000] {logging_mixin.py:137} INFO - [2022-11-25T06:24:39.087+0000] {dagbag.py:537} INFO - Filling up the DagBag from /home/airflow/.local/lib/python3.7/site-packages/airflow/example_dags/example_xcomargs.py
[2022-11-25T06:24:39.119+0000] {processor.py:766} INFO - DAG(s) dict_keys(['example_xcom_args', 'example_xcom_args_with_operators']) retrieved from /home/airflow/.local/lib/python3.7/site-packages/airflow/example_dags/example_xcomargs.py
[2022-11-25T06:24:39.161+0000] {logging_mixin.py:137} INFO - [2022-11-25T06:24:39.161+0000] {dag.py:2585} INFO - Sync 2 DAGs
[2022-11-25T06:24:39.181+0000] {logging_mixin.py:137} INFO - [2022-11-25T06:24:39.181+0000] {dag.py:3340} INFO - Setting next_dagrun for example_xcom_args to None, run_after=None
[2022-11-25T06:24:39.184+0000] {logging_mixin.py:137} INFO - [2022-11-25T06:24:39.184+0000] {dag.py:3340} INFO - Setting next_dagrun for example_xcom_args_with_operators to None, run_after=None
[2022-11-25T06:24:39.196+0000] {processor.py:176} INFO - Processing /home/airflow/.local/lib/python3.7/site-packages/airflow/example_dags/example_xcomargs.py took 0.123 seconds
