[2022-11-25T05:26:03.868+0000] {processor.py:154} INFO - Started process (PID=87) to work on /home/airflow/.local/lib/python3.7/site-packages/airflow/example_dags/example_short_circuit_decorator.py
[2022-11-25T05:26:03.883+0000] {processor.py:756} INFO - Processing file /home/airflow/.local/lib/python3.7/site-packages/airflow/example_dags/example_short_circuit_decorator.py for tasks to queue
[2022-11-25T05:26:03.918+0000] {logging_mixin.py:137} INFO - [2022-11-25T05:26:03.916+0000] {dagbag.py:537} INFO - Filling up the DagBag from /home/airflow/.local/lib/python3.7/site-packages/airflow/example_dags/example_short_circuit_decorator.py
[2022-11-25T05:26:06.182+0000] {processor.py:766} INFO - DAG(s) dict_keys(['example_short_circuit_decorator']) retrieved from /home/airflow/.local/lib/python3.7/site-packages/airflow/example_dags/example_short_circuit_decorator.py
[2022-11-25T05:26:09.107+0000] {logging_mixin.py:137} INFO - [2022-11-25T05:26:09.037+0000] {dag.py:2585} INFO - Sync 1 DAGs
[2022-11-25T05:26:11.411+0000] {logging_mixin.py:137} INFO - [2022-11-25T05:26:11.409+0000] {dag.py:3340} INFO - Setting next_dagrun for example_short_circuit_decorator to 2022-11-24T05:26:11.300280+00:00, run_after=2022-11-25T05:26:11.300280+00:00
[2022-11-25T05:26:14.805+0000] {processor.py:176} INFO - Processing /home/airflow/.local/lib/python3.7/site-packages/airflow/example_dags/example_short_circuit_decorator.py took 10.983 seconds
[2022-11-25T06:20:32.315+0000] {processor.py:154} INFO - Started process (PID=62) to work on /home/airflow/.local/lib/python3.7/site-packages/airflow/example_dags/example_short_circuit_decorator.py
[2022-11-25T06:20:32.317+0000] {processor.py:756} INFO - Processing file /home/airflow/.local/lib/python3.7/site-packages/airflow/example_dags/example_short_circuit_decorator.py for tasks to queue
[2022-11-25T06:20:32.318+0000] {logging_mixin.py:137} INFO - [2022-11-25T06:20:32.318+0000] {dagbag.py:537} INFO - Filling up the DagBag from /home/airflow/.local/lib/python3.7/site-packages/airflow/example_dags/example_short_circuit_decorator.py
[2022-11-25T06:20:32.343+0000] {processor.py:766} INFO - DAG(s) dict_keys(['example_short_circuit_decorator']) retrieved from /home/airflow/.local/lib/python3.7/site-packages/airflow/example_dags/example_short_circuit_decorator.py
[2022-11-25T06:20:32.440+0000] {logging_mixin.py:137} INFO - [2022-11-25T06:20:32.440+0000] {manager.py:507} INFO - Created Permission View: can read on DAG:example_short_circuit_decorator
[2022-11-25T06:20:32.447+0000] {logging_mixin.py:137} INFO - [2022-11-25T06:20:32.447+0000] {manager.py:507} INFO - Created Permission View: can edit on DAG:example_short_circuit_decorator
[2022-11-25T06:20:32.452+0000] {logging_mixin.py:137} INFO - [2022-11-25T06:20:32.452+0000] {manager.py:507} INFO - Created Permission View: can delete on DAG:example_short_circuit_decorator
[2022-11-25T06:20:32.453+0000] {logging_mixin.py:137} INFO - [2022-11-25T06:20:32.453+0000] {dag.py:2585} INFO - Sync 1 DAGs
[2022-11-25T06:20:32.462+0000] {logging_mixin.py:137} INFO - [2022-11-25T06:20:32.462+0000] {dag.py:2606} INFO - Creating ORM DAG for example_short_circuit_decorator
[2022-11-25T06:20:32.471+0000] {logging_mixin.py:137} INFO - [2022-11-25T06:20:32.470+0000] {dag.py:3340} INFO - Setting next_dagrun for example_short_circuit_decorator to 2022-11-24T06:20:32.470792+00:00, run_after=2022-11-25T06:20:32.470792+00:00
[2022-11-25T06:20:32.483+0000] {processor.py:176} INFO - Processing /home/airflow/.local/lib/python3.7/site-packages/airflow/example_dags/example_short_circuit_decorator.py took 0.170 seconds
[2022-11-25T06:21:02.674+0000] {processor.py:154} INFO - Started process (PID=130) to work on /home/airflow/.local/lib/python3.7/site-packages/airflow/example_dags/example_short_circuit_decorator.py
[2022-11-25T06:21:02.675+0000] {processor.py:756} INFO - Processing file /home/airflow/.local/lib/python3.7/site-packages/airflow/example_dags/example_short_circuit_decorator.py for tasks to queue
[2022-11-25T06:21:02.677+0000] {logging_mixin.py:137} INFO - [2022-11-25T06:21:02.677+0000] {dagbag.py:537} INFO - Filling up the DagBag from /home/airflow/.local/lib/python3.7/site-packages/airflow/example_dags/example_short_circuit_decorator.py
[2022-11-25T06:21:02.693+0000] {processor.py:766} INFO - DAG(s) dict_keys(['example_short_circuit_decorator']) retrieved from /home/airflow/.local/lib/python3.7/site-packages/airflow/example_dags/example_short_circuit_decorator.py
[2022-11-25T06:21:02.720+0000] {logging_mixin.py:137} INFO - [2022-11-25T06:21:02.720+0000] {dag.py:2585} INFO - Sync 1 DAGs
[2022-11-25T06:21:02.738+0000] {logging_mixin.py:137} INFO - [2022-11-25T06:21:02.738+0000] {dag.py:3340} INFO - Setting next_dagrun for example_short_circuit_decorator to 2022-11-24T06:21:02.738373+00:00, run_after=2022-11-25T06:21:02.738373+00:00
[2022-11-25T06:21:02.750+0000] {processor.py:176} INFO - Processing /home/airflow/.local/lib/python3.7/site-packages/airflow/example_dags/example_short_circuit_decorator.py took 0.078 seconds
[2022-11-25T06:21:33.681+0000] {processor.py:154} INFO - Started process (PID=199) to work on /home/airflow/.local/lib/python3.7/site-packages/airflow/example_dags/example_short_circuit_decorator.py
[2022-11-25T06:21:33.683+0000] {processor.py:756} INFO - Processing file /home/airflow/.local/lib/python3.7/site-packages/airflow/example_dags/example_short_circuit_decorator.py for tasks to queue
[2022-11-25T06:21:33.684+0000] {logging_mixin.py:137} INFO - [2022-11-25T06:21:33.684+0000] {dagbag.py:537} INFO - Filling up the DagBag from /home/airflow/.local/lib/python3.7/site-packages/airflow/example_dags/example_short_circuit_decorator.py
[2022-11-25T06:21:33.700+0000] {processor.py:766} INFO - DAG(s) dict_keys(['example_short_circuit_decorator']) retrieved from /home/airflow/.local/lib/python3.7/site-packages/airflow/example_dags/example_short_circuit_decorator.py
[2022-11-25T06:21:33.734+0000] {logging_mixin.py:137} INFO - [2022-11-25T06:21:33.734+0000] {dag.py:2585} INFO - Sync 1 DAGs
[2022-11-25T06:21:33.751+0000] {logging_mixin.py:137} INFO - [2022-11-25T06:21:33.750+0000] {dag.py:3340} INFO - Setting next_dagrun for example_short_circuit_decorator to 2022-11-24T06:21:33.750549+00:00, run_after=2022-11-25T06:21:33.750549+00:00
[2022-11-25T06:21:33.763+0000] {processor.py:176} INFO - Processing /home/airflow/.local/lib/python3.7/site-packages/airflow/example_dags/example_short_circuit_decorator.py took 0.084 seconds
[2022-11-25T06:22:03.891+0000] {processor.py:154} INFO - Started process (PID=259) to work on /home/airflow/.local/lib/python3.7/site-packages/airflow/example_dags/example_short_circuit_decorator.py
[2022-11-25T06:22:03.893+0000] {processor.py:756} INFO - Processing file /home/airflow/.local/lib/python3.7/site-packages/airflow/example_dags/example_short_circuit_decorator.py for tasks to queue
[2022-11-25T06:22:03.894+0000] {logging_mixin.py:137} INFO - [2022-11-25T06:22:03.894+0000] {dagbag.py:537} INFO - Filling up the DagBag from /home/airflow/.local/lib/python3.7/site-packages/airflow/example_dags/example_short_circuit_decorator.py
[2022-11-25T06:22:03.909+0000] {processor.py:766} INFO - DAG(s) dict_keys(['example_short_circuit_decorator']) retrieved from /home/airflow/.local/lib/python3.7/site-packages/airflow/example_dags/example_short_circuit_decorator.py
[2022-11-25T06:22:03.925+0000] {logging_mixin.py:137} INFO - [2022-11-25T06:22:03.925+0000] {dag.py:2585} INFO - Sync 1 DAGs
[2022-11-25T06:22:03.940+0000] {logging_mixin.py:137} INFO - [2022-11-25T06:22:03.940+0000] {dag.py:3340} INFO - Setting next_dagrun for example_short_circuit_decorator to 2022-11-24T06:22:03.940186+00:00, run_after=2022-11-25T06:22:03.940186+00:00
[2022-11-25T06:22:03.950+0000] {processor.py:176} INFO - Processing /home/airflow/.local/lib/python3.7/site-packages/airflow/example_dags/example_short_circuit_decorator.py took 0.061 seconds
[2022-11-25T06:22:34.855+0000] {processor.py:154} INFO - Started process (PID=327) to work on /home/airflow/.local/lib/python3.7/site-packages/airflow/example_dags/example_short_circuit_decorator.py
[2022-11-25T06:22:34.857+0000] {processor.py:756} INFO - Processing file /home/airflow/.local/lib/python3.7/site-packages/airflow/example_dags/example_short_circuit_decorator.py for tasks to queue
[2022-11-25T06:22:34.862+0000] {logging_mixin.py:137} INFO - [2022-11-25T06:22:34.862+0000] {dagbag.py:537} INFO - Filling up the DagBag from /home/airflow/.local/lib/python3.7/site-packages/airflow/example_dags/example_short_circuit_decorator.py
[2022-11-25T06:22:34.880+0000] {processor.py:766} INFO - DAG(s) dict_keys(['example_short_circuit_decorator']) retrieved from /home/airflow/.local/lib/python3.7/site-packages/airflow/example_dags/example_short_circuit_decorator.py
[2022-11-25T06:22:34.919+0000] {logging_mixin.py:137} INFO - [2022-11-25T06:22:34.919+0000] {dag.py:2585} INFO - Sync 1 DAGs
[2022-11-25T06:22:34.942+0000] {logging_mixin.py:137} INFO - [2022-11-25T06:22:34.942+0000] {dag.py:3340} INFO - Setting next_dagrun for example_short_circuit_decorator to 2022-11-24T06:22:34.938418+00:00, run_after=2022-11-25T06:22:34.938418+00:00
[2022-11-25T06:22:34.960+0000] {processor.py:176} INFO - Processing /home/airflow/.local/lib/python3.7/site-packages/airflow/example_dags/example_short_circuit_decorator.py took 0.108 seconds
[2022-11-25T06:23:05.480+0000] {processor.py:154} INFO - Started process (PID=394) to work on /home/airflow/.local/lib/python3.7/site-packages/airflow/example_dags/example_short_circuit_decorator.py
[2022-11-25T06:23:05.482+0000] {processor.py:756} INFO - Processing file /home/airflow/.local/lib/python3.7/site-packages/airflow/example_dags/example_short_circuit_decorator.py for tasks to queue
[2022-11-25T06:23:05.483+0000] {logging_mixin.py:137} INFO - [2022-11-25T06:23:05.483+0000] {dagbag.py:537} INFO - Filling up the DagBag from /home/airflow/.local/lib/python3.7/site-packages/airflow/example_dags/example_short_circuit_decorator.py
[2022-11-25T06:23:05.498+0000] {processor.py:766} INFO - DAG(s) dict_keys(['example_short_circuit_decorator']) retrieved from /home/airflow/.local/lib/python3.7/site-packages/airflow/example_dags/example_short_circuit_decorator.py
[2022-11-25T06:23:05.529+0000] {logging_mixin.py:137} INFO - [2022-11-25T06:23:05.529+0000] {dag.py:2585} INFO - Sync 1 DAGs
[2022-11-25T06:23:05.546+0000] {logging_mixin.py:137} INFO - [2022-11-25T06:23:05.546+0000] {dag.py:3340} INFO - Setting next_dagrun for example_short_circuit_decorator to 2022-11-24T06:23:05.545882+00:00, run_after=2022-11-25T06:23:05.545882+00:00
[2022-11-25T06:23:05.557+0000] {processor.py:176} INFO - Processing /home/airflow/.local/lib/python3.7/site-packages/airflow/example_dags/example_short_circuit_decorator.py took 0.080 seconds
[2022-11-25T06:23:35.881+0000] {processor.py:154} INFO - Started process (PID=462) to work on /home/airflow/.local/lib/python3.7/site-packages/airflow/example_dags/example_short_circuit_decorator.py
[2022-11-25T06:23:35.882+0000] {processor.py:756} INFO - Processing file /home/airflow/.local/lib/python3.7/site-packages/airflow/example_dags/example_short_circuit_decorator.py for tasks to queue
[2022-11-25T06:23:35.883+0000] {logging_mixin.py:137} INFO - [2022-11-25T06:23:35.883+0000] {dagbag.py:537} INFO - Filling up the DagBag from /home/airflow/.local/lib/python3.7/site-packages/airflow/example_dags/example_short_circuit_decorator.py
[2022-11-25T06:23:35.898+0000] {processor.py:766} INFO - DAG(s) dict_keys(['example_short_circuit_decorator']) retrieved from /home/airflow/.local/lib/python3.7/site-packages/airflow/example_dags/example_short_circuit_decorator.py
[2022-11-25T06:23:35.925+0000] {logging_mixin.py:137} INFO - [2022-11-25T06:23:35.925+0000] {dag.py:2585} INFO - Sync 1 DAGs
[2022-11-25T06:23:35.942+0000] {logging_mixin.py:137} INFO - [2022-11-25T06:23:35.942+0000] {dag.py:3340} INFO - Setting next_dagrun for example_short_circuit_decorator to 2022-11-24T06:23:35.942196+00:00, run_after=2022-11-25T06:23:35.942196+00:00
[2022-11-25T06:23:35.955+0000] {processor.py:176} INFO - Processing /home/airflow/.local/lib/python3.7/site-packages/airflow/example_dags/example_short_circuit_decorator.py took 0.077 seconds
[2022-11-25T06:24:06.723+0000] {processor.py:154} INFO - Started process (PID=521) to work on /home/airflow/.local/lib/python3.7/site-packages/airflow/example_dags/example_short_circuit_decorator.py
[2022-11-25T06:24:06.725+0000] {processor.py:756} INFO - Processing file /home/airflow/.local/lib/python3.7/site-packages/airflow/example_dags/example_short_circuit_decorator.py for tasks to queue
[2022-11-25T06:24:06.726+0000] {logging_mixin.py:137} INFO - [2022-11-25T06:24:06.726+0000] {dagbag.py:537} INFO - Filling up the DagBag from /home/airflow/.local/lib/python3.7/site-packages/airflow/example_dags/example_short_circuit_decorator.py
[2022-11-25T06:24:06.742+0000] {processor.py:766} INFO - DAG(s) dict_keys(['example_short_circuit_decorator']) retrieved from /home/airflow/.local/lib/python3.7/site-packages/airflow/example_dags/example_short_circuit_decorator.py
[2022-11-25T06:24:06.769+0000] {logging_mixin.py:137} INFO - [2022-11-25T06:24:06.769+0000] {dag.py:2585} INFO - Sync 1 DAGs
[2022-11-25T06:24:06.784+0000] {logging_mixin.py:137} INFO - [2022-11-25T06:24:06.784+0000] {dag.py:3340} INFO - Setting next_dagrun for example_short_circuit_decorator to 2022-11-24T06:24:06.784446+00:00, run_after=2022-11-25T06:24:06.784446+00:00
[2022-11-25T06:24:06.796+0000] {processor.py:176} INFO - Processing /home/airflow/.local/lib/python3.7/site-packages/airflow/example_dags/example_short_circuit_decorator.py took 0.075 seconds
[2022-11-25T06:24:38.871+0000] {processor.py:154} INFO - Started process (PID=588) to work on /home/airflow/.local/lib/python3.7/site-packages/airflow/example_dags/example_short_circuit_decorator.py
[2022-11-25T06:24:38.873+0000] {processor.py:756} INFO - Processing file /home/airflow/.local/lib/python3.7/site-packages/airflow/example_dags/example_short_circuit_decorator.py for tasks to queue
[2022-11-25T06:24:38.875+0000] {logging_mixin.py:137} INFO - [2022-11-25T06:24:38.874+0000] {dagbag.py:537} INFO - Filling up the DagBag from /home/airflow/.local/lib/python3.7/site-packages/airflow/example_dags/example_short_circuit_decorator.py
[2022-11-25T06:24:38.898+0000] {processor.py:766} INFO - DAG(s) dict_keys(['example_short_circuit_decorator']) retrieved from /home/airflow/.local/lib/python3.7/site-packages/airflow/example_dags/example_short_circuit_decorator.py
[2022-11-25T06:24:38.949+0000] {logging_mixin.py:137} INFO - [2022-11-25T06:24:38.949+0000] {dag.py:2585} INFO - Sync 1 DAGs
[2022-11-25T06:24:38.975+0000] {logging_mixin.py:137} INFO - [2022-11-25T06:24:38.975+0000] {dag.py:3340} INFO - Setting next_dagrun for example_short_circuit_decorator to 2022-11-24T06:24:38.974761+00:00, run_after=2022-11-25T06:24:38.974761+00:00
[2022-11-25T06:24:39.001+0000] {processor.py:176} INFO - Processing /home/airflow/.local/lib/python3.7/site-packages/airflow/example_dags/example_short_circuit_decorator.py took 0.137 seconds
