[2022-11-25T05:26:41.575+0000] {processor.py:154} INFO - Started process (PID=107) to work on /home/airflow/.local/lib/python3.7/site-packages/airflow/example_dags/example_latest_only_with_trigger.py
[2022-11-25T05:26:41.732+0000] {processor.py:756} INFO - Processing file /home/airflow/.local/lib/python3.7/site-packages/airflow/example_dags/example_latest_only_with_trigger.py for tasks to queue
[2022-11-25T05:26:41.963+0000] {logging_mixin.py:137} INFO - [2022-11-25T05:26:41.897+0000] {dagbag.py:537} INFO - Filling up the DagBag from /home/airflow/.local/lib/python3.7/site-packages/airflow/example_dags/example_latest_only_with_trigger.py
[2022-11-25T05:26:46.760+0000] {processor.py:766} INFO - DAG(s) dict_keys(['latest_only_with_trigger']) retrieved from /home/airflow/.local/lib/python3.7/site-packages/airflow/example_dags/example_latest_only_with_trigger.py
[2022-11-25T05:27:03.808+0000] {logging_mixin.py:137} INFO - [2022-11-25T05:27:02.727+0000] {dag.py:2585} INFO - Sync 1 DAGs
[2022-11-25T05:27:08.471+0000] {logging_mixin.py:137} INFO - [2022-11-25T05:27:08.417+0000] {dag.py:3340} INFO - Setting next_dagrun for latest_only_with_trigger to 2022-11-25T01:27:08.348213+00:00, run_after=2022-11-25T05:27:08.348213+00:00
[2022-11-25T05:27:17.272+0000] {processor.py:176} INFO - Processing /home/airflow/.local/lib/python3.7/site-packages/airflow/example_dags/example_latest_only_with_trigger.py took 36.355 seconds
[2022-11-25T06:20:32.703+0000] {processor.py:154} INFO - Started process (PID=66) to work on /home/airflow/.local/lib/python3.7/site-packages/airflow/example_dags/example_latest_only_with_trigger.py
[2022-11-25T06:20:32.705+0000] {processor.py:756} INFO - Processing file /home/airflow/.local/lib/python3.7/site-packages/airflow/example_dags/example_latest_only_with_trigger.py for tasks to queue
[2022-11-25T06:20:32.706+0000] {logging_mixin.py:137} INFO - [2022-11-25T06:20:32.706+0000] {dagbag.py:537} INFO - Filling up the DagBag from /home/airflow/.local/lib/python3.7/site-packages/airflow/example_dags/example_latest_only_with_trigger.py
[2022-11-25T06:20:32.721+0000] {processor.py:766} INFO - DAG(s) dict_keys(['latest_only_with_trigger']) retrieved from /home/airflow/.local/lib/python3.7/site-packages/airflow/example_dags/example_latest_only_with_trigger.py
[2022-11-25T06:20:32.845+0000] {logging_mixin.py:137} INFO - [2022-11-25T06:20:32.845+0000] {manager.py:507} INFO - Created Permission View: can read on DAG:latest_only_with_trigger
[2022-11-25T06:20:32.861+0000] {logging_mixin.py:137} INFO - [2022-11-25T06:20:32.861+0000] {manager.py:507} INFO - Created Permission View: can edit on DAG:latest_only_with_trigger
[2022-11-25T06:20:32.867+0000] {logging_mixin.py:137} INFO - [2022-11-25T06:20:32.867+0000] {manager.py:507} INFO - Created Permission View: can delete on DAG:latest_only_with_trigger
[2022-11-25T06:20:32.869+0000] {logging_mixin.py:137} INFO - [2022-11-25T06:20:32.869+0000] {dag.py:2585} INFO - Sync 1 DAGs
[2022-11-25T06:20:32.886+0000] {logging_mixin.py:137} INFO - [2022-11-25T06:20:32.885+0000] {dag.py:2606} INFO - Creating ORM DAG for latest_only_with_trigger
[2022-11-25T06:20:32.898+0000] {logging_mixin.py:137} INFO - [2022-11-25T06:20:32.898+0000] {dag.py:3340} INFO - Setting next_dagrun for latest_only_with_trigger to 2022-11-25T02:20:32.898615+00:00, run_after=2022-11-25T06:20:32.898615+00:00
[2022-11-25T06:20:32.913+0000] {processor.py:176} INFO - Processing /home/airflow/.local/lib/python3.7/site-packages/airflow/example_dags/example_latest_only_with_trigger.py took 0.212 seconds
[2022-11-25T06:21:03.894+0000] {processor.py:154} INFO - Started process (PID=134) to work on /home/airflow/.local/lib/python3.7/site-packages/airflow/example_dags/example_latest_only_with_trigger.py
[2022-11-25T06:21:03.896+0000] {processor.py:756} INFO - Processing file /home/airflow/.local/lib/python3.7/site-packages/airflow/example_dags/example_latest_only_with_trigger.py for tasks to queue
[2022-11-25T06:21:03.897+0000] {logging_mixin.py:137} INFO - [2022-11-25T06:21:03.897+0000] {dagbag.py:537} INFO - Filling up the DagBag from /home/airflow/.local/lib/python3.7/site-packages/airflow/example_dags/example_latest_only_with_trigger.py
[2022-11-25T06:21:03.912+0000] {processor.py:766} INFO - DAG(s) dict_keys(['latest_only_with_trigger']) retrieved from /home/airflow/.local/lib/python3.7/site-packages/airflow/example_dags/example_latest_only_with_trigger.py
[2022-11-25T06:21:03.960+0000] {logging_mixin.py:137} INFO - [2022-11-25T06:21:03.960+0000] {dag.py:2585} INFO - Sync 1 DAGs
[2022-11-25T06:21:03.991+0000] {logging_mixin.py:137} INFO - [2022-11-25T06:21:03.991+0000] {dag.py:3340} INFO - Setting next_dagrun for latest_only_with_trigger to 2022-11-25T02:21:03.991167+00:00, run_after=2022-11-25T06:21:03.991167+00:00
[2022-11-25T06:21:04.017+0000] {processor.py:176} INFO - Processing /home/airflow/.local/lib/python3.7/site-packages/airflow/example_dags/example_latest_only_with_trigger.py took 0.128 seconds
[2022-11-25T06:21:34.929+0000] {processor.py:154} INFO - Started process (PID=203) to work on /home/airflow/.local/lib/python3.7/site-packages/airflow/example_dags/example_latest_only_with_trigger.py
[2022-11-25T06:21:34.932+0000] {processor.py:756} INFO - Processing file /home/airflow/.local/lib/python3.7/site-packages/airflow/example_dags/example_latest_only_with_trigger.py for tasks to queue
[2022-11-25T06:21:34.935+0000] {logging_mixin.py:137} INFO - [2022-11-25T06:21:34.935+0000] {dagbag.py:537} INFO - Filling up the DagBag from /home/airflow/.local/lib/python3.7/site-packages/airflow/example_dags/example_latest_only_with_trigger.py
[2022-11-25T06:21:34.956+0000] {processor.py:766} INFO - DAG(s) dict_keys(['latest_only_with_trigger']) retrieved from /home/airflow/.local/lib/python3.7/site-packages/airflow/example_dags/example_latest_only_with_trigger.py
[2022-11-25T06:21:34.989+0000] {logging_mixin.py:137} INFO - [2022-11-25T06:21:34.989+0000] {dag.py:2585} INFO - Sync 1 DAGs
[2022-11-25T06:21:35.008+0000] {logging_mixin.py:137} INFO - [2022-11-25T06:21:35.008+0000] {dag.py:3340} INFO - Setting next_dagrun for latest_only_with_trigger to 2022-11-25T02:21:35.007904+00:00, run_after=2022-11-25T06:21:35.007904+00:00
[2022-11-25T06:21:35.022+0000] {processor.py:176} INFO - Processing /home/airflow/.local/lib/python3.7/site-packages/airflow/example_dags/example_latest_only_with_trigger.py took 0.101 seconds
[2022-11-25T06:22:05.117+0000] {processor.py:154} INFO - Started process (PID=263) to work on /home/airflow/.local/lib/python3.7/site-packages/airflow/example_dags/example_latest_only_with_trigger.py
[2022-11-25T06:22:05.122+0000] {processor.py:756} INFO - Processing file /home/airflow/.local/lib/python3.7/site-packages/airflow/example_dags/example_latest_only_with_trigger.py for tasks to queue
[2022-11-25T06:22:05.125+0000] {logging_mixin.py:137} INFO - [2022-11-25T06:22:05.125+0000] {dagbag.py:537} INFO - Filling up the DagBag from /home/airflow/.local/lib/python3.7/site-packages/airflow/example_dags/example_latest_only_with_trigger.py
[2022-11-25T06:22:05.145+0000] {processor.py:766} INFO - DAG(s) dict_keys(['latest_only_with_trigger']) retrieved from /home/airflow/.local/lib/python3.7/site-packages/airflow/example_dags/example_latest_only_with_trigger.py
[2022-11-25T06:22:05.187+0000] {logging_mixin.py:137} INFO - [2022-11-25T06:22:05.187+0000] {dag.py:2585} INFO - Sync 1 DAGs
[2022-11-25T06:22:05.211+0000] {logging_mixin.py:137} INFO - [2022-11-25T06:22:05.211+0000] {dag.py:3340} INFO - Setting next_dagrun for latest_only_with_trigger to 2022-11-25T02:22:05.210826+00:00, run_after=2022-11-25T06:22:05.210826+00:00
[2022-11-25T06:22:05.233+0000] {processor.py:176} INFO - Processing /home/airflow/.local/lib/python3.7/site-packages/airflow/example_dags/example_latest_only_with_trigger.py took 0.123 seconds
[2022-11-25T06:22:36.170+0000] {processor.py:154} INFO - Started process (PID=331) to work on /home/airflow/.local/lib/python3.7/site-packages/airflow/example_dags/example_latest_only_with_trigger.py
[2022-11-25T06:22:36.174+0000] {processor.py:756} INFO - Processing file /home/airflow/.local/lib/python3.7/site-packages/airflow/example_dags/example_latest_only_with_trigger.py for tasks to queue
[2022-11-25T06:22:36.177+0000] {logging_mixin.py:137} INFO - [2022-11-25T06:22:36.176+0000] {dagbag.py:537} INFO - Filling up the DagBag from /home/airflow/.local/lib/python3.7/site-packages/airflow/example_dags/example_latest_only_with_trigger.py
[2022-11-25T06:22:36.194+0000] {processor.py:766} INFO - DAG(s) dict_keys(['latest_only_with_trigger']) retrieved from /home/airflow/.local/lib/python3.7/site-packages/airflow/example_dags/example_latest_only_with_trigger.py
[2022-11-25T06:22:36.233+0000] {logging_mixin.py:137} INFO - [2022-11-25T06:22:36.233+0000] {dag.py:2585} INFO - Sync 1 DAGs
[2022-11-25T06:22:36.250+0000] {logging_mixin.py:137} INFO - [2022-11-25T06:22:36.250+0000] {dag.py:3340} INFO - Setting next_dagrun for latest_only_with_trigger to 2022-11-25T02:22:36.250388+00:00, run_after=2022-11-25T06:22:36.250388+00:00
[2022-11-25T06:22:36.263+0000] {processor.py:176} INFO - Processing /home/airflow/.local/lib/python3.7/site-packages/airflow/example_dags/example_latest_only_with_trigger.py took 0.102 seconds
[2022-11-25T06:23:06.709+0000] {processor.py:154} INFO - Started process (PID=398) to work on /home/airflow/.local/lib/python3.7/site-packages/airflow/example_dags/example_latest_only_with_trigger.py
[2022-11-25T06:23:06.712+0000] {processor.py:756} INFO - Processing file /home/airflow/.local/lib/python3.7/site-packages/airflow/example_dags/example_latest_only_with_trigger.py for tasks to queue
[2022-11-25T06:23:06.714+0000] {logging_mixin.py:137} INFO - [2022-11-25T06:23:06.713+0000] {dagbag.py:537} INFO - Filling up the DagBag from /home/airflow/.local/lib/python3.7/site-packages/airflow/example_dags/example_latest_only_with_trigger.py
[2022-11-25T06:23:06.729+0000] {processor.py:766} INFO - DAG(s) dict_keys(['latest_only_with_trigger']) retrieved from /home/airflow/.local/lib/python3.7/site-packages/airflow/example_dags/example_latest_only_with_trigger.py
[2022-11-25T06:23:06.764+0000] {logging_mixin.py:137} INFO - [2022-11-25T06:23:06.764+0000] {dag.py:2585} INFO - Sync 1 DAGs
[2022-11-25T06:23:06.782+0000] {logging_mixin.py:137} INFO - [2022-11-25T06:23:06.782+0000] {dag.py:3340} INFO - Setting next_dagrun for latest_only_with_trigger to 2022-11-25T02:23:06.782086+00:00, run_after=2022-11-25T06:23:06.782086+00:00
[2022-11-25T06:23:06.794+0000] {processor.py:176} INFO - Processing /home/airflow/.local/lib/python3.7/site-packages/airflow/example_dags/example_latest_only_with_trigger.py took 0.089 seconds
[2022-11-25T06:23:37.136+0000] {processor.py:154} INFO - Started process (PID=466) to work on /home/airflow/.local/lib/python3.7/site-packages/airflow/example_dags/example_latest_only_with_trigger.py
[2022-11-25T06:23:37.139+0000] {processor.py:756} INFO - Processing file /home/airflow/.local/lib/python3.7/site-packages/airflow/example_dags/example_latest_only_with_trigger.py for tasks to queue
[2022-11-25T06:23:37.142+0000] {logging_mixin.py:137} INFO - [2022-11-25T06:23:37.142+0000] {dagbag.py:537} INFO - Filling up the DagBag from /home/airflow/.local/lib/python3.7/site-packages/airflow/example_dags/example_latest_only_with_trigger.py
[2022-11-25T06:23:37.158+0000] {processor.py:766} INFO - DAG(s) dict_keys(['latest_only_with_trigger']) retrieved from /home/airflow/.local/lib/python3.7/site-packages/airflow/example_dags/example_latest_only_with_trigger.py
[2022-11-25T06:23:37.188+0000] {logging_mixin.py:137} INFO - [2022-11-25T06:23:37.187+0000] {dag.py:2585} INFO - Sync 1 DAGs
[2022-11-25T06:23:37.204+0000] {logging_mixin.py:137} INFO - [2022-11-25T06:23:37.204+0000] {dag.py:3340} INFO - Setting next_dagrun for latest_only_with_trigger to 2022-11-25T02:23:37.204049+00:00, run_after=2022-11-25T06:23:37.204049+00:00
[2022-11-25T06:23:37.217+0000] {processor.py:176} INFO - Processing /home/airflow/.local/lib/python3.7/site-packages/airflow/example_dags/example_latest_only_with_trigger.py took 0.086 seconds
[2022-11-25T06:24:08.024+0000] {processor.py:154} INFO - Started process (PID=534) to work on /home/airflow/.local/lib/python3.7/site-packages/airflow/example_dags/example_latest_only_with_trigger.py
[2022-11-25T06:24:08.030+0000] {processor.py:756} INFO - Processing file /home/airflow/.local/lib/python3.7/site-packages/airflow/example_dags/example_latest_only_with_trigger.py for tasks to queue
[2022-11-25T06:24:08.034+0000] {logging_mixin.py:137} INFO - [2022-11-25T06:24:08.032+0000] {dagbag.py:537} INFO - Filling up the DagBag from /home/airflow/.local/lib/python3.7/site-packages/airflow/example_dags/example_latest_only_with_trigger.py
[2022-11-25T06:24:08.092+0000] {processor.py:766} INFO - DAG(s) dict_keys(['latest_only_with_trigger']) retrieved from /home/airflow/.local/lib/python3.7/site-packages/airflow/example_dags/example_latest_only_with_trigger.py
[2022-11-25T06:24:08.189+0000] {logging_mixin.py:137} INFO - [2022-11-25T06:24:08.189+0000] {dag.py:2585} INFO - Sync 1 DAGs
[2022-11-25T06:24:08.220+0000] {logging_mixin.py:137} INFO - [2022-11-25T06:24:08.220+0000] {dag.py:3340} INFO - Setting next_dagrun for latest_only_with_trigger to 2022-11-25T02:24:08.220352+00:00, run_after=2022-11-25T06:24:08.220352+00:00
[2022-11-25T06:24:08.235+0000] {processor.py:176} INFO - Processing /home/airflow/.local/lib/python3.7/site-packages/airflow/example_dags/example_latest_only_with_trigger.py took 0.227 seconds
[2022-11-25T06:24:39.201+0000] {processor.py:154} INFO - Started process (PID=592) to work on /home/airflow/.local/lib/python3.7/site-packages/airflow/example_dags/example_latest_only_with_trigger.py
[2022-11-25T06:24:39.203+0000] {processor.py:756} INFO - Processing file /home/airflow/.local/lib/python3.7/site-packages/airflow/example_dags/example_latest_only_with_trigger.py for tasks to queue
[2022-11-25T06:24:39.204+0000] {logging_mixin.py:137} INFO - [2022-11-25T06:24:39.204+0000] {dagbag.py:537} INFO - Filling up the DagBag from /home/airflow/.local/lib/python3.7/site-packages/airflow/example_dags/example_latest_only_with_trigger.py
[2022-11-25T06:24:39.216+0000] {processor.py:766} INFO - DAG(s) dict_keys(['latest_only_with_trigger']) retrieved from /home/airflow/.local/lib/python3.7/site-packages/airflow/example_dags/example_latest_only_with_trigger.py
[2022-11-25T06:24:39.248+0000] {logging_mixin.py:137} INFO - [2022-11-25T06:24:39.248+0000] {dag.py:2585} INFO - Sync 1 DAGs
[2022-11-25T06:24:39.264+0000] {logging_mixin.py:137} INFO - [2022-11-25T06:24:39.264+0000] {dag.py:3340} INFO - Setting next_dagrun for latest_only_with_trigger to 2022-11-25T02:24:39.264426+00:00, run_after=2022-11-25T06:24:39.264426+00:00
[2022-11-25T06:24:39.278+0000] {processor.py:176} INFO - Processing /home/airflow/.local/lib/python3.7/site-packages/airflow/example_dags/example_latest_only_with_trigger.py took 0.079 seconds
