[2022-11-25T05:27:42.028+0000] {processor.py:154} INFO - Started process (PID=127) to work on /home/airflow/.local/lib/python3.7/site-packages/airflow/example_dags/example_branch_operator.py
[2022-11-25T05:27:48.202+0000] {processor.py:756} INFO - Processing file /home/airflow/.local/lib/python3.7/site-packages/airflow/example_dags/example_branch_operator.py for tasks to queue
[2022-11-25T05:27:49.458+0000] {logging_mixin.py:137} INFO - [2022-11-25T05:27:49.328+0000] {dagbag.py:537} INFO - Filling up the DagBag from /home/airflow/.local/lib/python3.7/site-packages/airflow/example_dags/example_branch_operator.py
[2022-11-25T06:20:32.944+0000] {processor.py:154} INFO - Started process (PID=68) to work on /home/airflow/.local/lib/python3.7/site-packages/airflow/example_dags/example_branch_operator.py
[2022-11-25T06:20:32.946+0000] {processor.py:756} INFO - Processing file /home/airflow/.local/lib/python3.7/site-packages/airflow/example_dags/example_branch_operator.py for tasks to queue
[2022-11-25T06:20:32.947+0000] {logging_mixin.py:137} INFO - [2022-11-25T06:20:32.947+0000] {dagbag.py:537} INFO - Filling up the DagBag from /home/airflow/.local/lib/python3.7/site-packages/airflow/example_dags/example_branch_operator.py
[2022-11-25T06:20:32.962+0000] {processor.py:766} INFO - DAG(s) dict_keys(['example_branch_operator']) retrieved from /home/airflow/.local/lib/python3.7/site-packages/airflow/example_dags/example_branch_operator.py
[2022-11-25T06:20:33.063+0000] {logging_mixin.py:137} INFO - [2022-11-25T06:20:33.063+0000] {manager.py:507} INFO - Created Permission View: can read on DAG:example_branch_operator
[2022-11-25T06:20:33.070+0000] {logging_mixin.py:137} INFO - [2022-11-25T06:20:33.070+0000] {manager.py:507} INFO - Created Permission View: can edit on DAG:example_branch_operator
[2022-11-25T06:20:33.075+0000] {logging_mixin.py:137} INFO - [2022-11-25T06:20:33.074+0000] {manager.py:507} INFO - Created Permission View: can delete on DAG:example_branch_operator
[2022-11-25T06:20:33.075+0000] {logging_mixin.py:137} INFO - [2022-11-25T06:20:33.075+0000] {dag.py:2585} INFO - Sync 1 DAGs
[2022-11-25T06:20:33.084+0000] {logging_mixin.py:137} INFO - [2022-11-25T06:20:33.084+0000] {dag.py:2606} INFO - Creating ORM DAG for example_branch_operator
[2022-11-25T06:20:33.093+0000] {logging_mixin.py:137} INFO - [2022-11-25T06:20:33.092+0000] {dag.py:3340} INFO - Setting next_dagrun for example_branch_operator to 2022-11-24T00:00:00+00:00, run_after=2022-11-25T00:00:00+00:00
[2022-11-25T06:20:33.106+0000] {processor.py:176} INFO - Processing /home/airflow/.local/lib/python3.7/site-packages/airflow/example_dags/example_branch_operator.py took 0.165 seconds
[2022-11-25T06:21:04.063+0000] {processor.py:154} INFO - Started process (PID=136) to work on /home/airflow/.local/lib/python3.7/site-packages/airflow/example_dags/example_branch_operator.py
[2022-11-25T06:21:04.068+0000] {processor.py:756} INFO - Processing file /home/airflow/.local/lib/python3.7/site-packages/airflow/example_dags/example_branch_operator.py for tasks to queue
[2022-11-25T06:21:04.070+0000] {logging_mixin.py:137} INFO - [2022-11-25T06:21:04.070+0000] {dagbag.py:537} INFO - Filling up the DagBag from /home/airflow/.local/lib/python3.7/site-packages/airflow/example_dags/example_branch_operator.py
[2022-11-25T06:21:04.094+0000] {processor.py:766} INFO - DAG(s) dict_keys(['example_branch_operator']) retrieved from /home/airflow/.local/lib/python3.7/site-packages/airflow/example_dags/example_branch_operator.py
[2022-11-25T06:21:04.132+0000] {logging_mixin.py:137} INFO - [2022-11-25T06:21:04.132+0000] {dag.py:2585} INFO - Sync 1 DAGs
[2022-11-25T06:21:04.154+0000] {logging_mixin.py:137} INFO - [2022-11-25T06:21:04.154+0000] {dag.py:3340} INFO - Setting next_dagrun for example_branch_operator to 2022-11-24T00:00:00+00:00, run_after=2022-11-25T00:00:00+00:00
[2022-11-25T06:21:04.172+0000] {processor.py:176} INFO - Processing /home/airflow/.local/lib/python3.7/site-packages/airflow/example_dags/example_branch_operator.py took 0.112 seconds
[2022-11-25T06:21:35.048+0000] {processor.py:154} INFO - Started process (PID=205) to work on /home/airflow/.local/lib/python3.7/site-packages/airflow/example_dags/example_branch_operator.py
[2022-11-25T06:21:35.051+0000] {processor.py:756} INFO - Processing file /home/airflow/.local/lib/python3.7/site-packages/airflow/example_dags/example_branch_operator.py for tasks to queue
[2022-11-25T06:21:35.052+0000] {logging_mixin.py:137} INFO - [2022-11-25T06:21:35.052+0000] {dagbag.py:537} INFO - Filling up the DagBag from /home/airflow/.local/lib/python3.7/site-packages/airflow/example_dags/example_branch_operator.py
[2022-11-25T06:21:35.070+0000] {processor.py:766} INFO - DAG(s) dict_keys(['example_branch_operator']) retrieved from /home/airflow/.local/lib/python3.7/site-packages/airflow/example_dags/example_branch_operator.py
[2022-11-25T06:21:35.101+0000] {logging_mixin.py:137} INFO - [2022-11-25T06:21:35.100+0000] {dag.py:2585} INFO - Sync 1 DAGs
[2022-11-25T06:21:35.119+0000] {logging_mixin.py:137} INFO - [2022-11-25T06:21:35.119+0000] {dag.py:3340} INFO - Setting next_dagrun for example_branch_operator to 2022-11-24T00:00:00+00:00, run_after=2022-11-25T00:00:00+00:00
[2022-11-25T06:21:35.133+0000] {processor.py:176} INFO - Processing /home/airflow/.local/lib/python3.7/site-packages/airflow/example_dags/example_branch_operator.py took 0.087 seconds
[2022-11-25T06:22:05.265+0000] {processor.py:154} INFO - Started process (PID=272) to work on /home/airflow/.local/lib/python3.7/site-packages/airflow/example_dags/example_branch_operator.py
[2022-11-25T06:22:05.267+0000] {processor.py:756} INFO - Processing file /home/airflow/.local/lib/python3.7/site-packages/airflow/example_dags/example_branch_operator.py for tasks to queue
[2022-11-25T06:22:05.269+0000] {logging_mixin.py:137} INFO - [2022-11-25T06:22:05.268+0000] {dagbag.py:537} INFO - Filling up the DagBag from /home/airflow/.local/lib/python3.7/site-packages/airflow/example_dags/example_branch_operator.py
[2022-11-25T06:22:05.292+0000] {processor.py:766} INFO - DAG(s) dict_keys(['example_branch_operator']) retrieved from /home/airflow/.local/lib/python3.7/site-packages/airflow/example_dags/example_branch_operator.py
[2022-11-25T06:22:05.314+0000] {logging_mixin.py:137} INFO - [2022-11-25T06:22:05.314+0000] {dag.py:2585} INFO - Sync 1 DAGs
[2022-11-25T06:22:05.342+0000] {logging_mixin.py:137} INFO - [2022-11-25T06:22:05.342+0000] {dag.py:3340} INFO - Setting next_dagrun for example_branch_operator to 2022-11-24T00:00:00+00:00, run_after=2022-11-25T00:00:00+00:00
[2022-11-25T06:22:05.361+0000] {processor.py:176} INFO - Processing /home/airflow/.local/lib/python3.7/site-packages/airflow/example_dags/example_branch_operator.py took 0.099 seconds
[2022-11-25T06:22:36.287+0000] {processor.py:154} INFO - Started process (PID=333) to work on /home/airflow/.local/lib/python3.7/site-packages/airflow/example_dags/example_branch_operator.py
[2022-11-25T06:22:36.289+0000] {processor.py:756} INFO - Processing file /home/airflow/.local/lib/python3.7/site-packages/airflow/example_dags/example_branch_operator.py for tasks to queue
[2022-11-25T06:22:36.291+0000] {logging_mixin.py:137} INFO - [2022-11-25T06:22:36.291+0000] {dagbag.py:537} INFO - Filling up the DagBag from /home/airflow/.local/lib/python3.7/site-packages/airflow/example_dags/example_branch_operator.py
[2022-11-25T06:22:36.308+0000] {processor.py:766} INFO - DAG(s) dict_keys(['example_branch_operator']) retrieved from /home/airflow/.local/lib/python3.7/site-packages/airflow/example_dags/example_branch_operator.py
[2022-11-25T06:22:36.360+0000] {logging_mixin.py:137} INFO - [2022-11-25T06:22:36.360+0000] {dag.py:2585} INFO - Sync 1 DAGs
[2022-11-25T06:22:36.393+0000] {logging_mixin.py:137} INFO - [2022-11-25T06:22:36.393+0000] {dag.py:3340} INFO - Setting next_dagrun for example_branch_operator to 2022-11-24T00:00:00+00:00, run_after=2022-11-25T00:00:00+00:00
[2022-11-25T06:22:36.410+0000] {processor.py:176} INFO - Processing /home/airflow/.local/lib/python3.7/site-packages/airflow/example_dags/example_branch_operator.py took 0.126 seconds
[2022-11-25T06:23:06.819+0000] {processor.py:154} INFO - Started process (PID=400) to work on /home/airflow/.local/lib/python3.7/site-packages/airflow/example_dags/example_branch_operator.py
[2022-11-25T06:23:06.823+0000] {processor.py:756} INFO - Processing file /home/airflow/.local/lib/python3.7/site-packages/airflow/example_dags/example_branch_operator.py for tasks to queue
[2022-11-25T06:23:06.825+0000] {logging_mixin.py:137} INFO - [2022-11-25T06:23:06.825+0000] {dagbag.py:537} INFO - Filling up the DagBag from /home/airflow/.local/lib/python3.7/site-packages/airflow/example_dags/example_branch_operator.py
[2022-11-25T06:23:06.839+0000] {processor.py:766} INFO - DAG(s) dict_keys(['example_branch_operator']) retrieved from /home/airflow/.local/lib/python3.7/site-packages/airflow/example_dags/example_branch_operator.py
[2022-11-25T06:23:06.913+0000] {logging_mixin.py:137} INFO - [2022-11-25T06:23:06.913+0000] {dag.py:2585} INFO - Sync 1 DAGs
[2022-11-25T06:23:06.934+0000] {logging_mixin.py:137} INFO - [2022-11-25T06:23:06.934+0000] {dag.py:3340} INFO - Setting next_dagrun for example_branch_operator to 2022-11-24T00:00:00+00:00, run_after=2022-11-25T00:00:00+00:00
[2022-11-25T06:23:06.965+0000] {processor.py:176} INFO - Processing /home/airflow/.local/lib/python3.7/site-packages/airflow/example_dags/example_branch_operator.py took 0.148 seconds
[2022-11-25T06:23:37.241+0000] {processor.py:154} INFO - Started process (PID=468) to work on /home/airflow/.local/lib/python3.7/site-packages/airflow/example_dags/example_branch_operator.py
[2022-11-25T06:23:37.243+0000] {processor.py:756} INFO - Processing file /home/airflow/.local/lib/python3.7/site-packages/airflow/example_dags/example_branch_operator.py for tasks to queue
[2022-11-25T06:23:37.244+0000] {logging_mixin.py:137} INFO - [2022-11-25T06:23:37.244+0000] {dagbag.py:537} INFO - Filling up the DagBag from /home/airflow/.local/lib/python3.7/site-packages/airflow/example_dags/example_branch_operator.py
[2022-11-25T06:23:37.262+0000] {processor.py:766} INFO - DAG(s) dict_keys(['example_branch_operator']) retrieved from /home/airflow/.local/lib/python3.7/site-packages/airflow/example_dags/example_branch_operator.py
[2022-11-25T06:23:37.297+0000] {logging_mixin.py:137} INFO - [2022-11-25T06:23:37.297+0000] {dag.py:2585} INFO - Sync 1 DAGs
[2022-11-25T06:23:37.317+0000] {logging_mixin.py:137} INFO - [2022-11-25T06:23:37.317+0000] {dag.py:3340} INFO - Setting next_dagrun for example_branch_operator to 2022-11-24T00:00:00+00:00, run_after=2022-11-25T00:00:00+00:00
[2022-11-25T06:23:37.329+0000] {processor.py:176} INFO - Processing /home/airflow/.local/lib/python3.7/site-packages/airflow/example_dags/example_branch_operator.py took 0.090 seconds
[2022-11-25T06:24:08.269+0000] {processor.py:154} INFO - Started process (PID=536) to work on /home/airflow/.local/lib/python3.7/site-packages/airflow/example_dags/example_branch_operator.py
[2022-11-25T06:24:08.271+0000] {processor.py:756} INFO - Processing file /home/airflow/.local/lib/python3.7/site-packages/airflow/example_dags/example_branch_operator.py for tasks to queue
[2022-11-25T06:24:08.272+0000] {logging_mixin.py:137} INFO - [2022-11-25T06:24:08.272+0000] {dagbag.py:537} INFO - Filling up the DagBag from /home/airflow/.local/lib/python3.7/site-packages/airflow/example_dags/example_branch_operator.py
[2022-11-25T06:24:08.285+0000] {processor.py:766} INFO - DAG(s) dict_keys(['example_branch_operator']) retrieved from /home/airflow/.local/lib/python3.7/site-packages/airflow/example_dags/example_branch_operator.py
[2022-11-25T06:24:08.318+0000] {logging_mixin.py:137} INFO - [2022-11-25T06:24:08.318+0000] {dag.py:2585} INFO - Sync 1 DAGs
[2022-11-25T06:24:08.347+0000] {logging_mixin.py:137} INFO - [2022-11-25T06:24:08.346+0000] {dag.py:3340} INFO - Setting next_dagrun for example_branch_operator to 2022-11-24T00:00:00+00:00, run_after=2022-11-25T00:00:00+00:00
[2022-11-25T06:24:08.368+0000] {processor.py:176} INFO - Processing /home/airflow/.local/lib/python3.7/site-packages/airflow/example_dags/example_branch_operator.py took 0.102 seconds
[2022-11-25T06:24:39.301+0000] {processor.py:154} INFO - Started process (PID=594) to work on /home/airflow/.local/lib/python3.7/site-packages/airflow/example_dags/example_branch_operator.py
[2022-11-25T06:24:39.304+0000] {processor.py:756} INFO - Processing file /home/airflow/.local/lib/python3.7/site-packages/airflow/example_dags/example_branch_operator.py for tasks to queue
[2022-11-25T06:24:39.305+0000] {logging_mixin.py:137} INFO - [2022-11-25T06:24:39.305+0000] {dagbag.py:537} INFO - Filling up the DagBag from /home/airflow/.local/lib/python3.7/site-packages/airflow/example_dags/example_branch_operator.py
[2022-11-25T06:24:39.317+0000] {processor.py:766} INFO - DAG(s) dict_keys(['example_branch_operator']) retrieved from /home/airflow/.local/lib/python3.7/site-packages/airflow/example_dags/example_branch_operator.py
[2022-11-25T06:24:39.354+0000] {logging_mixin.py:137} INFO - [2022-11-25T06:24:39.354+0000] {dag.py:2585} INFO - Sync 1 DAGs
[2022-11-25T06:24:39.375+0000] {logging_mixin.py:137} INFO - [2022-11-25T06:24:39.375+0000] {dag.py:3340} INFO - Setting next_dagrun for example_branch_operator to 2022-11-24T00:00:00+00:00, run_after=2022-11-25T00:00:00+00:00
[2022-11-25T06:24:39.388+0000] {processor.py:176} INFO - Processing /home/airflow/.local/lib/python3.7/site-packages/airflow/example_dags/example_branch_operator.py took 0.088 seconds
