[2022-11-25T05:27:56.182+0000] {processor.py:154} INFO - Started process (PID=134) to work on /home/airflow/.local/lib/python3.7/site-packages/airflow/example_dags/example_external_task_marker_dag.py
[2022-11-25T05:27:56.303+0000] {processor.py:756} INFO - Processing file /home/airflow/.local/lib/python3.7/site-packages/airflow/example_dags/example_external_task_marker_dag.py for tasks to queue
[2022-11-25T05:27:56.409+0000] {logging_mixin.py:137} INFO - [2022-11-25T05:27:56.337+0000] {dagbag.py:537} INFO - Filling up the DagBag from /home/airflow/.local/lib/python3.7/site-packages/airflow/example_dags/example_external_task_marker_dag.py
[2022-11-25T05:28:29.924+0000] {logging_mixin.py:137} INFO - [2022-11-25T05:28:29.253+0000] {timeout.py:68} ERROR - Process timed out, PID: 134
[2022-11-25T05:28:37.065+0000] {logging_mixin.py:137} INFO - [2022-11-25T05:28:32.188+0000] {dagbag.py:342} ERROR - Failed to import: /home/airflow/.local/lib/python3.7/site-packages/airflow/example_dags/example_external_task_marker_dag.py
Traceback (most recent call last):
  File "/home/airflow/.local/lib/python3.7/site-packages/airflow/models/dagbag.py", line 338, in parse
    loader.exec_module(new_module)
  File "<frozen importlib._bootstrap_external>", line 728, in exec_module
  File "<frozen importlib._bootstrap>", line 219, in _call_with_frames_removed
  File "/home/airflow/.local/lib/python3.7/site-packages/airflow/example_dags/example_external_task_marker_dag.py", line 46, in <module>
    from airflow.sensors.external_task import ExternalTaskMarker, ExternalTaskSensor
  File "/home/airflow/.local/lib/python3.7/site-packages/airflow/sensors/external_task.py", line 414, in <module>
    class ExternalTaskSensorLink(ExternalDagLink):
  File "/home/airflow/.local/lib/python3.7/site-packages/attr/_make.py", line 1501, in wrap
    field_transformer,
  File "/home/airflow/.local/lib/python3.7/site-packages/attr/_make.py", line 675, in __init__
    field_transformer,
  File "/home/airflow/.local/lib/python3.7/site-packages/attr/_make.py", line 561, in _transform_attrs
    cls, {a.name for a in own_attrs}
  File "/home/airflow/.local/lib/python3.7/site-packages/attr/_make.py", line 474, in _collect_base_attrs_broken
    for base_cls in cls.__mro__[1:-1]:
  File "/home/airflow/.local/lib/python3.7/site-packages/airflow/utils/timeout.py", line 69, in handle_timeout
    raise AirflowTaskTimeout(self.error_message)
airflow.exceptions.AirflowTaskTimeout: DagBag import timeout for /home/airflow/.local/lib/python3.7/site-packages/airflow/example_dags/example_external_task_marker_dag.py after 30.0s.
Please take a look at these docs to improve your DAG import time:
* https://airflow.apache.org/docs/apache-airflow/2.4.3/best-practices.html#top-level-python-code
* https://airflow.apache.org/docs/apache-airflow/2.4.3/best-practices.html#reducing-dag-complexity, PID: 134
[2022-11-25T05:28:38.158+0000] {processor.py:768} WARNING - No viable dags retrieved from /home/airflow/.local/lib/python3.7/site-packages/airflow/example_dags/example_external_task_marker_dag.py
[2022-11-25T06:20:33.061+0000] {processor.py:154} INFO - Started process (PID=69) to work on /home/airflow/.local/lib/python3.7/site-packages/airflow/example_dags/example_external_task_marker_dag.py
[2022-11-25T06:20:33.063+0000] {processor.py:756} INFO - Processing file /home/airflow/.local/lib/python3.7/site-packages/airflow/example_dags/example_external_task_marker_dag.py for tasks to queue
[2022-11-25T06:20:33.064+0000] {logging_mixin.py:137} INFO - [2022-11-25T06:20:33.064+0000] {dagbag.py:537} INFO - Filling up the DagBag from /home/airflow/.local/lib/python3.7/site-packages/airflow/example_dags/example_external_task_marker_dag.py
[2022-11-25T06:20:33.076+0000] {processor.py:766} INFO - DAG(s) dict_keys(['example_external_task_marker_parent', 'example_external_task_marker_child']) retrieved from /home/airflow/.local/lib/python3.7/site-packages/airflow/example_dags/example_external_task_marker_dag.py
[2022-11-25T06:20:33.162+0000] {logging_mixin.py:137} INFO - [2022-11-25T06:20:33.162+0000] {manager.py:507} INFO - Created Permission View: can read on DAG:example_external_task_marker_parent
[2022-11-25T06:20:33.169+0000] {logging_mixin.py:137} INFO - [2022-11-25T06:20:33.169+0000] {manager.py:507} INFO - Created Permission View: can edit on DAG:example_external_task_marker_parent
[2022-11-25T06:20:33.174+0000] {logging_mixin.py:137} INFO - [2022-11-25T06:20:33.174+0000] {manager.py:507} INFO - Created Permission View: can delete on DAG:example_external_task_marker_parent
[2022-11-25T06:20:33.333+0000] {logging_mixin.py:137} INFO - [2022-11-25T06:20:33.332+0000] {manager.py:507} INFO - Created Permission View: can read on DAG:example_external_task_marker_child
[2022-11-25T06:20:33.342+0000] {logging_mixin.py:137} INFO - [2022-11-25T06:20:33.342+0000] {manager.py:507} INFO - Created Permission View: can edit on DAG:example_external_task_marker_child
[2022-11-25T06:20:33.352+0000] {logging_mixin.py:137} INFO - [2022-11-25T06:20:33.352+0000] {manager.py:507} INFO - Created Permission View: can delete on DAG:example_external_task_marker_child
[2022-11-25T06:20:33.355+0000] {logging_mixin.py:137} INFO - [2022-11-25T06:20:33.355+0000] {dag.py:2585} INFO - Sync 2 DAGs
[2022-11-25T06:20:33.371+0000] {logging_mixin.py:137} INFO - [2022-11-25T06:20:33.371+0000] {dag.py:2606} INFO - Creating ORM DAG for example_external_task_marker_child
[2022-11-25T06:20:33.375+0000] {logging_mixin.py:137} INFO - [2022-11-25T06:20:33.374+0000] {dag.py:2606} INFO - Creating ORM DAG for example_external_task_marker_parent
[2022-11-25T06:20:33.392+0000] {logging_mixin.py:137} INFO - [2022-11-25T06:20:33.392+0000] {dag.py:3340} INFO - Setting next_dagrun for example_external_task_marker_child to None, run_after=None
[2022-11-25T06:20:33.397+0000] {logging_mixin.py:137} INFO - [2022-11-25T06:20:33.397+0000] {dag.py:3340} INFO - Setting next_dagrun for example_external_task_marker_parent to None, run_after=None
[2022-11-25T06:20:33.435+0000] {processor.py:176} INFO - Processing /home/airflow/.local/lib/python3.7/site-packages/airflow/example_dags/example_external_task_marker_dag.py took 0.377 seconds
[2022-11-25T06:21:04.101+0000] {processor.py:154} INFO - Started process (PID=137) to work on /home/airflow/.local/lib/python3.7/site-packages/airflow/example_dags/example_external_task_marker_dag.py
[2022-11-25T06:21:04.104+0000] {processor.py:756} INFO - Processing file /home/airflow/.local/lib/python3.7/site-packages/airflow/example_dags/example_external_task_marker_dag.py for tasks to queue
[2022-11-25T06:21:04.108+0000] {logging_mixin.py:137} INFO - [2022-11-25T06:21:04.108+0000] {dagbag.py:537} INFO - Filling up the DagBag from /home/airflow/.local/lib/python3.7/site-packages/airflow/example_dags/example_external_task_marker_dag.py
[2022-11-25T06:21:04.122+0000] {processor.py:766} INFO - DAG(s) dict_keys(['example_external_task_marker_child', 'example_external_task_marker_parent']) retrieved from /home/airflow/.local/lib/python3.7/site-packages/airflow/example_dags/example_external_task_marker_dag.py
[2022-11-25T06:21:04.253+0000] {logging_mixin.py:137} INFO - [2022-11-25T06:21:04.253+0000] {dag.py:2585} INFO - Sync 2 DAGs
[2022-11-25T06:21:04.269+0000] {logging_mixin.py:137} INFO - [2022-11-25T06:21:04.269+0000] {dag.py:3340} INFO - Setting next_dagrun for example_external_task_marker_child to None, run_after=None
[2022-11-25T06:21:04.273+0000] {logging_mixin.py:137} INFO - [2022-11-25T06:21:04.273+0000] {dag.py:3340} INFO - Setting next_dagrun for example_external_task_marker_parent to None, run_after=None
[2022-11-25T06:21:04.287+0000] {processor.py:176} INFO - Processing /home/airflow/.local/lib/python3.7/site-packages/airflow/example_dags/example_external_task_marker_dag.py took 0.190 seconds
[2022-11-25T06:21:35.065+0000] {processor.py:154} INFO - Started process (PID=206) to work on /home/airflow/.local/lib/python3.7/site-packages/airflow/example_dags/example_external_task_marker_dag.py
[2022-11-25T06:21:35.066+0000] {processor.py:756} INFO - Processing file /home/airflow/.local/lib/python3.7/site-packages/airflow/example_dags/example_external_task_marker_dag.py for tasks to queue
[2022-11-25T06:21:35.068+0000] {logging_mixin.py:137} INFO - [2022-11-25T06:21:35.068+0000] {dagbag.py:537} INFO - Filling up the DagBag from /home/airflow/.local/lib/python3.7/site-packages/airflow/example_dags/example_external_task_marker_dag.py
[2022-11-25T06:21:35.079+0000] {processor.py:766} INFO - DAG(s) dict_keys(['example_external_task_marker_parent', 'example_external_task_marker_child']) retrieved from /home/airflow/.local/lib/python3.7/site-packages/airflow/example_dags/example_external_task_marker_dag.py
[2022-11-25T06:21:35.217+0000] {logging_mixin.py:137} INFO - [2022-11-25T06:21:35.217+0000] {dag.py:2585} INFO - Sync 2 DAGs
[2022-11-25T06:21:35.254+0000] {logging_mixin.py:137} INFO - [2022-11-25T06:21:35.254+0000] {dag.py:3340} INFO - Setting next_dagrun for example_external_task_marker_child to None, run_after=None
[2022-11-25T06:21:35.260+0000] {logging_mixin.py:137} INFO - [2022-11-25T06:21:35.260+0000] {dag.py:3340} INFO - Setting next_dagrun for example_external_task_marker_parent to None, run_after=None
[2022-11-25T06:21:35.280+0000] {processor.py:176} INFO - Processing /home/airflow/.local/lib/python3.7/site-packages/airflow/example_dags/example_external_task_marker_dag.py took 0.218 seconds
[2022-11-25T06:22:05.330+0000] {processor.py:154} INFO - Started process (PID=273) to work on /home/airflow/.local/lib/python3.7/site-packages/airflow/example_dags/example_external_task_marker_dag.py
[2022-11-25T06:22:05.336+0000] {processor.py:756} INFO - Processing file /home/airflow/.local/lib/python3.7/site-packages/airflow/example_dags/example_external_task_marker_dag.py for tasks to queue
[2022-11-25T06:22:05.338+0000] {logging_mixin.py:137} INFO - [2022-11-25T06:22:05.338+0000] {dagbag.py:537} INFO - Filling up the DagBag from /home/airflow/.local/lib/python3.7/site-packages/airflow/example_dags/example_external_task_marker_dag.py
[2022-11-25T06:22:05.352+0000] {processor.py:766} INFO - DAG(s) dict_keys(['example_external_task_marker_child', 'example_external_task_marker_parent']) retrieved from /home/airflow/.local/lib/python3.7/site-packages/airflow/example_dags/example_external_task_marker_dag.py
[2022-11-25T06:22:05.391+0000] {logging_mixin.py:137} INFO - [2022-11-25T06:22:05.391+0000] {dag.py:2585} INFO - Sync 2 DAGs
[2022-11-25T06:22:05.416+0000] {logging_mixin.py:137} INFO - [2022-11-25T06:22:05.416+0000] {dag.py:3340} INFO - Setting next_dagrun for example_external_task_marker_child to None, run_after=None
[2022-11-25T06:22:05.425+0000] {logging_mixin.py:137} INFO - [2022-11-25T06:22:05.425+0000] {dag.py:3340} INFO - Setting next_dagrun for example_external_task_marker_parent to None, run_after=None
[2022-11-25T06:22:05.453+0000] {processor.py:176} INFO - Processing /home/airflow/.local/lib/python3.7/site-packages/airflow/example_dags/example_external_task_marker_dag.py took 0.132 seconds
[2022-11-25T06:22:36.309+0000] {processor.py:154} INFO - Started process (PID=334) to work on /home/airflow/.local/lib/python3.7/site-packages/airflow/example_dags/example_external_task_marker_dag.py
[2022-11-25T06:22:36.311+0000] {processor.py:756} INFO - Processing file /home/airflow/.local/lib/python3.7/site-packages/airflow/example_dags/example_external_task_marker_dag.py for tasks to queue
[2022-11-25T06:22:36.312+0000] {logging_mixin.py:137} INFO - [2022-11-25T06:22:36.312+0000] {dagbag.py:537} INFO - Filling up the DagBag from /home/airflow/.local/lib/python3.7/site-packages/airflow/example_dags/example_external_task_marker_dag.py
[2022-11-25T06:22:36.330+0000] {processor.py:766} INFO - DAG(s) dict_keys(['example_external_task_marker_child', 'example_external_task_marker_parent']) retrieved from /home/airflow/.local/lib/python3.7/site-packages/airflow/example_dags/example_external_task_marker_dag.py
[2022-11-25T06:22:36.594+0000] {logging_mixin.py:137} INFO - [2022-11-25T06:22:36.594+0000] {dag.py:2585} INFO - Sync 2 DAGs
[2022-11-25T06:22:36.619+0000] {logging_mixin.py:137} INFO - [2022-11-25T06:22:36.619+0000] {dag.py:3340} INFO - Setting next_dagrun for example_external_task_marker_child to None, run_after=None
[2022-11-25T06:22:36.623+0000] {logging_mixin.py:137} INFO - [2022-11-25T06:22:36.622+0000] {dag.py:3340} INFO - Setting next_dagrun for example_external_task_marker_parent to None, run_after=None
[2022-11-25T06:22:36.638+0000] {processor.py:176} INFO - Processing /home/airflow/.local/lib/python3.7/site-packages/airflow/example_dags/example_external_task_marker_dag.py took 0.332 seconds
[2022-11-25T06:23:06.838+0000] {processor.py:154} INFO - Started process (PID=401) to work on /home/airflow/.local/lib/python3.7/site-packages/airflow/example_dags/example_external_task_marker_dag.py
[2022-11-25T06:23:06.840+0000] {processor.py:756} INFO - Processing file /home/airflow/.local/lib/python3.7/site-packages/airflow/example_dags/example_external_task_marker_dag.py for tasks to queue
[2022-11-25T06:23:06.841+0000] {logging_mixin.py:137} INFO - [2022-11-25T06:23:06.841+0000] {dagbag.py:537} INFO - Filling up the DagBag from /home/airflow/.local/lib/python3.7/site-packages/airflow/example_dags/example_external_task_marker_dag.py
[2022-11-25T06:23:06.864+0000] {processor.py:766} INFO - DAG(s) dict_keys(['example_external_task_marker_parent', 'example_external_task_marker_child']) retrieved from /home/airflow/.local/lib/python3.7/site-packages/airflow/example_dags/example_external_task_marker_dag.py
[2022-11-25T06:23:07.078+0000] {logging_mixin.py:137} INFO - [2022-11-25T06:23:07.078+0000] {dag.py:2585} INFO - Sync 2 DAGs
[2022-11-25T06:23:07.109+0000] {logging_mixin.py:137} INFO - [2022-11-25T06:23:07.108+0000] {dag.py:3340} INFO - Setting next_dagrun for example_external_task_marker_child to None, run_after=None
[2022-11-25T06:23:07.114+0000] {logging_mixin.py:137} INFO - [2022-11-25T06:23:07.113+0000] {dag.py:3340} INFO - Setting next_dagrun for example_external_task_marker_parent to None, run_after=None
[2022-11-25T06:23:07.133+0000] {processor.py:176} INFO - Processing /home/airflow/.local/lib/python3.7/site-packages/airflow/example_dags/example_external_task_marker_dag.py took 0.297 seconds
[2022-11-25T06:23:37.267+0000] {processor.py:154} INFO - Started process (PID=469) to work on /home/airflow/.local/lib/python3.7/site-packages/airflow/example_dags/example_external_task_marker_dag.py
[2022-11-25T06:23:37.269+0000] {processor.py:756} INFO - Processing file /home/airflow/.local/lib/python3.7/site-packages/airflow/example_dags/example_external_task_marker_dag.py for tasks to queue
[2022-11-25T06:23:37.270+0000] {logging_mixin.py:137} INFO - [2022-11-25T06:23:37.270+0000] {dagbag.py:537} INFO - Filling up the DagBag from /home/airflow/.local/lib/python3.7/site-packages/airflow/example_dags/example_external_task_marker_dag.py
[2022-11-25T06:23:37.281+0000] {processor.py:766} INFO - DAG(s) dict_keys(['example_external_task_marker_child', 'example_external_task_marker_parent']) retrieved from /home/airflow/.local/lib/python3.7/site-packages/airflow/example_dags/example_external_task_marker_dag.py
[2022-11-25T06:23:37.429+0000] {logging_mixin.py:137} INFO - [2022-11-25T06:23:37.429+0000] {dag.py:2585} INFO - Sync 2 DAGs
[2022-11-25T06:23:37.466+0000] {logging_mixin.py:137} INFO - [2022-11-25T06:23:37.466+0000] {dag.py:3340} INFO - Setting next_dagrun for example_external_task_marker_child to None, run_after=None
[2022-11-25T06:23:37.471+0000] {logging_mixin.py:137} INFO - [2022-11-25T06:23:37.470+0000] {dag.py:3340} INFO - Setting next_dagrun for example_external_task_marker_parent to None, run_after=None
[2022-11-25T06:23:37.534+0000] {processor.py:176} INFO - Processing /home/airflow/.local/lib/python3.7/site-packages/airflow/example_dags/example_external_task_marker_dag.py took 0.269 seconds
[2022-11-25T06:24:08.274+0000] {processor.py:154} INFO - Started process (PID=537) to work on /home/airflow/.local/lib/python3.7/site-packages/airflow/example_dags/example_external_task_marker_dag.py
[2022-11-25T06:24:08.276+0000] {processor.py:756} INFO - Processing file /home/airflow/.local/lib/python3.7/site-packages/airflow/example_dags/example_external_task_marker_dag.py for tasks to queue
[2022-11-25T06:24:08.277+0000] {logging_mixin.py:137} INFO - [2022-11-25T06:24:08.277+0000] {dagbag.py:537} INFO - Filling up the DagBag from /home/airflow/.local/lib/python3.7/site-packages/airflow/example_dags/example_external_task_marker_dag.py
[2022-11-25T06:24:08.287+0000] {processor.py:766} INFO - DAG(s) dict_keys(['example_external_task_marker_child', 'example_external_task_marker_parent']) retrieved from /home/airflow/.local/lib/python3.7/site-packages/airflow/example_dags/example_external_task_marker_dag.py
[2022-11-25T06:24:08.448+0000] {logging_mixin.py:137} INFO - [2022-11-25T06:24:08.448+0000] {dag.py:2585} INFO - Sync 2 DAGs
[2022-11-25T06:24:08.477+0000] {logging_mixin.py:137} INFO - [2022-11-25T06:24:08.477+0000] {dag.py:3340} INFO - Setting next_dagrun for example_external_task_marker_child to None, run_after=None
[2022-11-25T06:24:08.482+0000] {logging_mixin.py:137} INFO - [2022-11-25T06:24:08.482+0000] {dag.py:3340} INFO - Setting next_dagrun for example_external_task_marker_parent to None, run_after=None
[2022-11-25T06:24:08.495+0000] {processor.py:176} INFO - Processing /home/airflow/.local/lib/python3.7/site-packages/airflow/example_dags/example_external_task_marker_dag.py took 0.223 seconds
[2022-11-25T06:24:39.339+0000] {processor.py:154} INFO - Started process (PID=595) to work on /home/airflow/.local/lib/python3.7/site-packages/airflow/example_dags/example_external_task_marker_dag.py
[2022-11-25T06:24:39.341+0000] {processor.py:756} INFO - Processing file /home/airflow/.local/lib/python3.7/site-packages/airflow/example_dags/example_external_task_marker_dag.py for tasks to queue
[2022-11-25T06:24:39.342+0000] {logging_mixin.py:137} INFO - [2022-11-25T06:24:39.342+0000] {dagbag.py:537} INFO - Filling up the DagBag from /home/airflow/.local/lib/python3.7/site-packages/airflow/example_dags/example_external_task_marker_dag.py
[2022-11-25T06:24:39.357+0000] {processor.py:766} INFO - DAG(s) dict_keys(['example_external_task_marker_child', 'example_external_task_marker_parent']) retrieved from /home/airflow/.local/lib/python3.7/site-packages/airflow/example_dags/example_external_task_marker_dag.py
[2022-11-25T06:24:39.488+0000] {logging_mixin.py:137} INFO - [2022-11-25T06:24:39.488+0000] {dag.py:2585} INFO - Sync 2 DAGs
[2022-11-25T06:24:39.505+0000] {logging_mixin.py:137} INFO - [2022-11-25T06:24:39.505+0000] {dag.py:3340} INFO - Setting next_dagrun for example_external_task_marker_child to None, run_after=None
[2022-11-25T06:24:39.508+0000] {logging_mixin.py:137} INFO - [2022-11-25T06:24:39.508+0000] {dag.py:3340} INFO - Setting next_dagrun for example_external_task_marker_parent to None, run_after=None
[2022-11-25T06:24:39.520+0000] {processor.py:176} INFO - Processing /home/airflow/.local/lib/python3.7/site-packages/airflow/example_dags/example_external_task_marker_dag.py took 0.184 seconds
