[2022-11-25T05:25:26.139+0000] {processor.py:154} INFO - Started process (PID=65) to work on /home/airflow/.local/lib/python3.7/site-packages/airflow/example_dags/example_short_circuit_operator.py
[2022-11-25T05:25:26.151+0000] {processor.py:756} INFO - Processing file /home/airflow/.local/lib/python3.7/site-packages/airflow/example_dags/example_short_circuit_operator.py for tasks to queue
[2022-11-25T05:25:26.202+0000] {logging_mixin.py:137} INFO - [2022-11-25T05:25:26.168+0000] {dagbag.py:537} INFO - Filling up the DagBag from /home/airflow/.local/lib/python3.7/site-packages/airflow/example_dags/example_short_circuit_operator.py
[2022-11-25T05:25:27.083+0000] {processor.py:766} INFO - DAG(s) dict_keys(['example_short_circuit_operator']) retrieved from /home/airflow/.local/lib/python3.7/site-packages/airflow/example_dags/example_short_circuit_operator.py
[2022-11-25T05:25:28.522+0000] {logging_mixin.py:137} INFO - [2022-11-25T05:25:28.514+0000] {dag.py:2585} INFO - Sync 1 DAGs
[2022-11-25T05:25:31.405+0000] {logging_mixin.py:137} INFO - [2022-11-25T05:25:31.404+0000] {dag.py:3340} INFO - Setting next_dagrun for example_short_circuit_operator to 2022-11-24T05:25:31.337360+00:00, run_after=2022-11-25T05:25:31.337360+00:00
[2022-11-25T05:25:34.118+0000] {processor.py:176} INFO - Processing /home/airflow/.local/lib/python3.7/site-packages/airflow/example_dags/example_short_circuit_operator.py took 8.104 seconds
[2022-11-25T06:20:30.948+0000] {processor.py:154} INFO - Started process (PID=58) to work on /home/airflow/.local/lib/python3.7/site-packages/airflow/example_dags/example_short_circuit_operator.py
[2022-11-25T06:20:30.952+0000] {processor.py:756} INFO - Processing file /home/airflow/.local/lib/python3.7/site-packages/airflow/example_dags/example_short_circuit_operator.py for tasks to queue
[2022-11-25T06:20:30.955+0000] {logging_mixin.py:137} INFO - [2022-11-25T06:20:30.955+0000] {dagbag.py:537} INFO - Filling up the DagBag from /home/airflow/.local/lib/python3.7/site-packages/airflow/example_dags/example_short_circuit_operator.py
[2022-11-25T06:20:31.004+0000] {processor.py:766} INFO - DAG(s) dict_keys(['example_short_circuit_operator']) retrieved from /home/airflow/.local/lib/python3.7/site-packages/airflow/example_dags/example_short_circuit_operator.py
[2022-11-25T06:20:31.357+0000] {logging_mixin.py:137} INFO - [2022-11-25T06:20:31.357+0000] {manager.py:507} INFO - Created Permission View: can read on DAG:example_short_circuit_operator
[2022-11-25T06:20:31.380+0000] {logging_mixin.py:137} INFO - [2022-11-25T06:20:31.380+0000] {manager.py:507} INFO - Created Permission View: can edit on DAG:example_short_circuit_operator
[2022-11-25T06:20:31.393+0000] {logging_mixin.py:137} INFO - [2022-11-25T06:20:31.393+0000] {manager.py:507} INFO - Created Permission View: can delete on DAG:example_short_circuit_operator
[2022-11-25T06:20:31.395+0000] {logging_mixin.py:137} INFO - [2022-11-25T06:20:31.395+0000] {dag.py:2585} INFO - Sync 1 DAGs
[2022-11-25T06:20:31.433+0000] {logging_mixin.py:137} INFO - [2022-11-25T06:20:31.433+0000] {dag.py:2606} INFO - Creating ORM DAG for example_short_circuit_operator
[2022-11-25T06:20:31.479+0000] {logging_mixin.py:137} INFO - [2022-11-25T06:20:31.479+0000] {dag.py:3340} INFO - Setting next_dagrun for example_short_circuit_operator to 2022-11-24T06:20:31.479068+00:00, run_after=2022-11-25T06:20:31.479068+00:00
[2022-11-25T06:20:31.551+0000] {processor.py:176} INFO - Processing /home/airflow/.local/lib/python3.7/site-packages/airflow/example_dags/example_short_circuit_operator.py took 0.612 seconds
[2022-11-25T06:21:02.352+0000] {processor.py:154} INFO - Started process (PID=126) to work on /home/airflow/.local/lib/python3.7/site-packages/airflow/example_dags/example_short_circuit_operator.py
[2022-11-25T06:21:02.354+0000] {processor.py:756} INFO - Processing file /home/airflow/.local/lib/python3.7/site-packages/airflow/example_dags/example_short_circuit_operator.py for tasks to queue
[2022-11-25T06:21:02.356+0000] {logging_mixin.py:137} INFO - [2022-11-25T06:21:02.355+0000] {dagbag.py:537} INFO - Filling up the DagBag from /home/airflow/.local/lib/python3.7/site-packages/airflow/example_dags/example_short_circuit_operator.py
[2022-11-25T06:21:02.374+0000] {processor.py:766} INFO - DAG(s) dict_keys(['example_short_circuit_operator']) retrieved from /home/airflow/.local/lib/python3.7/site-packages/airflow/example_dags/example_short_circuit_operator.py
[2022-11-25T06:21:02.407+0000] {logging_mixin.py:137} INFO - [2022-11-25T06:21:02.407+0000] {dag.py:2585} INFO - Sync 1 DAGs
[2022-11-25T06:21:02.424+0000] {logging_mixin.py:137} INFO - [2022-11-25T06:21:02.424+0000] {dag.py:3340} INFO - Setting next_dagrun for example_short_circuit_operator to 2022-11-24T06:21:02.423868+00:00, run_after=2022-11-25T06:21:02.423868+00:00
[2022-11-25T06:21:02.437+0000] {processor.py:176} INFO - Processing /home/airflow/.local/lib/python3.7/site-packages/airflow/example_dags/example_short_circuit_operator.py took 0.090 seconds
[2022-11-25T06:21:33.305+0000] {processor.py:154} INFO - Started process (PID=195) to work on /home/airflow/.local/lib/python3.7/site-packages/airflow/example_dags/example_short_circuit_operator.py
[2022-11-25T06:21:33.307+0000] {processor.py:756} INFO - Processing file /home/airflow/.local/lib/python3.7/site-packages/airflow/example_dags/example_short_circuit_operator.py for tasks to queue
[2022-11-25T06:21:33.309+0000] {logging_mixin.py:137} INFO - [2022-11-25T06:21:33.309+0000] {dagbag.py:537} INFO - Filling up the DagBag from /home/airflow/.local/lib/python3.7/site-packages/airflow/example_dags/example_short_circuit_operator.py
[2022-11-25T06:21:33.328+0000] {processor.py:766} INFO - DAG(s) dict_keys(['example_short_circuit_operator']) retrieved from /home/airflow/.local/lib/python3.7/site-packages/airflow/example_dags/example_short_circuit_operator.py
[2022-11-25T06:21:33.360+0000] {logging_mixin.py:137} INFO - [2022-11-25T06:21:33.360+0000] {dag.py:2585} INFO - Sync 1 DAGs
[2022-11-25T06:21:33.379+0000] {logging_mixin.py:137} INFO - [2022-11-25T06:21:33.379+0000] {dag.py:3340} INFO - Setting next_dagrun for example_short_circuit_operator to 2022-11-24T06:21:33.378927+00:00, run_after=2022-11-25T06:21:33.378927+00:00
[2022-11-25T06:21:33.397+0000] {processor.py:176} INFO - Processing /home/airflow/.local/lib/python3.7/site-packages/airflow/example_dags/example_short_circuit_operator.py took 0.096 seconds
[2022-11-25T06:22:03.594+0000] {processor.py:154} INFO - Started process (PID=254) to work on /home/airflow/.local/lib/python3.7/site-packages/airflow/example_dags/example_short_circuit_operator.py
[2022-11-25T06:22:03.596+0000] {processor.py:756} INFO - Processing file /home/airflow/.local/lib/python3.7/site-packages/airflow/example_dags/example_short_circuit_operator.py for tasks to queue
[2022-11-25T06:22:03.598+0000] {logging_mixin.py:137} INFO - [2022-11-25T06:22:03.598+0000] {dagbag.py:537} INFO - Filling up the DagBag from /home/airflow/.local/lib/python3.7/site-packages/airflow/example_dags/example_short_circuit_operator.py
[2022-11-25T06:22:03.614+0000] {processor.py:766} INFO - DAG(s) dict_keys(['example_short_circuit_operator']) retrieved from /home/airflow/.local/lib/python3.7/site-packages/airflow/example_dags/example_short_circuit_operator.py
[2022-11-25T06:22:03.634+0000] {logging_mixin.py:137} INFO - [2022-11-25T06:22:03.634+0000] {dag.py:2585} INFO - Sync 1 DAGs
[2022-11-25T06:22:03.658+0000] {logging_mixin.py:137} INFO - [2022-11-25T06:22:03.658+0000] {dag.py:3340} INFO - Setting next_dagrun for example_short_circuit_operator to 2022-11-24T06:22:03.658544+00:00, run_after=2022-11-25T06:22:03.658544+00:00
[2022-11-25T06:22:03.674+0000] {processor.py:176} INFO - Processing /home/airflow/.local/lib/python3.7/site-packages/airflow/example_dags/example_short_circuit_operator.py took 0.084 seconds
[2022-11-25T06:22:34.356+0000] {processor.py:154} INFO - Started process (PID=323) to work on /home/airflow/.local/lib/python3.7/site-packages/airflow/example_dags/example_short_circuit_operator.py
[2022-11-25T06:22:34.358+0000] {processor.py:756} INFO - Processing file /home/airflow/.local/lib/python3.7/site-packages/airflow/example_dags/example_short_circuit_operator.py for tasks to queue
[2022-11-25T06:22:34.361+0000] {logging_mixin.py:137} INFO - [2022-11-25T06:22:34.360+0000] {dagbag.py:537} INFO - Filling up the DagBag from /home/airflow/.local/lib/python3.7/site-packages/airflow/example_dags/example_short_circuit_operator.py
[2022-11-25T06:22:34.388+0000] {processor.py:766} INFO - DAG(s) dict_keys(['example_short_circuit_operator']) retrieved from /home/airflow/.local/lib/python3.7/site-packages/airflow/example_dags/example_short_circuit_operator.py
[2022-11-25T06:22:34.464+0000] {logging_mixin.py:137} INFO - [2022-11-25T06:22:34.464+0000] {dag.py:2585} INFO - Sync 1 DAGs
[2022-11-25T06:22:34.515+0000] {logging_mixin.py:137} INFO - [2022-11-25T06:22:34.515+0000] {dag.py:3340} INFO - Setting next_dagrun for example_short_circuit_operator to 2022-11-24T06:22:34.514956+00:00, run_after=2022-11-25T06:22:34.514956+00:00
[2022-11-25T06:22:34.543+0000] {processor.py:176} INFO - Processing /home/airflow/.local/lib/python3.7/site-packages/airflow/example_dags/example_short_circuit_operator.py took 0.190 seconds
[2022-11-25T06:23:05.078+0000] {processor.py:154} INFO - Started process (PID=390) to work on /home/airflow/.local/lib/python3.7/site-packages/airflow/example_dags/example_short_circuit_operator.py
[2022-11-25T06:23:05.081+0000] {processor.py:756} INFO - Processing file /home/airflow/.local/lib/python3.7/site-packages/airflow/example_dags/example_short_circuit_operator.py for tasks to queue
[2022-11-25T06:23:05.082+0000] {logging_mixin.py:137} INFO - [2022-11-25T06:23:05.082+0000] {dagbag.py:537} INFO - Filling up the DagBag from /home/airflow/.local/lib/python3.7/site-packages/airflow/example_dags/example_short_circuit_operator.py
[2022-11-25T06:23:05.101+0000] {processor.py:766} INFO - DAG(s) dict_keys(['example_short_circuit_operator']) retrieved from /home/airflow/.local/lib/python3.7/site-packages/airflow/example_dags/example_short_circuit_operator.py
[2022-11-25T06:23:05.159+0000] {logging_mixin.py:137} INFO - [2022-11-25T06:23:05.158+0000] {dag.py:2585} INFO - Sync 1 DAGs
[2022-11-25T06:23:05.187+0000] {logging_mixin.py:137} INFO - [2022-11-25T06:23:05.187+0000] {dag.py:3340} INFO - Setting next_dagrun for example_short_circuit_operator to 2022-11-24T06:23:05.186897+00:00, run_after=2022-11-25T06:23:05.186897+00:00
[2022-11-25T06:23:05.203+0000] {processor.py:176} INFO - Processing /home/airflow/.local/lib/python3.7/site-packages/airflow/example_dags/example_short_circuit_operator.py took 0.135 seconds
[2022-11-25T06:23:35.573+0000] {processor.py:154} INFO - Started process (PID=458) to work on /home/airflow/.local/lib/python3.7/site-packages/airflow/example_dags/example_short_circuit_operator.py
[2022-11-25T06:23:35.575+0000] {processor.py:756} INFO - Processing file /home/airflow/.local/lib/python3.7/site-packages/airflow/example_dags/example_short_circuit_operator.py for tasks to queue
[2022-11-25T06:23:35.576+0000] {logging_mixin.py:137} INFO - [2022-11-25T06:23:35.576+0000] {dagbag.py:537} INFO - Filling up the DagBag from /home/airflow/.local/lib/python3.7/site-packages/airflow/example_dags/example_short_circuit_operator.py
[2022-11-25T06:23:35.589+0000] {processor.py:766} INFO - DAG(s) dict_keys(['example_short_circuit_operator']) retrieved from /home/airflow/.local/lib/python3.7/site-packages/airflow/example_dags/example_short_circuit_operator.py
[2022-11-25T06:23:35.617+0000] {logging_mixin.py:137} INFO - [2022-11-25T06:23:35.616+0000] {dag.py:2585} INFO - Sync 1 DAGs
[2022-11-25T06:23:35.635+0000] {logging_mixin.py:137} INFO - [2022-11-25T06:23:35.635+0000] {dag.py:3340} INFO - Setting next_dagrun for example_short_circuit_operator to 2022-11-24T06:23:35.635362+00:00, run_after=2022-11-25T06:23:35.635362+00:00
[2022-11-25T06:23:35.647+0000] {processor.py:176} INFO - Processing /home/airflow/.local/lib/python3.7/site-packages/airflow/example_dags/example_short_circuit_operator.py took 0.078 seconds
[2022-11-25T06:24:06.350+0000] {processor.py:154} INFO - Started process (PID=516) to work on /home/airflow/.local/lib/python3.7/site-packages/airflow/example_dags/example_short_circuit_operator.py
[2022-11-25T06:24:06.352+0000] {processor.py:756} INFO - Processing file /home/airflow/.local/lib/python3.7/site-packages/airflow/example_dags/example_short_circuit_operator.py for tasks to queue
[2022-11-25T06:24:06.353+0000] {logging_mixin.py:137} INFO - [2022-11-25T06:24:06.353+0000] {dagbag.py:537} INFO - Filling up the DagBag from /home/airflow/.local/lib/python3.7/site-packages/airflow/example_dags/example_short_circuit_operator.py
[2022-11-25T06:24:06.368+0000] {processor.py:766} INFO - DAG(s) dict_keys(['example_short_circuit_operator']) retrieved from /home/airflow/.local/lib/python3.7/site-packages/airflow/example_dags/example_short_circuit_operator.py
[2022-11-25T06:24:06.396+0000] {logging_mixin.py:137} INFO - [2022-11-25T06:24:06.396+0000] {dag.py:2585} INFO - Sync 1 DAGs
[2022-11-25T06:24:06.413+0000] {logging_mixin.py:137} INFO - [2022-11-25T06:24:06.413+0000] {dag.py:3340} INFO - Setting next_dagrun for example_short_circuit_operator to 2022-11-24T06:24:06.413538+00:00, run_after=2022-11-25T06:24:06.413538+00:00
[2022-11-25T06:24:06.426+0000] {processor.py:176} INFO - Processing /home/airflow/.local/lib/python3.7/site-packages/airflow/example_dags/example_short_circuit_operator.py took 0.079 seconds
[2022-11-25T06:24:38.338+0000] {processor.py:154} INFO - Started process (PID=584) to work on /home/airflow/.local/lib/python3.7/site-packages/airflow/example_dags/example_short_circuit_operator.py
[2022-11-25T06:24:38.340+0000] {processor.py:756} INFO - Processing file /home/airflow/.local/lib/python3.7/site-packages/airflow/example_dags/example_short_circuit_operator.py for tasks to queue
[2022-11-25T06:24:38.342+0000] {logging_mixin.py:137} INFO - [2022-11-25T06:24:38.341+0000] {dagbag.py:537} INFO - Filling up the DagBag from /home/airflow/.local/lib/python3.7/site-packages/airflow/example_dags/example_short_circuit_operator.py
[2022-11-25T06:24:38.356+0000] {processor.py:766} INFO - DAG(s) dict_keys(['example_short_circuit_operator']) retrieved from /home/airflow/.local/lib/python3.7/site-packages/airflow/example_dags/example_short_circuit_operator.py
[2022-11-25T06:24:38.387+0000] {logging_mixin.py:137} INFO - [2022-11-25T06:24:38.387+0000] {dag.py:2585} INFO - Sync 1 DAGs
[2022-11-25T06:24:38.419+0000] {logging_mixin.py:137} INFO - [2022-11-25T06:24:38.419+0000] {dag.py:3340} INFO - Setting next_dagrun for example_short_circuit_operator to 2022-11-24T06:24:38.419393+00:00, run_after=2022-11-25T06:24:38.419393+00:00
[2022-11-25T06:24:38.436+0000] {processor.py:176} INFO - Processing /home/airflow/.local/lib/python3.7/site-packages/airflow/example_dags/example_short_circuit_operator.py took 0.101 seconds
