[2022-11-25T05:25:54.482+0000] {processor.py:154} INFO - Started process (PID=77) to work on /home/airflow/.local/lib/python3.7/site-packages/airflow/example_dags/example_nested_branch_dag.py
[2022-11-25T05:25:54.669+0000] {processor.py:756} INFO - Processing file /home/airflow/.local/lib/python3.7/site-packages/airflow/example_dags/example_nested_branch_dag.py for tasks to queue
[2022-11-25T05:25:54.790+0000] {logging_mixin.py:137} INFO - [2022-11-25T05:25:54.789+0000] {dagbag.py:537} INFO - Filling up the DagBag from /home/airflow/.local/lib/python3.7/site-packages/airflow/example_dags/example_nested_branch_dag.py
[2022-11-25T05:25:57.861+0000] {processor.py:766} INFO - DAG(s) dict_keys(['example_nested_branch_dag']) retrieved from /home/airflow/.local/lib/python3.7/site-packages/airflow/example_dags/example_nested_branch_dag.py
[2022-11-25T05:26:02.370+0000] {logging_mixin.py:137} INFO - [2022-11-25T05:26:02.347+0000] {dag.py:2585} INFO - Sync 1 DAGs
[2022-11-25T05:26:03.419+0000] {logging_mixin.py:137} INFO - [2022-11-25T05:26:03.411+0000] {dag.py:3340} INFO - Setting next_dagrun for example_nested_branch_dag to 2022-11-24T00:00:00+00:00, run_after=2022-11-25T00:00:00+00:00
[2022-11-25T05:26:04.085+0000] {processor.py:176} INFO - Processing /home/airflow/.local/lib/python3.7/site-packages/airflow/example_dags/example_nested_branch_dag.py took 10.244 seconds
[2022-11-25T06:20:32.139+0000] {processor.py:154} INFO - Started process (PID=61) to work on /home/airflow/.local/lib/python3.7/site-packages/airflow/example_dags/example_nested_branch_dag.py
[2022-11-25T06:20:32.142+0000] {processor.py:756} INFO - Processing file /home/airflow/.local/lib/python3.7/site-packages/airflow/example_dags/example_nested_branch_dag.py for tasks to queue
[2022-11-25T06:20:32.143+0000] {logging_mixin.py:137} INFO - [2022-11-25T06:20:32.143+0000] {dagbag.py:537} INFO - Filling up the DagBag from /home/airflow/.local/lib/python3.7/site-packages/airflow/example_dags/example_nested_branch_dag.py
[2022-11-25T06:20:32.172+0000] {processor.py:766} INFO - DAG(s) dict_keys(['example_nested_branch_dag']) retrieved from /home/airflow/.local/lib/python3.7/site-packages/airflow/example_dags/example_nested_branch_dag.py
[2022-11-25T06:20:32.303+0000] {logging_mixin.py:137} INFO - [2022-11-25T06:20:32.303+0000] {manager.py:507} INFO - Created Permission View: can read on DAG:example_nested_branch_dag
[2022-11-25T06:20:32.311+0000] {logging_mixin.py:137} INFO - [2022-11-25T06:20:32.311+0000] {manager.py:507} INFO - Created Permission View: can edit on DAG:example_nested_branch_dag
[2022-11-25T06:20:32.316+0000] {logging_mixin.py:137} INFO - [2022-11-25T06:20:32.316+0000] {manager.py:507} INFO - Created Permission View: can delete on DAG:example_nested_branch_dag
[2022-11-25T06:20:32.317+0000] {logging_mixin.py:137} INFO - [2022-11-25T06:20:32.317+0000] {dag.py:2585} INFO - Sync 1 DAGs
[2022-11-25T06:20:32.328+0000] {logging_mixin.py:137} INFO - [2022-11-25T06:20:32.328+0000] {dag.py:2606} INFO - Creating ORM DAG for example_nested_branch_dag
[2022-11-25T06:20:32.343+0000] {logging_mixin.py:137} INFO - [2022-11-25T06:20:32.343+0000] {dag.py:3340} INFO - Setting next_dagrun for example_nested_branch_dag to 2022-11-24T00:00:00+00:00, run_after=2022-11-25T00:00:00+00:00
[2022-11-25T06:20:32.362+0000] {processor.py:176} INFO - Processing /home/airflow/.local/lib/python3.7/site-packages/airflow/example_dags/example_nested_branch_dag.py took 0.226 seconds
[2022-11-25T06:21:02.577+0000] {processor.py:154} INFO - Started process (PID=129) to work on /home/airflow/.local/lib/python3.7/site-packages/airflow/example_dags/example_nested_branch_dag.py
[2022-11-25T06:21:02.579+0000] {processor.py:756} INFO - Processing file /home/airflow/.local/lib/python3.7/site-packages/airflow/example_dags/example_nested_branch_dag.py for tasks to queue
[2022-11-25T06:21:02.580+0000] {logging_mixin.py:137} INFO - [2022-11-25T06:21:02.580+0000] {dagbag.py:537} INFO - Filling up the DagBag from /home/airflow/.local/lib/python3.7/site-packages/airflow/example_dags/example_nested_branch_dag.py
[2022-11-25T06:21:02.596+0000] {processor.py:766} INFO - DAG(s) dict_keys(['example_nested_branch_dag']) retrieved from /home/airflow/.local/lib/python3.7/site-packages/airflow/example_dags/example_nested_branch_dag.py
[2022-11-25T06:21:02.622+0000] {logging_mixin.py:137} INFO - [2022-11-25T06:21:02.622+0000] {dag.py:2585} INFO - Sync 1 DAGs
[2022-11-25T06:21:02.637+0000] {logging_mixin.py:137} INFO - [2022-11-25T06:21:02.637+0000] {dag.py:3340} INFO - Setting next_dagrun for example_nested_branch_dag to 2022-11-24T00:00:00+00:00, run_after=2022-11-25T00:00:00+00:00
[2022-11-25T06:21:02.650+0000] {processor.py:176} INFO - Processing /home/airflow/.local/lib/python3.7/site-packages/airflow/example_dags/example_nested_branch_dag.py took 0.074 seconds
[2022-11-25T06:21:33.577+0000] {processor.py:154} INFO - Started process (PID=198) to work on /home/airflow/.local/lib/python3.7/site-packages/airflow/example_dags/example_nested_branch_dag.py
[2022-11-25T06:21:33.579+0000] {processor.py:756} INFO - Processing file /home/airflow/.local/lib/python3.7/site-packages/airflow/example_dags/example_nested_branch_dag.py for tasks to queue
[2022-11-25T06:21:33.580+0000] {logging_mixin.py:137} INFO - [2022-11-25T06:21:33.580+0000] {dagbag.py:537} INFO - Filling up the DagBag from /home/airflow/.local/lib/python3.7/site-packages/airflow/example_dags/example_nested_branch_dag.py
[2022-11-25T06:21:33.598+0000] {processor.py:766} INFO - DAG(s) dict_keys(['example_nested_branch_dag']) retrieved from /home/airflow/.local/lib/python3.7/site-packages/airflow/example_dags/example_nested_branch_dag.py
[2022-11-25T06:21:33.626+0000] {logging_mixin.py:137} INFO - [2022-11-25T06:21:33.626+0000] {dag.py:2585} INFO - Sync 1 DAGs
[2022-11-25T06:21:33.643+0000] {logging_mixin.py:137} INFO - [2022-11-25T06:21:33.643+0000] {dag.py:3340} INFO - Setting next_dagrun for example_nested_branch_dag to 2022-11-24T00:00:00+00:00, run_after=2022-11-25T00:00:00+00:00
[2022-11-25T06:21:33.654+0000] {processor.py:176} INFO - Processing /home/airflow/.local/lib/python3.7/site-packages/airflow/example_dags/example_nested_branch_dag.py took 0.079 seconds
[2022-11-25T06:22:03.709+0000] {processor.py:154} INFO - Started process (PID=257) to work on /home/airflow/.local/lib/python3.7/site-packages/airflow/example_dags/example_nested_branch_dag.py
[2022-11-25T06:22:03.712+0000] {processor.py:756} INFO - Processing file /home/airflow/.local/lib/python3.7/site-packages/airflow/example_dags/example_nested_branch_dag.py for tasks to queue
[2022-11-25T06:22:03.715+0000] {logging_mixin.py:137} INFO - [2022-11-25T06:22:03.715+0000] {dagbag.py:537} INFO - Filling up the DagBag from /home/airflow/.local/lib/python3.7/site-packages/airflow/example_dags/example_nested_branch_dag.py
[2022-11-25T06:22:03.733+0000] {processor.py:766} INFO - DAG(s) dict_keys(['example_nested_branch_dag']) retrieved from /home/airflow/.local/lib/python3.7/site-packages/airflow/example_dags/example_nested_branch_dag.py
[2022-11-25T06:22:03.750+0000] {logging_mixin.py:137} INFO - [2022-11-25T06:22:03.750+0000] {dag.py:2585} INFO - Sync 1 DAGs
[2022-11-25T06:22:03.770+0000] {logging_mixin.py:137} INFO - [2022-11-25T06:22:03.770+0000] {dag.py:3340} INFO - Setting next_dagrun for example_nested_branch_dag to 2022-11-24T00:00:00+00:00, run_after=2022-11-25T00:00:00+00:00
[2022-11-25T06:22:03.783+0000] {processor.py:176} INFO - Processing /home/airflow/.local/lib/python3.7/site-packages/airflow/example_dags/example_nested_branch_dag.py took 0.077 seconds
[2022-11-25T06:22:34.734+0000] {processor.py:154} INFO - Started process (PID=326) to work on /home/airflow/.local/lib/python3.7/site-packages/airflow/example_dags/example_nested_branch_dag.py
[2022-11-25T06:22:34.736+0000] {processor.py:756} INFO - Processing file /home/airflow/.local/lib/python3.7/site-packages/airflow/example_dags/example_nested_branch_dag.py for tasks to queue
[2022-11-25T06:22:34.737+0000] {logging_mixin.py:137} INFO - [2022-11-25T06:22:34.737+0000] {dagbag.py:537} INFO - Filling up the DagBag from /home/airflow/.local/lib/python3.7/site-packages/airflow/example_dags/example_nested_branch_dag.py
[2022-11-25T06:22:34.756+0000] {processor.py:766} INFO - DAG(s) dict_keys(['example_nested_branch_dag']) retrieved from /home/airflow/.local/lib/python3.7/site-packages/airflow/example_dags/example_nested_branch_dag.py
[2022-11-25T06:22:34.788+0000] {logging_mixin.py:137} INFO - [2022-11-25T06:22:34.788+0000] {dag.py:2585} INFO - Sync 1 DAGs
[2022-11-25T06:22:34.808+0000] {logging_mixin.py:137} INFO - [2022-11-25T06:22:34.808+0000] {dag.py:3340} INFO - Setting next_dagrun for example_nested_branch_dag to 2022-11-24T00:00:00+00:00, run_after=2022-11-25T00:00:00+00:00
[2022-11-25T06:22:34.825+0000] {processor.py:176} INFO - Processing /home/airflow/.local/lib/python3.7/site-packages/airflow/example_dags/example_nested_branch_dag.py took 0.093 seconds
[2022-11-25T06:23:05.357+0000] {processor.py:154} INFO - Started process (PID=393) to work on /home/airflow/.local/lib/python3.7/site-packages/airflow/example_dags/example_nested_branch_dag.py
[2022-11-25T06:23:05.359+0000] {processor.py:756} INFO - Processing file /home/airflow/.local/lib/python3.7/site-packages/airflow/example_dags/example_nested_branch_dag.py for tasks to queue
[2022-11-25T06:23:05.361+0000] {logging_mixin.py:137} INFO - [2022-11-25T06:23:05.361+0000] {dagbag.py:537} INFO - Filling up the DagBag from /home/airflow/.local/lib/python3.7/site-packages/airflow/example_dags/example_nested_branch_dag.py
[2022-11-25T06:23:05.383+0000] {processor.py:766} INFO - DAG(s) dict_keys(['example_nested_branch_dag']) retrieved from /home/airflow/.local/lib/python3.7/site-packages/airflow/example_dags/example_nested_branch_dag.py
[2022-11-25T06:23:05.421+0000] {logging_mixin.py:137} INFO - [2022-11-25T06:23:05.421+0000] {dag.py:2585} INFO - Sync 1 DAGs
[2022-11-25T06:23:05.438+0000] {logging_mixin.py:137} INFO - [2022-11-25T06:23:05.438+0000] {dag.py:3340} INFO - Setting next_dagrun for example_nested_branch_dag to 2022-11-24T00:00:00+00:00, run_after=2022-11-25T00:00:00+00:00
[2022-11-25T06:23:05.452+0000] {processor.py:176} INFO - Processing /home/airflow/.local/lib/python3.7/site-packages/airflow/example_dags/example_nested_branch_dag.py took 0.098 seconds
[2022-11-25T06:23:35.780+0000] {processor.py:154} INFO - Started process (PID=461) to work on /home/airflow/.local/lib/python3.7/site-packages/airflow/example_dags/example_nested_branch_dag.py
[2022-11-25T06:23:35.782+0000] {processor.py:756} INFO - Processing file /home/airflow/.local/lib/python3.7/site-packages/airflow/example_dags/example_nested_branch_dag.py for tasks to queue
[2022-11-25T06:23:35.787+0000] {logging_mixin.py:137} INFO - [2022-11-25T06:23:35.787+0000] {dagbag.py:537} INFO - Filling up the DagBag from /home/airflow/.local/lib/python3.7/site-packages/airflow/example_dags/example_nested_branch_dag.py
[2022-11-25T06:23:35.805+0000] {processor.py:766} INFO - DAG(s) dict_keys(['example_nested_branch_dag']) retrieved from /home/airflow/.local/lib/python3.7/site-packages/airflow/example_dags/example_nested_branch_dag.py
[2022-11-25T06:23:35.832+0000] {logging_mixin.py:137} INFO - [2022-11-25T06:23:35.832+0000] {dag.py:2585} INFO - Sync 1 DAGs
[2022-11-25T06:23:35.847+0000] {logging_mixin.py:137} INFO - [2022-11-25T06:23:35.847+0000] {dag.py:3340} INFO - Setting next_dagrun for example_nested_branch_dag to 2022-11-24T00:00:00+00:00, run_after=2022-11-25T00:00:00+00:00
[2022-11-25T06:23:35.858+0000] {processor.py:176} INFO - Processing /home/airflow/.local/lib/python3.7/site-packages/airflow/example_dags/example_nested_branch_dag.py took 0.080 seconds
[2022-11-25T06:24:06.616+0000] {processor.py:154} INFO - Started process (PID=520) to work on /home/airflow/.local/lib/python3.7/site-packages/airflow/example_dags/example_nested_branch_dag.py
[2022-11-25T06:24:06.618+0000] {processor.py:756} INFO - Processing file /home/airflow/.local/lib/python3.7/site-packages/airflow/example_dags/example_nested_branch_dag.py for tasks to queue
[2022-11-25T06:24:06.619+0000] {logging_mixin.py:137} INFO - [2022-11-25T06:24:06.619+0000] {dagbag.py:537} INFO - Filling up the DagBag from /home/airflow/.local/lib/python3.7/site-packages/airflow/example_dags/example_nested_branch_dag.py
[2022-11-25T06:24:06.639+0000] {processor.py:766} INFO - DAG(s) dict_keys(['example_nested_branch_dag']) retrieved from /home/airflow/.local/lib/python3.7/site-packages/airflow/example_dags/example_nested_branch_dag.py
[2022-11-25T06:24:06.667+0000] {logging_mixin.py:137} INFO - [2022-11-25T06:24:06.667+0000] {dag.py:2585} INFO - Sync 1 DAGs
[2022-11-25T06:24:06.686+0000] {logging_mixin.py:137} INFO - [2022-11-25T06:24:06.686+0000] {dag.py:3340} INFO - Setting next_dagrun for example_nested_branch_dag to 2022-11-24T00:00:00+00:00, run_after=2022-11-25T00:00:00+00:00
[2022-11-25T06:24:06.699+0000] {processor.py:176} INFO - Processing /home/airflow/.local/lib/python3.7/site-packages/airflow/example_dags/example_nested_branch_dag.py took 0.085 seconds
[2022-11-25T06:24:38.638+0000] {processor.py:154} INFO - Started process (PID=587) to work on /home/airflow/.local/lib/python3.7/site-packages/airflow/example_dags/example_nested_branch_dag.py
[2022-11-25T06:24:38.641+0000] {processor.py:756} INFO - Processing file /home/airflow/.local/lib/python3.7/site-packages/airflow/example_dags/example_nested_branch_dag.py for tasks to queue
[2022-11-25T06:24:38.645+0000] {logging_mixin.py:137} INFO - [2022-11-25T06:24:38.645+0000] {dagbag.py:537} INFO - Filling up the DagBag from /home/airflow/.local/lib/python3.7/site-packages/airflow/example_dags/example_nested_branch_dag.py
[2022-11-25T06:24:38.691+0000] {processor.py:766} INFO - DAG(s) dict_keys(['example_nested_branch_dag']) retrieved from /home/airflow/.local/lib/python3.7/site-packages/airflow/example_dags/example_nested_branch_dag.py
[2022-11-25T06:24:38.763+0000] {logging_mixin.py:137} INFO - [2022-11-25T06:24:38.763+0000] {dag.py:2585} INFO - Sync 1 DAGs
[2022-11-25T06:24:38.804+0000] {logging_mixin.py:137} INFO - [2022-11-25T06:24:38.803+0000] {dag.py:3340} INFO - Setting next_dagrun for example_nested_branch_dag to 2022-11-24T00:00:00+00:00, run_after=2022-11-25T00:00:00+00:00
[2022-11-25T06:24:38.830+0000] {processor.py:176} INFO - Processing /home/airflow/.local/lib/python3.7/site-packages/airflow/example_dags/example_nested_branch_dag.py took 0.197 seconds
