[2022-11-25T05:25:18.813+0000] {processor.py:154} INFO - Started process (PID=62) to work on /home/airflow/.local/lib/python3.7/site-packages/airflow/example_dags/example_trigger_target_dag.py
[2022-11-25T05:25:18.854+0000] {processor.py:756} INFO - Processing file /home/airflow/.local/lib/python3.7/site-packages/airflow/example_dags/example_trigger_target_dag.py for tasks to queue
[2022-11-25T05:25:18.880+0000] {logging_mixin.py:137} INFO - [2022-11-25T05:25:18.879+0000] {dagbag.py:537} INFO - Filling up the DagBag from /home/airflow/.local/lib/python3.7/site-packages/airflow/example_dags/example_trigger_target_dag.py
[2022-11-25T05:25:19.714+0000] {processor.py:766} INFO - DAG(s) dict_keys(['example_trigger_target_dag']) retrieved from /home/airflow/.local/lib/python3.7/site-packages/airflow/example_dags/example_trigger_target_dag.py
[2022-11-25T05:25:22.082+0000] {logging_mixin.py:137} INFO - [2022-11-25T05:25:22.075+0000] {dag.py:2585} INFO - Sync 1 DAGs
[2022-11-25T05:25:22.672+0000] {logging_mixin.py:137} INFO - [2022-11-25T05:25:22.670+0000] {dag.py:3340} INFO - Setting next_dagrun for example_trigger_target_dag to None, run_after=None
[2022-11-25T05:25:24.025+0000] {processor.py:176} INFO - Processing /home/airflow/.local/lib/python3.7/site-packages/airflow/example_dags/example_trigger_target_dag.py took 5.315 seconds
[2022-11-25T06:20:29.437+0000] {processor.py:154} INFO - Started process (PID=55) to work on /home/airflow/.local/lib/python3.7/site-packages/airflow/example_dags/example_trigger_target_dag.py
[2022-11-25T06:20:29.445+0000] {processor.py:756} INFO - Processing file /home/airflow/.local/lib/python3.7/site-packages/airflow/example_dags/example_trigger_target_dag.py for tasks to queue
[2022-11-25T06:20:29.449+0000] {logging_mixin.py:137} INFO - [2022-11-25T06:20:29.448+0000] {dagbag.py:537} INFO - Filling up the DagBag from /home/airflow/.local/lib/python3.7/site-packages/airflow/example_dags/example_trigger_target_dag.py
[2022-11-25T06:20:29.495+0000] {processor.py:766} INFO - DAG(s) dict_keys(['example_trigger_target_dag']) retrieved from /home/airflow/.local/lib/python3.7/site-packages/airflow/example_dags/example_trigger_target_dag.py
[2022-11-25T06:20:30.018+0000] {logging_mixin.py:137} INFO - [2022-11-25T06:20:30.017+0000] {manager.py:507} INFO - Created Permission View: can read on DAG:example_trigger_target_dag
[2022-11-25T06:20:30.067+0000] {logging_mixin.py:137} INFO - [2022-11-25T06:20:30.066+0000] {manager.py:507} INFO - Created Permission View: can edit on DAG:example_trigger_target_dag
[2022-11-25T06:20:30.108+0000] {logging_mixin.py:137} INFO - [2022-11-25T06:20:30.108+0000] {manager.py:507} INFO - Created Permission View: can delete on DAG:example_trigger_target_dag
[2022-11-25T06:20:30.111+0000] {logging_mixin.py:137} INFO - [2022-11-25T06:20:30.110+0000] {dag.py:2585} INFO - Sync 1 DAGs
[2022-11-25T06:20:30.180+0000] {logging_mixin.py:137} INFO - [2022-11-25T06:20:30.179+0000] {dag.py:2606} INFO - Creating ORM DAG for example_trigger_target_dag
[2022-11-25T06:20:30.356+0000] {logging_mixin.py:137} INFO - [2022-11-25T06:20:30.355+0000] {dag.py:3340} INFO - Setting next_dagrun for example_trigger_target_dag to None, run_after=None
[2022-11-25T06:20:30.526+0000] {processor.py:176} INFO - Processing /home/airflow/.local/lib/python3.7/site-packages/airflow/example_dags/example_trigger_target_dag.py took 1.093 seconds
[2022-11-25T06:21:01.298+0000] {processor.py:154} INFO - Started process (PID=123) to work on /home/airflow/.local/lib/python3.7/site-packages/airflow/example_dags/example_trigger_target_dag.py
[2022-11-25T06:21:01.301+0000] {processor.py:756} INFO - Processing file /home/airflow/.local/lib/python3.7/site-packages/airflow/example_dags/example_trigger_target_dag.py for tasks to queue
[2022-11-25T06:21:01.303+0000] {logging_mixin.py:137} INFO - [2022-11-25T06:21:01.302+0000] {dagbag.py:537} INFO - Filling up the DagBag from /home/airflow/.local/lib/python3.7/site-packages/airflow/example_dags/example_trigger_target_dag.py
[2022-11-25T06:21:01.325+0000] {processor.py:766} INFO - DAG(s) dict_keys(['example_trigger_target_dag']) retrieved from /home/airflow/.local/lib/python3.7/site-packages/airflow/example_dags/example_trigger_target_dag.py
[2022-11-25T06:21:01.377+0000] {logging_mixin.py:137} INFO - [2022-11-25T06:21:01.377+0000] {dag.py:2585} INFO - Sync 1 DAGs
[2022-11-25T06:21:01.395+0000] {logging_mixin.py:137} INFO - [2022-11-25T06:21:01.395+0000] {dag.py:3340} INFO - Setting next_dagrun for example_trigger_target_dag to None, run_after=None
[2022-11-25T06:21:01.410+0000] {processor.py:176} INFO - Processing /home/airflow/.local/lib/python3.7/site-packages/airflow/example_dags/example_trigger_target_dag.py took 0.116 seconds
[2022-11-25T06:21:32.237+0000] {processor.py:154} INFO - Started process (PID=192) to work on /home/airflow/.local/lib/python3.7/site-packages/airflow/example_dags/example_trigger_target_dag.py
[2022-11-25T06:21:32.240+0000] {processor.py:756} INFO - Processing file /home/airflow/.local/lib/python3.7/site-packages/airflow/example_dags/example_trigger_target_dag.py for tasks to queue
[2022-11-25T06:21:32.243+0000] {logging_mixin.py:137} INFO - [2022-11-25T06:21:32.243+0000] {dagbag.py:537} INFO - Filling up the DagBag from /home/airflow/.local/lib/python3.7/site-packages/airflow/example_dags/example_trigger_target_dag.py
[2022-11-25T06:21:32.294+0000] {processor.py:766} INFO - DAG(s) dict_keys(['example_trigger_target_dag']) retrieved from /home/airflow/.local/lib/python3.7/site-packages/airflow/example_dags/example_trigger_target_dag.py
[2022-11-25T06:21:32.351+0000] {logging_mixin.py:137} INFO - [2022-11-25T06:21:32.351+0000] {dag.py:2585} INFO - Sync 1 DAGs
[2022-11-25T06:21:32.377+0000] {logging_mixin.py:137} INFO - [2022-11-25T06:21:32.377+0000] {dag.py:3340} INFO - Setting next_dagrun for example_trigger_target_dag to None, run_after=None
[2022-11-25T06:21:32.404+0000] {processor.py:176} INFO - Processing /home/airflow/.local/lib/python3.7/site-packages/airflow/example_dags/example_trigger_target_dag.py took 0.178 seconds
[2022-11-25T06:22:02.527+0000] {processor.py:154} INFO - Started process (PID=252) to work on /home/airflow/.local/lib/python3.7/site-packages/airflow/example_dags/example_trigger_target_dag.py
[2022-11-25T06:22:02.530+0000] {processor.py:756} INFO - Processing file /home/airflow/.local/lib/python3.7/site-packages/airflow/example_dags/example_trigger_target_dag.py for tasks to queue
[2022-11-25T06:22:02.533+0000] {logging_mixin.py:137} INFO - [2022-11-25T06:22:02.533+0000] {dagbag.py:537} INFO - Filling up the DagBag from /home/airflow/.local/lib/python3.7/site-packages/airflow/example_dags/example_trigger_target_dag.py
[2022-11-25T06:22:02.558+0000] {processor.py:766} INFO - DAG(s) dict_keys(['example_trigger_target_dag']) retrieved from /home/airflow/.local/lib/python3.7/site-packages/airflow/example_dags/example_trigger_target_dag.py
[2022-11-25T06:22:02.580+0000] {logging_mixin.py:137} INFO - [2022-11-25T06:22:02.580+0000] {dag.py:2585} INFO - Sync 1 DAGs
[2022-11-25T06:22:02.598+0000] {logging_mixin.py:137} INFO - [2022-11-25T06:22:02.598+0000] {dag.py:3340} INFO - Setting next_dagrun for example_trigger_target_dag to None, run_after=None
[2022-11-25T06:22:02.610+0000] {processor.py:176} INFO - Processing /home/airflow/.local/lib/python3.7/site-packages/airflow/example_dags/example_trigger_target_dag.py took 0.088 seconds
[2022-11-25T06:22:33.326+0000] {processor.py:154} INFO - Started process (PID=320) to work on /home/airflow/.local/lib/python3.7/site-packages/airflow/example_dags/example_trigger_target_dag.py
[2022-11-25T06:22:33.330+0000] {processor.py:756} INFO - Processing file /home/airflow/.local/lib/python3.7/site-packages/airflow/example_dags/example_trigger_target_dag.py for tasks to queue
[2022-11-25T06:22:33.332+0000] {logging_mixin.py:137} INFO - [2022-11-25T06:22:33.332+0000] {dagbag.py:537} INFO - Filling up the DagBag from /home/airflow/.local/lib/python3.7/site-packages/airflow/example_dags/example_trigger_target_dag.py
[2022-11-25T06:22:33.357+0000] {processor.py:766} INFO - DAG(s) dict_keys(['example_trigger_target_dag']) retrieved from /home/airflow/.local/lib/python3.7/site-packages/airflow/example_dags/example_trigger_target_dag.py
[2022-11-25T06:22:33.393+0000] {logging_mixin.py:137} INFO - [2022-11-25T06:22:33.393+0000] {dag.py:2585} INFO - Sync 1 DAGs
[2022-11-25T06:22:33.418+0000] {logging_mixin.py:137} INFO - [2022-11-25T06:22:33.418+0000] {dag.py:3340} INFO - Setting next_dagrun for example_trigger_target_dag to None, run_after=None
[2022-11-25T06:22:33.431+0000] {processor.py:176} INFO - Processing /home/airflow/.local/lib/python3.7/site-packages/airflow/example_dags/example_trigger_target_dag.py took 0.109 seconds
[2022-11-25T06:23:03.981+0000] {processor.py:154} INFO - Started process (PID=387) to work on /home/airflow/.local/lib/python3.7/site-packages/airflow/example_dags/example_trigger_target_dag.py
[2022-11-25T06:23:03.983+0000] {processor.py:756} INFO - Processing file /home/airflow/.local/lib/python3.7/site-packages/airflow/example_dags/example_trigger_target_dag.py for tasks to queue
[2022-11-25T06:23:03.986+0000] {logging_mixin.py:137} INFO - [2022-11-25T06:23:03.985+0000] {dagbag.py:537} INFO - Filling up the DagBag from /home/airflow/.local/lib/python3.7/site-packages/airflow/example_dags/example_trigger_target_dag.py
[2022-11-25T06:23:04.010+0000] {processor.py:766} INFO - DAG(s) dict_keys(['example_trigger_target_dag']) retrieved from /home/airflow/.local/lib/python3.7/site-packages/airflow/example_dags/example_trigger_target_dag.py
[2022-11-25T06:23:04.042+0000] {logging_mixin.py:137} INFO - [2022-11-25T06:23:04.042+0000] {dag.py:2585} INFO - Sync 1 DAGs
[2022-11-25T06:23:04.058+0000] {logging_mixin.py:137} INFO - [2022-11-25T06:23:04.058+0000] {dag.py:3340} INFO - Setting next_dagrun for example_trigger_target_dag to None, run_after=None
[2022-11-25T06:23:04.074+0000] {processor.py:176} INFO - Processing /home/airflow/.local/lib/python3.7/site-packages/airflow/example_dags/example_trigger_target_dag.py took 0.101 seconds
[2022-11-25T06:23:35.458+0000] {processor.py:154} INFO - Started process (PID=455) to work on /home/airflow/.local/lib/python3.7/site-packages/airflow/example_dags/example_trigger_target_dag.py
[2022-11-25T06:23:35.460+0000] {processor.py:756} INFO - Processing file /home/airflow/.local/lib/python3.7/site-packages/airflow/example_dags/example_trigger_target_dag.py for tasks to queue
[2022-11-25T06:23:35.460+0000] {logging_mixin.py:137} INFO - [2022-11-25T06:23:35.460+0000] {dagbag.py:537} INFO - Filling up the DagBag from /home/airflow/.local/lib/python3.7/site-packages/airflow/example_dags/example_trigger_target_dag.py
[2022-11-25T06:23:35.476+0000] {processor.py:766} INFO - DAG(s) dict_keys(['example_trigger_target_dag']) retrieved from /home/airflow/.local/lib/python3.7/site-packages/airflow/example_dags/example_trigger_target_dag.py
[2022-11-25T06:23:35.501+0000] {logging_mixin.py:137} INFO - [2022-11-25T06:23:35.501+0000] {dag.py:2585} INFO - Sync 1 DAGs
[2022-11-25T06:23:35.516+0000] {logging_mixin.py:137} INFO - [2022-11-25T06:23:35.516+0000] {dag.py:3340} INFO - Setting next_dagrun for example_trigger_target_dag to None, run_after=None
[2022-11-25T06:23:35.528+0000] {processor.py:176} INFO - Processing /home/airflow/.local/lib/python3.7/site-packages/airflow/example_dags/example_trigger_target_dag.py took 0.072 seconds
[2022-11-25T06:24:06.233+0000] {processor.py:154} INFO - Started process (PID=514) to work on /home/airflow/.local/lib/python3.7/site-packages/airflow/example_dags/example_trigger_target_dag.py
[2022-11-25T06:24:06.235+0000] {processor.py:756} INFO - Processing file /home/airflow/.local/lib/python3.7/site-packages/airflow/example_dags/example_trigger_target_dag.py for tasks to queue
[2022-11-25T06:24:06.236+0000] {logging_mixin.py:137} INFO - [2022-11-25T06:24:06.236+0000] {dagbag.py:537} INFO - Filling up the DagBag from /home/airflow/.local/lib/python3.7/site-packages/airflow/example_dags/example_trigger_target_dag.py
[2022-11-25T06:24:06.250+0000] {processor.py:766} INFO - DAG(s) dict_keys(['example_trigger_target_dag']) retrieved from /home/airflow/.local/lib/python3.7/site-packages/airflow/example_dags/example_trigger_target_dag.py
[2022-11-25T06:24:06.287+0000] {logging_mixin.py:137} INFO - [2022-11-25T06:24:06.287+0000] {dag.py:2585} INFO - Sync 1 DAGs
[2022-11-25T06:24:06.304+0000] {logging_mixin.py:137} INFO - [2022-11-25T06:24:06.304+0000] {dag.py:3340} INFO - Setting next_dagrun for example_trigger_target_dag to None, run_after=None
[2022-11-25T06:24:06.316+0000] {processor.py:176} INFO - Processing /home/airflow/.local/lib/python3.7/site-packages/airflow/example_dags/example_trigger_target_dag.py took 0.085 seconds
[2022-11-25T06:24:38.057+0000] {processor.py:154} INFO - Started process (PID=581) to work on /home/airflow/.local/lib/python3.7/site-packages/airflow/example_dags/example_trigger_target_dag.py
[2022-11-25T06:24:38.061+0000] {processor.py:756} INFO - Processing file /home/airflow/.local/lib/python3.7/site-packages/airflow/example_dags/example_trigger_target_dag.py for tasks to queue
[2022-11-25T06:24:38.063+0000] {logging_mixin.py:137} INFO - [2022-11-25T06:24:38.063+0000] {dagbag.py:537} INFO - Filling up the DagBag from /home/airflow/.local/lib/python3.7/site-packages/airflow/example_dags/example_trigger_target_dag.py
[2022-11-25T06:24:38.079+0000] {processor.py:766} INFO - DAG(s) dict_keys(['example_trigger_target_dag']) retrieved from /home/airflow/.local/lib/python3.7/site-packages/airflow/example_dags/example_trigger_target_dag.py
[2022-11-25T06:24:38.119+0000] {logging_mixin.py:137} INFO - [2022-11-25T06:24:38.118+0000] {dag.py:2585} INFO - Sync 1 DAGs
[2022-11-25T06:24:38.182+0000] {logging_mixin.py:137} INFO - [2022-11-25T06:24:38.182+0000] {dag.py:3340} INFO - Setting next_dagrun for example_trigger_target_dag to None, run_after=None
[2022-11-25T06:24:38.217+0000] {processor.py:176} INFO - Processing /home/airflow/.local/lib/python3.7/site-packages/airflow/example_dags/example_trigger_target_dag.py took 0.163 seconds
