[2022-11-25T05:26:17.477+0000] {processor.py:154} INFO - Started process (PID=96) to work on /home/airflow/.local/lib/python3.7/site-packages/airflow/example_dags/example_sla_dag.py
[2022-11-25T05:26:17.544+0000] {processor.py:756} INFO - Processing file /home/airflow/.local/lib/python3.7/site-packages/airflow/example_dags/example_sla_dag.py for tasks to queue
[2022-11-25T05:26:17.562+0000] {logging_mixin.py:137} INFO - [2022-11-25T05:26:17.562+0000] {dagbag.py:537} INFO - Filling up the DagBag from /home/airflow/.local/lib/python3.7/site-packages/airflow/example_dags/example_sla_dag.py
[2022-11-25T05:26:20.544+0000] {processor.py:766} INFO - DAG(s) dict_keys(['example_sla_dag']) retrieved from /home/airflow/.local/lib/python3.7/site-packages/airflow/example_dags/example_sla_dag.py
[2022-11-25T05:26:23.988+0000] {logging_mixin.py:137} INFO - [2022-11-25T05:26:23.977+0000] {dag.py:2585} INFO - Sync 1 DAGs
[2022-11-25T05:26:28.250+0000] {logging_mixin.py:137} INFO - [2022-11-25T05:26:28.203+0000] {dag.py:3340} INFO - Setting next_dagrun for example_sla_dag to 2022-11-25T05:24:00+00:00, run_after=2022-11-25T05:26:00+00:00
[2022-11-25T05:26:31.850+0000] {processor.py:176} INFO - Processing /home/airflow/.local/lib/python3.7/site-packages/airflow/example_dags/example_sla_dag.py took 14.832 seconds
[2022-11-25T06:20:32.517+0000] {processor.py:154} INFO - Started process (PID=64) to work on /home/airflow/.local/lib/python3.7/site-packages/airflow/example_dags/example_sla_dag.py
[2022-11-25T06:20:32.519+0000] {processor.py:756} INFO - Processing file /home/airflow/.local/lib/python3.7/site-packages/airflow/example_dags/example_sla_dag.py for tasks to queue
[2022-11-25T06:20:32.520+0000] {logging_mixin.py:137} INFO - [2022-11-25T06:20:32.520+0000] {dagbag.py:537} INFO - Filling up the DagBag from /home/airflow/.local/lib/python3.7/site-packages/airflow/example_dags/example_sla_dag.py
[2022-11-25T06:20:32.536+0000] {processor.py:766} INFO - DAG(s) dict_keys(['example_sla_dag']) retrieved from /home/airflow/.local/lib/python3.7/site-packages/airflow/example_dags/example_sla_dag.py
[2022-11-25T06:20:32.619+0000] {logging_mixin.py:137} INFO - [2022-11-25T06:20:32.619+0000] {manager.py:507} INFO - Created Permission View: can read on DAG:example_sla_dag
[2022-11-25T06:20:32.627+0000] {logging_mixin.py:137} INFO - [2022-11-25T06:20:32.627+0000] {manager.py:507} INFO - Created Permission View: can edit on DAG:example_sla_dag
[2022-11-25T06:20:32.636+0000] {logging_mixin.py:137} INFO - [2022-11-25T06:20:32.636+0000] {manager.py:507} INFO - Created Permission View: can delete on DAG:example_sla_dag
[2022-11-25T06:20:32.637+0000] {logging_mixin.py:137} INFO - [2022-11-25T06:20:32.637+0000] {dag.py:2585} INFO - Sync 1 DAGs
[2022-11-25T06:20:32.646+0000] {logging_mixin.py:137} INFO - [2022-11-25T06:20:32.646+0000] {dag.py:2606} INFO - Creating ORM DAG for example_sla_dag
[2022-11-25T06:20:32.658+0000] {logging_mixin.py:137} INFO - [2022-11-25T06:20:32.658+0000] {dag.py:3340} INFO - Setting next_dagrun for example_sla_dag to 2022-11-25T06:18:00+00:00, run_after=2022-11-25T06:20:00+00:00
[2022-11-25T06:20:32.671+0000] {processor.py:176} INFO - Processing /home/airflow/.local/lib/python3.7/site-packages/airflow/example_dags/example_sla_dag.py took 0.156 seconds
[2022-11-25T06:21:02.777+0000] {processor.py:154} INFO - Started process (PID=132) to work on /home/airflow/.local/lib/python3.7/site-packages/airflow/example_dags/example_sla_dag.py
[2022-11-25T06:21:02.779+0000] {processor.py:756} INFO - Processing file /home/airflow/.local/lib/python3.7/site-packages/airflow/example_dags/example_sla_dag.py for tasks to queue
[2022-11-25T06:21:02.780+0000] {logging_mixin.py:137} INFO - [2022-11-25T06:21:02.780+0000] {dagbag.py:537} INFO - Filling up the DagBag from /home/airflow/.local/lib/python3.7/site-packages/airflow/example_dags/example_sla_dag.py
[2022-11-25T06:21:02.798+0000] {processor.py:766} INFO - DAG(s) dict_keys(['example_sla_dag']) retrieved from /home/airflow/.local/lib/python3.7/site-packages/airflow/example_dags/example_sla_dag.py
[2022-11-25T06:21:02.827+0000] {logging_mixin.py:137} INFO - [2022-11-25T06:21:02.827+0000] {dag.py:2585} INFO - Sync 1 DAGs
[2022-11-25T06:21:02.846+0000] {logging_mixin.py:137} INFO - [2022-11-25T06:21:02.846+0000] {dag.py:3340} INFO - Setting next_dagrun for example_sla_dag to 2022-11-25T06:18:00+00:00, run_after=2022-11-25T06:20:00+00:00
[2022-11-25T06:21:02.857+0000] {processor.py:176} INFO - Processing /home/airflow/.local/lib/python3.7/site-packages/airflow/example_dags/example_sla_dag.py took 0.083 seconds
[2022-11-25T06:21:33.788+0000] {processor.py:154} INFO - Started process (PID=201) to work on /home/airflow/.local/lib/python3.7/site-packages/airflow/example_dags/example_sla_dag.py
[2022-11-25T06:21:33.790+0000] {processor.py:756} INFO - Processing file /home/airflow/.local/lib/python3.7/site-packages/airflow/example_dags/example_sla_dag.py for tasks to queue
[2022-11-25T06:21:33.791+0000] {logging_mixin.py:137} INFO - [2022-11-25T06:21:33.791+0000] {dagbag.py:537} INFO - Filling up the DagBag from /home/airflow/.local/lib/python3.7/site-packages/airflow/example_dags/example_sla_dag.py
[2022-11-25T06:21:33.806+0000] {processor.py:766} INFO - DAG(s) dict_keys(['example_sla_dag']) retrieved from /home/airflow/.local/lib/python3.7/site-packages/airflow/example_dags/example_sla_dag.py
[2022-11-25T06:21:33.834+0000] {logging_mixin.py:137} INFO - [2022-11-25T06:21:33.834+0000] {dag.py:2585} INFO - Sync 1 DAGs
[2022-11-25T06:21:33.851+0000] {logging_mixin.py:137} INFO - [2022-11-25T06:21:33.851+0000] {dag.py:3340} INFO - Setting next_dagrun for example_sla_dag to 2022-11-25T06:18:00+00:00, run_after=2022-11-25T06:20:00+00:00
[2022-11-25T06:21:33.862+0000] {processor.py:176} INFO - Processing /home/airflow/.local/lib/python3.7/site-packages/airflow/example_dags/example_sla_dag.py took 0.077 seconds
[2022-11-25T06:22:03.975+0000] {processor.py:154} INFO - Started process (PID=261) to work on /home/airflow/.local/lib/python3.7/site-packages/airflow/example_dags/example_sla_dag.py
[2022-11-25T06:22:03.976+0000] {processor.py:756} INFO - Processing file /home/airflow/.local/lib/python3.7/site-packages/airflow/example_dags/example_sla_dag.py for tasks to queue
[2022-11-25T06:22:03.977+0000] {logging_mixin.py:137} INFO - [2022-11-25T06:22:03.977+0000] {dagbag.py:537} INFO - Filling up the DagBag from /home/airflow/.local/lib/python3.7/site-packages/airflow/example_dags/example_sla_dag.py
[2022-11-25T06:22:03.991+0000] {processor.py:766} INFO - DAG(s) dict_keys(['example_sla_dag']) retrieved from /home/airflow/.local/lib/python3.7/site-packages/airflow/example_dags/example_sla_dag.py
[2022-11-25T06:22:04.007+0000] {logging_mixin.py:137} INFO - [2022-11-25T06:22:04.007+0000] {dag.py:2585} INFO - Sync 1 DAGs
[2022-11-25T06:22:04.027+0000] {logging_mixin.py:137} INFO - [2022-11-25T06:22:04.027+0000] {dag.py:3340} INFO - Setting next_dagrun for example_sla_dag to 2022-11-25T06:20:00+00:00, run_after=2022-11-25T06:22:00+00:00
[2022-11-25T06:22:04.043+0000] {processor.py:176} INFO - Processing /home/airflow/.local/lib/python3.7/site-packages/airflow/example_dags/example_sla_dag.py took 0.070 seconds
[2022-11-25T06:22:34.996+0000] {processor.py:154} INFO - Started process (PID=329) to work on /home/airflow/.local/lib/python3.7/site-packages/airflow/example_dags/example_sla_dag.py
[2022-11-25T06:22:34.998+0000] {processor.py:756} INFO - Processing file /home/airflow/.local/lib/python3.7/site-packages/airflow/example_dags/example_sla_dag.py for tasks to queue
[2022-11-25T06:22:34.999+0000] {logging_mixin.py:137} INFO - [2022-11-25T06:22:34.999+0000] {dagbag.py:537} INFO - Filling up the DagBag from /home/airflow/.local/lib/python3.7/site-packages/airflow/example_dags/example_sla_dag.py
[2022-11-25T06:22:35.020+0000] {processor.py:766} INFO - DAG(s) dict_keys(['example_sla_dag']) retrieved from /home/airflow/.local/lib/python3.7/site-packages/airflow/example_dags/example_sla_dag.py
[2022-11-25T06:22:35.058+0000] {logging_mixin.py:137} INFO - [2022-11-25T06:22:35.057+0000] {dag.py:2585} INFO - Sync 1 DAGs
[2022-11-25T06:22:35.081+0000] {logging_mixin.py:137} INFO - [2022-11-25T06:22:35.081+0000] {dag.py:3340} INFO - Setting next_dagrun for example_sla_dag to 2022-11-25T06:20:00+00:00, run_after=2022-11-25T06:22:00+00:00
[2022-11-25T06:22:35.100+0000] {processor.py:176} INFO - Processing /home/airflow/.local/lib/python3.7/site-packages/airflow/example_dags/example_sla_dag.py took 0.108 seconds
[2022-11-25T06:23:05.582+0000] {processor.py:154} INFO - Started process (PID=396) to work on /home/airflow/.local/lib/python3.7/site-packages/airflow/example_dags/example_sla_dag.py
[2022-11-25T06:23:05.584+0000] {processor.py:756} INFO - Processing file /home/airflow/.local/lib/python3.7/site-packages/airflow/example_dags/example_sla_dag.py for tasks to queue
[2022-11-25T06:23:05.586+0000] {logging_mixin.py:137} INFO - [2022-11-25T06:23:05.586+0000] {dagbag.py:537} INFO - Filling up the DagBag from /home/airflow/.local/lib/python3.7/site-packages/airflow/example_dags/example_sla_dag.py
[2022-11-25T06:23:05.602+0000] {processor.py:766} INFO - DAG(s) dict_keys(['example_sla_dag']) retrieved from /home/airflow/.local/lib/python3.7/site-packages/airflow/example_dags/example_sla_dag.py
[2022-11-25T06:23:05.630+0000] {logging_mixin.py:137} INFO - [2022-11-25T06:23:05.630+0000] {dag.py:2585} INFO - Sync 1 DAGs
[2022-11-25T06:23:05.647+0000] {logging_mixin.py:137} INFO - [2022-11-25T06:23:05.647+0000] {dag.py:3340} INFO - Setting next_dagrun for example_sla_dag to 2022-11-25T06:20:00+00:00, run_after=2022-11-25T06:22:00+00:00
[2022-11-25T06:23:05.658+0000] {processor.py:176} INFO - Processing /home/airflow/.local/lib/python3.7/site-packages/airflow/example_dags/example_sla_dag.py took 0.079 seconds
[2022-11-25T06:23:35.983+0000] {processor.py:154} INFO - Started process (PID=464) to work on /home/airflow/.local/lib/python3.7/site-packages/airflow/example_dags/example_sla_dag.py
[2022-11-25T06:23:35.986+0000] {processor.py:756} INFO - Processing file /home/airflow/.local/lib/python3.7/site-packages/airflow/example_dags/example_sla_dag.py for tasks to queue
[2022-11-25T06:23:35.987+0000] {logging_mixin.py:137} INFO - [2022-11-25T06:23:35.987+0000] {dagbag.py:537} INFO - Filling up the DagBag from /home/airflow/.local/lib/python3.7/site-packages/airflow/example_dags/example_sla_dag.py
[2022-11-25T06:23:36.009+0000] {processor.py:766} INFO - DAG(s) dict_keys(['example_sla_dag']) retrieved from /home/airflow/.local/lib/python3.7/site-packages/airflow/example_dags/example_sla_dag.py
[2022-11-25T06:23:36.048+0000] {logging_mixin.py:137} INFO - [2022-11-25T06:23:36.048+0000] {dag.py:2585} INFO - Sync 1 DAGs
[2022-11-25T06:23:36.067+0000] {logging_mixin.py:137} INFO - [2022-11-25T06:23:36.067+0000] {dag.py:3340} INFO - Setting next_dagrun for example_sla_dag to 2022-11-25T06:20:00+00:00, run_after=2022-11-25T06:22:00+00:00
[2022-11-25T06:23:36.082+0000] {processor.py:176} INFO - Processing /home/airflow/.local/lib/python3.7/site-packages/airflow/example_dags/example_sla_dag.py took 0.101 seconds
[2022-11-25T06:24:06.819+0000] {processor.py:154} INFO - Started process (PID=523) to work on /home/airflow/.local/lib/python3.7/site-packages/airflow/example_dags/example_sla_dag.py
[2022-11-25T06:24:06.821+0000] {processor.py:756} INFO - Processing file /home/airflow/.local/lib/python3.7/site-packages/airflow/example_dags/example_sla_dag.py for tasks to queue
[2022-11-25T06:24:06.822+0000] {logging_mixin.py:137} INFO - [2022-11-25T06:24:06.822+0000] {dagbag.py:537} INFO - Filling up the DagBag from /home/airflow/.local/lib/python3.7/site-packages/airflow/example_dags/example_sla_dag.py
[2022-11-25T06:24:06.842+0000] {processor.py:766} INFO - DAG(s) dict_keys(['example_sla_dag']) retrieved from /home/airflow/.local/lib/python3.7/site-packages/airflow/example_dags/example_sla_dag.py
[2022-11-25T06:24:06.872+0000] {logging_mixin.py:137} INFO - [2022-11-25T06:24:06.872+0000] {dag.py:2585} INFO - Sync 1 DAGs
[2022-11-25T06:24:06.889+0000] {logging_mixin.py:137} INFO - [2022-11-25T06:24:06.889+0000] {dag.py:3340} INFO - Setting next_dagrun for example_sla_dag to 2022-11-25T06:22:00+00:00, run_after=2022-11-25T06:24:00+00:00
[2022-11-25T06:24:06.902+0000] {processor.py:176} INFO - Processing /home/airflow/.local/lib/python3.7/site-packages/airflow/example_dags/example_sla_dag.py took 0.085 seconds
[2022-11-25T06:24:39.060+0000] {processor.py:154} INFO - Started process (PID=590) to work on /home/airflow/.local/lib/python3.7/site-packages/airflow/example_dags/example_sla_dag.py
[2022-11-25T06:24:39.063+0000] {processor.py:756} INFO - Processing file /home/airflow/.local/lib/python3.7/site-packages/airflow/example_dags/example_sla_dag.py for tasks to queue
[2022-11-25T06:24:39.064+0000] {logging_mixin.py:137} INFO - [2022-11-25T06:24:39.064+0000] {dagbag.py:537} INFO - Filling up the DagBag from /home/airflow/.local/lib/python3.7/site-packages/airflow/example_dags/example_sla_dag.py
[2022-11-25T06:24:39.092+0000] {processor.py:766} INFO - DAG(s) dict_keys(['example_sla_dag']) retrieved from /home/airflow/.local/lib/python3.7/site-packages/airflow/example_dags/example_sla_dag.py
[2022-11-25T06:24:39.135+0000] {logging_mixin.py:137} INFO - [2022-11-25T06:24:39.135+0000] {dag.py:2585} INFO - Sync 1 DAGs
[2022-11-25T06:24:39.161+0000] {logging_mixin.py:137} INFO - [2022-11-25T06:24:39.161+0000] {dag.py:3340} INFO - Setting next_dagrun for example_sla_dag to 2022-11-25T06:22:00+00:00, run_after=2022-11-25T06:24:00+00:00
[2022-11-25T06:24:39.174+0000] {processor.py:176} INFO - Processing /home/airflow/.local/lib/python3.7/site-packages/airflow/example_dags/example_sla_dag.py took 0.119 seconds
