[2022-11-25T06:20:33.704+0000] {processor.py:154} INFO - Started process (PID=73) to work on /home/airflow/.local/lib/python3.7/site-packages/airflow/example_dags/tutorial_dag.py
[2022-11-25T06:20:33.705+0000] {processor.py:756} INFO - Processing file /home/airflow/.local/lib/python3.7/site-packages/airflow/example_dags/tutorial_dag.py for tasks to queue
[2022-11-25T06:20:33.707+0000] {logging_mixin.py:137} INFO - [2022-11-25T06:20:33.707+0000] {dagbag.py:537} INFO - Filling up the DagBag from /home/airflow/.local/lib/python3.7/site-packages/airflow/example_dags/tutorial_dag.py
[2022-11-25T06:20:33.720+0000] {processor.py:766} INFO - DAG(s) dict_keys(['tutorial_dag']) retrieved from /home/airflow/.local/lib/python3.7/site-packages/airflow/example_dags/tutorial_dag.py
[2022-11-25T06:20:33.821+0000] {logging_mixin.py:137} INFO - [2022-11-25T06:20:33.820+0000] {manager.py:507} INFO - Created Permission View: can read on DAG:tutorial_dag
[2022-11-25T06:20:33.828+0000] {logging_mixin.py:137} INFO - [2022-11-25T06:20:33.827+0000] {manager.py:507} INFO - Created Permission View: can edit on DAG:tutorial_dag
[2022-11-25T06:20:33.832+0000] {logging_mixin.py:137} INFO - [2022-11-25T06:20:33.832+0000] {manager.py:507} INFO - Created Permission View: can delete on DAG:tutorial_dag
[2022-11-25T06:20:33.833+0000] {logging_mixin.py:137} INFO - [2022-11-25T06:20:33.833+0000] {dag.py:2585} INFO - Sync 1 DAGs
[2022-11-25T06:20:33.842+0000] {logging_mixin.py:137} INFO - [2022-11-25T06:20:33.841+0000] {dag.py:2606} INFO - Creating ORM DAG for tutorial_dag
[2022-11-25T06:20:33.848+0000] {logging_mixin.py:137} INFO - [2022-11-25T06:20:33.848+0000] {dag.py:3340} INFO - Setting next_dagrun for tutorial_dag to None, run_after=None
[2022-11-25T06:20:33.860+0000] {processor.py:176} INFO - Processing /home/airflow/.local/lib/python3.7/site-packages/airflow/example_dags/tutorial_dag.py took 0.159 seconds
[2022-11-25T06:21:04.414+0000] {processor.py:154} INFO - Started process (PID=141) to work on /home/airflow/.local/lib/python3.7/site-packages/airflow/example_dags/tutorial_dag.py
[2022-11-25T06:21:04.416+0000] {processor.py:756} INFO - Processing file /home/airflow/.local/lib/python3.7/site-packages/airflow/example_dags/tutorial_dag.py for tasks to queue
[2022-11-25T06:21:04.417+0000] {logging_mixin.py:137} INFO - [2022-11-25T06:21:04.417+0000] {dagbag.py:537} INFO - Filling up the DagBag from /home/airflow/.local/lib/python3.7/site-packages/airflow/example_dags/tutorial_dag.py
[2022-11-25T06:21:04.430+0000] {processor.py:766} INFO - DAG(s) dict_keys(['tutorial_dag']) retrieved from /home/airflow/.local/lib/python3.7/site-packages/airflow/example_dags/tutorial_dag.py
[2022-11-25T06:21:04.462+0000] {logging_mixin.py:137} INFO - [2022-11-25T06:21:04.462+0000] {dag.py:2585} INFO - Sync 1 DAGs
[2022-11-25T06:21:04.476+0000] {logging_mixin.py:137} INFO - [2022-11-25T06:21:04.476+0000] {dag.py:3340} INFO - Setting next_dagrun for tutorial_dag to None, run_after=None
[2022-11-25T06:21:04.487+0000] {processor.py:176} INFO - Processing /home/airflow/.local/lib/python3.7/site-packages/airflow/example_dags/tutorial_dag.py took 0.075 seconds
[2022-11-25T06:21:35.413+0000] {processor.py:154} INFO - Started process (PID=210) to work on /home/airflow/.local/lib/python3.7/site-packages/airflow/example_dags/tutorial_dag.py
[2022-11-25T06:21:35.414+0000] {processor.py:756} INFO - Processing file /home/airflow/.local/lib/python3.7/site-packages/airflow/example_dags/tutorial_dag.py for tasks to queue
[2022-11-25T06:21:35.415+0000] {logging_mixin.py:137} INFO - [2022-11-25T06:21:35.415+0000] {dagbag.py:537} INFO - Filling up the DagBag from /home/airflow/.local/lib/python3.7/site-packages/airflow/example_dags/tutorial_dag.py
[2022-11-25T06:21:35.423+0000] {processor.py:766} INFO - DAG(s) dict_keys(['tutorial_dag']) retrieved from /home/airflow/.local/lib/python3.7/site-packages/airflow/example_dags/tutorial_dag.py
[2022-11-25T06:21:35.453+0000] {logging_mixin.py:137} INFO - [2022-11-25T06:21:35.453+0000] {dag.py:2585} INFO - Sync 1 DAGs
[2022-11-25T06:21:35.477+0000] {logging_mixin.py:137} INFO - [2022-11-25T06:21:35.477+0000] {dag.py:3340} INFO - Setting next_dagrun for tutorial_dag to None, run_after=None
[2022-11-25T06:21:35.495+0000] {processor.py:176} INFO - Processing /home/airflow/.local/lib/python3.7/site-packages/airflow/example_dags/tutorial_dag.py took 0.085 seconds
[2022-11-25T06:22:05.636+0000] {processor.py:154} INFO - Started process (PID=279) to work on /home/airflow/.local/lib/python3.7/site-packages/airflow/example_dags/tutorial_dag.py
[2022-11-25T06:22:05.639+0000] {processor.py:756} INFO - Processing file /home/airflow/.local/lib/python3.7/site-packages/airflow/example_dags/tutorial_dag.py for tasks to queue
[2022-11-25T06:22:05.640+0000] {logging_mixin.py:137} INFO - [2022-11-25T06:22:05.640+0000] {dagbag.py:537} INFO - Filling up the DagBag from /home/airflow/.local/lib/python3.7/site-packages/airflow/example_dags/tutorial_dag.py
[2022-11-25T06:22:05.654+0000] {processor.py:766} INFO - DAG(s) dict_keys(['tutorial_dag']) retrieved from /home/airflow/.local/lib/python3.7/site-packages/airflow/example_dags/tutorial_dag.py
[2022-11-25T06:22:05.684+0000] {logging_mixin.py:137} INFO - [2022-11-25T06:22:05.684+0000] {dag.py:2585} INFO - Sync 1 DAGs
[2022-11-25T06:22:05.720+0000] {logging_mixin.py:137} INFO - [2022-11-25T06:22:05.720+0000] {dag.py:3340} INFO - Setting next_dagrun for tutorial_dag to None, run_after=None
[2022-11-25T06:22:05.743+0000] {processor.py:176} INFO - Processing /home/airflow/.local/lib/python3.7/site-packages/airflow/example_dags/tutorial_dag.py took 0.110 seconds
[2022-11-25T06:22:36.753+0000] {processor.py:154} INFO - Started process (PID=338) to work on /home/airflow/.local/lib/python3.7/site-packages/airflow/example_dags/tutorial_dag.py
[2022-11-25T06:22:36.755+0000] {processor.py:756} INFO - Processing file /home/airflow/.local/lib/python3.7/site-packages/airflow/example_dags/tutorial_dag.py for tasks to queue
[2022-11-25T06:22:36.756+0000] {logging_mixin.py:137} INFO - [2022-11-25T06:22:36.756+0000] {dagbag.py:537} INFO - Filling up the DagBag from /home/airflow/.local/lib/python3.7/site-packages/airflow/example_dags/tutorial_dag.py
[2022-11-25T06:22:36.765+0000] {processor.py:766} INFO - DAG(s) dict_keys(['tutorial_dag']) retrieved from /home/airflow/.local/lib/python3.7/site-packages/airflow/example_dags/tutorial_dag.py
[2022-11-25T06:22:36.793+0000] {logging_mixin.py:137} INFO - [2022-11-25T06:22:36.793+0000] {dag.py:2585} INFO - Sync 1 DAGs
[2022-11-25T06:22:36.808+0000] {logging_mixin.py:137} INFO - [2022-11-25T06:22:36.808+0000] {dag.py:3340} INFO - Setting next_dagrun for tutorial_dag to None, run_after=None
[2022-11-25T06:22:36.821+0000] {processor.py:176} INFO - Processing /home/airflow/.local/lib/python3.7/site-packages/airflow/example_dags/tutorial_dag.py took 0.070 seconds
[2022-11-25T06:23:07.281+0000] {processor.py:154} INFO - Started process (PID=405) to work on /home/airflow/.local/lib/python3.7/site-packages/airflow/example_dags/tutorial_dag.py
[2022-11-25T06:23:07.283+0000] {processor.py:756} INFO - Processing file /home/airflow/.local/lib/python3.7/site-packages/airflow/example_dags/tutorial_dag.py for tasks to queue
[2022-11-25T06:23:07.284+0000] {logging_mixin.py:137} INFO - [2022-11-25T06:23:07.284+0000] {dagbag.py:537} INFO - Filling up the DagBag from /home/airflow/.local/lib/python3.7/site-packages/airflow/example_dags/tutorial_dag.py
[2022-11-25T06:23:07.294+0000] {processor.py:766} INFO - DAG(s) dict_keys(['tutorial_dag']) retrieved from /home/airflow/.local/lib/python3.7/site-packages/airflow/example_dags/tutorial_dag.py
[2022-11-25T06:23:07.322+0000] {logging_mixin.py:137} INFO - [2022-11-25T06:23:07.321+0000] {dag.py:2585} INFO - Sync 1 DAGs
[2022-11-25T06:23:07.337+0000] {logging_mixin.py:137} INFO - [2022-11-25T06:23:07.337+0000] {dag.py:3340} INFO - Setting next_dagrun for tutorial_dag to None, run_after=None
[2022-11-25T06:23:07.351+0000] {processor.py:176} INFO - Processing /home/airflow/.local/lib/python3.7/site-packages/airflow/example_dags/tutorial_dag.py took 0.072 seconds
[2022-11-25T06:23:37.660+0000] {processor.py:154} INFO - Started process (PID=473) to work on /home/airflow/.local/lib/python3.7/site-packages/airflow/example_dags/tutorial_dag.py
[2022-11-25T06:23:37.664+0000] {processor.py:756} INFO - Processing file /home/airflow/.local/lib/python3.7/site-packages/airflow/example_dags/tutorial_dag.py for tasks to queue
[2022-11-25T06:23:37.665+0000] {logging_mixin.py:137} INFO - [2022-11-25T06:23:37.665+0000] {dagbag.py:537} INFO - Filling up the DagBag from /home/airflow/.local/lib/python3.7/site-packages/airflow/example_dags/tutorial_dag.py
[2022-11-25T06:23:37.675+0000] {processor.py:766} INFO - DAG(s) dict_keys(['tutorial_dag']) retrieved from /home/airflow/.local/lib/python3.7/site-packages/airflow/example_dags/tutorial_dag.py
[2022-11-25T06:23:37.702+0000] {logging_mixin.py:137} INFO - [2022-11-25T06:23:37.702+0000] {dag.py:2585} INFO - Sync 1 DAGs
[2022-11-25T06:23:37.715+0000] {logging_mixin.py:137} INFO - [2022-11-25T06:23:37.715+0000] {dag.py:3340} INFO - Setting next_dagrun for tutorial_dag to None, run_after=None
[2022-11-25T06:23:37.726+0000] {processor.py:176} INFO - Processing /home/airflow/.local/lib/python3.7/site-packages/airflow/example_dags/tutorial_dag.py took 0.068 seconds
[2022-11-25T06:24:08.646+0000] {processor.py:154} INFO - Started process (PID=541) to work on /home/airflow/.local/lib/python3.7/site-packages/airflow/example_dags/tutorial_dag.py
[2022-11-25T06:24:08.648+0000] {processor.py:756} INFO - Processing file /home/airflow/.local/lib/python3.7/site-packages/airflow/example_dags/tutorial_dag.py for tasks to queue
[2022-11-25T06:24:08.649+0000] {logging_mixin.py:137} INFO - [2022-11-25T06:24:08.649+0000] {dagbag.py:537} INFO - Filling up the DagBag from /home/airflow/.local/lib/python3.7/site-packages/airflow/example_dags/tutorial_dag.py
[2022-11-25T06:24:08.657+0000] {processor.py:766} INFO - DAG(s) dict_keys(['tutorial_dag']) retrieved from /home/airflow/.local/lib/python3.7/site-packages/airflow/example_dags/tutorial_dag.py
[2022-11-25T06:24:08.682+0000] {logging_mixin.py:137} INFO - [2022-11-25T06:24:08.682+0000] {dag.py:2585} INFO - Sync 1 DAGs
[2022-11-25T06:24:08.699+0000] {logging_mixin.py:137} INFO - [2022-11-25T06:24:08.699+0000] {dag.py:3340} INFO - Setting next_dagrun for tutorial_dag to None, run_after=None
[2022-11-25T06:24:08.709+0000] {processor.py:176} INFO - Processing /home/airflow/.local/lib/python3.7/site-packages/airflow/example_dags/tutorial_dag.py took 0.065 seconds
[2022-11-25T06:24:39.620+0000] {processor.py:154} INFO - Started process (PID=599) to work on /home/airflow/.local/lib/python3.7/site-packages/airflow/example_dags/tutorial_dag.py
[2022-11-25T06:24:39.622+0000] {processor.py:756} INFO - Processing file /home/airflow/.local/lib/python3.7/site-packages/airflow/example_dags/tutorial_dag.py for tasks to queue
[2022-11-25T06:24:39.623+0000] {logging_mixin.py:137} INFO - [2022-11-25T06:24:39.622+0000] {dagbag.py:537} INFO - Filling up the DagBag from /home/airflow/.local/lib/python3.7/site-packages/airflow/example_dags/tutorial_dag.py
[2022-11-25T06:24:39.632+0000] {processor.py:766} INFO - DAG(s) dict_keys(['tutorial_dag']) retrieved from /home/airflow/.local/lib/python3.7/site-packages/airflow/example_dags/tutorial_dag.py
[2022-11-25T06:24:39.660+0000] {logging_mixin.py:137} INFO - [2022-11-25T06:24:39.660+0000] {dag.py:2585} INFO - Sync 1 DAGs
[2022-11-25T06:24:39.679+0000] {logging_mixin.py:137} INFO - [2022-11-25T06:24:39.679+0000] {dag.py:3340} INFO - Setting next_dagrun for tutorial_dag to None, run_after=None
[2022-11-25T06:24:39.691+0000] {processor.py:176} INFO - Processing /home/airflow/.local/lib/python3.7/site-packages/airflow/example_dags/tutorial_dag.py took 0.074 seconds
