[2022-11-22T19:26:24.033+0000] {processor.py:154} INFO - Started process (PID=61) to work on /home/airflow/.local/lib/python3.7/site-packages/airflow/example_dags/example_latest_only_with_trigger.py
[2022-11-22T19:26:24.046+0000] {processor.py:756} INFO - Processing file /home/airflow/.local/lib/python3.7/site-packages/airflow/example_dags/example_latest_only_with_trigger.py for tasks to queue
[2022-11-22T19:26:24.050+0000] {logging_mixin.py:137} INFO - [2022-11-22T19:26:24.050+0000] {dagbag.py:537} INFO - Filling up the DagBag from /home/airflow/.local/lib/python3.7/site-packages/airflow/example_dags/example_latest_only_with_trigger.py
[2022-11-22T19:26:24.090+0000] {processor.py:766} INFO - DAG(s) dict_keys(['latest_only_with_trigger']) retrieved from /home/airflow/.local/lib/python3.7/site-packages/airflow/example_dags/example_latest_only_with_trigger.py
[2022-11-22T19:26:24.724+0000] {logging_mixin.py:137} INFO - [2022-11-22T19:26:24.718+0000] {manager.py:507} INFO - Created Permission View: can delete on DAG:latest_only_with_trigger
[2022-11-22T19:26:24.780+0000] {logging_mixin.py:137} INFO - [2022-11-22T19:26:24.780+0000] {manager.py:507} INFO - Created Permission View: can read on DAG:latest_only_with_trigger
[2022-11-22T19:26:24.800+0000] {logging_mixin.py:137} INFO - [2022-11-22T19:26:24.800+0000] {manager.py:507} INFO - Created Permission View: can edit on DAG:latest_only_with_trigger
[2022-11-22T19:26:24.802+0000] {logging_mixin.py:137} INFO - [2022-11-22T19:26:24.802+0000] {dag.py:2585} INFO - Sync 1 DAGs
[2022-11-22T19:26:24.834+0000] {logging_mixin.py:137} INFO - [2022-11-22T19:26:24.834+0000] {dag.py:2606} INFO - Creating ORM DAG for latest_only_with_trigger
[2022-11-22T19:26:24.847+0000] {logging_mixin.py:137} INFO - [2022-11-22T19:26:24.847+0000] {dag.py:3340} INFO - Setting next_dagrun for latest_only_with_trigger to 2022-11-22T15:26:24.847166+00:00, run_after=2022-11-22T19:26:24.847166+00:00
[2022-11-22T19:26:24.864+0000] {processor.py:176} INFO - Processing /home/airflow/.local/lib/python3.7/site-packages/airflow/example_dags/example_latest_only_with_trigger.py took 0.835 seconds
[2022-11-22T19:26:55.912+0000] {processor.py:154} INFO - Started process (PID=124) to work on /home/airflow/.local/lib/python3.7/site-packages/airflow/example_dags/example_latest_only_with_trigger.py
[2022-11-22T19:26:55.917+0000] {processor.py:756} INFO - Processing file /home/airflow/.local/lib/python3.7/site-packages/airflow/example_dags/example_latest_only_with_trigger.py for tasks to queue
[2022-11-22T19:26:55.919+0000] {logging_mixin.py:137} INFO - [2022-11-22T19:26:55.919+0000] {dagbag.py:537} INFO - Filling up the DagBag from /home/airflow/.local/lib/python3.7/site-packages/airflow/example_dags/example_latest_only_with_trigger.py
[2022-11-22T19:26:55.944+0000] {processor.py:766} INFO - DAG(s) dict_keys(['latest_only_with_trigger']) retrieved from /home/airflow/.local/lib/python3.7/site-packages/airflow/example_dags/example_latest_only_with_trigger.py
[2022-11-22T19:26:55.990+0000] {logging_mixin.py:137} INFO - [2022-11-22T19:26:55.990+0000] {dag.py:2585} INFO - Sync 1 DAGs
[2022-11-22T19:26:56.013+0000] {logging_mixin.py:137} INFO - [2022-11-22T19:26:56.013+0000] {dag.py:3340} INFO - Setting next_dagrun for latest_only_with_trigger to 2022-11-22T15:26:56.013287+00:00, run_after=2022-11-22T19:26:56.013287+00:00
[2022-11-22T19:26:56.046+0000] {processor.py:176} INFO - Processing /home/airflow/.local/lib/python3.7/site-packages/airflow/example_dags/example_latest_only_with_trigger.py took 0.140 seconds
[2022-11-22T19:27:26.096+0000] {processor.py:154} INFO - Started process (PID=188) to work on /home/airflow/.local/lib/python3.7/site-packages/airflow/example_dags/example_latest_only_with_trigger.py
[2022-11-22T19:27:26.099+0000] {processor.py:756} INFO - Processing file /home/airflow/.local/lib/python3.7/site-packages/airflow/example_dags/example_latest_only_with_trigger.py for tasks to queue
[2022-11-22T19:27:26.100+0000] {logging_mixin.py:137} INFO - [2022-11-22T19:27:26.100+0000] {dagbag.py:537} INFO - Filling up the DagBag from /home/airflow/.local/lib/python3.7/site-packages/airflow/example_dags/example_latest_only_with_trigger.py
[2022-11-22T19:27:26.132+0000] {processor.py:766} INFO - DAG(s) dict_keys(['latest_only_with_trigger']) retrieved from /home/airflow/.local/lib/python3.7/site-packages/airflow/example_dags/example_latest_only_with_trigger.py
[2022-11-22T19:27:26.209+0000] {logging_mixin.py:137} INFO - [2022-11-22T19:27:26.209+0000] {dag.py:2585} INFO - Sync 1 DAGs
[2022-11-22T19:27:26.269+0000] {logging_mixin.py:137} INFO - [2022-11-22T19:27:26.267+0000] {dag.py:3340} INFO - Setting next_dagrun for latest_only_with_trigger to 2022-11-22T15:27:26.266993+00:00, run_after=2022-11-22T19:27:26.266993+00:00
[2022-11-22T19:27:26.314+0000] {processor.py:176} INFO - Processing /home/airflow/.local/lib/python3.7/site-packages/airflow/example_dags/example_latest_only_with_trigger.py took 0.221 seconds
[2022-11-22T19:27:56.571+0000] {processor.py:154} INFO - Started process (PID=243) to work on /home/airflow/.local/lib/python3.7/site-packages/airflow/example_dags/example_latest_only_with_trigger.py
[2022-11-22T19:27:56.575+0000] {processor.py:756} INFO - Processing file /home/airflow/.local/lib/python3.7/site-packages/airflow/example_dags/example_latest_only_with_trigger.py for tasks to queue
[2022-11-22T19:27:56.577+0000] {logging_mixin.py:137} INFO - [2022-11-22T19:27:56.577+0000] {dagbag.py:537} INFO - Filling up the DagBag from /home/airflow/.local/lib/python3.7/site-packages/airflow/example_dags/example_latest_only_with_trigger.py
[2022-11-22T19:27:56.601+0000] {processor.py:766} INFO - DAG(s) dict_keys(['latest_only_with_trigger']) retrieved from /home/airflow/.local/lib/python3.7/site-packages/airflow/example_dags/example_latest_only_with_trigger.py
[2022-11-22T19:27:56.647+0000] {logging_mixin.py:137} INFO - [2022-11-22T19:27:56.647+0000] {dag.py:2585} INFO - Sync 1 DAGs
[2022-11-22T19:27:56.667+0000] {logging_mixin.py:137} INFO - [2022-11-22T19:27:56.667+0000] {dag.py:3340} INFO - Setting next_dagrun for latest_only_with_trigger to 2022-11-22T15:27:56.667390+00:00, run_after=2022-11-22T19:27:56.667390+00:00
[2022-11-22T19:27:56.681+0000] {processor.py:176} INFO - Processing /home/airflow/.local/lib/python3.7/site-packages/airflow/example_dags/example_latest_only_with_trigger.py took 0.120 seconds
[2022-11-22T19:28:27.113+0000] {processor.py:154} INFO - Started process (PID=305) to work on /home/airflow/.local/lib/python3.7/site-packages/airflow/example_dags/example_latest_only_with_trigger.py
[2022-11-22T19:28:27.116+0000] {processor.py:756} INFO - Processing file /home/airflow/.local/lib/python3.7/site-packages/airflow/example_dags/example_latest_only_with_trigger.py for tasks to queue
[2022-11-22T19:28:27.118+0000] {logging_mixin.py:137} INFO - [2022-11-22T19:28:27.118+0000] {dagbag.py:537} INFO - Filling up the DagBag from /home/airflow/.local/lib/python3.7/site-packages/airflow/example_dags/example_latest_only_with_trigger.py
[2022-11-22T19:28:27.133+0000] {processor.py:766} INFO - DAG(s) dict_keys(['latest_only_with_trigger']) retrieved from /home/airflow/.local/lib/python3.7/site-packages/airflow/example_dags/example_latest_only_with_trigger.py
[2022-11-22T19:28:27.164+0000] {logging_mixin.py:137} INFO - [2022-11-22T19:28:27.164+0000] {dag.py:2585} INFO - Sync 1 DAGs
[2022-11-22T19:28:27.181+0000] {logging_mixin.py:137} INFO - [2022-11-22T19:28:27.181+0000] {dag.py:3340} INFO - Setting next_dagrun for latest_only_with_trigger to 2022-11-22T15:28:27.181214+00:00, run_after=2022-11-22T19:28:27.181214+00:00
[2022-11-22T19:28:27.194+0000] {processor.py:176} INFO - Processing /home/airflow/.local/lib/python3.7/site-packages/airflow/example_dags/example_latest_only_with_trigger.py took 0.087 seconds
[2022-11-22T19:28:57.292+0000] {processor.py:154} INFO - Started process (PID=368) to work on /home/airflow/.local/lib/python3.7/site-packages/airflow/example_dags/example_latest_only_with_trigger.py
[2022-11-22T19:28:57.295+0000] {processor.py:756} INFO - Processing file /home/airflow/.local/lib/python3.7/site-packages/airflow/example_dags/example_latest_only_with_trigger.py for tasks to queue
[2022-11-22T19:28:57.298+0000] {logging_mixin.py:137} INFO - [2022-11-22T19:28:57.298+0000] {dagbag.py:537} INFO - Filling up the DagBag from /home/airflow/.local/lib/python3.7/site-packages/airflow/example_dags/example_latest_only_with_trigger.py
[2022-11-22T19:28:57.316+0000] {processor.py:766} INFO - DAG(s) dict_keys(['latest_only_with_trigger']) retrieved from /home/airflow/.local/lib/python3.7/site-packages/airflow/example_dags/example_latest_only_with_trigger.py
[2022-11-22T19:28:57.356+0000] {logging_mixin.py:137} INFO - [2022-11-22T19:28:57.356+0000] {dag.py:2585} INFO - Sync 1 DAGs
[2022-11-22T19:28:57.376+0000] {logging_mixin.py:137} INFO - [2022-11-22T19:28:57.376+0000] {dag.py:3340} INFO - Setting next_dagrun for latest_only_with_trigger to 2022-11-22T15:28:57.375985+00:00, run_after=2022-11-22T19:28:57.375985+00:00
[2022-11-22T19:28:57.392+0000] {processor.py:176} INFO - Processing /home/airflow/.local/lib/python3.7/site-packages/airflow/example_dags/example_latest_only_with_trigger.py took 0.103 seconds
[2022-11-22T19:29:27.912+0000] {processor.py:154} INFO - Started process (PID=431) to work on /home/airflow/.local/lib/python3.7/site-packages/airflow/example_dags/example_latest_only_with_trigger.py
[2022-11-22T19:29:27.914+0000] {processor.py:756} INFO - Processing file /home/airflow/.local/lib/python3.7/site-packages/airflow/example_dags/example_latest_only_with_trigger.py for tasks to queue
[2022-11-22T19:29:27.915+0000] {logging_mixin.py:137} INFO - [2022-11-22T19:29:27.915+0000] {dagbag.py:537} INFO - Filling up the DagBag from /home/airflow/.local/lib/python3.7/site-packages/airflow/example_dags/example_latest_only_with_trigger.py
[2022-11-22T19:29:27.925+0000] {processor.py:766} INFO - DAG(s) dict_keys(['latest_only_with_trigger']) retrieved from /home/airflow/.local/lib/python3.7/site-packages/airflow/example_dags/example_latest_only_with_trigger.py
[2022-11-22T19:29:27.958+0000] {logging_mixin.py:137} INFO - [2022-11-22T19:29:27.958+0000] {dag.py:2585} INFO - Sync 1 DAGs
[2022-11-22T19:29:27.980+0000] {logging_mixin.py:137} INFO - [2022-11-22T19:29:27.980+0000] {dag.py:3340} INFO - Setting next_dagrun for latest_only_with_trigger to 2022-11-22T15:29:27.980255+00:00, run_after=2022-11-22T19:29:27.980255+00:00
[2022-11-22T19:29:27.992+0000] {processor.py:176} INFO - Processing /home/airflow/.local/lib/python3.7/site-packages/airflow/example_dags/example_latest_only_with_trigger.py took 0.084 seconds
[2022-11-22T19:29:58.574+0000] {processor.py:154} INFO - Started process (PID=485) to work on /home/airflow/.local/lib/python3.7/site-packages/airflow/example_dags/example_latest_only_with_trigger.py
[2022-11-22T19:29:58.576+0000] {processor.py:756} INFO - Processing file /home/airflow/.local/lib/python3.7/site-packages/airflow/example_dags/example_latest_only_with_trigger.py for tasks to queue
[2022-11-22T19:29:58.578+0000] {logging_mixin.py:137} INFO - [2022-11-22T19:29:58.578+0000] {dagbag.py:537} INFO - Filling up the DagBag from /home/airflow/.local/lib/python3.7/site-packages/airflow/example_dags/example_latest_only_with_trigger.py
[2022-11-22T19:29:58.592+0000] {processor.py:766} INFO - DAG(s) dict_keys(['latest_only_with_trigger']) retrieved from /home/airflow/.local/lib/python3.7/site-packages/airflow/example_dags/example_latest_only_with_trigger.py
[2022-11-22T19:29:58.622+0000] {logging_mixin.py:137} INFO - [2022-11-22T19:29:58.622+0000] {dag.py:2585} INFO - Sync 1 DAGs
[2022-11-22T19:29:58.638+0000] {logging_mixin.py:137} INFO - [2022-11-22T19:29:58.638+0000] {dag.py:3340} INFO - Setting next_dagrun for latest_only_with_trigger to 2022-11-22T15:29:58.638050+00:00, run_after=2022-11-22T19:29:58.638050+00:00
[2022-11-22T19:29:58.651+0000] {processor.py:176} INFO - Processing /home/airflow/.local/lib/python3.7/site-packages/airflow/example_dags/example_latest_only_with_trigger.py took 0.082 seconds
[2022-11-22T19:30:29.157+0000] {processor.py:154} INFO - Started process (PID=549) to work on /home/airflow/.local/lib/python3.7/site-packages/airflow/example_dags/example_latest_only_with_trigger.py
[2022-11-22T19:30:29.173+0000] {processor.py:756} INFO - Processing file /home/airflow/.local/lib/python3.7/site-packages/airflow/example_dags/example_latest_only_with_trigger.py for tasks to queue
[2022-11-22T19:30:29.174+0000] {logging_mixin.py:137} INFO - [2022-11-22T19:30:29.174+0000] {dagbag.py:537} INFO - Filling up the DagBag from /home/airflow/.local/lib/python3.7/site-packages/airflow/example_dags/example_latest_only_with_trigger.py
[2022-11-22T19:30:29.190+0000] {processor.py:766} INFO - DAG(s) dict_keys(['latest_only_with_trigger']) retrieved from /home/airflow/.local/lib/python3.7/site-packages/airflow/example_dags/example_latest_only_with_trigger.py
[2022-11-22T19:30:29.239+0000] {logging_mixin.py:137} INFO - [2022-11-22T19:30:29.239+0000] {dag.py:2585} INFO - Sync 1 DAGs
[2022-11-22T19:30:29.260+0000] {logging_mixin.py:137} INFO - [2022-11-22T19:30:29.260+0000] {dag.py:3340} INFO - Setting next_dagrun for latest_only_with_trigger to 2022-11-22T15:30:29.260073+00:00, run_after=2022-11-22T19:30:29.260073+00:00
[2022-11-22T19:30:29.273+0000] {processor.py:176} INFO - Processing /home/airflow/.local/lib/python3.7/site-packages/airflow/example_dags/example_latest_only_with_trigger.py took 0.122 seconds
[2022-11-22T19:31:00.069+0000] {processor.py:154} INFO - Started process (PID=612) to work on /home/airflow/.local/lib/python3.7/site-packages/airflow/example_dags/example_latest_only_with_trigger.py
[2022-11-22T19:31:00.075+0000] {processor.py:756} INFO - Processing file /home/airflow/.local/lib/python3.7/site-packages/airflow/example_dags/example_latest_only_with_trigger.py for tasks to queue
[2022-11-22T19:31:00.077+0000] {logging_mixin.py:137} INFO - [2022-11-22T19:31:00.076+0000] {dagbag.py:537} INFO - Filling up the DagBag from /home/airflow/.local/lib/python3.7/site-packages/airflow/example_dags/example_latest_only_with_trigger.py
[2022-11-22T19:31:00.110+0000] {processor.py:766} INFO - DAG(s) dict_keys(['latest_only_with_trigger']) retrieved from /home/airflow/.local/lib/python3.7/site-packages/airflow/example_dags/example_latest_only_with_trigger.py
[2022-11-22T19:31:00.181+0000] {logging_mixin.py:137} INFO - [2022-11-22T19:31:00.181+0000] {dag.py:2585} INFO - Sync 1 DAGs
[2022-11-22T19:31:00.217+0000] {logging_mixin.py:137} INFO - [2022-11-22T19:31:00.217+0000] {dag.py:3340} INFO - Setting next_dagrun for latest_only_with_trigger to 2022-11-22T15:31:00.216997+00:00, run_after=2022-11-22T19:31:00.216997+00:00
[2022-11-22T19:31:00.236+0000] {processor.py:176} INFO - Processing /home/airflow/.local/lib/python3.7/site-packages/airflow/example_dags/example_latest_only_with_trigger.py took 0.172 seconds
[2022-11-22T19:31:31.007+0000] {processor.py:154} INFO - Started process (PID=676) to work on /home/airflow/.local/lib/python3.7/site-packages/airflow/example_dags/example_latest_only_with_trigger.py
[2022-11-22T19:31:31.010+0000] {processor.py:756} INFO - Processing file /home/airflow/.local/lib/python3.7/site-packages/airflow/example_dags/example_latest_only_with_trigger.py for tasks to queue
[2022-11-22T19:31:31.012+0000] {logging_mixin.py:137} INFO - [2022-11-22T19:31:31.012+0000] {dagbag.py:537} INFO - Filling up the DagBag from /home/airflow/.local/lib/python3.7/site-packages/airflow/example_dags/example_latest_only_with_trigger.py
[2022-11-22T19:31:31.029+0000] {processor.py:766} INFO - DAG(s) dict_keys(['latest_only_with_trigger']) retrieved from /home/airflow/.local/lib/python3.7/site-packages/airflow/example_dags/example_latest_only_with_trigger.py
[2022-11-22T19:31:31.067+0000] {logging_mixin.py:137} INFO - [2022-11-22T19:31:31.067+0000] {dag.py:2585} INFO - Sync 1 DAGs
[2022-11-22T19:31:31.092+0000] {logging_mixin.py:137} INFO - [2022-11-22T19:31:31.092+0000] {dag.py:3340} INFO - Setting next_dagrun for latest_only_with_trigger to 2022-11-22T15:31:31.091946+00:00, run_after=2022-11-22T19:31:31.091946+00:00
[2022-11-22T19:31:31.106+0000] {processor.py:176} INFO - Processing /home/airflow/.local/lib/python3.7/site-packages/airflow/example_dags/example_latest_only_with_trigger.py took 0.104 seconds
[2022-11-22T19:32:01.600+0000] {processor.py:154} INFO - Started process (PID=737) to work on /home/airflow/.local/lib/python3.7/site-packages/airflow/example_dags/example_latest_only_with_trigger.py
[2022-11-22T19:32:01.602+0000] {processor.py:756} INFO - Processing file /home/airflow/.local/lib/python3.7/site-packages/airflow/example_dags/example_latest_only_with_trigger.py for tasks to queue
[2022-11-22T19:32:01.604+0000] {logging_mixin.py:137} INFO - [2022-11-22T19:32:01.604+0000] {dagbag.py:537} INFO - Filling up the DagBag from /home/airflow/.local/lib/python3.7/site-packages/airflow/example_dags/example_latest_only_with_trigger.py
[2022-11-22T19:32:01.622+0000] {processor.py:766} INFO - DAG(s) dict_keys(['latest_only_with_trigger']) retrieved from /home/airflow/.local/lib/python3.7/site-packages/airflow/example_dags/example_latest_only_with_trigger.py
[2022-11-22T19:32:01.658+0000] {logging_mixin.py:137} INFO - [2022-11-22T19:32:01.658+0000] {dag.py:2585} INFO - Sync 1 DAGs
[2022-11-22T19:32:01.678+0000] {logging_mixin.py:137} INFO - [2022-11-22T19:32:01.678+0000] {dag.py:3340} INFO - Setting next_dagrun for latest_only_with_trigger to 2022-11-22T15:32:01.678197+00:00, run_after=2022-11-22T19:32:01.678197+00:00
[2022-11-22T19:32:01.703+0000] {processor.py:176} INFO - Processing /home/airflow/.local/lib/python3.7/site-packages/airflow/example_dags/example_latest_only_with_trigger.py took 0.107 seconds
[2022-11-22T19:32:32.192+0000] {processor.py:154} INFO - Started process (PID=793) to work on /home/airflow/.local/lib/python3.7/site-packages/airflow/example_dags/example_latest_only_with_trigger.py
[2022-11-22T19:32:32.194+0000] {processor.py:756} INFO - Processing file /home/airflow/.local/lib/python3.7/site-packages/airflow/example_dags/example_latest_only_with_trigger.py for tasks to queue
[2022-11-22T19:32:32.196+0000] {logging_mixin.py:137} INFO - [2022-11-22T19:32:32.195+0000] {dagbag.py:537} INFO - Filling up the DagBag from /home/airflow/.local/lib/python3.7/site-packages/airflow/example_dags/example_latest_only_with_trigger.py
[2022-11-22T19:32:32.210+0000] {processor.py:766} INFO - DAG(s) dict_keys(['latest_only_with_trigger']) retrieved from /home/airflow/.local/lib/python3.7/site-packages/airflow/example_dags/example_latest_only_with_trigger.py
[2022-11-22T19:32:32.240+0000] {logging_mixin.py:137} INFO - [2022-11-22T19:32:32.240+0000] {dag.py:2585} INFO - Sync 1 DAGs
[2022-11-22T19:32:32.256+0000] {logging_mixin.py:137} INFO - [2022-11-22T19:32:32.256+0000] {dag.py:3340} INFO - Setting next_dagrun for latest_only_with_trigger to 2022-11-22T15:32:32.256722+00:00, run_after=2022-11-22T19:32:32.256722+00:00
[2022-11-22T19:32:32.269+0000] {processor.py:176} INFO - Processing /home/airflow/.local/lib/python3.7/site-packages/airflow/example_dags/example_latest_only_with_trigger.py took 0.080 seconds
[2022-11-22T19:33:03.074+0000] {processor.py:154} INFO - Started process (PID=856) to work on /home/airflow/.local/lib/python3.7/site-packages/airflow/example_dags/example_latest_only_with_trigger.py
[2022-11-22T19:33:03.076+0000] {processor.py:756} INFO - Processing file /home/airflow/.local/lib/python3.7/site-packages/airflow/example_dags/example_latest_only_with_trigger.py for tasks to queue
[2022-11-22T19:33:03.078+0000] {logging_mixin.py:137} INFO - [2022-11-22T19:33:03.078+0000] {dagbag.py:537} INFO - Filling up the DagBag from /home/airflow/.local/lib/python3.7/site-packages/airflow/example_dags/example_latest_only_with_trigger.py
[2022-11-22T19:33:03.096+0000] {processor.py:766} INFO - DAG(s) dict_keys(['latest_only_with_trigger']) retrieved from /home/airflow/.local/lib/python3.7/site-packages/airflow/example_dags/example_latest_only_with_trigger.py
[2022-11-22T19:33:03.154+0000] {logging_mixin.py:137} INFO - [2022-11-22T19:33:03.153+0000] {dag.py:2585} INFO - Sync 1 DAGs
[2022-11-22T19:33:03.178+0000] {logging_mixin.py:137} INFO - [2022-11-22T19:33:03.178+0000] {dag.py:3340} INFO - Setting next_dagrun for latest_only_with_trigger to 2022-11-22T15:33:03.177802+00:00, run_after=2022-11-22T19:33:03.177802+00:00
[2022-11-22T19:33:03.194+0000] {processor.py:176} INFO - Processing /home/airflow/.local/lib/python3.7/site-packages/airflow/example_dags/example_latest_only_with_trigger.py took 0.126 seconds
[2022-11-22T19:33:33.575+0000] {processor.py:154} INFO - Started process (PID=919) to work on /home/airflow/.local/lib/python3.7/site-packages/airflow/example_dags/example_latest_only_with_trigger.py
[2022-11-22T19:33:33.578+0000] {processor.py:756} INFO - Processing file /home/airflow/.local/lib/python3.7/site-packages/airflow/example_dags/example_latest_only_with_trigger.py for tasks to queue
[2022-11-22T19:33:33.579+0000] {logging_mixin.py:137} INFO - [2022-11-22T19:33:33.579+0000] {dagbag.py:537} INFO - Filling up the DagBag from /home/airflow/.local/lib/python3.7/site-packages/airflow/example_dags/example_latest_only_with_trigger.py
[2022-11-22T19:33:33.594+0000] {processor.py:766} INFO - DAG(s) dict_keys(['latest_only_with_trigger']) retrieved from /home/airflow/.local/lib/python3.7/site-packages/airflow/example_dags/example_latest_only_with_trigger.py
[2022-11-22T19:33:33.623+0000] {logging_mixin.py:137} INFO - [2022-11-22T19:33:33.623+0000] {dag.py:2585} INFO - Sync 1 DAGs
[2022-11-22T19:33:33.640+0000] {logging_mixin.py:137} INFO - [2022-11-22T19:33:33.639+0000] {dag.py:3340} INFO - Setting next_dagrun for latest_only_with_trigger to 2022-11-22T15:33:33.639808+00:00, run_after=2022-11-22T19:33:33.639808+00:00
[2022-11-22T19:33:33.653+0000] {processor.py:176} INFO - Processing /home/airflow/.local/lib/python3.7/site-packages/airflow/example_dags/example_latest_only_with_trigger.py took 0.082 seconds
[2022-11-22T19:34:04.627+0000] {processor.py:154} INFO - Started process (PID=982) to work on /home/airflow/.local/lib/python3.7/site-packages/airflow/example_dags/example_latest_only_with_trigger.py
[2022-11-22T19:34:04.629+0000] {processor.py:756} INFO - Processing file /home/airflow/.local/lib/python3.7/site-packages/airflow/example_dags/example_latest_only_with_trigger.py for tasks to queue
[2022-11-22T19:34:04.631+0000] {logging_mixin.py:137} INFO - [2022-11-22T19:34:04.631+0000] {dagbag.py:537} INFO - Filling up the DagBag from /home/airflow/.local/lib/python3.7/site-packages/airflow/example_dags/example_latest_only_with_trigger.py
[2022-11-22T19:34:04.649+0000] {processor.py:766} INFO - DAG(s) dict_keys(['latest_only_with_trigger']) retrieved from /home/airflow/.local/lib/python3.7/site-packages/airflow/example_dags/example_latest_only_with_trigger.py
[2022-11-22T19:34:04.685+0000] {logging_mixin.py:137} INFO - [2022-11-22T19:34:04.685+0000] {dag.py:2585} INFO - Sync 1 DAGs
[2022-11-22T19:34:04.703+0000] {logging_mixin.py:137} INFO - [2022-11-22T19:34:04.703+0000] {dag.py:3340} INFO - Setting next_dagrun for latest_only_with_trigger to 2022-11-22T15:34:04.703264+00:00, run_after=2022-11-22T19:34:04.703264+00:00
[2022-11-22T19:34:04.718+0000] {processor.py:176} INFO - Processing /home/airflow/.local/lib/python3.7/site-packages/airflow/example_dags/example_latest_only_with_trigger.py took 0.094 seconds
[2022-11-22T19:34:34.790+0000] {processor.py:154} INFO - Started process (PID=1036) to work on /home/airflow/.local/lib/python3.7/site-packages/airflow/example_dags/example_latest_only_with_trigger.py
[2022-11-22T19:34:34.792+0000] {processor.py:756} INFO - Processing file /home/airflow/.local/lib/python3.7/site-packages/airflow/example_dags/example_latest_only_with_trigger.py for tasks to queue
[2022-11-22T19:34:34.795+0000] {logging_mixin.py:137} INFO - [2022-11-22T19:34:34.795+0000] {dagbag.py:537} INFO - Filling up the DagBag from /home/airflow/.local/lib/python3.7/site-packages/airflow/example_dags/example_latest_only_with_trigger.py
[2022-11-22T19:34:34.814+0000] {processor.py:766} INFO - DAG(s) dict_keys(['latest_only_with_trigger']) retrieved from /home/airflow/.local/lib/python3.7/site-packages/airflow/example_dags/example_latest_only_with_trigger.py
[2022-11-22T19:34:34.852+0000] {logging_mixin.py:137} INFO - [2022-11-22T19:34:34.852+0000] {dag.py:2585} INFO - Sync 1 DAGs
[2022-11-22T19:34:34.869+0000] {logging_mixin.py:137} INFO - [2022-11-22T19:34:34.869+0000] {dag.py:3340} INFO - Setting next_dagrun for latest_only_with_trigger to 2022-11-22T15:34:34.868973+00:00, run_after=2022-11-22T19:34:34.868973+00:00
[2022-11-22T19:34:34.883+0000] {processor.py:176} INFO - Processing /home/airflow/.local/lib/python3.7/site-packages/airflow/example_dags/example_latest_only_with_trigger.py took 0.098 seconds
[2022-11-22T19:35:05.725+0000] {processor.py:154} INFO - Started process (PID=1101) to work on /home/airflow/.local/lib/python3.7/site-packages/airflow/example_dags/example_latest_only_with_trigger.py
[2022-11-22T19:35:05.727+0000] {processor.py:756} INFO - Processing file /home/airflow/.local/lib/python3.7/site-packages/airflow/example_dags/example_latest_only_with_trigger.py for tasks to queue
[2022-11-22T19:35:05.729+0000] {logging_mixin.py:137} INFO - [2022-11-22T19:35:05.729+0000] {dagbag.py:537} INFO - Filling up the DagBag from /home/airflow/.local/lib/python3.7/site-packages/airflow/example_dags/example_latest_only_with_trigger.py
[2022-11-22T19:35:05.743+0000] {processor.py:766} INFO - DAG(s) dict_keys(['latest_only_with_trigger']) retrieved from /home/airflow/.local/lib/python3.7/site-packages/airflow/example_dags/example_latest_only_with_trigger.py
[2022-11-22T19:35:05.773+0000] {logging_mixin.py:137} INFO - [2022-11-22T19:35:05.773+0000] {dag.py:2585} INFO - Sync 1 DAGs
[2022-11-22T19:35:05.790+0000] {logging_mixin.py:137} INFO - [2022-11-22T19:35:05.790+0000] {dag.py:3340} INFO - Setting next_dagrun for latest_only_with_trigger to 2022-11-22T15:35:05.790182+00:00, run_after=2022-11-22T19:35:05.790182+00:00
[2022-11-22T19:35:05.808+0000] {processor.py:176} INFO - Processing /home/airflow/.local/lib/python3.7/site-packages/airflow/example_dags/example_latest_only_with_trigger.py took 0.086 seconds
[2022-11-22T19:35:35.928+0000] {processor.py:154} INFO - Started process (PID=1163) to work on /home/airflow/.local/lib/python3.7/site-packages/airflow/example_dags/example_latest_only_with_trigger.py
[2022-11-22T19:35:35.930+0000] {processor.py:756} INFO - Processing file /home/airflow/.local/lib/python3.7/site-packages/airflow/example_dags/example_latest_only_with_trigger.py for tasks to queue
[2022-11-22T19:35:35.932+0000] {logging_mixin.py:137} INFO - [2022-11-22T19:35:35.932+0000] {dagbag.py:537} INFO - Filling up the DagBag from /home/airflow/.local/lib/python3.7/site-packages/airflow/example_dags/example_latest_only_with_trigger.py
[2022-11-22T19:35:35.947+0000] {processor.py:766} INFO - DAG(s) dict_keys(['latest_only_with_trigger']) retrieved from /home/airflow/.local/lib/python3.7/site-packages/airflow/example_dags/example_latest_only_with_trigger.py
[2022-11-22T19:35:35.982+0000] {logging_mixin.py:137} INFO - [2022-11-22T19:35:35.982+0000] {dag.py:2585} INFO - Sync 1 DAGs
[2022-11-22T19:35:36.002+0000] {logging_mixin.py:137} INFO - [2022-11-22T19:35:36.002+0000] {dag.py:3340} INFO - Setting next_dagrun for latest_only_with_trigger to 2022-11-22T15:35:36.002201+00:00, run_after=2022-11-22T19:35:36.002201+00:00
[2022-11-22T19:35:36.016+0000] {processor.py:176} INFO - Processing /home/airflow/.local/lib/python3.7/site-packages/airflow/example_dags/example_latest_only_with_trigger.py took 0.095 seconds
[2022-11-22T19:36:06.221+0000] {processor.py:154} INFO - Started process (PID=1225) to work on /home/airflow/.local/lib/python3.7/site-packages/airflow/example_dags/example_latest_only_with_trigger.py
[2022-11-22T19:36:06.223+0000] {processor.py:756} INFO - Processing file /home/airflow/.local/lib/python3.7/site-packages/airflow/example_dags/example_latest_only_with_trigger.py for tasks to queue
[2022-11-22T19:36:06.224+0000] {logging_mixin.py:137} INFO - [2022-11-22T19:36:06.224+0000] {dagbag.py:537} INFO - Filling up the DagBag from /home/airflow/.local/lib/python3.7/site-packages/airflow/example_dags/example_latest_only_with_trigger.py
[2022-11-22T19:36:06.236+0000] {processor.py:766} INFO - DAG(s) dict_keys(['latest_only_with_trigger']) retrieved from /home/airflow/.local/lib/python3.7/site-packages/airflow/example_dags/example_latest_only_with_trigger.py
[2022-11-22T19:36:06.272+0000] {logging_mixin.py:137} INFO - [2022-11-22T19:36:06.272+0000] {dag.py:2585} INFO - Sync 1 DAGs
[2022-11-22T19:36:06.288+0000] {logging_mixin.py:137} INFO - [2022-11-22T19:36:06.288+0000] {dag.py:3340} INFO - Setting next_dagrun for latest_only_with_trigger to 2022-11-22T15:36:06.288742+00:00, run_after=2022-11-22T19:36:06.288742+00:00
[2022-11-22T19:36:06.303+0000] {processor.py:176} INFO - Processing /home/airflow/.local/lib/python3.7/site-packages/airflow/example_dags/example_latest_only_with_trigger.py took 0.085 seconds
[2022-11-22T19:36:36.526+0000] {processor.py:154} INFO - Started process (PID=1280) to work on /home/airflow/.local/lib/python3.7/site-packages/airflow/example_dags/example_latest_only_with_trigger.py
[2022-11-22T19:36:36.527+0000] {processor.py:756} INFO - Processing file /home/airflow/.local/lib/python3.7/site-packages/airflow/example_dags/example_latest_only_with_trigger.py for tasks to queue
[2022-11-22T19:36:36.530+0000] {logging_mixin.py:137} INFO - [2022-11-22T19:36:36.529+0000] {dagbag.py:537} INFO - Filling up the DagBag from /home/airflow/.local/lib/python3.7/site-packages/airflow/example_dags/example_latest_only_with_trigger.py
[2022-11-22T19:36:36.542+0000] {processor.py:766} INFO - DAG(s) dict_keys(['latest_only_with_trigger']) retrieved from /home/airflow/.local/lib/python3.7/site-packages/airflow/example_dags/example_latest_only_with_trigger.py
[2022-11-22T19:36:36.572+0000] {logging_mixin.py:137} INFO - [2022-11-22T19:36:36.572+0000] {dag.py:2585} INFO - Sync 1 DAGs
[2022-11-22T19:36:36.592+0000] {logging_mixin.py:137} INFO - [2022-11-22T19:36:36.591+0000] {dag.py:3340} INFO - Setting next_dagrun for latest_only_with_trigger to 2022-11-22T15:36:36.591468+00:00, run_after=2022-11-22T19:36:36.591468+00:00
[2022-11-22T19:36:36.605+0000] {processor.py:176} INFO - Processing /home/airflow/.local/lib/python3.7/site-packages/airflow/example_dags/example_latest_only_with_trigger.py took 0.084 seconds
[2022-11-22T19:37:07.500+0000] {processor.py:154} INFO - Started process (PID=1343) to work on /home/airflow/.local/lib/python3.7/site-packages/airflow/example_dags/example_latest_only_with_trigger.py
[2022-11-22T19:37:07.502+0000] {processor.py:756} INFO - Processing file /home/airflow/.local/lib/python3.7/site-packages/airflow/example_dags/example_latest_only_with_trigger.py for tasks to queue
[2022-11-22T19:37:07.503+0000] {logging_mixin.py:137} INFO - [2022-11-22T19:37:07.503+0000] {dagbag.py:537} INFO - Filling up the DagBag from /home/airflow/.local/lib/python3.7/site-packages/airflow/example_dags/example_latest_only_with_trigger.py
[2022-11-22T19:37:07.513+0000] {processor.py:766} INFO - DAG(s) dict_keys(['latest_only_with_trigger']) retrieved from /home/airflow/.local/lib/python3.7/site-packages/airflow/example_dags/example_latest_only_with_trigger.py
[2022-11-22T19:37:07.541+0000] {logging_mixin.py:137} INFO - [2022-11-22T19:37:07.541+0000] {dag.py:2585} INFO - Sync 1 DAGs
[2022-11-22T19:37:07.558+0000] {logging_mixin.py:137} INFO - [2022-11-22T19:37:07.557+0000] {dag.py:3340} INFO - Setting next_dagrun for latest_only_with_trigger to 2022-11-22T15:37:07.557813+00:00, run_after=2022-11-22T19:37:07.557813+00:00
[2022-11-22T19:37:07.572+0000] {processor.py:176} INFO - Processing /home/airflow/.local/lib/python3.7/site-packages/airflow/example_dags/example_latest_only_with_trigger.py took 0.075 seconds
[2022-11-22T19:37:38.015+0000] {processor.py:154} INFO - Started process (PID=1407) to work on /home/airflow/.local/lib/python3.7/site-packages/airflow/example_dags/example_latest_only_with_trigger.py
[2022-11-22T19:37:38.019+0000] {processor.py:756} INFO - Processing file /home/airflow/.local/lib/python3.7/site-packages/airflow/example_dags/example_latest_only_with_trigger.py for tasks to queue
[2022-11-22T19:37:38.021+0000] {logging_mixin.py:137} INFO - [2022-11-22T19:37:38.021+0000] {dagbag.py:537} INFO - Filling up the DagBag from /home/airflow/.local/lib/python3.7/site-packages/airflow/example_dags/example_latest_only_with_trigger.py
[2022-11-22T19:37:38.044+0000] {processor.py:766} INFO - DAG(s) dict_keys(['latest_only_with_trigger']) retrieved from /home/airflow/.local/lib/python3.7/site-packages/airflow/example_dags/example_latest_only_with_trigger.py
[2022-11-22T19:37:38.091+0000] {logging_mixin.py:137} INFO - [2022-11-22T19:37:38.090+0000] {dag.py:2585} INFO - Sync 1 DAGs
[2022-11-22T19:37:38.124+0000] {logging_mixin.py:137} INFO - [2022-11-22T19:37:38.124+0000] {dag.py:3340} INFO - Setting next_dagrun for latest_only_with_trigger to 2022-11-22T15:37:38.124079+00:00, run_after=2022-11-22T19:37:38.124079+00:00
[2022-11-22T19:37:38.155+0000] {processor.py:176} INFO - Processing /home/airflow/.local/lib/python3.7/site-packages/airflow/example_dags/example_latest_only_with_trigger.py took 0.146 seconds
[2022-11-22T19:38:08.741+0000] {processor.py:154} INFO - Started process (PID=1470) to work on /home/airflow/.local/lib/python3.7/site-packages/airflow/example_dags/example_latest_only_with_trigger.py
[2022-11-22T19:38:08.744+0000] {processor.py:756} INFO - Processing file /home/airflow/.local/lib/python3.7/site-packages/airflow/example_dags/example_latest_only_with_trigger.py for tasks to queue
[2022-11-22T19:38:08.747+0000] {logging_mixin.py:137} INFO - [2022-11-22T19:38:08.746+0000] {dagbag.py:537} INFO - Filling up the DagBag from /home/airflow/.local/lib/python3.7/site-packages/airflow/example_dags/example_latest_only_with_trigger.py
[2022-11-22T19:38:08.772+0000] {processor.py:766} INFO - DAG(s) dict_keys(['latest_only_with_trigger']) retrieved from /home/airflow/.local/lib/python3.7/site-packages/airflow/example_dags/example_latest_only_with_trigger.py
[2022-11-22T19:38:08.836+0000] {logging_mixin.py:137} INFO - [2022-11-22T19:38:08.836+0000] {dag.py:2585} INFO - Sync 1 DAGs
[2022-11-22T19:38:08.859+0000] {logging_mixin.py:137} INFO - [2022-11-22T19:38:08.859+0000] {dag.py:3340} INFO - Setting next_dagrun for latest_only_with_trigger to 2022-11-22T15:38:08.858826+00:00, run_after=2022-11-22T19:38:08.858826+00:00
[2022-11-22T19:38:08.877+0000] {processor.py:176} INFO - Processing /home/airflow/.local/lib/python3.7/site-packages/airflow/example_dags/example_latest_only_with_trigger.py took 0.144 seconds
[2022-11-22T19:38:39.189+0000] {processor.py:154} INFO - Started process (PID=1524) to work on /home/airflow/.local/lib/python3.7/site-packages/airflow/example_dags/example_latest_only_with_trigger.py
[2022-11-22T19:38:39.194+0000] {processor.py:756} INFO - Processing file /home/airflow/.local/lib/python3.7/site-packages/airflow/example_dags/example_latest_only_with_trigger.py for tasks to queue
[2022-11-22T19:38:39.195+0000] {logging_mixin.py:137} INFO - [2022-11-22T19:38:39.195+0000] {dagbag.py:537} INFO - Filling up the DagBag from /home/airflow/.local/lib/python3.7/site-packages/airflow/example_dags/example_latest_only_with_trigger.py
[2022-11-22T19:38:39.219+0000] {processor.py:766} INFO - DAG(s) dict_keys(['latest_only_with_trigger']) retrieved from /home/airflow/.local/lib/python3.7/site-packages/airflow/example_dags/example_latest_only_with_trigger.py
[2022-11-22T19:38:39.269+0000] {logging_mixin.py:137} INFO - [2022-11-22T19:38:39.269+0000] {dag.py:2585} INFO - Sync 1 DAGs
[2022-11-22T19:38:39.293+0000] {logging_mixin.py:137} INFO - [2022-11-22T19:38:39.293+0000] {dag.py:3340} INFO - Setting next_dagrun for latest_only_with_trigger to 2022-11-22T15:38:39.293119+00:00, run_after=2022-11-22T19:38:39.293119+00:00
[2022-11-22T19:38:39.309+0000] {processor.py:176} INFO - Processing /home/airflow/.local/lib/python3.7/site-packages/airflow/example_dags/example_latest_only_with_trigger.py took 0.124 seconds
[2022-11-22T19:39:09.654+0000] {processor.py:154} INFO - Started process (PID=1587) to work on /home/airflow/.local/lib/python3.7/site-packages/airflow/example_dags/example_latest_only_with_trigger.py
[2022-11-22T19:39:09.657+0000] {processor.py:756} INFO - Processing file /home/airflow/.local/lib/python3.7/site-packages/airflow/example_dags/example_latest_only_with_trigger.py for tasks to queue
[2022-11-22T19:39:09.658+0000] {logging_mixin.py:137} INFO - [2022-11-22T19:39:09.658+0000] {dagbag.py:537} INFO - Filling up the DagBag from /home/airflow/.local/lib/python3.7/site-packages/airflow/example_dags/example_latest_only_with_trigger.py
[2022-11-22T19:39:09.682+0000] {processor.py:766} INFO - DAG(s) dict_keys(['latest_only_with_trigger']) retrieved from /home/airflow/.local/lib/python3.7/site-packages/airflow/example_dags/example_latest_only_with_trigger.py
[2022-11-22T19:39:09.729+0000] {logging_mixin.py:137} INFO - [2022-11-22T19:39:09.729+0000] {dag.py:2585} INFO - Sync 1 DAGs
[2022-11-22T19:39:09.753+0000] {logging_mixin.py:137} INFO - [2022-11-22T19:39:09.753+0000] {dag.py:3340} INFO - Setting next_dagrun for latest_only_with_trigger to 2022-11-22T15:39:09.753282+00:00, run_after=2022-11-22T19:39:09.753282+00:00
[2022-11-22T19:39:09.769+0000] {processor.py:176} INFO - Processing /home/airflow/.local/lib/python3.7/site-packages/airflow/example_dags/example_latest_only_with_trigger.py took 0.118 seconds
[2022-11-22T19:39:39.834+0000] {processor.py:154} INFO - Started process (PID=1651) to work on /home/airflow/.local/lib/python3.7/site-packages/airflow/example_dags/example_latest_only_with_trigger.py
[2022-11-22T19:39:39.835+0000] {processor.py:756} INFO - Processing file /home/airflow/.local/lib/python3.7/site-packages/airflow/example_dags/example_latest_only_with_trigger.py for tasks to queue
[2022-11-22T19:39:39.836+0000] {logging_mixin.py:137} INFO - [2022-11-22T19:39:39.836+0000] {dagbag.py:537} INFO - Filling up the DagBag from /home/airflow/.local/lib/python3.7/site-packages/airflow/example_dags/example_latest_only_with_trigger.py
[2022-11-22T19:39:39.852+0000] {processor.py:766} INFO - DAG(s) dict_keys(['latest_only_with_trigger']) retrieved from /home/airflow/.local/lib/python3.7/site-packages/airflow/example_dags/example_latest_only_with_trigger.py
[2022-11-22T19:39:39.895+0000] {logging_mixin.py:137} INFO - [2022-11-22T19:39:39.894+0000] {dag.py:2585} INFO - Sync 1 DAGs
[2022-11-22T19:39:39.918+0000] {logging_mixin.py:137} INFO - [2022-11-22T19:39:39.918+0000] {dag.py:3340} INFO - Setting next_dagrun for latest_only_with_trigger to 2022-11-22T15:39:39.918646+00:00, run_after=2022-11-22T19:39:39.918646+00:00
[2022-11-22T19:39:39.938+0000] {processor.py:176} INFO - Processing /home/airflow/.local/lib/python3.7/site-packages/airflow/example_dags/example_latest_only_with_trigger.py took 0.107 seconds
[2022-11-22T19:40:10.268+0000] {processor.py:154} INFO - Started process (PID=1715) to work on /home/airflow/.local/lib/python3.7/site-packages/airflow/example_dags/example_latest_only_with_trigger.py
[2022-11-22T19:40:10.272+0000] {processor.py:756} INFO - Processing file /home/airflow/.local/lib/python3.7/site-packages/airflow/example_dags/example_latest_only_with_trigger.py for tasks to queue
[2022-11-22T19:40:10.273+0000] {logging_mixin.py:137} INFO - [2022-11-22T19:40:10.273+0000] {dagbag.py:537} INFO - Filling up the DagBag from /home/airflow/.local/lib/python3.7/site-packages/airflow/example_dags/example_latest_only_with_trigger.py
[2022-11-22T19:40:10.289+0000] {processor.py:766} INFO - DAG(s) dict_keys(['latest_only_with_trigger']) retrieved from /home/airflow/.local/lib/python3.7/site-packages/airflow/example_dags/example_latest_only_with_trigger.py
[2022-11-22T19:40:10.318+0000] {logging_mixin.py:137} INFO - [2022-11-22T19:40:10.317+0000] {dag.py:2585} INFO - Sync 1 DAGs
[2022-11-22T19:40:10.333+0000] {logging_mixin.py:137} INFO - [2022-11-22T19:40:10.333+0000] {dag.py:3340} INFO - Setting next_dagrun for latest_only_with_trigger to 2022-11-22T15:40:10.333140+00:00, run_after=2022-11-22T19:40:10.333140+00:00
[2022-11-22T19:40:10.345+0000] {processor.py:176} INFO - Processing /home/airflow/.local/lib/python3.7/site-packages/airflow/example_dags/example_latest_only_with_trigger.py took 0.079 seconds
[2022-11-22T19:40:40.530+0000] {processor.py:154} INFO - Started process (PID=1769) to work on /home/airflow/.local/lib/python3.7/site-packages/airflow/example_dags/example_latest_only_with_trigger.py
[2022-11-22T19:40:40.533+0000] {processor.py:756} INFO - Processing file /home/airflow/.local/lib/python3.7/site-packages/airflow/example_dags/example_latest_only_with_trigger.py for tasks to queue
[2022-11-22T19:40:40.533+0000] {logging_mixin.py:137} INFO - [2022-11-22T19:40:40.533+0000] {dagbag.py:537} INFO - Filling up the DagBag from /home/airflow/.local/lib/python3.7/site-packages/airflow/example_dags/example_latest_only_with_trigger.py
[2022-11-22T19:40:40.543+0000] {processor.py:766} INFO - DAG(s) dict_keys(['latest_only_with_trigger']) retrieved from /home/airflow/.local/lib/python3.7/site-packages/airflow/example_dags/example_latest_only_with_trigger.py
[2022-11-22T19:40:40.570+0000] {logging_mixin.py:137} INFO - [2022-11-22T19:40:40.569+0000] {dag.py:2585} INFO - Sync 1 DAGs
[2022-11-22T19:40:40.587+0000] {logging_mixin.py:137} INFO - [2022-11-22T19:40:40.587+0000] {dag.py:3340} INFO - Setting next_dagrun for latest_only_with_trigger to 2022-11-22T15:40:40.587527+00:00, run_after=2022-11-22T19:40:40.587527+00:00
[2022-11-22T19:40:40.613+0000] {processor.py:176} INFO - Processing /home/airflow/.local/lib/python3.7/site-packages/airflow/example_dags/example_latest_only_with_trigger.py took 0.085 seconds
[2022-11-22T19:41:11.508+0000] {processor.py:154} INFO - Started process (PID=1833) to work on /home/airflow/.local/lib/python3.7/site-packages/airflow/example_dags/example_latest_only_with_trigger.py
[2022-11-22T19:41:11.511+0000] {processor.py:756} INFO - Processing file /home/airflow/.local/lib/python3.7/site-packages/airflow/example_dags/example_latest_only_with_trigger.py for tasks to queue
[2022-11-22T19:41:11.514+0000] {logging_mixin.py:137} INFO - [2022-11-22T19:41:11.514+0000] {dagbag.py:537} INFO - Filling up the DagBag from /home/airflow/.local/lib/python3.7/site-packages/airflow/example_dags/example_latest_only_with_trigger.py
[2022-11-22T19:41:11.540+0000] {processor.py:766} INFO - DAG(s) dict_keys(['latest_only_with_trigger']) retrieved from /home/airflow/.local/lib/python3.7/site-packages/airflow/example_dags/example_latest_only_with_trigger.py
[2022-11-22T19:41:11.585+0000] {logging_mixin.py:137} INFO - [2022-11-22T19:41:11.585+0000] {dag.py:2585} INFO - Sync 1 DAGs
[2022-11-22T19:41:11.604+0000] {logging_mixin.py:137} INFO - [2022-11-22T19:41:11.604+0000] {dag.py:3340} INFO - Setting next_dagrun for latest_only_with_trigger to 2022-11-22T15:41:11.604041+00:00, run_after=2022-11-22T19:41:11.604041+00:00
[2022-11-22T19:41:11.622+0000] {processor.py:176} INFO - Processing /home/airflow/.local/lib/python3.7/site-packages/airflow/example_dags/example_latest_only_with_trigger.py took 0.119 seconds
[2022-11-22T19:41:41.799+0000] {processor.py:154} INFO - Started process (PID=1897) to work on /home/airflow/.local/lib/python3.7/site-packages/airflow/example_dags/example_latest_only_with_trigger.py
[2022-11-22T19:41:41.800+0000] {processor.py:756} INFO - Processing file /home/airflow/.local/lib/python3.7/site-packages/airflow/example_dags/example_latest_only_with_trigger.py for tasks to queue
[2022-11-22T19:41:41.801+0000] {logging_mixin.py:137} INFO - [2022-11-22T19:41:41.801+0000] {dagbag.py:537} INFO - Filling up the DagBag from /home/airflow/.local/lib/python3.7/site-packages/airflow/example_dags/example_latest_only_with_trigger.py
[2022-11-22T19:41:41.812+0000] {processor.py:766} INFO - DAG(s) dict_keys(['latest_only_with_trigger']) retrieved from /home/airflow/.local/lib/python3.7/site-packages/airflow/example_dags/example_latest_only_with_trigger.py
[2022-11-22T19:41:41.851+0000] {logging_mixin.py:137} INFO - [2022-11-22T19:41:41.850+0000] {dag.py:2585} INFO - Sync 1 DAGs
[2022-11-22T19:41:41.881+0000] {logging_mixin.py:137} INFO - [2022-11-22T19:41:41.881+0000] {dag.py:3340} INFO - Setting next_dagrun for latest_only_with_trigger to 2022-11-22T15:41:41.881339+00:00, run_after=2022-11-22T19:41:41.881339+00:00
[2022-11-22T19:41:41.904+0000] {processor.py:176} INFO - Processing /home/airflow/.local/lib/python3.7/site-packages/airflow/example_dags/example_latest_only_with_trigger.py took 0.108 seconds
[2022-11-22T19:42:12.253+0000] {processor.py:154} INFO - Started process (PID=1960) to work on /home/airflow/.local/lib/python3.7/site-packages/airflow/example_dags/example_latest_only_with_trigger.py
[2022-11-22T19:42:12.255+0000] {processor.py:756} INFO - Processing file /home/airflow/.local/lib/python3.7/site-packages/airflow/example_dags/example_latest_only_with_trigger.py for tasks to queue
[2022-11-22T19:42:12.256+0000] {logging_mixin.py:137} INFO - [2022-11-22T19:42:12.256+0000] {dagbag.py:537} INFO - Filling up the DagBag from /home/airflow/.local/lib/python3.7/site-packages/airflow/example_dags/example_latest_only_with_trigger.py
[2022-11-22T19:42:12.267+0000] {processor.py:766} INFO - DAG(s) dict_keys(['latest_only_with_trigger']) retrieved from /home/airflow/.local/lib/python3.7/site-packages/airflow/example_dags/example_latest_only_with_trigger.py
[2022-11-22T19:42:12.310+0000] {logging_mixin.py:137} INFO - [2022-11-22T19:42:12.310+0000] {dag.py:2585} INFO - Sync 1 DAGs
[2022-11-22T19:42:12.336+0000] {logging_mixin.py:137} INFO - [2022-11-22T19:42:12.336+0000] {dag.py:3340} INFO - Setting next_dagrun for latest_only_with_trigger to 2022-11-22T15:42:12.335812+00:00, run_after=2022-11-22T19:42:12.335812+00:00
[2022-11-22T19:42:12.362+0000] {processor.py:176} INFO - Processing /home/airflow/.local/lib/python3.7/site-packages/airflow/example_dags/example_latest_only_with_trigger.py took 0.113 seconds
[2022-11-22T19:42:43.334+0000] {processor.py:154} INFO - Started process (PID=2015) to work on /home/airflow/.local/lib/python3.7/site-packages/airflow/example_dags/example_latest_only_with_trigger.py
[2022-11-22T19:42:43.337+0000] {processor.py:756} INFO - Processing file /home/airflow/.local/lib/python3.7/site-packages/airflow/example_dags/example_latest_only_with_trigger.py for tasks to queue
[2022-11-22T19:42:43.338+0000] {logging_mixin.py:137} INFO - [2022-11-22T19:42:43.338+0000] {dagbag.py:537} INFO - Filling up the DagBag from /home/airflow/.local/lib/python3.7/site-packages/airflow/example_dags/example_latest_only_with_trigger.py
[2022-11-22T19:42:43.349+0000] {processor.py:766} INFO - DAG(s) dict_keys(['latest_only_with_trigger']) retrieved from /home/airflow/.local/lib/python3.7/site-packages/airflow/example_dags/example_latest_only_with_trigger.py
[2022-11-22T19:42:43.378+0000] {logging_mixin.py:137} INFO - [2022-11-22T19:42:43.378+0000] {dag.py:2585} INFO - Sync 1 DAGs
[2022-11-22T19:42:43.395+0000] {logging_mixin.py:137} INFO - [2022-11-22T19:42:43.395+0000] {dag.py:3340} INFO - Setting next_dagrun for latest_only_with_trigger to 2022-11-22T15:42:43.394796+00:00, run_after=2022-11-22T19:42:43.394796+00:00
[2022-11-22T19:42:43.411+0000] {processor.py:176} INFO - Processing /home/airflow/.local/lib/python3.7/site-packages/airflow/example_dags/example_latest_only_with_trigger.py took 0.079 seconds
[2022-11-22T19:43:14.355+0000] {processor.py:154} INFO - Started process (PID=2077) to work on /home/airflow/.local/lib/python3.7/site-packages/airflow/example_dags/example_latest_only_with_trigger.py
[2022-11-22T19:43:14.357+0000] {processor.py:756} INFO - Processing file /home/airflow/.local/lib/python3.7/site-packages/airflow/example_dags/example_latest_only_with_trigger.py for tasks to queue
[2022-11-22T19:43:14.358+0000] {logging_mixin.py:137} INFO - [2022-11-22T19:43:14.358+0000] {dagbag.py:537} INFO - Filling up the DagBag from /home/airflow/.local/lib/python3.7/site-packages/airflow/example_dags/example_latest_only_with_trigger.py
[2022-11-22T19:43:14.374+0000] {processor.py:766} INFO - DAG(s) dict_keys(['latest_only_with_trigger']) retrieved from /home/airflow/.local/lib/python3.7/site-packages/airflow/example_dags/example_latest_only_with_trigger.py
[2022-11-22T19:43:14.403+0000] {logging_mixin.py:137} INFO - [2022-11-22T19:43:14.403+0000] {dag.py:2585} INFO - Sync 1 DAGs
[2022-11-22T19:43:14.420+0000] {logging_mixin.py:137} INFO - [2022-11-22T19:43:14.420+0000] {dag.py:3340} INFO - Setting next_dagrun for latest_only_with_trigger to 2022-11-22T15:43:14.419751+00:00, run_after=2022-11-22T19:43:14.419751+00:00
[2022-11-22T19:43:14.434+0000] {processor.py:176} INFO - Processing /home/airflow/.local/lib/python3.7/site-packages/airflow/example_dags/example_latest_only_with_trigger.py took 0.081 seconds
[2022-11-22T19:43:45.344+0000] {processor.py:154} INFO - Started process (PID=2140) to work on /home/airflow/.local/lib/python3.7/site-packages/airflow/example_dags/example_latest_only_with_trigger.py
[2022-11-22T19:43:45.347+0000] {processor.py:756} INFO - Processing file /home/airflow/.local/lib/python3.7/site-packages/airflow/example_dags/example_latest_only_with_trigger.py for tasks to queue
[2022-11-22T19:43:45.349+0000] {logging_mixin.py:137} INFO - [2022-11-22T19:43:45.349+0000] {dagbag.py:537} INFO - Filling up the DagBag from /home/airflow/.local/lib/python3.7/site-packages/airflow/example_dags/example_latest_only_with_trigger.py
[2022-11-22T19:43:45.364+0000] {processor.py:766} INFO - DAG(s) dict_keys(['latest_only_with_trigger']) retrieved from /home/airflow/.local/lib/python3.7/site-packages/airflow/example_dags/example_latest_only_with_trigger.py
[2022-11-22T19:43:45.395+0000] {logging_mixin.py:137} INFO - [2022-11-22T19:43:45.395+0000] {dag.py:2585} INFO - Sync 1 DAGs
[2022-11-22T19:43:45.414+0000] {logging_mixin.py:137} INFO - [2022-11-22T19:43:45.414+0000] {dag.py:3340} INFO - Setting next_dagrun for latest_only_with_trigger to 2022-11-22T15:43:45.413866+00:00, run_after=2022-11-22T19:43:45.413866+00:00
[2022-11-22T19:43:45.426+0000] {processor.py:176} INFO - Processing /home/airflow/.local/lib/python3.7/site-packages/airflow/example_dags/example_latest_only_with_trigger.py took 0.085 seconds
[2022-11-22T19:44:15.796+0000] {processor.py:154} INFO - Started process (PID=2203) to work on /home/airflow/.local/lib/python3.7/site-packages/airflow/example_dags/example_latest_only_with_trigger.py
[2022-11-22T19:44:15.798+0000] {processor.py:756} INFO - Processing file /home/airflow/.local/lib/python3.7/site-packages/airflow/example_dags/example_latest_only_with_trigger.py for tasks to queue
[2022-11-22T19:44:15.799+0000] {logging_mixin.py:137} INFO - [2022-11-22T19:44:15.799+0000] {dagbag.py:537} INFO - Filling up the DagBag from /home/airflow/.local/lib/python3.7/site-packages/airflow/example_dags/example_latest_only_with_trigger.py
[2022-11-22T19:44:15.809+0000] {processor.py:766} INFO - DAG(s) dict_keys(['latest_only_with_trigger']) retrieved from /home/airflow/.local/lib/python3.7/site-packages/airflow/example_dags/example_latest_only_with_trigger.py
[2022-11-22T19:44:15.838+0000] {logging_mixin.py:137} INFO - [2022-11-22T19:44:15.838+0000] {dag.py:2585} INFO - Sync 1 DAGs
[2022-11-22T19:44:15.853+0000] {logging_mixin.py:137} INFO - [2022-11-22T19:44:15.853+0000] {dag.py:3340} INFO - Setting next_dagrun for latest_only_with_trigger to 2022-11-22T15:44:15.853058+00:00, run_after=2022-11-22T19:44:15.853058+00:00
[2022-11-22T19:44:15.863+0000] {processor.py:176} INFO - Processing /home/airflow/.local/lib/python3.7/site-packages/airflow/example_dags/example_latest_only_with_trigger.py took 0.070 seconds
[2022-11-22T19:44:46.910+0000] {processor.py:154} INFO - Started process (PID=2266) to work on /home/airflow/.local/lib/python3.7/site-packages/airflow/example_dags/example_latest_only_with_trigger.py
[2022-11-22T19:44:46.913+0000] {processor.py:756} INFO - Processing file /home/airflow/.local/lib/python3.7/site-packages/airflow/example_dags/example_latest_only_with_trigger.py for tasks to queue
[2022-11-22T19:44:46.914+0000] {logging_mixin.py:137} INFO - [2022-11-22T19:44:46.914+0000] {dagbag.py:537} INFO - Filling up the DagBag from /home/airflow/.local/lib/python3.7/site-packages/airflow/example_dags/example_latest_only_with_trigger.py
[2022-11-22T19:44:46.926+0000] {processor.py:766} INFO - DAG(s) dict_keys(['latest_only_with_trigger']) retrieved from /home/airflow/.local/lib/python3.7/site-packages/airflow/example_dags/example_latest_only_with_trigger.py
[2022-11-22T19:44:46.955+0000] {logging_mixin.py:137} INFO - [2022-11-22T19:44:46.955+0000] {dag.py:2585} INFO - Sync 1 DAGs
[2022-11-22T19:44:46.972+0000] {logging_mixin.py:137} INFO - [2022-11-22T19:44:46.972+0000] {dag.py:3340} INFO - Setting next_dagrun for latest_only_with_trigger to 2022-11-22T15:44:46.972625+00:00, run_after=2022-11-22T19:44:46.972625+00:00
[2022-11-22T19:44:46.986+0000] {processor.py:176} INFO - Processing /home/airflow/.local/lib/python3.7/site-packages/airflow/example_dags/example_latest_only_with_trigger.py took 0.081 seconds
[2022-11-22T19:45:18.080+0000] {processor.py:154} INFO - Started process (PID=2328) to work on /home/airflow/.local/lib/python3.7/site-packages/airflow/example_dags/example_latest_only_with_trigger.py
[2022-11-22T19:45:18.082+0000] {processor.py:756} INFO - Processing file /home/airflow/.local/lib/python3.7/site-packages/airflow/example_dags/example_latest_only_with_trigger.py for tasks to queue
[2022-11-22T19:45:18.083+0000] {logging_mixin.py:137} INFO - [2022-11-22T19:45:18.083+0000] {dagbag.py:537} INFO - Filling up the DagBag from /home/airflow/.local/lib/python3.7/site-packages/airflow/example_dags/example_latest_only_with_trigger.py
[2022-11-22T19:45:18.101+0000] {processor.py:766} INFO - DAG(s) dict_keys(['latest_only_with_trigger']) retrieved from /home/airflow/.local/lib/python3.7/site-packages/airflow/example_dags/example_latest_only_with_trigger.py
[2022-11-22T19:45:18.142+0000] {logging_mixin.py:137} INFO - [2022-11-22T19:45:18.142+0000] {dag.py:2585} INFO - Sync 1 DAGs
[2022-11-22T19:45:18.165+0000] {logging_mixin.py:137} INFO - [2022-11-22T19:45:18.165+0000] {dag.py:3340} INFO - Setting next_dagrun for latest_only_with_trigger to 2022-11-22T15:45:18.165340+00:00, run_after=2022-11-22T19:45:18.165340+00:00
[2022-11-22T19:45:18.182+0000] {processor.py:176} INFO - Processing /home/airflow/.local/lib/python3.7/site-packages/airflow/example_dags/example_latest_only_with_trigger.py took 0.105 seconds
[2022-11-22T19:45:48.773+0000] {processor.py:154} INFO - Started process (PID=2385) to work on /home/airflow/.local/lib/python3.7/site-packages/airflow/example_dags/example_latest_only_with_trigger.py
[2022-11-22T19:45:48.775+0000] {processor.py:756} INFO - Processing file /home/airflow/.local/lib/python3.7/site-packages/airflow/example_dags/example_latest_only_with_trigger.py for tasks to queue
[2022-11-22T19:45:48.777+0000] {logging_mixin.py:137} INFO - [2022-11-22T19:45:48.777+0000] {dagbag.py:537} INFO - Filling up the DagBag from /home/airflow/.local/lib/python3.7/site-packages/airflow/example_dags/example_latest_only_with_trigger.py
[2022-11-22T19:45:48.787+0000] {processor.py:766} INFO - DAG(s) dict_keys(['latest_only_with_trigger']) retrieved from /home/airflow/.local/lib/python3.7/site-packages/airflow/example_dags/example_latest_only_with_trigger.py
[2022-11-22T19:45:48.813+0000] {logging_mixin.py:137} INFO - [2022-11-22T19:45:48.813+0000] {dag.py:2585} INFO - Sync 1 DAGs
[2022-11-22T19:45:48.833+0000] {logging_mixin.py:137} INFO - [2022-11-22T19:45:48.833+0000] {dag.py:3340} INFO - Setting next_dagrun for latest_only_with_trigger to 2022-11-22T15:45:48.833032+00:00, run_after=2022-11-22T19:45:48.833032+00:00
[2022-11-22T19:45:48.844+0000] {processor.py:176} INFO - Processing /home/airflow/.local/lib/python3.7/site-packages/airflow/example_dags/example_latest_only_with_trigger.py took 0.074 seconds
[2022-11-22T19:46:19.415+0000] {processor.py:154} INFO - Started process (PID=2449) to work on /home/airflow/.local/lib/python3.7/site-packages/airflow/example_dags/example_latest_only_with_trigger.py
[2022-11-22T19:46:19.417+0000] {processor.py:756} INFO - Processing file /home/airflow/.local/lib/python3.7/site-packages/airflow/example_dags/example_latest_only_with_trigger.py for tasks to queue
[2022-11-22T19:46:19.418+0000] {logging_mixin.py:137} INFO - [2022-11-22T19:46:19.418+0000] {dagbag.py:537} INFO - Filling up the DagBag from /home/airflow/.local/lib/python3.7/site-packages/airflow/example_dags/example_latest_only_with_trigger.py
[2022-11-22T19:46:19.430+0000] {processor.py:766} INFO - DAG(s) dict_keys(['latest_only_with_trigger']) retrieved from /home/airflow/.local/lib/python3.7/site-packages/airflow/example_dags/example_latest_only_with_trigger.py
[2022-11-22T19:46:19.465+0000] {logging_mixin.py:137} INFO - [2022-11-22T19:46:19.465+0000] {dag.py:2585} INFO - Sync 1 DAGs
[2022-11-22T19:46:19.482+0000] {logging_mixin.py:137} INFO - [2022-11-22T19:46:19.482+0000] {dag.py:3340} INFO - Setting next_dagrun for latest_only_with_trigger to 2022-11-22T15:46:19.482082+00:00, run_after=2022-11-22T19:46:19.482082+00:00
[2022-11-22T19:46:19.496+0000] {processor.py:176} INFO - Processing /home/airflow/.local/lib/python3.7/site-packages/airflow/example_dags/example_latest_only_with_trigger.py took 0.083 seconds
[2022-11-22T19:46:51.213+0000] {processor.py:154} INFO - Started process (PID=2511) to work on /home/airflow/.local/lib/python3.7/site-packages/airflow/example_dags/example_latest_only_with_trigger.py
[2022-11-22T19:46:51.215+0000] {processor.py:756} INFO - Processing file /home/airflow/.local/lib/python3.7/site-packages/airflow/example_dags/example_latest_only_with_trigger.py for tasks to queue
[2022-11-22T19:46:51.216+0000] {logging_mixin.py:137} INFO - [2022-11-22T19:46:51.216+0000] {dagbag.py:537} INFO - Filling up the DagBag from /home/airflow/.local/lib/python3.7/site-packages/airflow/example_dags/example_latest_only_with_trigger.py
[2022-11-22T19:46:51.228+0000] {processor.py:766} INFO - DAG(s) dict_keys(['latest_only_with_trigger']) retrieved from /home/airflow/.local/lib/python3.7/site-packages/airflow/example_dags/example_latest_only_with_trigger.py
[2022-11-22T19:46:51.261+0000] {logging_mixin.py:137} INFO - [2022-11-22T19:46:51.261+0000] {dag.py:2585} INFO - Sync 1 DAGs
[2022-11-22T19:46:51.279+0000] {logging_mixin.py:137} INFO - [2022-11-22T19:46:51.279+0000] {dag.py:3340} INFO - Setting next_dagrun for latest_only_with_trigger to 2022-11-22T15:46:51.278886+00:00, run_after=2022-11-22T19:46:51.278886+00:00
[2022-11-22T19:46:51.291+0000] {processor.py:176} INFO - Processing /home/airflow/.local/lib/python3.7/site-packages/airflow/example_dags/example_latest_only_with_trigger.py took 0.083 seconds
[2022-11-22T19:47:21.551+0000] {processor.py:154} INFO - Started process (PID=2574) to work on /home/airflow/.local/lib/python3.7/site-packages/airflow/example_dags/example_latest_only_with_trigger.py
[2022-11-22T19:47:21.553+0000] {processor.py:756} INFO - Processing file /home/airflow/.local/lib/python3.7/site-packages/airflow/example_dags/example_latest_only_with_trigger.py for tasks to queue
[2022-11-22T19:47:21.554+0000] {logging_mixin.py:137} INFO - [2022-11-22T19:47:21.554+0000] {dagbag.py:537} INFO - Filling up the DagBag from /home/airflow/.local/lib/python3.7/site-packages/airflow/example_dags/example_latest_only_with_trigger.py
[2022-11-22T19:47:21.564+0000] {processor.py:766} INFO - DAG(s) dict_keys(['latest_only_with_trigger']) retrieved from /home/airflow/.local/lib/python3.7/site-packages/airflow/example_dags/example_latest_only_with_trigger.py
[2022-11-22T19:47:21.590+0000] {logging_mixin.py:137} INFO - [2022-11-22T19:47:21.590+0000] {dag.py:2585} INFO - Sync 1 DAGs
[2022-11-22T19:47:21.608+0000] {logging_mixin.py:137} INFO - [2022-11-22T19:47:21.608+0000] {dag.py:3340} INFO - Setting next_dagrun for latest_only_with_trigger to 2022-11-22T15:47:21.608358+00:00, run_after=2022-11-22T19:47:21.608358+00:00
[2022-11-22T19:47:21.624+0000] {processor.py:176} INFO - Processing /home/airflow/.local/lib/python3.7/site-packages/airflow/example_dags/example_latest_only_with_trigger.py took 0.075 seconds
[2022-11-22T19:47:52.050+0000] {processor.py:154} INFO - Started process (PID=2627) to work on /home/airflow/.local/lib/python3.7/site-packages/airflow/example_dags/example_latest_only_with_trigger.py
[2022-11-22T19:47:52.059+0000] {processor.py:756} INFO - Processing file /home/airflow/.local/lib/python3.7/site-packages/airflow/example_dags/example_latest_only_with_trigger.py for tasks to queue
[2022-11-22T19:47:52.063+0000] {logging_mixin.py:137} INFO - [2022-11-22T19:47:52.063+0000] {dagbag.py:537} INFO - Filling up the DagBag from /home/airflow/.local/lib/python3.7/site-packages/airflow/example_dags/example_latest_only_with_trigger.py
[2022-11-22T19:47:52.076+0000] {processor.py:766} INFO - DAG(s) dict_keys(['latest_only_with_trigger']) retrieved from /home/airflow/.local/lib/python3.7/site-packages/airflow/example_dags/example_latest_only_with_trigger.py
[2022-11-22T19:47:52.110+0000] {logging_mixin.py:137} INFO - [2022-11-22T19:47:52.110+0000] {dag.py:2585} INFO - Sync 1 DAGs
[2022-11-22T19:47:52.132+0000] {logging_mixin.py:137} INFO - [2022-11-22T19:47:52.132+0000] {dag.py:3340} INFO - Setting next_dagrun for latest_only_with_trigger to 2022-11-22T15:47:52.132220+00:00, run_after=2022-11-22T19:47:52.132220+00:00
[2022-11-22T19:47:52.145+0000] {processor.py:176} INFO - Processing /home/airflow/.local/lib/python3.7/site-packages/airflow/example_dags/example_latest_only_with_trigger.py took 0.097 seconds
[2022-11-22T19:48:22.655+0000] {processor.py:154} INFO - Started process (PID=2689) to work on /home/airflow/.local/lib/python3.7/site-packages/airflow/example_dags/example_latest_only_with_trigger.py
[2022-11-22T19:48:22.658+0000] {processor.py:756} INFO - Processing file /home/airflow/.local/lib/python3.7/site-packages/airflow/example_dags/example_latest_only_with_trigger.py for tasks to queue
[2022-11-22T19:48:22.663+0000] {logging_mixin.py:137} INFO - [2022-11-22T19:48:22.663+0000] {dagbag.py:537} INFO - Filling up the DagBag from /home/airflow/.local/lib/python3.7/site-packages/airflow/example_dags/example_latest_only_with_trigger.py
[2022-11-22T19:48:22.678+0000] {processor.py:766} INFO - DAG(s) dict_keys(['latest_only_with_trigger']) retrieved from /home/airflow/.local/lib/python3.7/site-packages/airflow/example_dags/example_latest_only_with_trigger.py
[2022-11-22T19:48:22.708+0000] {logging_mixin.py:137} INFO - [2022-11-22T19:48:22.708+0000] {dag.py:2585} INFO - Sync 1 DAGs
[2022-11-22T19:48:22.726+0000] {logging_mixin.py:137} INFO - [2022-11-22T19:48:22.726+0000] {dag.py:3340} INFO - Setting next_dagrun for latest_only_with_trigger to 2022-11-22T15:48:22.725907+00:00, run_after=2022-11-22T19:48:22.725907+00:00
[2022-11-22T19:48:22.739+0000] {processor.py:176} INFO - Processing /home/airflow/.local/lib/python3.7/site-packages/airflow/example_dags/example_latest_only_with_trigger.py took 0.086 seconds
[2022-11-22T19:48:52.990+0000] {processor.py:154} INFO - Started process (PID=2752) to work on /home/airflow/.local/lib/python3.7/site-packages/airflow/example_dags/example_latest_only_with_trigger.py
[2022-11-22T19:48:52.993+0000] {processor.py:756} INFO - Processing file /home/airflow/.local/lib/python3.7/site-packages/airflow/example_dags/example_latest_only_with_trigger.py for tasks to queue
[2022-11-22T19:48:52.994+0000] {logging_mixin.py:137} INFO - [2022-11-22T19:48:52.994+0000] {dagbag.py:537} INFO - Filling up the DagBag from /home/airflow/.local/lib/python3.7/site-packages/airflow/example_dags/example_latest_only_with_trigger.py
[2022-11-22T19:48:53.006+0000] {processor.py:766} INFO - DAG(s) dict_keys(['latest_only_with_trigger']) retrieved from /home/airflow/.local/lib/python3.7/site-packages/airflow/example_dags/example_latest_only_with_trigger.py
[2022-11-22T19:48:53.051+0000] {logging_mixin.py:137} INFO - [2022-11-22T19:48:53.051+0000] {dag.py:2585} INFO - Sync 1 DAGs
[2022-11-22T19:48:53.074+0000] {logging_mixin.py:137} INFO - [2022-11-22T19:48:53.073+0000] {dag.py:3340} INFO - Setting next_dagrun for latest_only_with_trigger to 2022-11-22T15:48:53.073779+00:00, run_after=2022-11-22T19:48:53.073779+00:00
[2022-11-22T19:48:53.101+0000] {processor.py:176} INFO - Processing /home/airflow/.local/lib/python3.7/site-packages/airflow/example_dags/example_latest_only_with_trigger.py took 0.114 seconds
[2022-11-22T19:49:23.270+0000] {processor.py:154} INFO - Started process (PID=2815) to work on /home/airflow/.local/lib/python3.7/site-packages/airflow/example_dags/example_latest_only_with_trigger.py
[2022-11-22T19:49:23.272+0000] {processor.py:756} INFO - Processing file /home/airflow/.local/lib/python3.7/site-packages/airflow/example_dags/example_latest_only_with_trigger.py for tasks to queue
[2022-11-22T19:49:23.273+0000] {logging_mixin.py:137} INFO - [2022-11-22T19:49:23.272+0000] {dagbag.py:537} INFO - Filling up the DagBag from /home/airflow/.local/lib/python3.7/site-packages/airflow/example_dags/example_latest_only_with_trigger.py
[2022-11-22T19:49:23.284+0000] {processor.py:766} INFO - DAG(s) dict_keys(['latest_only_with_trigger']) retrieved from /home/airflow/.local/lib/python3.7/site-packages/airflow/example_dags/example_latest_only_with_trigger.py
[2022-11-22T19:49:23.311+0000] {logging_mixin.py:137} INFO - [2022-11-22T19:49:23.311+0000] {dag.py:2585} INFO - Sync 1 DAGs
[2022-11-22T19:49:23.326+0000] {logging_mixin.py:137} INFO - [2022-11-22T19:49:23.326+0000] {dag.py:3340} INFO - Setting next_dagrun for latest_only_with_trigger to 2022-11-22T15:49:23.326502+00:00, run_after=2022-11-22T19:49:23.326502+00:00
[2022-11-22T19:49:23.338+0000] {processor.py:176} INFO - Processing /home/airflow/.local/lib/python3.7/site-packages/airflow/example_dags/example_latest_only_with_trigger.py took 0.070 seconds
[2022-11-22T19:49:53.958+0000] {processor.py:154} INFO - Started process (PID=2869) to work on /home/airflow/.local/lib/python3.7/site-packages/airflow/example_dags/example_latest_only_with_trigger.py
[2022-11-22T19:49:53.960+0000] {processor.py:756} INFO - Processing file /home/airflow/.local/lib/python3.7/site-packages/airflow/example_dags/example_latest_only_with_trigger.py for tasks to queue
[2022-11-22T19:49:53.962+0000] {logging_mixin.py:137} INFO - [2022-11-22T19:49:53.961+0000] {dagbag.py:537} INFO - Filling up the DagBag from /home/airflow/.local/lib/python3.7/site-packages/airflow/example_dags/example_latest_only_with_trigger.py
[2022-11-22T19:49:53.974+0000] {processor.py:766} INFO - DAG(s) dict_keys(['latest_only_with_trigger']) retrieved from /home/airflow/.local/lib/python3.7/site-packages/airflow/example_dags/example_latest_only_with_trigger.py
[2022-11-22T19:49:54.004+0000] {logging_mixin.py:137} INFO - [2022-11-22T19:49:54.004+0000] {dag.py:2585} INFO - Sync 1 DAGs
[2022-11-22T19:49:54.024+0000] {logging_mixin.py:137} INFO - [2022-11-22T19:49:54.024+0000] {dag.py:3340} INFO - Setting next_dagrun for latest_only_with_trigger to 2022-11-22T15:49:54.023973+00:00, run_after=2022-11-22T19:49:54.023973+00:00
[2022-11-22T19:49:54.039+0000] {processor.py:176} INFO - Processing /home/airflow/.local/lib/python3.7/site-packages/airflow/example_dags/example_latest_only_with_trigger.py took 0.083 seconds
[2022-11-22T19:50:24.780+0000] {processor.py:154} INFO - Started process (PID=2933) to work on /home/airflow/.local/lib/python3.7/site-packages/airflow/example_dags/example_latest_only_with_trigger.py
[2022-11-22T19:50:24.782+0000] {processor.py:756} INFO - Processing file /home/airflow/.local/lib/python3.7/site-packages/airflow/example_dags/example_latest_only_with_trigger.py for tasks to queue
[2022-11-22T19:50:24.783+0000] {logging_mixin.py:137} INFO - [2022-11-22T19:50:24.783+0000] {dagbag.py:537} INFO - Filling up the DagBag from /home/airflow/.local/lib/python3.7/site-packages/airflow/example_dags/example_latest_only_with_trigger.py
[2022-11-22T19:50:24.798+0000] {processor.py:766} INFO - DAG(s) dict_keys(['latest_only_with_trigger']) retrieved from /home/airflow/.local/lib/python3.7/site-packages/airflow/example_dags/example_latest_only_with_trigger.py
[2022-11-22T19:50:24.837+0000] {logging_mixin.py:137} INFO - [2022-11-22T19:50:24.837+0000] {dag.py:2585} INFO - Sync 1 DAGs
[2022-11-22T19:50:24.854+0000] {logging_mixin.py:137} INFO - [2022-11-22T19:50:24.854+0000] {dag.py:3340} INFO - Setting next_dagrun for latest_only_with_trigger to 2022-11-22T15:50:24.854274+00:00, run_after=2022-11-22T19:50:24.854274+00:00
[2022-11-22T19:50:24.866+0000] {processor.py:176} INFO - Processing /home/airflow/.local/lib/python3.7/site-packages/airflow/example_dags/example_latest_only_with_trigger.py took 0.089 seconds
[2022-11-22T19:50:55.325+0000] {processor.py:154} INFO - Started process (PID=2996) to work on /home/airflow/.local/lib/python3.7/site-packages/airflow/example_dags/example_latest_only_with_trigger.py
[2022-11-22T19:50:55.330+0000] {processor.py:756} INFO - Processing file /home/airflow/.local/lib/python3.7/site-packages/airflow/example_dags/example_latest_only_with_trigger.py for tasks to queue
[2022-11-22T19:50:55.332+0000] {logging_mixin.py:137} INFO - [2022-11-22T19:50:55.332+0000] {dagbag.py:537} INFO - Filling up the DagBag from /home/airflow/.local/lib/python3.7/site-packages/airflow/example_dags/example_latest_only_with_trigger.py
[2022-11-22T19:50:55.348+0000] {processor.py:766} INFO - DAG(s) dict_keys(['latest_only_with_trigger']) retrieved from /home/airflow/.local/lib/python3.7/site-packages/airflow/example_dags/example_latest_only_with_trigger.py
[2022-11-22T19:50:55.383+0000] {logging_mixin.py:137} INFO - [2022-11-22T19:50:55.383+0000] {dag.py:2585} INFO - Sync 1 DAGs
[2022-11-22T19:50:55.400+0000] {logging_mixin.py:137} INFO - [2022-11-22T19:50:55.400+0000] {dag.py:3340} INFO - Setting next_dagrun for latest_only_with_trigger to 2022-11-22T15:50:55.400237+00:00, run_after=2022-11-22T19:50:55.400237+00:00
[2022-11-22T19:50:55.414+0000] {processor.py:176} INFO - Processing /home/airflow/.local/lib/python3.7/site-packages/airflow/example_dags/example_latest_only_with_trigger.py took 0.096 seconds
[2022-11-22T19:51:26.172+0000] {processor.py:154} INFO - Started process (PID=3059) to work on /home/airflow/.local/lib/python3.7/site-packages/airflow/example_dags/example_latest_only_with_trigger.py
[2022-11-22T19:51:26.174+0000] {processor.py:756} INFO - Processing file /home/airflow/.local/lib/python3.7/site-packages/airflow/example_dags/example_latest_only_with_trigger.py for tasks to queue
[2022-11-22T19:51:26.175+0000] {logging_mixin.py:137} INFO - [2022-11-22T19:51:26.175+0000] {dagbag.py:537} INFO - Filling up the DagBag from /home/airflow/.local/lib/python3.7/site-packages/airflow/example_dags/example_latest_only_with_trigger.py
[2022-11-22T19:51:26.188+0000] {processor.py:766} INFO - DAG(s) dict_keys(['latest_only_with_trigger']) retrieved from /home/airflow/.local/lib/python3.7/site-packages/airflow/example_dags/example_latest_only_with_trigger.py
[2022-11-22T19:51:26.216+0000] {logging_mixin.py:137} INFO - [2022-11-22T19:51:26.216+0000] {dag.py:2585} INFO - Sync 1 DAGs
[2022-11-22T19:51:26.237+0000] {logging_mixin.py:137} INFO - [2022-11-22T19:51:26.237+0000] {dag.py:3340} INFO - Setting next_dagrun for latest_only_with_trigger to 2022-11-22T15:51:26.237544+00:00, run_after=2022-11-22T19:51:26.237544+00:00
[2022-11-22T19:51:26.251+0000] {processor.py:176} INFO - Processing /home/airflow/.local/lib/python3.7/site-packages/airflow/example_dags/example_latest_only_with_trigger.py took 0.081 seconds
[2022-11-22T19:51:57.131+0000] {processor.py:154} INFO - Started process (PID=3122) to work on /home/airflow/.local/lib/python3.7/site-packages/airflow/example_dags/example_latest_only_with_trigger.py
[2022-11-22T19:51:57.133+0000] {processor.py:756} INFO - Processing file /home/airflow/.local/lib/python3.7/site-packages/airflow/example_dags/example_latest_only_with_trigger.py for tasks to queue
[2022-11-22T19:51:57.136+0000] {logging_mixin.py:137} INFO - [2022-11-22T19:51:57.136+0000] {dagbag.py:537} INFO - Filling up the DagBag from /home/airflow/.local/lib/python3.7/site-packages/airflow/example_dags/example_latest_only_with_trigger.py
[2022-11-22T19:51:57.147+0000] {processor.py:766} INFO - DAG(s) dict_keys(['latest_only_with_trigger']) retrieved from /home/airflow/.local/lib/python3.7/site-packages/airflow/example_dags/example_latest_only_with_trigger.py
[2022-11-22T19:51:57.180+0000] {logging_mixin.py:137} INFO - [2022-11-22T19:51:57.180+0000] {dag.py:2585} INFO - Sync 1 DAGs
[2022-11-22T19:51:57.203+0000] {logging_mixin.py:137} INFO - [2022-11-22T19:51:57.203+0000] {dag.py:3340} INFO - Setting next_dagrun for latest_only_with_trigger to 2022-11-22T15:51:57.203016+00:00, run_after=2022-11-22T19:51:57.203016+00:00
[2022-11-22T19:51:57.217+0000] {processor.py:176} INFO - Processing /home/airflow/.local/lib/python3.7/site-packages/airflow/example_dags/example_latest_only_with_trigger.py took 0.089 seconds
[2022-11-22T19:52:28.268+0000] {processor.py:154} INFO - Started process (PID=3175) to work on /home/airflow/.local/lib/python3.7/site-packages/airflow/example_dags/example_latest_only_with_trigger.py
[2022-11-22T19:52:28.271+0000] {processor.py:756} INFO - Processing file /home/airflow/.local/lib/python3.7/site-packages/airflow/example_dags/example_latest_only_with_trigger.py for tasks to queue
[2022-11-22T19:52:28.272+0000] {logging_mixin.py:137} INFO - [2022-11-22T19:52:28.272+0000] {dagbag.py:537} INFO - Filling up the DagBag from /home/airflow/.local/lib/python3.7/site-packages/airflow/example_dags/example_latest_only_with_trigger.py
[2022-11-22T19:52:28.284+0000] {processor.py:766} INFO - DAG(s) dict_keys(['latest_only_with_trigger']) retrieved from /home/airflow/.local/lib/python3.7/site-packages/airflow/example_dags/example_latest_only_with_trigger.py
[2022-11-22T19:52:28.313+0000] {logging_mixin.py:137} INFO - [2022-11-22T19:52:28.313+0000] {dag.py:2585} INFO - Sync 1 DAGs
[2022-11-22T19:52:28.331+0000] {logging_mixin.py:137} INFO - [2022-11-22T19:52:28.331+0000] {dag.py:3340} INFO - Setting next_dagrun for latest_only_with_trigger to 2022-11-22T15:52:28.331137+00:00, run_after=2022-11-22T19:52:28.331137+00:00
[2022-11-22T19:52:28.354+0000] {processor.py:176} INFO - Processing /home/airflow/.local/lib/python3.7/site-packages/airflow/example_dags/example_latest_only_with_trigger.py took 0.089 seconds
[2022-11-22T19:52:59.388+0000] {processor.py:154} INFO - Started process (PID=3237) to work on /home/airflow/.local/lib/python3.7/site-packages/airflow/example_dags/example_latest_only_with_trigger.py
[2022-11-22T19:52:59.390+0000] {processor.py:756} INFO - Processing file /home/airflow/.local/lib/python3.7/site-packages/airflow/example_dags/example_latest_only_with_trigger.py for tasks to queue
[2022-11-22T19:52:59.391+0000] {logging_mixin.py:137} INFO - [2022-11-22T19:52:59.391+0000] {dagbag.py:537} INFO - Filling up the DagBag from /home/airflow/.local/lib/python3.7/site-packages/airflow/example_dags/example_latest_only_with_trigger.py
[2022-11-22T19:52:59.408+0000] {processor.py:766} INFO - DAG(s) dict_keys(['latest_only_with_trigger']) retrieved from /home/airflow/.local/lib/python3.7/site-packages/airflow/example_dags/example_latest_only_with_trigger.py
[2022-11-22T19:52:59.445+0000] {logging_mixin.py:137} INFO - [2022-11-22T19:52:59.444+0000] {dag.py:2585} INFO - Sync 1 DAGs
[2022-11-22T19:52:59.463+0000] {logging_mixin.py:137} INFO - [2022-11-22T19:52:59.463+0000] {dag.py:3340} INFO - Setting next_dagrun for latest_only_with_trigger to 2022-11-22T15:52:59.463527+00:00, run_after=2022-11-22T19:52:59.463527+00:00
[2022-11-22T19:52:59.476+0000] {processor.py:176} INFO - Processing /home/airflow/.local/lib/python3.7/site-packages/airflow/example_dags/example_latest_only_with_trigger.py took 0.092 seconds
[2022-11-22T19:53:30.448+0000] {processor.py:154} INFO - Started process (PID=3300) to work on /home/airflow/.local/lib/python3.7/site-packages/airflow/example_dags/example_latest_only_with_trigger.py
[2022-11-22T19:53:30.450+0000] {processor.py:756} INFO - Processing file /home/airflow/.local/lib/python3.7/site-packages/airflow/example_dags/example_latest_only_with_trigger.py for tasks to queue
[2022-11-22T19:53:30.451+0000] {logging_mixin.py:137} INFO - [2022-11-22T19:53:30.451+0000] {dagbag.py:537} INFO - Filling up the DagBag from /home/airflow/.local/lib/python3.7/site-packages/airflow/example_dags/example_latest_only_with_trigger.py
[2022-11-22T19:53:30.464+0000] {processor.py:766} INFO - DAG(s) dict_keys(['latest_only_with_trigger']) retrieved from /home/airflow/.local/lib/python3.7/site-packages/airflow/example_dags/example_latest_only_with_trigger.py
[2022-11-22T19:53:30.493+0000] {logging_mixin.py:137} INFO - [2022-11-22T19:53:30.493+0000] {dag.py:2585} INFO - Sync 1 DAGs
[2022-11-22T19:53:30.511+0000] {logging_mixin.py:137} INFO - [2022-11-22T19:53:30.511+0000] {dag.py:3340} INFO - Setting next_dagrun for latest_only_with_trigger to 2022-11-22T15:53:30.511058+00:00, run_after=2022-11-22T19:53:30.511058+00:00
[2022-11-22T19:53:30.525+0000] {processor.py:176} INFO - Processing /home/airflow/.local/lib/python3.7/site-packages/airflow/example_dags/example_latest_only_with_trigger.py took 0.079 seconds
[2022-11-22T19:54:01.168+0000] {processor.py:154} INFO - Started process (PID=3363) to work on /home/airflow/.local/lib/python3.7/site-packages/airflow/example_dags/example_latest_only_with_trigger.py
[2022-11-22T19:54:01.173+0000] {processor.py:756} INFO - Processing file /home/airflow/.local/lib/python3.7/site-packages/airflow/example_dags/example_latest_only_with_trigger.py for tasks to queue
[2022-11-22T19:54:01.174+0000] {logging_mixin.py:137} INFO - [2022-11-22T19:54:01.174+0000] {dagbag.py:537} INFO - Filling up the DagBag from /home/airflow/.local/lib/python3.7/site-packages/airflow/example_dags/example_latest_only_with_trigger.py
[2022-11-22T19:54:01.187+0000] {processor.py:766} INFO - DAG(s) dict_keys(['latest_only_with_trigger']) retrieved from /home/airflow/.local/lib/python3.7/site-packages/airflow/example_dags/example_latest_only_with_trigger.py
[2022-11-22T19:54:01.217+0000] {logging_mixin.py:137} INFO - [2022-11-22T19:54:01.217+0000] {dag.py:2585} INFO - Sync 1 DAGs
[2022-11-22T19:54:01.234+0000] {logging_mixin.py:137} INFO - [2022-11-22T19:54:01.234+0000] {dag.py:3340} INFO - Setting next_dagrun for latest_only_with_trigger to 2022-11-22T15:54:01.233918+00:00, run_after=2022-11-22T19:54:01.233918+00:00
[2022-11-22T19:54:01.247+0000] {processor.py:176} INFO - Processing /home/airflow/.local/lib/python3.7/site-packages/airflow/example_dags/example_latest_only_with_trigger.py took 0.082 seconds
[2022-11-22T19:54:32.544+0000] {processor.py:154} INFO - Started process (PID=3425) to work on /home/airflow/.local/lib/python3.7/site-packages/airflow/example_dags/example_latest_only_with_trigger.py
[2022-11-22T19:54:32.546+0000] {processor.py:756} INFO - Processing file /home/airflow/.local/lib/python3.7/site-packages/airflow/example_dags/example_latest_only_with_trigger.py for tasks to queue
[2022-11-22T19:54:32.547+0000] {logging_mixin.py:137} INFO - [2022-11-22T19:54:32.547+0000] {dagbag.py:537} INFO - Filling up the DagBag from /home/airflow/.local/lib/python3.7/site-packages/airflow/example_dags/example_latest_only_with_trigger.py
[2022-11-22T19:54:32.572+0000] {processor.py:766} INFO - DAG(s) dict_keys(['latest_only_with_trigger']) retrieved from /home/airflow/.local/lib/python3.7/site-packages/airflow/example_dags/example_latest_only_with_trigger.py
[2022-11-22T19:54:32.719+0000] {logging_mixin.py:137} INFO - [2022-11-22T19:54:32.719+0000] {dag.py:2585} INFO - Sync 1 DAGs
[2022-11-22T19:54:32.798+0000] {logging_mixin.py:137} INFO - [2022-11-22T19:54:32.798+0000] {dag.py:3340} INFO - Setting next_dagrun for latest_only_with_trigger to 2022-11-22T15:54:32.797441+00:00, run_after=2022-11-22T19:54:32.797441+00:00
[2022-11-22T19:54:32.839+0000] {processor.py:176} INFO - Processing /home/airflow/.local/lib/python3.7/site-packages/airflow/example_dags/example_latest_only_with_trigger.py took 0.298 seconds
[2022-11-22T19:55:03.686+0000] {processor.py:154} INFO - Started process (PID=3479) to work on /home/airflow/.local/lib/python3.7/site-packages/airflow/example_dags/example_latest_only_with_trigger.py
[2022-11-22T19:55:03.689+0000] {processor.py:756} INFO - Processing file /home/airflow/.local/lib/python3.7/site-packages/airflow/example_dags/example_latest_only_with_trigger.py for tasks to queue
[2022-11-22T19:55:03.690+0000] {logging_mixin.py:137} INFO - [2022-11-22T19:55:03.690+0000] {dagbag.py:537} INFO - Filling up the DagBag from /home/airflow/.local/lib/python3.7/site-packages/airflow/example_dags/example_latest_only_with_trigger.py
[2022-11-22T19:55:03.714+0000] {processor.py:766} INFO - DAG(s) dict_keys(['latest_only_with_trigger']) retrieved from /home/airflow/.local/lib/python3.7/site-packages/airflow/example_dags/example_latest_only_with_trigger.py
[2022-11-22T19:55:03.785+0000] {logging_mixin.py:137} INFO - [2022-11-22T19:55:03.785+0000] {dag.py:2585} INFO - Sync 1 DAGs
[2022-11-22T19:55:03.815+0000] {logging_mixin.py:137} INFO - [2022-11-22T19:55:03.815+0000] {dag.py:3340} INFO - Setting next_dagrun for latest_only_with_trigger to 2022-11-22T15:55:03.814997+00:00, run_after=2022-11-22T19:55:03.814997+00:00
[2022-11-22T19:55:03.876+0000] {processor.py:176} INFO - Processing /home/airflow/.local/lib/python3.7/site-packages/airflow/example_dags/example_latest_only_with_trigger.py took 0.195 seconds
[2022-11-22T19:55:33.955+0000] {processor.py:154} INFO - Started process (PID=3542) to work on /home/airflow/.local/lib/python3.7/site-packages/airflow/example_dags/example_latest_only_with_trigger.py
[2022-11-22T19:55:33.957+0000] {processor.py:756} INFO - Processing file /home/airflow/.local/lib/python3.7/site-packages/airflow/example_dags/example_latest_only_with_trigger.py for tasks to queue
[2022-11-22T19:55:33.960+0000] {logging_mixin.py:137} INFO - [2022-11-22T19:55:33.959+0000] {dagbag.py:537} INFO - Filling up the DagBag from /home/airflow/.local/lib/python3.7/site-packages/airflow/example_dags/example_latest_only_with_trigger.py
[2022-11-22T19:55:33.979+0000] {processor.py:766} INFO - DAG(s) dict_keys(['latest_only_with_trigger']) retrieved from /home/airflow/.local/lib/python3.7/site-packages/airflow/example_dags/example_latest_only_with_trigger.py
[2022-11-22T19:55:34.016+0000] {logging_mixin.py:137} INFO - [2022-11-22T19:55:34.016+0000] {dag.py:2585} INFO - Sync 1 DAGs
[2022-11-22T19:55:34.035+0000] {logging_mixin.py:137} INFO - [2022-11-22T19:55:34.035+0000] {dag.py:3340} INFO - Setting next_dagrun for latest_only_with_trigger to 2022-11-22T15:55:34.035095+00:00, run_after=2022-11-22T19:55:34.035095+00:00
[2022-11-22T19:55:34.056+0000] {processor.py:176} INFO - Processing /home/airflow/.local/lib/python3.7/site-packages/airflow/example_dags/example_latest_only_with_trigger.py took 0.103 seconds
[2022-11-22T19:56:04.429+0000] {processor.py:154} INFO - Started process (PID=3606) to work on /home/airflow/.local/lib/python3.7/site-packages/airflow/example_dags/example_latest_only_with_trigger.py
[2022-11-22T19:56:04.433+0000] {processor.py:756} INFO - Processing file /home/airflow/.local/lib/python3.7/site-packages/airflow/example_dags/example_latest_only_with_trigger.py for tasks to queue
[2022-11-22T19:56:04.435+0000] {logging_mixin.py:137} INFO - [2022-11-22T19:56:04.435+0000] {dagbag.py:537} INFO - Filling up the DagBag from /home/airflow/.local/lib/python3.7/site-packages/airflow/example_dags/example_latest_only_with_trigger.py
[2022-11-22T19:56:04.634+0000] {processor.py:766} INFO - DAG(s) dict_keys(['latest_only_with_trigger']) retrieved from /home/airflow/.local/lib/python3.7/site-packages/airflow/example_dags/example_latest_only_with_trigger.py
[2022-11-22T19:56:04.834+0000] {logging_mixin.py:137} INFO - [2022-11-22T19:56:04.817+0000] {dag.py:2585} INFO - Sync 1 DAGs
[2022-11-22T19:56:04.938+0000] {logging_mixin.py:137} INFO - [2022-11-22T19:56:04.938+0000] {dag.py:3340} INFO - Setting next_dagrun for latest_only_with_trigger to 2022-11-22T15:56:04.935058+00:00, run_after=2022-11-22T19:56:04.935058+00:00
[2022-11-22T19:56:04.989+0000] {processor.py:176} INFO - Processing /home/airflow/.local/lib/python3.7/site-packages/airflow/example_dags/example_latest_only_with_trigger.py took 0.588 seconds
[2022-11-22T19:56:35.812+0000] {processor.py:154} INFO - Started process (PID=3668) to work on /home/airflow/.local/lib/python3.7/site-packages/airflow/example_dags/example_latest_only_with_trigger.py
[2022-11-22T19:56:35.815+0000] {processor.py:756} INFO - Processing file /home/airflow/.local/lib/python3.7/site-packages/airflow/example_dags/example_latest_only_with_trigger.py for tasks to queue
[2022-11-22T19:56:35.816+0000] {logging_mixin.py:137} INFO - [2022-11-22T19:56:35.816+0000] {dagbag.py:537} INFO - Filling up the DagBag from /home/airflow/.local/lib/python3.7/site-packages/airflow/example_dags/example_latest_only_with_trigger.py
[2022-11-22T19:56:35.836+0000] {processor.py:766} INFO - DAG(s) dict_keys(['latest_only_with_trigger']) retrieved from /home/airflow/.local/lib/python3.7/site-packages/airflow/example_dags/example_latest_only_with_trigger.py
[2022-11-22T19:56:35.878+0000] {logging_mixin.py:137} INFO - [2022-11-22T19:56:35.878+0000] {dag.py:2585} INFO - Sync 1 DAGs
[2022-11-22T19:56:35.899+0000] {logging_mixin.py:137} INFO - [2022-11-22T19:56:35.898+0000] {dag.py:3340} INFO - Setting next_dagrun for latest_only_with_trigger to 2022-11-22T15:56:35.898638+00:00, run_after=2022-11-22T19:56:35.898638+00:00
[2022-11-22T19:56:35.921+0000] {processor.py:176} INFO - Processing /home/airflow/.local/lib/python3.7/site-packages/airflow/example_dags/example_latest_only_with_trigger.py took 0.112 seconds
[2022-11-22T19:57:06.463+0000] {processor.py:154} INFO - Started process (PID=3722) to work on /home/airflow/.local/lib/python3.7/site-packages/airflow/example_dags/example_latest_only_with_trigger.py
[2022-11-22T19:57:06.466+0000] {processor.py:756} INFO - Processing file /home/airflow/.local/lib/python3.7/site-packages/airflow/example_dags/example_latest_only_with_trigger.py for tasks to queue
[2022-11-22T19:57:06.468+0000] {logging_mixin.py:137} INFO - [2022-11-22T19:57:06.468+0000] {dagbag.py:537} INFO - Filling up the DagBag from /home/airflow/.local/lib/python3.7/site-packages/airflow/example_dags/example_latest_only_with_trigger.py
[2022-11-22T19:57:06.501+0000] {processor.py:766} INFO - DAG(s) dict_keys(['latest_only_with_trigger']) retrieved from /home/airflow/.local/lib/python3.7/site-packages/airflow/example_dags/example_latest_only_with_trigger.py
[2022-11-22T19:57:06.579+0000] {logging_mixin.py:137} INFO - [2022-11-22T19:57:06.579+0000] {dag.py:2585} INFO - Sync 1 DAGs
[2022-11-22T19:57:06.606+0000] {logging_mixin.py:137} INFO - [2022-11-22T19:57:06.606+0000] {dag.py:3340} INFO - Setting next_dagrun for latest_only_with_trigger to 2022-11-22T15:57:06.606401+00:00, run_after=2022-11-22T19:57:06.606401+00:00
[2022-11-22T19:57:06.626+0000] {processor.py:176} INFO - Processing /home/airflow/.local/lib/python3.7/site-packages/airflow/example_dags/example_latest_only_with_trigger.py took 0.169 seconds
[2022-11-22T20:30:52.640+0000] {processor.py:154} INFO - Started process (PID=3786) to work on /home/airflow/.local/lib/python3.7/site-packages/airflow/example_dags/example_latest_only_with_trigger.py
[2022-11-22T20:30:52.645+0000] {processor.py:756} INFO - Processing file /home/airflow/.local/lib/python3.7/site-packages/airflow/example_dags/example_latest_only_with_trigger.py for tasks to queue
[2022-11-22T20:30:52.650+0000] {logging_mixin.py:137} INFO - [2022-11-22T20:30:52.650+0000] {dagbag.py:537} INFO - Filling up the DagBag from /home/airflow/.local/lib/python3.7/site-packages/airflow/example_dags/example_latest_only_with_trigger.py
[2022-11-22T20:30:52.752+0000] {processor.py:766} INFO - DAG(s) dict_keys(['latest_only_with_trigger']) retrieved from /home/airflow/.local/lib/python3.7/site-packages/airflow/example_dags/example_latest_only_with_trigger.py
[2022-11-22T20:30:52.838+0000] {logging_mixin.py:137} INFO - [2022-11-22T20:30:52.838+0000] {dag.py:2585} INFO - Sync 1 DAGs
[2022-11-22T20:30:52.886+0000] {logging_mixin.py:137} INFO - [2022-11-22T20:30:52.885+0000] {dag.py:3340} INFO - Setting next_dagrun for latest_only_with_trigger to 2022-11-22T16:30:52.885539+00:00, run_after=2022-11-22T20:30:52.885539+00:00
[2022-11-22T20:30:52.915+0000] {processor.py:176} INFO - Processing /home/airflow/.local/lib/python3.7/site-packages/airflow/example_dags/example_latest_only_with_trigger.py took 0.282 seconds
[2022-11-22T21:34:48.796+0000] {processor.py:154} INFO - Started process (PID=3840) to work on /home/airflow/.local/lib/python3.7/site-packages/airflow/example_dags/example_latest_only_with_trigger.py
[2022-11-22T21:34:48.797+0000] {processor.py:756} INFO - Processing file /home/airflow/.local/lib/python3.7/site-packages/airflow/example_dags/example_latest_only_with_trigger.py for tasks to queue
[2022-11-22T21:34:48.798+0000] {logging_mixin.py:137} INFO - [2022-11-22T21:34:48.798+0000] {dagbag.py:537} INFO - Filling up the DagBag from /home/airflow/.local/lib/python3.7/site-packages/airflow/example_dags/example_latest_only_with_trigger.py
[2022-11-22T21:34:48.811+0000] {processor.py:766} INFO - DAG(s) dict_keys(['latest_only_with_trigger']) retrieved from /home/airflow/.local/lib/python3.7/site-packages/airflow/example_dags/example_latest_only_with_trigger.py
[2022-11-22T21:34:48.839+0000] {logging_mixin.py:137} INFO - [2022-11-22T21:34:48.839+0000] {dag.py:2585} INFO - Sync 1 DAGs
[2022-11-22T21:34:48.862+0000] {logging_mixin.py:137} INFO - [2022-11-22T21:34:48.861+0000] {dag.py:3340} INFO - Setting next_dagrun for latest_only_with_trigger to 2022-11-22T17:34:48.861788+00:00, run_after=2022-11-22T21:34:48.861788+00:00
[2022-11-22T21:34:48.876+0000] {processor.py:176} INFO - Processing /home/airflow/.local/lib/python3.7/site-packages/airflow/example_dags/example_latest_only_with_trigger.py took 0.083 seconds
[2022-11-22T22:39:30.563+0000] {processor.py:154} INFO - Started process (PID=3904) to work on /home/airflow/.local/lib/python3.7/site-packages/airflow/example_dags/example_latest_only_with_trigger.py
[2022-11-22T22:39:30.583+0000] {processor.py:756} INFO - Processing file /home/airflow/.local/lib/python3.7/site-packages/airflow/example_dags/example_latest_only_with_trigger.py for tasks to queue
[2022-11-22T22:39:30.587+0000] {logging_mixin.py:137} INFO - [2022-11-22T22:39:30.587+0000] {dagbag.py:537} INFO - Filling up the DagBag from /home/airflow/.local/lib/python3.7/site-packages/airflow/example_dags/example_latest_only_with_trigger.py
[2022-11-22T22:39:30.631+0000] {processor.py:766} INFO - DAG(s) dict_keys(['latest_only_with_trigger']) retrieved from /home/airflow/.local/lib/python3.7/site-packages/airflow/example_dags/example_latest_only_with_trigger.py
[2022-11-22T22:39:30.738+0000] {logging_mixin.py:137} INFO - [2022-11-22T22:39:30.737+0000] {dag.py:2585} INFO - Sync 1 DAGs
[2022-11-22T22:39:30.776+0000] {logging_mixin.py:137} INFO - [2022-11-22T22:39:30.775+0000] {dag.py:3340} INFO - Setting next_dagrun for latest_only_with_trigger to 2022-11-22T18:39:30.775420+00:00, run_after=2022-11-22T22:39:30.775420+00:00
[2022-11-22T22:39:30.797+0000] {processor.py:176} INFO - Processing /home/airflow/.local/lib/python3.7/site-packages/airflow/example_dags/example_latest_only_with_trigger.py took 0.244 seconds
[2022-11-22T23:47:26.046+0000] {processor.py:154} INFO - Started process (PID=3958) to work on /home/airflow/.local/lib/python3.7/site-packages/airflow/example_dags/example_latest_only_with_trigger.py
[2022-11-22T23:47:26.050+0000] {processor.py:756} INFO - Processing file /home/airflow/.local/lib/python3.7/site-packages/airflow/example_dags/example_latest_only_with_trigger.py for tasks to queue
[2022-11-22T23:47:26.052+0000] {logging_mixin.py:137} INFO - [2022-11-22T23:47:26.051+0000] {dagbag.py:537} INFO - Filling up the DagBag from /home/airflow/.local/lib/python3.7/site-packages/airflow/example_dags/example_latest_only_with_trigger.py
[2022-11-22T23:47:26.065+0000] {processor.py:766} INFO - DAG(s) dict_keys(['latest_only_with_trigger']) retrieved from /home/airflow/.local/lib/python3.7/site-packages/airflow/example_dags/example_latest_only_with_trigger.py
[2022-11-22T23:47:26.104+0000] {logging_mixin.py:137} INFO - [2022-11-22T23:47:26.104+0000] {dag.py:2585} INFO - Sync 1 DAGs
[2022-11-22T23:47:26.127+0000] {logging_mixin.py:137} INFO - [2022-11-22T23:47:26.127+0000] {dag.py:3340} INFO - Setting next_dagrun for latest_only_with_trigger to 2022-11-22T19:47:26.127116+00:00, run_after=2022-11-22T23:47:26.127116+00:00
[2022-11-22T23:47:26.144+0000] {processor.py:176} INFO - Processing /home/airflow/.local/lib/python3.7/site-packages/airflow/example_dags/example_latest_only_with_trigger.py took 0.102 seconds
