[2022-11-22T19:26:16.897+0000] {processor.py:154} INFO - Started process (PID=36) to work on /home/airflow/.local/lib/python3.7/site-packages/airflow/example_dags/example_xcom.py
[2022-11-22T19:26:16.899+0000] {processor.py:756} INFO - Processing file /home/airflow/.local/lib/python3.7/site-packages/airflow/example_dags/example_xcom.py for tasks to queue
[2022-11-22T19:26:16.900+0000] {logging_mixin.py:137} INFO - [2022-11-22T19:26:16.900+0000] {dagbag.py:537} INFO - Filling up the DagBag from /home/airflow/.local/lib/python3.7/site-packages/airflow/example_dags/example_xcom.py
[2022-11-22T19:26:16.927+0000] {processor.py:766} INFO - DAG(s) dict_keys(['example_xcom']) retrieved from /home/airflow/.local/lib/python3.7/site-packages/airflow/example_dags/example_xcom.py
[2022-11-22T19:26:17.046+0000] {logging_mixin.py:137} INFO - [2022-11-22T19:26:17.045+0000] {manager.py:507} INFO - Created Permission View: can delete on DAG:example_xcom
[2022-11-22T19:26:17.059+0000] {logging_mixin.py:137} INFO - [2022-11-22T19:26:17.058+0000] {manager.py:507} INFO - Created Permission View: can read on DAG:example_xcom
[2022-11-22T19:26:17.069+0000] {logging_mixin.py:137} INFO - [2022-11-22T19:26:17.069+0000] {manager.py:507} INFO - Created Permission View: can edit on DAG:example_xcom
[2022-11-22T19:26:17.071+0000] {logging_mixin.py:137} INFO - [2022-11-22T19:26:17.071+0000] {dag.py:2585} INFO - Sync 1 DAGs
[2022-11-22T19:26:17.086+0000] {logging_mixin.py:137} INFO - [2022-11-22T19:26:17.086+0000] {dag.py:2606} INFO - Creating ORM DAG for example_xcom
[2022-11-22T19:26:17.100+0000] {logging_mixin.py:137} INFO - [2022-11-22T19:26:17.100+0000] {dag.py:3340} INFO - Setting next_dagrun for example_xcom to 2021-01-01T00:00:00+00:00, run_after=2021-01-01T00:00:00+00:00
[2022-11-22T19:26:17.127+0000] {processor.py:176} INFO - Processing /home/airflow/.local/lib/python3.7/site-packages/airflow/example_dags/example_xcom.py took 0.232 seconds
[2022-11-22T19:26:47.951+0000] {processor.py:154} INFO - Started process (PID=99) to work on /home/airflow/.local/lib/python3.7/site-packages/airflow/example_dags/example_xcom.py
[2022-11-22T19:26:47.953+0000] {processor.py:756} INFO - Processing file /home/airflow/.local/lib/python3.7/site-packages/airflow/example_dags/example_xcom.py for tasks to queue
[2022-11-22T19:26:47.955+0000] {logging_mixin.py:137} INFO - [2022-11-22T19:26:47.955+0000] {dagbag.py:537} INFO - Filling up the DagBag from /home/airflow/.local/lib/python3.7/site-packages/airflow/example_dags/example_xcom.py
[2022-11-22T19:26:47.971+0000] {processor.py:766} INFO - DAG(s) dict_keys(['example_xcom']) retrieved from /home/airflow/.local/lib/python3.7/site-packages/airflow/example_dags/example_xcom.py
[2022-11-22T19:26:47.996+0000] {logging_mixin.py:137} INFO - [2022-11-22T19:26:47.996+0000] {dag.py:2585} INFO - Sync 1 DAGs
[2022-11-22T19:26:48.012+0000] {logging_mixin.py:137} INFO - [2022-11-22T19:26:48.012+0000] {dag.py:3340} INFO - Setting next_dagrun for example_xcom to 2021-01-01T00:00:00+00:00, run_after=2021-01-01T00:00:00+00:00
[2022-11-22T19:26:48.026+0000] {processor.py:176} INFO - Processing /home/airflow/.local/lib/python3.7/site-packages/airflow/example_dags/example_xcom.py took 0.078 seconds
[2022-11-22T19:27:18.911+0000] {processor.py:154} INFO - Started process (PID=163) to work on /home/airflow/.local/lib/python3.7/site-packages/airflow/example_dags/example_xcom.py
[2022-11-22T19:27:18.914+0000] {processor.py:756} INFO - Processing file /home/airflow/.local/lib/python3.7/site-packages/airflow/example_dags/example_xcom.py for tasks to queue
[2022-11-22T19:27:18.916+0000] {logging_mixin.py:137} INFO - [2022-11-22T19:27:18.915+0000] {dagbag.py:537} INFO - Filling up the DagBag from /home/airflow/.local/lib/python3.7/site-packages/airflow/example_dags/example_xcom.py
[2022-11-22T19:27:18.940+0000] {processor.py:766} INFO - DAG(s) dict_keys(['example_xcom']) retrieved from /home/airflow/.local/lib/python3.7/site-packages/airflow/example_dags/example_xcom.py
[2022-11-22T19:27:18.982+0000] {logging_mixin.py:137} INFO - [2022-11-22T19:27:18.982+0000] {dag.py:2585} INFO - Sync 1 DAGs
[2022-11-22T19:27:18.999+0000] {logging_mixin.py:137} INFO - [2022-11-22T19:27:18.999+0000] {dag.py:3340} INFO - Setting next_dagrun for example_xcom to 2021-01-01T00:00:00+00:00, run_after=2021-01-01T00:00:00+00:00
[2022-11-22T19:27:19.023+0000] {processor.py:176} INFO - Processing /home/airflow/.local/lib/python3.7/site-packages/airflow/example_dags/example_xcom.py took 0.117 seconds
[2022-11-22T19:27:49.293+0000] {processor.py:154} INFO - Started process (PID=227) to work on /home/airflow/.local/lib/python3.7/site-packages/airflow/example_dags/example_xcom.py
[2022-11-22T19:27:49.296+0000] {processor.py:756} INFO - Processing file /home/airflow/.local/lib/python3.7/site-packages/airflow/example_dags/example_xcom.py for tasks to queue
[2022-11-22T19:27:49.303+0000] {logging_mixin.py:137} INFO - [2022-11-22T19:27:49.303+0000] {dagbag.py:537} INFO - Filling up the DagBag from /home/airflow/.local/lib/python3.7/site-packages/airflow/example_dags/example_xcom.py
[2022-11-22T19:27:49.343+0000] {processor.py:766} INFO - DAG(s) dict_keys(['example_xcom']) retrieved from /home/airflow/.local/lib/python3.7/site-packages/airflow/example_dags/example_xcom.py
[2022-11-22T19:27:49.379+0000] {logging_mixin.py:137} INFO - [2022-11-22T19:27:49.379+0000] {dag.py:2585} INFO - Sync 1 DAGs
[2022-11-22T19:27:49.405+0000] {logging_mixin.py:137} INFO - [2022-11-22T19:27:49.404+0000] {dag.py:3340} INFO - Setting next_dagrun for example_xcom to 2021-01-01T00:00:00+00:00, run_after=2021-01-01T00:00:00+00:00
[2022-11-22T19:27:49.424+0000] {processor.py:176} INFO - Processing /home/airflow/.local/lib/python3.7/site-packages/airflow/example_dags/example_xcom.py took 0.135 seconds
[2022-11-22T19:28:20.386+0000] {processor.py:154} INFO - Started process (PID=280) to work on /home/airflow/.local/lib/python3.7/site-packages/airflow/example_dags/example_xcom.py
[2022-11-22T19:28:20.388+0000] {processor.py:756} INFO - Processing file /home/airflow/.local/lib/python3.7/site-packages/airflow/example_dags/example_xcom.py for tasks to queue
[2022-11-22T19:28:20.390+0000] {logging_mixin.py:137} INFO - [2022-11-22T19:28:20.389+0000] {dagbag.py:537} INFO - Filling up the DagBag from /home/airflow/.local/lib/python3.7/site-packages/airflow/example_dags/example_xcom.py
[2022-11-22T19:28:20.407+0000] {processor.py:766} INFO - DAG(s) dict_keys(['example_xcom']) retrieved from /home/airflow/.local/lib/python3.7/site-packages/airflow/example_dags/example_xcom.py
[2022-11-22T19:28:20.436+0000] {logging_mixin.py:137} INFO - [2022-11-22T19:28:20.436+0000] {dag.py:2585} INFO - Sync 1 DAGs
[2022-11-22T19:28:20.452+0000] {logging_mixin.py:137} INFO - [2022-11-22T19:28:20.452+0000] {dag.py:3340} INFO - Setting next_dagrun for example_xcom to 2021-01-01T00:00:00+00:00, run_after=2021-01-01T00:00:00+00:00
[2022-11-22T19:28:20.465+0000] {processor.py:176} INFO - Processing /home/airflow/.local/lib/python3.7/site-packages/airflow/example_dags/example_xcom.py took 0.089 seconds
[2022-11-22T19:28:51.113+0000] {processor.py:154} INFO - Started process (PID=343) to work on /home/airflow/.local/lib/python3.7/site-packages/airflow/example_dags/example_xcom.py
[2022-11-22T19:28:51.117+0000] {processor.py:756} INFO - Processing file /home/airflow/.local/lib/python3.7/site-packages/airflow/example_dags/example_xcom.py for tasks to queue
[2022-11-22T19:28:51.119+0000] {logging_mixin.py:137} INFO - [2022-11-22T19:28:51.118+0000] {dagbag.py:537} INFO - Filling up the DagBag from /home/airflow/.local/lib/python3.7/site-packages/airflow/example_dags/example_xcom.py
[2022-11-22T19:28:51.137+0000] {processor.py:766} INFO - DAG(s) dict_keys(['example_xcom']) retrieved from /home/airflow/.local/lib/python3.7/site-packages/airflow/example_dags/example_xcom.py
[2022-11-22T19:28:51.168+0000] {logging_mixin.py:137} INFO - [2022-11-22T19:28:51.168+0000] {dag.py:2585} INFO - Sync 1 DAGs
[2022-11-22T19:28:51.185+0000] {logging_mixin.py:137} INFO - [2022-11-22T19:28:51.185+0000] {dag.py:3340} INFO - Setting next_dagrun for example_xcom to 2021-01-01T00:00:00+00:00, run_after=2021-01-01T00:00:00+00:00
[2022-11-22T19:28:51.197+0000] {processor.py:176} INFO - Processing /home/airflow/.local/lib/python3.7/site-packages/airflow/example_dags/example_xcom.py took 0.086 seconds
[2022-11-22T19:29:21.778+0000] {processor.py:154} INFO - Started process (PID=406) to work on /home/airflow/.local/lib/python3.7/site-packages/airflow/example_dags/example_xcom.py
[2022-11-22T19:29:21.780+0000] {processor.py:756} INFO - Processing file /home/airflow/.local/lib/python3.7/site-packages/airflow/example_dags/example_xcom.py for tasks to queue
[2022-11-22T19:29:21.781+0000] {logging_mixin.py:137} INFO - [2022-11-22T19:29:21.781+0000] {dagbag.py:537} INFO - Filling up the DagBag from /home/airflow/.local/lib/python3.7/site-packages/airflow/example_dags/example_xcom.py
[2022-11-22T19:29:21.797+0000] {processor.py:766} INFO - DAG(s) dict_keys(['example_xcom']) retrieved from /home/airflow/.local/lib/python3.7/site-packages/airflow/example_dags/example_xcom.py
[2022-11-22T19:29:21.822+0000] {logging_mixin.py:137} INFO - [2022-11-22T19:29:21.822+0000] {dag.py:2585} INFO - Sync 1 DAGs
[2022-11-22T19:29:21.837+0000] {logging_mixin.py:137} INFO - [2022-11-22T19:29:21.837+0000] {dag.py:3340} INFO - Setting next_dagrun for example_xcom to 2021-01-01T00:00:00+00:00, run_after=2021-01-01T00:00:00+00:00
[2022-11-22T19:29:21.847+0000] {processor.py:176} INFO - Processing /home/airflow/.local/lib/python3.7/site-packages/airflow/example_dags/example_xcom.py took 0.072 seconds
[2022-11-22T19:29:52.500+0000] {processor.py:154} INFO - Started process (PID=469) to work on /home/airflow/.local/lib/python3.7/site-packages/airflow/example_dags/example_xcom.py
[2022-11-22T19:29:52.502+0000] {processor.py:756} INFO - Processing file /home/airflow/.local/lib/python3.7/site-packages/airflow/example_dags/example_xcom.py for tasks to queue
[2022-11-22T19:29:52.503+0000] {logging_mixin.py:137} INFO - [2022-11-22T19:29:52.503+0000] {dagbag.py:537} INFO - Filling up the DagBag from /home/airflow/.local/lib/python3.7/site-packages/airflow/example_dags/example_xcom.py
[2022-11-22T19:29:52.519+0000] {processor.py:766} INFO - DAG(s) dict_keys(['example_xcom']) retrieved from /home/airflow/.local/lib/python3.7/site-packages/airflow/example_dags/example_xcom.py
[2022-11-22T19:29:52.548+0000] {logging_mixin.py:137} INFO - [2022-11-22T19:29:52.548+0000] {dag.py:2585} INFO - Sync 1 DAGs
[2022-11-22T19:29:52.572+0000] {logging_mixin.py:137} INFO - [2022-11-22T19:29:52.572+0000] {dag.py:3340} INFO - Setting next_dagrun for example_xcom to 2021-01-01T00:00:00+00:00, run_after=2021-01-01T00:00:00+00:00
[2022-11-22T19:29:52.588+0000] {processor.py:176} INFO - Processing /home/airflow/.local/lib/python3.7/site-packages/airflow/example_dags/example_xcom.py took 0.090 seconds
[2022-11-22T19:30:23.220+0000] {processor.py:154} INFO - Started process (PID=533) to work on /home/airflow/.local/lib/python3.7/site-packages/airflow/example_dags/example_xcom.py
[2022-11-22T19:30:23.224+0000] {processor.py:756} INFO - Processing file /home/airflow/.local/lib/python3.7/site-packages/airflow/example_dags/example_xcom.py for tasks to queue
[2022-11-22T19:30:23.226+0000] {logging_mixin.py:137} INFO - [2022-11-22T19:30:23.226+0000] {dagbag.py:537} INFO - Filling up the DagBag from /home/airflow/.local/lib/python3.7/site-packages/airflow/example_dags/example_xcom.py
[2022-11-22T19:30:23.254+0000] {processor.py:766} INFO - DAG(s) dict_keys(['example_xcom']) retrieved from /home/airflow/.local/lib/python3.7/site-packages/airflow/example_dags/example_xcom.py
[2022-11-22T19:30:23.291+0000] {logging_mixin.py:137} INFO - [2022-11-22T19:30:23.291+0000] {dag.py:2585} INFO - Sync 1 DAGs
[2022-11-22T19:30:23.313+0000] {logging_mixin.py:137} INFO - [2022-11-22T19:30:23.313+0000] {dag.py:3340} INFO - Setting next_dagrun for example_xcom to 2021-01-01T00:00:00+00:00, run_after=2021-01-01T00:00:00+00:00
[2022-11-22T19:30:23.334+0000] {processor.py:176} INFO - Processing /home/airflow/.local/lib/python3.7/site-packages/airflow/example_dags/example_xcom.py took 0.129 seconds
[2022-11-22T19:30:54.091+0000] {processor.py:154} INFO - Started process (PID=587) to work on /home/airflow/.local/lib/python3.7/site-packages/airflow/example_dags/example_xcom.py
[2022-11-22T19:30:54.093+0000] {processor.py:756} INFO - Processing file /home/airflow/.local/lib/python3.7/site-packages/airflow/example_dags/example_xcom.py for tasks to queue
[2022-11-22T19:30:54.095+0000] {logging_mixin.py:137} INFO - [2022-11-22T19:30:54.095+0000] {dagbag.py:537} INFO - Filling up the DagBag from /home/airflow/.local/lib/python3.7/site-packages/airflow/example_dags/example_xcom.py
[2022-11-22T19:30:54.111+0000] {processor.py:766} INFO - DAG(s) dict_keys(['example_xcom']) retrieved from /home/airflow/.local/lib/python3.7/site-packages/airflow/example_dags/example_xcom.py
[2022-11-22T19:30:54.136+0000] {logging_mixin.py:137} INFO - [2022-11-22T19:30:54.136+0000] {dag.py:2585} INFO - Sync 1 DAGs
[2022-11-22T19:30:54.151+0000] {logging_mixin.py:137} INFO - [2022-11-22T19:30:54.151+0000] {dag.py:3340} INFO - Setting next_dagrun for example_xcom to 2021-01-01T00:00:00+00:00, run_after=2021-01-01T00:00:00+00:00
[2022-11-22T19:30:54.165+0000] {processor.py:176} INFO - Processing /home/airflow/.local/lib/python3.7/site-packages/airflow/example_dags/example_xcom.py took 0.076 seconds
[2022-11-22T19:31:24.863+0000] {processor.py:154} INFO - Started process (PID=651) to work on /home/airflow/.local/lib/python3.7/site-packages/airflow/example_dags/example_xcom.py
[2022-11-22T19:31:24.869+0000] {processor.py:756} INFO - Processing file /home/airflow/.local/lib/python3.7/site-packages/airflow/example_dags/example_xcom.py for tasks to queue
[2022-11-22T19:31:24.870+0000] {logging_mixin.py:137} INFO - [2022-11-22T19:31:24.870+0000] {dagbag.py:537} INFO - Filling up the DagBag from /home/airflow/.local/lib/python3.7/site-packages/airflow/example_dags/example_xcom.py
[2022-11-22T19:31:24.887+0000] {processor.py:766} INFO - DAG(s) dict_keys(['example_xcom']) retrieved from /home/airflow/.local/lib/python3.7/site-packages/airflow/example_dags/example_xcom.py
[2022-11-22T19:31:24.919+0000] {logging_mixin.py:137} INFO - [2022-11-22T19:31:24.919+0000] {dag.py:2585} INFO - Sync 1 DAGs
[2022-11-22T19:31:24.935+0000] {logging_mixin.py:137} INFO - [2022-11-22T19:31:24.935+0000] {dag.py:3340} INFO - Setting next_dagrun for example_xcom to 2021-01-01T00:00:00+00:00, run_after=2021-01-01T00:00:00+00:00
[2022-11-22T19:31:24.947+0000] {processor.py:176} INFO - Processing /home/airflow/.local/lib/python3.7/site-packages/airflow/example_dags/example_xcom.py took 0.087 seconds
[2022-11-22T19:31:55.614+0000] {processor.py:154} INFO - Started process (PID=714) to work on /home/airflow/.local/lib/python3.7/site-packages/airflow/example_dags/example_xcom.py
[2022-11-22T19:31:55.616+0000] {processor.py:756} INFO - Processing file /home/airflow/.local/lib/python3.7/site-packages/airflow/example_dags/example_xcom.py for tasks to queue
[2022-11-22T19:31:55.616+0000] {logging_mixin.py:137} INFO - [2022-11-22T19:31:55.616+0000] {dagbag.py:537} INFO - Filling up the DagBag from /home/airflow/.local/lib/python3.7/site-packages/airflow/example_dags/example_xcom.py
[2022-11-22T19:31:55.635+0000] {processor.py:766} INFO - DAG(s) dict_keys(['example_xcom']) retrieved from /home/airflow/.local/lib/python3.7/site-packages/airflow/example_dags/example_xcom.py
[2022-11-22T19:31:55.667+0000] {logging_mixin.py:137} INFO - [2022-11-22T19:31:55.667+0000] {dag.py:2585} INFO - Sync 1 DAGs
[2022-11-22T19:31:55.688+0000] {logging_mixin.py:137} INFO - [2022-11-22T19:31:55.688+0000] {dag.py:3340} INFO - Setting next_dagrun for example_xcom to 2021-01-01T00:00:00+00:00, run_after=2021-01-01T00:00:00+00:00
[2022-11-22T19:31:55.704+0000] {processor.py:176} INFO - Processing /home/airflow/.local/lib/python3.7/site-packages/airflow/example_dags/example_xcom.py took 0.093 seconds
[2022-11-22T19:32:26.162+0000] {processor.py:154} INFO - Started process (PID=777) to work on /home/airflow/.local/lib/python3.7/site-packages/airflow/example_dags/example_xcom.py
[2022-11-22T19:32:26.164+0000] {processor.py:756} INFO - Processing file /home/airflow/.local/lib/python3.7/site-packages/airflow/example_dags/example_xcom.py for tasks to queue
[2022-11-22T19:32:26.165+0000] {logging_mixin.py:137} INFO - [2022-11-22T19:32:26.165+0000] {dagbag.py:537} INFO - Filling up the DagBag from /home/airflow/.local/lib/python3.7/site-packages/airflow/example_dags/example_xcom.py
[2022-11-22T19:32:26.178+0000] {processor.py:766} INFO - DAG(s) dict_keys(['example_xcom']) retrieved from /home/airflow/.local/lib/python3.7/site-packages/airflow/example_dags/example_xcom.py
[2022-11-22T19:32:26.204+0000] {logging_mixin.py:137} INFO - [2022-11-22T19:32:26.203+0000] {dag.py:2585} INFO - Sync 1 DAGs
[2022-11-22T19:32:26.218+0000] {logging_mixin.py:137} INFO - [2022-11-22T19:32:26.218+0000] {dag.py:3340} INFO - Setting next_dagrun for example_xcom to 2021-01-01T00:00:00+00:00, run_after=2021-01-01T00:00:00+00:00
[2022-11-22T19:32:26.228+0000] {processor.py:176} INFO - Processing /home/airflow/.local/lib/python3.7/site-packages/airflow/example_dags/example_xcom.py took 0.068 seconds
[2022-11-22T19:32:56.814+0000] {processor.py:154} INFO - Started process (PID=840) to work on /home/airflow/.local/lib/python3.7/site-packages/airflow/example_dags/example_xcom.py
[2022-11-22T19:32:56.816+0000] {processor.py:756} INFO - Processing file /home/airflow/.local/lib/python3.7/site-packages/airflow/example_dags/example_xcom.py for tasks to queue
[2022-11-22T19:32:56.817+0000] {logging_mixin.py:137} INFO - [2022-11-22T19:32:56.817+0000] {dagbag.py:537} INFO - Filling up the DagBag from /home/airflow/.local/lib/python3.7/site-packages/airflow/example_dags/example_xcom.py
[2022-11-22T19:32:56.841+0000] {processor.py:766} INFO - DAG(s) dict_keys(['example_xcom']) retrieved from /home/airflow/.local/lib/python3.7/site-packages/airflow/example_dags/example_xcom.py
[2022-11-22T19:32:56.874+0000] {logging_mixin.py:137} INFO - [2022-11-22T19:32:56.874+0000] {dag.py:2585} INFO - Sync 1 DAGs
[2022-11-22T19:32:56.897+0000] {logging_mixin.py:137} INFO - [2022-11-22T19:32:56.897+0000] {dag.py:3340} INFO - Setting next_dagrun for example_xcom to 2021-01-01T00:00:00+00:00, run_after=2021-01-01T00:00:00+00:00
[2022-11-22T19:32:56.920+0000] {processor.py:176} INFO - Processing /home/airflow/.local/lib/python3.7/site-packages/airflow/example_dags/example_xcom.py took 0.108 seconds
[2022-11-22T19:33:27.707+0000] {processor.py:154} INFO - Started process (PID=893) to work on /home/airflow/.local/lib/python3.7/site-packages/airflow/example_dags/example_xcom.py
[2022-11-22T19:33:27.708+0000] {processor.py:756} INFO - Processing file /home/airflow/.local/lib/python3.7/site-packages/airflow/example_dags/example_xcom.py for tasks to queue
[2022-11-22T19:33:27.709+0000] {logging_mixin.py:137} INFO - [2022-11-22T19:33:27.709+0000] {dagbag.py:537} INFO - Filling up the DagBag from /home/airflow/.local/lib/python3.7/site-packages/airflow/example_dags/example_xcom.py
[2022-11-22T19:33:27.727+0000] {processor.py:766} INFO - DAG(s) dict_keys(['example_xcom']) retrieved from /home/airflow/.local/lib/python3.7/site-packages/airflow/example_dags/example_xcom.py
[2022-11-22T19:33:27.755+0000] {logging_mixin.py:137} INFO - [2022-11-22T19:33:27.755+0000] {dag.py:2585} INFO - Sync 1 DAGs
[2022-11-22T19:33:27.771+0000] {logging_mixin.py:137} INFO - [2022-11-22T19:33:27.771+0000] {dag.py:3340} INFO - Setting next_dagrun for example_xcom to 2021-01-01T00:00:00+00:00, run_after=2021-01-01T00:00:00+00:00
[2022-11-22T19:33:27.785+0000] {processor.py:176} INFO - Processing /home/airflow/.local/lib/python3.7/site-packages/airflow/example_dags/example_xcom.py took 0.081 seconds
[2022-11-22T19:33:58.205+0000] {processor.py:154} INFO - Started process (PID=957) to work on /home/airflow/.local/lib/python3.7/site-packages/airflow/example_dags/example_xcom.py
[2022-11-22T19:33:58.208+0000] {processor.py:756} INFO - Processing file /home/airflow/.local/lib/python3.7/site-packages/airflow/example_dags/example_xcom.py for tasks to queue
[2022-11-22T19:33:58.209+0000] {logging_mixin.py:137} INFO - [2022-11-22T19:33:58.208+0000] {dagbag.py:537} INFO - Filling up the DagBag from /home/airflow/.local/lib/python3.7/site-packages/airflow/example_dags/example_xcom.py
[2022-11-22T19:33:58.225+0000] {processor.py:766} INFO - DAG(s) dict_keys(['example_xcom']) retrieved from /home/airflow/.local/lib/python3.7/site-packages/airflow/example_dags/example_xcom.py
[2022-11-22T19:33:58.258+0000] {logging_mixin.py:137} INFO - [2022-11-22T19:33:58.258+0000] {dag.py:2585} INFO - Sync 1 DAGs
[2022-11-22T19:33:58.275+0000] {logging_mixin.py:137} INFO - [2022-11-22T19:33:58.275+0000] {dag.py:3340} INFO - Setting next_dagrun for example_xcom to 2021-01-01T00:00:00+00:00, run_after=2021-01-01T00:00:00+00:00
[2022-11-22T19:33:58.287+0000] {processor.py:176} INFO - Processing /home/airflow/.local/lib/python3.7/site-packages/airflow/example_dags/example_xcom.py took 0.084 seconds
[2022-11-22T19:34:28.652+0000] {processor.py:154} INFO - Started process (PID=1020) to work on /home/airflow/.local/lib/python3.7/site-packages/airflow/example_dags/example_xcom.py
[2022-11-22T19:34:28.654+0000] {processor.py:756} INFO - Processing file /home/airflow/.local/lib/python3.7/site-packages/airflow/example_dags/example_xcom.py for tasks to queue
[2022-11-22T19:34:28.655+0000] {logging_mixin.py:137} INFO - [2022-11-22T19:34:28.655+0000] {dagbag.py:537} INFO - Filling up the DagBag from /home/airflow/.local/lib/python3.7/site-packages/airflow/example_dags/example_xcom.py
[2022-11-22T19:34:28.669+0000] {processor.py:766} INFO - DAG(s) dict_keys(['example_xcom']) retrieved from /home/airflow/.local/lib/python3.7/site-packages/airflow/example_dags/example_xcom.py
[2022-11-22T19:34:28.698+0000] {logging_mixin.py:137} INFO - [2022-11-22T19:34:28.698+0000] {dag.py:2585} INFO - Sync 1 DAGs
[2022-11-22T19:34:28.712+0000] {logging_mixin.py:137} INFO - [2022-11-22T19:34:28.712+0000] {dag.py:3340} INFO - Setting next_dagrun for example_xcom to 2021-01-01T00:00:00+00:00, run_after=2021-01-01T00:00:00+00:00
[2022-11-22T19:34:28.723+0000] {processor.py:176} INFO - Processing /home/airflow/.local/lib/python3.7/site-packages/airflow/example_dags/example_xcom.py took 0.073 seconds
[2022-11-22T19:34:59.478+0000] {processor.py:154} INFO - Started process (PID=1085) to work on /home/airflow/.local/lib/python3.7/site-packages/airflow/example_dags/example_xcom.py
[2022-11-22T19:34:59.480+0000] {processor.py:756} INFO - Processing file /home/airflow/.local/lib/python3.7/site-packages/airflow/example_dags/example_xcom.py for tasks to queue
[2022-11-22T19:34:59.480+0000] {logging_mixin.py:137} INFO - [2022-11-22T19:34:59.480+0000] {dagbag.py:537} INFO - Filling up the DagBag from /home/airflow/.local/lib/python3.7/site-packages/airflow/example_dags/example_xcom.py
[2022-11-22T19:34:59.494+0000] {processor.py:766} INFO - DAG(s) dict_keys(['example_xcom']) retrieved from /home/airflow/.local/lib/python3.7/site-packages/airflow/example_dags/example_xcom.py
[2022-11-22T19:34:59.523+0000] {logging_mixin.py:137} INFO - [2022-11-22T19:34:59.523+0000] {dag.py:2585} INFO - Sync 1 DAGs
[2022-11-22T19:34:59.540+0000] {logging_mixin.py:137} INFO - [2022-11-22T19:34:59.540+0000] {dag.py:3340} INFO - Setting next_dagrun for example_xcom to 2021-01-01T00:00:00+00:00, run_after=2021-01-01T00:00:00+00:00
[2022-11-22T19:34:59.553+0000] {processor.py:176} INFO - Processing /home/airflow/.local/lib/python3.7/site-packages/airflow/example_dags/example_xcom.py took 0.077 seconds
[2022-11-22T19:35:30.785+0000] {processor.py:154} INFO - Started process (PID=1145) to work on /home/airflow/.local/lib/python3.7/site-packages/airflow/example_dags/example_xcom.py
[2022-11-22T19:35:30.788+0000] {processor.py:756} INFO - Processing file /home/airflow/.local/lib/python3.7/site-packages/airflow/example_dags/example_xcom.py for tasks to queue
[2022-11-22T19:35:30.789+0000] {logging_mixin.py:137} INFO - [2022-11-22T19:35:30.789+0000] {dagbag.py:537} INFO - Filling up the DagBag from /home/airflow/.local/lib/python3.7/site-packages/airflow/example_dags/example_xcom.py
[2022-11-22T19:35:30.808+0000] {processor.py:766} INFO - DAG(s) dict_keys(['example_xcom']) retrieved from /home/airflow/.local/lib/python3.7/site-packages/airflow/example_dags/example_xcom.py
[2022-11-22T19:35:30.842+0000] {logging_mixin.py:137} INFO - [2022-11-22T19:35:30.841+0000] {dag.py:2585} INFO - Sync 1 DAGs
[2022-11-22T19:35:30.876+0000] {logging_mixin.py:137} INFO - [2022-11-22T19:35:30.876+0000] {dag.py:3340} INFO - Setting next_dagrun for example_xcom to 2021-01-01T00:00:00+00:00, run_after=2021-01-01T00:00:00+00:00
[2022-11-22T19:35:30.912+0000] {processor.py:176} INFO - Processing /home/airflow/.local/lib/python3.7/site-packages/airflow/example_dags/example_xcom.py took 0.130 seconds
[2022-11-22T19:36:01.731+0000] {processor.py:154} INFO - Started process (PID=1200) to work on /home/airflow/.local/lib/python3.7/site-packages/airflow/example_dags/example_xcom.py
[2022-11-22T19:36:01.733+0000] {processor.py:756} INFO - Processing file /home/airflow/.local/lib/python3.7/site-packages/airflow/example_dags/example_xcom.py for tasks to queue
[2022-11-22T19:36:01.734+0000] {logging_mixin.py:137} INFO - [2022-11-22T19:36:01.734+0000] {dagbag.py:537} INFO - Filling up the DagBag from /home/airflow/.local/lib/python3.7/site-packages/airflow/example_dags/example_xcom.py
[2022-11-22T19:36:01.751+0000] {processor.py:766} INFO - DAG(s) dict_keys(['example_xcom']) retrieved from /home/airflow/.local/lib/python3.7/site-packages/airflow/example_dags/example_xcom.py
[2022-11-22T19:36:01.780+0000] {logging_mixin.py:137} INFO - [2022-11-22T19:36:01.780+0000] {dag.py:2585} INFO - Sync 1 DAGs
[2022-11-22T19:36:01.799+0000] {logging_mixin.py:137} INFO - [2022-11-22T19:36:01.799+0000] {dag.py:3340} INFO - Setting next_dagrun for example_xcom to 2021-01-01T00:00:00+00:00, run_after=2021-01-01T00:00:00+00:00
[2022-11-22T19:36:01.832+0000] {processor.py:176} INFO - Processing /home/airflow/.local/lib/python3.7/site-packages/airflow/example_dags/example_xcom.py took 0.103 seconds
[2022-11-22T19:36:32.331+0000] {processor.py:154} INFO - Started process (PID=1264) to work on /home/airflow/.local/lib/python3.7/site-packages/airflow/example_dags/example_xcom.py
[2022-11-22T19:36:32.333+0000] {processor.py:756} INFO - Processing file /home/airflow/.local/lib/python3.7/site-packages/airflow/example_dags/example_xcom.py for tasks to queue
[2022-11-22T19:36:32.339+0000] {logging_mixin.py:137} INFO - [2022-11-22T19:36:32.339+0000] {dagbag.py:537} INFO - Filling up the DagBag from /home/airflow/.local/lib/python3.7/site-packages/airflow/example_dags/example_xcom.py
[2022-11-22T19:36:32.362+0000] {processor.py:766} INFO - DAG(s) dict_keys(['example_xcom']) retrieved from /home/airflow/.local/lib/python3.7/site-packages/airflow/example_dags/example_xcom.py
[2022-11-22T19:36:32.393+0000] {logging_mixin.py:137} INFO - [2022-11-22T19:36:32.393+0000] {dag.py:2585} INFO - Sync 1 DAGs
[2022-11-22T19:36:32.414+0000] {logging_mixin.py:137} INFO - [2022-11-22T19:36:32.414+0000] {dag.py:3340} INFO - Setting next_dagrun for example_xcom to 2021-01-01T00:00:00+00:00, run_after=2021-01-01T00:00:00+00:00
[2022-11-22T19:36:32.430+0000] {processor.py:176} INFO - Processing /home/airflow/.local/lib/python3.7/site-packages/airflow/example_dags/example_xcom.py took 0.105 seconds
[2022-11-22T19:37:03.380+0000] {processor.py:154} INFO - Started process (PID=1327) to work on /home/airflow/.local/lib/python3.7/site-packages/airflow/example_dags/example_xcom.py
[2022-11-22T19:37:03.386+0000] {processor.py:756} INFO - Processing file /home/airflow/.local/lib/python3.7/site-packages/airflow/example_dags/example_xcom.py for tasks to queue
[2022-11-22T19:37:03.387+0000] {logging_mixin.py:137} INFO - [2022-11-22T19:37:03.387+0000] {dagbag.py:537} INFO - Filling up the DagBag from /home/airflow/.local/lib/python3.7/site-packages/airflow/example_dags/example_xcom.py
[2022-11-22T19:37:03.407+0000] {processor.py:766} INFO - DAG(s) dict_keys(['example_xcom']) retrieved from /home/airflow/.local/lib/python3.7/site-packages/airflow/example_dags/example_xcom.py
[2022-11-22T19:37:03.436+0000] {logging_mixin.py:137} INFO - [2022-11-22T19:37:03.436+0000] {dag.py:2585} INFO - Sync 1 DAGs
[2022-11-22T19:37:03.453+0000] {logging_mixin.py:137} INFO - [2022-11-22T19:37:03.453+0000] {dag.py:3340} INFO - Setting next_dagrun for example_xcom to 2021-01-01T00:00:00+00:00, run_after=2021-01-01T00:00:00+00:00
[2022-11-22T19:37:03.469+0000] {processor.py:176} INFO - Processing /home/airflow/.local/lib/python3.7/site-packages/airflow/example_dags/example_xcom.py took 0.094 seconds
[2022-11-22T19:37:33.829+0000] {processor.py:154} INFO - Started process (PID=1391) to work on /home/airflow/.local/lib/python3.7/site-packages/airflow/example_dags/example_xcom.py
[2022-11-22T19:37:33.832+0000] {processor.py:756} INFO - Processing file /home/airflow/.local/lib/python3.7/site-packages/airflow/example_dags/example_xcom.py for tasks to queue
[2022-11-22T19:37:33.833+0000] {logging_mixin.py:137} INFO - [2022-11-22T19:37:33.833+0000] {dagbag.py:537} INFO - Filling up the DagBag from /home/airflow/.local/lib/python3.7/site-packages/airflow/example_dags/example_xcom.py
[2022-11-22T19:37:33.855+0000] {processor.py:766} INFO - DAG(s) dict_keys(['example_xcom']) retrieved from /home/airflow/.local/lib/python3.7/site-packages/airflow/example_dags/example_xcom.py
[2022-11-22T19:37:33.903+0000] {logging_mixin.py:137} INFO - [2022-11-22T19:37:33.903+0000] {dag.py:2585} INFO - Sync 1 DAGs
[2022-11-22T19:37:33.924+0000] {logging_mixin.py:137} INFO - [2022-11-22T19:37:33.924+0000] {dag.py:3340} INFO - Setting next_dagrun for example_xcom to 2021-01-01T00:00:00+00:00, run_after=2021-01-01T00:00:00+00:00
[2022-11-22T19:37:33.943+0000] {processor.py:176} INFO - Processing /home/airflow/.local/lib/python3.7/site-packages/airflow/example_dags/example_xcom.py took 0.117 seconds
[2022-11-22T19:38:04.301+0000] {processor.py:154} INFO - Started process (PID=1445) to work on /home/airflow/.local/lib/python3.7/site-packages/airflow/example_dags/example_xcom.py
[2022-11-22T19:38:04.304+0000] {processor.py:756} INFO - Processing file /home/airflow/.local/lib/python3.7/site-packages/airflow/example_dags/example_xcom.py for tasks to queue
[2022-11-22T19:38:04.305+0000] {logging_mixin.py:137} INFO - [2022-11-22T19:38:04.305+0000] {dagbag.py:537} INFO - Filling up the DagBag from /home/airflow/.local/lib/python3.7/site-packages/airflow/example_dags/example_xcom.py
[2022-11-22T19:38:04.323+0000] {processor.py:766} INFO - DAG(s) dict_keys(['example_xcom']) retrieved from /home/airflow/.local/lib/python3.7/site-packages/airflow/example_dags/example_xcom.py
[2022-11-22T19:38:04.369+0000] {logging_mixin.py:137} INFO - [2022-11-22T19:38:04.369+0000] {dag.py:2585} INFO - Sync 1 DAGs
[2022-11-22T19:38:04.388+0000] {logging_mixin.py:137} INFO - [2022-11-22T19:38:04.388+0000] {dag.py:3340} INFO - Setting next_dagrun for example_xcom to 2021-01-01T00:00:00+00:00, run_after=2021-01-01T00:00:00+00:00
[2022-11-22T19:38:04.405+0000] {processor.py:176} INFO - Processing /home/airflow/.local/lib/python3.7/site-packages/airflow/example_dags/example_xcom.py took 0.111 seconds
[2022-11-22T19:38:34.946+0000] {processor.py:154} INFO - Started process (PID=1508) to work on /home/airflow/.local/lib/python3.7/site-packages/airflow/example_dags/example_xcom.py
[2022-11-22T19:38:34.949+0000] {processor.py:756} INFO - Processing file /home/airflow/.local/lib/python3.7/site-packages/airflow/example_dags/example_xcom.py for tasks to queue
[2022-11-22T19:38:34.951+0000] {logging_mixin.py:137} INFO - [2022-11-22T19:38:34.950+0000] {dagbag.py:537} INFO - Filling up the DagBag from /home/airflow/.local/lib/python3.7/site-packages/airflow/example_dags/example_xcom.py
[2022-11-22T19:38:34.969+0000] {processor.py:766} INFO - DAG(s) dict_keys(['example_xcom']) retrieved from /home/airflow/.local/lib/python3.7/site-packages/airflow/example_dags/example_xcom.py
[2022-11-22T19:38:35.002+0000] {logging_mixin.py:137} INFO - [2022-11-22T19:38:35.002+0000] {dag.py:2585} INFO - Sync 1 DAGs
[2022-11-22T19:38:35.020+0000] {logging_mixin.py:137} INFO - [2022-11-22T19:38:35.020+0000] {dag.py:3340} INFO - Setting next_dagrun for example_xcom to 2021-01-01T00:00:00+00:00, run_after=2021-01-01T00:00:00+00:00
[2022-11-22T19:38:35.034+0000] {processor.py:176} INFO - Processing /home/airflow/.local/lib/python3.7/site-packages/airflow/example_dags/example_xcom.py took 0.090 seconds
[2022-11-22T19:39:05.266+0000] {processor.py:154} INFO - Started process (PID=1571) to work on /home/airflow/.local/lib/python3.7/site-packages/airflow/example_dags/example_xcom.py
[2022-11-22T19:39:05.267+0000] {processor.py:756} INFO - Processing file /home/airflow/.local/lib/python3.7/site-packages/airflow/example_dags/example_xcom.py for tasks to queue
[2022-11-22T19:39:05.268+0000] {logging_mixin.py:137} INFO - [2022-11-22T19:39:05.268+0000] {dagbag.py:537} INFO - Filling up the DagBag from /home/airflow/.local/lib/python3.7/site-packages/airflow/example_dags/example_xcom.py
[2022-11-22T19:39:05.284+0000] {processor.py:766} INFO - DAG(s) dict_keys(['example_xcom']) retrieved from /home/airflow/.local/lib/python3.7/site-packages/airflow/example_dags/example_xcom.py
[2022-11-22T19:39:05.311+0000] {logging_mixin.py:137} INFO - [2022-11-22T19:39:05.311+0000] {dag.py:2585} INFO - Sync 1 DAGs
[2022-11-22T19:39:05.328+0000] {logging_mixin.py:137} INFO - [2022-11-22T19:39:05.327+0000] {dag.py:3340} INFO - Setting next_dagrun for example_xcom to 2021-01-01T00:00:00+00:00, run_after=2021-01-01T00:00:00+00:00
[2022-11-22T19:39:05.340+0000] {processor.py:176} INFO - Processing /home/airflow/.local/lib/python3.7/site-packages/airflow/example_dags/example_xcom.py took 0.076 seconds
[2022-11-22T19:39:36.478+0000] {processor.py:154} INFO - Started process (PID=1635) to work on /home/airflow/.local/lib/python3.7/site-packages/airflow/example_dags/example_xcom.py
[2022-11-22T19:39:36.480+0000] {processor.py:756} INFO - Processing file /home/airflow/.local/lib/python3.7/site-packages/airflow/example_dags/example_xcom.py for tasks to queue
[2022-11-22T19:39:36.482+0000] {logging_mixin.py:137} INFO - [2022-11-22T19:39:36.482+0000] {dagbag.py:537} INFO - Filling up the DagBag from /home/airflow/.local/lib/python3.7/site-packages/airflow/example_dags/example_xcom.py
[2022-11-22T19:39:36.508+0000] {processor.py:766} INFO - DAG(s) dict_keys(['example_xcom']) retrieved from /home/airflow/.local/lib/python3.7/site-packages/airflow/example_dags/example_xcom.py
[2022-11-22T19:39:36.548+0000] {logging_mixin.py:137} INFO - [2022-11-22T19:39:36.548+0000] {dag.py:2585} INFO - Sync 1 DAGs
[2022-11-22T19:39:36.590+0000] {logging_mixin.py:137} INFO - [2022-11-22T19:39:36.590+0000] {dag.py:3340} INFO - Setting next_dagrun for example_xcom to 2021-01-01T00:00:00+00:00, run_after=2021-01-01T00:00:00+00:00
[2022-11-22T19:39:36.613+0000] {processor.py:176} INFO - Processing /home/airflow/.local/lib/python3.7/site-packages/airflow/example_dags/example_xcom.py took 0.139 seconds
[2022-11-22T19:40:06.874+0000] {processor.py:154} INFO - Started process (PID=1690) to work on /home/airflow/.local/lib/python3.7/site-packages/airflow/example_dags/example_xcom.py
[2022-11-22T19:40:06.876+0000] {processor.py:756} INFO - Processing file /home/airflow/.local/lib/python3.7/site-packages/airflow/example_dags/example_xcom.py for tasks to queue
[2022-11-22T19:40:06.877+0000] {logging_mixin.py:137} INFO - [2022-11-22T19:40:06.877+0000] {dagbag.py:537} INFO - Filling up the DagBag from /home/airflow/.local/lib/python3.7/site-packages/airflow/example_dags/example_xcom.py
[2022-11-22T19:40:06.893+0000] {processor.py:766} INFO - DAG(s) dict_keys(['example_xcom']) retrieved from /home/airflow/.local/lib/python3.7/site-packages/airflow/example_dags/example_xcom.py
[2022-11-22T19:40:06.925+0000] {logging_mixin.py:137} INFO - [2022-11-22T19:40:06.925+0000] {dag.py:2585} INFO - Sync 1 DAGs
[2022-11-22T19:40:06.941+0000] {logging_mixin.py:137} INFO - [2022-11-22T19:40:06.941+0000] {dag.py:3340} INFO - Setting next_dagrun for example_xcom to 2021-01-01T00:00:00+00:00, run_after=2021-01-01T00:00:00+00:00
[2022-11-22T19:40:06.954+0000] {processor.py:176} INFO - Processing /home/airflow/.local/lib/python3.7/site-packages/airflow/example_dags/example_xcom.py took 0.082 seconds
[2022-11-22T19:40:37.295+0000] {processor.py:154} INFO - Started process (PID=1753) to work on /home/airflow/.local/lib/python3.7/site-packages/airflow/example_dags/example_xcom.py
[2022-11-22T19:40:37.302+0000] {processor.py:756} INFO - Processing file /home/airflow/.local/lib/python3.7/site-packages/airflow/example_dags/example_xcom.py for tasks to queue
[2022-11-22T19:40:37.304+0000] {logging_mixin.py:137} INFO - [2022-11-22T19:40:37.304+0000] {dagbag.py:537} INFO - Filling up the DagBag from /home/airflow/.local/lib/python3.7/site-packages/airflow/example_dags/example_xcom.py
[2022-11-22T19:40:37.327+0000] {processor.py:766} INFO - DAG(s) dict_keys(['example_xcom']) retrieved from /home/airflow/.local/lib/python3.7/site-packages/airflow/example_dags/example_xcom.py
[2022-11-22T19:40:37.395+0000] {logging_mixin.py:137} INFO - [2022-11-22T19:40:37.395+0000] {dag.py:2585} INFO - Sync 1 DAGs
[2022-11-22T19:40:37.421+0000] {logging_mixin.py:137} INFO - [2022-11-22T19:40:37.421+0000] {dag.py:3340} INFO - Setting next_dagrun for example_xcom to 2021-01-01T00:00:00+00:00, run_after=2021-01-01T00:00:00+00:00
[2022-11-22T19:40:37.452+0000] {processor.py:176} INFO - Processing /home/airflow/.local/lib/python3.7/site-packages/airflow/example_dags/example_xcom.py took 0.161 seconds
[2022-11-22T19:41:08.357+0000] {processor.py:154} INFO - Started process (PID=1817) to work on /home/airflow/.local/lib/python3.7/site-packages/airflow/example_dags/example_xcom.py
[2022-11-22T19:41:08.359+0000] {processor.py:756} INFO - Processing file /home/airflow/.local/lib/python3.7/site-packages/airflow/example_dags/example_xcom.py for tasks to queue
[2022-11-22T19:41:08.360+0000] {logging_mixin.py:137} INFO - [2022-11-22T19:41:08.359+0000] {dagbag.py:537} INFO - Filling up the DagBag from /home/airflow/.local/lib/python3.7/site-packages/airflow/example_dags/example_xcom.py
[2022-11-22T19:41:08.374+0000] {processor.py:766} INFO - DAG(s) dict_keys(['example_xcom']) retrieved from /home/airflow/.local/lib/python3.7/site-packages/airflow/example_dags/example_xcom.py
[2022-11-22T19:41:08.402+0000] {logging_mixin.py:137} INFO - [2022-11-22T19:41:08.402+0000] {dag.py:2585} INFO - Sync 1 DAGs
[2022-11-22T19:41:08.418+0000] {logging_mixin.py:137} INFO - [2022-11-22T19:41:08.418+0000] {dag.py:3340} INFO - Setting next_dagrun for example_xcom to 2021-01-01T00:00:00+00:00, run_after=2021-01-01T00:00:00+00:00
[2022-11-22T19:41:08.429+0000] {processor.py:176} INFO - Processing /home/airflow/.local/lib/python3.7/site-packages/airflow/example_dags/example_xcom.py took 0.074 seconds
[2022-11-22T19:41:39.529+0000] {processor.py:154} INFO - Started process (PID=1881) to work on /home/airflow/.local/lib/python3.7/site-packages/airflow/example_dags/example_xcom.py
[2022-11-22T19:41:39.531+0000] {processor.py:756} INFO - Processing file /home/airflow/.local/lib/python3.7/site-packages/airflow/example_dags/example_xcom.py for tasks to queue
[2022-11-22T19:41:39.532+0000] {logging_mixin.py:137} INFO - [2022-11-22T19:41:39.532+0000] {dagbag.py:537} INFO - Filling up the DagBag from /home/airflow/.local/lib/python3.7/site-packages/airflow/example_dags/example_xcom.py
[2022-11-22T19:41:39.548+0000] {processor.py:766} INFO - DAG(s) dict_keys(['example_xcom']) retrieved from /home/airflow/.local/lib/python3.7/site-packages/airflow/example_dags/example_xcom.py
[2022-11-22T19:41:39.576+0000] {logging_mixin.py:137} INFO - [2022-11-22T19:41:39.576+0000] {dag.py:2585} INFO - Sync 1 DAGs
[2022-11-22T19:41:39.591+0000] {logging_mixin.py:137} INFO - [2022-11-22T19:41:39.591+0000] {dag.py:3340} INFO - Setting next_dagrun for example_xcom to 2021-01-01T00:00:00+00:00, run_after=2021-01-01T00:00:00+00:00
[2022-11-22T19:41:39.604+0000] {processor.py:176} INFO - Processing /home/airflow/.local/lib/python3.7/site-packages/airflow/example_dags/example_xcom.py took 0.079 seconds
[2022-11-22T19:42:10.029+0000] {processor.py:154} INFO - Started process (PID=1935) to work on /home/airflow/.local/lib/python3.7/site-packages/airflow/example_dags/example_xcom.py
[2022-11-22T19:42:10.031+0000] {processor.py:756} INFO - Processing file /home/airflow/.local/lib/python3.7/site-packages/airflow/example_dags/example_xcom.py for tasks to queue
[2022-11-22T19:42:10.033+0000] {logging_mixin.py:137} INFO - [2022-11-22T19:42:10.033+0000] {dagbag.py:537} INFO - Filling up the DagBag from /home/airflow/.local/lib/python3.7/site-packages/airflow/example_dags/example_xcom.py
[2022-11-22T19:42:10.048+0000] {processor.py:766} INFO - DAG(s) dict_keys(['example_xcom']) retrieved from /home/airflow/.local/lib/python3.7/site-packages/airflow/example_dags/example_xcom.py
[2022-11-22T19:42:10.079+0000] {logging_mixin.py:137} INFO - [2022-11-22T19:42:10.079+0000] {dag.py:2585} INFO - Sync 1 DAGs
[2022-11-22T19:42:10.095+0000] {logging_mixin.py:137} INFO - [2022-11-22T19:42:10.095+0000] {dag.py:3340} INFO - Setting next_dagrun for example_xcom to 2021-01-01T00:00:00+00:00, run_after=2021-01-01T00:00:00+00:00
[2022-11-22T19:42:10.106+0000] {processor.py:176} INFO - Processing /home/airflow/.local/lib/python3.7/site-packages/airflow/example_dags/example_xcom.py took 0.080 seconds
[2022-11-22T19:42:41.238+0000] {processor.py:154} INFO - Started process (PID=1999) to work on /home/airflow/.local/lib/python3.7/site-packages/airflow/example_dags/example_xcom.py
[2022-11-22T19:42:41.239+0000] {processor.py:756} INFO - Processing file /home/airflow/.local/lib/python3.7/site-packages/airflow/example_dags/example_xcom.py for tasks to queue
[2022-11-22T19:42:41.242+0000] {logging_mixin.py:137} INFO - [2022-11-22T19:42:41.242+0000] {dagbag.py:537} INFO - Filling up the DagBag from /home/airflow/.local/lib/python3.7/site-packages/airflow/example_dags/example_xcom.py
[2022-11-22T19:42:41.257+0000] {processor.py:766} INFO - DAG(s) dict_keys(['example_xcom']) retrieved from /home/airflow/.local/lib/python3.7/site-packages/airflow/example_dags/example_xcom.py
[2022-11-22T19:42:41.284+0000] {logging_mixin.py:137} INFO - [2022-11-22T19:42:41.284+0000] {dag.py:2585} INFO - Sync 1 DAGs
[2022-11-22T19:42:41.313+0000] {logging_mixin.py:137} INFO - [2022-11-22T19:42:41.313+0000] {dag.py:3340} INFO - Setting next_dagrun for example_xcom to 2021-01-01T00:00:00+00:00, run_after=2021-01-01T00:00:00+00:00
[2022-11-22T19:42:41.357+0000] {processor.py:176} INFO - Processing /home/airflow/.local/lib/python3.7/site-packages/airflow/example_dags/example_xcom.py took 0.123 seconds
[2022-11-22T19:43:12.280+0000] {processor.py:154} INFO - Started process (PID=2061) to work on /home/airflow/.local/lib/python3.7/site-packages/airflow/example_dags/example_xcom.py
[2022-11-22T19:43:12.285+0000] {processor.py:756} INFO - Processing file /home/airflow/.local/lib/python3.7/site-packages/airflow/example_dags/example_xcom.py for tasks to queue
[2022-11-22T19:43:12.286+0000] {logging_mixin.py:137} INFO - [2022-11-22T19:43:12.286+0000] {dagbag.py:537} INFO - Filling up the DagBag from /home/airflow/.local/lib/python3.7/site-packages/airflow/example_dags/example_xcom.py
[2022-11-22T19:43:12.303+0000] {processor.py:766} INFO - DAG(s) dict_keys(['example_xcom']) retrieved from /home/airflow/.local/lib/python3.7/site-packages/airflow/example_dags/example_xcom.py
[2022-11-22T19:43:12.329+0000] {logging_mixin.py:137} INFO - [2022-11-22T19:43:12.329+0000] {dag.py:2585} INFO - Sync 1 DAGs
[2022-11-22T19:43:12.345+0000] {logging_mixin.py:137} INFO - [2022-11-22T19:43:12.345+0000] {dag.py:3340} INFO - Setting next_dagrun for example_xcom to 2021-01-01T00:00:00+00:00, run_after=2021-01-01T00:00:00+00:00
[2022-11-22T19:43:12.356+0000] {processor.py:176} INFO - Processing /home/airflow/.local/lib/python3.7/site-packages/airflow/example_dags/example_xcom.py took 0.079 seconds
[2022-11-22T19:43:43.108+0000] {processor.py:154} INFO - Started process (PID=2124) to work on /home/airflow/.local/lib/python3.7/site-packages/airflow/example_dags/example_xcom.py
[2022-11-22T19:43:43.109+0000] {processor.py:756} INFO - Processing file /home/airflow/.local/lib/python3.7/site-packages/airflow/example_dags/example_xcom.py for tasks to queue
[2022-11-22T19:43:43.110+0000] {logging_mixin.py:137} INFO - [2022-11-22T19:43:43.110+0000] {dagbag.py:537} INFO - Filling up the DagBag from /home/airflow/.local/lib/python3.7/site-packages/airflow/example_dags/example_xcom.py
[2022-11-22T19:43:43.125+0000] {processor.py:766} INFO - DAG(s) dict_keys(['example_xcom']) retrieved from /home/airflow/.local/lib/python3.7/site-packages/airflow/example_dags/example_xcom.py
[2022-11-22T19:43:43.151+0000] {logging_mixin.py:137} INFO - [2022-11-22T19:43:43.150+0000] {dag.py:2585} INFO - Sync 1 DAGs
[2022-11-22T19:43:43.166+0000] {logging_mixin.py:137} INFO - [2022-11-22T19:43:43.165+0000] {dag.py:3340} INFO - Setting next_dagrun for example_xcom to 2021-01-01T00:00:00+00:00, run_after=2021-01-01T00:00:00+00:00
[2022-11-22T19:43:43.177+0000] {processor.py:176} INFO - Processing /home/airflow/.local/lib/python3.7/site-packages/airflow/example_dags/example_xcom.py took 0.071 seconds
[2022-11-22T19:44:13.359+0000] {processor.py:154} INFO - Started process (PID=2187) to work on /home/airflow/.local/lib/python3.7/site-packages/airflow/example_dags/example_xcom.py
[2022-11-22T19:44:13.362+0000] {processor.py:756} INFO - Processing file /home/airflow/.local/lib/python3.7/site-packages/airflow/example_dags/example_xcom.py for tasks to queue
[2022-11-22T19:44:13.363+0000] {logging_mixin.py:137} INFO - [2022-11-22T19:44:13.363+0000] {dagbag.py:537} INFO - Filling up the DagBag from /home/airflow/.local/lib/python3.7/site-packages/airflow/example_dags/example_xcom.py
[2022-11-22T19:44:13.389+0000] {processor.py:766} INFO - DAG(s) dict_keys(['example_xcom']) retrieved from /home/airflow/.local/lib/python3.7/site-packages/airflow/example_dags/example_xcom.py
[2022-11-22T19:44:13.445+0000] {logging_mixin.py:137} INFO - [2022-11-22T19:44:13.445+0000] {dag.py:2585} INFO - Sync 1 DAGs
[2022-11-22T19:44:13.491+0000] {logging_mixin.py:137} INFO - [2022-11-22T19:44:13.490+0000] {dag.py:3340} INFO - Setting next_dagrun for example_xcom to 2021-01-01T00:00:00+00:00, run_after=2021-01-01T00:00:00+00:00
[2022-11-22T19:44:13.522+0000] {processor.py:176} INFO - Processing /home/airflow/.local/lib/python3.7/site-packages/airflow/example_dags/example_xcom.py took 0.166 seconds
[2022-11-22T19:44:43.648+0000] {processor.py:154} INFO - Started process (PID=2241) to work on /home/airflow/.local/lib/python3.7/site-packages/airflow/example_dags/example_xcom.py
[2022-11-22T19:44:43.649+0000] {processor.py:756} INFO - Processing file /home/airflow/.local/lib/python3.7/site-packages/airflow/example_dags/example_xcom.py for tasks to queue
[2022-11-22T19:44:43.650+0000] {logging_mixin.py:137} INFO - [2022-11-22T19:44:43.650+0000] {dagbag.py:537} INFO - Filling up the DagBag from /home/airflow/.local/lib/python3.7/site-packages/airflow/example_dags/example_xcom.py
[2022-11-22T19:44:43.664+0000] {processor.py:766} INFO - DAG(s) dict_keys(['example_xcom']) retrieved from /home/airflow/.local/lib/python3.7/site-packages/airflow/example_dags/example_xcom.py
[2022-11-22T19:44:43.690+0000] {logging_mixin.py:137} INFO - [2022-11-22T19:44:43.690+0000] {dag.py:2585} INFO - Sync 1 DAGs
[2022-11-22T19:44:43.704+0000] {logging_mixin.py:137} INFO - [2022-11-22T19:44:43.704+0000] {dag.py:3340} INFO - Setting next_dagrun for example_xcom to 2021-01-01T00:00:00+00:00, run_after=2021-01-01T00:00:00+00:00
[2022-11-22T19:44:43.716+0000] {processor.py:176} INFO - Processing /home/airflow/.local/lib/python3.7/site-packages/airflow/example_dags/example_xcom.py took 0.070 seconds
[2022-11-22T19:45:14.783+0000] {processor.py:154} INFO - Started process (PID=2305) to work on /home/airflow/.local/lib/python3.7/site-packages/airflow/example_dags/example_xcom.py
[2022-11-22T19:45:14.784+0000] {processor.py:756} INFO - Processing file /home/airflow/.local/lib/python3.7/site-packages/airflow/example_dags/example_xcom.py for tasks to queue
[2022-11-22T19:45:14.786+0000] {logging_mixin.py:137} INFO - [2022-11-22T19:45:14.786+0000] {dagbag.py:537} INFO - Filling up the DagBag from /home/airflow/.local/lib/python3.7/site-packages/airflow/example_dags/example_xcom.py
[2022-11-22T19:45:14.804+0000] {processor.py:766} INFO - DAG(s) dict_keys(['example_xcom']) retrieved from /home/airflow/.local/lib/python3.7/site-packages/airflow/example_dags/example_xcom.py
[2022-11-22T19:45:14.841+0000] {logging_mixin.py:137} INFO - [2022-11-22T19:45:14.841+0000] {dag.py:2585} INFO - Sync 1 DAGs
[2022-11-22T19:45:14.861+0000] {logging_mixin.py:137} INFO - [2022-11-22T19:45:14.861+0000] {dag.py:3340} INFO - Setting next_dagrun for example_xcom to 2021-01-01T00:00:00+00:00, run_after=2021-01-01T00:00:00+00:00
[2022-11-22T19:45:14.875+0000] {processor.py:176} INFO - Processing /home/airflow/.local/lib/python3.7/site-packages/airflow/example_dags/example_xcom.py took 0.095 seconds
[2022-11-22T19:45:45.822+0000] {processor.py:154} INFO - Started process (PID=2369) to work on /home/airflow/.local/lib/python3.7/site-packages/airflow/example_dags/example_xcom.py
[2022-11-22T19:45:45.824+0000] {processor.py:756} INFO - Processing file /home/airflow/.local/lib/python3.7/site-packages/airflow/example_dags/example_xcom.py for tasks to queue
[2022-11-22T19:45:45.826+0000] {logging_mixin.py:137} INFO - [2022-11-22T19:45:45.826+0000] {dagbag.py:537} INFO - Filling up the DagBag from /home/airflow/.local/lib/python3.7/site-packages/airflow/example_dags/example_xcom.py
[2022-11-22T19:45:45.840+0000] {processor.py:766} INFO - DAG(s) dict_keys(['example_xcom']) retrieved from /home/airflow/.local/lib/python3.7/site-packages/airflow/example_dags/example_xcom.py
[2022-11-22T19:45:45.865+0000] {logging_mixin.py:137} INFO - [2022-11-22T19:45:45.865+0000] {dag.py:2585} INFO - Sync 1 DAGs
[2022-11-22T19:45:45.880+0000] {logging_mixin.py:137} INFO - [2022-11-22T19:45:45.880+0000] {dag.py:3340} INFO - Setting next_dagrun for example_xcom to 2021-01-01T00:00:00+00:00, run_after=2021-01-01T00:00:00+00:00
[2022-11-22T19:45:45.892+0000] {processor.py:176} INFO - Processing /home/airflow/.local/lib/python3.7/site-packages/airflow/example_dags/example_xcom.py took 0.073 seconds
[2022-11-22T19:46:16.684+0000] {processor.py:154} INFO - Started process (PID=2433) to work on /home/airflow/.local/lib/python3.7/site-packages/airflow/example_dags/example_xcom.py
[2022-11-22T19:46:16.686+0000] {processor.py:756} INFO - Processing file /home/airflow/.local/lib/python3.7/site-packages/airflow/example_dags/example_xcom.py for tasks to queue
[2022-11-22T19:46:16.687+0000] {logging_mixin.py:137} INFO - [2022-11-22T19:46:16.687+0000] {dagbag.py:537} INFO - Filling up the DagBag from /home/airflow/.local/lib/python3.7/site-packages/airflow/example_dags/example_xcom.py
[2022-11-22T19:46:16.702+0000] {processor.py:766} INFO - DAG(s) dict_keys(['example_xcom']) retrieved from /home/airflow/.local/lib/python3.7/site-packages/airflow/example_dags/example_xcom.py
[2022-11-22T19:46:16.728+0000] {logging_mixin.py:137} INFO - [2022-11-22T19:46:16.728+0000] {dag.py:2585} INFO - Sync 1 DAGs
[2022-11-22T19:46:16.744+0000] {logging_mixin.py:137} INFO - [2022-11-22T19:46:16.743+0000] {dag.py:3340} INFO - Setting next_dagrun for example_xcom to 2021-01-01T00:00:00+00:00, run_after=2021-01-01T00:00:00+00:00
[2022-11-22T19:46:16.755+0000] {processor.py:176} INFO - Processing /home/airflow/.local/lib/python3.7/site-packages/airflow/example_dags/example_xcom.py took 0.076 seconds
[2022-11-22T19:46:47.608+0000] {processor.py:154} INFO - Started process (PID=2495) to work on /home/airflow/.local/lib/python3.7/site-packages/airflow/example_dags/example_xcom.py
[2022-11-22T19:46:47.613+0000] {processor.py:756} INFO - Processing file /home/airflow/.local/lib/python3.7/site-packages/airflow/example_dags/example_xcom.py for tasks to queue
[2022-11-22T19:46:47.615+0000] {logging_mixin.py:137} INFO - [2022-11-22T19:46:47.615+0000] {dagbag.py:537} INFO - Filling up the DagBag from /home/airflow/.local/lib/python3.7/site-packages/airflow/example_dags/example_xcom.py
[2022-11-22T19:46:47.644+0000] {processor.py:766} INFO - DAG(s) dict_keys(['example_xcom']) retrieved from /home/airflow/.local/lib/python3.7/site-packages/airflow/example_dags/example_xcom.py
[2022-11-22T19:46:47.709+0000] {logging_mixin.py:137} INFO - [2022-11-22T19:46:47.709+0000] {dag.py:2585} INFO - Sync 1 DAGs
[2022-11-22T19:46:47.751+0000] {logging_mixin.py:137} INFO - [2022-11-22T19:46:47.751+0000] {dag.py:3340} INFO - Setting next_dagrun for example_xcom to 2021-01-01T00:00:00+00:00, run_after=2021-01-01T00:00:00+00:00
[2022-11-22T19:46:47.781+0000] {processor.py:176} INFO - Processing /home/airflow/.local/lib/python3.7/site-packages/airflow/example_dags/example_xcom.py took 0.177 seconds
[2022-11-22T19:47:17.977+0000] {processor.py:154} INFO - Started process (PID=2549) to work on /home/airflow/.local/lib/python3.7/site-packages/airflow/example_dags/example_xcom.py
[2022-11-22T19:47:17.979+0000] {processor.py:756} INFO - Processing file /home/airflow/.local/lib/python3.7/site-packages/airflow/example_dags/example_xcom.py for tasks to queue
[2022-11-22T19:47:17.981+0000] {logging_mixin.py:137} INFO - [2022-11-22T19:47:17.981+0000] {dagbag.py:537} INFO - Filling up the DagBag from /home/airflow/.local/lib/python3.7/site-packages/airflow/example_dags/example_xcom.py
[2022-11-22T19:47:17.997+0000] {processor.py:766} INFO - DAG(s) dict_keys(['example_xcom']) retrieved from /home/airflow/.local/lib/python3.7/site-packages/airflow/example_dags/example_xcom.py
[2022-11-22T19:47:18.029+0000] {logging_mixin.py:137} INFO - [2022-11-22T19:47:18.028+0000] {dag.py:2585} INFO - Sync 1 DAGs
[2022-11-22T19:47:18.051+0000] {logging_mixin.py:137} INFO - [2022-11-22T19:47:18.051+0000] {dag.py:3340} INFO - Setting next_dagrun for example_xcom to 2021-01-01T00:00:00+00:00, run_after=2021-01-01T00:00:00+00:00
[2022-11-22T19:47:18.065+0000] {processor.py:176} INFO - Processing /home/airflow/.local/lib/python3.7/site-packages/airflow/example_dags/example_xcom.py took 0.091 seconds
[2022-11-22T19:47:48.779+0000] {processor.py:154} INFO - Started process (PID=2611) to work on /home/airflow/.local/lib/python3.7/site-packages/airflow/example_dags/example_xcom.py
[2022-11-22T19:47:48.781+0000] {processor.py:756} INFO - Processing file /home/airflow/.local/lib/python3.7/site-packages/airflow/example_dags/example_xcom.py for tasks to queue
[2022-11-22T19:47:48.782+0000] {logging_mixin.py:137} INFO - [2022-11-22T19:47:48.781+0000] {dagbag.py:537} INFO - Filling up the DagBag from /home/airflow/.local/lib/python3.7/site-packages/airflow/example_dags/example_xcom.py
[2022-11-22T19:47:48.798+0000] {processor.py:766} INFO - DAG(s) dict_keys(['example_xcom']) retrieved from /home/airflow/.local/lib/python3.7/site-packages/airflow/example_dags/example_xcom.py
[2022-11-22T19:47:48.826+0000] {logging_mixin.py:137} INFO - [2022-11-22T19:47:48.826+0000] {dag.py:2585} INFO - Sync 1 DAGs
[2022-11-22T19:47:48.843+0000] {logging_mixin.py:137} INFO - [2022-11-22T19:47:48.842+0000] {dag.py:3340} INFO - Setting next_dagrun for example_xcom to 2021-01-01T00:00:00+00:00, run_after=2021-01-01T00:00:00+00:00
[2022-11-22T19:47:48.856+0000] {processor.py:176} INFO - Processing /home/airflow/.local/lib/python3.7/site-packages/airflow/example_dags/example_xcom.py took 0.079 seconds
[2022-11-22T19:48:19.908+0000] {processor.py:154} INFO - Started process (PID=2673) to work on /home/airflow/.local/lib/python3.7/site-packages/airflow/example_dags/example_xcom.py
[2022-11-22T19:48:19.911+0000] {processor.py:756} INFO - Processing file /home/airflow/.local/lib/python3.7/site-packages/airflow/example_dags/example_xcom.py for tasks to queue
[2022-11-22T19:48:19.912+0000] {logging_mixin.py:137} INFO - [2022-11-22T19:48:19.912+0000] {dagbag.py:537} INFO - Filling up the DagBag from /home/airflow/.local/lib/python3.7/site-packages/airflow/example_dags/example_xcom.py
[2022-11-22T19:48:19.927+0000] {processor.py:766} INFO - DAG(s) dict_keys(['example_xcom']) retrieved from /home/airflow/.local/lib/python3.7/site-packages/airflow/example_dags/example_xcom.py
[2022-11-22T19:48:19.957+0000] {logging_mixin.py:137} INFO - [2022-11-22T19:48:19.957+0000] {dag.py:2585} INFO - Sync 1 DAGs
[2022-11-22T19:48:19.973+0000] {logging_mixin.py:137} INFO - [2022-11-22T19:48:19.973+0000] {dag.py:3340} INFO - Setting next_dagrun for example_xcom to 2021-01-01T00:00:00+00:00, run_after=2021-01-01T00:00:00+00:00
[2022-11-22T19:48:19.990+0000] {processor.py:176} INFO - Processing /home/airflow/.local/lib/python3.7/site-packages/airflow/example_dags/example_xcom.py took 0.086 seconds
[2022-11-22T19:48:50.854+0000] {processor.py:154} INFO - Started process (PID=2736) to work on /home/airflow/.local/lib/python3.7/site-packages/airflow/example_dags/example_xcom.py
[2022-11-22T19:48:50.856+0000] {processor.py:756} INFO - Processing file /home/airflow/.local/lib/python3.7/site-packages/airflow/example_dags/example_xcom.py for tasks to queue
[2022-11-22T19:48:50.857+0000] {logging_mixin.py:137} INFO - [2022-11-22T19:48:50.857+0000] {dagbag.py:537} INFO - Filling up the DagBag from /home/airflow/.local/lib/python3.7/site-packages/airflow/example_dags/example_xcom.py
[2022-11-22T19:48:50.871+0000] {processor.py:766} INFO - DAG(s) dict_keys(['example_xcom']) retrieved from /home/airflow/.local/lib/python3.7/site-packages/airflow/example_dags/example_xcom.py
[2022-11-22T19:48:50.898+0000] {logging_mixin.py:137} INFO - [2022-11-22T19:48:50.898+0000] {dag.py:2585} INFO - Sync 1 DAGs
[2022-11-22T19:48:50.912+0000] {logging_mixin.py:137} INFO - [2022-11-22T19:48:50.912+0000] {dag.py:3340} INFO - Setting next_dagrun for example_xcom to 2021-01-01T00:00:00+00:00, run_after=2021-01-01T00:00:00+00:00
[2022-11-22T19:48:50.926+0000] {processor.py:176} INFO - Processing /home/airflow/.local/lib/python3.7/site-packages/airflow/example_dags/example_xcom.py took 0.075 seconds
[2022-11-22T19:49:21.036+0000] {processor.py:154} INFO - Started process (PID=2790) to work on /home/airflow/.local/lib/python3.7/site-packages/airflow/example_dags/example_xcom.py
[2022-11-22T19:49:21.037+0000] {processor.py:756} INFO - Processing file /home/airflow/.local/lib/python3.7/site-packages/airflow/example_dags/example_xcom.py for tasks to queue
[2022-11-22T19:49:21.038+0000] {logging_mixin.py:137} INFO - [2022-11-22T19:49:21.038+0000] {dagbag.py:537} INFO - Filling up the DagBag from /home/airflow/.local/lib/python3.7/site-packages/airflow/example_dags/example_xcom.py
[2022-11-22T19:49:21.052+0000] {processor.py:766} INFO - DAG(s) dict_keys(['example_xcom']) retrieved from /home/airflow/.local/lib/python3.7/site-packages/airflow/example_dags/example_xcom.py
[2022-11-22T19:49:21.076+0000] {logging_mixin.py:137} INFO - [2022-11-22T19:49:21.076+0000] {dag.py:2585} INFO - Sync 1 DAGs
[2022-11-22T19:49:21.091+0000] {logging_mixin.py:137} INFO - [2022-11-22T19:49:21.091+0000] {dag.py:3340} INFO - Setting next_dagrun for example_xcom to 2021-01-01T00:00:00+00:00, run_after=2021-01-01T00:00:00+00:00
[2022-11-22T19:49:21.102+0000] {processor.py:176} INFO - Processing /home/airflow/.local/lib/python3.7/site-packages/airflow/example_dags/example_xcom.py took 0.069 seconds
[2022-11-22T19:49:51.848+0000] {processor.py:154} INFO - Started process (PID=2853) to work on /home/airflow/.local/lib/python3.7/site-packages/airflow/example_dags/example_xcom.py
[2022-11-22T19:49:51.850+0000] {processor.py:756} INFO - Processing file /home/airflow/.local/lib/python3.7/site-packages/airflow/example_dags/example_xcom.py for tasks to queue
[2022-11-22T19:49:51.851+0000] {logging_mixin.py:137} INFO - [2022-11-22T19:49:51.851+0000] {dagbag.py:537} INFO - Filling up the DagBag from /home/airflow/.local/lib/python3.7/site-packages/airflow/example_dags/example_xcom.py
[2022-11-22T19:49:51.867+0000] {processor.py:766} INFO - DAG(s) dict_keys(['example_xcom']) retrieved from /home/airflow/.local/lib/python3.7/site-packages/airflow/example_dags/example_xcom.py
[2022-11-22T19:49:51.893+0000] {logging_mixin.py:137} INFO - [2022-11-22T19:49:51.893+0000] {dag.py:2585} INFO - Sync 1 DAGs
[2022-11-22T19:49:51.908+0000] {logging_mixin.py:137} INFO - [2022-11-22T19:49:51.908+0000] {dag.py:3340} INFO - Setting next_dagrun for example_xcom to 2021-01-01T00:00:00+00:00, run_after=2021-01-01T00:00:00+00:00
[2022-11-22T19:49:51.919+0000] {processor.py:176} INFO - Processing /home/airflow/.local/lib/python3.7/site-packages/airflow/example_dags/example_xcom.py took 0.074 seconds
[2022-11-22T19:50:22.842+0000] {processor.py:154} INFO - Started process (PID=2917) to work on /home/airflow/.local/lib/python3.7/site-packages/airflow/example_dags/example_xcom.py
[2022-11-22T19:50:22.843+0000] {processor.py:756} INFO - Processing file /home/airflow/.local/lib/python3.7/site-packages/airflow/example_dags/example_xcom.py for tasks to queue
[2022-11-22T19:50:22.844+0000] {logging_mixin.py:137} INFO - [2022-11-22T19:50:22.844+0000] {dagbag.py:537} INFO - Filling up the DagBag from /home/airflow/.local/lib/python3.7/site-packages/airflow/example_dags/example_xcom.py
[2022-11-22T19:50:22.858+0000] {processor.py:766} INFO - DAG(s) dict_keys(['example_xcom']) retrieved from /home/airflow/.local/lib/python3.7/site-packages/airflow/example_dags/example_xcom.py
[2022-11-22T19:50:22.884+0000] {logging_mixin.py:137} INFO - [2022-11-22T19:50:22.884+0000] {dag.py:2585} INFO - Sync 1 DAGs
[2022-11-22T19:50:22.903+0000] {logging_mixin.py:137} INFO - [2022-11-22T19:50:22.903+0000] {dag.py:3340} INFO - Setting next_dagrun for example_xcom to 2021-01-01T00:00:00+00:00, run_after=2021-01-01T00:00:00+00:00
[2022-11-22T19:50:22.915+0000] {processor.py:176} INFO - Processing /home/airflow/.local/lib/python3.7/site-packages/airflow/example_dags/example_xcom.py took 0.076 seconds
[2022-11-22T19:50:53.308+0000] {processor.py:154} INFO - Started process (PID=2980) to work on /home/airflow/.local/lib/python3.7/site-packages/airflow/example_dags/example_xcom.py
[2022-11-22T19:50:53.310+0000] {processor.py:756} INFO - Processing file /home/airflow/.local/lib/python3.7/site-packages/airflow/example_dags/example_xcom.py for tasks to queue
[2022-11-22T19:50:53.311+0000] {logging_mixin.py:137} INFO - [2022-11-22T19:50:53.311+0000] {dagbag.py:537} INFO - Filling up the DagBag from /home/airflow/.local/lib/python3.7/site-packages/airflow/example_dags/example_xcom.py
[2022-11-22T19:50:53.324+0000] {processor.py:766} INFO - DAG(s) dict_keys(['example_xcom']) retrieved from /home/airflow/.local/lib/python3.7/site-packages/airflow/example_dags/example_xcom.py
[2022-11-22T19:50:53.351+0000] {logging_mixin.py:137} INFO - [2022-11-22T19:50:53.351+0000] {dag.py:2585} INFO - Sync 1 DAGs
[2022-11-22T19:50:53.367+0000] {logging_mixin.py:137} INFO - [2022-11-22T19:50:53.367+0000] {dag.py:3340} INFO - Setting next_dagrun for example_xcom to 2021-01-01T00:00:00+00:00, run_after=2021-01-01T00:00:00+00:00
[2022-11-22T19:50:53.379+0000] {processor.py:176} INFO - Processing /home/airflow/.local/lib/python3.7/site-packages/airflow/example_dags/example_xcom.py took 0.074 seconds
[2022-11-22T19:51:24.150+0000] {processor.py:154} INFO - Started process (PID=3043) to work on /home/airflow/.local/lib/python3.7/site-packages/airflow/example_dags/example_xcom.py
[2022-11-22T19:51:24.152+0000] {processor.py:756} INFO - Processing file /home/airflow/.local/lib/python3.7/site-packages/airflow/example_dags/example_xcom.py for tasks to queue
[2022-11-22T19:51:24.153+0000] {logging_mixin.py:137} INFO - [2022-11-22T19:51:24.153+0000] {dagbag.py:537} INFO - Filling up the DagBag from /home/airflow/.local/lib/python3.7/site-packages/airflow/example_dags/example_xcom.py
[2022-11-22T19:51:24.166+0000] {processor.py:766} INFO - DAG(s) dict_keys(['example_xcom']) retrieved from /home/airflow/.local/lib/python3.7/site-packages/airflow/example_dags/example_xcom.py
[2022-11-22T19:51:24.193+0000] {logging_mixin.py:137} INFO - [2022-11-22T19:51:24.192+0000] {dag.py:2585} INFO - Sync 1 DAGs
[2022-11-22T19:51:24.207+0000] {logging_mixin.py:137} INFO - [2022-11-22T19:51:24.207+0000] {dag.py:3340} INFO - Setting next_dagrun for example_xcom to 2021-01-01T00:00:00+00:00, run_after=2021-01-01T00:00:00+00:00
[2022-11-22T19:51:24.217+0000] {processor.py:176} INFO - Processing /home/airflow/.local/lib/python3.7/site-packages/airflow/example_dags/example_xcom.py took 0.072 seconds
[2022-11-22T19:51:54.973+0000] {processor.py:154} INFO - Started process (PID=3097) to work on /home/airflow/.local/lib/python3.7/site-packages/airflow/example_dags/example_xcom.py
[2022-11-22T19:51:54.975+0000] {processor.py:756} INFO - Processing file /home/airflow/.local/lib/python3.7/site-packages/airflow/example_dags/example_xcom.py for tasks to queue
[2022-11-22T19:51:54.977+0000] {logging_mixin.py:137} INFO - [2022-11-22T19:51:54.977+0000] {dagbag.py:537} INFO - Filling up the DagBag from /home/airflow/.local/lib/python3.7/site-packages/airflow/example_dags/example_xcom.py
[2022-11-22T19:51:54.992+0000] {processor.py:766} INFO - DAG(s) dict_keys(['example_xcom']) retrieved from /home/airflow/.local/lib/python3.7/site-packages/airflow/example_dags/example_xcom.py
[2022-11-22T19:51:55.020+0000] {logging_mixin.py:137} INFO - [2022-11-22T19:51:55.019+0000] {dag.py:2585} INFO - Sync 1 DAGs
[2022-11-22T19:51:55.038+0000] {logging_mixin.py:137} INFO - [2022-11-22T19:51:55.038+0000] {dag.py:3340} INFO - Setting next_dagrun for example_xcom to 2021-01-01T00:00:00+00:00, run_after=2021-01-01T00:00:00+00:00
[2022-11-22T19:51:55.051+0000] {processor.py:176} INFO - Processing /home/airflow/.local/lib/python3.7/site-packages/airflow/example_dags/example_xcom.py took 0.080 seconds
[2022-11-22T19:52:26.089+0000] {processor.py:154} INFO - Started process (PID=3159) to work on /home/airflow/.local/lib/python3.7/site-packages/airflow/example_dags/example_xcom.py
[2022-11-22T19:52:26.090+0000] {processor.py:756} INFO - Processing file /home/airflow/.local/lib/python3.7/site-packages/airflow/example_dags/example_xcom.py for tasks to queue
[2022-11-22T19:52:26.092+0000] {logging_mixin.py:137} INFO - [2022-11-22T19:52:26.092+0000] {dagbag.py:537} INFO - Filling up the DagBag from /home/airflow/.local/lib/python3.7/site-packages/airflow/example_dags/example_xcom.py
[2022-11-22T19:52:26.107+0000] {processor.py:766} INFO - DAG(s) dict_keys(['example_xcom']) retrieved from /home/airflow/.local/lib/python3.7/site-packages/airflow/example_dags/example_xcom.py
[2022-11-22T19:52:26.141+0000] {logging_mixin.py:137} INFO - [2022-11-22T19:52:26.140+0000] {dag.py:2585} INFO - Sync 1 DAGs
[2022-11-22T19:52:26.156+0000] {logging_mixin.py:137} INFO - [2022-11-22T19:52:26.156+0000] {dag.py:3340} INFO - Setting next_dagrun for example_xcom to 2021-01-01T00:00:00+00:00, run_after=2021-01-01T00:00:00+00:00
[2022-11-22T19:52:26.167+0000] {processor.py:176} INFO - Processing /home/airflow/.local/lib/python3.7/site-packages/airflow/example_dags/example_xcom.py took 0.081 seconds
[2022-11-22T19:52:57.218+0000] {processor.py:154} INFO - Started process (PID=3221) to work on /home/airflow/.local/lib/python3.7/site-packages/airflow/example_dags/example_xcom.py
[2022-11-22T19:52:57.219+0000] {processor.py:756} INFO - Processing file /home/airflow/.local/lib/python3.7/site-packages/airflow/example_dags/example_xcom.py for tasks to queue
[2022-11-22T19:52:57.220+0000] {logging_mixin.py:137} INFO - [2022-11-22T19:52:57.220+0000] {dagbag.py:537} INFO - Filling up the DagBag from /home/airflow/.local/lib/python3.7/site-packages/airflow/example_dags/example_xcom.py
[2022-11-22T19:52:57.236+0000] {processor.py:766} INFO - DAG(s) dict_keys(['example_xcom']) retrieved from /home/airflow/.local/lib/python3.7/site-packages/airflow/example_dags/example_xcom.py
[2022-11-22T19:52:57.263+0000] {logging_mixin.py:137} INFO - [2022-11-22T19:52:57.263+0000] {dag.py:2585} INFO - Sync 1 DAGs
[2022-11-22T19:52:57.278+0000] {logging_mixin.py:137} INFO - [2022-11-22T19:52:57.278+0000] {dag.py:3340} INFO - Setting next_dagrun for example_xcom to 2021-01-01T00:00:00+00:00, run_after=2021-01-01T00:00:00+00:00
[2022-11-22T19:52:57.290+0000] {processor.py:176} INFO - Processing /home/airflow/.local/lib/python3.7/site-packages/airflow/example_dags/example_xcom.py took 0.075 seconds
[2022-11-22T19:53:28.309+0000] {processor.py:154} INFO - Started process (PID=3284) to work on /home/airflow/.local/lib/python3.7/site-packages/airflow/example_dags/example_xcom.py
[2022-11-22T19:53:28.311+0000] {processor.py:756} INFO - Processing file /home/airflow/.local/lib/python3.7/site-packages/airflow/example_dags/example_xcom.py for tasks to queue
[2022-11-22T19:53:28.312+0000] {logging_mixin.py:137} INFO - [2022-11-22T19:53:28.311+0000] {dagbag.py:537} INFO - Filling up the DagBag from /home/airflow/.local/lib/python3.7/site-packages/airflow/example_dags/example_xcom.py
[2022-11-22T19:53:28.326+0000] {processor.py:766} INFO - DAG(s) dict_keys(['example_xcom']) retrieved from /home/airflow/.local/lib/python3.7/site-packages/airflow/example_dags/example_xcom.py
[2022-11-22T19:53:28.353+0000] {logging_mixin.py:137} INFO - [2022-11-22T19:53:28.353+0000] {dag.py:2585} INFO - Sync 1 DAGs
[2022-11-22T19:53:28.367+0000] {logging_mixin.py:137} INFO - [2022-11-22T19:53:28.367+0000] {dag.py:3340} INFO - Setting next_dagrun for example_xcom to 2021-01-01T00:00:00+00:00, run_after=2021-01-01T00:00:00+00:00
[2022-11-22T19:53:28.378+0000] {processor.py:176} INFO - Processing /home/airflow/.local/lib/python3.7/site-packages/airflow/example_dags/example_xcom.py took 0.071 seconds
[2022-11-22T19:53:58.962+0000] {processor.py:154} INFO - Started process (PID=3347) to work on /home/airflow/.local/lib/python3.7/site-packages/airflow/example_dags/example_xcom.py
[2022-11-22T19:53:58.964+0000] {processor.py:756} INFO - Processing file /home/airflow/.local/lib/python3.7/site-packages/airflow/example_dags/example_xcom.py for tasks to queue
[2022-11-22T19:53:58.965+0000] {logging_mixin.py:137} INFO - [2022-11-22T19:53:58.965+0000] {dagbag.py:537} INFO - Filling up the DagBag from /home/airflow/.local/lib/python3.7/site-packages/airflow/example_dags/example_xcom.py
[2022-11-22T19:53:58.994+0000] {processor.py:766} INFO - DAG(s) dict_keys(['example_xcom']) retrieved from /home/airflow/.local/lib/python3.7/site-packages/airflow/example_dags/example_xcom.py
[2022-11-22T19:53:59.036+0000] {logging_mixin.py:137} INFO - [2022-11-22T19:53:59.036+0000] {dag.py:2585} INFO - Sync 1 DAGs
[2022-11-22T19:53:59.056+0000] {logging_mixin.py:137} INFO - [2022-11-22T19:53:59.056+0000] {dag.py:3340} INFO - Setting next_dagrun for example_xcom to 2021-01-01T00:00:00+00:00, run_after=2021-01-01T00:00:00+00:00
[2022-11-22T19:53:59.074+0000] {processor.py:176} INFO - Processing /home/airflow/.local/lib/python3.7/site-packages/airflow/example_dags/example_xcom.py took 0.114 seconds
[2022-11-22T19:54:30.201+0000] {processor.py:154} INFO - Started process (PID=3401) to work on /home/airflow/.local/lib/python3.7/site-packages/airflow/example_dags/example_xcom.py
[2022-11-22T19:54:30.202+0000] {processor.py:756} INFO - Processing file /home/airflow/.local/lib/python3.7/site-packages/airflow/example_dags/example_xcom.py for tasks to queue
[2022-11-22T19:54:30.203+0000] {logging_mixin.py:137} INFO - [2022-11-22T19:54:30.203+0000] {dagbag.py:537} INFO - Filling up the DagBag from /home/airflow/.local/lib/python3.7/site-packages/airflow/example_dags/example_xcom.py
[2022-11-22T19:54:30.217+0000] {processor.py:766} INFO - DAG(s) dict_keys(['example_xcom']) retrieved from /home/airflow/.local/lib/python3.7/site-packages/airflow/example_dags/example_xcom.py
[2022-11-22T19:54:30.243+0000] {logging_mixin.py:137} INFO - [2022-11-22T19:54:30.243+0000] {dag.py:2585} INFO - Sync 1 DAGs
[2022-11-22T19:54:30.258+0000] {logging_mixin.py:137} INFO - [2022-11-22T19:54:30.258+0000] {dag.py:3340} INFO - Setting next_dagrun for example_xcom to 2021-01-01T00:00:00+00:00, run_after=2021-01-01T00:00:00+00:00
[2022-11-22T19:54:30.268+0000] {processor.py:176} INFO - Processing /home/airflow/.local/lib/python3.7/site-packages/airflow/example_dags/example_xcom.py took 0.070 seconds
[2022-11-22T19:55:00.687+0000] {processor.py:154} INFO - Started process (PID=3463) to work on /home/airflow/.local/lib/python3.7/site-packages/airflow/example_dags/example_xcom.py
[2022-11-22T19:55:00.689+0000] {processor.py:756} INFO - Processing file /home/airflow/.local/lib/python3.7/site-packages/airflow/example_dags/example_xcom.py for tasks to queue
[2022-11-22T19:55:00.690+0000] {logging_mixin.py:137} INFO - [2022-11-22T19:55:00.690+0000] {dagbag.py:537} INFO - Filling up the DagBag from /home/airflow/.local/lib/python3.7/site-packages/airflow/example_dags/example_xcom.py
[2022-11-22T19:55:00.704+0000] {processor.py:766} INFO - DAG(s) dict_keys(['example_xcom']) retrieved from /home/airflow/.local/lib/python3.7/site-packages/airflow/example_dags/example_xcom.py
[2022-11-22T19:55:00.733+0000] {logging_mixin.py:137} INFO - [2022-11-22T19:55:00.733+0000] {dag.py:2585} INFO - Sync 1 DAGs
[2022-11-22T19:55:00.748+0000] {logging_mixin.py:137} INFO - [2022-11-22T19:55:00.747+0000] {dag.py:3340} INFO - Setting next_dagrun for example_xcom to 2021-01-01T00:00:00+00:00, run_after=2021-01-01T00:00:00+00:00
[2022-11-22T19:55:00.762+0000] {processor.py:176} INFO - Processing /home/airflow/.local/lib/python3.7/site-packages/airflow/example_dags/example_xcom.py took 0.078 seconds
[2022-11-22T19:55:31.691+0000] {processor.py:154} INFO - Started process (PID=3526) to work on /home/airflow/.local/lib/python3.7/site-packages/airflow/example_dags/example_xcom.py
[2022-11-22T19:55:31.694+0000] {processor.py:756} INFO - Processing file /home/airflow/.local/lib/python3.7/site-packages/airflow/example_dags/example_xcom.py for tasks to queue
[2022-11-22T19:55:31.696+0000] {logging_mixin.py:137} INFO - [2022-11-22T19:55:31.696+0000] {dagbag.py:537} INFO - Filling up the DagBag from /home/airflow/.local/lib/python3.7/site-packages/airflow/example_dags/example_xcom.py
[2022-11-22T19:55:31.715+0000] {processor.py:766} INFO - DAG(s) dict_keys(['example_xcom']) retrieved from /home/airflow/.local/lib/python3.7/site-packages/airflow/example_dags/example_xcom.py
[2022-11-22T19:55:31.746+0000] {logging_mixin.py:137} INFO - [2022-11-22T19:55:31.746+0000] {dag.py:2585} INFO - Sync 1 DAGs
[2022-11-22T19:55:31.769+0000] {logging_mixin.py:137} INFO - [2022-11-22T19:55:31.769+0000] {dag.py:3340} INFO - Setting next_dagrun for example_xcom to 2021-01-01T00:00:00+00:00, run_after=2021-01-01T00:00:00+00:00
[2022-11-22T19:55:31.783+0000] {processor.py:176} INFO - Processing /home/airflow/.local/lib/python3.7/site-packages/airflow/example_dags/example_xcom.py took 0.095 seconds
[2022-11-22T19:56:02.195+0000] {processor.py:154} INFO - Started process (PID=3590) to work on /home/airflow/.local/lib/python3.7/site-packages/airflow/example_dags/example_xcom.py
[2022-11-22T19:56:02.197+0000] {processor.py:756} INFO - Processing file /home/airflow/.local/lib/python3.7/site-packages/airflow/example_dags/example_xcom.py for tasks to queue
[2022-11-22T19:56:02.198+0000] {logging_mixin.py:137} INFO - [2022-11-22T19:56:02.198+0000] {dagbag.py:537} INFO - Filling up the DagBag from /home/airflow/.local/lib/python3.7/site-packages/airflow/example_dags/example_xcom.py
[2022-11-22T19:56:02.256+0000] {processor.py:766} INFO - DAG(s) dict_keys(['example_xcom']) retrieved from /home/airflow/.local/lib/python3.7/site-packages/airflow/example_dags/example_xcom.py
[2022-11-22T19:56:02.303+0000] {logging_mixin.py:137} INFO - [2022-11-22T19:56:02.303+0000] {dag.py:2585} INFO - Sync 1 DAGs
[2022-11-22T19:56:02.324+0000] {logging_mixin.py:137} INFO - [2022-11-22T19:56:02.323+0000] {dag.py:3340} INFO - Setting next_dagrun for example_xcom to 2021-01-01T00:00:00+00:00, run_after=2021-01-01T00:00:00+00:00
[2022-11-22T19:56:02.338+0000] {processor.py:176} INFO - Processing /home/airflow/.local/lib/python3.7/site-packages/airflow/example_dags/example_xcom.py took 0.161 seconds
[2022-11-22T19:56:32.786+0000] {processor.py:154} INFO - Started process (PID=3643) to work on /home/airflow/.local/lib/python3.7/site-packages/airflow/example_dags/example_xcom.py
[2022-11-22T19:56:32.787+0000] {processor.py:756} INFO - Processing file /home/airflow/.local/lib/python3.7/site-packages/airflow/example_dags/example_xcom.py for tasks to queue
[2022-11-22T19:56:32.788+0000] {logging_mixin.py:137} INFO - [2022-11-22T19:56:32.788+0000] {dagbag.py:537} INFO - Filling up the DagBag from /home/airflow/.local/lib/python3.7/site-packages/airflow/example_dags/example_xcom.py
[2022-11-22T19:56:32.802+0000] {processor.py:766} INFO - DAG(s) dict_keys(['example_xcom']) retrieved from /home/airflow/.local/lib/python3.7/site-packages/airflow/example_dags/example_xcom.py
[2022-11-22T19:56:32.838+0000] {logging_mixin.py:137} INFO - [2022-11-22T19:56:32.838+0000] {dag.py:2585} INFO - Sync 1 DAGs
[2022-11-22T19:56:32.862+0000] {logging_mixin.py:137} INFO - [2022-11-22T19:56:32.862+0000] {dag.py:3340} INFO - Setting next_dagrun for example_xcom to 2021-01-01T00:00:00+00:00, run_after=2021-01-01T00:00:00+00:00
[2022-11-22T19:56:32.885+0000] {processor.py:176} INFO - Processing /home/airflow/.local/lib/python3.7/site-packages/airflow/example_dags/example_xcom.py took 0.102 seconds
[2022-11-22T19:57:03.921+0000] {processor.py:154} INFO - Started process (PID=3706) to work on /home/airflow/.local/lib/python3.7/site-packages/airflow/example_dags/example_xcom.py
[2022-11-22T19:57:03.923+0000] {processor.py:756} INFO - Processing file /home/airflow/.local/lib/python3.7/site-packages/airflow/example_dags/example_xcom.py for tasks to queue
[2022-11-22T19:57:03.924+0000] {logging_mixin.py:137} INFO - [2022-11-22T19:57:03.924+0000] {dagbag.py:537} INFO - Filling up the DagBag from /home/airflow/.local/lib/python3.7/site-packages/airflow/example_dags/example_xcom.py
[2022-11-22T19:57:03.943+0000] {processor.py:766} INFO - DAG(s) dict_keys(['example_xcom']) retrieved from /home/airflow/.local/lib/python3.7/site-packages/airflow/example_dags/example_xcom.py
[2022-11-22T19:57:03.985+0000] {logging_mixin.py:137} INFO - [2022-11-22T19:57:03.985+0000] {dag.py:2585} INFO - Sync 1 DAGs
[2022-11-22T19:57:04.010+0000] {logging_mixin.py:137} INFO - [2022-11-22T19:57:04.009+0000] {dag.py:3340} INFO - Setting next_dagrun for example_xcom to 2021-01-01T00:00:00+00:00, run_after=2021-01-01T00:00:00+00:00
[2022-11-22T19:57:04.032+0000] {processor.py:176} INFO - Processing /home/airflow/.local/lib/python3.7/site-packages/airflow/example_dags/example_xcom.py took 0.114 seconds
[2022-11-22T20:30:50.223+0000] {processor.py:154} INFO - Started process (PID=3770) to work on /home/airflow/.local/lib/python3.7/site-packages/airflow/example_dags/example_xcom.py
[2022-11-22T20:30:50.239+0000] {processor.py:756} INFO - Processing file /home/airflow/.local/lib/python3.7/site-packages/airflow/example_dags/example_xcom.py for tasks to queue
[2022-11-22T20:30:50.249+0000] {logging_mixin.py:137} INFO - [2022-11-22T20:30:50.248+0000] {dagbag.py:537} INFO - Filling up the DagBag from /home/airflow/.local/lib/python3.7/site-packages/airflow/example_dags/example_xcom.py
[2022-11-22T20:30:50.388+0000] {processor.py:766} INFO - DAG(s) dict_keys(['example_xcom']) retrieved from /home/airflow/.local/lib/python3.7/site-packages/airflow/example_dags/example_xcom.py
[2022-11-22T20:30:50.607+0000] {logging_mixin.py:137} INFO - [2022-11-22T20:30:50.607+0000] {dag.py:2585} INFO - Sync 1 DAGs
[2022-11-22T20:30:50.747+0000] {logging_mixin.py:137} INFO - [2022-11-22T20:30:50.747+0000] {dag.py:3340} INFO - Setting next_dagrun for example_xcom to 2021-01-01T00:00:00+00:00, run_after=2021-01-01T00:00:00+00:00
[2022-11-22T20:30:50.812+0000] {processor.py:176} INFO - Processing /home/airflow/.local/lib/python3.7/site-packages/airflow/example_dags/example_xcom.py took 0.597 seconds
[2022-11-22T21:34:47.342+0000] {processor.py:154} INFO - Started process (PID=3824) to work on /home/airflow/.local/lib/python3.7/site-packages/airflow/example_dags/example_xcom.py
[2022-11-22T21:34:47.344+0000] {processor.py:756} INFO - Processing file /home/airflow/.local/lib/python3.7/site-packages/airflow/example_dags/example_xcom.py for tasks to queue
[2022-11-22T21:34:47.345+0000] {logging_mixin.py:137} INFO - [2022-11-22T21:34:47.345+0000] {dagbag.py:537} INFO - Filling up the DagBag from /home/airflow/.local/lib/python3.7/site-packages/airflow/example_dags/example_xcom.py
[2022-11-22T21:34:47.367+0000] {processor.py:766} INFO - DAG(s) dict_keys(['example_xcom']) retrieved from /home/airflow/.local/lib/python3.7/site-packages/airflow/example_dags/example_xcom.py
[2022-11-22T21:34:47.403+0000] {logging_mixin.py:137} INFO - [2022-11-22T21:34:47.403+0000] {dag.py:2585} INFO - Sync 1 DAGs
[2022-11-22T21:34:47.422+0000] {logging_mixin.py:137} INFO - [2022-11-22T21:34:47.422+0000] {dag.py:3340} INFO - Setting next_dagrun for example_xcom to 2021-01-01T00:00:00+00:00, run_after=2021-01-01T00:00:00+00:00
[2022-11-22T21:34:47.433+0000] {processor.py:176} INFO - Processing /home/airflow/.local/lib/python3.7/site-packages/airflow/example_dags/example_xcom.py took 0.095 seconds
[2022-11-22T22:39:28.125+0000] {processor.py:154} INFO - Started process (PID=3888) to work on /home/airflow/.local/lib/python3.7/site-packages/airflow/example_dags/example_xcom.py
[2022-11-22T22:39:28.127+0000] {processor.py:756} INFO - Processing file /home/airflow/.local/lib/python3.7/site-packages/airflow/example_dags/example_xcom.py for tasks to queue
[2022-11-22T22:39:28.129+0000] {logging_mixin.py:137} INFO - [2022-11-22T22:39:28.129+0000] {dagbag.py:537} INFO - Filling up the DagBag from /home/airflow/.local/lib/python3.7/site-packages/airflow/example_dags/example_xcom.py
[2022-11-22T22:39:28.151+0000] {processor.py:766} INFO - DAG(s) dict_keys(['example_xcom']) retrieved from /home/airflow/.local/lib/python3.7/site-packages/airflow/example_dags/example_xcom.py
[2022-11-22T22:39:28.186+0000] {logging_mixin.py:137} INFO - [2022-11-22T22:39:28.186+0000] {dag.py:2585} INFO - Sync 1 DAGs
[2022-11-22T22:39:28.202+0000] {logging_mixin.py:137} INFO - [2022-11-22T22:39:28.202+0000] {dag.py:3340} INFO - Setting next_dagrun for example_xcom to 2021-01-01T00:00:00+00:00, run_after=2021-01-01T00:00:00+00:00
[2022-11-22T22:39:28.213+0000] {processor.py:176} INFO - Processing /home/airflow/.local/lib/python3.7/site-packages/airflow/example_dags/example_xcom.py took 0.091 seconds
[2022-11-22T23:47:24.215+0000] {processor.py:154} INFO - Started process (PID=3942) to work on /home/airflow/.local/lib/python3.7/site-packages/airflow/example_dags/example_xcom.py
[2022-11-22T23:47:24.217+0000] {processor.py:756} INFO - Processing file /home/airflow/.local/lib/python3.7/site-packages/airflow/example_dags/example_xcom.py for tasks to queue
[2022-11-22T23:47:24.220+0000] {logging_mixin.py:137} INFO - [2022-11-22T23:47:24.220+0000] {dagbag.py:537} INFO - Filling up the DagBag from /home/airflow/.local/lib/python3.7/site-packages/airflow/example_dags/example_xcom.py
[2022-11-22T23:47:24.245+0000] {processor.py:766} INFO - DAG(s) dict_keys(['example_xcom']) retrieved from /home/airflow/.local/lib/python3.7/site-packages/airflow/example_dags/example_xcom.py
[2022-11-22T23:47:24.285+0000] {logging_mixin.py:137} INFO - [2022-11-22T23:47:24.285+0000] {dag.py:2585} INFO - Sync 1 DAGs
[2022-11-22T23:47:24.313+0000] {logging_mixin.py:137} INFO - [2022-11-22T23:47:24.312+0000] {dag.py:3340} INFO - Setting next_dagrun for example_xcom to 2021-01-01T00:00:00+00:00, run_after=2021-01-01T00:00:00+00:00
[2022-11-22T23:47:24.329+0000] {processor.py:176} INFO - Processing /home/airflow/.local/lib/python3.7/site-packages/airflow/example_dags/example_xcom.py took 0.119 seconds
