[2022-11-22T19:26:26.621+0000] {processor.py:154} INFO - Started process (PID=72) to work on /home/airflow/.local/lib/python3.7/site-packages/airflow/example_dags/example_latest_only.py
[2022-11-22T19:26:26.622+0000] {processor.py:756} INFO - Processing file /home/airflow/.local/lib/python3.7/site-packages/airflow/example_dags/example_latest_only.py for tasks to queue
[2022-11-22T19:26:26.623+0000] {logging_mixin.py:137} INFO - [2022-11-22T19:26:26.623+0000] {dagbag.py:537} INFO - Filling up the DagBag from /home/airflow/.local/lib/python3.7/site-packages/airflow/example_dags/example_latest_only.py
[2022-11-22T19:26:26.634+0000] {processor.py:766} INFO - DAG(s) dict_keys(['latest_only']) retrieved from /home/airflow/.local/lib/python3.7/site-packages/airflow/example_dags/example_latest_only.py
[2022-11-22T19:26:26.716+0000] {logging_mixin.py:137} INFO - [2022-11-22T19:26:26.716+0000] {manager.py:507} INFO - Created Permission View: can delete on DAG:latest_only
[2022-11-22T19:26:26.722+0000] {logging_mixin.py:137} INFO - [2022-11-22T19:26:26.722+0000] {manager.py:507} INFO - Created Permission View: can read on DAG:latest_only
[2022-11-22T19:26:26.726+0000] {logging_mixin.py:137} INFO - [2022-11-22T19:26:26.726+0000] {manager.py:507} INFO - Created Permission View: can edit on DAG:latest_only
[2022-11-22T19:26:26.727+0000] {logging_mixin.py:137} INFO - [2022-11-22T19:26:26.727+0000] {dag.py:2585} INFO - Sync 1 DAGs
[2022-11-22T19:26:26.737+0000] {logging_mixin.py:137} INFO - [2022-11-22T19:26:26.737+0000] {dag.py:2606} INFO - Creating ORM DAG for latest_only
[2022-11-22T19:26:26.746+0000] {logging_mixin.py:137} INFO - [2022-11-22T19:26:26.746+0000] {dag.py:3340} INFO - Setting next_dagrun for latest_only to 2022-11-22T15:26:26.746363+00:00, run_after=2022-11-22T19:26:26.746363+00:00
[2022-11-22T19:26:26.775+0000] {processor.py:176} INFO - Processing /home/airflow/.local/lib/python3.7/site-packages/airflow/example_dags/example_latest_only.py took 0.156 seconds
[2022-11-22T19:26:56.882+0000] {processor.py:154} INFO - Started process (PID=135) to work on /home/airflow/.local/lib/python3.7/site-packages/airflow/example_dags/example_latest_only.py
[2022-11-22T19:26:56.883+0000] {processor.py:756} INFO - Processing file /home/airflow/.local/lib/python3.7/site-packages/airflow/example_dags/example_latest_only.py for tasks to queue
[2022-11-22T19:26:56.884+0000] {logging_mixin.py:137} INFO - [2022-11-22T19:26:56.884+0000] {dagbag.py:537} INFO - Filling up the DagBag from /home/airflow/.local/lib/python3.7/site-packages/airflow/example_dags/example_latest_only.py
[2022-11-22T19:26:56.894+0000] {processor.py:766} INFO - DAG(s) dict_keys(['latest_only']) retrieved from /home/airflow/.local/lib/python3.7/site-packages/airflow/example_dags/example_latest_only.py
[2022-11-22T19:26:56.921+0000] {logging_mixin.py:137} INFO - [2022-11-22T19:26:56.921+0000] {dag.py:2585} INFO - Sync 1 DAGs
[2022-11-22T19:26:56.936+0000] {logging_mixin.py:137} INFO - [2022-11-22T19:26:56.936+0000] {dag.py:3340} INFO - Setting next_dagrun for latest_only to 2022-11-22T15:26:56.936019+00:00, run_after=2022-11-22T19:26:56.936019+00:00
[2022-11-22T19:26:56.949+0000] {processor.py:176} INFO - Processing /home/airflow/.local/lib/python3.7/site-packages/airflow/example_dags/example_latest_only.py took 0.070 seconds
[2022-11-22T19:27:27.133+0000] {processor.py:154} INFO - Started process (PID=200) to work on /home/airflow/.local/lib/python3.7/site-packages/airflow/example_dags/example_latest_only.py
[2022-11-22T19:27:27.135+0000] {processor.py:756} INFO - Processing file /home/airflow/.local/lib/python3.7/site-packages/airflow/example_dags/example_latest_only.py for tasks to queue
[2022-11-22T19:27:27.136+0000] {logging_mixin.py:137} INFO - [2022-11-22T19:27:27.136+0000] {dagbag.py:537} INFO - Filling up the DagBag from /home/airflow/.local/lib/python3.7/site-packages/airflow/example_dags/example_latest_only.py
[2022-11-22T19:27:27.146+0000] {processor.py:766} INFO - DAG(s) dict_keys(['latest_only']) retrieved from /home/airflow/.local/lib/python3.7/site-packages/airflow/example_dags/example_latest_only.py
[2022-11-22T19:27:27.176+0000] {logging_mixin.py:137} INFO - [2022-11-22T19:27:27.176+0000] {dag.py:2585} INFO - Sync 1 DAGs
[2022-11-22T19:27:27.193+0000] {logging_mixin.py:137} INFO - [2022-11-22T19:27:27.193+0000] {dag.py:3340} INFO - Setting next_dagrun for latest_only to 2022-11-22T15:27:27.193431+00:00, run_after=2022-11-22T19:27:27.193431+00:00
[2022-11-22T19:27:27.205+0000] {processor.py:176} INFO - Processing /home/airflow/.local/lib/python3.7/site-packages/airflow/example_dags/example_latest_only.py took 0.075 seconds
[2022-11-22T19:27:57.428+0000] {processor.py:154} INFO - Started process (PID=254) to work on /home/airflow/.local/lib/python3.7/site-packages/airflow/example_dags/example_latest_only.py
[2022-11-22T19:27:57.430+0000] {processor.py:756} INFO - Processing file /home/airflow/.local/lib/python3.7/site-packages/airflow/example_dags/example_latest_only.py for tasks to queue
[2022-11-22T19:27:57.431+0000] {logging_mixin.py:137} INFO - [2022-11-22T19:27:57.431+0000] {dagbag.py:537} INFO - Filling up the DagBag from /home/airflow/.local/lib/python3.7/site-packages/airflow/example_dags/example_latest_only.py
[2022-11-22T19:27:57.442+0000] {processor.py:766} INFO - DAG(s) dict_keys(['latest_only']) retrieved from /home/airflow/.local/lib/python3.7/site-packages/airflow/example_dags/example_latest_only.py
[2022-11-22T19:27:57.467+0000] {logging_mixin.py:137} INFO - [2022-11-22T19:27:57.467+0000] {dag.py:2585} INFO - Sync 1 DAGs
[2022-11-22T19:27:57.482+0000] {logging_mixin.py:137} INFO - [2022-11-22T19:27:57.482+0000] {dag.py:3340} INFO - Setting next_dagrun for latest_only to 2022-11-22T15:27:57.482492+00:00, run_after=2022-11-22T19:27:57.482492+00:00
[2022-11-22T19:27:57.492+0000] {processor.py:176} INFO - Processing /home/airflow/.local/lib/python3.7/site-packages/airflow/example_dags/example_latest_only.py took 0.066 seconds
[2022-11-22T19:28:28.238+0000] {processor.py:154} INFO - Started process (PID=316) to work on /home/airflow/.local/lib/python3.7/site-packages/airflow/example_dags/example_latest_only.py
[2022-11-22T19:28:28.240+0000] {processor.py:756} INFO - Processing file /home/airflow/.local/lib/python3.7/site-packages/airflow/example_dags/example_latest_only.py for tasks to queue
[2022-11-22T19:28:28.241+0000] {logging_mixin.py:137} INFO - [2022-11-22T19:28:28.240+0000] {dagbag.py:537} INFO - Filling up the DagBag from /home/airflow/.local/lib/python3.7/site-packages/airflow/example_dags/example_latest_only.py
[2022-11-22T19:28:28.250+0000] {processor.py:766} INFO - DAG(s) dict_keys(['latest_only']) retrieved from /home/airflow/.local/lib/python3.7/site-packages/airflow/example_dags/example_latest_only.py
[2022-11-22T19:28:28.283+0000] {logging_mixin.py:137} INFO - [2022-11-22T19:28:28.282+0000] {dag.py:2585} INFO - Sync 1 DAGs
[2022-11-22T19:28:28.300+0000] {logging_mixin.py:137} INFO - [2022-11-22T19:28:28.300+0000] {dag.py:3340} INFO - Setting next_dagrun for latest_only to 2022-11-22T15:28:28.300699+00:00, run_after=2022-11-22T19:28:28.300699+00:00
[2022-11-22T19:28:28.312+0000] {processor.py:176} INFO - Processing /home/airflow/.local/lib/python3.7/site-packages/airflow/example_dags/example_latest_only.py took 0.077 seconds
[2022-11-22T19:28:58.986+0000] {processor.py:154} INFO - Started process (PID=379) to work on /home/airflow/.local/lib/python3.7/site-packages/airflow/example_dags/example_latest_only.py
[2022-11-22T19:28:58.988+0000] {processor.py:756} INFO - Processing file /home/airflow/.local/lib/python3.7/site-packages/airflow/example_dags/example_latest_only.py for tasks to queue
[2022-11-22T19:28:58.989+0000] {logging_mixin.py:137} INFO - [2022-11-22T19:28:58.989+0000] {dagbag.py:537} INFO - Filling up the DagBag from /home/airflow/.local/lib/python3.7/site-packages/airflow/example_dags/example_latest_only.py
[2022-11-22T19:28:59.001+0000] {processor.py:766} INFO - DAG(s) dict_keys(['latest_only']) retrieved from /home/airflow/.local/lib/python3.7/site-packages/airflow/example_dags/example_latest_only.py
[2022-11-22T19:28:59.030+0000] {logging_mixin.py:137} INFO - [2022-11-22T19:28:59.030+0000] {dag.py:2585} INFO - Sync 1 DAGs
[2022-11-22T19:28:59.053+0000] {logging_mixin.py:137} INFO - [2022-11-22T19:28:59.053+0000] {dag.py:3340} INFO - Setting next_dagrun for latest_only to 2022-11-22T15:28:59.052954+00:00, run_after=2022-11-22T19:28:59.052954+00:00
[2022-11-22T19:28:59.064+0000] {processor.py:176} INFO - Processing /home/airflow/.local/lib/python3.7/site-packages/airflow/example_dags/example_latest_only.py took 0.081 seconds
[2022-11-22T19:29:29.584+0000] {processor.py:154} INFO - Started process (PID=442) to work on /home/airflow/.local/lib/python3.7/site-packages/airflow/example_dags/example_latest_only.py
[2022-11-22T19:29:29.585+0000] {processor.py:756} INFO - Processing file /home/airflow/.local/lib/python3.7/site-packages/airflow/example_dags/example_latest_only.py for tasks to queue
[2022-11-22T19:29:29.586+0000] {logging_mixin.py:137} INFO - [2022-11-22T19:29:29.586+0000] {dagbag.py:537} INFO - Filling up the DagBag from /home/airflow/.local/lib/python3.7/site-packages/airflow/example_dags/example_latest_only.py
[2022-11-22T19:29:29.596+0000] {processor.py:766} INFO - DAG(s) dict_keys(['latest_only']) retrieved from /home/airflow/.local/lib/python3.7/site-packages/airflow/example_dags/example_latest_only.py
[2022-11-22T19:29:29.620+0000] {logging_mixin.py:137} INFO - [2022-11-22T19:29:29.620+0000] {dag.py:2585} INFO - Sync 1 DAGs
[2022-11-22T19:29:29.639+0000] {logging_mixin.py:137} INFO - [2022-11-22T19:29:29.639+0000] {dag.py:3340} INFO - Setting next_dagrun for latest_only to 2022-11-22T15:29:29.639365+00:00, run_after=2022-11-22T19:29:29.639365+00:00
[2022-11-22T19:29:29.652+0000] {processor.py:176} INFO - Processing /home/airflow/.local/lib/python3.7/site-packages/airflow/example_dags/example_latest_only.py took 0.069 seconds
[2022-11-22T19:30:00.994+0000] {processor.py:154} INFO - Started process (PID=504) to work on /home/airflow/.local/lib/python3.7/site-packages/airflow/example_dags/example_latest_only.py
[2022-11-22T19:30:01.000+0000] {processor.py:756} INFO - Processing file /home/airflow/.local/lib/python3.7/site-packages/airflow/example_dags/example_latest_only.py for tasks to queue
[2022-11-22T19:30:01.002+0000] {logging_mixin.py:137} INFO - [2022-11-22T19:30:01.002+0000] {dagbag.py:537} INFO - Filling up the DagBag from /home/airflow/.local/lib/python3.7/site-packages/airflow/example_dags/example_latest_only.py
[2022-11-22T19:30:01.039+0000] {processor.py:766} INFO - DAG(s) dict_keys(['latest_only']) retrieved from /home/airflow/.local/lib/python3.7/site-packages/airflow/example_dags/example_latest_only.py
[2022-11-22T19:30:01.139+0000] {logging_mixin.py:137} INFO - [2022-11-22T19:30:01.139+0000] {dag.py:2585} INFO - Sync 1 DAGs
[2022-11-22T19:30:01.190+0000] {logging_mixin.py:137} INFO - [2022-11-22T19:30:01.190+0000] {dag.py:3340} INFO - Setting next_dagrun for latest_only to 2022-11-22T15:30:01.190101+00:00, run_after=2022-11-22T19:30:01.190101+00:00
[2022-11-22T19:30:01.232+0000] {processor.py:176} INFO - Processing /home/airflow/.local/lib/python3.7/site-packages/airflow/example_dags/example_latest_only.py took 0.249 seconds
[2022-11-22T19:30:32.139+0000] {processor.py:154} INFO - Started process (PID=560) to work on /home/airflow/.local/lib/python3.7/site-packages/airflow/example_dags/example_latest_only.py
[2022-11-22T19:30:32.143+0000] {processor.py:756} INFO - Processing file /home/airflow/.local/lib/python3.7/site-packages/airflow/example_dags/example_latest_only.py for tasks to queue
[2022-11-22T19:30:32.145+0000] {logging_mixin.py:137} INFO - [2022-11-22T19:30:32.145+0000] {dagbag.py:537} INFO - Filling up the DagBag from /home/airflow/.local/lib/python3.7/site-packages/airflow/example_dags/example_latest_only.py
[2022-11-22T19:30:32.157+0000] {processor.py:766} INFO - DAG(s) dict_keys(['latest_only']) retrieved from /home/airflow/.local/lib/python3.7/site-packages/airflow/example_dags/example_latest_only.py
[2022-11-22T19:30:32.191+0000] {logging_mixin.py:137} INFO - [2022-11-22T19:30:32.191+0000] {dag.py:2585} INFO - Sync 1 DAGs
[2022-11-22T19:30:32.220+0000] {logging_mixin.py:137} INFO - [2022-11-22T19:30:32.220+0000] {dag.py:3340} INFO - Setting next_dagrun for latest_only to 2022-11-22T15:30:32.219941+00:00, run_after=2022-11-22T19:30:32.219941+00:00
[2022-11-22T19:30:32.239+0000] {processor.py:176} INFO - Processing /home/airflow/.local/lib/python3.7/site-packages/airflow/example_dags/example_latest_only.py took 0.106 seconds
[2022-11-22T19:31:02.960+0000] {processor.py:154} INFO - Started process (PID=623) to work on /home/airflow/.local/lib/python3.7/site-packages/airflow/example_dags/example_latest_only.py
[2022-11-22T19:31:02.963+0000] {processor.py:756} INFO - Processing file /home/airflow/.local/lib/python3.7/site-packages/airflow/example_dags/example_latest_only.py for tasks to queue
[2022-11-22T19:31:02.965+0000] {logging_mixin.py:137} INFO - [2022-11-22T19:31:02.965+0000] {dagbag.py:537} INFO - Filling up the DagBag from /home/airflow/.local/lib/python3.7/site-packages/airflow/example_dags/example_latest_only.py
[2022-11-22T19:31:02.991+0000] {processor.py:766} INFO - DAG(s) dict_keys(['latest_only']) retrieved from /home/airflow/.local/lib/python3.7/site-packages/airflow/example_dags/example_latest_only.py
[2022-11-22T19:31:03.047+0000] {logging_mixin.py:137} INFO - [2022-11-22T19:31:03.047+0000] {dag.py:2585} INFO - Sync 1 DAGs
[2022-11-22T19:31:03.074+0000] {logging_mixin.py:137} INFO - [2022-11-22T19:31:03.074+0000] {dag.py:3340} INFO - Setting next_dagrun for latest_only to 2022-11-22T15:31:03.073959+00:00, run_after=2022-11-22T19:31:03.073959+00:00
[2022-11-22T19:31:03.094+0000] {processor.py:176} INFO - Processing /home/airflow/.local/lib/python3.7/site-packages/airflow/example_dags/example_latest_only.py took 0.139 seconds
[2022-11-22T19:31:33.860+0000] {processor.py:154} INFO - Started process (PID=687) to work on /home/airflow/.local/lib/python3.7/site-packages/airflow/example_dags/example_latest_only.py
[2022-11-22T19:31:33.862+0000] {processor.py:756} INFO - Processing file /home/airflow/.local/lib/python3.7/site-packages/airflow/example_dags/example_latest_only.py for tasks to queue
[2022-11-22T19:31:33.864+0000] {logging_mixin.py:137} INFO - [2022-11-22T19:31:33.863+0000] {dagbag.py:537} INFO - Filling up the DagBag from /home/airflow/.local/lib/python3.7/site-packages/airflow/example_dags/example_latest_only.py
[2022-11-22T19:31:33.875+0000] {processor.py:766} INFO - DAG(s) dict_keys(['latest_only']) retrieved from /home/airflow/.local/lib/python3.7/site-packages/airflow/example_dags/example_latest_only.py
[2022-11-22T19:31:33.912+0000] {logging_mixin.py:137} INFO - [2022-11-22T19:31:33.912+0000] {dag.py:2585} INFO - Sync 1 DAGs
[2022-11-22T19:31:33.931+0000] {logging_mixin.py:137} INFO - [2022-11-22T19:31:33.931+0000] {dag.py:3340} INFO - Setting next_dagrun for latest_only to 2022-11-22T15:31:33.931710+00:00, run_after=2022-11-22T19:31:33.931710+00:00
[2022-11-22T19:31:33.945+0000] {processor.py:176} INFO - Processing /home/airflow/.local/lib/python3.7/site-packages/airflow/example_dags/example_latest_only.py took 0.088 seconds
[2022-11-22T19:32:04.334+0000] {processor.py:154} INFO - Started process (PID=750) to work on /home/airflow/.local/lib/python3.7/site-packages/airflow/example_dags/example_latest_only.py
[2022-11-22T19:32:04.337+0000] {processor.py:756} INFO - Processing file /home/airflow/.local/lib/python3.7/site-packages/airflow/example_dags/example_latest_only.py for tasks to queue
[2022-11-22T19:32:04.339+0000] {logging_mixin.py:137} INFO - [2022-11-22T19:32:04.339+0000] {dagbag.py:537} INFO - Filling up the DagBag from /home/airflow/.local/lib/python3.7/site-packages/airflow/example_dags/example_latest_only.py
[2022-11-22T19:32:04.359+0000] {processor.py:766} INFO - DAG(s) dict_keys(['latest_only']) retrieved from /home/airflow/.local/lib/python3.7/site-packages/airflow/example_dags/example_latest_only.py
[2022-11-22T19:32:04.402+0000] {logging_mixin.py:137} INFO - [2022-11-22T19:32:04.402+0000] {dag.py:2585} INFO - Sync 1 DAGs
[2022-11-22T19:32:04.423+0000] {logging_mixin.py:137} INFO - [2022-11-22T19:32:04.423+0000] {dag.py:3340} INFO - Setting next_dagrun for latest_only to 2022-11-22T15:32:04.422786+00:00, run_after=2022-11-22T19:32:04.422786+00:00
[2022-11-22T19:32:04.440+0000] {processor.py:176} INFO - Processing /home/airflow/.local/lib/python3.7/site-packages/airflow/example_dags/example_latest_only.py took 0.114 seconds
[2022-11-22T19:32:34.957+0000] {processor.py:154} INFO - Started process (PID=813) to work on /home/airflow/.local/lib/python3.7/site-packages/airflow/example_dags/example_latest_only.py
[2022-11-22T19:32:34.960+0000] {processor.py:756} INFO - Processing file /home/airflow/.local/lib/python3.7/site-packages/airflow/example_dags/example_latest_only.py for tasks to queue
[2022-11-22T19:32:34.964+0000] {logging_mixin.py:137} INFO - [2022-11-22T19:32:34.963+0000] {dagbag.py:537} INFO - Filling up the DagBag from /home/airflow/.local/lib/python3.7/site-packages/airflow/example_dags/example_latest_only.py
[2022-11-22T19:32:34.980+0000] {processor.py:766} INFO - DAG(s) dict_keys(['latest_only']) retrieved from /home/airflow/.local/lib/python3.7/site-packages/airflow/example_dags/example_latest_only.py
[2022-11-22T19:32:35.010+0000] {logging_mixin.py:137} INFO - [2022-11-22T19:32:35.010+0000] {dag.py:2585} INFO - Sync 1 DAGs
[2022-11-22T19:32:35.028+0000] {logging_mixin.py:137} INFO - [2022-11-22T19:32:35.028+0000] {dag.py:3340} INFO - Setting next_dagrun for latest_only to 2022-11-22T15:32:35.027962+00:00, run_after=2022-11-22T19:32:35.027962+00:00
[2022-11-22T19:32:35.045+0000] {processor.py:176} INFO - Processing /home/airflow/.local/lib/python3.7/site-packages/airflow/example_dags/example_latest_only.py took 0.092 seconds
[2022-11-22T19:33:05.856+0000] {processor.py:154} INFO - Started process (PID=867) to work on /home/airflow/.local/lib/python3.7/site-packages/airflow/example_dags/example_latest_only.py
[2022-11-22T19:33:05.858+0000] {processor.py:756} INFO - Processing file /home/airflow/.local/lib/python3.7/site-packages/airflow/example_dags/example_latest_only.py for tasks to queue
[2022-11-22T19:33:05.860+0000] {logging_mixin.py:137} INFO - [2022-11-22T19:33:05.860+0000] {dagbag.py:537} INFO - Filling up the DagBag from /home/airflow/.local/lib/python3.7/site-packages/airflow/example_dags/example_latest_only.py
[2022-11-22T19:33:05.881+0000] {processor.py:766} INFO - DAG(s) dict_keys(['latest_only']) retrieved from /home/airflow/.local/lib/python3.7/site-packages/airflow/example_dags/example_latest_only.py
[2022-11-22T19:33:05.923+0000] {logging_mixin.py:137} INFO - [2022-11-22T19:33:05.923+0000] {dag.py:2585} INFO - Sync 1 DAGs
[2022-11-22T19:33:05.941+0000] {logging_mixin.py:137} INFO - [2022-11-22T19:33:05.941+0000] {dag.py:3340} INFO - Setting next_dagrun for latest_only to 2022-11-22T15:33:05.940836+00:00, run_after=2022-11-22T19:33:05.940836+00:00
[2022-11-22T19:33:05.958+0000] {processor.py:176} INFO - Processing /home/airflow/.local/lib/python3.7/site-packages/airflow/example_dags/example_latest_only.py took 0.109 seconds
[2022-11-22T19:33:36.348+0000] {processor.py:154} INFO - Started process (PID=930) to work on /home/airflow/.local/lib/python3.7/site-packages/airflow/example_dags/example_latest_only.py
[2022-11-22T19:33:36.351+0000] {processor.py:756} INFO - Processing file /home/airflow/.local/lib/python3.7/site-packages/airflow/example_dags/example_latest_only.py for tasks to queue
[2022-11-22T19:33:36.353+0000] {logging_mixin.py:137} INFO - [2022-11-22T19:33:36.353+0000] {dagbag.py:537} INFO - Filling up the DagBag from /home/airflow/.local/lib/python3.7/site-packages/airflow/example_dags/example_latest_only.py
[2022-11-22T19:33:36.369+0000] {processor.py:766} INFO - DAG(s) dict_keys(['latest_only']) retrieved from /home/airflow/.local/lib/python3.7/site-packages/airflow/example_dags/example_latest_only.py
[2022-11-22T19:33:36.403+0000] {logging_mixin.py:137} INFO - [2022-11-22T19:33:36.403+0000] {dag.py:2585} INFO - Sync 1 DAGs
[2022-11-22T19:33:36.420+0000] {logging_mixin.py:137} INFO - [2022-11-22T19:33:36.420+0000] {dag.py:3340} INFO - Setting next_dagrun for latest_only to 2022-11-22T15:33:36.419993+00:00, run_after=2022-11-22T19:33:36.419993+00:00
[2022-11-22T19:33:36.433+0000] {processor.py:176} INFO - Processing /home/airflow/.local/lib/python3.7/site-packages/airflow/example_dags/example_latest_only.py took 0.092 seconds
[2022-11-22T19:34:06.522+0000] {processor.py:154} INFO - Started process (PID=993) to work on /home/airflow/.local/lib/python3.7/site-packages/airflow/example_dags/example_latest_only.py
[2022-11-22T19:34:06.523+0000] {processor.py:756} INFO - Processing file /home/airflow/.local/lib/python3.7/site-packages/airflow/example_dags/example_latest_only.py for tasks to queue
[2022-11-22T19:34:06.526+0000] {logging_mixin.py:137} INFO - [2022-11-22T19:34:06.526+0000] {dagbag.py:537} INFO - Filling up the DagBag from /home/airflow/.local/lib/python3.7/site-packages/airflow/example_dags/example_latest_only.py
[2022-11-22T19:34:06.549+0000] {processor.py:766} INFO - DAG(s) dict_keys(['latest_only']) retrieved from /home/airflow/.local/lib/python3.7/site-packages/airflow/example_dags/example_latest_only.py
[2022-11-22T19:34:06.613+0000] {logging_mixin.py:137} INFO - [2022-11-22T19:34:06.613+0000] {dag.py:2585} INFO - Sync 1 DAGs
[2022-11-22T19:34:06.648+0000] {logging_mixin.py:137} INFO - [2022-11-22T19:34:06.647+0000] {dag.py:3340} INFO - Setting next_dagrun for latest_only to 2022-11-22T15:34:06.646946+00:00, run_after=2022-11-22T19:34:06.646946+00:00
[2022-11-22T19:34:06.682+0000] {processor.py:176} INFO - Processing /home/airflow/.local/lib/python3.7/site-packages/airflow/example_dags/example_latest_only.py took 0.164 seconds
[2022-11-22T19:34:37.620+0000] {processor.py:154} INFO - Started process (PID=1058) to work on /home/airflow/.local/lib/python3.7/site-packages/airflow/example_dags/example_latest_only.py
[2022-11-22T19:34:37.623+0000] {processor.py:756} INFO - Processing file /home/airflow/.local/lib/python3.7/site-packages/airflow/example_dags/example_latest_only.py for tasks to queue
[2022-11-22T19:34:37.624+0000] {logging_mixin.py:137} INFO - [2022-11-22T19:34:37.624+0000] {dagbag.py:537} INFO - Filling up the DagBag from /home/airflow/.local/lib/python3.7/site-packages/airflow/example_dags/example_latest_only.py
[2022-11-22T19:34:37.638+0000] {processor.py:766} INFO - DAG(s) dict_keys(['latest_only']) retrieved from /home/airflow/.local/lib/python3.7/site-packages/airflow/example_dags/example_latest_only.py
[2022-11-22T19:34:37.665+0000] {logging_mixin.py:137} INFO - [2022-11-22T19:34:37.665+0000] {dag.py:2585} INFO - Sync 1 DAGs
[2022-11-22T19:34:37.681+0000] {logging_mixin.py:137} INFO - [2022-11-22T19:34:37.681+0000] {dag.py:3340} INFO - Setting next_dagrun for latest_only to 2022-11-22T15:34:37.681502+00:00, run_after=2022-11-22T19:34:37.681502+00:00
[2022-11-22T19:34:37.696+0000] {processor.py:176} INFO - Processing /home/airflow/.local/lib/python3.7/site-packages/airflow/example_dags/example_latest_only.py took 0.080 seconds
[2022-11-22T19:35:08.640+0000] {processor.py:154} INFO - Started process (PID=1121) to work on /home/airflow/.local/lib/python3.7/site-packages/airflow/example_dags/example_latest_only.py
[2022-11-22T19:35:08.642+0000] {processor.py:756} INFO - Processing file /home/airflow/.local/lib/python3.7/site-packages/airflow/example_dags/example_latest_only.py for tasks to queue
[2022-11-22T19:35:08.643+0000] {logging_mixin.py:137} INFO - [2022-11-22T19:35:08.643+0000] {dagbag.py:537} INFO - Filling up the DagBag from /home/airflow/.local/lib/python3.7/site-packages/airflow/example_dags/example_latest_only.py
[2022-11-22T19:35:08.658+0000] {processor.py:766} INFO - DAG(s) dict_keys(['latest_only']) retrieved from /home/airflow/.local/lib/python3.7/site-packages/airflow/example_dags/example_latest_only.py
[2022-11-22T19:35:08.702+0000] {logging_mixin.py:137} INFO - [2022-11-22T19:35:08.702+0000] {dag.py:2585} INFO - Sync 1 DAGs
[2022-11-22T19:35:08.728+0000] {logging_mixin.py:137} INFO - [2022-11-22T19:35:08.728+0000] {dag.py:3340} INFO - Setting next_dagrun for latest_only to 2022-11-22T15:35:08.727760+00:00, run_after=2022-11-22T19:35:08.727760+00:00
[2022-11-22T19:35:08.748+0000] {processor.py:176} INFO - Processing /home/airflow/.local/lib/python3.7/site-packages/airflow/example_dags/example_latest_only.py took 0.111 seconds
[2022-11-22T19:35:39.781+0000] {processor.py:154} INFO - Started process (PID=1174) to work on /home/airflow/.local/lib/python3.7/site-packages/airflow/example_dags/example_latest_only.py
[2022-11-22T19:35:39.783+0000] {processor.py:756} INFO - Processing file /home/airflow/.local/lib/python3.7/site-packages/airflow/example_dags/example_latest_only.py for tasks to queue
[2022-11-22T19:35:39.784+0000] {logging_mixin.py:137} INFO - [2022-11-22T19:35:39.783+0000] {dagbag.py:537} INFO - Filling up the DagBag from /home/airflow/.local/lib/python3.7/site-packages/airflow/example_dags/example_latest_only.py
[2022-11-22T19:35:39.793+0000] {processor.py:766} INFO - DAG(s) dict_keys(['latest_only']) retrieved from /home/airflow/.local/lib/python3.7/site-packages/airflow/example_dags/example_latest_only.py
[2022-11-22T19:35:39.822+0000] {logging_mixin.py:137} INFO - [2022-11-22T19:35:39.822+0000] {dag.py:2585} INFO - Sync 1 DAGs
[2022-11-22T19:35:39.840+0000] {logging_mixin.py:137} INFO - [2022-11-22T19:35:39.840+0000] {dag.py:3340} INFO - Setting next_dagrun for latest_only to 2022-11-22T15:35:39.840130+00:00, run_after=2022-11-22T19:35:39.840130+00:00
[2022-11-22T19:35:39.854+0000] {processor.py:176} INFO - Processing /home/airflow/.local/lib/python3.7/site-packages/airflow/example_dags/example_latest_only.py took 0.076 seconds
[2022-11-22T19:36:10.256+0000] {processor.py:154} INFO - Started process (PID=1236) to work on /home/airflow/.local/lib/python3.7/site-packages/airflow/example_dags/example_latest_only.py
[2022-11-22T19:36:10.258+0000] {processor.py:756} INFO - Processing file /home/airflow/.local/lib/python3.7/site-packages/airflow/example_dags/example_latest_only.py for tasks to queue
[2022-11-22T19:36:10.260+0000] {logging_mixin.py:137} INFO - [2022-11-22T19:36:10.259+0000] {dagbag.py:537} INFO - Filling up the DagBag from /home/airflow/.local/lib/python3.7/site-packages/airflow/example_dags/example_latest_only.py
[2022-11-22T19:36:10.273+0000] {processor.py:766} INFO - DAG(s) dict_keys(['latest_only']) retrieved from /home/airflow/.local/lib/python3.7/site-packages/airflow/example_dags/example_latest_only.py
[2022-11-22T19:36:10.311+0000] {logging_mixin.py:137} INFO - [2022-11-22T19:36:10.311+0000] {dag.py:2585} INFO - Sync 1 DAGs
[2022-11-22T19:36:10.339+0000] {logging_mixin.py:137} INFO - [2022-11-22T19:36:10.339+0000] {dag.py:3340} INFO - Setting next_dagrun for latest_only to 2022-11-22T15:36:10.339249+00:00, run_after=2022-11-22T19:36:10.339249+00:00
[2022-11-22T19:36:10.356+0000] {processor.py:176} INFO - Processing /home/airflow/.local/lib/python3.7/site-packages/airflow/example_dags/example_latest_only.py took 0.104 seconds
[2022-11-22T19:36:40.410+0000] {processor.py:154} INFO - Started process (PID=1300) to work on /home/airflow/.local/lib/python3.7/site-packages/airflow/example_dags/example_latest_only.py
[2022-11-22T19:36:40.411+0000] {processor.py:756} INFO - Processing file /home/airflow/.local/lib/python3.7/site-packages/airflow/example_dags/example_latest_only.py for tasks to queue
[2022-11-22T19:36:40.412+0000] {logging_mixin.py:137} INFO - [2022-11-22T19:36:40.412+0000] {dagbag.py:537} INFO - Filling up the DagBag from /home/airflow/.local/lib/python3.7/site-packages/airflow/example_dags/example_latest_only.py
[2022-11-22T19:36:40.421+0000] {processor.py:766} INFO - DAG(s) dict_keys(['latest_only']) retrieved from /home/airflow/.local/lib/python3.7/site-packages/airflow/example_dags/example_latest_only.py
[2022-11-22T19:36:40.448+0000] {logging_mixin.py:137} INFO - [2022-11-22T19:36:40.448+0000] {dag.py:2585} INFO - Sync 1 DAGs
[2022-11-22T19:36:40.466+0000] {logging_mixin.py:137} INFO - [2022-11-22T19:36:40.466+0000] {dag.py:3340} INFO - Setting next_dagrun for latest_only to 2022-11-22T15:36:40.466553+00:00, run_after=2022-11-22T19:36:40.466553+00:00
[2022-11-22T19:36:40.481+0000] {processor.py:176} INFO - Processing /home/airflow/.local/lib/python3.7/site-packages/airflow/example_dags/example_latest_only.py took 0.073 seconds
[2022-11-22T19:37:11.835+0000] {processor.py:154} INFO - Started process (PID=1364) to work on /home/airflow/.local/lib/python3.7/site-packages/airflow/example_dags/example_latest_only.py
[2022-11-22T19:37:11.841+0000] {processor.py:756} INFO - Processing file /home/airflow/.local/lib/python3.7/site-packages/airflow/example_dags/example_latest_only.py for tasks to queue
[2022-11-22T19:37:11.854+0000] {logging_mixin.py:137} INFO - [2022-11-22T19:37:11.854+0000] {dagbag.py:537} INFO - Filling up the DagBag from /home/airflow/.local/lib/python3.7/site-packages/airflow/example_dags/example_latest_only.py
[2022-11-22T19:37:11.893+0000] {processor.py:766} INFO - DAG(s) dict_keys(['latest_only']) retrieved from /home/airflow/.local/lib/python3.7/site-packages/airflow/example_dags/example_latest_only.py
[2022-11-22T19:37:11.936+0000] {logging_mixin.py:137} INFO - [2022-11-22T19:37:11.936+0000] {dag.py:2585} INFO - Sync 1 DAGs
[2022-11-22T19:37:11.967+0000] {logging_mixin.py:137} INFO - [2022-11-22T19:37:11.967+0000] {dag.py:3340} INFO - Setting next_dagrun for latest_only to 2022-11-22T15:37:11.966494+00:00, run_after=2022-11-22T19:37:11.966494+00:00
[2022-11-22T19:37:11.985+0000] {processor.py:176} INFO - Processing /home/airflow/.local/lib/python3.7/site-packages/airflow/example_dags/example_latest_only.py took 0.158 seconds
[2022-11-22T19:37:42.048+0000] {processor.py:154} INFO - Started process (PID=1418) to work on /home/airflow/.local/lib/python3.7/site-packages/airflow/example_dags/example_latest_only.py
[2022-11-22T19:37:42.049+0000] {processor.py:756} INFO - Processing file /home/airflow/.local/lib/python3.7/site-packages/airflow/example_dags/example_latest_only.py for tasks to queue
[2022-11-22T19:37:42.051+0000] {logging_mixin.py:137} INFO - [2022-11-22T19:37:42.051+0000] {dagbag.py:537} INFO - Filling up the DagBag from /home/airflow/.local/lib/python3.7/site-packages/airflow/example_dags/example_latest_only.py
[2022-11-22T19:37:42.061+0000] {processor.py:766} INFO - DAG(s) dict_keys(['latest_only']) retrieved from /home/airflow/.local/lib/python3.7/site-packages/airflow/example_dags/example_latest_only.py
[2022-11-22T19:37:42.092+0000] {logging_mixin.py:137} INFO - [2022-11-22T19:37:42.092+0000] {dag.py:2585} INFO - Sync 1 DAGs
[2022-11-22T19:37:42.110+0000] {logging_mixin.py:137} INFO - [2022-11-22T19:37:42.110+0000] {dag.py:3340} INFO - Setting next_dagrun for latest_only to 2022-11-22T15:37:42.110522+00:00, run_after=2022-11-22T19:37:42.110522+00:00
[2022-11-22T19:37:42.124+0000] {processor.py:176} INFO - Processing /home/airflow/.local/lib/python3.7/site-packages/airflow/example_dags/example_latest_only.py took 0.079 seconds
[2022-11-22T19:38:12.867+0000] {processor.py:154} INFO - Started process (PID=1481) to work on /home/airflow/.local/lib/python3.7/site-packages/airflow/example_dags/example_latest_only.py
[2022-11-22T19:38:12.870+0000] {processor.py:756} INFO - Processing file /home/airflow/.local/lib/python3.7/site-packages/airflow/example_dags/example_latest_only.py for tasks to queue
[2022-11-22T19:38:12.871+0000] {logging_mixin.py:137} INFO - [2022-11-22T19:38:12.871+0000] {dagbag.py:537} INFO - Filling up the DagBag from /home/airflow/.local/lib/python3.7/site-packages/airflow/example_dags/example_latest_only.py
[2022-11-22T19:38:12.883+0000] {processor.py:766} INFO - DAG(s) dict_keys(['latest_only']) retrieved from /home/airflow/.local/lib/python3.7/site-packages/airflow/example_dags/example_latest_only.py
[2022-11-22T19:38:12.914+0000] {logging_mixin.py:137} INFO - [2022-11-22T19:38:12.914+0000] {dag.py:2585} INFO - Sync 1 DAGs
[2022-11-22T19:38:12.939+0000] {logging_mixin.py:137} INFO - [2022-11-22T19:38:12.939+0000] {dag.py:3340} INFO - Setting next_dagrun for latest_only to 2022-11-22T15:38:12.939348+00:00, run_after=2022-11-22T19:38:12.939348+00:00
[2022-11-22T19:38:12.963+0000] {processor.py:176} INFO - Processing /home/airflow/.local/lib/python3.7/site-packages/airflow/example_dags/example_latest_only.py took 0.099 seconds
[2022-11-22T19:38:45.217+0000] {processor.py:154} INFO - Started process (PID=1544) to work on /home/airflow/.local/lib/python3.7/site-packages/airflow/example_dags/example_latest_only.py
[2022-11-22T19:38:45.218+0000] {processor.py:756} INFO - Processing file /home/airflow/.local/lib/python3.7/site-packages/airflow/example_dags/example_latest_only.py for tasks to queue
[2022-11-22T19:38:45.220+0000] {logging_mixin.py:137} INFO - [2022-11-22T19:38:45.220+0000] {dagbag.py:537} INFO - Filling up the DagBag from /home/airflow/.local/lib/python3.7/site-packages/airflow/example_dags/example_latest_only.py
[2022-11-22T19:38:45.251+0000] {processor.py:766} INFO - DAG(s) dict_keys(['latest_only']) retrieved from /home/airflow/.local/lib/python3.7/site-packages/airflow/example_dags/example_latest_only.py
[2022-11-22T19:38:45.296+0000] {logging_mixin.py:137} INFO - [2022-11-22T19:38:45.296+0000] {dag.py:2585} INFO - Sync 1 DAGs
[2022-11-22T19:38:45.319+0000] {logging_mixin.py:137} INFO - [2022-11-22T19:38:45.319+0000] {dag.py:3340} INFO - Setting next_dagrun for latest_only to 2022-11-22T15:38:45.318831+00:00, run_after=2022-11-22T19:38:45.318831+00:00
[2022-11-22T19:38:45.341+0000] {processor.py:176} INFO - Processing /home/airflow/.local/lib/python3.7/site-packages/airflow/example_dags/example_latest_only.py took 0.127 seconds
[2022-11-22T19:39:15.574+0000] {processor.py:154} INFO - Started process (PID=1607) to work on /home/airflow/.local/lib/python3.7/site-packages/airflow/example_dags/example_latest_only.py
[2022-11-22T19:39:15.575+0000] {processor.py:756} INFO - Processing file /home/airflow/.local/lib/python3.7/site-packages/airflow/example_dags/example_latest_only.py for tasks to queue
[2022-11-22T19:39:15.576+0000] {logging_mixin.py:137} INFO - [2022-11-22T19:39:15.576+0000] {dagbag.py:537} INFO - Filling up the DagBag from /home/airflow/.local/lib/python3.7/site-packages/airflow/example_dags/example_latest_only.py
[2022-11-22T19:39:15.589+0000] {processor.py:766} INFO - DAG(s) dict_keys(['latest_only']) retrieved from /home/airflow/.local/lib/python3.7/site-packages/airflow/example_dags/example_latest_only.py
[2022-11-22T19:39:15.619+0000] {logging_mixin.py:137} INFO - [2022-11-22T19:39:15.618+0000] {dag.py:2585} INFO - Sync 1 DAGs
[2022-11-22T19:39:15.635+0000] {logging_mixin.py:137} INFO - [2022-11-22T19:39:15.635+0000] {dag.py:3340} INFO - Setting next_dagrun for latest_only to 2022-11-22T15:39:15.635322+00:00, run_after=2022-11-22T19:39:15.635322+00:00
[2022-11-22T19:39:15.668+0000] {processor.py:176} INFO - Processing /home/airflow/.local/lib/python3.7/site-packages/airflow/example_dags/example_latest_only.py took 0.096 seconds
[2022-11-22T19:39:45.874+0000] {processor.py:154} INFO - Started process (PID=1662) to work on /home/airflow/.local/lib/python3.7/site-packages/airflow/example_dags/example_latest_only.py
[2022-11-22T19:39:45.877+0000] {processor.py:756} INFO - Processing file /home/airflow/.local/lib/python3.7/site-packages/airflow/example_dags/example_latest_only.py for tasks to queue
[2022-11-22T19:39:45.878+0000] {logging_mixin.py:137} INFO - [2022-11-22T19:39:45.878+0000] {dagbag.py:537} INFO - Filling up the DagBag from /home/airflow/.local/lib/python3.7/site-packages/airflow/example_dags/example_latest_only.py
[2022-11-22T19:39:45.889+0000] {processor.py:766} INFO - DAG(s) dict_keys(['latest_only']) retrieved from /home/airflow/.local/lib/python3.7/site-packages/airflow/example_dags/example_latest_only.py
[2022-11-22T19:39:45.919+0000] {logging_mixin.py:137} INFO - [2022-11-22T19:39:45.919+0000] {dag.py:2585} INFO - Sync 1 DAGs
[2022-11-22T19:39:45.936+0000] {logging_mixin.py:137} INFO - [2022-11-22T19:39:45.936+0000] {dag.py:3340} INFO - Setting next_dagrun for latest_only to 2022-11-22T15:39:45.936028+00:00, run_after=2022-11-22T19:39:45.936028+00:00
[2022-11-22T19:39:45.948+0000] {processor.py:176} INFO - Processing /home/airflow/.local/lib/python3.7/site-packages/airflow/example_dags/example_latest_only.py took 0.076 seconds
[2022-11-22T19:40:16.273+0000] {processor.py:154} INFO - Started process (PID=1726) to work on /home/airflow/.local/lib/python3.7/site-packages/airflow/example_dags/example_latest_only.py
[2022-11-22T19:40:16.276+0000] {processor.py:756} INFO - Processing file /home/airflow/.local/lib/python3.7/site-packages/airflow/example_dags/example_latest_only.py for tasks to queue
[2022-11-22T19:40:16.277+0000] {logging_mixin.py:137} INFO - [2022-11-22T19:40:16.277+0000] {dagbag.py:537} INFO - Filling up the DagBag from /home/airflow/.local/lib/python3.7/site-packages/airflow/example_dags/example_latest_only.py
[2022-11-22T19:40:16.288+0000] {processor.py:766} INFO - DAG(s) dict_keys(['latest_only']) retrieved from /home/airflow/.local/lib/python3.7/site-packages/airflow/example_dags/example_latest_only.py
[2022-11-22T19:40:16.323+0000] {logging_mixin.py:137} INFO - [2022-11-22T19:40:16.323+0000] {dag.py:2585} INFO - Sync 1 DAGs
[2022-11-22T19:40:16.340+0000] {logging_mixin.py:137} INFO - [2022-11-22T19:40:16.340+0000] {dag.py:3340} INFO - Setting next_dagrun for latest_only to 2022-11-22T15:40:16.339851+00:00, run_after=2022-11-22T19:40:16.339851+00:00
[2022-11-22T19:40:16.352+0000] {processor.py:176} INFO - Processing /home/airflow/.local/lib/python3.7/site-packages/airflow/example_dags/example_latest_only.py took 0.082 seconds
[2022-11-22T19:40:46.570+0000] {processor.py:154} INFO - Started process (PID=1789) to work on /home/airflow/.local/lib/python3.7/site-packages/airflow/example_dags/example_latest_only.py
[2022-11-22T19:40:46.572+0000] {processor.py:756} INFO - Processing file /home/airflow/.local/lib/python3.7/site-packages/airflow/example_dags/example_latest_only.py for tasks to queue
[2022-11-22T19:40:46.574+0000] {logging_mixin.py:137} INFO - [2022-11-22T19:40:46.574+0000] {dagbag.py:537} INFO - Filling up the DagBag from /home/airflow/.local/lib/python3.7/site-packages/airflow/example_dags/example_latest_only.py
[2022-11-22T19:40:46.593+0000] {processor.py:766} INFO - DAG(s) dict_keys(['latest_only']) retrieved from /home/airflow/.local/lib/python3.7/site-packages/airflow/example_dags/example_latest_only.py
[2022-11-22T19:40:46.629+0000] {logging_mixin.py:137} INFO - [2022-11-22T19:40:46.629+0000] {dag.py:2585} INFO - Sync 1 DAGs
[2022-11-22T19:40:46.649+0000] {logging_mixin.py:137} INFO - [2022-11-22T19:40:46.649+0000] {dag.py:3340} INFO - Setting next_dagrun for latest_only to 2022-11-22T15:40:46.649495+00:00, run_after=2022-11-22T19:40:46.649495+00:00
[2022-11-22T19:40:46.664+0000] {processor.py:176} INFO - Processing /home/airflow/.local/lib/python3.7/site-packages/airflow/example_dags/example_latest_only.py took 0.095 seconds
[2022-11-22T19:41:17.726+0000] {processor.py:154} INFO - Started process (PID=1853) to work on /home/airflow/.local/lib/python3.7/site-packages/airflow/example_dags/example_latest_only.py
[2022-11-22T19:41:17.728+0000] {processor.py:756} INFO - Processing file /home/airflow/.local/lib/python3.7/site-packages/airflow/example_dags/example_latest_only.py for tasks to queue
[2022-11-22T19:41:17.729+0000] {logging_mixin.py:137} INFO - [2022-11-22T19:41:17.729+0000] {dagbag.py:537} INFO - Filling up the DagBag from /home/airflow/.local/lib/python3.7/site-packages/airflow/example_dags/example_latest_only.py
[2022-11-22T19:41:17.739+0000] {processor.py:766} INFO - DAG(s) dict_keys(['latest_only']) retrieved from /home/airflow/.local/lib/python3.7/site-packages/airflow/example_dags/example_latest_only.py
[2022-11-22T19:41:17.774+0000] {logging_mixin.py:137} INFO - [2022-11-22T19:41:17.774+0000] {dag.py:2585} INFO - Sync 1 DAGs
[2022-11-22T19:41:17.792+0000] {logging_mixin.py:137} INFO - [2022-11-22T19:41:17.792+0000] {dag.py:3340} INFO - Setting next_dagrun for latest_only to 2022-11-22T15:41:17.791489+00:00, run_after=2022-11-22T19:41:17.791489+00:00
[2022-11-22T19:41:17.807+0000] {processor.py:176} INFO - Processing /home/airflow/.local/lib/python3.7/site-packages/airflow/example_dags/example_latest_only.py took 0.084 seconds
[2022-11-22T19:41:49.087+0000] {processor.py:154} INFO - Started process (PID=1917) to work on /home/airflow/.local/lib/python3.7/site-packages/airflow/example_dags/example_latest_only.py
[2022-11-22T19:41:49.090+0000] {processor.py:756} INFO - Processing file /home/airflow/.local/lib/python3.7/site-packages/airflow/example_dags/example_latest_only.py for tasks to queue
[2022-11-22T19:41:49.093+0000] {logging_mixin.py:137} INFO - [2022-11-22T19:41:49.093+0000] {dagbag.py:537} INFO - Filling up the DagBag from /home/airflow/.local/lib/python3.7/site-packages/airflow/example_dags/example_latest_only.py
[2022-11-22T19:41:49.117+0000] {processor.py:766} INFO - DAG(s) dict_keys(['latest_only']) retrieved from /home/airflow/.local/lib/python3.7/site-packages/airflow/example_dags/example_latest_only.py
[2022-11-22T19:41:49.159+0000] {logging_mixin.py:137} INFO - [2022-11-22T19:41:49.159+0000] {dag.py:2585} INFO - Sync 1 DAGs
[2022-11-22T19:41:49.180+0000] {logging_mixin.py:137} INFO - [2022-11-22T19:41:49.180+0000] {dag.py:3340} INFO - Setting next_dagrun for latest_only to 2022-11-22T15:41:49.180346+00:00, run_after=2022-11-22T19:41:49.180346+00:00
[2022-11-22T19:41:49.203+0000] {processor.py:176} INFO - Processing /home/airflow/.local/lib/python3.7/site-packages/airflow/example_dags/example_latest_only.py took 0.119 seconds
[2022-11-22T19:42:19.439+0000] {processor.py:154} INFO - Started process (PID=1971) to work on /home/airflow/.local/lib/python3.7/site-packages/airflow/example_dags/example_latest_only.py
[2022-11-22T19:42:19.441+0000] {processor.py:756} INFO - Processing file /home/airflow/.local/lib/python3.7/site-packages/airflow/example_dags/example_latest_only.py for tasks to queue
[2022-11-22T19:42:19.442+0000] {logging_mixin.py:137} INFO - [2022-11-22T19:42:19.441+0000] {dagbag.py:537} INFO - Filling up the DagBag from /home/airflow/.local/lib/python3.7/site-packages/airflow/example_dags/example_latest_only.py
[2022-11-22T19:42:19.452+0000] {processor.py:766} INFO - DAG(s) dict_keys(['latest_only']) retrieved from /home/airflow/.local/lib/python3.7/site-packages/airflow/example_dags/example_latest_only.py
[2022-11-22T19:42:19.479+0000] {logging_mixin.py:137} INFO - [2022-11-22T19:42:19.479+0000] {dag.py:2585} INFO - Sync 1 DAGs
[2022-11-22T19:42:19.497+0000] {logging_mixin.py:137} INFO - [2022-11-22T19:42:19.497+0000] {dag.py:3340} INFO - Setting next_dagrun for latest_only to 2022-11-22T15:42:19.496980+00:00, run_after=2022-11-22T19:42:19.496980+00:00
[2022-11-22T19:42:19.509+0000] {processor.py:176} INFO - Processing /home/airflow/.local/lib/python3.7/site-packages/airflow/example_dags/example_latest_only.py took 0.073 seconds
[2022-11-22T19:42:50.376+0000] {processor.py:154} INFO - Started process (PID=2034) to work on /home/airflow/.local/lib/python3.7/site-packages/airflow/example_dags/example_latest_only.py
[2022-11-22T19:42:50.378+0000] {processor.py:756} INFO - Processing file /home/airflow/.local/lib/python3.7/site-packages/airflow/example_dags/example_latest_only.py for tasks to queue
[2022-11-22T19:42:50.379+0000] {logging_mixin.py:137} INFO - [2022-11-22T19:42:50.379+0000] {dagbag.py:537} INFO - Filling up the DagBag from /home/airflow/.local/lib/python3.7/site-packages/airflow/example_dags/example_latest_only.py
[2022-11-22T19:42:50.389+0000] {processor.py:766} INFO - DAG(s) dict_keys(['latest_only']) retrieved from /home/airflow/.local/lib/python3.7/site-packages/airflow/example_dags/example_latest_only.py
[2022-11-22T19:42:50.415+0000] {logging_mixin.py:137} INFO - [2022-11-22T19:42:50.415+0000] {dag.py:2585} INFO - Sync 1 DAGs
[2022-11-22T19:42:50.432+0000] {logging_mixin.py:137} INFO - [2022-11-22T19:42:50.432+0000] {dag.py:3340} INFO - Setting next_dagrun for latest_only to 2022-11-22T15:42:50.432433+00:00, run_after=2022-11-22T19:42:50.432433+00:00
[2022-11-22T19:42:50.445+0000] {processor.py:176} INFO - Processing /home/airflow/.local/lib/python3.7/site-packages/airflow/example_dags/example_latest_only.py took 0.071 seconds
[2022-11-22T19:43:21.230+0000] {processor.py:154} INFO - Started process (PID=2097) to work on /home/airflow/.local/lib/python3.7/site-packages/airflow/example_dags/example_latest_only.py
[2022-11-22T19:43:21.233+0000] {processor.py:756} INFO - Processing file /home/airflow/.local/lib/python3.7/site-packages/airflow/example_dags/example_latest_only.py for tasks to queue
[2022-11-22T19:43:21.234+0000] {logging_mixin.py:137} INFO - [2022-11-22T19:43:21.234+0000] {dagbag.py:537} INFO - Filling up the DagBag from /home/airflow/.local/lib/python3.7/site-packages/airflow/example_dags/example_latest_only.py
[2022-11-22T19:43:21.244+0000] {processor.py:766} INFO - DAG(s) dict_keys(['latest_only']) retrieved from /home/airflow/.local/lib/python3.7/site-packages/airflow/example_dags/example_latest_only.py
[2022-11-22T19:43:21.276+0000] {logging_mixin.py:137} INFO - [2022-11-22T19:43:21.276+0000] {dag.py:2585} INFO - Sync 1 DAGs
[2022-11-22T19:43:21.292+0000] {logging_mixin.py:137} INFO - [2022-11-22T19:43:21.292+0000] {dag.py:3340} INFO - Setting next_dagrun for latest_only to 2022-11-22T15:43:21.291951+00:00, run_after=2022-11-22T19:43:21.291951+00:00
[2022-11-22T19:43:21.305+0000] {processor.py:176} INFO - Processing /home/airflow/.local/lib/python3.7/site-packages/airflow/example_dags/example_latest_only.py took 0.078 seconds
[2022-11-22T19:43:51.521+0000] {processor.py:154} INFO - Started process (PID=2160) to work on /home/airflow/.local/lib/python3.7/site-packages/airflow/example_dags/example_latest_only.py
[2022-11-22T19:43:51.523+0000] {processor.py:756} INFO - Processing file /home/airflow/.local/lib/python3.7/site-packages/airflow/example_dags/example_latest_only.py for tasks to queue
[2022-11-22T19:43:51.524+0000] {logging_mixin.py:137} INFO - [2022-11-22T19:43:51.524+0000] {dagbag.py:537} INFO - Filling up the DagBag from /home/airflow/.local/lib/python3.7/site-packages/airflow/example_dags/example_latest_only.py
[2022-11-22T19:43:51.536+0000] {processor.py:766} INFO - DAG(s) dict_keys(['latest_only']) retrieved from /home/airflow/.local/lib/python3.7/site-packages/airflow/example_dags/example_latest_only.py
[2022-11-22T19:43:51.568+0000] {logging_mixin.py:137} INFO - [2022-11-22T19:43:51.567+0000] {dag.py:2585} INFO - Sync 1 DAGs
[2022-11-22T19:43:51.588+0000] {logging_mixin.py:137} INFO - [2022-11-22T19:43:51.588+0000] {dag.py:3340} INFO - Setting next_dagrun for latest_only to 2022-11-22T15:43:51.588232+00:00, run_after=2022-11-22T19:43:51.588232+00:00
[2022-11-22T19:43:51.603+0000] {processor.py:176} INFO - Processing /home/airflow/.local/lib/python3.7/site-packages/airflow/example_dags/example_latest_only.py took 0.086 seconds
[2022-11-22T19:44:22.545+0000] {processor.py:154} INFO - Started process (PID=2214) to work on /home/airflow/.local/lib/python3.7/site-packages/airflow/example_dags/example_latest_only.py
[2022-11-22T19:44:22.552+0000] {processor.py:756} INFO - Processing file /home/airflow/.local/lib/python3.7/site-packages/airflow/example_dags/example_latest_only.py for tasks to queue
[2022-11-22T19:44:22.559+0000] {logging_mixin.py:137} INFO - [2022-11-22T19:44:22.558+0000] {dagbag.py:537} INFO - Filling up the DagBag from /home/airflow/.local/lib/python3.7/site-packages/airflow/example_dags/example_latest_only.py
[2022-11-22T19:44:22.583+0000] {processor.py:766} INFO - DAG(s) dict_keys(['latest_only']) retrieved from /home/airflow/.local/lib/python3.7/site-packages/airflow/example_dags/example_latest_only.py
[2022-11-22T19:44:22.637+0000] {logging_mixin.py:137} INFO - [2022-11-22T19:44:22.637+0000] {dag.py:2585} INFO - Sync 1 DAGs
[2022-11-22T19:44:22.668+0000] {logging_mixin.py:137} INFO - [2022-11-22T19:44:22.668+0000] {dag.py:3340} INFO - Setting next_dagrun for latest_only to 2022-11-22T15:44:22.668287+00:00, run_after=2022-11-22T19:44:22.668287+00:00
[2022-11-22T19:44:22.691+0000] {processor.py:176} INFO - Processing /home/airflow/.local/lib/python3.7/site-packages/airflow/example_dags/example_latest_only.py took 0.149 seconds
[2022-11-22T19:44:52.785+0000] {processor.py:154} INFO - Started process (PID=2277) to work on /home/airflow/.local/lib/python3.7/site-packages/airflow/example_dags/example_latest_only.py
[2022-11-22T19:44:52.788+0000] {processor.py:756} INFO - Processing file /home/airflow/.local/lib/python3.7/site-packages/airflow/example_dags/example_latest_only.py for tasks to queue
[2022-11-22T19:44:52.790+0000] {logging_mixin.py:137} INFO - [2022-11-22T19:44:52.790+0000] {dagbag.py:537} INFO - Filling up the DagBag from /home/airflow/.local/lib/python3.7/site-packages/airflow/example_dags/example_latest_only.py
[2022-11-22T19:44:52.815+0000] {processor.py:766} INFO - DAG(s) dict_keys(['latest_only']) retrieved from /home/airflow/.local/lib/python3.7/site-packages/airflow/example_dags/example_latest_only.py
[2022-11-22T19:44:52.853+0000] {logging_mixin.py:137} INFO - [2022-11-22T19:44:52.852+0000] {dag.py:2585} INFO - Sync 1 DAGs
[2022-11-22T19:44:52.872+0000] {logging_mixin.py:137} INFO - [2022-11-22T19:44:52.872+0000] {dag.py:3340} INFO - Setting next_dagrun for latest_only to 2022-11-22T15:44:52.872083+00:00, run_after=2022-11-22T19:44:52.872083+00:00
[2022-11-22T19:44:52.886+0000] {processor.py:176} INFO - Processing /home/airflow/.local/lib/python3.7/site-packages/airflow/example_dags/example_latest_only.py took 0.109 seconds
[2022-11-22T19:45:22.969+0000] {processor.py:154} INFO - Started process (PID=2341) to work on /home/airflow/.local/lib/python3.7/site-packages/airflow/example_dags/example_latest_only.py
[2022-11-22T19:45:22.974+0000] {processor.py:756} INFO - Processing file /home/airflow/.local/lib/python3.7/site-packages/airflow/example_dags/example_latest_only.py for tasks to queue
[2022-11-22T19:45:22.975+0000] {logging_mixin.py:137} INFO - [2022-11-22T19:45:22.975+0000] {dagbag.py:537} INFO - Filling up the DagBag from /home/airflow/.local/lib/python3.7/site-packages/airflow/example_dags/example_latest_only.py
[2022-11-22T19:45:22.992+0000] {processor.py:766} INFO - DAG(s) dict_keys(['latest_only']) retrieved from /home/airflow/.local/lib/python3.7/site-packages/airflow/example_dags/example_latest_only.py
[2022-11-22T19:45:23.029+0000] {logging_mixin.py:137} INFO - [2022-11-22T19:45:23.029+0000] {dag.py:2585} INFO - Sync 1 DAGs
[2022-11-22T19:45:23.073+0000] {logging_mixin.py:137} INFO - [2022-11-22T19:45:23.073+0000] {dag.py:3340} INFO - Setting next_dagrun for latest_only to 2022-11-22T15:45:23.073577+00:00, run_after=2022-11-22T19:45:23.073577+00:00
[2022-11-22T19:45:23.091+0000] {processor.py:176} INFO - Processing /home/airflow/.local/lib/python3.7/site-packages/airflow/example_dags/example_latest_only.py took 0.126 seconds
[2022-11-22T19:45:53.685+0000] {processor.py:154} INFO - Started process (PID=2405) to work on /home/airflow/.local/lib/python3.7/site-packages/airflow/example_dags/example_latest_only.py
[2022-11-22T19:45:53.706+0000] {processor.py:756} INFO - Processing file /home/airflow/.local/lib/python3.7/site-packages/airflow/example_dags/example_latest_only.py for tasks to queue
[2022-11-22T19:45:53.709+0000] {logging_mixin.py:137} INFO - [2022-11-22T19:45:53.708+0000] {dagbag.py:537} INFO - Filling up the DagBag from /home/airflow/.local/lib/python3.7/site-packages/airflow/example_dags/example_latest_only.py
[2022-11-22T19:45:53.730+0000] {processor.py:766} INFO - DAG(s) dict_keys(['latest_only']) retrieved from /home/airflow/.local/lib/python3.7/site-packages/airflow/example_dags/example_latest_only.py
[2022-11-22T19:45:53.775+0000] {logging_mixin.py:137} INFO - [2022-11-22T19:45:53.775+0000] {dag.py:2585} INFO - Sync 1 DAGs
[2022-11-22T19:45:53.803+0000] {logging_mixin.py:137} INFO - [2022-11-22T19:45:53.803+0000] {dag.py:3340} INFO - Setting next_dagrun for latest_only to 2022-11-22T15:45:53.803150+00:00, run_after=2022-11-22T19:45:53.803150+00:00
[2022-11-22T19:45:53.815+0000] {processor.py:176} INFO - Processing /home/airflow/.local/lib/python3.7/site-packages/airflow/example_dags/example_latest_only.py took 0.135 seconds
[2022-11-22T19:46:24.351+0000] {processor.py:154} INFO - Started process (PID=2468) to work on /home/airflow/.local/lib/python3.7/site-packages/airflow/example_dags/example_latest_only.py
[2022-11-22T19:46:24.353+0000] {processor.py:756} INFO - Processing file /home/airflow/.local/lib/python3.7/site-packages/airflow/example_dags/example_latest_only.py for tasks to queue
[2022-11-22T19:46:24.362+0000] {logging_mixin.py:137} INFO - [2022-11-22T19:46:24.362+0000] {dagbag.py:537} INFO - Filling up the DagBag from /home/airflow/.local/lib/python3.7/site-packages/airflow/example_dags/example_latest_only.py
[2022-11-22T19:46:24.405+0000] {processor.py:766} INFO - DAG(s) dict_keys(['latest_only']) retrieved from /home/airflow/.local/lib/python3.7/site-packages/airflow/example_dags/example_latest_only.py
[2022-11-22T19:46:24.518+0000] {logging_mixin.py:137} INFO - [2022-11-22T19:46:24.518+0000] {dag.py:2585} INFO - Sync 1 DAGs
[2022-11-22T19:46:24.563+0000] {logging_mixin.py:137} INFO - [2022-11-22T19:46:24.563+0000] {dag.py:3340} INFO - Setting next_dagrun for latest_only to 2022-11-22T15:46:24.563123+00:00, run_after=2022-11-22T19:46:24.563123+00:00
[2022-11-22T19:46:24.587+0000] {processor.py:176} INFO - Processing /home/airflow/.local/lib/python3.7/site-packages/airflow/example_dags/example_latest_only.py took 0.251 seconds
[2022-11-22T19:46:55.242+0000] {processor.py:154} INFO - Started process (PID=2522) to work on /home/airflow/.local/lib/python3.7/site-packages/airflow/example_dags/example_latest_only.py
[2022-11-22T19:46:55.245+0000] {processor.py:756} INFO - Processing file /home/airflow/.local/lib/python3.7/site-packages/airflow/example_dags/example_latest_only.py for tasks to queue
[2022-11-22T19:46:55.247+0000] {logging_mixin.py:137} INFO - [2022-11-22T19:46:55.247+0000] {dagbag.py:537} INFO - Filling up the DagBag from /home/airflow/.local/lib/python3.7/site-packages/airflow/example_dags/example_latest_only.py
[2022-11-22T19:46:55.272+0000] {processor.py:766} INFO - DAG(s) dict_keys(['latest_only']) retrieved from /home/airflow/.local/lib/python3.7/site-packages/airflow/example_dags/example_latest_only.py
[2022-11-22T19:46:55.333+0000] {logging_mixin.py:137} INFO - [2022-11-22T19:46:55.333+0000] {dag.py:2585} INFO - Sync 1 DAGs
[2022-11-22T19:46:55.377+0000] {logging_mixin.py:137} INFO - [2022-11-22T19:46:55.377+0000] {dag.py:3340} INFO - Setting next_dagrun for latest_only to 2022-11-22T15:46:55.377031+00:00, run_after=2022-11-22T19:46:55.377031+00:00
[2022-11-22T19:46:55.399+0000] {processor.py:176} INFO - Processing /home/airflow/.local/lib/python3.7/site-packages/airflow/example_dags/example_latest_only.py took 0.166 seconds
[2022-11-22T19:47:25.508+0000] {processor.py:154} INFO - Started process (PID=2585) to work on /home/airflow/.local/lib/python3.7/site-packages/airflow/example_dags/example_latest_only.py
[2022-11-22T19:47:25.510+0000] {processor.py:756} INFO - Processing file /home/airflow/.local/lib/python3.7/site-packages/airflow/example_dags/example_latest_only.py for tasks to queue
[2022-11-22T19:47:25.513+0000] {logging_mixin.py:137} INFO - [2022-11-22T19:47:25.513+0000] {dagbag.py:537} INFO - Filling up the DagBag from /home/airflow/.local/lib/python3.7/site-packages/airflow/example_dags/example_latest_only.py
[2022-11-22T19:47:25.524+0000] {processor.py:766} INFO - DAG(s) dict_keys(['latest_only']) retrieved from /home/airflow/.local/lib/python3.7/site-packages/airflow/example_dags/example_latest_only.py
[2022-11-22T19:47:25.559+0000] {logging_mixin.py:137} INFO - [2022-11-22T19:47:25.559+0000] {dag.py:2585} INFO - Sync 1 DAGs
[2022-11-22T19:47:25.581+0000] {logging_mixin.py:137} INFO - [2022-11-22T19:47:25.581+0000] {dag.py:3340} INFO - Setting next_dagrun for latest_only to 2022-11-22T15:47:25.581253+00:00, run_after=2022-11-22T19:47:25.581253+00:00
[2022-11-22T19:47:25.595+0000] {processor.py:176} INFO - Processing /home/airflow/.local/lib/python3.7/site-packages/airflow/example_dags/example_latest_only.py took 0.090 seconds
[2022-11-22T19:47:56.005+0000] {processor.py:154} INFO - Started process (PID=2647) to work on /home/airflow/.local/lib/python3.7/site-packages/airflow/example_dags/example_latest_only.py
[2022-11-22T19:47:56.007+0000] {processor.py:756} INFO - Processing file /home/airflow/.local/lib/python3.7/site-packages/airflow/example_dags/example_latest_only.py for tasks to queue
[2022-11-22T19:47:56.008+0000] {logging_mixin.py:137} INFO - [2022-11-22T19:47:56.007+0000] {dagbag.py:537} INFO - Filling up the DagBag from /home/airflow/.local/lib/python3.7/site-packages/airflow/example_dags/example_latest_only.py
[2022-11-22T19:47:56.017+0000] {processor.py:766} INFO - DAG(s) dict_keys(['latest_only']) retrieved from /home/airflow/.local/lib/python3.7/site-packages/airflow/example_dags/example_latest_only.py
[2022-11-22T19:47:56.041+0000] {logging_mixin.py:137} INFO - [2022-11-22T19:47:56.041+0000] {dag.py:2585} INFO - Sync 1 DAGs
[2022-11-22T19:47:56.057+0000] {logging_mixin.py:137} INFO - [2022-11-22T19:47:56.056+0000] {dag.py:3340} INFO - Setting next_dagrun for latest_only to 2022-11-22T15:47:56.056767+00:00, run_after=2022-11-22T19:47:56.056767+00:00
[2022-11-22T19:47:56.068+0000] {processor.py:176} INFO - Processing /home/airflow/.local/lib/python3.7/site-packages/airflow/example_dags/example_latest_only.py took 0.065 seconds
[2022-11-22T19:48:26.704+0000] {processor.py:154} INFO - Started process (PID=2700) to work on /home/airflow/.local/lib/python3.7/site-packages/airflow/example_dags/example_latest_only.py
[2022-11-22T19:48:26.706+0000] {processor.py:756} INFO - Processing file /home/airflow/.local/lib/python3.7/site-packages/airflow/example_dags/example_latest_only.py for tasks to queue
[2022-11-22T19:48:26.708+0000] {logging_mixin.py:137} INFO - [2022-11-22T19:48:26.708+0000] {dagbag.py:537} INFO - Filling up the DagBag from /home/airflow/.local/lib/python3.7/site-packages/airflow/example_dags/example_latest_only.py
[2022-11-22T19:48:26.719+0000] {processor.py:766} INFO - DAG(s) dict_keys(['latest_only']) retrieved from /home/airflow/.local/lib/python3.7/site-packages/airflow/example_dags/example_latest_only.py
[2022-11-22T19:48:26.749+0000] {logging_mixin.py:137} INFO - [2022-11-22T19:48:26.749+0000] {dag.py:2585} INFO - Sync 1 DAGs
[2022-11-22T19:48:26.766+0000] {logging_mixin.py:137} INFO - [2022-11-22T19:48:26.766+0000] {dag.py:3340} INFO - Setting next_dagrun for latest_only to 2022-11-22T15:48:26.766704+00:00, run_after=2022-11-22T19:48:26.766704+00:00
[2022-11-22T19:48:26.805+0000] {processor.py:176} INFO - Processing /home/airflow/.local/lib/python3.7/site-packages/airflow/example_dags/example_latest_only.py took 0.103 seconds
[2022-11-22T19:48:57.022+0000] {processor.py:154} INFO - Started process (PID=2763) to work on /home/airflow/.local/lib/python3.7/site-packages/airflow/example_dags/example_latest_only.py
[2022-11-22T19:48:57.026+0000] {processor.py:756} INFO - Processing file /home/airflow/.local/lib/python3.7/site-packages/airflow/example_dags/example_latest_only.py for tasks to queue
[2022-11-22T19:48:57.029+0000] {logging_mixin.py:137} INFO - [2022-11-22T19:48:57.029+0000] {dagbag.py:537} INFO - Filling up the DagBag from /home/airflow/.local/lib/python3.7/site-packages/airflow/example_dags/example_latest_only.py
[2022-11-22T19:48:57.043+0000] {processor.py:766} INFO - DAG(s) dict_keys(['latest_only']) retrieved from /home/airflow/.local/lib/python3.7/site-packages/airflow/example_dags/example_latest_only.py
[2022-11-22T19:48:57.076+0000] {logging_mixin.py:137} INFO - [2022-11-22T19:48:57.076+0000] {dag.py:2585} INFO - Sync 1 DAGs
[2022-11-22T19:48:57.098+0000] {logging_mixin.py:137} INFO - [2022-11-22T19:48:57.098+0000] {dag.py:3340} INFO - Setting next_dagrun for latest_only to 2022-11-22T15:48:57.097789+00:00, run_after=2022-11-22T19:48:57.097789+00:00
[2022-11-22T19:48:57.115+0000] {processor.py:176} INFO - Processing /home/airflow/.local/lib/python3.7/site-packages/airflow/example_dags/example_latest_only.py took 0.096 seconds
[2022-11-22T19:49:28.024+0000] {processor.py:154} INFO - Started process (PID=2826) to work on /home/airflow/.local/lib/python3.7/site-packages/airflow/example_dags/example_latest_only.py
[2022-11-22T19:49:28.026+0000] {processor.py:756} INFO - Processing file /home/airflow/.local/lib/python3.7/site-packages/airflow/example_dags/example_latest_only.py for tasks to queue
[2022-11-22T19:49:28.027+0000] {logging_mixin.py:137} INFO - [2022-11-22T19:49:28.027+0000] {dagbag.py:537} INFO - Filling up the DagBag from /home/airflow/.local/lib/python3.7/site-packages/airflow/example_dags/example_latest_only.py
[2022-11-22T19:49:28.036+0000] {processor.py:766} INFO - DAG(s) dict_keys(['latest_only']) retrieved from /home/airflow/.local/lib/python3.7/site-packages/airflow/example_dags/example_latest_only.py
[2022-11-22T19:49:28.061+0000] {logging_mixin.py:137} INFO - [2022-11-22T19:49:28.061+0000] {dag.py:2585} INFO - Sync 1 DAGs
[2022-11-22T19:49:28.076+0000] {logging_mixin.py:137} INFO - [2022-11-22T19:49:28.075+0000] {dag.py:3340} INFO - Setting next_dagrun for latest_only to 2022-11-22T15:49:28.075801+00:00, run_after=2022-11-22T19:49:28.075801+00:00
[2022-11-22T19:49:28.088+0000] {processor.py:176} INFO - Processing /home/airflow/.local/lib/python3.7/site-packages/airflow/example_dags/example_latest_only.py took 0.066 seconds
[2022-11-22T19:49:58.897+0000] {processor.py:154} INFO - Started process (PID=2890) to work on /home/airflow/.local/lib/python3.7/site-packages/airflow/example_dags/example_latest_only.py
[2022-11-22T19:49:58.899+0000] {processor.py:756} INFO - Processing file /home/airflow/.local/lib/python3.7/site-packages/airflow/example_dags/example_latest_only.py for tasks to queue
[2022-11-22T19:49:58.900+0000] {logging_mixin.py:137} INFO - [2022-11-22T19:49:58.900+0000] {dagbag.py:537} INFO - Filling up the DagBag from /home/airflow/.local/lib/python3.7/site-packages/airflow/example_dags/example_latest_only.py
[2022-11-22T19:49:58.908+0000] {processor.py:766} INFO - DAG(s) dict_keys(['latest_only']) retrieved from /home/airflow/.local/lib/python3.7/site-packages/airflow/example_dags/example_latest_only.py
[2022-11-22T19:49:58.933+0000] {logging_mixin.py:137} INFO - [2022-11-22T19:49:58.933+0000] {dag.py:2585} INFO - Sync 1 DAGs
[2022-11-22T19:49:58.953+0000] {logging_mixin.py:137} INFO - [2022-11-22T19:49:58.953+0000] {dag.py:3340} INFO - Setting next_dagrun for latest_only to 2022-11-22T15:49:58.953566+00:00, run_after=2022-11-22T19:49:58.953566+00:00
[2022-11-22T19:49:58.966+0000] {processor.py:176} INFO - Processing /home/airflow/.local/lib/python3.7/site-packages/airflow/example_dags/example_latest_only.py took 0.071 seconds
[2022-11-22T19:50:29.455+0000] {processor.py:154} INFO - Started process (PID=2953) to work on /home/airflow/.local/lib/python3.7/site-packages/airflow/example_dags/example_latest_only.py
[2022-11-22T19:50:29.457+0000] {processor.py:756} INFO - Processing file /home/airflow/.local/lib/python3.7/site-packages/airflow/example_dags/example_latest_only.py for tasks to queue
[2022-11-22T19:50:29.459+0000] {logging_mixin.py:137} INFO - [2022-11-22T19:50:29.458+0000] {dagbag.py:537} INFO - Filling up the DagBag from /home/airflow/.local/lib/python3.7/site-packages/airflow/example_dags/example_latest_only.py
[2022-11-22T19:50:29.470+0000] {processor.py:766} INFO - DAG(s) dict_keys(['latest_only']) retrieved from /home/airflow/.local/lib/python3.7/site-packages/airflow/example_dags/example_latest_only.py
[2022-11-22T19:50:29.501+0000] {logging_mixin.py:137} INFO - [2022-11-22T19:50:29.501+0000] {dag.py:2585} INFO - Sync 1 DAGs
[2022-11-22T19:50:29.523+0000] {logging_mixin.py:137} INFO - [2022-11-22T19:50:29.523+0000] {dag.py:3340} INFO - Setting next_dagrun for latest_only to 2022-11-22T15:50:29.523059+00:00, run_after=2022-11-22T19:50:29.523059+00:00
[2022-11-22T19:50:29.536+0000] {processor.py:176} INFO - Processing /home/airflow/.local/lib/python3.7/site-packages/airflow/example_dags/example_latest_only.py took 0.084 seconds
[2022-11-22T19:51:00.210+0000] {processor.py:154} INFO - Started process (PID=3007) to work on /home/airflow/.local/lib/python3.7/site-packages/airflow/example_dags/example_latest_only.py
[2022-11-22T19:51:00.212+0000] {processor.py:756} INFO - Processing file /home/airflow/.local/lib/python3.7/site-packages/airflow/example_dags/example_latest_only.py for tasks to queue
[2022-11-22T19:51:00.214+0000] {logging_mixin.py:137} INFO - [2022-11-22T19:51:00.214+0000] {dagbag.py:537} INFO - Filling up the DagBag from /home/airflow/.local/lib/python3.7/site-packages/airflow/example_dags/example_latest_only.py
[2022-11-22T19:51:00.228+0000] {processor.py:766} INFO - DAG(s) dict_keys(['latest_only']) retrieved from /home/airflow/.local/lib/python3.7/site-packages/airflow/example_dags/example_latest_only.py
[2022-11-22T19:51:00.257+0000] {logging_mixin.py:137} INFO - [2022-11-22T19:51:00.257+0000] {dag.py:2585} INFO - Sync 1 DAGs
[2022-11-22T19:51:00.272+0000] {logging_mixin.py:137} INFO - [2022-11-22T19:51:00.272+0000] {dag.py:3340} INFO - Setting next_dagrun for latest_only to 2022-11-22T15:51:00.272408+00:00, run_after=2022-11-22T19:51:00.272408+00:00
[2022-11-22T19:51:00.284+0000] {processor.py:176} INFO - Processing /home/airflow/.local/lib/python3.7/site-packages/airflow/example_dags/example_latest_only.py took 0.077 seconds
[2022-11-22T19:51:31.123+0000] {processor.py:154} INFO - Started process (PID=3070) to work on /home/airflow/.local/lib/python3.7/site-packages/airflow/example_dags/example_latest_only.py
[2022-11-22T19:51:31.125+0000] {processor.py:756} INFO - Processing file /home/airflow/.local/lib/python3.7/site-packages/airflow/example_dags/example_latest_only.py for tasks to queue
[2022-11-22T19:51:31.126+0000] {logging_mixin.py:137} INFO - [2022-11-22T19:51:31.126+0000] {dagbag.py:537} INFO - Filling up the DagBag from /home/airflow/.local/lib/python3.7/site-packages/airflow/example_dags/example_latest_only.py
[2022-11-22T19:51:31.136+0000] {processor.py:766} INFO - DAG(s) dict_keys(['latest_only']) retrieved from /home/airflow/.local/lib/python3.7/site-packages/airflow/example_dags/example_latest_only.py
[2022-11-22T19:51:31.165+0000] {logging_mixin.py:137} INFO - [2022-11-22T19:51:31.165+0000] {dag.py:2585} INFO - Sync 1 DAGs
[2022-11-22T19:51:31.179+0000] {logging_mixin.py:137} INFO - [2022-11-22T19:51:31.179+0000] {dag.py:3340} INFO - Setting next_dagrun for latest_only to 2022-11-22T15:51:31.179655+00:00, run_after=2022-11-22T19:51:31.179655+00:00
[2022-11-22T19:51:31.194+0000] {processor.py:176} INFO - Processing /home/airflow/.local/lib/python3.7/site-packages/airflow/example_dags/example_latest_only.py took 0.074 seconds
[2022-11-22T19:52:02.120+0000] {processor.py:154} INFO - Started process (PID=3133) to work on /home/airflow/.local/lib/python3.7/site-packages/airflow/example_dags/example_latest_only.py
[2022-11-22T19:52:02.122+0000] {processor.py:756} INFO - Processing file /home/airflow/.local/lib/python3.7/site-packages/airflow/example_dags/example_latest_only.py for tasks to queue
[2022-11-22T19:52:02.122+0000] {logging_mixin.py:137} INFO - [2022-11-22T19:52:02.122+0000] {dagbag.py:537} INFO - Filling up the DagBag from /home/airflow/.local/lib/python3.7/site-packages/airflow/example_dags/example_latest_only.py
[2022-11-22T19:52:02.131+0000] {processor.py:766} INFO - DAG(s) dict_keys(['latest_only']) retrieved from /home/airflow/.local/lib/python3.7/site-packages/airflow/example_dags/example_latest_only.py
[2022-11-22T19:52:02.156+0000] {logging_mixin.py:137} INFO - [2022-11-22T19:52:02.156+0000] {dag.py:2585} INFO - Sync 1 DAGs
[2022-11-22T19:52:02.171+0000] {logging_mixin.py:137} INFO - [2022-11-22T19:52:02.171+0000] {dag.py:3340} INFO - Setting next_dagrun for latest_only to 2022-11-22T15:52:02.171684+00:00, run_after=2022-11-22T19:52:02.171684+00:00
[2022-11-22T19:52:02.183+0000] {processor.py:176} INFO - Processing /home/airflow/.local/lib/python3.7/site-packages/airflow/example_dags/example_latest_only.py took 0.065 seconds
[2022-11-22T19:52:33.298+0000] {processor.py:154} INFO - Started process (PID=3195) to work on /home/airflow/.local/lib/python3.7/site-packages/airflow/example_dags/example_latest_only.py
[2022-11-22T19:52:33.300+0000] {processor.py:756} INFO - Processing file /home/airflow/.local/lib/python3.7/site-packages/airflow/example_dags/example_latest_only.py for tasks to queue
[2022-11-22T19:52:33.301+0000] {logging_mixin.py:137} INFO - [2022-11-22T19:52:33.301+0000] {dagbag.py:537} INFO - Filling up the DagBag from /home/airflow/.local/lib/python3.7/site-packages/airflow/example_dags/example_latest_only.py
[2022-11-22T19:52:33.311+0000] {processor.py:766} INFO - DAG(s) dict_keys(['latest_only']) retrieved from /home/airflow/.local/lib/python3.7/site-packages/airflow/example_dags/example_latest_only.py
[2022-11-22T19:52:33.338+0000] {logging_mixin.py:137} INFO - [2022-11-22T19:52:33.337+0000] {dag.py:2585} INFO - Sync 1 DAGs
[2022-11-22T19:52:33.352+0000] {logging_mixin.py:137} INFO - [2022-11-22T19:52:33.352+0000] {dag.py:3340} INFO - Setting next_dagrun for latest_only to 2022-11-22T15:52:33.352366+00:00, run_after=2022-11-22T19:52:33.352366+00:00
[2022-11-22T19:52:33.363+0000] {processor.py:176} INFO - Processing /home/airflow/.local/lib/python3.7/site-packages/airflow/example_dags/example_latest_only.py took 0.067 seconds
[2022-11-22T19:53:04.306+0000] {processor.py:154} INFO - Started process (PID=3257) to work on /home/airflow/.local/lib/python3.7/site-packages/airflow/example_dags/example_latest_only.py
[2022-11-22T19:53:04.308+0000] {processor.py:756} INFO - Processing file /home/airflow/.local/lib/python3.7/site-packages/airflow/example_dags/example_latest_only.py for tasks to queue
[2022-11-22T19:53:04.309+0000] {logging_mixin.py:137} INFO - [2022-11-22T19:53:04.309+0000] {dagbag.py:537} INFO - Filling up the DagBag from /home/airflow/.local/lib/python3.7/site-packages/airflow/example_dags/example_latest_only.py
[2022-11-22T19:53:04.323+0000] {processor.py:766} INFO - DAG(s) dict_keys(['latest_only']) retrieved from /home/airflow/.local/lib/python3.7/site-packages/airflow/example_dags/example_latest_only.py
[2022-11-22T19:53:04.353+0000] {logging_mixin.py:137} INFO - [2022-11-22T19:53:04.353+0000] {dag.py:2585} INFO - Sync 1 DAGs
[2022-11-22T19:53:04.369+0000] {logging_mixin.py:137} INFO - [2022-11-22T19:53:04.369+0000] {dag.py:3340} INFO - Setting next_dagrun for latest_only to 2022-11-22T15:53:04.368807+00:00, run_after=2022-11-22T19:53:04.368807+00:00
[2022-11-22T19:53:04.383+0000] {processor.py:176} INFO - Processing /home/airflow/.local/lib/python3.7/site-packages/airflow/example_dags/example_latest_only.py took 0.079 seconds
[2022-11-22T19:53:35.488+0000] {processor.py:154} INFO - Started process (PID=3318) to work on /home/airflow/.local/lib/python3.7/site-packages/airflow/example_dags/example_latest_only.py
[2022-11-22T19:53:35.490+0000] {processor.py:756} INFO - Processing file /home/airflow/.local/lib/python3.7/site-packages/airflow/example_dags/example_latest_only.py for tasks to queue
[2022-11-22T19:53:35.494+0000] {logging_mixin.py:137} INFO - [2022-11-22T19:53:35.494+0000] {dagbag.py:537} INFO - Filling up the DagBag from /home/airflow/.local/lib/python3.7/site-packages/airflow/example_dags/example_latest_only.py
[2022-11-22T19:53:35.510+0000] {processor.py:766} INFO - DAG(s) dict_keys(['latest_only']) retrieved from /home/airflow/.local/lib/python3.7/site-packages/airflow/example_dags/example_latest_only.py
[2022-11-22T19:53:35.543+0000] {logging_mixin.py:137} INFO - [2022-11-22T19:53:35.543+0000] {dag.py:2585} INFO - Sync 1 DAGs
[2022-11-22T19:53:35.563+0000] {logging_mixin.py:137} INFO - [2022-11-22T19:53:35.563+0000] {dag.py:3340} INFO - Setting next_dagrun for latest_only to 2022-11-22T15:53:35.563427+00:00, run_after=2022-11-22T19:53:35.563427+00:00
[2022-11-22T19:53:35.582+0000] {processor.py:176} INFO - Processing /home/airflow/.local/lib/python3.7/site-packages/airflow/example_dags/example_latest_only.py took 0.096 seconds
[2022-11-22T19:54:06.048+0000] {processor.py:154} INFO - Started process (PID=3374) to work on /home/airflow/.local/lib/python3.7/site-packages/airflow/example_dags/example_latest_only.py
[2022-11-22T19:54:06.050+0000] {processor.py:756} INFO - Processing file /home/airflow/.local/lib/python3.7/site-packages/airflow/example_dags/example_latest_only.py for tasks to queue
[2022-11-22T19:54:06.051+0000] {logging_mixin.py:137} INFO - [2022-11-22T19:54:06.051+0000] {dagbag.py:537} INFO - Filling up the DagBag from /home/airflow/.local/lib/python3.7/site-packages/airflow/example_dags/example_latest_only.py
[2022-11-22T19:54:06.061+0000] {processor.py:766} INFO - DAG(s) dict_keys(['latest_only']) retrieved from /home/airflow/.local/lib/python3.7/site-packages/airflow/example_dags/example_latest_only.py
[2022-11-22T19:54:06.088+0000] {logging_mixin.py:137} INFO - [2022-11-22T19:54:06.088+0000] {dag.py:2585} INFO - Sync 1 DAGs
[2022-11-22T19:54:06.103+0000] {logging_mixin.py:137} INFO - [2022-11-22T19:54:06.103+0000] {dag.py:3340} INFO - Setting next_dagrun for latest_only to 2022-11-22T15:54:06.103153+00:00, run_after=2022-11-22T19:54:06.103153+00:00
[2022-11-22T19:54:06.115+0000] {processor.py:176} INFO - Processing /home/airflow/.local/lib/python3.7/site-packages/airflow/example_dags/example_latest_only.py took 0.070 seconds
[2022-11-22T19:54:36.739+0000] {processor.py:154} INFO - Started process (PID=3436) to work on /home/airflow/.local/lib/python3.7/site-packages/airflow/example_dags/example_latest_only.py
[2022-11-22T19:54:36.741+0000] {processor.py:756} INFO - Processing file /home/airflow/.local/lib/python3.7/site-packages/airflow/example_dags/example_latest_only.py for tasks to queue
[2022-11-22T19:54:36.742+0000] {logging_mixin.py:137} INFO - [2022-11-22T19:54:36.742+0000] {dagbag.py:537} INFO - Filling up the DagBag from /home/airflow/.local/lib/python3.7/site-packages/airflow/example_dags/example_latest_only.py
[2022-11-22T19:54:36.754+0000] {processor.py:766} INFO - DAG(s) dict_keys(['latest_only']) retrieved from /home/airflow/.local/lib/python3.7/site-packages/airflow/example_dags/example_latest_only.py
[2022-11-22T19:54:36.780+0000] {logging_mixin.py:137} INFO - [2022-11-22T19:54:36.780+0000] {dag.py:2585} INFO - Sync 1 DAGs
[2022-11-22T19:54:36.794+0000] {logging_mixin.py:137} INFO - [2022-11-22T19:54:36.794+0000] {dag.py:3340} INFO - Setting next_dagrun for latest_only to 2022-11-22T15:54:36.794095+00:00, run_after=2022-11-22T19:54:36.794095+00:00
[2022-11-22T19:54:36.806+0000] {processor.py:176} INFO - Processing /home/airflow/.local/lib/python3.7/site-packages/airflow/example_dags/example_latest_only.py took 0.069 seconds
[2022-11-22T19:55:07.627+0000] {processor.py:154} INFO - Started process (PID=3499) to work on /home/airflow/.local/lib/python3.7/site-packages/airflow/example_dags/example_latest_only.py
[2022-11-22T19:55:07.629+0000] {processor.py:756} INFO - Processing file /home/airflow/.local/lib/python3.7/site-packages/airflow/example_dags/example_latest_only.py for tasks to queue
[2022-11-22T19:55:07.630+0000] {logging_mixin.py:137} INFO - [2022-11-22T19:55:07.630+0000] {dagbag.py:537} INFO - Filling up the DagBag from /home/airflow/.local/lib/python3.7/site-packages/airflow/example_dags/example_latest_only.py
[2022-11-22T19:55:07.640+0000] {processor.py:766} INFO - DAG(s) dict_keys(['latest_only']) retrieved from /home/airflow/.local/lib/python3.7/site-packages/airflow/example_dags/example_latest_only.py
[2022-11-22T19:55:07.666+0000] {logging_mixin.py:137} INFO - [2022-11-22T19:55:07.665+0000] {dag.py:2585} INFO - Sync 1 DAGs
[2022-11-22T19:55:07.682+0000] {logging_mixin.py:137} INFO - [2022-11-22T19:55:07.682+0000] {dag.py:3340} INFO - Setting next_dagrun for latest_only to 2022-11-22T15:55:07.681984+00:00, run_after=2022-11-22T19:55:07.681984+00:00
[2022-11-22T19:55:07.696+0000] {processor.py:176} INFO - Processing /home/airflow/.local/lib/python3.7/site-packages/airflow/example_dags/example_latest_only.py took 0.071 seconds
[2022-11-22T19:55:38.112+0000] {processor.py:154} INFO - Started process (PID=3553) to work on /home/airflow/.local/lib/python3.7/site-packages/airflow/example_dags/example_latest_only.py
[2022-11-22T19:55:38.115+0000] {processor.py:756} INFO - Processing file /home/airflow/.local/lib/python3.7/site-packages/airflow/example_dags/example_latest_only.py for tasks to queue
[2022-11-22T19:55:38.116+0000] {logging_mixin.py:137} INFO - [2022-11-22T19:55:38.116+0000] {dagbag.py:537} INFO - Filling up the DagBag from /home/airflow/.local/lib/python3.7/site-packages/airflow/example_dags/example_latest_only.py
[2022-11-22T19:55:38.126+0000] {processor.py:766} INFO - DAG(s) dict_keys(['latest_only']) retrieved from /home/airflow/.local/lib/python3.7/site-packages/airflow/example_dags/example_latest_only.py
[2022-11-22T19:55:38.154+0000] {logging_mixin.py:137} INFO - [2022-11-22T19:55:38.154+0000] {dag.py:2585} INFO - Sync 1 DAGs
[2022-11-22T19:55:38.172+0000] {logging_mixin.py:137} INFO - [2022-11-22T19:55:38.172+0000] {dag.py:3340} INFO - Setting next_dagrun for latest_only to 2022-11-22T15:55:38.172349+00:00, run_after=2022-11-22T19:55:38.172349+00:00
[2022-11-22T19:55:38.187+0000] {processor.py:176} INFO - Processing /home/airflow/.local/lib/python3.7/site-packages/airflow/example_dags/example_latest_only.py took 0.077 seconds
[2022-11-22T19:56:08.455+0000] {processor.py:154} INFO - Started process (PID=3617) to work on /home/airflow/.local/lib/python3.7/site-packages/airflow/example_dags/example_latest_only.py
[2022-11-22T19:56:08.457+0000] {processor.py:756} INFO - Processing file /home/airflow/.local/lib/python3.7/site-packages/airflow/example_dags/example_latest_only.py for tasks to queue
[2022-11-22T19:56:08.458+0000] {logging_mixin.py:137} INFO - [2022-11-22T19:56:08.458+0000] {dagbag.py:537} INFO - Filling up the DagBag from /home/airflow/.local/lib/python3.7/site-packages/airflow/example_dags/example_latest_only.py
[2022-11-22T19:56:08.469+0000] {processor.py:766} INFO - DAG(s) dict_keys(['latest_only']) retrieved from /home/airflow/.local/lib/python3.7/site-packages/airflow/example_dags/example_latest_only.py
[2022-11-22T19:56:08.499+0000] {logging_mixin.py:137} INFO - [2022-11-22T19:56:08.499+0000] {dag.py:2585} INFO - Sync 1 DAGs
[2022-11-22T19:56:08.518+0000] {logging_mixin.py:137} INFO - [2022-11-22T19:56:08.518+0000] {dag.py:3340} INFO - Setting next_dagrun for latest_only to 2022-11-22T15:56:08.518128+00:00, run_after=2022-11-22T19:56:08.518128+00:00
[2022-11-22T19:56:08.531+0000] {processor.py:176} INFO - Processing /home/airflow/.local/lib/python3.7/site-packages/airflow/example_dags/example_latest_only.py took 0.078 seconds
[2022-11-22T19:56:38.894+0000] {processor.py:154} INFO - Started process (PID=3679) to work on /home/airflow/.local/lib/python3.7/site-packages/airflow/example_dags/example_latest_only.py
[2022-11-22T19:56:38.895+0000] {processor.py:756} INFO - Processing file /home/airflow/.local/lib/python3.7/site-packages/airflow/example_dags/example_latest_only.py for tasks to queue
[2022-11-22T19:56:38.896+0000] {logging_mixin.py:137} INFO - [2022-11-22T19:56:38.896+0000] {dagbag.py:537} INFO - Filling up the DagBag from /home/airflow/.local/lib/python3.7/site-packages/airflow/example_dags/example_latest_only.py
[2022-11-22T19:56:38.907+0000] {processor.py:766} INFO - DAG(s) dict_keys(['latest_only']) retrieved from /home/airflow/.local/lib/python3.7/site-packages/airflow/example_dags/example_latest_only.py
[2022-11-22T19:56:38.933+0000] {logging_mixin.py:137} INFO - [2022-11-22T19:56:38.933+0000] {dag.py:2585} INFO - Sync 1 DAGs
[2022-11-22T19:56:38.949+0000] {logging_mixin.py:137} INFO - [2022-11-22T19:56:38.949+0000] {dag.py:3340} INFO - Setting next_dagrun for latest_only to 2022-11-22T15:56:38.949312+00:00, run_after=2022-11-22T19:56:38.949312+00:00
[2022-11-22T19:56:38.961+0000] {processor.py:176} INFO - Processing /home/airflow/.local/lib/python3.7/site-packages/airflow/example_dags/example_latest_only.py took 0.069 seconds
[2022-11-22T19:57:09.510+0000] {processor.py:154} INFO - Started process (PID=3743) to work on /home/airflow/.local/lib/python3.7/site-packages/airflow/example_dags/example_latest_only.py
[2022-11-22T19:57:09.512+0000] {processor.py:756} INFO - Processing file /home/airflow/.local/lib/python3.7/site-packages/airflow/example_dags/example_latest_only.py for tasks to queue
[2022-11-22T19:57:09.513+0000] {logging_mixin.py:137} INFO - [2022-11-22T19:57:09.513+0000] {dagbag.py:537} INFO - Filling up the DagBag from /home/airflow/.local/lib/python3.7/site-packages/airflow/example_dags/example_latest_only.py
[2022-11-22T19:57:09.522+0000] {processor.py:766} INFO - DAG(s) dict_keys(['latest_only']) retrieved from /home/airflow/.local/lib/python3.7/site-packages/airflow/example_dags/example_latest_only.py
[2022-11-22T19:57:09.556+0000] {logging_mixin.py:137} INFO - [2022-11-22T19:57:09.555+0000] {dag.py:2585} INFO - Sync 1 DAGs
[2022-11-22T19:57:09.590+0000] {logging_mixin.py:137} INFO - [2022-11-22T19:57:09.590+0000] {dag.py:3340} INFO - Setting next_dagrun for latest_only to 2022-11-22T15:57:09.590249+00:00, run_after=2022-11-22T19:57:09.590249+00:00
[2022-11-22T19:57:09.607+0000] {processor.py:176} INFO - Processing /home/airflow/.local/lib/python3.7/site-packages/airflow/example_dags/example_latest_only.py took 0.100 seconds
[2022-11-22T20:30:54.167+0000] {processor.py:154} INFO - Started process (PID=3797) to work on /home/airflow/.local/lib/python3.7/site-packages/airflow/example_dags/example_latest_only.py
[2022-11-22T20:30:54.168+0000] {processor.py:756} INFO - Processing file /home/airflow/.local/lib/python3.7/site-packages/airflow/example_dags/example_latest_only.py for tasks to queue
[2022-11-22T20:30:54.171+0000] {logging_mixin.py:137} INFO - [2022-11-22T20:30:54.171+0000] {dagbag.py:537} INFO - Filling up the DagBag from /home/airflow/.local/lib/python3.7/site-packages/airflow/example_dags/example_latest_only.py
[2022-11-22T20:30:54.184+0000] {processor.py:766} INFO - DAG(s) dict_keys(['latest_only']) retrieved from /home/airflow/.local/lib/python3.7/site-packages/airflow/example_dags/example_latest_only.py
[2022-11-22T20:30:54.217+0000] {logging_mixin.py:137} INFO - [2022-11-22T20:30:54.217+0000] {dag.py:2585} INFO - Sync 1 DAGs
[2022-11-22T20:30:54.239+0000] {logging_mixin.py:137} INFO - [2022-11-22T20:30:54.238+0000] {dag.py:3340} INFO - Setting next_dagrun for latest_only to 2022-11-22T16:30:54.238704+00:00, run_after=2022-11-22T20:30:54.238704+00:00
[2022-11-22T20:30:54.257+0000] {processor.py:176} INFO - Processing /home/airflow/.local/lib/python3.7/site-packages/airflow/example_dags/example_latest_only.py took 0.092 seconds
[2022-11-22T21:34:49.476+0000] {processor.py:154} INFO - Started process (PID=3858) to work on /home/airflow/.local/lib/python3.7/site-packages/airflow/example_dags/example_latest_only.py
[2022-11-22T21:34:49.478+0000] {processor.py:756} INFO - Processing file /home/airflow/.local/lib/python3.7/site-packages/airflow/example_dags/example_latest_only.py for tasks to queue
[2022-11-22T21:34:49.479+0000] {logging_mixin.py:137} INFO - [2022-11-22T21:34:49.479+0000] {dagbag.py:537} INFO - Filling up the DagBag from /home/airflow/.local/lib/python3.7/site-packages/airflow/example_dags/example_latest_only.py
[2022-11-22T21:34:49.502+0000] {processor.py:766} INFO - DAG(s) dict_keys(['latest_only']) retrieved from /home/airflow/.local/lib/python3.7/site-packages/airflow/example_dags/example_latest_only.py
[2022-11-22T21:34:49.562+0000] {logging_mixin.py:137} INFO - [2022-11-22T21:34:49.562+0000] {dag.py:2585} INFO - Sync 1 DAGs
[2022-11-22T21:34:49.592+0000] {logging_mixin.py:137} INFO - [2022-11-22T21:34:49.592+0000] {dag.py:3340} INFO - Setting next_dagrun for latest_only to 2022-11-22T17:34:49.592155+00:00, run_after=2022-11-22T21:34:49.592155+00:00
[2022-11-22T21:34:49.607+0000] {processor.py:176} INFO - Processing /home/airflow/.local/lib/python3.7/site-packages/airflow/example_dags/example_latest_only.py took 0.134 seconds
[2022-11-22T22:39:31.607+0000] {processor.py:154} INFO - Started process (PID=3915) to work on /home/airflow/.local/lib/python3.7/site-packages/airflow/example_dags/example_latest_only.py
[2022-11-22T22:39:31.608+0000] {processor.py:756} INFO - Processing file /home/airflow/.local/lib/python3.7/site-packages/airflow/example_dags/example_latest_only.py for tasks to queue
[2022-11-22T22:39:31.609+0000] {logging_mixin.py:137} INFO - [2022-11-22T22:39:31.609+0000] {dagbag.py:537} INFO - Filling up the DagBag from /home/airflow/.local/lib/python3.7/site-packages/airflow/example_dags/example_latest_only.py
[2022-11-22T22:39:31.620+0000] {processor.py:766} INFO - DAG(s) dict_keys(['latest_only']) retrieved from /home/airflow/.local/lib/python3.7/site-packages/airflow/example_dags/example_latest_only.py
[2022-11-22T22:39:31.648+0000] {logging_mixin.py:137} INFO - [2022-11-22T22:39:31.648+0000] {dag.py:2585} INFO - Sync 1 DAGs
[2022-11-22T22:39:31.669+0000] {logging_mixin.py:137} INFO - [2022-11-22T22:39:31.669+0000] {dag.py:3340} INFO - Setting next_dagrun for latest_only to 2022-11-22T18:39:31.668385+00:00, run_after=2022-11-22T22:39:31.668385+00:00
[2022-11-22T22:39:31.690+0000] {processor.py:176} INFO - Processing /home/airflow/.local/lib/python3.7/site-packages/airflow/example_dags/example_latest_only.py took 0.086 seconds
[2022-11-22T23:47:27.268+0000] {processor.py:154} INFO - Started process (PID=3978) to work on /home/airflow/.local/lib/python3.7/site-packages/airflow/example_dags/example_latest_only.py
[2022-11-22T23:47:27.277+0000] {processor.py:756} INFO - Processing file /home/airflow/.local/lib/python3.7/site-packages/airflow/example_dags/example_latest_only.py for tasks to queue
[2022-11-22T23:47:27.284+0000] {logging_mixin.py:137} INFO - [2022-11-22T23:47:27.284+0000] {dagbag.py:537} INFO - Filling up the DagBag from /home/airflow/.local/lib/python3.7/site-packages/airflow/example_dags/example_latest_only.py
[2022-11-22T23:47:27.519+0000] {processor.py:766} INFO - DAG(s) dict_keys(['latest_only']) retrieved from /home/airflow/.local/lib/python3.7/site-packages/airflow/example_dags/example_latest_only.py
[2022-11-22T23:47:27.673+0000] {logging_mixin.py:137} INFO - [2022-11-22T23:47:27.672+0000] {dag.py:2585} INFO - Sync 1 DAGs
[2022-11-22T23:47:27.716+0000] {logging_mixin.py:137} INFO - [2022-11-22T23:47:27.716+0000] {dag.py:3340} INFO - Setting next_dagrun for latest_only to 2022-11-22T19:47:27.716173+00:00, run_after=2022-11-22T23:47:27.716173+00:00
[2022-11-22T23:47:27.759+0000] {processor.py:176} INFO - Processing /home/airflow/.local/lib/python3.7/site-packages/airflow/example_dags/example_latest_only.py took 0.509 seconds
