[2022-11-22T19:26:21.994+0000] {processor.py:154} INFO - Started process (PID=56) to work on /home/airflow/.local/lib/python3.7/site-packages/airflow/example_dags/example_nested_branch_dag.py
[2022-11-22T19:26:21.997+0000] {processor.py:756} INFO - Processing file /home/airflow/.local/lib/python3.7/site-packages/airflow/example_dags/example_nested_branch_dag.py for tasks to queue
[2022-11-22T19:26:22.009+0000] {logging_mixin.py:137} INFO - [2022-11-22T19:26:22.009+0000] {dagbag.py:537} INFO - Filling up the DagBag from /home/airflow/.local/lib/python3.7/site-packages/airflow/example_dags/example_nested_branch_dag.py
[2022-11-22T19:26:22.072+0000] {processor.py:766} INFO - DAG(s) dict_keys(['example_nested_branch_dag']) retrieved from /home/airflow/.local/lib/python3.7/site-packages/airflow/example_dags/example_nested_branch_dag.py
[2022-11-22T19:26:22.340+0000] {logging_mixin.py:137} INFO - [2022-11-22T19:26:22.339+0000] {manager.py:507} INFO - Created Permission View: can delete on DAG:example_nested_branch_dag
[2022-11-22T19:26:22.405+0000] {logging_mixin.py:137} INFO - [2022-11-22T19:26:22.404+0000] {manager.py:507} INFO - Created Permission View: can read on DAG:example_nested_branch_dag
[2022-11-22T19:26:22.428+0000] {logging_mixin.py:137} INFO - [2022-11-22T19:26:22.427+0000] {manager.py:507} INFO - Created Permission View: can edit on DAG:example_nested_branch_dag
[2022-11-22T19:26:22.431+0000] {logging_mixin.py:137} INFO - [2022-11-22T19:26:22.430+0000] {dag.py:2585} INFO - Sync 1 DAGs
[2022-11-22T19:26:22.453+0000] {logging_mixin.py:137} INFO - [2022-11-22T19:26:22.453+0000] {dag.py:2606} INFO - Creating ORM DAG for example_nested_branch_dag
[2022-11-22T19:26:22.495+0000] {logging_mixin.py:137} INFO - [2022-11-22T19:26:22.495+0000] {dag.py:3340} INFO - Setting next_dagrun for example_nested_branch_dag to 2022-11-21T00:00:00+00:00, run_after=2022-11-22T00:00:00+00:00
[2022-11-22T19:26:22.700+0000] {processor.py:176} INFO - Processing /home/airflow/.local/lib/python3.7/site-packages/airflow/example_dags/example_nested_branch_dag.py took 0.719 seconds
[2022-11-22T19:26:53.661+0000] {processor.py:154} INFO - Started process (PID=119) to work on /home/airflow/.local/lib/python3.7/site-packages/airflow/example_dags/example_nested_branch_dag.py
[2022-11-22T19:26:53.663+0000] {processor.py:756} INFO - Processing file /home/airflow/.local/lib/python3.7/site-packages/airflow/example_dags/example_nested_branch_dag.py for tasks to queue
[2022-11-22T19:26:53.665+0000] {logging_mixin.py:137} INFO - [2022-11-22T19:26:53.665+0000] {dagbag.py:537} INFO - Filling up the DagBag from /home/airflow/.local/lib/python3.7/site-packages/airflow/example_dags/example_nested_branch_dag.py
[2022-11-22T19:26:53.684+0000] {processor.py:766} INFO - DAG(s) dict_keys(['example_nested_branch_dag']) retrieved from /home/airflow/.local/lib/python3.7/site-packages/airflow/example_dags/example_nested_branch_dag.py
[2022-11-22T19:26:53.725+0000] {logging_mixin.py:137} INFO - [2022-11-22T19:26:53.725+0000] {dag.py:2585} INFO - Sync 1 DAGs
[2022-11-22T19:26:53.771+0000] {logging_mixin.py:137} INFO - [2022-11-22T19:26:53.770+0000] {dag.py:3340} INFO - Setting next_dagrun for example_nested_branch_dag to 2022-11-21T00:00:00+00:00, run_after=2022-11-22T00:00:00+00:00
[2022-11-22T19:26:53.813+0000] {processor.py:176} INFO - Processing /home/airflow/.local/lib/python3.7/site-packages/airflow/example_dags/example_nested_branch_dag.py took 0.155 seconds
[2022-11-22T19:27:23.870+0000] {processor.py:154} INFO - Started process (PID=174) to work on /home/airflow/.local/lib/python3.7/site-packages/airflow/example_dags/example_nested_branch_dag.py
[2022-11-22T19:27:23.872+0000] {processor.py:756} INFO - Processing file /home/airflow/.local/lib/python3.7/site-packages/airflow/example_dags/example_nested_branch_dag.py for tasks to queue
[2022-11-22T19:27:23.873+0000] {logging_mixin.py:137} INFO - [2022-11-22T19:27:23.873+0000] {dagbag.py:537} INFO - Filling up the DagBag from /home/airflow/.local/lib/python3.7/site-packages/airflow/example_dags/example_nested_branch_dag.py
[2022-11-22T19:27:23.890+0000] {processor.py:766} INFO - DAG(s) dict_keys(['example_nested_branch_dag']) retrieved from /home/airflow/.local/lib/python3.7/site-packages/airflow/example_dags/example_nested_branch_dag.py
[2022-11-22T19:27:23.920+0000] {logging_mixin.py:137} INFO - [2022-11-22T19:27:23.920+0000] {dag.py:2585} INFO - Sync 1 DAGs
[2022-11-22T19:27:23.938+0000] {logging_mixin.py:137} INFO - [2022-11-22T19:27:23.938+0000] {dag.py:3340} INFO - Setting next_dagrun for example_nested_branch_dag to 2022-11-21T00:00:00+00:00, run_after=2022-11-22T00:00:00+00:00
[2022-11-22T19:27:23.954+0000] {processor.py:176} INFO - Processing /home/airflow/.local/lib/python3.7/site-packages/airflow/example_dags/example_nested_branch_dag.py took 0.086 seconds
[2022-11-22T19:27:54.250+0000] {processor.py:154} INFO - Started process (PID=238) to work on /home/airflow/.local/lib/python3.7/site-packages/airflow/example_dags/example_nested_branch_dag.py
[2022-11-22T19:27:54.253+0000] {processor.py:756} INFO - Processing file /home/airflow/.local/lib/python3.7/site-packages/airflow/example_dags/example_nested_branch_dag.py for tasks to queue
[2022-11-22T19:27:54.255+0000] {logging_mixin.py:137} INFO - [2022-11-22T19:27:54.255+0000] {dagbag.py:537} INFO - Filling up the DagBag from /home/airflow/.local/lib/python3.7/site-packages/airflow/example_dags/example_nested_branch_dag.py
[2022-11-22T19:27:54.278+0000] {processor.py:766} INFO - DAG(s) dict_keys(['example_nested_branch_dag']) retrieved from /home/airflow/.local/lib/python3.7/site-packages/airflow/example_dags/example_nested_branch_dag.py
[2022-11-22T19:27:54.311+0000] {logging_mixin.py:137} INFO - [2022-11-22T19:27:54.310+0000] {dag.py:2585} INFO - Sync 1 DAGs
[2022-11-22T19:27:54.330+0000] {logging_mixin.py:137} INFO - [2022-11-22T19:27:54.330+0000] {dag.py:3340} INFO - Setting next_dagrun for example_nested_branch_dag to 2022-11-21T00:00:00+00:00, run_after=2022-11-22T00:00:00+00:00
[2022-11-22T19:27:54.344+0000] {processor.py:176} INFO - Processing /home/airflow/.local/lib/python3.7/site-packages/airflow/example_dags/example_nested_branch_dag.py took 0.097 seconds
[2022-11-22T19:28:24.690+0000] {processor.py:154} INFO - Started process (PID=300) to work on /home/airflow/.local/lib/python3.7/site-packages/airflow/example_dags/example_nested_branch_dag.py
[2022-11-22T19:28:24.692+0000] {processor.py:756} INFO - Processing file /home/airflow/.local/lib/python3.7/site-packages/airflow/example_dags/example_nested_branch_dag.py for tasks to queue
[2022-11-22T19:28:24.694+0000] {logging_mixin.py:137} INFO - [2022-11-22T19:28:24.694+0000] {dagbag.py:537} INFO - Filling up the DagBag from /home/airflow/.local/lib/python3.7/site-packages/airflow/example_dags/example_nested_branch_dag.py
[2022-11-22T19:28:24.738+0000] {processor.py:766} INFO - DAG(s) dict_keys(['example_nested_branch_dag']) retrieved from /home/airflow/.local/lib/python3.7/site-packages/airflow/example_dags/example_nested_branch_dag.py
[2022-11-22T19:28:24.803+0000] {logging_mixin.py:137} INFO - [2022-11-22T19:28:24.803+0000] {dag.py:2585} INFO - Sync 1 DAGs
[2022-11-22T19:28:24.831+0000] {logging_mixin.py:137} INFO - [2022-11-22T19:28:24.831+0000] {dag.py:3340} INFO - Setting next_dagrun for example_nested_branch_dag to 2022-11-21T00:00:00+00:00, run_after=2022-11-22T00:00:00+00:00
[2022-11-22T19:28:24.855+0000] {processor.py:176} INFO - Processing /home/airflow/.local/lib/python3.7/site-packages/airflow/example_dags/example_nested_branch_dag.py took 0.167 seconds
[2022-11-22T19:28:54.949+0000] {processor.py:154} INFO - Started process (PID=362) to work on /home/airflow/.local/lib/python3.7/site-packages/airflow/example_dags/example_nested_branch_dag.py
[2022-11-22T19:28:54.951+0000] {processor.py:756} INFO - Processing file /home/airflow/.local/lib/python3.7/site-packages/airflow/example_dags/example_nested_branch_dag.py for tasks to queue
[2022-11-22T19:28:54.952+0000] {logging_mixin.py:137} INFO - [2022-11-22T19:28:54.952+0000] {dagbag.py:537} INFO - Filling up the DagBag from /home/airflow/.local/lib/python3.7/site-packages/airflow/example_dags/example_nested_branch_dag.py
[2022-11-22T19:28:54.970+0000] {processor.py:766} INFO - DAG(s) dict_keys(['example_nested_branch_dag']) retrieved from /home/airflow/.local/lib/python3.7/site-packages/airflow/example_dags/example_nested_branch_dag.py
[2022-11-22T19:28:55.012+0000] {logging_mixin.py:137} INFO - [2022-11-22T19:28:55.012+0000] {dag.py:2585} INFO - Sync 1 DAGs
[2022-11-22T19:28:55.039+0000] {logging_mixin.py:137} INFO - [2022-11-22T19:28:55.039+0000] {dag.py:3340} INFO - Setting next_dagrun for example_nested_branch_dag to 2022-11-21T00:00:00+00:00, run_after=2022-11-22T00:00:00+00:00
[2022-11-22T19:28:55.054+0000] {processor.py:176} INFO - Processing /home/airflow/.local/lib/python3.7/site-packages/airflow/example_dags/example_nested_branch_dag.py took 0.107 seconds
[2022-11-22T19:29:25.657+0000] {processor.py:154} INFO - Started process (PID=417) to work on /home/airflow/.local/lib/python3.7/site-packages/airflow/example_dags/example_nested_branch_dag.py
[2022-11-22T19:29:25.659+0000] {processor.py:756} INFO - Processing file /home/airflow/.local/lib/python3.7/site-packages/airflow/example_dags/example_nested_branch_dag.py for tasks to queue
[2022-11-22T19:29:25.661+0000] {logging_mixin.py:137} INFO - [2022-11-22T19:29:25.661+0000] {dagbag.py:537} INFO - Filling up the DagBag from /home/airflow/.local/lib/python3.7/site-packages/airflow/example_dags/example_nested_branch_dag.py
[2022-11-22T19:29:25.683+0000] {processor.py:766} INFO - DAG(s) dict_keys(['example_nested_branch_dag']) retrieved from /home/airflow/.local/lib/python3.7/site-packages/airflow/example_dags/example_nested_branch_dag.py
[2022-11-22T19:29:25.714+0000] {logging_mixin.py:137} INFO - [2022-11-22T19:29:25.714+0000] {dag.py:2585} INFO - Sync 1 DAGs
[2022-11-22T19:29:25.732+0000] {logging_mixin.py:137} INFO - [2022-11-22T19:29:25.732+0000] {dag.py:3340} INFO - Setting next_dagrun for example_nested_branch_dag to 2022-11-21T00:00:00+00:00, run_after=2022-11-22T00:00:00+00:00
[2022-11-22T19:29:25.743+0000] {processor.py:176} INFO - Processing /home/airflow/.local/lib/python3.7/site-packages/airflow/example_dags/example_nested_branch_dag.py took 0.091 seconds
[2022-11-22T19:29:56.242+0000] {processor.py:154} INFO - Started process (PID=480) to work on /home/airflow/.local/lib/python3.7/site-packages/airflow/example_dags/example_nested_branch_dag.py
[2022-11-22T19:29:56.245+0000] {processor.py:756} INFO - Processing file /home/airflow/.local/lib/python3.7/site-packages/airflow/example_dags/example_nested_branch_dag.py for tasks to queue
[2022-11-22T19:29:56.248+0000] {logging_mixin.py:137} INFO - [2022-11-22T19:29:56.248+0000] {dagbag.py:537} INFO - Filling up the DagBag from /home/airflow/.local/lib/python3.7/site-packages/airflow/example_dags/example_nested_branch_dag.py
[2022-11-22T19:29:56.284+0000] {processor.py:766} INFO - DAG(s) dict_keys(['example_nested_branch_dag']) retrieved from /home/airflow/.local/lib/python3.7/site-packages/airflow/example_dags/example_nested_branch_dag.py
[2022-11-22T19:29:56.319+0000] {logging_mixin.py:137} INFO - [2022-11-22T19:29:56.319+0000] {dag.py:2585} INFO - Sync 1 DAGs
[2022-11-22T19:29:56.336+0000] {logging_mixin.py:137} INFO - [2022-11-22T19:29:56.336+0000] {dag.py:3340} INFO - Setting next_dagrun for example_nested_branch_dag to 2022-11-21T00:00:00+00:00, run_after=2022-11-22T00:00:00+00:00
[2022-11-22T19:29:56.347+0000] {processor.py:176} INFO - Processing /home/airflow/.local/lib/python3.7/site-packages/airflow/example_dags/example_nested_branch_dag.py took 0.111 seconds
[2022-11-22T19:30:26.787+0000] {processor.py:154} INFO - Started process (PID=544) to work on /home/airflow/.local/lib/python3.7/site-packages/airflow/example_dags/example_nested_branch_dag.py
[2022-11-22T19:30:26.796+0000] {processor.py:756} INFO - Processing file /home/airflow/.local/lib/python3.7/site-packages/airflow/example_dags/example_nested_branch_dag.py for tasks to queue
[2022-11-22T19:30:26.798+0000] {logging_mixin.py:137} INFO - [2022-11-22T19:30:26.798+0000] {dagbag.py:537} INFO - Filling up the DagBag from /home/airflow/.local/lib/python3.7/site-packages/airflow/example_dags/example_nested_branch_dag.py
[2022-11-22T19:30:26.830+0000] {processor.py:766} INFO - DAG(s) dict_keys(['example_nested_branch_dag']) retrieved from /home/airflow/.local/lib/python3.7/site-packages/airflow/example_dags/example_nested_branch_dag.py
[2022-11-22T19:30:26.894+0000] {logging_mixin.py:137} INFO - [2022-11-22T19:30:26.894+0000] {dag.py:2585} INFO - Sync 1 DAGs
[2022-11-22T19:30:26.916+0000] {logging_mixin.py:137} INFO - [2022-11-22T19:30:26.916+0000] {dag.py:3340} INFO - Setting next_dagrun for example_nested_branch_dag to 2022-11-21T00:00:00+00:00, run_after=2022-11-22T00:00:00+00:00
[2022-11-22T19:30:26.939+0000] {processor.py:176} INFO - Processing /home/airflow/.local/lib/python3.7/site-packages/airflow/example_dags/example_nested_branch_dag.py took 0.155 seconds
[2022-11-22T19:30:57.735+0000] {processor.py:154} INFO - Started process (PID=607) to work on /home/airflow/.local/lib/python3.7/site-packages/airflow/example_dags/example_nested_branch_dag.py
[2022-11-22T19:30:57.738+0000] {processor.py:756} INFO - Processing file /home/airflow/.local/lib/python3.7/site-packages/airflow/example_dags/example_nested_branch_dag.py for tasks to queue
[2022-11-22T19:30:57.740+0000] {logging_mixin.py:137} INFO - [2022-11-22T19:30:57.740+0000] {dagbag.py:537} INFO - Filling up the DagBag from /home/airflow/.local/lib/python3.7/site-packages/airflow/example_dags/example_nested_branch_dag.py
[2022-11-22T19:30:57.771+0000] {processor.py:766} INFO - DAG(s) dict_keys(['example_nested_branch_dag']) retrieved from /home/airflow/.local/lib/python3.7/site-packages/airflow/example_dags/example_nested_branch_dag.py
[2022-11-22T19:30:57.805+0000] {logging_mixin.py:137} INFO - [2022-11-22T19:30:57.805+0000] {dag.py:2585} INFO - Sync 1 DAGs
[2022-11-22T19:30:57.841+0000] {logging_mixin.py:137} INFO - [2022-11-22T19:30:57.841+0000] {dag.py:3340} INFO - Setting next_dagrun for example_nested_branch_dag to 2022-11-21T00:00:00+00:00, run_after=2022-11-22T00:00:00+00:00
[2022-11-22T19:30:57.857+0000] {processor.py:176} INFO - Processing /home/airflow/.local/lib/python3.7/site-packages/airflow/example_dags/example_nested_branch_dag.py took 0.127 seconds
[2022-11-22T19:31:28.632+0000] {processor.py:154} INFO - Started process (PID=669) to work on /home/airflow/.local/lib/python3.7/site-packages/airflow/example_dags/example_nested_branch_dag.py
[2022-11-22T19:31:28.642+0000] {processor.py:756} INFO - Processing file /home/airflow/.local/lib/python3.7/site-packages/airflow/example_dags/example_nested_branch_dag.py for tasks to queue
[2022-11-22T19:31:28.646+0000] {logging_mixin.py:137} INFO - [2022-11-22T19:31:28.645+0000] {dagbag.py:537} INFO - Filling up the DagBag from /home/airflow/.local/lib/python3.7/site-packages/airflow/example_dags/example_nested_branch_dag.py
[2022-11-22T19:31:28.690+0000] {processor.py:766} INFO - DAG(s) dict_keys(['example_nested_branch_dag']) retrieved from /home/airflow/.local/lib/python3.7/site-packages/airflow/example_dags/example_nested_branch_dag.py
[2022-11-22T19:31:28.742+0000] {logging_mixin.py:137} INFO - [2022-11-22T19:31:28.742+0000] {dag.py:2585} INFO - Sync 1 DAGs
[2022-11-22T19:31:28.766+0000] {logging_mixin.py:137} INFO - [2022-11-22T19:31:28.765+0000] {dag.py:3340} INFO - Setting next_dagrun for example_nested_branch_dag to 2022-11-21T00:00:00+00:00, run_after=2022-11-22T00:00:00+00:00
[2022-11-22T19:31:28.793+0000] {processor.py:176} INFO - Processing /home/airflow/.local/lib/python3.7/site-packages/airflow/example_dags/example_nested_branch_dag.py took 0.165 seconds
[2022-11-22T19:31:59.353+0000] {processor.py:154} INFO - Started process (PID=725) to work on /home/airflow/.local/lib/python3.7/site-packages/airflow/example_dags/example_nested_branch_dag.py
[2022-11-22T19:31:59.356+0000] {processor.py:756} INFO - Processing file /home/airflow/.local/lib/python3.7/site-packages/airflow/example_dags/example_nested_branch_dag.py for tasks to queue
[2022-11-22T19:31:59.357+0000] {logging_mixin.py:137} INFO - [2022-11-22T19:31:59.357+0000] {dagbag.py:537} INFO - Filling up the DagBag from /home/airflow/.local/lib/python3.7/site-packages/airflow/example_dags/example_nested_branch_dag.py
[2022-11-22T19:31:59.380+0000] {processor.py:766} INFO - DAG(s) dict_keys(['example_nested_branch_dag']) retrieved from /home/airflow/.local/lib/python3.7/site-packages/airflow/example_dags/example_nested_branch_dag.py
[2022-11-22T19:31:59.409+0000] {logging_mixin.py:137} INFO - [2022-11-22T19:31:59.409+0000] {dag.py:2585} INFO - Sync 1 DAGs
[2022-11-22T19:31:59.426+0000] {logging_mixin.py:137} INFO - [2022-11-22T19:31:59.426+0000] {dag.py:3340} INFO - Setting next_dagrun for example_nested_branch_dag to 2022-11-21T00:00:00+00:00, run_after=2022-11-22T00:00:00+00:00
[2022-11-22T19:31:59.437+0000] {processor.py:176} INFO - Processing /home/airflow/.local/lib/python3.7/site-packages/airflow/example_dags/example_nested_branch_dag.py took 0.087 seconds
[2022-11-22T19:32:29.876+0000] {processor.py:154} INFO - Started process (PID=788) to work on /home/airflow/.local/lib/python3.7/site-packages/airflow/example_dags/example_nested_branch_dag.py
[2022-11-22T19:32:29.878+0000] {processor.py:756} INFO - Processing file /home/airflow/.local/lib/python3.7/site-packages/airflow/example_dags/example_nested_branch_dag.py for tasks to queue
[2022-11-22T19:32:29.881+0000] {logging_mixin.py:137} INFO - [2022-11-22T19:32:29.881+0000] {dagbag.py:537} INFO - Filling up the DagBag from /home/airflow/.local/lib/python3.7/site-packages/airflow/example_dags/example_nested_branch_dag.py
[2022-11-22T19:32:29.911+0000] {processor.py:766} INFO - DAG(s) dict_keys(['example_nested_branch_dag']) retrieved from /home/airflow/.local/lib/python3.7/site-packages/airflow/example_dags/example_nested_branch_dag.py
[2022-11-22T19:32:29.953+0000] {logging_mixin.py:137} INFO - [2022-11-22T19:32:29.953+0000] {dag.py:2585} INFO - Sync 1 DAGs
[2022-11-22T19:32:29.979+0000] {logging_mixin.py:137} INFO - [2022-11-22T19:32:29.979+0000] {dag.py:3340} INFO - Setting next_dagrun for example_nested_branch_dag to 2022-11-21T00:00:00+00:00, run_after=2022-11-22T00:00:00+00:00
[2022-11-22T19:32:29.993+0000] {processor.py:176} INFO - Processing /home/airflow/.local/lib/python3.7/site-packages/airflow/example_dags/example_nested_branch_dag.py took 0.121 seconds
[2022-11-22T19:33:00.748+0000] {processor.py:154} INFO - Started process (PID=851) to work on /home/airflow/.local/lib/python3.7/site-packages/airflow/example_dags/example_nested_branch_dag.py
[2022-11-22T19:33:00.751+0000] {processor.py:756} INFO - Processing file /home/airflow/.local/lib/python3.7/site-packages/airflow/example_dags/example_nested_branch_dag.py for tasks to queue
[2022-11-22T19:33:00.753+0000] {logging_mixin.py:137} INFO - [2022-11-22T19:33:00.753+0000] {dagbag.py:537} INFO - Filling up the DagBag from /home/airflow/.local/lib/python3.7/site-packages/airflow/example_dags/example_nested_branch_dag.py
[2022-11-22T19:33:00.773+0000] {processor.py:766} INFO - DAG(s) dict_keys(['example_nested_branch_dag']) retrieved from /home/airflow/.local/lib/python3.7/site-packages/airflow/example_dags/example_nested_branch_dag.py
[2022-11-22T19:33:00.807+0000] {logging_mixin.py:137} INFO - [2022-11-22T19:33:00.807+0000] {dag.py:2585} INFO - Sync 1 DAGs
[2022-11-22T19:33:00.828+0000] {logging_mixin.py:137} INFO - [2022-11-22T19:33:00.828+0000] {dag.py:3340} INFO - Setting next_dagrun for example_nested_branch_dag to 2022-11-21T00:00:00+00:00, run_after=2022-11-22T00:00:00+00:00
[2022-11-22T19:33:00.844+0000] {processor.py:176} INFO - Processing /home/airflow/.local/lib/python3.7/site-packages/airflow/example_dags/example_nested_branch_dag.py took 0.100 seconds
[2022-11-22T19:33:31.282+0000] {processor.py:154} INFO - Started process (PID=914) to work on /home/airflow/.local/lib/python3.7/site-packages/airflow/example_dags/example_nested_branch_dag.py
[2022-11-22T19:33:31.284+0000] {processor.py:756} INFO - Processing file /home/airflow/.local/lib/python3.7/site-packages/airflow/example_dags/example_nested_branch_dag.py for tasks to queue
[2022-11-22T19:33:31.286+0000] {logging_mixin.py:137} INFO - [2022-11-22T19:33:31.286+0000] {dagbag.py:537} INFO - Filling up the DagBag from /home/airflow/.local/lib/python3.7/site-packages/airflow/example_dags/example_nested_branch_dag.py
[2022-11-22T19:33:31.312+0000] {processor.py:766} INFO - DAG(s) dict_keys(['example_nested_branch_dag']) retrieved from /home/airflow/.local/lib/python3.7/site-packages/airflow/example_dags/example_nested_branch_dag.py
[2022-11-22T19:33:31.341+0000] {logging_mixin.py:137} INFO - [2022-11-22T19:33:31.341+0000] {dag.py:2585} INFO - Sync 1 DAGs
[2022-11-22T19:33:31.355+0000] {logging_mixin.py:137} INFO - [2022-11-22T19:33:31.358+0000] {dag.py:3340} INFO - Setting next_dagrun for example_nested_branch_dag to 2022-11-21T00:00:00+00:00, run_after=2022-11-22T00:00:00+00:00
[2022-11-22T19:33:31.367+0000] {processor.py:176} INFO - Processing /home/airflow/.local/lib/python3.7/site-packages/airflow/example_dags/example_nested_branch_dag.py took 0.092 seconds
[2022-11-22T19:34:02.132+0000] {processor.py:154} INFO - Started process (PID=975) to work on /home/airflow/.local/lib/python3.7/site-packages/airflow/example_dags/example_nested_branch_dag.py
[2022-11-22T19:34:02.134+0000] {processor.py:756} INFO - Processing file /home/airflow/.local/lib/python3.7/site-packages/airflow/example_dags/example_nested_branch_dag.py for tasks to queue
[2022-11-22T19:34:02.136+0000] {logging_mixin.py:137} INFO - [2022-11-22T19:34:02.136+0000] {dagbag.py:537} INFO - Filling up the DagBag from /home/airflow/.local/lib/python3.7/site-packages/airflow/example_dags/example_nested_branch_dag.py
[2022-11-22T19:34:02.176+0000] {processor.py:766} INFO - DAG(s) dict_keys(['example_nested_branch_dag']) retrieved from /home/airflow/.local/lib/python3.7/site-packages/airflow/example_dags/example_nested_branch_dag.py
[2022-11-22T19:34:02.230+0000] {logging_mixin.py:137} INFO - [2022-11-22T19:34:02.229+0000] {dag.py:2585} INFO - Sync 1 DAGs
[2022-11-22T19:34:02.256+0000] {logging_mixin.py:137} INFO - [2022-11-22T19:34:02.256+0000] {dag.py:3340} INFO - Setting next_dagrun for example_nested_branch_dag to 2022-11-21T00:00:00+00:00, run_after=2022-11-22T00:00:00+00:00
[2022-11-22T19:34:02.274+0000] {processor.py:176} INFO - Processing /home/airflow/.local/lib/python3.7/site-packages/airflow/example_dags/example_nested_branch_dag.py took 0.145 seconds
[2022-11-22T19:34:32.486+0000] {processor.py:154} INFO - Started process (PID=1031) to work on /home/airflow/.local/lib/python3.7/site-packages/airflow/example_dags/example_nested_branch_dag.py
[2022-11-22T19:34:32.488+0000] {processor.py:756} INFO - Processing file /home/airflow/.local/lib/python3.7/site-packages/airflow/example_dags/example_nested_branch_dag.py for tasks to queue
[2022-11-22T19:34:32.490+0000] {logging_mixin.py:137} INFO - [2022-11-22T19:34:32.490+0000] {dagbag.py:537} INFO - Filling up the DagBag from /home/airflow/.local/lib/python3.7/site-packages/airflow/example_dags/example_nested_branch_dag.py
[2022-11-22T19:34:32.510+0000] {processor.py:766} INFO - DAG(s) dict_keys(['example_nested_branch_dag']) retrieved from /home/airflow/.local/lib/python3.7/site-packages/airflow/example_dags/example_nested_branch_dag.py
[2022-11-22T19:34:32.550+0000] {logging_mixin.py:137} INFO - [2022-11-22T19:34:32.549+0000] {dag.py:2585} INFO - Sync 1 DAGs
[2022-11-22T19:34:32.570+0000] {logging_mixin.py:137} INFO - [2022-11-22T19:34:32.570+0000] {dag.py:3340} INFO - Setting next_dagrun for example_nested_branch_dag to 2022-11-21T00:00:00+00:00, run_after=2022-11-22T00:00:00+00:00
[2022-11-22T19:34:32.585+0000] {processor.py:176} INFO - Processing /home/airflow/.local/lib/python3.7/site-packages/airflow/example_dags/example_nested_branch_dag.py took 0.103 seconds
[2022-11-22T19:35:03.386+0000] {processor.py:154} INFO - Started process (PID=1096) to work on /home/airflow/.local/lib/python3.7/site-packages/airflow/example_dags/example_nested_branch_dag.py
[2022-11-22T19:35:03.389+0000] {processor.py:756} INFO - Processing file /home/airflow/.local/lib/python3.7/site-packages/airflow/example_dags/example_nested_branch_dag.py for tasks to queue
[2022-11-22T19:35:03.391+0000] {logging_mixin.py:137} INFO - [2022-11-22T19:35:03.391+0000] {dagbag.py:537} INFO - Filling up the DagBag from /home/airflow/.local/lib/python3.7/site-packages/airflow/example_dags/example_nested_branch_dag.py
[2022-11-22T19:35:03.411+0000] {processor.py:766} INFO - DAG(s) dict_keys(['example_nested_branch_dag']) retrieved from /home/airflow/.local/lib/python3.7/site-packages/airflow/example_dags/example_nested_branch_dag.py
[2022-11-22T19:35:03.451+0000] {logging_mixin.py:137} INFO - [2022-11-22T19:35:03.451+0000] {dag.py:2585} INFO - Sync 1 DAGs
[2022-11-22T19:35:03.479+0000] {logging_mixin.py:137} INFO - [2022-11-22T19:35:03.479+0000] {dag.py:3340} INFO - Setting next_dagrun for example_nested_branch_dag to 2022-11-21T00:00:00+00:00, run_after=2022-11-22T00:00:00+00:00
[2022-11-22T19:35:03.500+0000] {processor.py:176} INFO - Processing /home/airflow/.local/lib/python3.7/site-packages/airflow/example_dags/example_nested_branch_dag.py took 0.119 seconds
[2022-11-22T19:35:33.658+0000] {processor.py:154} INFO - Started process (PID=1158) to work on /home/airflow/.local/lib/python3.7/site-packages/airflow/example_dags/example_nested_branch_dag.py
[2022-11-22T19:35:33.659+0000] {processor.py:756} INFO - Processing file /home/airflow/.local/lib/python3.7/site-packages/airflow/example_dags/example_nested_branch_dag.py for tasks to queue
[2022-11-22T19:35:33.661+0000] {logging_mixin.py:137} INFO - [2022-11-22T19:35:33.660+0000] {dagbag.py:537} INFO - Filling up the DagBag from /home/airflow/.local/lib/python3.7/site-packages/airflow/example_dags/example_nested_branch_dag.py
[2022-11-22T19:35:33.680+0000] {processor.py:766} INFO - DAG(s) dict_keys(['example_nested_branch_dag']) retrieved from /home/airflow/.local/lib/python3.7/site-packages/airflow/example_dags/example_nested_branch_dag.py
[2022-11-22T19:35:33.711+0000] {logging_mixin.py:137} INFO - [2022-11-22T19:35:33.710+0000] {dag.py:2585} INFO - Sync 1 DAGs
[2022-11-22T19:35:33.728+0000] {logging_mixin.py:137} INFO - [2022-11-22T19:35:33.728+0000] {dag.py:3340} INFO - Setting next_dagrun for example_nested_branch_dag to 2022-11-21T00:00:00+00:00, run_after=2022-11-22T00:00:00+00:00
[2022-11-22T19:35:33.743+0000] {processor.py:176} INFO - Processing /home/airflow/.local/lib/python3.7/site-packages/airflow/example_dags/example_nested_branch_dag.py took 0.089 seconds
[2022-11-22T19:36:04.654+0000] {processor.py:154} INFO - Started process (PID=1220) to work on /home/airflow/.local/lib/python3.7/site-packages/airflow/example_dags/example_nested_branch_dag.py
[2022-11-22T19:36:04.657+0000] {processor.py:756} INFO - Processing file /home/airflow/.local/lib/python3.7/site-packages/airflow/example_dags/example_nested_branch_dag.py for tasks to queue
[2022-11-22T19:36:04.659+0000] {logging_mixin.py:137} INFO - [2022-11-22T19:36:04.658+0000] {dagbag.py:537} INFO - Filling up the DagBag from /home/airflow/.local/lib/python3.7/site-packages/airflow/example_dags/example_nested_branch_dag.py
[2022-11-22T19:36:04.704+0000] {processor.py:766} INFO - DAG(s) dict_keys(['example_nested_branch_dag']) retrieved from /home/airflow/.local/lib/python3.7/site-packages/airflow/example_dags/example_nested_branch_dag.py
[2022-11-22T19:36:04.771+0000] {logging_mixin.py:137} INFO - [2022-11-22T19:36:04.771+0000] {dag.py:2585} INFO - Sync 1 DAGs
[2022-11-22T19:36:04.803+0000] {logging_mixin.py:137} INFO - [2022-11-22T19:36:04.802+0000] {dag.py:3340} INFO - Setting next_dagrun for example_nested_branch_dag to 2022-11-21T00:00:00+00:00, run_after=2022-11-22T00:00:00+00:00
[2022-11-22T19:36:04.843+0000] {processor.py:176} INFO - Processing /home/airflow/.local/lib/python3.7/site-packages/airflow/example_dags/example_nested_branch_dag.py took 0.196 seconds
[2022-11-22T19:36:35.146+0000] {processor.py:154} INFO - Started process (PID=1275) to work on /home/airflow/.local/lib/python3.7/site-packages/airflow/example_dags/example_nested_branch_dag.py
[2022-11-22T19:36:35.149+0000] {processor.py:756} INFO - Processing file /home/airflow/.local/lib/python3.7/site-packages/airflow/example_dags/example_nested_branch_dag.py for tasks to queue
[2022-11-22T19:36:35.151+0000] {logging_mixin.py:137} INFO - [2022-11-22T19:36:35.151+0000] {dagbag.py:537} INFO - Filling up the DagBag from /home/airflow/.local/lib/python3.7/site-packages/airflow/example_dags/example_nested_branch_dag.py
[2022-11-22T19:36:35.171+0000] {processor.py:766} INFO - DAG(s) dict_keys(['example_nested_branch_dag']) retrieved from /home/airflow/.local/lib/python3.7/site-packages/airflow/example_dags/example_nested_branch_dag.py
[2022-11-22T19:36:35.208+0000] {logging_mixin.py:137} INFO - [2022-11-22T19:36:35.208+0000] {dag.py:2585} INFO - Sync 1 DAGs
[2022-11-22T19:36:35.230+0000] {logging_mixin.py:137} INFO - [2022-11-22T19:36:35.230+0000] {dag.py:3340} INFO - Setting next_dagrun for example_nested_branch_dag to 2022-11-21T00:00:00+00:00, run_after=2022-11-22T00:00:00+00:00
[2022-11-22T19:36:35.243+0000] {processor.py:176} INFO - Processing /home/airflow/.local/lib/python3.7/site-packages/airflow/example_dags/example_nested_branch_dag.py took 0.104 seconds
[2022-11-22T19:37:06.076+0000] {processor.py:154} INFO - Started process (PID=1338) to work on /home/airflow/.local/lib/python3.7/site-packages/airflow/example_dags/example_nested_branch_dag.py
[2022-11-22T19:37:06.078+0000] {processor.py:756} INFO - Processing file /home/airflow/.local/lib/python3.7/site-packages/airflow/example_dags/example_nested_branch_dag.py for tasks to queue
[2022-11-22T19:37:06.082+0000] {logging_mixin.py:137} INFO - [2022-11-22T19:37:06.082+0000] {dagbag.py:537} INFO - Filling up the DagBag from /home/airflow/.local/lib/python3.7/site-packages/airflow/example_dags/example_nested_branch_dag.py
[2022-11-22T19:37:06.119+0000] {processor.py:766} INFO - DAG(s) dict_keys(['example_nested_branch_dag']) retrieved from /home/airflow/.local/lib/python3.7/site-packages/airflow/example_dags/example_nested_branch_dag.py
[2022-11-22T19:37:06.185+0000] {logging_mixin.py:137} INFO - [2022-11-22T19:37:06.185+0000] {dag.py:2585} INFO - Sync 1 DAGs
[2022-11-22T19:37:06.217+0000] {logging_mixin.py:137} INFO - [2022-11-22T19:37:06.216+0000] {dag.py:3340} INFO - Setting next_dagrun for example_nested_branch_dag to 2022-11-21T00:00:00+00:00, run_after=2022-11-22T00:00:00+00:00
[2022-11-22T19:37:06.235+0000] {processor.py:176} INFO - Processing /home/airflow/.local/lib/python3.7/site-packages/airflow/example_dags/example_nested_branch_dag.py took 0.162 seconds
[2022-11-22T19:37:36.676+0000] {processor.py:154} INFO - Started process (PID=1402) to work on /home/airflow/.local/lib/python3.7/site-packages/airflow/example_dags/example_nested_branch_dag.py
[2022-11-22T19:37:36.678+0000] {processor.py:756} INFO - Processing file /home/airflow/.local/lib/python3.7/site-packages/airflow/example_dags/example_nested_branch_dag.py for tasks to queue
[2022-11-22T19:37:36.680+0000] {logging_mixin.py:137} INFO - [2022-11-22T19:37:36.680+0000] {dagbag.py:537} INFO - Filling up the DagBag from /home/airflow/.local/lib/python3.7/site-packages/airflow/example_dags/example_nested_branch_dag.py
[2022-11-22T19:37:36.704+0000] {processor.py:766} INFO - DAG(s) dict_keys(['example_nested_branch_dag']) retrieved from /home/airflow/.local/lib/python3.7/site-packages/airflow/example_dags/example_nested_branch_dag.py
[2022-11-22T19:37:36.733+0000] {logging_mixin.py:137} INFO - [2022-11-22T19:37:36.733+0000] {dag.py:2585} INFO - Sync 1 DAGs
[2022-11-22T19:37:36.754+0000] {logging_mixin.py:137} INFO - [2022-11-22T19:37:36.754+0000] {dag.py:3340} INFO - Setting next_dagrun for example_nested_branch_dag to 2022-11-21T00:00:00+00:00, run_after=2022-11-22T00:00:00+00:00
[2022-11-22T19:37:36.767+0000] {processor.py:176} INFO - Processing /home/airflow/.local/lib/python3.7/site-packages/airflow/example_dags/example_nested_branch_dag.py took 0.098 seconds
[2022-11-22T19:38:07.289+0000] {processor.py:154} INFO - Started process (PID=1465) to work on /home/airflow/.local/lib/python3.7/site-packages/airflow/example_dags/example_nested_branch_dag.py
[2022-11-22T19:38:07.296+0000] {processor.py:756} INFO - Processing file /home/airflow/.local/lib/python3.7/site-packages/airflow/example_dags/example_nested_branch_dag.py for tasks to queue
[2022-11-22T19:38:07.302+0000] {logging_mixin.py:137} INFO - [2022-11-22T19:38:07.301+0000] {dagbag.py:537} INFO - Filling up the DagBag from /home/airflow/.local/lib/python3.7/site-packages/airflow/example_dags/example_nested_branch_dag.py
[2022-11-22T19:38:07.336+0000] {processor.py:766} INFO - DAG(s) dict_keys(['example_nested_branch_dag']) retrieved from /home/airflow/.local/lib/python3.7/site-packages/airflow/example_dags/example_nested_branch_dag.py
[2022-11-22T19:38:07.378+0000] {logging_mixin.py:137} INFO - [2022-11-22T19:38:07.378+0000] {dag.py:2585} INFO - Sync 1 DAGs
[2022-11-22T19:38:07.400+0000] {logging_mixin.py:137} INFO - [2022-11-22T19:38:07.400+0000] {dag.py:3340} INFO - Setting next_dagrun for example_nested_branch_dag to 2022-11-21T00:00:00+00:00, run_after=2022-11-22T00:00:00+00:00
[2022-11-22T19:38:07.415+0000] {processor.py:176} INFO - Processing /home/airflow/.local/lib/python3.7/site-packages/airflow/example_dags/example_nested_branch_dag.py took 0.137 seconds
[2022-11-22T19:38:37.823+0000] {processor.py:154} INFO - Started process (PID=1519) to work on /home/airflow/.local/lib/python3.7/site-packages/airflow/example_dags/example_nested_branch_dag.py
[2022-11-22T19:38:37.826+0000] {processor.py:756} INFO - Processing file /home/airflow/.local/lib/python3.7/site-packages/airflow/example_dags/example_nested_branch_dag.py for tasks to queue
[2022-11-22T19:38:37.828+0000] {logging_mixin.py:137} INFO - [2022-11-22T19:38:37.828+0000] {dagbag.py:537} INFO - Filling up the DagBag from /home/airflow/.local/lib/python3.7/site-packages/airflow/example_dags/example_nested_branch_dag.py
[2022-11-22T19:38:37.860+0000] {processor.py:766} INFO - DAG(s) dict_keys(['example_nested_branch_dag']) retrieved from /home/airflow/.local/lib/python3.7/site-packages/airflow/example_dags/example_nested_branch_dag.py
[2022-11-22T19:38:37.897+0000] {logging_mixin.py:137} INFO - [2022-11-22T19:38:37.897+0000] {dag.py:2585} INFO - Sync 1 DAGs
[2022-11-22T19:38:37.915+0000] {logging_mixin.py:137} INFO - [2022-11-22T19:38:37.915+0000] {dag.py:3340} INFO - Setting next_dagrun for example_nested_branch_dag to 2022-11-21T00:00:00+00:00, run_after=2022-11-22T00:00:00+00:00
[2022-11-22T19:38:37.929+0000] {processor.py:176} INFO - Processing /home/airflow/.local/lib/python3.7/site-packages/airflow/example_dags/example_nested_branch_dag.py took 0.111 seconds
[2022-11-22T19:39:08.194+0000] {processor.py:154} INFO - Started process (PID=1582) to work on /home/airflow/.local/lib/python3.7/site-packages/airflow/example_dags/example_nested_branch_dag.py
[2022-11-22T19:39:08.196+0000] {processor.py:756} INFO - Processing file /home/airflow/.local/lib/python3.7/site-packages/airflow/example_dags/example_nested_branch_dag.py for tasks to queue
[2022-11-22T19:39:08.198+0000] {logging_mixin.py:137} INFO - [2022-11-22T19:39:08.198+0000] {dagbag.py:537} INFO - Filling up the DagBag from /home/airflow/.local/lib/python3.7/site-packages/airflow/example_dags/example_nested_branch_dag.py
[2022-11-22T19:39:08.250+0000] {processor.py:766} INFO - DAG(s) dict_keys(['example_nested_branch_dag']) retrieved from /home/airflow/.local/lib/python3.7/site-packages/airflow/example_dags/example_nested_branch_dag.py
[2022-11-22T19:39:08.315+0000] {logging_mixin.py:137} INFO - [2022-11-22T19:39:08.315+0000] {dag.py:2585} INFO - Sync 1 DAGs
[2022-11-22T19:39:08.343+0000] {logging_mixin.py:137} INFO - [2022-11-22T19:39:08.343+0000] {dag.py:3340} INFO - Setting next_dagrun for example_nested_branch_dag to 2022-11-21T00:00:00+00:00, run_after=2022-11-22T00:00:00+00:00
[2022-11-22T19:39:08.362+0000] {processor.py:176} INFO - Processing /home/airflow/.local/lib/python3.7/site-packages/airflow/example_dags/example_nested_branch_dag.py took 0.173 seconds
[2022-11-22T19:39:39.310+0000] {processor.py:154} INFO - Started process (PID=1646) to work on /home/airflow/.local/lib/python3.7/site-packages/airflow/example_dags/example_nested_branch_dag.py
[2022-11-22T19:39:39.314+0000] {processor.py:756} INFO - Processing file /home/airflow/.local/lib/python3.7/site-packages/airflow/example_dags/example_nested_branch_dag.py for tasks to queue
[2022-11-22T19:39:39.315+0000] {logging_mixin.py:137} INFO - [2022-11-22T19:39:39.315+0000] {dagbag.py:537} INFO - Filling up the DagBag from /home/airflow/.local/lib/python3.7/site-packages/airflow/example_dags/example_nested_branch_dag.py
[2022-11-22T19:39:39.337+0000] {processor.py:766} INFO - DAG(s) dict_keys(['example_nested_branch_dag']) retrieved from /home/airflow/.local/lib/python3.7/site-packages/airflow/example_dags/example_nested_branch_dag.py
[2022-11-22T19:39:39.394+0000] {logging_mixin.py:137} INFO - [2022-11-22T19:39:39.394+0000] {dag.py:2585} INFO - Sync 1 DAGs
[2022-11-22T19:39:39.418+0000] {logging_mixin.py:137} INFO - [2022-11-22T19:39:39.418+0000] {dag.py:3340} INFO - Setting next_dagrun for example_nested_branch_dag to 2022-11-21T00:00:00+00:00, run_after=2022-11-22T00:00:00+00:00
[2022-11-22T19:39:39.437+0000] {processor.py:176} INFO - Processing /home/airflow/.local/lib/python3.7/site-packages/airflow/example_dags/example_nested_branch_dag.py took 0.131 seconds
[2022-11-22T19:40:09.638+0000] {processor.py:154} INFO - Started process (PID=1709) to work on /home/airflow/.local/lib/python3.7/site-packages/airflow/example_dags/example_nested_branch_dag.py
[2022-11-22T19:40:09.640+0000] {processor.py:756} INFO - Processing file /home/airflow/.local/lib/python3.7/site-packages/airflow/example_dags/example_nested_branch_dag.py for tasks to queue
[2022-11-22T19:40:09.641+0000] {logging_mixin.py:137} INFO - [2022-11-22T19:40:09.641+0000] {dagbag.py:537} INFO - Filling up the DagBag from /home/airflow/.local/lib/python3.7/site-packages/airflow/example_dags/example_nested_branch_dag.py
[2022-11-22T19:40:09.674+0000] {processor.py:766} INFO - DAG(s) dict_keys(['example_nested_branch_dag']) retrieved from /home/airflow/.local/lib/python3.7/site-packages/airflow/example_dags/example_nested_branch_dag.py
[2022-11-22T19:40:09.708+0000] {logging_mixin.py:137} INFO - [2022-11-22T19:40:09.708+0000] {dag.py:2585} INFO - Sync 1 DAGs
[2022-11-22T19:40:09.725+0000] {logging_mixin.py:137} INFO - [2022-11-22T19:40:09.725+0000] {dag.py:3340} INFO - Setting next_dagrun for example_nested_branch_dag to 2022-11-21T00:00:00+00:00, run_after=2022-11-22T00:00:00+00:00
[2022-11-22T19:40:09.736+0000] {processor.py:176} INFO - Processing /home/airflow/.local/lib/python3.7/site-packages/airflow/example_dags/example_nested_branch_dag.py took 0.101 seconds
[2022-11-22T19:40:40.211+0000] {processor.py:154} INFO - Started process (PID=1764) to work on /home/airflow/.local/lib/python3.7/site-packages/airflow/example_dags/example_nested_branch_dag.py
[2022-11-22T19:40:40.214+0000] {processor.py:756} INFO - Processing file /home/airflow/.local/lib/python3.7/site-packages/airflow/example_dags/example_nested_branch_dag.py for tasks to queue
[2022-11-22T19:40:40.215+0000] {logging_mixin.py:137} INFO - [2022-11-22T19:40:40.215+0000] {dagbag.py:537} INFO - Filling up the DagBag from /home/airflow/.local/lib/python3.7/site-packages/airflow/example_dags/example_nested_branch_dag.py
[2022-11-22T19:40:40.237+0000] {processor.py:766} INFO - DAG(s) dict_keys(['example_nested_branch_dag']) retrieved from /home/airflow/.local/lib/python3.7/site-packages/airflow/example_dags/example_nested_branch_dag.py
[2022-11-22T19:40:40.267+0000] {logging_mixin.py:137} INFO - [2022-11-22T19:40:40.267+0000] {dag.py:2585} INFO - Sync 1 DAGs
[2022-11-22T19:40:40.284+0000] {logging_mixin.py:137} INFO - [2022-11-22T19:40:40.283+0000] {dag.py:3340} INFO - Setting next_dagrun for example_nested_branch_dag to 2022-11-21T00:00:00+00:00, run_after=2022-11-22T00:00:00+00:00
[2022-11-22T19:40:40.296+0000] {processor.py:176} INFO - Processing /home/airflow/.local/lib/python3.7/site-packages/airflow/example_dags/example_nested_branch_dag.py took 0.089 seconds
[2022-11-22T19:41:11.079+0000] {processor.py:154} INFO - Started process (PID=1828) to work on /home/airflow/.local/lib/python3.7/site-packages/airflow/example_dags/example_nested_branch_dag.py
[2022-11-22T19:41:11.082+0000] {processor.py:756} INFO - Processing file /home/airflow/.local/lib/python3.7/site-packages/airflow/example_dags/example_nested_branch_dag.py for tasks to queue
[2022-11-22T19:41:11.083+0000] {logging_mixin.py:137} INFO - [2022-11-22T19:41:11.083+0000] {dagbag.py:537} INFO - Filling up the DagBag from /home/airflow/.local/lib/python3.7/site-packages/airflow/example_dags/example_nested_branch_dag.py
[2022-11-22T19:41:11.105+0000] {processor.py:766} INFO - DAG(s) dict_keys(['example_nested_branch_dag']) retrieved from /home/airflow/.local/lib/python3.7/site-packages/airflow/example_dags/example_nested_branch_dag.py
[2022-11-22T19:41:11.147+0000] {logging_mixin.py:137} INFO - [2022-11-22T19:41:11.147+0000] {dag.py:2585} INFO - Sync 1 DAGs
[2022-11-22T19:41:11.165+0000] {logging_mixin.py:137} INFO - [2022-11-22T19:41:11.165+0000] {dag.py:3340} INFO - Setting next_dagrun for example_nested_branch_dag to 2022-11-21T00:00:00+00:00, run_after=2022-11-22T00:00:00+00:00
[2022-11-22T19:41:11.179+0000] {processor.py:176} INFO - Processing /home/airflow/.local/lib/python3.7/site-packages/airflow/example_dags/example_nested_branch_dag.py took 0.105 seconds
[2022-11-22T19:41:41.431+0000] {processor.py:154} INFO - Started process (PID=1892) to work on /home/airflow/.local/lib/python3.7/site-packages/airflow/example_dags/example_nested_branch_dag.py
[2022-11-22T19:41:41.433+0000] {processor.py:756} INFO - Processing file /home/airflow/.local/lib/python3.7/site-packages/airflow/example_dags/example_nested_branch_dag.py for tasks to queue
[2022-11-22T19:41:41.435+0000] {logging_mixin.py:137} INFO - [2022-11-22T19:41:41.435+0000] {dagbag.py:537} INFO - Filling up the DagBag from /home/airflow/.local/lib/python3.7/site-packages/airflow/example_dags/example_nested_branch_dag.py
[2022-11-22T19:41:41.457+0000] {processor.py:766} INFO - DAG(s) dict_keys(['example_nested_branch_dag']) retrieved from /home/airflow/.local/lib/python3.7/site-packages/airflow/example_dags/example_nested_branch_dag.py
[2022-11-22T19:41:41.503+0000] {logging_mixin.py:137} INFO - [2022-11-22T19:41:41.503+0000] {dag.py:2585} INFO - Sync 1 DAGs
[2022-11-22T19:41:41.522+0000] {logging_mixin.py:137} INFO - [2022-11-22T19:41:41.522+0000] {dag.py:3340} INFO - Setting next_dagrun for example_nested_branch_dag to 2022-11-21T00:00:00+00:00, run_after=2022-11-22T00:00:00+00:00
[2022-11-22T19:41:41.535+0000] {processor.py:176} INFO - Processing /home/airflow/.local/lib/python3.7/site-packages/airflow/example_dags/example_nested_branch_dag.py took 0.110 seconds
[2022-11-22T19:42:11.852+0000] {processor.py:154} INFO - Started process (PID=1955) to work on /home/airflow/.local/lib/python3.7/site-packages/airflow/example_dags/example_nested_branch_dag.py
[2022-11-22T19:42:11.854+0000] {processor.py:756} INFO - Processing file /home/airflow/.local/lib/python3.7/site-packages/airflow/example_dags/example_nested_branch_dag.py for tasks to queue
[2022-11-22T19:42:11.856+0000] {logging_mixin.py:137} INFO - [2022-11-22T19:42:11.856+0000] {dagbag.py:537} INFO - Filling up the DagBag from /home/airflow/.local/lib/python3.7/site-packages/airflow/example_dags/example_nested_branch_dag.py
[2022-11-22T19:42:11.887+0000] {processor.py:766} INFO - DAG(s) dict_keys(['example_nested_branch_dag']) retrieved from /home/airflow/.local/lib/python3.7/site-packages/airflow/example_dags/example_nested_branch_dag.py
[2022-11-22T19:42:11.931+0000] {logging_mixin.py:137} INFO - [2022-11-22T19:42:11.930+0000] {dag.py:2585} INFO - Sync 1 DAGs
[2022-11-22T19:42:11.949+0000] {logging_mixin.py:137} INFO - [2022-11-22T19:42:11.949+0000] {dag.py:3340} INFO - Setting next_dagrun for example_nested_branch_dag to 2022-11-21T00:00:00+00:00, run_after=2022-11-22T00:00:00+00:00
[2022-11-22T19:42:11.966+0000] {processor.py:176} INFO - Processing /home/airflow/.local/lib/python3.7/site-packages/airflow/example_dags/example_nested_branch_dag.py took 0.122 seconds
[2022-11-22T19:42:42.950+0000] {processor.py:154} INFO - Started process (PID=2010) to work on /home/airflow/.local/lib/python3.7/site-packages/airflow/example_dags/example_nested_branch_dag.py
[2022-11-22T19:42:42.954+0000] {processor.py:756} INFO - Processing file /home/airflow/.local/lib/python3.7/site-packages/airflow/example_dags/example_nested_branch_dag.py for tasks to queue
[2022-11-22T19:42:42.955+0000] {logging_mixin.py:137} INFO - [2022-11-22T19:42:42.955+0000] {dagbag.py:537} INFO - Filling up the DagBag from /home/airflow/.local/lib/python3.7/site-packages/airflow/example_dags/example_nested_branch_dag.py
[2022-11-22T19:42:42.986+0000] {processor.py:766} INFO - DAG(s) dict_keys(['example_nested_branch_dag']) retrieved from /home/airflow/.local/lib/python3.7/site-packages/airflow/example_dags/example_nested_branch_dag.py
[2022-11-22T19:42:43.031+0000] {logging_mixin.py:137} INFO - [2022-11-22T19:42:43.031+0000] {dag.py:2585} INFO - Sync 1 DAGs
[2022-11-22T19:42:43.051+0000] {logging_mixin.py:137} INFO - [2022-11-22T19:42:43.051+0000] {dag.py:3340} INFO - Setting next_dagrun for example_nested_branch_dag to 2022-11-21T00:00:00+00:00, run_after=2022-11-22T00:00:00+00:00
[2022-11-22T19:42:43.065+0000] {processor.py:176} INFO - Processing /home/airflow/.local/lib/python3.7/site-packages/airflow/example_dags/example_nested_branch_dag.py took 0.123 seconds
[2022-11-22T19:43:13.993+0000] {processor.py:154} INFO - Started process (PID=2072) to work on /home/airflow/.local/lib/python3.7/site-packages/airflow/example_dags/example_nested_branch_dag.py
[2022-11-22T19:43:13.996+0000] {processor.py:756} INFO - Processing file /home/airflow/.local/lib/python3.7/site-packages/airflow/example_dags/example_nested_branch_dag.py for tasks to queue
[2022-11-22T19:43:13.998+0000] {logging_mixin.py:137} INFO - [2022-11-22T19:43:13.998+0000] {dagbag.py:537} INFO - Filling up the DagBag from /home/airflow/.local/lib/python3.7/site-packages/airflow/example_dags/example_nested_branch_dag.py
[2022-11-22T19:43:14.028+0000] {processor.py:766} INFO - DAG(s) dict_keys(['example_nested_branch_dag']) retrieved from /home/airflow/.local/lib/python3.7/site-packages/airflow/example_dags/example_nested_branch_dag.py
[2022-11-22T19:43:14.072+0000] {logging_mixin.py:137} INFO - [2022-11-22T19:43:14.072+0000] {dag.py:2585} INFO - Sync 1 DAGs
[2022-11-22T19:43:14.094+0000] {logging_mixin.py:137} INFO - [2022-11-22T19:43:14.094+0000] {dag.py:3340} INFO - Setting next_dagrun for example_nested_branch_dag to 2022-11-21T00:00:00+00:00, run_after=2022-11-22T00:00:00+00:00
[2022-11-22T19:43:14.108+0000] {processor.py:176} INFO - Processing /home/airflow/.local/lib/python3.7/site-packages/airflow/example_dags/example_nested_branch_dag.py took 0.119 seconds
[2022-11-22T19:43:44.938+0000] {processor.py:154} INFO - Started process (PID=2135) to work on /home/airflow/.local/lib/python3.7/site-packages/airflow/example_dags/example_nested_branch_dag.py
[2022-11-22T19:43:44.941+0000] {processor.py:756} INFO - Processing file /home/airflow/.local/lib/python3.7/site-packages/airflow/example_dags/example_nested_branch_dag.py for tasks to queue
[2022-11-22T19:43:44.943+0000] {logging_mixin.py:137} INFO - [2022-11-22T19:43:44.943+0000] {dagbag.py:537} INFO - Filling up the DagBag from /home/airflow/.local/lib/python3.7/site-packages/airflow/example_dags/example_nested_branch_dag.py
[2022-11-22T19:43:44.967+0000] {processor.py:766} INFO - DAG(s) dict_keys(['example_nested_branch_dag']) retrieved from /home/airflow/.local/lib/python3.7/site-packages/airflow/example_dags/example_nested_branch_dag.py
[2022-11-22T19:43:44.995+0000] {logging_mixin.py:137} INFO - [2022-11-22T19:43:44.995+0000] {dag.py:2585} INFO - Sync 1 DAGs
[2022-11-22T19:43:45.011+0000] {logging_mixin.py:137} INFO - [2022-11-22T19:43:45.011+0000] {dag.py:3340} INFO - Setting next_dagrun for example_nested_branch_dag to 2022-11-21T00:00:00+00:00, run_after=2022-11-22T00:00:00+00:00
[2022-11-22T19:43:45.025+0000] {processor.py:176} INFO - Processing /home/airflow/.local/lib/python3.7/site-packages/airflow/example_dags/example_nested_branch_dag.py took 0.092 seconds
[2022-11-22T19:44:15.463+0000] {processor.py:154} INFO - Started process (PID=2198) to work on /home/airflow/.local/lib/python3.7/site-packages/airflow/example_dags/example_nested_branch_dag.py
[2022-11-22T19:44:15.464+0000] {processor.py:756} INFO - Processing file /home/airflow/.local/lib/python3.7/site-packages/airflow/example_dags/example_nested_branch_dag.py for tasks to queue
[2022-11-22T19:44:15.466+0000] {logging_mixin.py:137} INFO - [2022-11-22T19:44:15.466+0000] {dagbag.py:537} INFO - Filling up the DagBag from /home/airflow/.local/lib/python3.7/site-packages/airflow/example_dags/example_nested_branch_dag.py
[2022-11-22T19:44:15.487+0000] {processor.py:766} INFO - DAG(s) dict_keys(['example_nested_branch_dag']) retrieved from /home/airflow/.local/lib/python3.7/site-packages/airflow/example_dags/example_nested_branch_dag.py
[2022-11-22T19:44:15.522+0000] {logging_mixin.py:137} INFO - [2022-11-22T19:44:15.522+0000] {dag.py:2585} INFO - Sync 1 DAGs
[2022-11-22T19:44:15.540+0000] {logging_mixin.py:137} INFO - [2022-11-22T19:44:15.540+0000] {dag.py:3340} INFO - Setting next_dagrun for example_nested_branch_dag to 2022-11-21T00:00:00+00:00, run_after=2022-11-22T00:00:00+00:00
[2022-11-22T19:44:15.553+0000] {processor.py:176} INFO - Processing /home/airflow/.local/lib/python3.7/site-packages/airflow/example_dags/example_nested_branch_dag.py took 0.094 seconds
[2022-11-22T19:44:46.539+0000] {processor.py:154} INFO - Started process (PID=2261) to work on /home/airflow/.local/lib/python3.7/site-packages/airflow/example_dags/example_nested_branch_dag.py
[2022-11-22T19:44:46.542+0000] {processor.py:756} INFO - Processing file /home/airflow/.local/lib/python3.7/site-packages/airflow/example_dags/example_nested_branch_dag.py for tasks to queue
[2022-11-22T19:44:46.544+0000] {logging_mixin.py:137} INFO - [2022-11-22T19:44:46.544+0000] {dagbag.py:537} INFO - Filling up the DagBag from /home/airflow/.local/lib/python3.7/site-packages/airflow/example_dags/example_nested_branch_dag.py
[2022-11-22T19:44:46.573+0000] {processor.py:766} INFO - DAG(s) dict_keys(['example_nested_branch_dag']) retrieved from /home/airflow/.local/lib/python3.7/site-packages/airflow/example_dags/example_nested_branch_dag.py
[2022-11-22T19:44:46.609+0000] {logging_mixin.py:137} INFO - [2022-11-22T19:44:46.609+0000] {dag.py:2585} INFO - Sync 1 DAGs
[2022-11-22T19:44:46.626+0000] {logging_mixin.py:137} INFO - [2022-11-22T19:44:46.626+0000] {dag.py:3340} INFO - Setting next_dagrun for example_nested_branch_dag to 2022-11-21T00:00:00+00:00, run_after=2022-11-22T00:00:00+00:00
[2022-11-22T19:44:46.639+0000] {processor.py:176} INFO - Processing /home/airflow/.local/lib/python3.7/site-packages/airflow/example_dags/example_nested_branch_dag.py took 0.107 seconds
[2022-11-22T19:45:17.649+0000] {processor.py:154} INFO - Started process (PID=2316) to work on /home/airflow/.local/lib/python3.7/site-packages/airflow/example_dags/example_nested_branch_dag.py
[2022-11-22T19:45:17.653+0000] {processor.py:756} INFO - Processing file /home/airflow/.local/lib/python3.7/site-packages/airflow/example_dags/example_nested_branch_dag.py for tasks to queue
[2022-11-22T19:45:17.654+0000] {logging_mixin.py:137} INFO - [2022-11-22T19:45:17.654+0000] {dagbag.py:537} INFO - Filling up the DagBag from /home/airflow/.local/lib/python3.7/site-packages/airflow/example_dags/example_nested_branch_dag.py
[2022-11-22T19:45:17.680+0000] {processor.py:766} INFO - DAG(s) dict_keys(['example_nested_branch_dag']) retrieved from /home/airflow/.local/lib/python3.7/site-packages/airflow/example_dags/example_nested_branch_dag.py
[2022-11-22T19:45:17.710+0000] {logging_mixin.py:137} INFO - [2022-11-22T19:45:17.710+0000] {dag.py:2585} INFO - Sync 1 DAGs
[2022-11-22T19:45:17.729+0000] {logging_mixin.py:137} INFO - [2022-11-22T19:45:17.728+0000] {dag.py:3340} INFO - Setting next_dagrun for example_nested_branch_dag to 2022-11-21T00:00:00+00:00, run_after=2022-11-22T00:00:00+00:00
[2022-11-22T19:45:17.741+0000] {processor.py:176} INFO - Processing /home/airflow/.local/lib/python3.7/site-packages/airflow/example_dags/example_nested_branch_dag.py took 0.096 seconds
[2022-11-22T19:45:48.376+0000] {processor.py:154} INFO - Started process (PID=2380) to work on /home/airflow/.local/lib/python3.7/site-packages/airflow/example_dags/example_nested_branch_dag.py
[2022-11-22T19:45:48.378+0000] {processor.py:756} INFO - Processing file /home/airflow/.local/lib/python3.7/site-packages/airflow/example_dags/example_nested_branch_dag.py for tasks to queue
[2022-11-22T19:45:48.380+0000] {logging_mixin.py:137} INFO - [2022-11-22T19:45:48.380+0000] {dagbag.py:537} INFO - Filling up the DagBag from /home/airflow/.local/lib/python3.7/site-packages/airflow/example_dags/example_nested_branch_dag.py
[2022-11-22T19:45:48.400+0000] {processor.py:766} INFO - DAG(s) dict_keys(['example_nested_branch_dag']) retrieved from /home/airflow/.local/lib/python3.7/site-packages/airflow/example_dags/example_nested_branch_dag.py
[2022-11-22T19:45:48.429+0000] {logging_mixin.py:137} INFO - [2022-11-22T19:45:48.429+0000] {dag.py:2585} INFO - Sync 1 DAGs
[2022-11-22T19:45:48.448+0000] {logging_mixin.py:137} INFO - [2022-11-22T19:45:48.448+0000] {dag.py:3340} INFO - Setting next_dagrun for example_nested_branch_dag to 2022-11-21T00:00:00+00:00, run_after=2022-11-22T00:00:00+00:00
[2022-11-22T19:45:48.461+0000] {processor.py:176} INFO - Processing /home/airflow/.local/lib/python3.7/site-packages/airflow/example_dags/example_nested_branch_dag.py took 0.089 seconds
[2022-11-22T19:46:18.859+0000] {processor.py:154} INFO - Started process (PID=2444) to work on /home/airflow/.local/lib/python3.7/site-packages/airflow/example_dags/example_nested_branch_dag.py
[2022-11-22T19:46:18.861+0000] {processor.py:756} INFO - Processing file /home/airflow/.local/lib/python3.7/site-packages/airflow/example_dags/example_nested_branch_dag.py for tasks to queue
[2022-11-22T19:46:18.863+0000] {logging_mixin.py:137} INFO - [2022-11-22T19:46:18.863+0000] {dagbag.py:537} INFO - Filling up the DagBag from /home/airflow/.local/lib/python3.7/site-packages/airflow/example_dags/example_nested_branch_dag.py
[2022-11-22T19:46:18.885+0000] {processor.py:766} INFO - DAG(s) dict_keys(['example_nested_branch_dag']) retrieved from /home/airflow/.local/lib/python3.7/site-packages/airflow/example_dags/example_nested_branch_dag.py
[2022-11-22T19:46:18.917+0000] {logging_mixin.py:137} INFO - [2022-11-22T19:46:18.917+0000] {dag.py:2585} INFO - Sync 1 DAGs
[2022-11-22T19:46:18.940+0000] {logging_mixin.py:137} INFO - [2022-11-22T19:46:18.939+0000] {dag.py:3340} INFO - Setting next_dagrun for example_nested_branch_dag to 2022-11-21T00:00:00+00:00, run_after=2022-11-22T00:00:00+00:00
[2022-11-22T19:46:18.973+0000] {processor.py:176} INFO - Processing /home/airflow/.local/lib/python3.7/site-packages/airflow/example_dags/example_nested_branch_dag.py took 0.117 seconds
[2022-11-22T19:46:50.438+0000] {processor.py:154} INFO - Started process (PID=2506) to work on /home/airflow/.local/lib/python3.7/site-packages/airflow/example_dags/example_nested_branch_dag.py
[2022-11-22T19:46:50.442+0000] {processor.py:756} INFO - Processing file /home/airflow/.local/lib/python3.7/site-packages/airflow/example_dags/example_nested_branch_dag.py for tasks to queue
[2022-11-22T19:46:50.443+0000] {logging_mixin.py:137} INFO - [2022-11-22T19:46:50.443+0000] {dagbag.py:537} INFO - Filling up the DagBag from /home/airflow/.local/lib/python3.7/site-packages/airflow/example_dags/example_nested_branch_dag.py
[2022-11-22T19:46:50.495+0000] {processor.py:766} INFO - DAG(s) dict_keys(['example_nested_branch_dag']) retrieved from /home/airflow/.local/lib/python3.7/site-packages/airflow/example_dags/example_nested_branch_dag.py
[2022-11-22T19:46:50.664+0000] {logging_mixin.py:137} INFO - [2022-11-22T19:46:50.663+0000] {dag.py:2585} INFO - Sync 1 DAGs
[2022-11-22T19:46:50.752+0000] {logging_mixin.py:137} INFO - [2022-11-22T19:46:50.751+0000] {dag.py:3340} INFO - Setting next_dagrun for example_nested_branch_dag to 2022-11-21T00:00:00+00:00, run_after=2022-11-22T00:00:00+00:00
[2022-11-22T19:46:50.789+0000] {processor.py:176} INFO - Processing /home/airflow/.local/lib/python3.7/site-packages/airflow/example_dags/example_nested_branch_dag.py took 0.368 seconds
[2022-11-22T19:47:20.954+0000] {processor.py:154} INFO - Started process (PID=2569) to work on /home/airflow/.local/lib/python3.7/site-packages/airflow/example_dags/example_nested_branch_dag.py
[2022-11-22T19:47:20.965+0000] {processor.py:756} INFO - Processing file /home/airflow/.local/lib/python3.7/site-packages/airflow/example_dags/example_nested_branch_dag.py for tasks to queue
[2022-11-22T19:47:20.967+0000] {logging_mixin.py:137} INFO - [2022-11-22T19:47:20.967+0000] {dagbag.py:537} INFO - Filling up the DagBag from /home/airflow/.local/lib/python3.7/site-packages/airflow/example_dags/example_nested_branch_dag.py
[2022-11-22T19:47:21.005+0000] {processor.py:766} INFO - DAG(s) dict_keys(['example_nested_branch_dag']) retrieved from /home/airflow/.local/lib/python3.7/site-packages/airflow/example_dags/example_nested_branch_dag.py
[2022-11-22T19:47:21.067+0000] {logging_mixin.py:137} INFO - [2022-11-22T19:47:21.067+0000] {dag.py:2585} INFO - Sync 1 DAGs
[2022-11-22T19:47:21.100+0000] {logging_mixin.py:137} INFO - [2022-11-22T19:47:21.100+0000] {dag.py:3340} INFO - Setting next_dagrun for example_nested_branch_dag to 2022-11-21T00:00:00+00:00, run_after=2022-11-22T00:00:00+00:00
[2022-11-22T19:47:21.122+0000] {processor.py:176} INFO - Processing /home/airflow/.local/lib/python3.7/site-packages/airflow/example_dags/example_nested_branch_dag.py took 0.172 seconds
[2022-11-22T19:47:51.478+0000] {processor.py:154} INFO - Started process (PID=2622) to work on /home/airflow/.local/lib/python3.7/site-packages/airflow/example_dags/example_nested_branch_dag.py
[2022-11-22T19:47:51.480+0000] {processor.py:756} INFO - Processing file /home/airflow/.local/lib/python3.7/site-packages/airflow/example_dags/example_nested_branch_dag.py for tasks to queue
[2022-11-22T19:47:51.482+0000] {logging_mixin.py:137} INFO - [2022-11-22T19:47:51.482+0000] {dagbag.py:537} INFO - Filling up the DagBag from /home/airflow/.local/lib/python3.7/site-packages/airflow/example_dags/example_nested_branch_dag.py
[2022-11-22T19:47:51.516+0000] {processor.py:766} INFO - DAG(s) dict_keys(['example_nested_branch_dag']) retrieved from /home/airflow/.local/lib/python3.7/site-packages/airflow/example_dags/example_nested_branch_dag.py
[2022-11-22T19:47:51.621+0000] {logging_mixin.py:137} INFO - [2022-11-22T19:47:51.621+0000] {dag.py:2585} INFO - Sync 1 DAGs
[2022-11-22T19:47:51.677+0000] {logging_mixin.py:137} INFO - [2022-11-22T19:47:51.677+0000] {dag.py:3340} INFO - Setting next_dagrun for example_nested_branch_dag to 2022-11-21T00:00:00+00:00, run_after=2022-11-22T00:00:00+00:00
[2022-11-22T19:47:51.696+0000] {processor.py:176} INFO - Processing /home/airflow/.local/lib/python3.7/site-packages/airflow/example_dags/example_nested_branch_dag.py took 0.222 seconds
[2022-11-22T19:48:21.797+0000] {processor.py:154} INFO - Started process (PID=2683) to work on /home/airflow/.local/lib/python3.7/site-packages/airflow/example_dags/example_nested_branch_dag.py
[2022-11-22T19:48:21.800+0000] {processor.py:756} INFO - Processing file /home/airflow/.local/lib/python3.7/site-packages/airflow/example_dags/example_nested_branch_dag.py for tasks to queue
[2022-11-22T19:48:21.802+0000] {logging_mixin.py:137} INFO - [2022-11-22T19:48:21.801+0000] {dagbag.py:537} INFO - Filling up the DagBag from /home/airflow/.local/lib/python3.7/site-packages/airflow/example_dags/example_nested_branch_dag.py
[2022-11-22T19:48:21.825+0000] {processor.py:766} INFO - DAG(s) dict_keys(['example_nested_branch_dag']) retrieved from /home/airflow/.local/lib/python3.7/site-packages/airflow/example_dags/example_nested_branch_dag.py
[2022-11-22T19:48:21.872+0000] {logging_mixin.py:137} INFO - [2022-11-22T19:48:21.872+0000] {dag.py:2585} INFO - Sync 1 DAGs
[2022-11-22T19:48:21.895+0000] {logging_mixin.py:137} INFO - [2022-11-22T19:48:21.894+0000] {dag.py:3340} INFO - Setting next_dagrun for example_nested_branch_dag to 2022-11-21T00:00:00+00:00, run_after=2022-11-22T00:00:00+00:00
[2022-11-22T19:48:21.911+0000] {processor.py:176} INFO - Processing /home/airflow/.local/lib/python3.7/site-packages/airflow/example_dags/example_nested_branch_dag.py took 0.120 seconds
[2022-11-22T19:48:52.619+0000] {processor.py:154} INFO - Started process (PID=2747) to work on /home/airflow/.local/lib/python3.7/site-packages/airflow/example_dags/example_nested_branch_dag.py
[2022-11-22T19:48:52.621+0000] {processor.py:756} INFO - Processing file /home/airflow/.local/lib/python3.7/site-packages/airflow/example_dags/example_nested_branch_dag.py for tasks to queue
[2022-11-22T19:48:52.623+0000] {logging_mixin.py:137} INFO - [2022-11-22T19:48:52.623+0000] {dagbag.py:537} INFO - Filling up the DagBag from /home/airflow/.local/lib/python3.7/site-packages/airflow/example_dags/example_nested_branch_dag.py
[2022-11-22T19:48:52.641+0000] {processor.py:766} INFO - DAG(s) dict_keys(['example_nested_branch_dag']) retrieved from /home/airflow/.local/lib/python3.7/site-packages/airflow/example_dags/example_nested_branch_dag.py
[2022-11-22T19:48:52.675+0000] {logging_mixin.py:137} INFO - [2022-11-22T19:48:52.675+0000] {dag.py:2585} INFO - Sync 1 DAGs
[2022-11-22T19:48:52.692+0000] {logging_mixin.py:137} INFO - [2022-11-22T19:48:52.692+0000] {dag.py:3340} INFO - Setting next_dagrun for example_nested_branch_dag to 2022-11-21T00:00:00+00:00, run_after=2022-11-22T00:00:00+00:00
[2022-11-22T19:48:52.707+0000] {processor.py:176} INFO - Processing /home/airflow/.local/lib/python3.7/site-packages/airflow/example_dags/example_nested_branch_dag.py took 0.090 seconds
[2022-11-22T19:49:22.742+0000] {processor.py:154} INFO - Started process (PID=2809) to work on /home/airflow/.local/lib/python3.7/site-packages/airflow/example_dags/example_nested_branch_dag.py
[2022-11-22T19:49:22.745+0000] {processor.py:756} INFO - Processing file /home/airflow/.local/lib/python3.7/site-packages/airflow/example_dags/example_nested_branch_dag.py for tasks to queue
[2022-11-22T19:49:22.747+0000] {logging_mixin.py:137} INFO - [2022-11-22T19:49:22.746+0000] {dagbag.py:537} INFO - Filling up the DagBag from /home/airflow/.local/lib/python3.7/site-packages/airflow/example_dags/example_nested_branch_dag.py
[2022-11-22T19:49:22.779+0000] {processor.py:766} INFO - DAG(s) dict_keys(['example_nested_branch_dag']) retrieved from /home/airflow/.local/lib/python3.7/site-packages/airflow/example_dags/example_nested_branch_dag.py
[2022-11-22T19:49:22.839+0000] {logging_mixin.py:137} INFO - [2022-11-22T19:49:22.838+0000] {dag.py:2585} INFO - Sync 1 DAGs
[2022-11-22T19:49:22.869+0000] {logging_mixin.py:137} INFO - [2022-11-22T19:49:22.869+0000] {dag.py:3340} INFO - Setting next_dagrun for example_nested_branch_dag to 2022-11-21T00:00:00+00:00, run_after=2022-11-22T00:00:00+00:00
[2022-11-22T19:49:22.903+0000] {processor.py:176} INFO - Processing /home/airflow/.local/lib/python3.7/site-packages/airflow/example_dags/example_nested_branch_dag.py took 0.164 seconds
[2022-11-22T19:49:53.613+0000] {processor.py:154} INFO - Started process (PID=2864) to work on /home/airflow/.local/lib/python3.7/site-packages/airflow/example_dags/example_nested_branch_dag.py
[2022-11-22T19:49:53.616+0000] {processor.py:756} INFO - Processing file /home/airflow/.local/lib/python3.7/site-packages/airflow/example_dags/example_nested_branch_dag.py for tasks to queue
[2022-11-22T19:49:53.621+0000] {logging_mixin.py:137} INFO - [2022-11-22T19:49:53.621+0000] {dagbag.py:537} INFO - Filling up the DagBag from /home/airflow/.local/lib/python3.7/site-packages/airflow/example_dags/example_nested_branch_dag.py
[2022-11-22T19:49:53.650+0000] {processor.py:766} INFO - DAG(s) dict_keys(['example_nested_branch_dag']) retrieved from /home/airflow/.local/lib/python3.7/site-packages/airflow/example_dags/example_nested_branch_dag.py
[2022-11-22T19:49:53.683+0000] {logging_mixin.py:137} INFO - [2022-11-22T19:49:53.683+0000] {dag.py:2585} INFO - Sync 1 DAGs
[2022-11-22T19:49:53.701+0000] {logging_mixin.py:137} INFO - [2022-11-22T19:49:53.701+0000] {dag.py:3340} INFO - Setting next_dagrun for example_nested_branch_dag to 2022-11-21T00:00:00+00:00, run_after=2022-11-22T00:00:00+00:00
[2022-11-22T19:49:53.714+0000] {processor.py:176} INFO - Processing /home/airflow/.local/lib/python3.7/site-packages/airflow/example_dags/example_nested_branch_dag.py took 0.107 seconds
[2022-11-22T19:50:24.410+0000] {processor.py:154} INFO - Started process (PID=2928) to work on /home/airflow/.local/lib/python3.7/site-packages/airflow/example_dags/example_nested_branch_dag.py
[2022-11-22T19:50:24.412+0000] {processor.py:756} INFO - Processing file /home/airflow/.local/lib/python3.7/site-packages/airflow/example_dags/example_nested_branch_dag.py for tasks to queue
[2022-11-22T19:50:24.414+0000] {logging_mixin.py:137} INFO - [2022-11-22T19:50:24.414+0000] {dagbag.py:537} INFO - Filling up the DagBag from /home/airflow/.local/lib/python3.7/site-packages/airflow/example_dags/example_nested_branch_dag.py
[2022-11-22T19:50:24.438+0000] {processor.py:766} INFO - DAG(s) dict_keys(['example_nested_branch_dag']) retrieved from /home/airflow/.local/lib/python3.7/site-packages/airflow/example_dags/example_nested_branch_dag.py
[2022-11-22T19:50:24.470+0000] {logging_mixin.py:137} INFO - [2022-11-22T19:50:24.469+0000] {dag.py:2585} INFO - Sync 1 DAGs
[2022-11-22T19:50:24.487+0000] {logging_mixin.py:137} INFO - [2022-11-22T19:50:24.486+0000] {dag.py:3340} INFO - Setting next_dagrun for example_nested_branch_dag to 2022-11-21T00:00:00+00:00, run_after=2022-11-22T00:00:00+00:00
[2022-11-22T19:50:24.500+0000] {processor.py:176} INFO - Processing /home/airflow/.local/lib/python3.7/site-packages/airflow/example_dags/example_nested_branch_dag.py took 0.095 seconds
[2022-11-22T19:50:54.953+0000] {processor.py:154} INFO - Started process (PID=2991) to work on /home/airflow/.local/lib/python3.7/site-packages/airflow/example_dags/example_nested_branch_dag.py
[2022-11-22T19:50:54.955+0000] {processor.py:756} INFO - Processing file /home/airflow/.local/lib/python3.7/site-packages/airflow/example_dags/example_nested_branch_dag.py for tasks to queue
[2022-11-22T19:50:54.956+0000] {logging_mixin.py:137} INFO - [2022-11-22T19:50:54.956+0000] {dagbag.py:537} INFO - Filling up the DagBag from /home/airflow/.local/lib/python3.7/site-packages/airflow/example_dags/example_nested_branch_dag.py
[2022-11-22T19:50:54.973+0000] {processor.py:766} INFO - DAG(s) dict_keys(['example_nested_branch_dag']) retrieved from /home/airflow/.local/lib/python3.7/site-packages/airflow/example_dags/example_nested_branch_dag.py
[2022-11-22T19:50:55.001+0000] {logging_mixin.py:137} INFO - [2022-11-22T19:50:55.001+0000] {dag.py:2585} INFO - Sync 1 DAGs
[2022-11-22T19:50:55.018+0000] {logging_mixin.py:137} INFO - [2022-11-22T19:50:55.018+0000] {dag.py:3340} INFO - Setting next_dagrun for example_nested_branch_dag to 2022-11-21T00:00:00+00:00, run_after=2022-11-22T00:00:00+00:00
[2022-11-22T19:50:55.031+0000] {processor.py:176} INFO - Processing /home/airflow/.local/lib/python3.7/site-packages/airflow/example_dags/example_nested_branch_dag.py took 0.080 seconds
[2022-11-22T19:51:25.802+0000] {processor.py:154} INFO - Started process (PID=3054) to work on /home/airflow/.local/lib/python3.7/site-packages/airflow/example_dags/example_nested_branch_dag.py
[2022-11-22T19:51:25.804+0000] {processor.py:756} INFO - Processing file /home/airflow/.local/lib/python3.7/site-packages/airflow/example_dags/example_nested_branch_dag.py for tasks to queue
[2022-11-22T19:51:25.808+0000] {logging_mixin.py:137} INFO - [2022-11-22T19:51:25.808+0000] {dagbag.py:537} INFO - Filling up the DagBag from /home/airflow/.local/lib/python3.7/site-packages/airflow/example_dags/example_nested_branch_dag.py
[2022-11-22T19:51:25.832+0000] {processor.py:766} INFO - DAG(s) dict_keys(['example_nested_branch_dag']) retrieved from /home/airflow/.local/lib/python3.7/site-packages/airflow/example_dags/example_nested_branch_dag.py
[2022-11-22T19:51:25.882+0000] {logging_mixin.py:137} INFO - [2022-11-22T19:51:25.881+0000] {dag.py:2585} INFO - Sync 1 DAGs
[2022-11-22T19:51:25.902+0000] {logging_mixin.py:137} INFO - [2022-11-22T19:51:25.902+0000] {dag.py:3340} INFO - Setting next_dagrun for example_nested_branch_dag to 2022-11-21T00:00:00+00:00, run_after=2022-11-22T00:00:00+00:00
[2022-11-22T19:51:25.917+0000] {processor.py:176} INFO - Processing /home/airflow/.local/lib/python3.7/site-packages/airflow/example_dags/example_nested_branch_dag.py took 0.122 seconds
[2022-11-22T19:51:56.642+0000] {processor.py:154} INFO - Started process (PID=3117) to work on /home/airflow/.local/lib/python3.7/site-packages/airflow/example_dags/example_nested_branch_dag.py
[2022-11-22T19:51:56.645+0000] {processor.py:756} INFO - Processing file /home/airflow/.local/lib/python3.7/site-packages/airflow/example_dags/example_nested_branch_dag.py for tasks to queue
[2022-11-22T19:51:56.647+0000] {logging_mixin.py:137} INFO - [2022-11-22T19:51:56.647+0000] {dagbag.py:537} INFO - Filling up the DagBag from /home/airflow/.local/lib/python3.7/site-packages/airflow/example_dags/example_nested_branch_dag.py
[2022-11-22T19:51:56.688+0000] {processor.py:766} INFO - DAG(s) dict_keys(['example_nested_branch_dag']) retrieved from /home/airflow/.local/lib/python3.7/site-packages/airflow/example_dags/example_nested_branch_dag.py
[2022-11-22T19:51:56.784+0000] {logging_mixin.py:137} INFO - [2022-11-22T19:51:56.784+0000] {dag.py:2585} INFO - Sync 1 DAGs
[2022-11-22T19:51:56.826+0000] {logging_mixin.py:137} INFO - [2022-11-22T19:51:56.826+0000] {dag.py:3340} INFO - Setting next_dagrun for example_nested_branch_dag to 2022-11-21T00:00:00+00:00, run_after=2022-11-22T00:00:00+00:00
[2022-11-22T19:51:56.849+0000] {processor.py:176} INFO - Processing /home/airflow/.local/lib/python3.7/site-packages/airflow/example_dags/example_nested_branch_dag.py took 0.211 seconds
[2022-11-22T19:52:27.878+0000] {processor.py:154} INFO - Started process (PID=3170) to work on /home/airflow/.local/lib/python3.7/site-packages/airflow/example_dags/example_nested_branch_dag.py
[2022-11-22T19:52:27.881+0000] {processor.py:756} INFO - Processing file /home/airflow/.local/lib/python3.7/site-packages/airflow/example_dags/example_nested_branch_dag.py for tasks to queue
[2022-11-22T19:52:27.883+0000] {logging_mixin.py:137} INFO - [2022-11-22T19:52:27.883+0000] {dagbag.py:537} INFO - Filling up the DagBag from /home/airflow/.local/lib/python3.7/site-packages/airflow/example_dags/example_nested_branch_dag.py
[2022-11-22T19:52:27.914+0000] {processor.py:766} INFO - DAG(s) dict_keys(['example_nested_branch_dag']) retrieved from /home/airflow/.local/lib/python3.7/site-packages/airflow/example_dags/example_nested_branch_dag.py
[2022-11-22T19:52:27.947+0000] {logging_mixin.py:137} INFO - [2022-11-22T19:52:27.947+0000] {dag.py:2585} INFO - Sync 1 DAGs
[2022-11-22T19:52:27.970+0000] {logging_mixin.py:137} INFO - [2022-11-22T19:52:27.969+0000] {dag.py:3340} INFO - Setting next_dagrun for example_nested_branch_dag to 2022-11-21T00:00:00+00:00, run_after=2022-11-22T00:00:00+00:00
[2022-11-22T19:52:27.984+0000] {processor.py:176} INFO - Processing /home/airflow/.local/lib/python3.7/site-packages/airflow/example_dags/example_nested_branch_dag.py took 0.112 seconds
[2022-11-22T19:52:59.030+0000] {processor.py:154} INFO - Started process (PID=3232) to work on /home/airflow/.local/lib/python3.7/site-packages/airflow/example_dags/example_nested_branch_dag.py
[2022-11-22T19:52:59.032+0000] {processor.py:756} INFO - Processing file /home/airflow/.local/lib/python3.7/site-packages/airflow/example_dags/example_nested_branch_dag.py for tasks to queue
[2022-11-22T19:52:59.034+0000] {logging_mixin.py:137} INFO - [2022-11-22T19:52:59.034+0000] {dagbag.py:537} INFO - Filling up the DagBag from /home/airflow/.local/lib/python3.7/site-packages/airflow/example_dags/example_nested_branch_dag.py
[2022-11-22T19:52:59.056+0000] {processor.py:766} INFO - DAG(s) dict_keys(['example_nested_branch_dag']) retrieved from /home/airflow/.local/lib/python3.7/site-packages/airflow/example_dags/example_nested_branch_dag.py
[2022-11-22T19:52:59.085+0000] {logging_mixin.py:137} INFO - [2022-11-22T19:52:59.085+0000] {dag.py:2585} INFO - Sync 1 DAGs
[2022-11-22T19:52:59.104+0000] {logging_mixin.py:137} INFO - [2022-11-22T19:52:59.104+0000] {dag.py:3340} INFO - Setting next_dagrun for example_nested_branch_dag to 2022-11-21T00:00:00+00:00, run_after=2022-11-22T00:00:00+00:00
[2022-11-22T19:52:59.118+0000] {processor.py:176} INFO - Processing /home/airflow/.local/lib/python3.7/site-packages/airflow/example_dags/example_nested_branch_dag.py took 0.093 seconds
[2022-11-22T19:53:30.055+0000] {processor.py:154} INFO - Started process (PID=3295) to work on /home/airflow/.local/lib/python3.7/site-packages/airflow/example_dags/example_nested_branch_dag.py
[2022-11-22T19:53:30.057+0000] {processor.py:756} INFO - Processing file /home/airflow/.local/lib/python3.7/site-packages/airflow/example_dags/example_nested_branch_dag.py for tasks to queue
[2022-11-22T19:53:30.060+0000] {logging_mixin.py:137} INFO - [2022-11-22T19:53:30.059+0000] {dagbag.py:537} INFO - Filling up the DagBag from /home/airflow/.local/lib/python3.7/site-packages/airflow/example_dags/example_nested_branch_dag.py
[2022-11-22T19:53:30.084+0000] {processor.py:766} INFO - DAG(s) dict_keys(['example_nested_branch_dag']) retrieved from /home/airflow/.local/lib/python3.7/site-packages/airflow/example_dags/example_nested_branch_dag.py
[2022-11-22T19:53:30.117+0000] {logging_mixin.py:137} INFO - [2022-11-22T19:53:30.117+0000] {dag.py:2585} INFO - Sync 1 DAGs
[2022-11-22T19:53:30.135+0000] {logging_mixin.py:137} INFO - [2022-11-22T19:53:30.135+0000] {dag.py:3340} INFO - Setting next_dagrun for example_nested_branch_dag to 2022-11-21T00:00:00+00:00, run_after=2022-11-22T00:00:00+00:00
[2022-11-22T19:53:30.148+0000] {processor.py:176} INFO - Processing /home/airflow/.local/lib/python3.7/site-packages/airflow/example_dags/example_nested_branch_dag.py took 0.098 seconds
[2022-11-22T19:54:00.816+0000] {processor.py:154} INFO - Started process (PID=3358) to work on /home/airflow/.local/lib/python3.7/site-packages/airflow/example_dags/example_nested_branch_dag.py
[2022-11-22T19:54:00.818+0000] {processor.py:756} INFO - Processing file /home/airflow/.local/lib/python3.7/site-packages/airflow/example_dags/example_nested_branch_dag.py for tasks to queue
[2022-11-22T19:54:00.820+0000] {logging_mixin.py:137} INFO - [2022-11-22T19:54:00.820+0000] {dagbag.py:537} INFO - Filling up the DagBag from /home/airflow/.local/lib/python3.7/site-packages/airflow/example_dags/example_nested_branch_dag.py
[2022-11-22T19:54:00.842+0000] {processor.py:766} INFO - DAG(s) dict_keys(['example_nested_branch_dag']) retrieved from /home/airflow/.local/lib/python3.7/site-packages/airflow/example_dags/example_nested_branch_dag.py
[2022-11-22T19:54:00.873+0000] {logging_mixin.py:137} INFO - [2022-11-22T19:54:00.873+0000] {dag.py:2585} INFO - Sync 1 DAGs
[2022-11-22T19:54:00.893+0000] {logging_mixin.py:137} INFO - [2022-11-22T19:54:00.893+0000] {dag.py:3340} INFO - Setting next_dagrun for example_nested_branch_dag to 2022-11-21T00:00:00+00:00, run_after=2022-11-22T00:00:00+00:00
[2022-11-22T19:54:00.906+0000] {processor.py:176} INFO - Processing /home/airflow/.local/lib/python3.7/site-packages/airflow/example_dags/example_nested_branch_dag.py took 0.096 seconds
[2022-11-22T19:54:31.841+0000] {processor.py:154} INFO - Started process (PID=3418) to work on /home/airflow/.local/lib/python3.7/site-packages/airflow/example_dags/example_nested_branch_dag.py
[2022-11-22T19:54:31.844+0000] {processor.py:756} INFO - Processing file /home/airflow/.local/lib/python3.7/site-packages/airflow/example_dags/example_nested_branch_dag.py for tasks to queue
[2022-11-22T19:54:31.850+0000] {logging_mixin.py:137} INFO - [2022-11-22T19:54:31.849+0000] {dagbag.py:537} INFO - Filling up the DagBag from /home/airflow/.local/lib/python3.7/site-packages/airflow/example_dags/example_nested_branch_dag.py
[2022-11-22T19:54:31.868+0000] {processor.py:766} INFO - DAG(s) dict_keys(['example_nested_branch_dag']) retrieved from /home/airflow/.local/lib/python3.7/site-packages/airflow/example_dags/example_nested_branch_dag.py
[2022-11-22T19:54:31.905+0000] {logging_mixin.py:137} INFO - [2022-11-22T19:54:31.905+0000] {dag.py:2585} INFO - Sync 1 DAGs
[2022-11-22T19:54:31.931+0000] {logging_mixin.py:137} INFO - [2022-11-22T19:54:31.931+0000] {dag.py:3340} INFO - Setting next_dagrun for example_nested_branch_dag to 2022-11-21T00:00:00+00:00, run_after=2022-11-22T00:00:00+00:00
[2022-11-22T19:54:31.947+0000] {processor.py:176} INFO - Processing /home/airflow/.local/lib/python3.7/site-packages/airflow/example_dags/example_nested_branch_dag.py took 0.108 seconds
[2022-11-22T19:55:02.345+0000] {processor.py:154} INFO - Started process (PID=3474) to work on /home/airflow/.local/lib/python3.7/site-packages/airflow/example_dags/example_nested_branch_dag.py
[2022-11-22T19:55:02.348+0000] {processor.py:756} INFO - Processing file /home/airflow/.local/lib/python3.7/site-packages/airflow/example_dags/example_nested_branch_dag.py for tasks to queue
[2022-11-22T19:55:02.351+0000] {logging_mixin.py:137} INFO - [2022-11-22T19:55:02.350+0000] {dagbag.py:537} INFO - Filling up the DagBag from /home/airflow/.local/lib/python3.7/site-packages/airflow/example_dags/example_nested_branch_dag.py
[2022-11-22T19:55:02.375+0000] {processor.py:766} INFO - DAG(s) dict_keys(['example_nested_branch_dag']) retrieved from /home/airflow/.local/lib/python3.7/site-packages/airflow/example_dags/example_nested_branch_dag.py
[2022-11-22T19:55:02.403+0000] {logging_mixin.py:137} INFO - [2022-11-22T19:55:02.403+0000] {dag.py:2585} INFO - Sync 1 DAGs
[2022-11-22T19:55:02.419+0000] {logging_mixin.py:137} INFO - [2022-11-22T19:55:02.419+0000] {dag.py:3340} INFO - Setting next_dagrun for example_nested_branch_dag to 2022-11-21T00:00:00+00:00, run_after=2022-11-22T00:00:00+00:00
[2022-11-22T19:55:02.430+0000] {processor.py:176} INFO - Processing /home/airflow/.local/lib/python3.7/site-packages/airflow/example_dags/example_nested_branch_dag.py took 0.089 seconds
[2022-11-22T19:55:32.463+0000] {processor.py:154} INFO - Started process (PID=3536) to work on /home/airflow/.local/lib/python3.7/site-packages/airflow/example_dags/example_nested_branch_dag.py
[2022-11-22T19:55:32.465+0000] {processor.py:756} INFO - Processing file /home/airflow/.local/lib/python3.7/site-packages/airflow/example_dags/example_nested_branch_dag.py for tasks to queue
[2022-11-22T19:55:32.466+0000] {logging_mixin.py:137} INFO - [2022-11-22T19:55:32.466+0000] {dagbag.py:537} INFO - Filling up the DagBag from /home/airflow/.local/lib/python3.7/site-packages/airflow/example_dags/example_nested_branch_dag.py
[2022-11-22T19:55:32.486+0000] {processor.py:766} INFO - DAG(s) dict_keys(['example_nested_branch_dag']) retrieved from /home/airflow/.local/lib/python3.7/site-packages/airflow/example_dags/example_nested_branch_dag.py
[2022-11-22T19:55:32.516+0000] {logging_mixin.py:137} INFO - [2022-11-22T19:55:32.516+0000] {dag.py:2585} INFO - Sync 1 DAGs
[2022-11-22T19:55:32.534+0000] {logging_mixin.py:137} INFO - [2022-11-22T19:55:32.534+0000] {dag.py:3340} INFO - Setting next_dagrun for example_nested_branch_dag to 2022-11-21T00:00:00+00:00, run_after=2022-11-22T00:00:00+00:00
[2022-11-22T19:55:32.548+0000] {processor.py:176} INFO - Processing /home/airflow/.local/lib/python3.7/site-packages/airflow/example_dags/example_nested_branch_dag.py took 0.088 seconds
[2022-11-22T19:56:02.906+0000] {processor.py:154} INFO - Started process (PID=3600) to work on /home/airflow/.local/lib/python3.7/site-packages/airflow/example_dags/example_nested_branch_dag.py
[2022-11-22T19:56:02.907+0000] {processor.py:756} INFO - Processing file /home/airflow/.local/lib/python3.7/site-packages/airflow/example_dags/example_nested_branch_dag.py for tasks to queue
[2022-11-22T19:56:02.908+0000] {logging_mixin.py:137} INFO - [2022-11-22T19:56:02.908+0000] {dagbag.py:537} INFO - Filling up the DagBag from /home/airflow/.local/lib/python3.7/site-packages/airflow/example_dags/example_nested_branch_dag.py
[2022-11-22T19:56:02.926+0000] {processor.py:766} INFO - DAG(s) dict_keys(['example_nested_branch_dag']) retrieved from /home/airflow/.local/lib/python3.7/site-packages/airflow/example_dags/example_nested_branch_dag.py
[2022-11-22T19:56:02.955+0000] {logging_mixin.py:137} INFO - [2022-11-22T19:56:02.955+0000] {dag.py:2585} INFO - Sync 1 DAGs
[2022-11-22T19:56:02.974+0000] {logging_mixin.py:137} INFO - [2022-11-22T19:56:02.974+0000] {dag.py:3340} INFO - Setting next_dagrun for example_nested_branch_dag to 2022-11-21T00:00:00+00:00, run_after=2022-11-22T00:00:00+00:00
[2022-11-22T19:56:02.992+0000] {processor.py:176} INFO - Processing /home/airflow/.local/lib/python3.7/site-packages/airflow/example_dags/example_nested_branch_dag.py took 0.089 seconds
[2022-11-22T19:56:33.455+0000] {processor.py:154} INFO - Started process (PID=3653) to work on /home/airflow/.local/lib/python3.7/site-packages/airflow/example_dags/example_nested_branch_dag.py
[2022-11-22T19:56:33.457+0000] {processor.py:756} INFO - Processing file /home/airflow/.local/lib/python3.7/site-packages/airflow/example_dags/example_nested_branch_dag.py for tasks to queue
[2022-11-22T19:56:33.459+0000] {logging_mixin.py:137} INFO - [2022-11-22T19:56:33.459+0000] {dagbag.py:537} INFO - Filling up the DagBag from /home/airflow/.local/lib/python3.7/site-packages/airflow/example_dags/example_nested_branch_dag.py
[2022-11-22T19:56:33.475+0000] {processor.py:766} INFO - DAG(s) dict_keys(['example_nested_branch_dag']) retrieved from /home/airflow/.local/lib/python3.7/site-packages/airflow/example_dags/example_nested_branch_dag.py
[2022-11-22T19:56:33.506+0000] {logging_mixin.py:137} INFO - [2022-11-22T19:56:33.506+0000] {dag.py:2585} INFO - Sync 1 DAGs
[2022-11-22T19:56:33.523+0000] {logging_mixin.py:137} INFO - [2022-11-22T19:56:33.523+0000] {dag.py:3340} INFO - Setting next_dagrun for example_nested_branch_dag to 2022-11-21T00:00:00+00:00, run_after=2022-11-22T00:00:00+00:00
[2022-11-22T19:56:33.538+0000] {processor.py:176} INFO - Processing /home/airflow/.local/lib/python3.7/site-packages/airflow/example_dags/example_nested_branch_dag.py took 0.085 seconds
[2022-11-22T19:57:05.122+0000] {processor.py:154} INFO - Started process (PID=3717) to work on /home/airflow/.local/lib/python3.7/site-packages/airflow/example_dags/example_nested_branch_dag.py
[2022-11-22T19:57:05.125+0000] {processor.py:756} INFO - Processing file /home/airflow/.local/lib/python3.7/site-packages/airflow/example_dags/example_nested_branch_dag.py for tasks to queue
[2022-11-22T19:57:05.127+0000] {logging_mixin.py:137} INFO - [2022-11-22T19:57:05.127+0000] {dagbag.py:537} INFO - Filling up the DagBag from /home/airflow/.local/lib/python3.7/site-packages/airflow/example_dags/example_nested_branch_dag.py
[2022-11-22T19:57:05.146+0000] {processor.py:766} INFO - DAG(s) dict_keys(['example_nested_branch_dag']) retrieved from /home/airflow/.local/lib/python3.7/site-packages/airflow/example_dags/example_nested_branch_dag.py
[2022-11-22T19:57:05.181+0000] {logging_mixin.py:137} INFO - [2022-11-22T19:57:05.181+0000] {dag.py:2585} INFO - Sync 1 DAGs
[2022-11-22T19:57:05.201+0000] {logging_mixin.py:137} INFO - [2022-11-22T19:57:05.201+0000] {dag.py:3340} INFO - Setting next_dagrun for example_nested_branch_dag to 2022-11-21T00:00:00+00:00, run_after=2022-11-22T00:00:00+00:00
[2022-11-22T19:57:05.216+0000] {processor.py:176} INFO - Processing /home/airflow/.local/lib/python3.7/site-packages/airflow/example_dags/example_nested_branch_dag.py took 0.097 seconds
[2022-11-22T20:30:52.011+0000] {processor.py:154} INFO - Started process (PID=3781) to work on /home/airflow/.local/lib/python3.7/site-packages/airflow/example_dags/example_nested_branch_dag.py
[2022-11-22T20:30:52.013+0000] {processor.py:756} INFO - Processing file /home/airflow/.local/lib/python3.7/site-packages/airflow/example_dags/example_nested_branch_dag.py for tasks to queue
[2022-11-22T20:30:52.014+0000] {logging_mixin.py:137} INFO - [2022-11-22T20:30:52.014+0000] {dagbag.py:537} INFO - Filling up the DagBag from /home/airflow/.local/lib/python3.7/site-packages/airflow/example_dags/example_nested_branch_dag.py
[2022-11-22T20:30:52.038+0000] {processor.py:766} INFO - DAG(s) dict_keys(['example_nested_branch_dag']) retrieved from /home/airflow/.local/lib/python3.7/site-packages/airflow/example_dags/example_nested_branch_dag.py
[2022-11-22T20:30:52.087+0000] {logging_mixin.py:137} INFO - [2022-11-22T20:30:52.087+0000] {dag.py:2585} INFO - Sync 1 DAGs
[2022-11-22T20:30:52.164+0000] {logging_mixin.py:137} INFO - [2022-11-22T20:30:52.163+0000] {dag.py:3340} INFO - Setting next_dagrun for example_nested_branch_dag to 2022-11-21T00:00:00+00:00, run_after=2022-11-22T00:00:00+00:00
[2022-11-22T20:30:52.203+0000] {processor.py:176} INFO - Processing /home/airflow/.local/lib/python3.7/site-packages/airflow/example_dags/example_nested_branch_dag.py took 0.194 seconds
[2022-11-22T21:34:48.459+0000] {processor.py:154} INFO - Started process (PID=3835) to work on /home/airflow/.local/lib/python3.7/site-packages/airflow/example_dags/example_nested_branch_dag.py
[2022-11-22T21:34:48.461+0000] {processor.py:756} INFO - Processing file /home/airflow/.local/lib/python3.7/site-packages/airflow/example_dags/example_nested_branch_dag.py for tasks to queue
[2022-11-22T21:34:48.463+0000] {logging_mixin.py:137} INFO - [2022-11-22T21:34:48.463+0000] {dagbag.py:537} INFO - Filling up the DagBag from /home/airflow/.local/lib/python3.7/site-packages/airflow/example_dags/example_nested_branch_dag.py
[2022-11-22T21:34:48.479+0000] {processor.py:766} INFO - DAG(s) dict_keys(['example_nested_branch_dag']) retrieved from /home/airflow/.local/lib/python3.7/site-packages/airflow/example_dags/example_nested_branch_dag.py
[2022-11-22T21:34:48.508+0000] {logging_mixin.py:137} INFO - [2022-11-22T21:34:48.508+0000] {dag.py:2585} INFO - Sync 1 DAGs
[2022-11-22T21:34:48.532+0000] {logging_mixin.py:137} INFO - [2022-11-22T21:34:48.532+0000] {dag.py:3340} INFO - Setting next_dagrun for example_nested_branch_dag to 2022-11-21T00:00:00+00:00, run_after=2022-11-22T00:00:00+00:00
[2022-11-22T21:34:48.545+0000] {processor.py:176} INFO - Processing /home/airflow/.local/lib/python3.7/site-packages/airflow/example_dags/example_nested_branch_dag.py took 0.088 seconds
[2022-11-22T22:39:29.122+0000] {processor.py:154} INFO - Started process (PID=3899) to work on /home/airflow/.local/lib/python3.7/site-packages/airflow/example_dags/example_nested_branch_dag.py
[2022-11-22T22:39:29.123+0000] {processor.py:756} INFO - Processing file /home/airflow/.local/lib/python3.7/site-packages/airflow/example_dags/example_nested_branch_dag.py for tasks to queue
[2022-11-22T22:39:29.124+0000] {logging_mixin.py:137} INFO - [2022-11-22T22:39:29.124+0000] {dagbag.py:537} INFO - Filling up the DagBag from /home/airflow/.local/lib/python3.7/site-packages/airflow/example_dags/example_nested_branch_dag.py
[2022-11-22T22:39:29.140+0000] {processor.py:766} INFO - DAG(s) dict_keys(['example_nested_branch_dag']) retrieved from /home/airflow/.local/lib/python3.7/site-packages/airflow/example_dags/example_nested_branch_dag.py
[2022-11-22T22:39:29.170+0000] {logging_mixin.py:137} INFO - [2022-11-22T22:39:29.170+0000] {dag.py:2585} INFO - Sync 1 DAGs
[2022-11-22T22:39:29.189+0000] {logging_mixin.py:137} INFO - [2022-11-22T22:39:29.189+0000] {dag.py:3340} INFO - Setting next_dagrun for example_nested_branch_dag to 2022-11-21T00:00:00+00:00, run_after=2022-11-22T00:00:00+00:00
[2022-11-22T22:39:29.202+0000] {processor.py:176} INFO - Processing /home/airflow/.local/lib/python3.7/site-packages/airflow/example_dags/example_nested_branch_dag.py took 0.083 seconds
[2022-11-22T23:47:25.531+0000] {processor.py:154} INFO - Started process (PID=3953) to work on /home/airflow/.local/lib/python3.7/site-packages/airflow/example_dags/example_nested_branch_dag.py
[2022-11-22T23:47:25.533+0000] {processor.py:756} INFO - Processing file /home/airflow/.local/lib/python3.7/site-packages/airflow/example_dags/example_nested_branch_dag.py for tasks to queue
[2022-11-22T23:47:25.535+0000] {logging_mixin.py:137} INFO - [2022-11-22T23:47:25.535+0000] {dagbag.py:537} INFO - Filling up the DagBag from /home/airflow/.local/lib/python3.7/site-packages/airflow/example_dags/example_nested_branch_dag.py
[2022-11-22T23:47:25.559+0000] {processor.py:766} INFO - DAG(s) dict_keys(['example_nested_branch_dag']) retrieved from /home/airflow/.local/lib/python3.7/site-packages/airflow/example_dags/example_nested_branch_dag.py
[2022-11-22T23:47:25.615+0000] {logging_mixin.py:137} INFO - [2022-11-22T23:47:25.614+0000] {dag.py:2585} INFO - Sync 1 DAGs
[2022-11-22T23:47:25.645+0000] {logging_mixin.py:137} INFO - [2022-11-22T23:47:25.645+0000] {dag.py:3340} INFO - Setting next_dagrun for example_nested_branch_dag to 2022-11-21T00:00:00+00:00, run_after=2022-11-22T00:00:00+00:00
[2022-11-22T23:47:25.661+0000] {processor.py:176} INFO - Processing /home/airflow/.local/lib/python3.7/site-packages/airflow/example_dags/example_nested_branch_dag.py took 0.132 seconds
