[2022-11-22T19:26:17.766+0000] {processor.py:154} INFO - Started process (PID=41) to work on /home/airflow/.local/lib/python3.7/site-packages/airflow/example_dags/example_trigger_target_dag.py
[2022-11-22T19:26:17.768+0000] {processor.py:756} INFO - Processing file /home/airflow/.local/lib/python3.7/site-packages/airflow/example_dags/example_trigger_target_dag.py for tasks to queue
[2022-11-22T19:26:17.770+0000] {logging_mixin.py:137} INFO - [2022-11-22T19:26:17.769+0000] {dagbag.py:537} INFO - Filling up the DagBag from /home/airflow/.local/lib/python3.7/site-packages/airflow/example_dags/example_trigger_target_dag.py
[2022-11-22T19:26:17.834+0000] {processor.py:766} INFO - DAG(s) dict_keys(['example_trigger_target_dag']) retrieved from /home/airflow/.local/lib/python3.7/site-packages/airflow/example_dags/example_trigger_target_dag.py
[2022-11-22T19:26:18.120+0000] {logging_mixin.py:137} INFO - [2022-11-22T19:26:18.119+0000] {manager.py:507} INFO - Created Permission View: can delete on DAG:example_trigger_target_dag
[2022-11-22T19:26:18.161+0000] {logging_mixin.py:137} INFO - [2022-11-22T19:26:18.161+0000] {manager.py:507} INFO - Created Permission View: can read on DAG:example_trigger_target_dag
[2022-11-22T19:26:18.176+0000] {logging_mixin.py:137} INFO - [2022-11-22T19:26:18.175+0000] {manager.py:507} INFO - Created Permission View: can edit on DAG:example_trigger_target_dag
[2022-11-22T19:26:18.178+0000] {logging_mixin.py:137} INFO - [2022-11-22T19:26:18.177+0000] {dag.py:2585} INFO - Sync 1 DAGs
[2022-11-22T19:26:18.206+0000] {logging_mixin.py:137} INFO - [2022-11-22T19:26:18.206+0000] {dag.py:2606} INFO - Creating ORM DAG for example_trigger_target_dag
[2022-11-22T19:26:18.259+0000] {logging_mixin.py:137} INFO - [2022-11-22T19:26:18.259+0000] {dag.py:3340} INFO - Setting next_dagrun for example_trigger_target_dag to None, run_after=None
[2022-11-22T19:26:18.344+0000] {processor.py:176} INFO - Processing /home/airflow/.local/lib/python3.7/site-packages/airflow/example_dags/example_trigger_target_dag.py took 0.581 seconds
[2022-11-22T19:26:49.253+0000] {processor.py:154} INFO - Started process (PID=104) to work on /home/airflow/.local/lib/python3.7/site-packages/airflow/example_dags/example_trigger_target_dag.py
[2022-11-22T19:26:49.255+0000] {processor.py:756} INFO - Processing file /home/airflow/.local/lib/python3.7/site-packages/airflow/example_dags/example_trigger_target_dag.py for tasks to queue
[2022-11-22T19:26:49.257+0000] {logging_mixin.py:137} INFO - [2022-11-22T19:26:49.257+0000] {dagbag.py:537} INFO - Filling up the DagBag from /home/airflow/.local/lib/python3.7/site-packages/airflow/example_dags/example_trigger_target_dag.py
[2022-11-22T19:26:49.274+0000] {processor.py:766} INFO - DAG(s) dict_keys(['example_trigger_target_dag']) retrieved from /home/airflow/.local/lib/python3.7/site-packages/airflow/example_dags/example_trigger_target_dag.py
[2022-11-22T19:26:49.303+0000] {logging_mixin.py:137} INFO - [2022-11-22T19:26:49.302+0000] {dag.py:2585} INFO - Sync 1 DAGs
[2022-11-22T19:26:49.321+0000] {logging_mixin.py:137} INFO - [2022-11-22T19:26:49.321+0000] {dag.py:3340} INFO - Setting next_dagrun for example_trigger_target_dag to None, run_after=None
[2022-11-22T19:26:49.333+0000] {processor.py:176} INFO - Processing /home/airflow/.local/lib/python3.7/site-packages/airflow/example_dags/example_trigger_target_dag.py took 0.082 seconds
[2022-11-22T19:27:20.301+0000] {processor.py:154} INFO - Started process (PID=168) to work on /home/airflow/.local/lib/python3.7/site-packages/airflow/example_dags/example_trigger_target_dag.py
[2022-11-22T19:27:20.304+0000] {processor.py:756} INFO - Processing file /home/airflow/.local/lib/python3.7/site-packages/airflow/example_dags/example_trigger_target_dag.py for tasks to queue
[2022-11-22T19:27:20.305+0000] {logging_mixin.py:137} INFO - [2022-11-22T19:27:20.305+0000] {dagbag.py:537} INFO - Filling up the DagBag from /home/airflow/.local/lib/python3.7/site-packages/airflow/example_dags/example_trigger_target_dag.py
[2022-11-22T19:27:20.328+0000] {processor.py:766} INFO - DAG(s) dict_keys(['example_trigger_target_dag']) retrieved from /home/airflow/.local/lib/python3.7/site-packages/airflow/example_dags/example_trigger_target_dag.py
[2022-11-22T19:27:20.362+0000] {logging_mixin.py:137} INFO - [2022-11-22T19:27:20.362+0000] {dag.py:2585} INFO - Sync 1 DAGs
[2022-11-22T19:27:20.381+0000] {logging_mixin.py:137} INFO - [2022-11-22T19:27:20.381+0000] {dag.py:3340} INFO - Setting next_dagrun for example_trigger_target_dag to None, run_after=None
[2022-11-22T19:27:20.394+0000] {processor.py:176} INFO - Processing /home/airflow/.local/lib/python3.7/site-packages/airflow/example_dags/example_trigger_target_dag.py took 0.102 seconds
[2022-11-22T19:27:50.836+0000] {processor.py:154} INFO - Started process (PID=232) to work on /home/airflow/.local/lib/python3.7/site-packages/airflow/example_dags/example_trigger_target_dag.py
[2022-11-22T19:27:50.840+0000] {processor.py:756} INFO - Processing file /home/airflow/.local/lib/python3.7/site-packages/airflow/example_dags/example_trigger_target_dag.py for tasks to queue
[2022-11-22T19:27:50.844+0000] {logging_mixin.py:137} INFO - [2022-11-22T19:27:50.844+0000] {dagbag.py:537} INFO - Filling up the DagBag from /home/airflow/.local/lib/python3.7/site-packages/airflow/example_dags/example_trigger_target_dag.py
[2022-11-22T19:27:50.874+0000] {processor.py:766} INFO - DAG(s) dict_keys(['example_trigger_target_dag']) retrieved from /home/airflow/.local/lib/python3.7/site-packages/airflow/example_dags/example_trigger_target_dag.py
[2022-11-22T19:27:50.907+0000] {logging_mixin.py:137} INFO - [2022-11-22T19:27:50.907+0000] {dag.py:2585} INFO - Sync 1 DAGs
[2022-11-22T19:27:50.924+0000] {logging_mixin.py:137} INFO - [2022-11-22T19:27:50.924+0000] {dag.py:3340} INFO - Setting next_dagrun for example_trigger_target_dag to None, run_after=None
[2022-11-22T19:27:50.935+0000] {processor.py:176} INFO - Processing /home/airflow/.local/lib/python3.7/site-packages/airflow/example_dags/example_trigger_target_dag.py took 0.107 seconds
[2022-11-22T19:28:21.921+0000] {processor.py:154} INFO - Started process (PID=294) to work on /home/airflow/.local/lib/python3.7/site-packages/airflow/example_dags/example_trigger_target_dag.py
[2022-11-22T19:28:21.933+0000] {processor.py:756} INFO - Processing file /home/airflow/.local/lib/python3.7/site-packages/airflow/example_dags/example_trigger_target_dag.py for tasks to queue
[2022-11-22T19:28:21.941+0000] {logging_mixin.py:137} INFO - [2022-11-22T19:28:21.941+0000] {dagbag.py:537} INFO - Filling up the DagBag from /home/airflow/.local/lib/python3.7/site-packages/airflow/example_dags/example_trigger_target_dag.py
[2022-11-22T19:28:22.049+0000] {processor.py:766} INFO - DAG(s) dict_keys(['example_trigger_target_dag']) retrieved from /home/airflow/.local/lib/python3.7/site-packages/airflow/example_dags/example_trigger_target_dag.py
[2022-11-22T19:28:22.168+0000] {logging_mixin.py:137} INFO - [2022-11-22T19:28:22.168+0000] {dag.py:2585} INFO - Sync 1 DAGs
[2022-11-22T19:28:22.207+0000] {logging_mixin.py:137} INFO - [2022-11-22T19:28:22.207+0000] {dag.py:3340} INFO - Setting next_dagrun for example_trigger_target_dag to None, run_after=None
[2022-11-22T19:28:22.280+0000] {processor.py:176} INFO - Processing /home/airflow/.local/lib/python3.7/site-packages/airflow/example_dags/example_trigger_target_dag.py took 0.371 seconds
[2022-11-22T19:28:52.474+0000] {processor.py:154} INFO - Started process (PID=348) to work on /home/airflow/.local/lib/python3.7/site-packages/airflow/example_dags/example_trigger_target_dag.py
[2022-11-22T19:28:52.478+0000] {processor.py:756} INFO - Processing file /home/airflow/.local/lib/python3.7/site-packages/airflow/example_dags/example_trigger_target_dag.py for tasks to queue
[2022-11-22T19:28:52.484+0000] {logging_mixin.py:137} INFO - [2022-11-22T19:28:52.484+0000] {dagbag.py:537} INFO - Filling up the DagBag from /home/airflow/.local/lib/python3.7/site-packages/airflow/example_dags/example_trigger_target_dag.py
[2022-11-22T19:28:52.515+0000] {processor.py:766} INFO - DAG(s) dict_keys(['example_trigger_target_dag']) retrieved from /home/airflow/.local/lib/python3.7/site-packages/airflow/example_dags/example_trigger_target_dag.py
[2022-11-22T19:28:52.559+0000] {logging_mixin.py:137} INFO - [2022-11-22T19:28:52.559+0000] {dag.py:2585} INFO - Sync 1 DAGs
[2022-11-22T19:28:52.576+0000] {logging_mixin.py:137} INFO - [2022-11-22T19:28:52.576+0000] {dag.py:3340} INFO - Setting next_dagrun for example_trigger_target_dag to None, run_after=None
[2022-11-22T19:28:52.588+0000] {processor.py:176} INFO - Processing /home/airflow/.local/lib/python3.7/site-packages/airflow/example_dags/example_trigger_target_dag.py took 0.120 seconds
[2022-11-22T19:29:23.130+0000] {processor.py:154} INFO - Started process (PID=411) to work on /home/airflow/.local/lib/python3.7/site-packages/airflow/example_dags/example_trigger_target_dag.py
[2022-11-22T19:29:23.133+0000] {processor.py:756} INFO - Processing file /home/airflow/.local/lib/python3.7/site-packages/airflow/example_dags/example_trigger_target_dag.py for tasks to queue
[2022-11-22T19:29:23.134+0000] {logging_mixin.py:137} INFO - [2022-11-22T19:29:23.134+0000] {dagbag.py:537} INFO - Filling up the DagBag from /home/airflow/.local/lib/python3.7/site-packages/airflow/example_dags/example_trigger_target_dag.py
[2022-11-22T19:29:23.164+0000] {processor.py:766} INFO - DAG(s) dict_keys(['example_trigger_target_dag']) retrieved from /home/airflow/.local/lib/python3.7/site-packages/airflow/example_dags/example_trigger_target_dag.py
[2022-11-22T19:29:23.193+0000] {logging_mixin.py:137} INFO - [2022-11-22T19:29:23.193+0000] {dag.py:2585} INFO - Sync 1 DAGs
[2022-11-22T19:29:23.210+0000] {logging_mixin.py:137} INFO - [2022-11-22T19:29:23.210+0000] {dag.py:3340} INFO - Setting next_dagrun for example_trigger_target_dag to None, run_after=None
[2022-11-22T19:29:23.221+0000] {processor.py:176} INFO - Processing /home/airflow/.local/lib/python3.7/site-packages/airflow/example_dags/example_trigger_target_dag.py took 0.100 seconds
[2022-11-22T19:29:53.929+0000] {processor.py:154} INFO - Started process (PID=474) to work on /home/airflow/.local/lib/python3.7/site-packages/airflow/example_dags/example_trigger_target_dag.py
[2022-11-22T19:29:53.931+0000] {processor.py:756} INFO - Processing file /home/airflow/.local/lib/python3.7/site-packages/airflow/example_dags/example_trigger_target_dag.py for tasks to queue
[2022-11-22T19:29:53.932+0000] {logging_mixin.py:137} INFO - [2022-11-22T19:29:53.932+0000] {dagbag.py:537} INFO - Filling up the DagBag from /home/airflow/.local/lib/python3.7/site-packages/airflow/example_dags/example_trigger_target_dag.py
[2022-11-22T19:29:53.957+0000] {processor.py:766} INFO - DAG(s) dict_keys(['example_trigger_target_dag']) retrieved from /home/airflow/.local/lib/python3.7/site-packages/airflow/example_dags/example_trigger_target_dag.py
[2022-11-22T19:29:54.015+0000] {logging_mixin.py:137} INFO - [2022-11-22T19:29:54.015+0000] {dag.py:2585} INFO - Sync 1 DAGs
[2022-11-22T19:29:54.039+0000] {logging_mixin.py:137} INFO - [2022-11-22T19:29:54.039+0000] {dag.py:3340} INFO - Setting next_dagrun for example_trigger_target_dag to None, run_after=None
[2022-11-22T19:29:54.052+0000] {processor.py:176} INFO - Processing /home/airflow/.local/lib/python3.7/site-packages/airflow/example_dags/example_trigger_target_dag.py took 0.128 seconds
[2022-11-22T19:30:24.592+0000] {processor.py:154} INFO - Started process (PID=538) to work on /home/airflow/.local/lib/python3.7/site-packages/airflow/example_dags/example_trigger_target_dag.py
[2022-11-22T19:30:24.596+0000] {processor.py:756} INFO - Processing file /home/airflow/.local/lib/python3.7/site-packages/airflow/example_dags/example_trigger_target_dag.py for tasks to queue
[2022-11-22T19:30:24.598+0000] {logging_mixin.py:137} INFO - [2022-11-22T19:30:24.598+0000] {dagbag.py:537} INFO - Filling up the DagBag from /home/airflow/.local/lib/python3.7/site-packages/airflow/example_dags/example_trigger_target_dag.py
[2022-11-22T19:30:24.620+0000] {processor.py:766} INFO - DAG(s) dict_keys(['example_trigger_target_dag']) retrieved from /home/airflow/.local/lib/python3.7/site-packages/airflow/example_dags/example_trigger_target_dag.py
[2022-11-22T19:30:24.670+0000] {logging_mixin.py:137} INFO - [2022-11-22T19:30:24.669+0000] {dag.py:2585} INFO - Sync 1 DAGs
[2022-11-22T19:30:24.710+0000] {logging_mixin.py:137} INFO - [2022-11-22T19:30:24.709+0000] {dag.py:3340} INFO - Setting next_dagrun for example_trigger_target_dag to None, run_after=None
[2022-11-22T19:30:24.727+0000] {processor.py:176} INFO - Processing /home/airflow/.local/lib/python3.7/site-packages/airflow/example_dags/example_trigger_target_dag.py took 0.143 seconds
[2022-11-22T19:30:55.425+0000] {processor.py:154} INFO - Started process (PID=598) to work on /home/airflow/.local/lib/python3.7/site-packages/airflow/example_dags/example_trigger_target_dag.py
[2022-11-22T19:30:55.428+0000] {processor.py:756} INFO - Processing file /home/airflow/.local/lib/python3.7/site-packages/airflow/example_dags/example_trigger_target_dag.py for tasks to queue
[2022-11-22T19:30:55.430+0000] {logging_mixin.py:137} INFO - [2022-11-22T19:30:55.430+0000] {dagbag.py:537} INFO - Filling up the DagBag from /home/airflow/.local/lib/python3.7/site-packages/airflow/example_dags/example_trigger_target_dag.py
[2022-11-22T19:30:55.465+0000] {processor.py:766} INFO - DAG(s) dict_keys(['example_trigger_target_dag']) retrieved from /home/airflow/.local/lib/python3.7/site-packages/airflow/example_dags/example_trigger_target_dag.py
[2022-11-22T19:30:55.503+0000] {logging_mixin.py:137} INFO - [2022-11-22T19:30:55.502+0000] {dag.py:2585} INFO - Sync 1 DAGs
[2022-11-22T19:30:55.532+0000] {logging_mixin.py:137} INFO - [2022-11-22T19:30:55.532+0000] {dag.py:3340} INFO - Setting next_dagrun for example_trigger_target_dag to None, run_after=None
[2022-11-22T19:30:55.547+0000] {processor.py:176} INFO - Processing /home/airflow/.local/lib/python3.7/site-packages/airflow/example_dags/example_trigger_target_dag.py took 0.129 seconds
[2022-11-22T19:31:26.236+0000] {processor.py:154} INFO - Started process (PID=656) to work on /home/airflow/.local/lib/python3.7/site-packages/airflow/example_dags/example_trigger_target_dag.py
[2022-11-22T19:31:26.238+0000] {processor.py:756} INFO - Processing file /home/airflow/.local/lib/python3.7/site-packages/airflow/example_dags/example_trigger_target_dag.py for tasks to queue
[2022-11-22T19:31:26.240+0000] {logging_mixin.py:137} INFO - [2022-11-22T19:31:26.240+0000] {dagbag.py:537} INFO - Filling up the DagBag from /home/airflow/.local/lib/python3.7/site-packages/airflow/example_dags/example_trigger_target_dag.py
[2022-11-22T19:31:26.262+0000] {processor.py:766} INFO - DAG(s) dict_keys(['example_trigger_target_dag']) retrieved from /home/airflow/.local/lib/python3.7/site-packages/airflow/example_dags/example_trigger_target_dag.py
[2022-11-22T19:31:26.295+0000] {logging_mixin.py:137} INFO - [2022-11-22T19:31:26.295+0000] {dag.py:2585} INFO - Sync 1 DAGs
[2022-11-22T19:31:26.315+0000] {logging_mixin.py:137} INFO - [2022-11-22T19:31:26.315+0000] {dag.py:3340} INFO - Setting next_dagrun for example_trigger_target_dag to None, run_after=None
[2022-11-22T19:31:26.328+0000] {processor.py:176} INFO - Processing /home/airflow/.local/lib/python3.7/site-packages/airflow/example_dags/example_trigger_target_dag.py took 0.099 seconds
[2022-11-22T19:31:56.963+0000] {processor.py:154} INFO - Started process (PID=719) to work on /home/airflow/.local/lib/python3.7/site-packages/airflow/example_dags/example_trigger_target_dag.py
[2022-11-22T19:31:56.965+0000] {processor.py:756} INFO - Processing file /home/airflow/.local/lib/python3.7/site-packages/airflow/example_dags/example_trigger_target_dag.py for tasks to queue
[2022-11-22T19:31:56.967+0000] {logging_mixin.py:137} INFO - [2022-11-22T19:31:56.966+0000] {dagbag.py:537} INFO - Filling up the DagBag from /home/airflow/.local/lib/python3.7/site-packages/airflow/example_dags/example_trigger_target_dag.py
[2022-11-22T19:31:56.987+0000] {processor.py:766} INFO - DAG(s) dict_keys(['example_trigger_target_dag']) retrieved from /home/airflow/.local/lib/python3.7/site-packages/airflow/example_dags/example_trigger_target_dag.py
[2022-11-22T19:31:57.014+0000] {logging_mixin.py:137} INFO - [2022-11-22T19:31:57.014+0000] {dag.py:2585} INFO - Sync 1 DAGs
[2022-11-22T19:31:57.034+0000] {logging_mixin.py:137} INFO - [2022-11-22T19:31:57.034+0000] {dag.py:3340} INFO - Setting next_dagrun for example_trigger_target_dag to None, run_after=None
[2022-11-22T19:31:57.047+0000] {processor.py:176} INFO - Processing /home/airflow/.local/lib/python3.7/site-packages/airflow/example_dags/example_trigger_target_dag.py took 0.089 seconds
[2022-11-22T19:32:27.490+0000] {processor.py:154} INFO - Started process (PID=782) to work on /home/airflow/.local/lib/python3.7/site-packages/airflow/example_dags/example_trigger_target_dag.py
[2022-11-22T19:32:27.494+0000] {processor.py:756} INFO - Processing file /home/airflow/.local/lib/python3.7/site-packages/airflow/example_dags/example_trigger_target_dag.py for tasks to queue
[2022-11-22T19:32:27.496+0000] {logging_mixin.py:137} INFO - [2022-11-22T19:32:27.496+0000] {dagbag.py:537} INFO - Filling up the DagBag from /home/airflow/.local/lib/python3.7/site-packages/airflow/example_dags/example_trigger_target_dag.py
[2022-11-22T19:32:27.517+0000] {processor.py:766} INFO - DAG(s) dict_keys(['example_trigger_target_dag']) retrieved from /home/airflow/.local/lib/python3.7/site-packages/airflow/example_dags/example_trigger_target_dag.py
[2022-11-22T19:32:27.546+0000] {logging_mixin.py:137} INFO - [2022-11-22T19:32:27.546+0000] {dag.py:2585} INFO - Sync 1 DAGs
[2022-11-22T19:32:27.561+0000] {logging_mixin.py:137} INFO - [2022-11-22T19:32:27.561+0000] {dag.py:3340} INFO - Setting next_dagrun for example_trigger_target_dag to None, run_after=None
[2022-11-22T19:32:27.573+0000] {processor.py:176} INFO - Processing /home/airflow/.local/lib/python3.7/site-packages/airflow/example_dags/example_trigger_target_dag.py took 0.091 seconds
[2022-11-22T19:32:58.255+0000] {processor.py:154} INFO - Started process (PID=845) to work on /home/airflow/.local/lib/python3.7/site-packages/airflow/example_dags/example_trigger_target_dag.py
[2022-11-22T19:32:58.259+0000] {processor.py:756} INFO - Processing file /home/airflow/.local/lib/python3.7/site-packages/airflow/example_dags/example_trigger_target_dag.py for tasks to queue
[2022-11-22T19:32:58.261+0000] {logging_mixin.py:137} INFO - [2022-11-22T19:32:58.260+0000] {dagbag.py:537} INFO - Filling up the DagBag from /home/airflow/.local/lib/python3.7/site-packages/airflow/example_dags/example_trigger_target_dag.py
[2022-11-22T19:32:58.282+0000] {processor.py:766} INFO - DAG(s) dict_keys(['example_trigger_target_dag']) retrieved from /home/airflow/.local/lib/python3.7/site-packages/airflow/example_dags/example_trigger_target_dag.py
[2022-11-22T19:32:58.322+0000] {logging_mixin.py:137} INFO - [2022-11-22T19:32:58.321+0000] {dag.py:2585} INFO - Sync 1 DAGs
[2022-11-22T19:32:58.341+0000] {logging_mixin.py:137} INFO - [2022-11-22T19:32:58.341+0000] {dag.py:3340} INFO - Setting next_dagrun for example_trigger_target_dag to None, run_after=None
[2022-11-22T19:32:58.371+0000] {processor.py:176} INFO - Processing /home/airflow/.local/lib/python3.7/site-packages/airflow/example_dags/example_trigger_target_dag.py took 0.125 seconds
[2022-11-22T19:33:29.010+0000] {processor.py:154} INFO - Started process (PID=898) to work on /home/airflow/.local/lib/python3.7/site-packages/airflow/example_dags/example_trigger_target_dag.py
[2022-11-22T19:33:29.012+0000] {processor.py:756} INFO - Processing file /home/airflow/.local/lib/python3.7/site-packages/airflow/example_dags/example_trigger_target_dag.py for tasks to queue
[2022-11-22T19:33:29.013+0000] {logging_mixin.py:137} INFO - [2022-11-22T19:33:29.013+0000] {dagbag.py:537} INFO - Filling up the DagBag from /home/airflow/.local/lib/python3.7/site-packages/airflow/example_dags/example_trigger_target_dag.py
[2022-11-22T19:33:29.027+0000] {processor.py:766} INFO - DAG(s) dict_keys(['example_trigger_target_dag']) retrieved from /home/airflow/.local/lib/python3.7/site-packages/airflow/example_dags/example_trigger_target_dag.py
[2022-11-22T19:33:29.054+0000] {logging_mixin.py:137} INFO - [2022-11-22T19:33:29.053+0000] {dag.py:2585} INFO - Sync 1 DAGs
[2022-11-22T19:33:29.070+0000] {logging_mixin.py:137} INFO - [2022-11-22T19:33:29.070+0000] {dag.py:3340} INFO - Setting next_dagrun for example_trigger_target_dag to None, run_after=None
[2022-11-22T19:33:29.082+0000] {processor.py:176} INFO - Processing /home/airflow/.local/lib/python3.7/site-packages/airflow/example_dags/example_trigger_target_dag.py took 0.075 seconds
[2022-11-22T19:33:59.599+0000] {processor.py:154} INFO - Started process (PID=962) to work on /home/airflow/.local/lib/python3.7/site-packages/airflow/example_dags/example_trigger_target_dag.py
[2022-11-22T19:33:59.602+0000] {processor.py:756} INFO - Processing file /home/airflow/.local/lib/python3.7/site-packages/airflow/example_dags/example_trigger_target_dag.py for tasks to queue
[2022-11-22T19:33:59.603+0000] {logging_mixin.py:137} INFO - [2022-11-22T19:33:59.603+0000] {dagbag.py:537} INFO - Filling up the DagBag from /home/airflow/.local/lib/python3.7/site-packages/airflow/example_dags/example_trigger_target_dag.py
[2022-11-22T19:33:59.621+0000] {processor.py:766} INFO - DAG(s) dict_keys(['example_trigger_target_dag']) retrieved from /home/airflow/.local/lib/python3.7/site-packages/airflow/example_dags/example_trigger_target_dag.py
[2022-11-22T19:33:59.672+0000] {logging_mixin.py:137} INFO - [2022-11-22T19:33:59.671+0000] {dag.py:2585} INFO - Sync 1 DAGs
[2022-11-22T19:33:59.697+0000] {logging_mixin.py:137} INFO - [2022-11-22T19:33:59.696+0000] {dag.py:3340} INFO - Setting next_dagrun for example_trigger_target_dag to None, run_after=None
[2022-11-22T19:33:59.715+0000] {processor.py:176} INFO - Processing /home/airflow/.local/lib/python3.7/site-packages/airflow/example_dags/example_trigger_target_dag.py took 0.121 seconds
[2022-11-22T19:34:29.977+0000] {processor.py:154} INFO - Started process (PID=1025) to work on /home/airflow/.local/lib/python3.7/site-packages/airflow/example_dags/example_trigger_target_dag.py
[2022-11-22T19:34:29.980+0000] {processor.py:756} INFO - Processing file /home/airflow/.local/lib/python3.7/site-packages/airflow/example_dags/example_trigger_target_dag.py for tasks to queue
[2022-11-22T19:34:29.981+0000] {logging_mixin.py:137} INFO - [2022-11-22T19:34:29.981+0000] {dagbag.py:537} INFO - Filling up the DagBag from /home/airflow/.local/lib/python3.7/site-packages/airflow/example_dags/example_trigger_target_dag.py
[2022-11-22T19:34:29.999+0000] {processor.py:766} INFO - DAG(s) dict_keys(['example_trigger_target_dag']) retrieved from /home/airflow/.local/lib/python3.7/site-packages/airflow/example_dags/example_trigger_target_dag.py
[2022-11-22T19:34:30.050+0000] {logging_mixin.py:137} INFO - [2022-11-22T19:34:30.050+0000] {dag.py:2585} INFO - Sync 1 DAGs
[2022-11-22T19:34:30.086+0000] {logging_mixin.py:137} INFO - [2022-11-22T19:34:30.086+0000] {dag.py:3340} INFO - Setting next_dagrun for example_trigger_target_dag to None, run_after=None
[2022-11-22T19:34:30.108+0000] {processor.py:176} INFO - Processing /home/airflow/.local/lib/python3.7/site-packages/airflow/example_dags/example_trigger_target_dag.py took 0.134 seconds
[2022-11-22T19:35:00.851+0000] {processor.py:154} INFO - Started process (PID=1090) to work on /home/airflow/.local/lib/python3.7/site-packages/airflow/example_dags/example_trigger_target_dag.py
[2022-11-22T19:35:00.856+0000] {processor.py:756} INFO - Processing file /home/airflow/.local/lib/python3.7/site-packages/airflow/example_dags/example_trigger_target_dag.py for tasks to queue
[2022-11-22T19:35:00.859+0000] {logging_mixin.py:137} INFO - [2022-11-22T19:35:00.859+0000] {dagbag.py:537} INFO - Filling up the DagBag from /home/airflow/.local/lib/python3.7/site-packages/airflow/example_dags/example_trigger_target_dag.py
[2022-11-22T19:35:00.903+0000] {processor.py:766} INFO - DAG(s) dict_keys(['example_trigger_target_dag']) retrieved from /home/airflow/.local/lib/python3.7/site-packages/airflow/example_dags/example_trigger_target_dag.py
[2022-11-22T19:35:00.999+0000] {logging_mixin.py:137} INFO - [2022-11-22T19:35:00.999+0000] {dag.py:2585} INFO - Sync 1 DAGs
[2022-11-22T19:35:01.022+0000] {logging_mixin.py:137} INFO - [2022-11-22T19:35:01.022+0000] {dag.py:3340} INFO - Setting next_dagrun for example_trigger_target_dag to None, run_after=None
[2022-11-22T19:35:01.045+0000] {processor.py:176} INFO - Processing /home/airflow/.local/lib/python3.7/site-packages/airflow/example_dags/example_trigger_target_dag.py took 0.199 seconds
[2022-11-22T19:35:31.224+0000] {processor.py:154} INFO - Started process (PID=1152) to work on /home/airflow/.local/lib/python3.7/site-packages/airflow/example_dags/example_trigger_target_dag.py
[2022-11-22T19:35:31.226+0000] {processor.py:756} INFO - Processing file /home/airflow/.local/lib/python3.7/site-packages/airflow/example_dags/example_trigger_target_dag.py for tasks to queue
[2022-11-22T19:35:31.228+0000] {logging_mixin.py:137} INFO - [2022-11-22T19:35:31.227+0000] {dagbag.py:537} INFO - Filling up the DagBag from /home/airflow/.local/lib/python3.7/site-packages/airflow/example_dags/example_trigger_target_dag.py
[2022-11-22T19:35:31.244+0000] {processor.py:766} INFO - DAG(s) dict_keys(['example_trigger_target_dag']) retrieved from /home/airflow/.local/lib/python3.7/site-packages/airflow/example_dags/example_trigger_target_dag.py
[2022-11-22T19:35:31.298+0000] {logging_mixin.py:137} INFO - [2022-11-22T19:35:31.298+0000] {dag.py:2585} INFO - Sync 1 DAGs
[2022-11-22T19:35:31.341+0000] {logging_mixin.py:137} INFO - [2022-11-22T19:35:31.341+0000] {dag.py:3340} INFO - Setting next_dagrun for example_trigger_target_dag to None, run_after=None
[2022-11-22T19:35:31.360+0000] {processor.py:176} INFO - Processing /home/airflow/.local/lib/python3.7/site-packages/airflow/example_dags/example_trigger_target_dag.py took 0.139 seconds
[2022-11-22T19:36:02.116+0000] {processor.py:154} INFO - Started process (PID=1205) to work on /home/airflow/.local/lib/python3.7/site-packages/airflow/example_dags/example_trigger_target_dag.py
[2022-11-22T19:36:02.118+0000] {processor.py:756} INFO - Processing file /home/airflow/.local/lib/python3.7/site-packages/airflow/example_dags/example_trigger_target_dag.py for tasks to queue
[2022-11-22T19:36:02.119+0000] {logging_mixin.py:137} INFO - [2022-11-22T19:36:02.119+0000] {dagbag.py:537} INFO - Filling up the DagBag from /home/airflow/.local/lib/python3.7/site-packages/airflow/example_dags/example_trigger_target_dag.py
[2022-11-22T19:36:02.139+0000] {processor.py:766} INFO - DAG(s) dict_keys(['example_trigger_target_dag']) retrieved from /home/airflow/.local/lib/python3.7/site-packages/airflow/example_dags/example_trigger_target_dag.py
[2022-11-22T19:36:02.170+0000] {logging_mixin.py:137} INFO - [2022-11-22T19:36:02.170+0000] {dag.py:2585} INFO - Sync 1 DAGs
[2022-11-22T19:36:02.187+0000] {logging_mixin.py:137} INFO - [2022-11-22T19:36:02.186+0000] {dag.py:3340} INFO - Setting next_dagrun for example_trigger_target_dag to None, run_after=None
[2022-11-22T19:36:02.201+0000] {processor.py:176} INFO - Processing /home/airflow/.local/lib/python3.7/site-packages/airflow/example_dags/example_trigger_target_dag.py took 0.087 seconds
[2022-11-22T19:36:32.751+0000] {processor.py:154} INFO - Started process (PID=1269) to work on /home/airflow/.local/lib/python3.7/site-packages/airflow/example_dags/example_trigger_target_dag.py
[2022-11-22T19:36:32.753+0000] {processor.py:756} INFO - Processing file /home/airflow/.local/lib/python3.7/site-packages/airflow/example_dags/example_trigger_target_dag.py for tasks to queue
[2022-11-22T19:36:32.755+0000] {logging_mixin.py:137} INFO - [2022-11-22T19:36:32.754+0000] {dagbag.py:537} INFO - Filling up the DagBag from /home/airflow/.local/lib/python3.7/site-packages/airflow/example_dags/example_trigger_target_dag.py
[2022-11-22T19:36:32.771+0000] {processor.py:766} INFO - DAG(s) dict_keys(['example_trigger_target_dag']) retrieved from /home/airflow/.local/lib/python3.7/site-packages/airflow/example_dags/example_trigger_target_dag.py
[2022-11-22T19:36:32.805+0000] {logging_mixin.py:137} INFO - [2022-11-22T19:36:32.805+0000] {dag.py:2585} INFO - Sync 1 DAGs
[2022-11-22T19:36:32.834+0000] {logging_mixin.py:137} INFO - [2022-11-22T19:36:32.834+0000] {dag.py:3340} INFO - Setting next_dagrun for example_trigger_target_dag to None, run_after=None
[2022-11-22T19:36:32.869+0000] {processor.py:176} INFO - Processing /home/airflow/.local/lib/python3.7/site-packages/airflow/example_dags/example_trigger_target_dag.py took 0.121 seconds
[2022-11-22T19:37:03.678+0000] {processor.py:154} INFO - Started process (PID=1332) to work on /home/airflow/.local/lib/python3.7/site-packages/airflow/example_dags/example_trigger_target_dag.py
[2022-11-22T19:37:03.680+0000] {processor.py:756} INFO - Processing file /home/airflow/.local/lib/python3.7/site-packages/airflow/example_dags/example_trigger_target_dag.py for tasks to queue
[2022-11-22T19:37:03.681+0000] {logging_mixin.py:137} INFO - [2022-11-22T19:37:03.681+0000] {dagbag.py:537} INFO - Filling up the DagBag from /home/airflow/.local/lib/python3.7/site-packages/airflow/example_dags/example_trigger_target_dag.py
[2022-11-22T19:37:03.698+0000] {processor.py:766} INFO - DAG(s) dict_keys(['example_trigger_target_dag']) retrieved from /home/airflow/.local/lib/python3.7/site-packages/airflow/example_dags/example_trigger_target_dag.py
[2022-11-22T19:37:03.728+0000] {logging_mixin.py:137} INFO - [2022-11-22T19:37:03.727+0000] {dag.py:2585} INFO - Sync 1 DAGs
[2022-11-22T19:37:03.744+0000] {logging_mixin.py:137} INFO - [2022-11-22T19:37:03.744+0000] {dag.py:3340} INFO - Setting next_dagrun for example_trigger_target_dag to None, run_after=None
[2022-11-22T19:37:03.756+0000] {processor.py:176} INFO - Processing /home/airflow/.local/lib/python3.7/site-packages/airflow/example_dags/example_trigger_target_dag.py took 0.080 seconds
[2022-11-22T19:37:34.310+0000] {processor.py:154} INFO - Started process (PID=1396) to work on /home/airflow/.local/lib/python3.7/site-packages/airflow/example_dags/example_trigger_target_dag.py
[2022-11-22T19:37:34.312+0000] {processor.py:756} INFO - Processing file /home/airflow/.local/lib/python3.7/site-packages/airflow/example_dags/example_trigger_target_dag.py for tasks to queue
[2022-11-22T19:37:34.313+0000] {logging_mixin.py:137} INFO - [2022-11-22T19:37:34.313+0000] {dagbag.py:537} INFO - Filling up the DagBag from /home/airflow/.local/lib/python3.7/site-packages/airflow/example_dags/example_trigger_target_dag.py
[2022-11-22T19:37:34.326+0000] {processor.py:766} INFO - DAG(s) dict_keys(['example_trigger_target_dag']) retrieved from /home/airflow/.local/lib/python3.7/site-packages/airflow/example_dags/example_trigger_target_dag.py
[2022-11-22T19:37:34.359+0000] {logging_mixin.py:137} INFO - [2022-11-22T19:37:34.359+0000] {dag.py:2585} INFO - Sync 1 DAGs
[2022-11-22T19:37:34.377+0000] {logging_mixin.py:137} INFO - [2022-11-22T19:37:34.376+0000] {dag.py:3340} INFO - Setting next_dagrun for example_trigger_target_dag to None, run_after=None
[2022-11-22T19:37:34.389+0000] {processor.py:176} INFO - Processing /home/airflow/.local/lib/python3.7/site-packages/airflow/example_dags/example_trigger_target_dag.py took 0.082 seconds
[2022-11-22T19:38:04.739+0000] {processor.py:154} INFO - Started process (PID=1450) to work on /home/airflow/.local/lib/python3.7/site-packages/airflow/example_dags/example_trigger_target_dag.py
[2022-11-22T19:38:04.740+0000] {processor.py:756} INFO - Processing file /home/airflow/.local/lib/python3.7/site-packages/airflow/example_dags/example_trigger_target_dag.py for tasks to queue
[2022-11-22T19:38:04.741+0000] {logging_mixin.py:137} INFO - [2022-11-22T19:38:04.741+0000] {dagbag.py:537} INFO - Filling up the DagBag from /home/airflow/.local/lib/python3.7/site-packages/airflow/example_dags/example_trigger_target_dag.py
[2022-11-22T19:38:04.764+0000] {processor.py:766} INFO - DAG(s) dict_keys(['example_trigger_target_dag']) retrieved from /home/airflow/.local/lib/python3.7/site-packages/airflow/example_dags/example_trigger_target_dag.py
[2022-11-22T19:38:04.801+0000] {logging_mixin.py:137} INFO - [2022-11-22T19:38:04.800+0000] {dag.py:2585} INFO - Sync 1 DAGs
[2022-11-22T19:38:04.824+0000] {logging_mixin.py:137} INFO - [2022-11-22T19:38:04.823+0000] {dag.py:3340} INFO - Setting next_dagrun for example_trigger_target_dag to None, run_after=None
[2022-11-22T19:38:04.841+0000] {processor.py:176} INFO - Processing /home/airflow/.local/lib/python3.7/site-packages/airflow/example_dags/example_trigger_target_dag.py took 0.104 seconds
[2022-11-22T19:38:35.287+0000] {processor.py:154} INFO - Started process (PID=1513) to work on /home/airflow/.local/lib/python3.7/site-packages/airflow/example_dags/example_trigger_target_dag.py
[2022-11-22T19:38:35.289+0000] {processor.py:756} INFO - Processing file /home/airflow/.local/lib/python3.7/site-packages/airflow/example_dags/example_trigger_target_dag.py for tasks to queue
[2022-11-22T19:38:35.291+0000] {logging_mixin.py:137} INFO - [2022-11-22T19:38:35.290+0000] {dagbag.py:537} INFO - Filling up the DagBag from /home/airflow/.local/lib/python3.7/site-packages/airflow/example_dags/example_trigger_target_dag.py
[2022-11-22T19:38:35.307+0000] {processor.py:766} INFO - DAG(s) dict_keys(['example_trigger_target_dag']) retrieved from /home/airflow/.local/lib/python3.7/site-packages/airflow/example_dags/example_trigger_target_dag.py
[2022-11-22T19:38:35.334+0000] {logging_mixin.py:137} INFO - [2022-11-22T19:38:35.334+0000] {dag.py:2585} INFO - Sync 1 DAGs
[2022-11-22T19:38:35.361+0000] {logging_mixin.py:137} INFO - [2022-11-22T19:38:35.360+0000] {dag.py:3340} INFO - Setting next_dagrun for example_trigger_target_dag to None, run_after=None
[2022-11-22T19:38:35.374+0000] {processor.py:176} INFO - Processing /home/airflow/.local/lib/python3.7/site-packages/airflow/example_dags/example_trigger_target_dag.py took 0.090 seconds
[2022-11-22T19:39:05.682+0000] {processor.py:154} INFO - Started process (PID=1576) to work on /home/airflow/.local/lib/python3.7/site-packages/airflow/example_dags/example_trigger_target_dag.py
[2022-11-22T19:39:05.684+0000] {processor.py:756} INFO - Processing file /home/airflow/.local/lib/python3.7/site-packages/airflow/example_dags/example_trigger_target_dag.py for tasks to queue
[2022-11-22T19:39:05.685+0000] {logging_mixin.py:137} INFO - [2022-11-22T19:39:05.685+0000] {dagbag.py:537} INFO - Filling up the DagBag from /home/airflow/.local/lib/python3.7/site-packages/airflow/example_dags/example_trigger_target_dag.py
[2022-11-22T19:39:05.702+0000] {processor.py:766} INFO - DAG(s) dict_keys(['example_trigger_target_dag']) retrieved from /home/airflow/.local/lib/python3.7/site-packages/airflow/example_dags/example_trigger_target_dag.py
[2022-11-22T19:39:05.731+0000] {logging_mixin.py:137} INFO - [2022-11-22T19:39:05.731+0000] {dag.py:2585} INFO - Sync 1 DAGs
[2022-11-22T19:39:05.753+0000] {logging_mixin.py:137} INFO - [2022-11-22T19:39:05.753+0000] {dag.py:3340} INFO - Setting next_dagrun for example_trigger_target_dag to None, run_after=None
[2022-11-22T19:39:05.768+0000] {processor.py:176} INFO - Processing /home/airflow/.local/lib/python3.7/site-packages/airflow/example_dags/example_trigger_target_dag.py took 0.089 seconds
[2022-11-22T19:39:36.851+0000] {processor.py:154} INFO - Started process (PID=1640) to work on /home/airflow/.local/lib/python3.7/site-packages/airflow/example_dags/example_trigger_target_dag.py
[2022-11-22T19:39:36.853+0000] {processor.py:756} INFO - Processing file /home/airflow/.local/lib/python3.7/site-packages/airflow/example_dags/example_trigger_target_dag.py for tasks to queue
[2022-11-22T19:39:36.854+0000] {logging_mixin.py:137} INFO - [2022-11-22T19:39:36.854+0000] {dagbag.py:537} INFO - Filling up the DagBag from /home/airflow/.local/lib/python3.7/site-packages/airflow/example_dags/example_trigger_target_dag.py
[2022-11-22T19:39:36.870+0000] {processor.py:766} INFO - DAG(s) dict_keys(['example_trigger_target_dag']) retrieved from /home/airflow/.local/lib/python3.7/site-packages/airflow/example_dags/example_trigger_target_dag.py
[2022-11-22T19:39:36.903+0000] {logging_mixin.py:137} INFO - [2022-11-22T19:39:36.903+0000] {dag.py:2585} INFO - Sync 1 DAGs
[2022-11-22T19:39:36.920+0000] {logging_mixin.py:137} INFO - [2022-11-22T19:39:36.920+0000] {dag.py:3340} INFO - Setting next_dagrun for example_trigger_target_dag to None, run_after=None
[2022-11-22T19:39:36.934+0000] {processor.py:176} INFO - Processing /home/airflow/.local/lib/python3.7/site-packages/airflow/example_dags/example_trigger_target_dag.py took 0.085 seconds
[2022-11-22T19:40:07.108+0000] {processor.py:154} INFO - Started process (PID=1695) to work on /home/airflow/.local/lib/python3.7/site-packages/airflow/example_dags/example_trigger_target_dag.py
[2022-11-22T19:40:07.109+0000] {processor.py:756} INFO - Processing file /home/airflow/.local/lib/python3.7/site-packages/airflow/example_dags/example_trigger_target_dag.py for tasks to queue
[2022-11-22T19:40:07.110+0000] {logging_mixin.py:137} INFO - [2022-11-22T19:40:07.110+0000] {dagbag.py:537} INFO - Filling up the DagBag from /home/airflow/.local/lib/python3.7/site-packages/airflow/example_dags/example_trigger_target_dag.py
[2022-11-22T19:40:07.124+0000] {processor.py:766} INFO - DAG(s) dict_keys(['example_trigger_target_dag']) retrieved from /home/airflow/.local/lib/python3.7/site-packages/airflow/example_dags/example_trigger_target_dag.py
[2022-11-22T19:40:07.150+0000] {logging_mixin.py:137} INFO - [2022-11-22T19:40:07.150+0000] {dag.py:2585} INFO - Sync 1 DAGs
[2022-11-22T19:40:07.168+0000] {logging_mixin.py:137} INFO - [2022-11-22T19:40:07.168+0000] {dag.py:3340} INFO - Setting next_dagrun for example_trigger_target_dag to None, run_after=None
[2022-11-22T19:40:07.187+0000] {processor.py:176} INFO - Processing /home/airflow/.local/lib/python3.7/site-packages/airflow/example_dags/example_trigger_target_dag.py took 0.081 seconds
[2022-11-22T19:40:37.716+0000] {processor.py:154} INFO - Started process (PID=1758) to work on /home/airflow/.local/lib/python3.7/site-packages/airflow/example_dags/example_trigger_target_dag.py
[2022-11-22T19:40:37.718+0000] {processor.py:756} INFO - Processing file /home/airflow/.local/lib/python3.7/site-packages/airflow/example_dags/example_trigger_target_dag.py for tasks to queue
[2022-11-22T19:40:37.719+0000] {logging_mixin.py:137} INFO - [2022-11-22T19:40:37.719+0000] {dagbag.py:537} INFO - Filling up the DagBag from /home/airflow/.local/lib/python3.7/site-packages/airflow/example_dags/example_trigger_target_dag.py
[2022-11-22T19:40:37.736+0000] {processor.py:766} INFO - DAG(s) dict_keys(['example_trigger_target_dag']) retrieved from /home/airflow/.local/lib/python3.7/site-packages/airflow/example_dags/example_trigger_target_dag.py
[2022-11-22T19:40:37.784+0000] {logging_mixin.py:137} INFO - [2022-11-22T19:40:37.784+0000] {dag.py:2585} INFO - Sync 1 DAGs
[2022-11-22T19:40:37.817+0000] {logging_mixin.py:137} INFO - [2022-11-22T19:40:37.817+0000] {dag.py:3340} INFO - Setting next_dagrun for example_trigger_target_dag to None, run_after=None
[2022-11-22T19:40:37.841+0000] {processor.py:176} INFO - Processing /home/airflow/.local/lib/python3.7/site-packages/airflow/example_dags/example_trigger_target_dag.py took 0.128 seconds
[2022-11-22T19:41:08.675+0000] {processor.py:154} INFO - Started process (PID=1822) to work on /home/airflow/.local/lib/python3.7/site-packages/airflow/example_dags/example_trigger_target_dag.py
[2022-11-22T19:41:08.676+0000] {processor.py:756} INFO - Processing file /home/airflow/.local/lib/python3.7/site-packages/airflow/example_dags/example_trigger_target_dag.py for tasks to queue
[2022-11-22T19:41:08.677+0000] {logging_mixin.py:137} INFO - [2022-11-22T19:41:08.677+0000] {dagbag.py:537} INFO - Filling up the DagBag from /home/airflow/.local/lib/python3.7/site-packages/airflow/example_dags/example_trigger_target_dag.py
[2022-11-22T19:41:08.690+0000] {processor.py:766} INFO - DAG(s) dict_keys(['example_trigger_target_dag']) retrieved from /home/airflow/.local/lib/python3.7/site-packages/airflow/example_dags/example_trigger_target_dag.py
[2022-11-22T19:41:08.715+0000] {logging_mixin.py:137} INFO - [2022-11-22T19:41:08.715+0000] {dag.py:2585} INFO - Sync 1 DAGs
[2022-11-22T19:41:08.740+0000] {logging_mixin.py:137} INFO - [2022-11-22T19:41:08.740+0000] {dag.py:3340} INFO - Setting next_dagrun for example_trigger_target_dag to None, run_after=None
[2022-11-22T19:41:08.756+0000] {processor.py:176} INFO - Processing /home/airflow/.local/lib/python3.7/site-packages/airflow/example_dags/example_trigger_target_dag.py took 0.083 seconds
[2022-11-22T19:41:39.828+0000] {processor.py:154} INFO - Started process (PID=1886) to work on /home/airflow/.local/lib/python3.7/site-packages/airflow/example_dags/example_trigger_target_dag.py
[2022-11-22T19:41:39.830+0000] {processor.py:756} INFO - Processing file /home/airflow/.local/lib/python3.7/site-packages/airflow/example_dags/example_trigger_target_dag.py for tasks to queue
[2022-11-22T19:41:39.831+0000] {logging_mixin.py:137} INFO - [2022-11-22T19:41:39.831+0000] {dagbag.py:537} INFO - Filling up the DagBag from /home/airflow/.local/lib/python3.7/site-packages/airflow/example_dags/example_trigger_target_dag.py
[2022-11-22T19:41:39.848+0000] {processor.py:766} INFO - DAG(s) dict_keys(['example_trigger_target_dag']) retrieved from /home/airflow/.local/lib/python3.7/site-packages/airflow/example_dags/example_trigger_target_dag.py
[2022-11-22T19:41:39.880+0000] {logging_mixin.py:137} INFO - [2022-11-22T19:41:39.880+0000] {dag.py:2585} INFO - Sync 1 DAGs
[2022-11-22T19:41:39.897+0000] {logging_mixin.py:137} INFO - [2022-11-22T19:41:39.897+0000] {dag.py:3340} INFO - Setting next_dagrun for example_trigger_target_dag to None, run_after=None
[2022-11-22T19:41:39.910+0000] {processor.py:176} INFO - Processing /home/airflow/.local/lib/python3.7/site-packages/airflow/example_dags/example_trigger_target_dag.py took 0.086 seconds
[2022-11-22T19:42:10.338+0000] {processor.py:154} INFO - Started process (PID=1940) to work on /home/airflow/.local/lib/python3.7/site-packages/airflow/example_dags/example_trigger_target_dag.py
[2022-11-22T19:42:10.339+0000] {processor.py:756} INFO - Processing file /home/airflow/.local/lib/python3.7/site-packages/airflow/example_dags/example_trigger_target_dag.py for tasks to queue
[2022-11-22T19:42:10.340+0000] {logging_mixin.py:137} INFO - [2022-11-22T19:42:10.340+0000] {dagbag.py:537} INFO - Filling up the DagBag from /home/airflow/.local/lib/python3.7/site-packages/airflow/example_dags/example_trigger_target_dag.py
[2022-11-22T19:42:10.354+0000] {processor.py:766} INFO - DAG(s) dict_keys(['example_trigger_target_dag']) retrieved from /home/airflow/.local/lib/python3.7/site-packages/airflow/example_dags/example_trigger_target_dag.py
[2022-11-22T19:42:10.389+0000] {logging_mixin.py:137} INFO - [2022-11-22T19:42:10.389+0000] {dag.py:2585} INFO - Sync 1 DAGs
[2022-11-22T19:42:10.438+0000] {logging_mixin.py:137} INFO - [2022-11-22T19:42:10.437+0000] {dag.py:3340} INFO - Setting next_dagrun for example_trigger_target_dag to None, run_after=None
[2022-11-22T19:42:10.466+0000] {processor.py:176} INFO - Processing /home/airflow/.local/lib/python3.7/site-packages/airflow/example_dags/example_trigger_target_dag.py took 0.130 seconds
[2022-11-22T19:42:41.603+0000] {processor.py:154} INFO - Started process (PID=2004) to work on /home/airflow/.local/lib/python3.7/site-packages/airflow/example_dags/example_trigger_target_dag.py
[2022-11-22T19:42:41.605+0000] {processor.py:756} INFO - Processing file /home/airflow/.local/lib/python3.7/site-packages/airflow/example_dags/example_trigger_target_dag.py for tasks to queue
[2022-11-22T19:42:41.606+0000] {logging_mixin.py:137} INFO - [2022-11-22T19:42:41.606+0000] {dagbag.py:537} INFO - Filling up the DagBag from /home/airflow/.local/lib/python3.7/site-packages/airflow/example_dags/example_trigger_target_dag.py
[2022-11-22T19:42:41.624+0000] {processor.py:766} INFO - DAG(s) dict_keys(['example_trigger_target_dag']) retrieved from /home/airflow/.local/lib/python3.7/site-packages/airflow/example_dags/example_trigger_target_dag.py
[2022-11-22T19:42:41.651+0000] {logging_mixin.py:137} INFO - [2022-11-22T19:42:41.651+0000] {dag.py:2585} INFO - Sync 1 DAGs
[2022-11-22T19:42:41.667+0000] {logging_mixin.py:137} INFO - [2022-11-22T19:42:41.667+0000] {dag.py:3340} INFO - Setting next_dagrun for example_trigger_target_dag to None, run_after=None
[2022-11-22T19:42:41.680+0000] {processor.py:176} INFO - Processing /home/airflow/.local/lib/python3.7/site-packages/airflow/example_dags/example_trigger_target_dag.py took 0.079 seconds
[2022-11-22T19:43:12.600+0000] {processor.py:154} INFO - Started process (PID=2066) to work on /home/airflow/.local/lib/python3.7/site-packages/airflow/example_dags/example_trigger_target_dag.py
[2022-11-22T19:43:12.602+0000] {processor.py:756} INFO - Processing file /home/airflow/.local/lib/python3.7/site-packages/airflow/example_dags/example_trigger_target_dag.py for tasks to queue
[2022-11-22T19:43:12.604+0000] {logging_mixin.py:137} INFO - [2022-11-22T19:43:12.604+0000] {dagbag.py:537} INFO - Filling up the DagBag from /home/airflow/.local/lib/python3.7/site-packages/airflow/example_dags/example_trigger_target_dag.py
[2022-11-22T19:43:12.622+0000] {processor.py:766} INFO - DAG(s) dict_keys(['example_trigger_target_dag']) retrieved from /home/airflow/.local/lib/python3.7/site-packages/airflow/example_dags/example_trigger_target_dag.py
[2022-11-22T19:43:12.651+0000] {logging_mixin.py:137} INFO - [2022-11-22T19:43:12.651+0000] {dag.py:2585} INFO - Sync 1 DAGs
[2022-11-22T19:43:12.669+0000] {logging_mixin.py:137} INFO - [2022-11-22T19:43:12.669+0000] {dag.py:3340} INFO - Setting next_dagrun for example_trigger_target_dag to None, run_after=None
[2022-11-22T19:43:12.682+0000] {processor.py:176} INFO - Processing /home/airflow/.local/lib/python3.7/site-packages/airflow/example_dags/example_trigger_target_dag.py took 0.085 seconds
[2022-11-22T19:43:43.419+0000] {processor.py:154} INFO - Started process (PID=2129) to work on /home/airflow/.local/lib/python3.7/site-packages/airflow/example_dags/example_trigger_target_dag.py
[2022-11-22T19:43:43.421+0000] {processor.py:756} INFO - Processing file /home/airflow/.local/lib/python3.7/site-packages/airflow/example_dags/example_trigger_target_dag.py for tasks to queue
[2022-11-22T19:43:43.422+0000] {logging_mixin.py:137} INFO - [2022-11-22T19:43:43.422+0000] {dagbag.py:537} INFO - Filling up the DagBag from /home/airflow/.local/lib/python3.7/site-packages/airflow/example_dags/example_trigger_target_dag.py
[2022-11-22T19:43:43.437+0000] {processor.py:766} INFO - DAG(s) dict_keys(['example_trigger_target_dag']) retrieved from /home/airflow/.local/lib/python3.7/site-packages/airflow/example_dags/example_trigger_target_dag.py
[2022-11-22T19:43:43.466+0000] {logging_mixin.py:137} INFO - [2022-11-22T19:43:43.466+0000] {dag.py:2585} INFO - Sync 1 DAGs
[2022-11-22T19:43:43.484+0000] {logging_mixin.py:137} INFO - [2022-11-22T19:43:43.483+0000] {dag.py:3340} INFO - Setting next_dagrun for example_trigger_target_dag to None, run_after=None
[2022-11-22T19:43:43.496+0000] {processor.py:176} INFO - Processing /home/airflow/.local/lib/python3.7/site-packages/airflow/example_dags/example_trigger_target_dag.py took 0.080 seconds
[2022-11-22T19:44:13.984+0000] {processor.py:154} INFO - Started process (PID=2192) to work on /home/airflow/.local/lib/python3.7/site-packages/airflow/example_dags/example_trigger_target_dag.py
[2022-11-22T19:44:13.986+0000] {processor.py:756} INFO - Processing file /home/airflow/.local/lib/python3.7/site-packages/airflow/example_dags/example_trigger_target_dag.py for tasks to queue
[2022-11-22T19:44:13.987+0000] {logging_mixin.py:137} INFO - [2022-11-22T19:44:13.987+0000] {dagbag.py:537} INFO - Filling up the DagBag from /home/airflow/.local/lib/python3.7/site-packages/airflow/example_dags/example_trigger_target_dag.py
[2022-11-22T19:44:14.003+0000] {processor.py:766} INFO - DAG(s) dict_keys(['example_trigger_target_dag']) retrieved from /home/airflow/.local/lib/python3.7/site-packages/airflow/example_dags/example_trigger_target_dag.py
[2022-11-22T19:44:14.031+0000] {logging_mixin.py:137} INFO - [2022-11-22T19:44:14.030+0000] {dag.py:2585} INFO - Sync 1 DAGs
[2022-11-22T19:44:14.051+0000] {logging_mixin.py:137} INFO - [2022-11-22T19:44:14.050+0000] {dag.py:3340} INFO - Setting next_dagrun for example_trigger_target_dag to None, run_after=None
[2022-11-22T19:44:14.073+0000] {processor.py:176} INFO - Processing /home/airflow/.local/lib/python3.7/site-packages/airflow/example_dags/example_trigger_target_dag.py took 0.091 seconds
[2022-11-22T19:44:45.033+0000] {processor.py:154} INFO - Started process (PID=2255) to work on /home/airflow/.local/lib/python3.7/site-packages/airflow/example_dags/example_trigger_target_dag.py
[2022-11-22T19:44:45.035+0000] {processor.py:756} INFO - Processing file /home/airflow/.local/lib/python3.7/site-packages/airflow/example_dags/example_trigger_target_dag.py for tasks to queue
[2022-11-22T19:44:45.037+0000] {logging_mixin.py:137} INFO - [2022-11-22T19:44:45.037+0000] {dagbag.py:537} INFO - Filling up the DagBag from /home/airflow/.local/lib/python3.7/site-packages/airflow/example_dags/example_trigger_target_dag.py
[2022-11-22T19:44:45.054+0000] {processor.py:766} INFO - DAG(s) dict_keys(['example_trigger_target_dag']) retrieved from /home/airflow/.local/lib/python3.7/site-packages/airflow/example_dags/example_trigger_target_dag.py
[2022-11-22T19:44:45.086+0000] {logging_mixin.py:137} INFO - [2022-11-22T19:44:45.086+0000] {dag.py:2585} INFO - Sync 1 DAGs
[2022-11-22T19:44:45.103+0000] {logging_mixin.py:137} INFO - [2022-11-22T19:44:45.103+0000] {dag.py:3340} INFO - Setting next_dagrun for example_trigger_target_dag to None, run_after=None
[2022-11-22T19:44:45.115+0000] {processor.py:176} INFO - Processing /home/airflow/.local/lib/python3.7/site-packages/airflow/example_dags/example_trigger_target_dag.py took 0.085 seconds
[2022-11-22T19:45:15.178+0000] {processor.py:154} INFO - Started process (PID=2310) to work on /home/airflow/.local/lib/python3.7/site-packages/airflow/example_dags/example_trigger_target_dag.py
[2022-11-22T19:45:15.180+0000] {processor.py:756} INFO - Processing file /home/airflow/.local/lib/python3.7/site-packages/airflow/example_dags/example_trigger_target_dag.py for tasks to queue
[2022-11-22T19:45:15.181+0000] {logging_mixin.py:137} INFO - [2022-11-22T19:45:15.181+0000] {dagbag.py:537} INFO - Filling up the DagBag from /home/airflow/.local/lib/python3.7/site-packages/airflow/example_dags/example_trigger_target_dag.py
[2022-11-22T19:45:15.195+0000] {processor.py:766} INFO - DAG(s) dict_keys(['example_trigger_target_dag']) retrieved from /home/airflow/.local/lib/python3.7/site-packages/airflow/example_dags/example_trigger_target_dag.py
[2022-11-22T19:45:15.225+0000] {logging_mixin.py:137} INFO - [2022-11-22T19:45:15.225+0000] {dag.py:2585} INFO - Sync 1 DAGs
[2022-11-22T19:45:15.245+0000] {logging_mixin.py:137} INFO - [2022-11-22T19:45:15.245+0000] {dag.py:3340} INFO - Setting next_dagrun for example_trigger_target_dag to None, run_after=None
[2022-11-22T19:45:15.260+0000] {processor.py:176} INFO - Processing /home/airflow/.local/lib/python3.7/site-packages/airflow/example_dags/example_trigger_target_dag.py took 0.085 seconds
[2022-11-22T19:45:46.122+0000] {processor.py:154} INFO - Started process (PID=2374) to work on /home/airflow/.local/lib/python3.7/site-packages/airflow/example_dags/example_trigger_target_dag.py
[2022-11-22T19:45:46.124+0000] {processor.py:756} INFO - Processing file /home/airflow/.local/lib/python3.7/site-packages/airflow/example_dags/example_trigger_target_dag.py for tasks to queue
[2022-11-22T19:45:46.125+0000] {logging_mixin.py:137} INFO - [2022-11-22T19:45:46.125+0000] {dagbag.py:537} INFO - Filling up the DagBag from /home/airflow/.local/lib/python3.7/site-packages/airflow/example_dags/example_trigger_target_dag.py
[2022-11-22T19:45:46.138+0000] {processor.py:766} INFO - DAG(s) dict_keys(['example_trigger_target_dag']) retrieved from /home/airflow/.local/lib/python3.7/site-packages/airflow/example_dags/example_trigger_target_dag.py
[2022-11-22T19:45:46.165+0000] {logging_mixin.py:137} INFO - [2022-11-22T19:45:46.165+0000] {dag.py:2585} INFO - Sync 1 DAGs
[2022-11-22T19:45:46.182+0000] {logging_mixin.py:137} INFO - [2022-11-22T19:45:46.182+0000] {dag.py:3340} INFO - Setting next_dagrun for example_trigger_target_dag to None, run_after=None
[2022-11-22T19:45:46.194+0000] {processor.py:176} INFO - Processing /home/airflow/.local/lib/python3.7/site-packages/airflow/example_dags/example_trigger_target_dag.py took 0.073 seconds
[2022-11-22T19:46:16.981+0000] {processor.py:154} INFO - Started process (PID=2438) to work on /home/airflow/.local/lib/python3.7/site-packages/airflow/example_dags/example_trigger_target_dag.py
[2022-11-22T19:46:16.982+0000] {processor.py:756} INFO - Processing file /home/airflow/.local/lib/python3.7/site-packages/airflow/example_dags/example_trigger_target_dag.py for tasks to queue
[2022-11-22T19:46:16.983+0000] {logging_mixin.py:137} INFO - [2022-11-22T19:46:16.983+0000] {dagbag.py:537} INFO - Filling up the DagBag from /home/airflow/.local/lib/python3.7/site-packages/airflow/example_dags/example_trigger_target_dag.py
[2022-11-22T19:46:17.006+0000] {processor.py:766} INFO - DAG(s) dict_keys(['example_trigger_target_dag']) retrieved from /home/airflow/.local/lib/python3.7/site-packages/airflow/example_dags/example_trigger_target_dag.py
[2022-11-22T19:46:17.034+0000] {logging_mixin.py:137} INFO - [2022-11-22T19:46:17.034+0000] {dag.py:2585} INFO - Sync 1 DAGs
[2022-11-22T19:46:17.054+0000] {logging_mixin.py:137} INFO - [2022-11-22T19:46:17.054+0000] {dag.py:3340} INFO - Setting next_dagrun for example_trigger_target_dag to None, run_after=None
[2022-11-22T19:46:17.097+0000] {processor.py:176} INFO - Processing /home/airflow/.local/lib/python3.7/site-packages/airflow/example_dags/example_trigger_target_dag.py took 0.119 seconds
[2022-11-22T19:46:48.262+0000] {processor.py:154} INFO - Started process (PID=2500) to work on /home/airflow/.local/lib/python3.7/site-packages/airflow/example_dags/example_trigger_target_dag.py
[2022-11-22T19:46:48.264+0000] {processor.py:756} INFO - Processing file /home/airflow/.local/lib/python3.7/site-packages/airflow/example_dags/example_trigger_target_dag.py for tasks to queue
[2022-11-22T19:46:48.266+0000] {logging_mixin.py:137} INFO - [2022-11-22T19:46:48.266+0000] {dagbag.py:537} INFO - Filling up the DagBag from /home/airflow/.local/lib/python3.7/site-packages/airflow/example_dags/example_trigger_target_dag.py
[2022-11-22T19:46:48.284+0000] {processor.py:766} INFO - DAG(s) dict_keys(['example_trigger_target_dag']) retrieved from /home/airflow/.local/lib/python3.7/site-packages/airflow/example_dags/example_trigger_target_dag.py
[2022-11-22T19:46:48.330+0000] {logging_mixin.py:137} INFO - [2022-11-22T19:46:48.329+0000] {dag.py:2585} INFO - Sync 1 DAGs
[2022-11-22T19:46:48.352+0000] {logging_mixin.py:137} INFO - [2022-11-22T19:46:48.352+0000] {dag.py:3340} INFO - Setting next_dagrun for example_trigger_target_dag to None, run_after=None
[2022-11-22T19:46:48.367+0000] {processor.py:176} INFO - Processing /home/airflow/.local/lib/python3.7/site-packages/airflow/example_dags/example_trigger_target_dag.py took 0.109 seconds
[2022-11-22T19:47:18.472+0000] {processor.py:154} INFO - Started process (PID=2554) to work on /home/airflow/.local/lib/python3.7/site-packages/airflow/example_dags/example_trigger_target_dag.py
[2022-11-22T19:47:18.479+0000] {processor.py:756} INFO - Processing file /home/airflow/.local/lib/python3.7/site-packages/airflow/example_dags/example_trigger_target_dag.py for tasks to queue
[2022-11-22T19:47:18.496+0000] {logging_mixin.py:137} INFO - [2022-11-22T19:47:18.496+0000] {dagbag.py:537} INFO - Filling up the DagBag from /home/airflow/.local/lib/python3.7/site-packages/airflow/example_dags/example_trigger_target_dag.py
[2022-11-22T19:47:18.517+0000] {processor.py:766} INFO - DAG(s) dict_keys(['example_trigger_target_dag']) retrieved from /home/airflow/.local/lib/python3.7/site-packages/airflow/example_dags/example_trigger_target_dag.py
[2022-11-22T19:47:18.550+0000] {logging_mixin.py:137} INFO - [2022-11-22T19:47:18.550+0000] {dag.py:2585} INFO - Sync 1 DAGs
[2022-11-22T19:47:18.568+0000] {logging_mixin.py:137} INFO - [2022-11-22T19:47:18.568+0000] {dag.py:3340} INFO - Setting next_dagrun for example_trigger_target_dag to None, run_after=None
[2022-11-22T19:47:18.587+0000] {processor.py:176} INFO - Processing /home/airflow/.local/lib/python3.7/site-packages/airflow/example_dags/example_trigger_target_dag.py took 0.117 seconds
[2022-11-22T19:47:49.010+0000] {processor.py:154} INFO - Started process (PID=2616) to work on /home/airflow/.local/lib/python3.7/site-packages/airflow/example_dags/example_trigger_target_dag.py
[2022-11-22T19:47:49.012+0000] {processor.py:756} INFO - Processing file /home/airflow/.local/lib/python3.7/site-packages/airflow/example_dags/example_trigger_target_dag.py for tasks to queue
[2022-11-22T19:47:49.013+0000] {logging_mixin.py:137} INFO - [2022-11-22T19:47:49.013+0000] {dagbag.py:537} INFO - Filling up the DagBag from /home/airflow/.local/lib/python3.7/site-packages/airflow/example_dags/example_trigger_target_dag.py
[2022-11-22T19:47:49.028+0000] {processor.py:766} INFO - DAG(s) dict_keys(['example_trigger_target_dag']) retrieved from /home/airflow/.local/lib/python3.7/site-packages/airflow/example_dags/example_trigger_target_dag.py
[2022-11-22T19:47:49.055+0000] {logging_mixin.py:137} INFO - [2022-11-22T19:47:49.055+0000] {dag.py:2585} INFO - Sync 1 DAGs
[2022-11-22T19:47:49.075+0000] {logging_mixin.py:137} INFO - [2022-11-22T19:47:49.075+0000] {dag.py:3340} INFO - Setting next_dagrun for example_trigger_target_dag to None, run_after=None
[2022-11-22T19:47:49.089+0000] {processor.py:176} INFO - Processing /home/airflow/.local/lib/python3.7/site-packages/airflow/example_dags/example_trigger_target_dag.py took 0.082 seconds
[2022-11-22T19:48:20.369+0000] {processor.py:154} INFO - Started process (PID=2678) to work on /home/airflow/.local/lib/python3.7/site-packages/airflow/example_dags/example_trigger_target_dag.py
[2022-11-22T19:48:20.370+0000] {processor.py:756} INFO - Processing file /home/airflow/.local/lib/python3.7/site-packages/airflow/example_dags/example_trigger_target_dag.py for tasks to queue
[2022-11-22T19:48:20.373+0000] {logging_mixin.py:137} INFO - [2022-11-22T19:48:20.373+0000] {dagbag.py:537} INFO - Filling up the DagBag from /home/airflow/.local/lib/python3.7/site-packages/airflow/example_dags/example_trigger_target_dag.py
[2022-11-22T19:48:20.391+0000] {processor.py:766} INFO - DAG(s) dict_keys(['example_trigger_target_dag']) retrieved from /home/airflow/.local/lib/python3.7/site-packages/airflow/example_dags/example_trigger_target_dag.py
[2022-11-22T19:48:20.423+0000] {logging_mixin.py:137} INFO - [2022-11-22T19:48:20.423+0000] {dag.py:2585} INFO - Sync 1 DAGs
[2022-11-22T19:48:20.441+0000] {logging_mixin.py:137} INFO - [2022-11-22T19:48:20.441+0000] {dag.py:3340} INFO - Setting next_dagrun for example_trigger_target_dag to None, run_after=None
[2022-11-22T19:48:20.457+0000] {processor.py:176} INFO - Processing /home/airflow/.local/lib/python3.7/site-packages/airflow/example_dags/example_trigger_target_dag.py took 0.091 seconds
[2022-11-22T19:48:51.166+0000] {processor.py:154} INFO - Started process (PID=2741) to work on /home/airflow/.local/lib/python3.7/site-packages/airflow/example_dags/example_trigger_target_dag.py
[2022-11-22T19:48:51.167+0000] {processor.py:756} INFO - Processing file /home/airflow/.local/lib/python3.7/site-packages/airflow/example_dags/example_trigger_target_dag.py for tasks to queue
[2022-11-22T19:48:51.169+0000] {logging_mixin.py:137} INFO - [2022-11-22T19:48:51.169+0000] {dagbag.py:537} INFO - Filling up the DagBag from /home/airflow/.local/lib/python3.7/site-packages/airflow/example_dags/example_trigger_target_dag.py
[2022-11-22T19:48:51.184+0000] {processor.py:766} INFO - DAG(s) dict_keys(['example_trigger_target_dag']) retrieved from /home/airflow/.local/lib/python3.7/site-packages/airflow/example_dags/example_trigger_target_dag.py
[2022-11-22T19:48:51.212+0000] {logging_mixin.py:137} INFO - [2022-11-22T19:48:51.212+0000] {dag.py:2585} INFO - Sync 1 DAGs
[2022-11-22T19:48:51.228+0000] {logging_mixin.py:137} INFO - [2022-11-22T19:48:51.228+0000] {dag.py:3340} INFO - Setting next_dagrun for example_trigger_target_dag to None, run_after=None
[2022-11-22T19:48:51.241+0000] {processor.py:176} INFO - Processing /home/airflow/.local/lib/python3.7/site-packages/airflow/example_dags/example_trigger_target_dag.py took 0.078 seconds
[2022-11-22T19:49:21.336+0000] {processor.py:154} INFO - Started process (PID=2795) to work on /home/airflow/.local/lib/python3.7/site-packages/airflow/example_dags/example_trigger_target_dag.py
[2022-11-22T19:49:21.337+0000] {processor.py:756} INFO - Processing file /home/airflow/.local/lib/python3.7/site-packages/airflow/example_dags/example_trigger_target_dag.py for tasks to queue
[2022-11-22T19:49:21.341+0000] {logging_mixin.py:137} INFO - [2022-11-22T19:49:21.341+0000] {dagbag.py:537} INFO - Filling up the DagBag from /home/airflow/.local/lib/python3.7/site-packages/airflow/example_dags/example_trigger_target_dag.py
[2022-11-22T19:49:21.356+0000] {processor.py:766} INFO - DAG(s) dict_keys(['example_trigger_target_dag']) retrieved from /home/airflow/.local/lib/python3.7/site-packages/airflow/example_dags/example_trigger_target_dag.py
[2022-11-22T19:49:21.388+0000] {logging_mixin.py:137} INFO - [2022-11-22T19:49:21.387+0000] {dag.py:2585} INFO - Sync 1 DAGs
[2022-11-22T19:49:21.405+0000] {logging_mixin.py:137} INFO - [2022-11-22T19:49:21.405+0000] {dag.py:3340} INFO - Setting next_dagrun for example_trigger_target_dag to None, run_after=None
[2022-11-22T19:49:21.418+0000] {processor.py:176} INFO - Processing /home/airflow/.local/lib/python3.7/site-packages/airflow/example_dags/example_trigger_target_dag.py took 0.084 seconds
[2022-11-22T19:49:52.196+0000] {processor.py:154} INFO - Started process (PID=2858) to work on /home/airflow/.local/lib/python3.7/site-packages/airflow/example_dags/example_trigger_target_dag.py
[2022-11-22T19:49:52.198+0000] {processor.py:756} INFO - Processing file /home/airflow/.local/lib/python3.7/site-packages/airflow/example_dags/example_trigger_target_dag.py for tasks to queue
[2022-11-22T19:49:52.199+0000] {logging_mixin.py:137} INFO - [2022-11-22T19:49:52.199+0000] {dagbag.py:537} INFO - Filling up the DagBag from /home/airflow/.local/lib/python3.7/site-packages/airflow/example_dags/example_trigger_target_dag.py
[2022-11-22T19:49:52.213+0000] {processor.py:766} INFO - DAG(s) dict_keys(['example_trigger_target_dag']) retrieved from /home/airflow/.local/lib/python3.7/site-packages/airflow/example_dags/example_trigger_target_dag.py
[2022-11-22T19:49:52.247+0000] {logging_mixin.py:137} INFO - [2022-11-22T19:49:52.247+0000] {dag.py:2585} INFO - Sync 1 DAGs
[2022-11-22T19:49:52.266+0000] {logging_mixin.py:137} INFO - [2022-11-22T19:49:52.266+0000] {dag.py:3340} INFO - Setting next_dagrun for example_trigger_target_dag to None, run_after=None
[2022-11-22T19:49:52.286+0000] {processor.py:176} INFO - Processing /home/airflow/.local/lib/python3.7/site-packages/airflow/example_dags/example_trigger_target_dag.py took 0.092 seconds
[2022-11-22T19:50:23.143+0000] {processor.py:154} INFO - Started process (PID=2922) to work on /home/airflow/.local/lib/python3.7/site-packages/airflow/example_dags/example_trigger_target_dag.py
[2022-11-22T19:50:23.145+0000] {processor.py:756} INFO - Processing file /home/airflow/.local/lib/python3.7/site-packages/airflow/example_dags/example_trigger_target_dag.py for tasks to queue
[2022-11-22T19:50:23.146+0000] {logging_mixin.py:137} INFO - [2022-11-22T19:50:23.146+0000] {dagbag.py:537} INFO - Filling up the DagBag from /home/airflow/.local/lib/python3.7/site-packages/airflow/example_dags/example_trigger_target_dag.py
[2022-11-22T19:50:23.161+0000] {processor.py:766} INFO - DAG(s) dict_keys(['example_trigger_target_dag']) retrieved from /home/airflow/.local/lib/python3.7/site-packages/airflow/example_dags/example_trigger_target_dag.py
[2022-11-22T19:50:23.188+0000] {logging_mixin.py:137} INFO - [2022-11-22T19:50:23.188+0000] {dag.py:2585} INFO - Sync 1 DAGs
[2022-11-22T19:50:23.204+0000] {logging_mixin.py:137} INFO - [2022-11-22T19:50:23.204+0000] {dag.py:3340} INFO - Setting next_dagrun for example_trigger_target_dag to None, run_after=None
[2022-11-22T19:50:23.217+0000] {processor.py:176} INFO - Processing /home/airflow/.local/lib/python3.7/site-packages/airflow/example_dags/example_trigger_target_dag.py took 0.076 seconds
[2022-11-22T19:50:53.619+0000] {processor.py:154} INFO - Started process (PID=2985) to work on /home/airflow/.local/lib/python3.7/site-packages/airflow/example_dags/example_trigger_target_dag.py
[2022-11-22T19:50:53.631+0000] {processor.py:756} INFO - Processing file /home/airflow/.local/lib/python3.7/site-packages/airflow/example_dags/example_trigger_target_dag.py for tasks to queue
[2022-11-22T19:50:53.632+0000] {logging_mixin.py:137} INFO - [2022-11-22T19:50:53.632+0000] {dagbag.py:537} INFO - Filling up the DagBag from /home/airflow/.local/lib/python3.7/site-packages/airflow/example_dags/example_trigger_target_dag.py
[2022-11-22T19:50:53.644+0000] {processor.py:766} INFO - DAG(s) dict_keys(['example_trigger_target_dag']) retrieved from /home/airflow/.local/lib/python3.7/site-packages/airflow/example_dags/example_trigger_target_dag.py
[2022-11-22T19:50:53.672+0000] {logging_mixin.py:137} INFO - [2022-11-22T19:50:53.672+0000] {dag.py:2585} INFO - Sync 1 DAGs
[2022-11-22T19:50:53.687+0000] {logging_mixin.py:137} INFO - [2022-11-22T19:50:53.687+0000] {dag.py:3340} INFO - Setting next_dagrun for example_trigger_target_dag to None, run_after=None
[2022-11-22T19:50:53.703+0000] {processor.py:176} INFO - Processing /home/airflow/.local/lib/python3.7/site-packages/airflow/example_dags/example_trigger_target_dag.py took 0.085 seconds
[2022-11-22T19:51:24.443+0000] {processor.py:154} INFO - Started process (PID=3048) to work on /home/airflow/.local/lib/python3.7/site-packages/airflow/example_dags/example_trigger_target_dag.py
[2022-11-22T19:51:24.445+0000] {processor.py:756} INFO - Processing file /home/airflow/.local/lib/python3.7/site-packages/airflow/example_dags/example_trigger_target_dag.py for tasks to queue
[2022-11-22T19:51:24.446+0000] {logging_mixin.py:137} INFO - [2022-11-22T19:51:24.446+0000] {dagbag.py:537} INFO - Filling up the DagBag from /home/airflow/.local/lib/python3.7/site-packages/airflow/example_dags/example_trigger_target_dag.py
[2022-11-22T19:51:24.458+0000] {processor.py:766} INFO - DAG(s) dict_keys(['example_trigger_target_dag']) retrieved from /home/airflow/.local/lib/python3.7/site-packages/airflow/example_dags/example_trigger_target_dag.py
[2022-11-22T19:51:24.482+0000] {logging_mixin.py:137} INFO - [2022-11-22T19:51:24.482+0000] {dag.py:2585} INFO - Sync 1 DAGs
[2022-11-22T19:51:24.500+0000] {logging_mixin.py:137} INFO - [2022-11-22T19:51:24.500+0000] {dag.py:3340} INFO - Setting next_dagrun for example_trigger_target_dag to None, run_after=None
[2022-11-22T19:51:24.513+0000] {processor.py:176} INFO - Processing /home/airflow/.local/lib/python3.7/site-packages/airflow/example_dags/example_trigger_target_dag.py took 0.072 seconds
[2022-11-22T19:51:55.335+0000] {processor.py:154} INFO - Started process (PID=3102) to work on /home/airflow/.local/lib/python3.7/site-packages/airflow/example_dags/example_trigger_target_dag.py
[2022-11-22T19:51:55.337+0000] {processor.py:756} INFO - Processing file /home/airflow/.local/lib/python3.7/site-packages/airflow/example_dags/example_trigger_target_dag.py for tasks to queue
[2022-11-22T19:51:55.338+0000] {logging_mixin.py:137} INFO - [2022-11-22T19:51:55.338+0000] {dagbag.py:537} INFO - Filling up the DagBag from /home/airflow/.local/lib/python3.7/site-packages/airflow/example_dags/example_trigger_target_dag.py
[2022-11-22T19:51:55.354+0000] {processor.py:766} INFO - DAG(s) dict_keys(['example_trigger_target_dag']) retrieved from /home/airflow/.local/lib/python3.7/site-packages/airflow/example_dags/example_trigger_target_dag.py
[2022-11-22T19:51:55.390+0000] {logging_mixin.py:137} INFO - [2022-11-22T19:51:55.390+0000] {dag.py:2585} INFO - Sync 1 DAGs
[2022-11-22T19:51:55.411+0000] {logging_mixin.py:137} INFO - [2022-11-22T19:51:55.411+0000] {dag.py:3340} INFO - Setting next_dagrun for example_trigger_target_dag to None, run_after=None
[2022-11-22T19:51:55.428+0000] {processor.py:176} INFO - Processing /home/airflow/.local/lib/python3.7/site-packages/airflow/example_dags/example_trigger_target_dag.py took 0.096 seconds
[2022-11-22T19:52:26.411+0000] {processor.py:154} INFO - Started process (PID=3164) to work on /home/airflow/.local/lib/python3.7/site-packages/airflow/example_dags/example_trigger_target_dag.py
[2022-11-22T19:52:26.413+0000] {processor.py:756} INFO - Processing file /home/airflow/.local/lib/python3.7/site-packages/airflow/example_dags/example_trigger_target_dag.py for tasks to queue
[2022-11-22T19:52:26.414+0000] {logging_mixin.py:137} INFO - [2022-11-22T19:52:26.414+0000] {dagbag.py:537} INFO - Filling up the DagBag from /home/airflow/.local/lib/python3.7/site-packages/airflow/example_dags/example_trigger_target_dag.py
[2022-11-22T19:52:26.427+0000] {processor.py:766} INFO - DAG(s) dict_keys(['example_trigger_target_dag']) retrieved from /home/airflow/.local/lib/python3.7/site-packages/airflow/example_dags/example_trigger_target_dag.py
[2022-11-22T19:52:26.454+0000] {logging_mixin.py:137} INFO - [2022-11-22T19:52:26.454+0000] {dag.py:2585} INFO - Sync 1 DAGs
[2022-11-22T19:52:26.468+0000] {logging_mixin.py:137} INFO - [2022-11-22T19:52:26.468+0000] {dag.py:3340} INFO - Setting next_dagrun for example_trigger_target_dag to None, run_after=None
[2022-11-22T19:52:26.484+0000] {processor.py:176} INFO - Processing /home/airflow/.local/lib/python3.7/site-packages/airflow/example_dags/example_trigger_target_dag.py took 0.076 seconds
[2022-11-22T19:52:57.527+0000] {processor.py:154} INFO - Started process (PID=3226) to work on /home/airflow/.local/lib/python3.7/site-packages/airflow/example_dags/example_trigger_target_dag.py
[2022-11-22T19:52:57.528+0000] {processor.py:756} INFO - Processing file /home/airflow/.local/lib/python3.7/site-packages/airflow/example_dags/example_trigger_target_dag.py for tasks to queue
[2022-11-22T19:52:57.530+0000] {logging_mixin.py:137} INFO - [2022-11-22T19:52:57.530+0000] {dagbag.py:537} INFO - Filling up the DagBag from /home/airflow/.local/lib/python3.7/site-packages/airflow/example_dags/example_trigger_target_dag.py
[2022-11-22T19:52:57.543+0000] {processor.py:766} INFO - DAG(s) dict_keys(['example_trigger_target_dag']) retrieved from /home/airflow/.local/lib/python3.7/site-packages/airflow/example_dags/example_trigger_target_dag.py
[2022-11-22T19:52:57.571+0000] {logging_mixin.py:137} INFO - [2022-11-22T19:52:57.570+0000] {dag.py:2585} INFO - Sync 1 DAGs
[2022-11-22T19:52:57.586+0000] {logging_mixin.py:137} INFO - [2022-11-22T19:52:57.586+0000] {dag.py:3340} INFO - Setting next_dagrun for example_trigger_target_dag to None, run_after=None
[2022-11-22T19:52:57.599+0000] {processor.py:176} INFO - Processing /home/airflow/.local/lib/python3.7/site-packages/airflow/example_dags/example_trigger_target_dag.py took 0.074 seconds
[2022-11-22T19:53:28.686+0000] {processor.py:154} INFO - Started process (PID=3289) to work on /home/airflow/.local/lib/python3.7/site-packages/airflow/example_dags/example_trigger_target_dag.py
[2022-11-22T19:53:28.688+0000] {processor.py:756} INFO - Processing file /home/airflow/.local/lib/python3.7/site-packages/airflow/example_dags/example_trigger_target_dag.py for tasks to queue
[2022-11-22T19:53:28.689+0000] {logging_mixin.py:137} INFO - [2022-11-22T19:53:28.689+0000] {dagbag.py:537} INFO - Filling up the DagBag from /home/airflow/.local/lib/python3.7/site-packages/airflow/example_dags/example_trigger_target_dag.py
[2022-11-22T19:53:28.702+0000] {processor.py:766} INFO - DAG(s) dict_keys(['example_trigger_target_dag']) retrieved from /home/airflow/.local/lib/python3.7/site-packages/airflow/example_dags/example_trigger_target_dag.py
[2022-11-22T19:53:28.737+0000] {logging_mixin.py:137} INFO - [2022-11-22T19:53:28.737+0000] {dag.py:2585} INFO - Sync 1 DAGs
[2022-11-22T19:53:28.755+0000] {logging_mixin.py:137} INFO - [2022-11-22T19:53:28.754+0000] {dag.py:3340} INFO - Setting next_dagrun for example_trigger_target_dag to None, run_after=None
[2022-11-22T19:53:28.767+0000] {processor.py:176} INFO - Processing /home/airflow/.local/lib/python3.7/site-packages/airflow/example_dags/example_trigger_target_dag.py took 0.083 seconds
[2022-11-22T19:53:59.453+0000] {processor.py:154} INFO - Started process (PID=3352) to work on /home/airflow/.local/lib/python3.7/site-packages/airflow/example_dags/example_trigger_target_dag.py
[2022-11-22T19:53:59.456+0000] {processor.py:756} INFO - Processing file /home/airflow/.local/lib/python3.7/site-packages/airflow/example_dags/example_trigger_target_dag.py for tasks to queue
[2022-11-22T19:53:59.457+0000] {logging_mixin.py:137} INFO - [2022-11-22T19:53:59.457+0000] {dagbag.py:537} INFO - Filling up the DagBag from /home/airflow/.local/lib/python3.7/site-packages/airflow/example_dags/example_trigger_target_dag.py
[2022-11-22T19:53:59.477+0000] {processor.py:766} INFO - DAG(s) dict_keys(['example_trigger_target_dag']) retrieved from /home/airflow/.local/lib/python3.7/site-packages/airflow/example_dags/example_trigger_target_dag.py
[2022-11-22T19:53:59.505+0000] {logging_mixin.py:137} INFO - [2022-11-22T19:53:59.505+0000] {dag.py:2585} INFO - Sync 1 DAGs
[2022-11-22T19:53:59.521+0000] {logging_mixin.py:137} INFO - [2022-11-22T19:53:59.521+0000] {dag.py:3340} INFO - Setting next_dagrun for example_trigger_target_dag to None, run_after=None
[2022-11-22T19:53:59.533+0000] {processor.py:176} INFO - Processing /home/airflow/.local/lib/python3.7/site-packages/airflow/example_dags/example_trigger_target_dag.py took 0.082 seconds
[2022-11-22T19:54:30.506+0000] {processor.py:154} INFO - Started process (PID=3406) to work on /home/airflow/.local/lib/python3.7/site-packages/airflow/example_dags/example_trigger_target_dag.py
[2022-11-22T19:54:30.508+0000] {processor.py:756} INFO - Processing file /home/airflow/.local/lib/python3.7/site-packages/airflow/example_dags/example_trigger_target_dag.py for tasks to queue
[2022-11-22T19:54:30.509+0000] {logging_mixin.py:137} INFO - [2022-11-22T19:54:30.509+0000] {dagbag.py:537} INFO - Filling up the DagBag from /home/airflow/.local/lib/python3.7/site-packages/airflow/example_dags/example_trigger_target_dag.py
[2022-11-22T19:54:30.524+0000] {processor.py:766} INFO - DAG(s) dict_keys(['example_trigger_target_dag']) retrieved from /home/airflow/.local/lib/python3.7/site-packages/airflow/example_dags/example_trigger_target_dag.py
[2022-11-22T19:54:30.551+0000] {logging_mixin.py:137} INFO - [2022-11-22T19:54:30.551+0000] {dag.py:2585} INFO - Sync 1 DAGs
[2022-11-22T19:54:30.567+0000] {logging_mixin.py:137} INFO - [2022-11-22T19:54:30.566+0000] {dag.py:3340} INFO - Setting next_dagrun for example_trigger_target_dag to None, run_after=None
[2022-11-22T19:54:30.578+0000] {processor.py:176} INFO - Processing /home/airflow/.local/lib/python3.7/site-packages/airflow/example_dags/example_trigger_target_dag.py took 0.074 seconds
[2022-11-22T19:55:00.995+0000] {processor.py:154} INFO - Started process (PID=3468) to work on /home/airflow/.local/lib/python3.7/site-packages/airflow/example_dags/example_trigger_target_dag.py
[2022-11-22T19:55:00.996+0000] {processor.py:756} INFO - Processing file /home/airflow/.local/lib/python3.7/site-packages/airflow/example_dags/example_trigger_target_dag.py for tasks to queue
[2022-11-22T19:55:00.997+0000] {logging_mixin.py:137} INFO - [2022-11-22T19:55:00.997+0000] {dagbag.py:537} INFO - Filling up the DagBag from /home/airflow/.local/lib/python3.7/site-packages/airflow/example_dags/example_trigger_target_dag.py
[2022-11-22T19:55:01.012+0000] {processor.py:766} INFO - DAG(s) dict_keys(['example_trigger_target_dag']) retrieved from /home/airflow/.local/lib/python3.7/site-packages/airflow/example_dags/example_trigger_target_dag.py
[2022-11-22T19:55:01.039+0000] {logging_mixin.py:137} INFO - [2022-11-22T19:55:01.039+0000] {dag.py:2585} INFO - Sync 1 DAGs
[2022-11-22T19:55:01.058+0000] {logging_mixin.py:137} INFO - [2022-11-22T19:55:01.058+0000] {dag.py:3340} INFO - Setting next_dagrun for example_trigger_target_dag to None, run_after=None
[2022-11-22T19:55:01.070+0000] {processor.py:176} INFO - Processing /home/airflow/.local/lib/python3.7/site-packages/airflow/example_dags/example_trigger_target_dag.py took 0.077 seconds
[2022-11-22T19:55:32.051+0000] {processor.py:154} INFO - Started process (PID=3531) to work on /home/airflow/.local/lib/python3.7/site-packages/airflow/example_dags/example_trigger_target_dag.py
[2022-11-22T19:55:32.053+0000] {processor.py:756} INFO - Processing file /home/airflow/.local/lib/python3.7/site-packages/airflow/example_dags/example_trigger_target_dag.py for tasks to queue
[2022-11-22T19:55:32.054+0000] {logging_mixin.py:137} INFO - [2022-11-22T19:55:32.054+0000] {dagbag.py:537} INFO - Filling up the DagBag from /home/airflow/.local/lib/python3.7/site-packages/airflow/example_dags/example_trigger_target_dag.py
[2022-11-22T19:55:32.078+0000] {processor.py:766} INFO - DAG(s) dict_keys(['example_trigger_target_dag']) retrieved from /home/airflow/.local/lib/python3.7/site-packages/airflow/example_dags/example_trigger_target_dag.py
[2022-11-22T19:55:32.116+0000] {logging_mixin.py:137} INFO - [2022-11-22T19:55:32.116+0000] {dag.py:2585} INFO - Sync 1 DAGs
[2022-11-22T19:55:32.135+0000] {logging_mixin.py:137} INFO - [2022-11-22T19:55:32.134+0000] {dag.py:3340} INFO - Setting next_dagrun for example_trigger_target_dag to None, run_after=None
[2022-11-22T19:55:32.150+0000] {processor.py:176} INFO - Processing /home/airflow/.local/lib/python3.7/site-packages/airflow/example_dags/example_trigger_target_dag.py took 0.103 seconds
[2022-11-22T19:56:02.520+0000] {processor.py:154} INFO - Started process (PID=3595) to work on /home/airflow/.local/lib/python3.7/site-packages/airflow/example_dags/example_trigger_target_dag.py
[2022-11-22T19:56:02.522+0000] {processor.py:756} INFO - Processing file /home/airflow/.local/lib/python3.7/site-packages/airflow/example_dags/example_trigger_target_dag.py for tasks to queue
[2022-11-22T19:56:02.531+0000] {logging_mixin.py:137} INFO - [2022-11-22T19:56:02.530+0000] {dagbag.py:537} INFO - Filling up the DagBag from /home/airflow/.local/lib/python3.7/site-packages/airflow/example_dags/example_trigger_target_dag.py
[2022-11-22T19:56:02.563+0000] {processor.py:766} INFO - DAG(s) dict_keys(['example_trigger_target_dag']) retrieved from /home/airflow/.local/lib/python3.7/site-packages/airflow/example_dags/example_trigger_target_dag.py
[2022-11-22T19:56:02.601+0000] {logging_mixin.py:137} INFO - [2022-11-22T19:56:02.601+0000] {dag.py:2585} INFO - Sync 1 DAGs
[2022-11-22T19:56:02.624+0000] {logging_mixin.py:137} INFO - [2022-11-22T19:56:02.624+0000] {dag.py:3340} INFO - Setting next_dagrun for example_trigger_target_dag to None, run_after=None
[2022-11-22T19:56:02.639+0000] {processor.py:176} INFO - Processing /home/airflow/.local/lib/python3.7/site-packages/airflow/example_dags/example_trigger_target_dag.py took 0.121 seconds
[2022-11-22T19:56:33.143+0000] {processor.py:154} INFO - Started process (PID=3648) to work on /home/airflow/.local/lib/python3.7/site-packages/airflow/example_dags/example_trigger_target_dag.py
[2022-11-22T19:56:33.144+0000] {processor.py:756} INFO - Processing file /home/airflow/.local/lib/python3.7/site-packages/airflow/example_dags/example_trigger_target_dag.py for tasks to queue
[2022-11-22T19:56:33.145+0000] {logging_mixin.py:137} INFO - [2022-11-22T19:56:33.145+0000] {dagbag.py:537} INFO - Filling up the DagBag from /home/airflow/.local/lib/python3.7/site-packages/airflow/example_dags/example_trigger_target_dag.py
[2022-11-22T19:56:33.157+0000] {processor.py:766} INFO - DAG(s) dict_keys(['example_trigger_target_dag']) retrieved from /home/airflow/.local/lib/python3.7/site-packages/airflow/example_dags/example_trigger_target_dag.py
[2022-11-22T19:56:33.182+0000] {logging_mixin.py:137} INFO - [2022-11-22T19:56:33.182+0000] {dag.py:2585} INFO - Sync 1 DAGs
[2022-11-22T19:56:33.196+0000] {logging_mixin.py:137} INFO - [2022-11-22T19:56:33.196+0000] {dag.py:3340} INFO - Setting next_dagrun for example_trigger_target_dag to None, run_after=None
[2022-11-22T19:56:33.219+0000] {processor.py:176} INFO - Processing /home/airflow/.local/lib/python3.7/site-packages/airflow/example_dags/example_trigger_target_dag.py took 0.078 seconds
[2022-11-22T19:57:04.451+0000] {processor.py:154} INFO - Started process (PID=3711) to work on /home/airflow/.local/lib/python3.7/site-packages/airflow/example_dags/example_trigger_target_dag.py
[2022-11-22T19:57:04.453+0000] {processor.py:756} INFO - Processing file /home/airflow/.local/lib/python3.7/site-packages/airflow/example_dags/example_trigger_target_dag.py for tasks to queue
[2022-11-22T19:57:04.456+0000] {logging_mixin.py:137} INFO - [2022-11-22T19:57:04.455+0000] {dagbag.py:537} INFO - Filling up the DagBag from /home/airflow/.local/lib/python3.7/site-packages/airflow/example_dags/example_trigger_target_dag.py
[2022-11-22T19:57:04.473+0000] {processor.py:766} INFO - DAG(s) dict_keys(['example_trigger_target_dag']) retrieved from /home/airflow/.local/lib/python3.7/site-packages/airflow/example_dags/example_trigger_target_dag.py
[2022-11-22T19:57:04.532+0000] {logging_mixin.py:137} INFO - [2022-11-22T19:57:04.532+0000] {dag.py:2585} INFO - Sync 1 DAGs
[2022-11-22T19:57:04.560+0000] {logging_mixin.py:137} INFO - [2022-11-22T19:57:04.559+0000] {dag.py:3340} INFO - Setting next_dagrun for example_trigger_target_dag to None, run_after=None
[2022-11-22T19:57:04.577+0000] {processor.py:176} INFO - Processing /home/airflow/.local/lib/python3.7/site-packages/airflow/example_dags/example_trigger_target_dag.py took 0.130 seconds
[2022-11-22T20:30:51.508+0000] {processor.py:154} INFO - Started process (PID=3775) to work on /home/airflow/.local/lib/python3.7/site-packages/airflow/example_dags/example_trigger_target_dag.py
[2022-11-22T20:30:51.513+0000] {processor.py:756} INFO - Processing file /home/airflow/.local/lib/python3.7/site-packages/airflow/example_dags/example_trigger_target_dag.py for tasks to queue
[2022-11-22T20:30:51.514+0000] {logging_mixin.py:137} INFO - [2022-11-22T20:30:51.514+0000] {dagbag.py:537} INFO - Filling up the DagBag from /home/airflow/.local/lib/python3.7/site-packages/airflow/example_dags/example_trigger_target_dag.py
[2022-11-22T20:30:51.532+0000] {processor.py:766} INFO - DAG(s) dict_keys(['example_trigger_target_dag']) retrieved from /home/airflow/.local/lib/python3.7/site-packages/airflow/example_dags/example_trigger_target_dag.py
[2022-11-22T20:30:51.561+0000] {logging_mixin.py:137} INFO - [2022-11-22T20:30:51.561+0000] {dag.py:2585} INFO - Sync 1 DAGs
[2022-11-22T20:30:51.580+0000] {logging_mixin.py:137} INFO - [2022-11-22T20:30:51.580+0000] {dag.py:3340} INFO - Setting next_dagrun for example_trigger_target_dag to None, run_after=None
[2022-11-22T20:30:51.592+0000] {processor.py:176} INFO - Processing /home/airflow/.local/lib/python3.7/site-packages/airflow/example_dags/example_trigger_target_dag.py took 0.086 seconds
[2022-11-22T21:34:47.905+0000] {processor.py:154} INFO - Started process (PID=3829) to work on /home/airflow/.local/lib/python3.7/site-packages/airflow/example_dags/example_trigger_target_dag.py
[2022-11-22T21:34:47.906+0000] {processor.py:756} INFO - Processing file /home/airflow/.local/lib/python3.7/site-packages/airflow/example_dags/example_trigger_target_dag.py for tasks to queue
[2022-11-22T21:34:47.908+0000] {logging_mixin.py:137} INFO - [2022-11-22T21:34:47.908+0000] {dagbag.py:537} INFO - Filling up the DagBag from /home/airflow/.local/lib/python3.7/site-packages/airflow/example_dags/example_trigger_target_dag.py
[2022-11-22T21:34:47.931+0000] {processor.py:766} INFO - DAG(s) dict_keys(['example_trigger_target_dag']) retrieved from /home/airflow/.local/lib/python3.7/site-packages/airflow/example_dags/example_trigger_target_dag.py
[2022-11-22T21:34:47.983+0000] {logging_mixin.py:137} INFO - [2022-11-22T21:34:47.983+0000] {dag.py:2585} INFO - Sync 1 DAGs
[2022-11-22T21:34:48.011+0000] {logging_mixin.py:137} INFO - [2022-11-22T21:34:48.011+0000] {dag.py:3340} INFO - Setting next_dagrun for example_trigger_target_dag to None, run_after=None
[2022-11-22T21:34:48.031+0000] {processor.py:176} INFO - Processing /home/airflow/.local/lib/python3.7/site-packages/airflow/example_dags/example_trigger_target_dag.py took 0.129 seconds
[2022-11-22T22:39:28.652+0000] {processor.py:154} INFO - Started process (PID=3893) to work on /home/airflow/.local/lib/python3.7/site-packages/airflow/example_dags/example_trigger_target_dag.py
[2022-11-22T22:39:28.654+0000] {processor.py:756} INFO - Processing file /home/airflow/.local/lib/python3.7/site-packages/airflow/example_dags/example_trigger_target_dag.py for tasks to queue
[2022-11-22T22:39:28.655+0000] {logging_mixin.py:137} INFO - [2022-11-22T22:39:28.655+0000] {dagbag.py:537} INFO - Filling up the DagBag from /home/airflow/.local/lib/python3.7/site-packages/airflow/example_dags/example_trigger_target_dag.py
[2022-11-22T22:39:28.673+0000] {processor.py:766} INFO - DAG(s) dict_keys(['example_trigger_target_dag']) retrieved from /home/airflow/.local/lib/python3.7/site-packages/airflow/example_dags/example_trigger_target_dag.py
[2022-11-22T22:39:28.713+0000] {logging_mixin.py:137} INFO - [2022-11-22T22:39:28.713+0000] {dag.py:2585} INFO - Sync 1 DAGs
[2022-11-22T22:39:28.733+0000] {logging_mixin.py:137} INFO - [2022-11-22T22:39:28.732+0000] {dag.py:3340} INFO - Setting next_dagrun for example_trigger_target_dag to None, run_after=None
[2022-11-22T22:39:28.747+0000] {processor.py:176} INFO - Processing /home/airflow/.local/lib/python3.7/site-packages/airflow/example_dags/example_trigger_target_dag.py took 0.097 seconds
[2022-11-22T23:47:25.020+0000] {processor.py:154} INFO - Started process (PID=3947) to work on /home/airflow/.local/lib/python3.7/site-packages/airflow/example_dags/example_trigger_target_dag.py
[2022-11-22T23:47:25.026+0000] {processor.py:756} INFO - Processing file /home/airflow/.local/lib/python3.7/site-packages/airflow/example_dags/example_trigger_target_dag.py for tasks to queue
[2022-11-22T23:47:25.032+0000] {logging_mixin.py:137} INFO - [2022-11-22T23:47:25.032+0000] {dagbag.py:537} INFO - Filling up the DagBag from /home/airflow/.local/lib/python3.7/site-packages/airflow/example_dags/example_trigger_target_dag.py
[2022-11-22T23:47:25.068+0000] {processor.py:766} INFO - DAG(s) dict_keys(['example_trigger_target_dag']) retrieved from /home/airflow/.local/lib/python3.7/site-packages/airflow/example_dags/example_trigger_target_dag.py
[2022-11-22T23:47:25.113+0000] {logging_mixin.py:137} INFO - [2022-11-22T23:47:25.113+0000] {dag.py:2585} INFO - Sync 1 DAGs
[2022-11-22T23:47:25.133+0000] {logging_mixin.py:137} INFO - [2022-11-22T23:47:25.133+0000] {dag.py:3340} INFO - Setting next_dagrun for example_trigger_target_dag to None, run_after=None
[2022-11-22T23:47:25.146+0000] {processor.py:176} INFO - Processing /home/airflow/.local/lib/python3.7/site-packages/airflow/example_dags/example_trigger_target_dag.py took 0.134 seconds
