[2022-11-22T19:26:26.320+0000] {processor.py:154} INFO - Started process (PID=69) to work on /home/airflow/.local/lib/python3.7/site-packages/airflow/example_dags/example_local_kubernetes_executor.py
[2022-11-22T19:26:26.322+0000] {processor.py:756} INFO - Processing file /home/airflow/.local/lib/python3.7/site-packages/airflow/example_dags/example_local_kubernetes_executor.py for tasks to queue
[2022-11-22T19:26:26.323+0000] {logging_mixin.py:137} INFO - [2022-11-22T19:26:26.323+0000] {dagbag.py:537} INFO - Filling up the DagBag from /home/airflow/.local/lib/python3.7/site-packages/airflow/example_dags/example_local_kubernetes_executor.py
[2022-11-22T19:26:26.342+0000] {processor.py:766} INFO - DAG(s) dict_keys(['example_local_kubernetes_executor']) retrieved from /home/airflow/.local/lib/python3.7/site-packages/airflow/example_dags/example_local_kubernetes_executor.py
[2022-11-22T19:26:26.445+0000] {logging_mixin.py:137} INFO - [2022-11-22T19:26:26.445+0000] {manager.py:507} INFO - Created Permission View: can delete on DAG:example_local_kubernetes_executor
[2022-11-22T19:26:26.456+0000] {logging_mixin.py:137} INFO - [2022-11-22T19:26:26.456+0000] {manager.py:507} INFO - Created Permission View: can read on DAG:example_local_kubernetes_executor
[2022-11-22T19:26:26.463+0000] {logging_mixin.py:137} INFO - [2022-11-22T19:26:26.463+0000] {manager.py:507} INFO - Created Permission View: can edit on DAG:example_local_kubernetes_executor
[2022-11-22T19:26:26.464+0000] {logging_mixin.py:137} INFO - [2022-11-22T19:26:26.464+0000] {dag.py:2585} INFO - Sync 1 DAGs
[2022-11-22T19:26:26.481+0000] {logging_mixin.py:137} INFO - [2022-11-22T19:26:26.480+0000] {dag.py:2606} INFO - Creating ORM DAG for example_local_kubernetes_executor
[2022-11-22T19:26:26.502+0000] {logging_mixin.py:137} INFO - [2022-11-22T19:26:26.502+0000] {dag.py:3340} INFO - Setting next_dagrun for example_local_kubernetes_executor to None, run_after=None
[2022-11-22T19:26:26.526+0000] {processor.py:176} INFO - Processing /home/airflow/.local/lib/python3.7/site-packages/airflow/example_dags/example_local_kubernetes_executor.py took 0.207 seconds
[2022-11-22T19:26:56.726+0000] {processor.py:154} INFO - Started process (PID=132) to work on /home/airflow/.local/lib/python3.7/site-packages/airflow/example_dags/example_local_kubernetes_executor.py
[2022-11-22T19:26:56.729+0000] {processor.py:756} INFO - Processing file /home/airflow/.local/lib/python3.7/site-packages/airflow/example_dags/example_local_kubernetes_executor.py for tasks to queue
[2022-11-22T19:26:56.730+0000] {logging_mixin.py:137} INFO - [2022-11-22T19:26:56.730+0000] {dagbag.py:537} INFO - Filling up the DagBag from /home/airflow/.local/lib/python3.7/site-packages/airflow/example_dags/example_local_kubernetes_executor.py
[2022-11-22T19:26:56.757+0000] {processor.py:766} INFO - DAG(s) dict_keys(['example_local_kubernetes_executor']) retrieved from /home/airflow/.local/lib/python3.7/site-packages/airflow/example_dags/example_local_kubernetes_executor.py
[2022-11-22T19:26:56.796+0000] {logging_mixin.py:137} INFO - [2022-11-22T19:26:56.796+0000] {dag.py:2585} INFO - Sync 1 DAGs
[2022-11-22T19:26:56.824+0000] {logging_mixin.py:137} INFO - [2022-11-22T19:26:56.824+0000] {dag.py:3340} INFO - Setting next_dagrun for example_local_kubernetes_executor to None, run_after=None
[2022-11-22T19:26:56.841+0000] {processor.py:176} INFO - Processing /home/airflow/.local/lib/python3.7/site-packages/airflow/example_dags/example_local_kubernetes_executor.py took 0.118 seconds
[2022-11-22T19:27:26.998+0000] {processor.py:154} INFO - Started process (PID=197) to work on /home/airflow/.local/lib/python3.7/site-packages/airflow/example_dags/example_local_kubernetes_executor.py
[2022-11-22T19:27:27.000+0000] {processor.py:756} INFO - Processing file /home/airflow/.local/lib/python3.7/site-packages/airflow/example_dags/example_local_kubernetes_executor.py for tasks to queue
[2022-11-22T19:27:27.002+0000] {logging_mixin.py:137} INFO - [2022-11-22T19:27:27.002+0000] {dagbag.py:537} INFO - Filling up the DagBag from /home/airflow/.local/lib/python3.7/site-packages/airflow/example_dags/example_local_kubernetes_executor.py
[2022-11-22T19:27:27.020+0000] {processor.py:766} INFO - DAG(s) dict_keys(['example_local_kubernetes_executor']) retrieved from /home/airflow/.local/lib/python3.7/site-packages/airflow/example_dags/example_local_kubernetes_executor.py
[2022-11-22T19:27:27.054+0000] {logging_mixin.py:137} INFO - [2022-11-22T19:27:27.054+0000] {dag.py:2585} INFO - Sync 1 DAGs
[2022-11-22T19:27:27.074+0000] {logging_mixin.py:137} INFO - [2022-11-22T19:27:27.074+0000] {dag.py:3340} INFO - Setting next_dagrun for example_local_kubernetes_executor to None, run_after=None
[2022-11-22T19:27:27.089+0000] {processor.py:176} INFO - Processing /home/airflow/.local/lib/python3.7/site-packages/airflow/example_dags/example_local_kubernetes_executor.py took 0.095 seconds
[2022-11-22T19:27:57.241+0000] {processor.py:154} INFO - Started process (PID=251) to work on /home/airflow/.local/lib/python3.7/site-packages/airflow/example_dags/example_local_kubernetes_executor.py
[2022-11-22T19:27:57.242+0000] {processor.py:756} INFO - Processing file /home/airflow/.local/lib/python3.7/site-packages/airflow/example_dags/example_local_kubernetes_executor.py for tasks to queue
[2022-11-22T19:27:57.243+0000] {logging_mixin.py:137} INFO - [2022-11-22T19:27:57.243+0000] {dagbag.py:537} INFO - Filling up the DagBag from /home/airflow/.local/lib/python3.7/site-packages/airflow/example_dags/example_local_kubernetes_executor.py
[2022-11-22T19:27:57.258+0000] {processor.py:766} INFO - DAG(s) dict_keys(['example_local_kubernetes_executor']) retrieved from /home/airflow/.local/lib/python3.7/site-packages/airflow/example_dags/example_local_kubernetes_executor.py
[2022-11-22T19:27:57.285+0000] {logging_mixin.py:137} INFO - [2022-11-22T19:27:57.284+0000] {dag.py:2585} INFO - Sync 1 DAGs
[2022-11-22T19:27:57.300+0000] {logging_mixin.py:137} INFO - [2022-11-22T19:27:57.300+0000] {dag.py:3340} INFO - Setting next_dagrun for example_local_kubernetes_executor to None, run_after=None
[2022-11-22T19:27:57.315+0000] {processor.py:176} INFO - Processing /home/airflow/.local/lib/python3.7/site-packages/airflow/example_dags/example_local_kubernetes_executor.py took 0.077 seconds
[2022-11-22T19:28:27.973+0000] {processor.py:154} INFO - Started process (PID=313) to work on /home/airflow/.local/lib/python3.7/site-packages/airflow/example_dags/example_local_kubernetes_executor.py
[2022-11-22T19:28:27.974+0000] {processor.py:756} INFO - Processing file /home/airflow/.local/lib/python3.7/site-packages/airflow/example_dags/example_local_kubernetes_executor.py for tasks to queue
[2022-11-22T19:28:27.975+0000] {logging_mixin.py:137} INFO - [2022-11-22T19:28:27.975+0000] {dagbag.py:537} INFO - Filling up the DagBag from /home/airflow/.local/lib/python3.7/site-packages/airflow/example_dags/example_local_kubernetes_executor.py
[2022-11-22T19:28:27.990+0000] {processor.py:766} INFO - DAG(s) dict_keys(['example_local_kubernetes_executor']) retrieved from /home/airflow/.local/lib/python3.7/site-packages/airflow/example_dags/example_local_kubernetes_executor.py
[2022-11-22T19:28:28.023+0000] {logging_mixin.py:137} INFO - [2022-11-22T19:28:28.023+0000] {dag.py:2585} INFO - Sync 1 DAGs
[2022-11-22T19:28:28.039+0000] {logging_mixin.py:137} INFO - [2022-11-22T19:28:28.039+0000] {dag.py:3340} INFO - Setting next_dagrun for example_local_kubernetes_executor to None, run_after=None
[2022-11-22T19:28:28.051+0000] {processor.py:176} INFO - Processing /home/airflow/.local/lib/python3.7/site-packages/airflow/example_dags/example_local_kubernetes_executor.py took 0.081 seconds
[2022-11-22T19:28:58.796+0000] {processor.py:154} INFO - Started process (PID=376) to work on /home/airflow/.local/lib/python3.7/site-packages/airflow/example_dags/example_local_kubernetes_executor.py
[2022-11-22T19:28:58.798+0000] {processor.py:756} INFO - Processing file /home/airflow/.local/lib/python3.7/site-packages/airflow/example_dags/example_local_kubernetes_executor.py for tasks to queue
[2022-11-22T19:28:58.798+0000] {logging_mixin.py:137} INFO - [2022-11-22T19:28:58.798+0000] {dagbag.py:537} INFO - Filling up the DagBag from /home/airflow/.local/lib/python3.7/site-packages/airflow/example_dags/example_local_kubernetes_executor.py
[2022-11-22T19:28:58.815+0000] {processor.py:766} INFO - DAG(s) dict_keys(['example_local_kubernetes_executor']) retrieved from /home/airflow/.local/lib/python3.7/site-packages/airflow/example_dags/example_local_kubernetes_executor.py
[2022-11-22T19:28:58.844+0000] {logging_mixin.py:137} INFO - [2022-11-22T19:28:58.844+0000] {dag.py:2585} INFO - Sync 1 DAGs
[2022-11-22T19:28:58.864+0000] {logging_mixin.py:137} INFO - [2022-11-22T19:28:58.864+0000] {dag.py:3340} INFO - Setting next_dagrun for example_local_kubernetes_executor to None, run_after=None
[2022-11-22T19:28:58.878+0000] {processor.py:176} INFO - Processing /home/airflow/.local/lib/python3.7/site-packages/airflow/example_dags/example_local_kubernetes_executor.py took 0.084 seconds
[2022-11-22T19:29:29.368+0000] {processor.py:154} INFO - Started process (PID=439) to work on /home/airflow/.local/lib/python3.7/site-packages/airflow/example_dags/example_local_kubernetes_executor.py
[2022-11-22T19:29:29.370+0000] {processor.py:756} INFO - Processing file /home/airflow/.local/lib/python3.7/site-packages/airflow/example_dags/example_local_kubernetes_executor.py for tasks to queue
[2022-11-22T19:29:29.371+0000] {logging_mixin.py:137} INFO - [2022-11-22T19:29:29.370+0000] {dagbag.py:537} INFO - Filling up the DagBag from /home/airflow/.local/lib/python3.7/site-packages/airflow/example_dags/example_local_kubernetes_executor.py
[2022-11-22T19:29:29.390+0000] {processor.py:766} INFO - DAG(s) dict_keys(['example_local_kubernetes_executor']) retrieved from /home/airflow/.local/lib/python3.7/site-packages/airflow/example_dags/example_local_kubernetes_executor.py
[2022-11-22T19:29:29.425+0000] {logging_mixin.py:137} INFO - [2022-11-22T19:29:29.425+0000] {dag.py:2585} INFO - Sync 1 DAGs
[2022-11-22T19:29:29.442+0000] {logging_mixin.py:137} INFO - [2022-11-22T19:29:29.442+0000] {dag.py:3340} INFO - Setting next_dagrun for example_local_kubernetes_executor to None, run_after=None
[2022-11-22T19:29:29.456+0000] {processor.py:176} INFO - Processing /home/airflow/.local/lib/python3.7/site-packages/airflow/example_dags/example_local_kubernetes_executor.py took 0.090 seconds
[2022-11-22T19:30:00.360+0000] {processor.py:154} INFO - Started process (PID=501) to work on /home/airflow/.local/lib/python3.7/site-packages/airflow/example_dags/example_local_kubernetes_executor.py
[2022-11-22T19:30:00.361+0000] {processor.py:756} INFO - Processing file /home/airflow/.local/lib/python3.7/site-packages/airflow/example_dags/example_local_kubernetes_executor.py for tasks to queue
[2022-11-22T19:30:00.363+0000] {logging_mixin.py:137} INFO - [2022-11-22T19:30:00.362+0000] {dagbag.py:537} INFO - Filling up the DagBag from /home/airflow/.local/lib/python3.7/site-packages/airflow/example_dags/example_local_kubernetes_executor.py
[2022-11-22T19:30:00.382+0000] {processor.py:766} INFO - DAG(s) dict_keys(['example_local_kubernetes_executor']) retrieved from /home/airflow/.local/lib/python3.7/site-packages/airflow/example_dags/example_local_kubernetes_executor.py
[2022-11-22T19:30:00.432+0000] {logging_mixin.py:137} INFO - [2022-11-22T19:30:00.432+0000] {dag.py:2585} INFO - Sync 1 DAGs
[2022-11-22T19:30:00.474+0000] {logging_mixin.py:137} INFO - [2022-11-22T19:30:00.474+0000] {dag.py:3340} INFO - Setting next_dagrun for example_local_kubernetes_executor to None, run_after=None
[2022-11-22T19:30:00.542+0000] {processor.py:176} INFO - Processing /home/airflow/.local/lib/python3.7/site-packages/airflow/example_dags/example_local_kubernetes_executor.py took 0.185 seconds
[2022-11-22T19:30:30.927+0000] {processor.py:154} INFO - Started process (PID=557) to work on /home/airflow/.local/lib/python3.7/site-packages/airflow/example_dags/example_local_kubernetes_executor.py
[2022-11-22T19:30:30.929+0000] {processor.py:756} INFO - Processing file /home/airflow/.local/lib/python3.7/site-packages/airflow/example_dags/example_local_kubernetes_executor.py for tasks to queue
[2022-11-22T19:30:30.931+0000] {logging_mixin.py:137} INFO - [2022-11-22T19:30:30.931+0000] {dagbag.py:537} INFO - Filling up the DagBag from /home/airflow/.local/lib/python3.7/site-packages/airflow/example_dags/example_local_kubernetes_executor.py
[2022-11-22T19:30:30.945+0000] {processor.py:766} INFO - DAG(s) dict_keys(['example_local_kubernetes_executor']) retrieved from /home/airflow/.local/lib/python3.7/site-packages/airflow/example_dags/example_local_kubernetes_executor.py
[2022-11-22T19:30:30.969+0000] {logging_mixin.py:137} INFO - [2022-11-22T19:30:30.969+0000] {dag.py:2585} INFO - Sync 1 DAGs
[2022-11-22T19:30:30.983+0000] {logging_mixin.py:137} INFO - [2022-11-22T19:30:30.983+0000] {dag.py:3340} INFO - Setting next_dagrun for example_local_kubernetes_executor to None, run_after=None
[2022-11-22T19:30:30.995+0000] {processor.py:176} INFO - Processing /home/airflow/.local/lib/python3.7/site-packages/airflow/example_dags/example_local_kubernetes_executor.py took 0.070 seconds
[2022-11-22T19:31:01.803+0000] {processor.py:154} INFO - Started process (PID=620) to work on /home/airflow/.local/lib/python3.7/site-packages/airflow/example_dags/example_local_kubernetes_executor.py
[2022-11-22T19:31:01.804+0000] {processor.py:756} INFO - Processing file /home/airflow/.local/lib/python3.7/site-packages/airflow/example_dags/example_local_kubernetes_executor.py for tasks to queue
[2022-11-22T19:31:01.805+0000] {logging_mixin.py:137} INFO - [2022-11-22T19:31:01.805+0000] {dagbag.py:537} INFO - Filling up the DagBag from /home/airflow/.local/lib/python3.7/site-packages/airflow/example_dags/example_local_kubernetes_executor.py
[2022-11-22T19:31:01.822+0000] {processor.py:766} INFO - DAG(s) dict_keys(['example_local_kubernetes_executor']) retrieved from /home/airflow/.local/lib/python3.7/site-packages/airflow/example_dags/example_local_kubernetes_executor.py
[2022-11-22T19:31:01.849+0000] {logging_mixin.py:137} INFO - [2022-11-22T19:31:01.849+0000] {dag.py:2585} INFO - Sync 1 DAGs
[2022-11-22T19:31:01.865+0000] {logging_mixin.py:137} INFO - [2022-11-22T19:31:01.865+0000] {dag.py:3340} INFO - Setting next_dagrun for example_local_kubernetes_executor to None, run_after=None
[2022-11-22T19:31:01.878+0000] {processor.py:176} INFO - Processing /home/airflow/.local/lib/python3.7/site-packages/airflow/example_dags/example_local_kubernetes_executor.py took 0.077 seconds
[2022-11-22T19:31:32.686+0000] {processor.py:154} INFO - Started process (PID=684) to work on /home/airflow/.local/lib/python3.7/site-packages/airflow/example_dags/example_local_kubernetes_executor.py
[2022-11-22T19:31:32.689+0000] {processor.py:756} INFO - Processing file /home/airflow/.local/lib/python3.7/site-packages/airflow/example_dags/example_local_kubernetes_executor.py for tasks to queue
[2022-11-22T19:31:32.691+0000] {logging_mixin.py:137} INFO - [2022-11-22T19:31:32.691+0000] {dagbag.py:537} INFO - Filling up the DagBag from /home/airflow/.local/lib/python3.7/site-packages/airflow/example_dags/example_local_kubernetes_executor.py
[2022-11-22T19:31:32.716+0000] {processor.py:766} INFO - DAG(s) dict_keys(['example_local_kubernetes_executor']) retrieved from /home/airflow/.local/lib/python3.7/site-packages/airflow/example_dags/example_local_kubernetes_executor.py
[2022-11-22T19:31:32.747+0000] {logging_mixin.py:137} INFO - [2022-11-22T19:31:32.747+0000] {dag.py:2585} INFO - Sync 1 DAGs
[2022-11-22T19:31:32.767+0000] {logging_mixin.py:137} INFO - [2022-11-22T19:31:32.767+0000] {dag.py:3340} INFO - Setting next_dagrun for example_local_kubernetes_executor to None, run_after=None
[2022-11-22T19:31:32.790+0000] {processor.py:176} INFO - Processing /home/airflow/.local/lib/python3.7/site-packages/airflow/example_dags/example_local_kubernetes_executor.py took 0.107 seconds
[2022-11-22T19:32:03.147+0000] {processor.py:154} INFO - Started process (PID=747) to work on /home/airflow/.local/lib/python3.7/site-packages/airflow/example_dags/example_local_kubernetes_executor.py
[2022-11-22T19:32:03.148+0000] {processor.py:756} INFO - Processing file /home/airflow/.local/lib/python3.7/site-packages/airflow/example_dags/example_local_kubernetes_executor.py for tasks to queue
[2022-11-22T19:32:03.150+0000] {logging_mixin.py:137} INFO - [2022-11-22T19:32:03.150+0000] {dagbag.py:537} INFO - Filling up the DagBag from /home/airflow/.local/lib/python3.7/site-packages/airflow/example_dags/example_local_kubernetes_executor.py
[2022-11-22T19:32:03.166+0000] {processor.py:766} INFO - DAG(s) dict_keys(['example_local_kubernetes_executor']) retrieved from /home/airflow/.local/lib/python3.7/site-packages/airflow/example_dags/example_local_kubernetes_executor.py
[2022-11-22T19:32:03.192+0000] {logging_mixin.py:137} INFO - [2022-11-22T19:32:03.192+0000] {dag.py:2585} INFO - Sync 1 DAGs
[2022-11-22T19:32:03.208+0000] {logging_mixin.py:137} INFO - [2022-11-22T19:32:03.208+0000] {dag.py:3340} INFO - Setting next_dagrun for example_local_kubernetes_executor to None, run_after=None
[2022-11-22T19:32:03.222+0000] {processor.py:176} INFO - Processing /home/airflow/.local/lib/python3.7/site-packages/airflow/example_dags/example_local_kubernetes_executor.py took 0.077 seconds
[2022-11-22T19:32:33.821+0000] {processor.py:154} INFO - Started process (PID=801) to work on /home/airflow/.local/lib/python3.7/site-packages/airflow/example_dags/example_local_kubernetes_executor.py
[2022-11-22T19:32:33.823+0000] {processor.py:756} INFO - Processing file /home/airflow/.local/lib/python3.7/site-packages/airflow/example_dags/example_local_kubernetes_executor.py for tasks to queue
[2022-11-22T19:32:33.824+0000] {logging_mixin.py:137} INFO - [2022-11-22T19:32:33.824+0000] {dagbag.py:537} INFO - Filling up the DagBag from /home/airflow/.local/lib/python3.7/site-packages/airflow/example_dags/example_local_kubernetes_executor.py
[2022-11-22T19:32:33.840+0000] {processor.py:766} INFO - DAG(s) dict_keys(['example_local_kubernetes_executor']) retrieved from /home/airflow/.local/lib/python3.7/site-packages/airflow/example_dags/example_local_kubernetes_executor.py
[2022-11-22T19:32:33.866+0000] {logging_mixin.py:137} INFO - [2022-11-22T19:32:33.866+0000] {dag.py:2585} INFO - Sync 1 DAGs
[2022-11-22T19:32:33.881+0000] {logging_mixin.py:137} INFO - [2022-11-22T19:32:33.881+0000] {dag.py:3340} INFO - Setting next_dagrun for example_local_kubernetes_executor to None, run_after=None
[2022-11-22T19:32:33.895+0000] {processor.py:176} INFO - Processing /home/airflow/.local/lib/python3.7/site-packages/airflow/example_dags/example_local_kubernetes_executor.py took 0.076 seconds
[2022-11-22T19:33:04.687+0000] {processor.py:154} INFO - Started process (PID=864) to work on /home/airflow/.local/lib/python3.7/site-packages/airflow/example_dags/example_local_kubernetes_executor.py
[2022-11-22T19:33:04.688+0000] {processor.py:756} INFO - Processing file /home/airflow/.local/lib/python3.7/site-packages/airflow/example_dags/example_local_kubernetes_executor.py for tasks to queue
[2022-11-22T19:33:04.689+0000] {logging_mixin.py:137} INFO - [2022-11-22T19:33:04.689+0000] {dagbag.py:537} INFO - Filling up the DagBag from /home/airflow/.local/lib/python3.7/site-packages/airflow/example_dags/example_local_kubernetes_executor.py
[2022-11-22T19:33:04.707+0000] {processor.py:766} INFO - DAG(s) dict_keys(['example_local_kubernetes_executor']) retrieved from /home/airflow/.local/lib/python3.7/site-packages/airflow/example_dags/example_local_kubernetes_executor.py
[2022-11-22T19:33:04.732+0000] {logging_mixin.py:137} INFO - [2022-11-22T19:33:04.732+0000] {dag.py:2585} INFO - Sync 1 DAGs
[2022-11-22T19:33:04.750+0000] {logging_mixin.py:137} INFO - [2022-11-22T19:33:04.749+0000] {dag.py:3340} INFO - Setting next_dagrun for example_local_kubernetes_executor to None, run_after=None
[2022-11-22T19:33:04.762+0000] {processor.py:176} INFO - Processing /home/airflow/.local/lib/python3.7/site-packages/airflow/example_dags/example_local_kubernetes_executor.py took 0.078 seconds
[2022-11-22T19:33:35.164+0000] {processor.py:154} INFO - Started process (PID=927) to work on /home/airflow/.local/lib/python3.7/site-packages/airflow/example_dags/example_local_kubernetes_executor.py
[2022-11-22T19:33:35.167+0000] {processor.py:756} INFO - Processing file /home/airflow/.local/lib/python3.7/site-packages/airflow/example_dags/example_local_kubernetes_executor.py for tasks to queue
[2022-11-22T19:33:35.170+0000] {logging_mixin.py:137} INFO - [2022-11-22T19:33:35.170+0000] {dagbag.py:537} INFO - Filling up the DagBag from /home/airflow/.local/lib/python3.7/site-packages/airflow/example_dags/example_local_kubernetes_executor.py
[2022-11-22T19:33:35.198+0000] {processor.py:766} INFO - DAG(s) dict_keys(['example_local_kubernetes_executor']) retrieved from /home/airflow/.local/lib/python3.7/site-packages/airflow/example_dags/example_local_kubernetes_executor.py
[2022-11-22T19:33:35.232+0000] {logging_mixin.py:137} INFO - [2022-11-22T19:33:35.232+0000] {dag.py:2585} INFO - Sync 1 DAGs
[2022-11-22T19:33:35.251+0000] {logging_mixin.py:137} INFO - [2022-11-22T19:33:35.251+0000] {dag.py:3340} INFO - Setting next_dagrun for example_local_kubernetes_executor to None, run_after=None
[2022-11-22T19:33:35.264+0000] {processor.py:176} INFO - Processing /home/airflow/.local/lib/python3.7/site-packages/airflow/example_dags/example_local_kubernetes_executor.py took 0.105 seconds
[2022-11-22T19:34:06.232+0000] {processor.py:154} INFO - Started process (PID=990) to work on /home/airflow/.local/lib/python3.7/site-packages/airflow/example_dags/example_local_kubernetes_executor.py
[2022-11-22T19:34:06.234+0000] {processor.py:756} INFO - Processing file /home/airflow/.local/lib/python3.7/site-packages/airflow/example_dags/example_local_kubernetes_executor.py for tasks to queue
[2022-11-22T19:34:06.235+0000] {logging_mixin.py:137} INFO - [2022-11-22T19:34:06.235+0000] {dagbag.py:537} INFO - Filling up the DagBag from /home/airflow/.local/lib/python3.7/site-packages/airflow/example_dags/example_local_kubernetes_executor.py
[2022-11-22T19:34:06.251+0000] {processor.py:766} INFO - DAG(s) dict_keys(['example_local_kubernetes_executor']) retrieved from /home/airflow/.local/lib/python3.7/site-packages/airflow/example_dags/example_local_kubernetes_executor.py
[2022-11-22T19:34:06.284+0000] {logging_mixin.py:137} INFO - [2022-11-22T19:34:06.284+0000] {dag.py:2585} INFO - Sync 1 DAGs
[2022-11-22T19:34:06.303+0000] {logging_mixin.py:137} INFO - [2022-11-22T19:34:06.303+0000] {dag.py:3340} INFO - Setting next_dagrun for example_local_kubernetes_executor to None, run_after=None
[2022-11-22T19:34:06.316+0000] {processor.py:176} INFO - Processing /home/airflow/.local/lib/python3.7/site-packages/airflow/example_dags/example_local_kubernetes_executor.py took 0.087 seconds
[2022-11-22T19:34:37.478+0000] {processor.py:154} INFO - Started process (PID=1055) to work on /home/airflow/.local/lib/python3.7/site-packages/airflow/example_dags/example_local_kubernetes_executor.py
[2022-11-22T19:34:37.480+0000] {processor.py:756} INFO - Processing file /home/airflow/.local/lib/python3.7/site-packages/airflow/example_dags/example_local_kubernetes_executor.py for tasks to queue
[2022-11-22T19:34:37.481+0000] {logging_mixin.py:137} INFO - [2022-11-22T19:34:37.481+0000] {dagbag.py:537} INFO - Filling up the DagBag from /home/airflow/.local/lib/python3.7/site-packages/airflow/example_dags/example_local_kubernetes_executor.py
[2022-11-22T19:34:37.499+0000] {processor.py:766} INFO - DAG(s) dict_keys(['example_local_kubernetes_executor']) retrieved from /home/airflow/.local/lib/python3.7/site-packages/airflow/example_dags/example_local_kubernetes_executor.py
[2022-11-22T19:34:37.527+0000] {logging_mixin.py:137} INFO - [2022-11-22T19:34:37.527+0000] {dag.py:2585} INFO - Sync 1 DAGs
[2022-11-22T19:34:37.544+0000] {logging_mixin.py:137} INFO - [2022-11-22T19:34:37.544+0000] {dag.py:3340} INFO - Setting next_dagrun for example_local_kubernetes_executor to None, run_after=None
[2022-11-22T19:34:37.556+0000] {processor.py:176} INFO - Processing /home/airflow/.local/lib/python3.7/site-packages/airflow/example_dags/example_local_kubernetes_executor.py took 0.080 seconds
[2022-11-22T19:35:08.471+0000] {processor.py:154} INFO - Started process (PID=1116) to work on /home/airflow/.local/lib/python3.7/site-packages/airflow/example_dags/example_local_kubernetes_executor.py
[2022-11-22T19:35:08.475+0000] {processor.py:756} INFO - Processing file /home/airflow/.local/lib/python3.7/site-packages/airflow/example_dags/example_local_kubernetes_executor.py for tasks to queue
[2022-11-22T19:35:08.477+0000] {logging_mixin.py:137} INFO - [2022-11-22T19:35:08.477+0000] {dagbag.py:537} INFO - Filling up the DagBag from /home/airflow/.local/lib/python3.7/site-packages/airflow/example_dags/example_local_kubernetes_executor.py
[2022-11-22T19:35:08.496+0000] {processor.py:766} INFO - DAG(s) dict_keys(['example_local_kubernetes_executor']) retrieved from /home/airflow/.local/lib/python3.7/site-packages/airflow/example_dags/example_local_kubernetes_executor.py
[2022-11-22T19:35:08.530+0000] {logging_mixin.py:137} INFO - [2022-11-22T19:35:08.529+0000] {dag.py:2585} INFO - Sync 1 DAGs
[2022-11-22T19:35:08.560+0000] {logging_mixin.py:137} INFO - [2022-11-22T19:35:08.560+0000] {dag.py:3340} INFO - Setting next_dagrun for example_local_kubernetes_executor to None, run_after=None
[2022-11-22T19:35:08.582+0000] {processor.py:176} INFO - Processing /home/airflow/.local/lib/python3.7/site-packages/airflow/example_dags/example_local_kubernetes_executor.py took 0.114 seconds
[2022-11-22T19:35:39.651+0000] {processor.py:154} INFO - Started process (PID=1171) to work on /home/airflow/.local/lib/python3.7/site-packages/airflow/example_dags/example_local_kubernetes_executor.py
[2022-11-22T19:35:39.653+0000] {processor.py:756} INFO - Processing file /home/airflow/.local/lib/python3.7/site-packages/airflow/example_dags/example_local_kubernetes_executor.py for tasks to queue
[2022-11-22T19:35:39.654+0000] {logging_mixin.py:137} INFO - [2022-11-22T19:35:39.654+0000] {dagbag.py:537} INFO - Filling up the DagBag from /home/airflow/.local/lib/python3.7/site-packages/airflow/example_dags/example_local_kubernetes_executor.py
[2022-11-22T19:35:39.670+0000] {processor.py:766} INFO - DAG(s) dict_keys(['example_local_kubernetes_executor']) retrieved from /home/airflow/.local/lib/python3.7/site-packages/airflow/example_dags/example_local_kubernetes_executor.py
[2022-11-22T19:35:39.698+0000] {logging_mixin.py:137} INFO - [2022-11-22T19:35:39.698+0000] {dag.py:2585} INFO - Sync 1 DAGs
[2022-11-22T19:35:39.714+0000] {logging_mixin.py:137} INFO - [2022-11-22T19:35:39.714+0000] {dag.py:3340} INFO - Setting next_dagrun for example_local_kubernetes_executor to None, run_after=None
[2022-11-22T19:35:39.727+0000] {processor.py:176} INFO - Processing /home/airflow/.local/lib/python3.7/site-packages/airflow/example_dags/example_local_kubernetes_executor.py took 0.078 seconds
[2022-11-22T19:36:10.059+0000] {processor.py:154} INFO - Started process (PID=1233) to work on /home/airflow/.local/lib/python3.7/site-packages/airflow/example_dags/example_local_kubernetes_executor.py
[2022-11-22T19:36:10.061+0000] {processor.py:756} INFO - Processing file /home/airflow/.local/lib/python3.7/site-packages/airflow/example_dags/example_local_kubernetes_executor.py for tasks to queue
[2022-11-22T19:36:10.064+0000] {logging_mixin.py:137} INFO - [2022-11-22T19:36:10.063+0000] {dagbag.py:537} INFO - Filling up the DagBag from /home/airflow/.local/lib/python3.7/site-packages/airflow/example_dags/example_local_kubernetes_executor.py
[2022-11-22T19:36:10.088+0000] {processor.py:766} INFO - DAG(s) dict_keys(['example_local_kubernetes_executor']) retrieved from /home/airflow/.local/lib/python3.7/site-packages/airflow/example_dags/example_local_kubernetes_executor.py
[2022-11-22T19:36:10.124+0000] {logging_mixin.py:137} INFO - [2022-11-22T19:36:10.124+0000] {dag.py:2585} INFO - Sync 1 DAGs
[2022-11-22T19:36:10.143+0000] {logging_mixin.py:137} INFO - [2022-11-22T19:36:10.143+0000] {dag.py:3340} INFO - Setting next_dagrun for example_local_kubernetes_executor to None, run_after=None
[2022-11-22T19:36:10.164+0000] {processor.py:176} INFO - Processing /home/airflow/.local/lib/python3.7/site-packages/airflow/example_dags/example_local_kubernetes_executor.py took 0.108 seconds
[2022-11-22T19:36:40.198+0000] {processor.py:154} INFO - Started process (PID=1297) to work on /home/airflow/.local/lib/python3.7/site-packages/airflow/example_dags/example_local_kubernetes_executor.py
[2022-11-22T19:36:40.200+0000] {processor.py:756} INFO - Processing file /home/airflow/.local/lib/python3.7/site-packages/airflow/example_dags/example_local_kubernetes_executor.py for tasks to queue
[2022-11-22T19:36:40.201+0000] {logging_mixin.py:137} INFO - [2022-11-22T19:36:40.201+0000] {dagbag.py:537} INFO - Filling up the DagBag from /home/airflow/.local/lib/python3.7/site-packages/airflow/example_dags/example_local_kubernetes_executor.py
[2022-11-22T19:36:40.217+0000] {processor.py:766} INFO - DAG(s) dict_keys(['example_local_kubernetes_executor']) retrieved from /home/airflow/.local/lib/python3.7/site-packages/airflow/example_dags/example_local_kubernetes_executor.py
[2022-11-22T19:36:40.240+0000] {logging_mixin.py:137} INFO - [2022-11-22T19:36:40.240+0000] {dag.py:2585} INFO - Sync 1 DAGs
[2022-11-22T19:36:40.256+0000] {logging_mixin.py:137} INFO - [2022-11-22T19:36:40.256+0000] {dag.py:3340} INFO - Setting next_dagrun for example_local_kubernetes_executor to None, run_after=None
[2022-11-22T19:36:40.270+0000] {processor.py:176} INFO - Processing /home/airflow/.local/lib/python3.7/site-packages/airflow/example_dags/example_local_kubernetes_executor.py took 0.075 seconds
[2022-11-22T19:37:11.493+0000] {processor.py:154} INFO - Started process (PID=1361) to work on /home/airflow/.local/lib/python3.7/site-packages/airflow/example_dags/example_local_kubernetes_executor.py
[2022-11-22T19:37:11.497+0000] {processor.py:756} INFO - Processing file /home/airflow/.local/lib/python3.7/site-packages/airflow/example_dags/example_local_kubernetes_executor.py for tasks to queue
[2022-11-22T19:37:11.499+0000] {logging_mixin.py:137} INFO - [2022-11-22T19:37:11.499+0000] {dagbag.py:537} INFO - Filling up the DagBag from /home/airflow/.local/lib/python3.7/site-packages/airflow/example_dags/example_local_kubernetes_executor.py
[2022-11-22T19:37:11.517+0000] {processor.py:766} INFO - DAG(s) dict_keys(['example_local_kubernetes_executor']) retrieved from /home/airflow/.local/lib/python3.7/site-packages/airflow/example_dags/example_local_kubernetes_executor.py
[2022-11-22T19:37:11.555+0000] {logging_mixin.py:137} INFO - [2022-11-22T19:37:11.555+0000] {dag.py:2585} INFO - Sync 1 DAGs
[2022-11-22T19:37:11.586+0000] {logging_mixin.py:137} INFO - [2022-11-22T19:37:11.586+0000] {dag.py:3340} INFO - Setting next_dagrun for example_local_kubernetes_executor to None, run_after=None
[2022-11-22T19:37:11.609+0000] {processor.py:176} INFO - Processing /home/airflow/.local/lib/python3.7/site-packages/airflow/example_dags/example_local_kubernetes_executor.py took 0.119 seconds
[2022-11-22T19:37:41.821+0000] {processor.py:154} INFO - Started process (PID=1415) to work on /home/airflow/.local/lib/python3.7/site-packages/airflow/example_dags/example_local_kubernetes_executor.py
[2022-11-22T19:37:41.822+0000] {processor.py:756} INFO - Processing file /home/airflow/.local/lib/python3.7/site-packages/airflow/example_dags/example_local_kubernetes_executor.py for tasks to queue
[2022-11-22T19:37:41.823+0000] {logging_mixin.py:137} INFO - [2022-11-22T19:37:41.823+0000] {dagbag.py:537} INFO - Filling up the DagBag from /home/airflow/.local/lib/python3.7/site-packages/airflow/example_dags/example_local_kubernetes_executor.py
[2022-11-22T19:37:41.840+0000] {processor.py:766} INFO - DAG(s) dict_keys(['example_local_kubernetes_executor']) retrieved from /home/airflow/.local/lib/python3.7/site-packages/airflow/example_dags/example_local_kubernetes_executor.py
[2022-11-22T19:37:41.870+0000] {logging_mixin.py:137} INFO - [2022-11-22T19:37:41.870+0000] {dag.py:2585} INFO - Sync 1 DAGs
[2022-11-22T19:37:41.887+0000] {logging_mixin.py:137} INFO - [2022-11-22T19:37:41.887+0000] {dag.py:3340} INFO - Setting next_dagrun for example_local_kubernetes_executor to None, run_after=None
[2022-11-22T19:37:41.900+0000] {processor.py:176} INFO - Processing /home/airflow/.local/lib/python3.7/site-packages/airflow/example_dags/example_local_kubernetes_executor.py took 0.081 seconds
[2022-11-22T19:38:12.687+0000] {processor.py:154} INFO - Started process (PID=1478) to work on /home/airflow/.local/lib/python3.7/site-packages/airflow/example_dags/example_local_kubernetes_executor.py
[2022-11-22T19:38:12.689+0000] {processor.py:756} INFO - Processing file /home/airflow/.local/lib/python3.7/site-packages/airflow/example_dags/example_local_kubernetes_executor.py for tasks to queue
[2022-11-22T19:38:12.690+0000] {logging_mixin.py:137} INFO - [2022-11-22T19:38:12.690+0000] {dagbag.py:537} INFO - Filling up the DagBag from /home/airflow/.local/lib/python3.7/site-packages/airflow/example_dags/example_local_kubernetes_executor.py
[2022-11-22T19:38:12.708+0000] {processor.py:766} INFO - DAG(s) dict_keys(['example_local_kubernetes_executor']) retrieved from /home/airflow/.local/lib/python3.7/site-packages/airflow/example_dags/example_local_kubernetes_executor.py
[2022-11-22T19:38:12.742+0000] {logging_mixin.py:137} INFO - [2022-11-22T19:38:12.742+0000] {dag.py:2585} INFO - Sync 1 DAGs
[2022-11-22T19:38:12.765+0000] {logging_mixin.py:137} INFO - [2022-11-22T19:38:12.765+0000] {dag.py:3340} INFO - Setting next_dagrun for example_local_kubernetes_executor to None, run_after=None
[2022-11-22T19:38:12.790+0000] {processor.py:176} INFO - Processing /home/airflow/.local/lib/python3.7/site-packages/airflow/example_dags/example_local_kubernetes_executor.py took 0.105 seconds
[2022-11-22T19:38:44.239+0000] {processor.py:154} INFO - Started process (PID=1541) to work on /home/airflow/.local/lib/python3.7/site-packages/airflow/example_dags/example_local_kubernetes_executor.py
[2022-11-22T19:38:44.246+0000] {processor.py:756} INFO - Processing file /home/airflow/.local/lib/python3.7/site-packages/airflow/example_dags/example_local_kubernetes_executor.py for tasks to queue
[2022-11-22T19:38:44.251+0000] {logging_mixin.py:137} INFO - [2022-11-22T19:38:44.251+0000] {dagbag.py:537} INFO - Filling up the DagBag from /home/airflow/.local/lib/python3.7/site-packages/airflow/example_dags/example_local_kubernetes_executor.py
[2022-11-22T19:38:44.296+0000] {processor.py:766} INFO - DAG(s) dict_keys(['example_local_kubernetes_executor']) retrieved from /home/airflow/.local/lib/python3.7/site-packages/airflow/example_dags/example_local_kubernetes_executor.py
[2022-11-22T19:38:44.517+0000] {logging_mixin.py:137} INFO - [2022-11-22T19:38:44.517+0000] {dag.py:2585} INFO - Sync 1 DAGs
[2022-11-22T19:38:44.606+0000] {logging_mixin.py:137} INFO - [2022-11-22T19:38:44.606+0000] {dag.py:3340} INFO - Setting next_dagrun for example_local_kubernetes_executor to None, run_after=None
[2022-11-22T19:38:44.729+0000] {processor.py:176} INFO - Processing /home/airflow/.local/lib/python3.7/site-packages/airflow/example_dags/example_local_kubernetes_executor.py took 0.501 seconds
[2022-11-22T19:39:15.360+0000] {processor.py:154} INFO - Started process (PID=1604) to work on /home/airflow/.local/lib/python3.7/site-packages/airflow/example_dags/example_local_kubernetes_executor.py
[2022-11-22T19:39:15.362+0000] {processor.py:756} INFO - Processing file /home/airflow/.local/lib/python3.7/site-packages/airflow/example_dags/example_local_kubernetes_executor.py for tasks to queue
[2022-11-22T19:39:15.363+0000] {logging_mixin.py:137} INFO - [2022-11-22T19:39:15.363+0000] {dagbag.py:537} INFO - Filling up the DagBag from /home/airflow/.local/lib/python3.7/site-packages/airflow/example_dags/example_local_kubernetes_executor.py
[2022-11-22T19:39:15.378+0000] {processor.py:766} INFO - DAG(s) dict_keys(['example_local_kubernetes_executor']) retrieved from /home/airflow/.local/lib/python3.7/site-packages/airflow/example_dags/example_local_kubernetes_executor.py
[2022-11-22T19:39:15.404+0000] {logging_mixin.py:137} INFO - [2022-11-22T19:39:15.404+0000] {dag.py:2585} INFO - Sync 1 DAGs
[2022-11-22T19:39:15.420+0000] {logging_mixin.py:137} INFO - [2022-11-22T19:39:15.420+0000] {dag.py:3340} INFO - Setting next_dagrun for example_local_kubernetes_executor to None, run_after=None
[2022-11-22T19:39:15.431+0000] {processor.py:176} INFO - Processing /home/airflow/.local/lib/python3.7/site-packages/airflow/example_dags/example_local_kubernetes_executor.py took 0.074 seconds
[2022-11-22T19:39:45.589+0000] {processor.py:154} INFO - Started process (PID=1659) to work on /home/airflow/.local/lib/python3.7/site-packages/airflow/example_dags/example_local_kubernetes_executor.py
[2022-11-22T19:39:45.591+0000] {processor.py:756} INFO - Processing file /home/airflow/.local/lib/python3.7/site-packages/airflow/example_dags/example_local_kubernetes_executor.py for tasks to queue
[2022-11-22T19:39:45.592+0000] {logging_mixin.py:137} INFO - [2022-11-22T19:39:45.592+0000] {dagbag.py:537} INFO - Filling up the DagBag from /home/airflow/.local/lib/python3.7/site-packages/airflow/example_dags/example_local_kubernetes_executor.py
[2022-11-22T19:39:45.607+0000] {processor.py:766} INFO - DAG(s) dict_keys(['example_local_kubernetes_executor']) retrieved from /home/airflow/.local/lib/python3.7/site-packages/airflow/example_dags/example_local_kubernetes_executor.py
[2022-11-22T19:39:45.633+0000] {logging_mixin.py:137} INFO - [2022-11-22T19:39:45.633+0000] {dag.py:2585} INFO - Sync 1 DAGs
[2022-11-22T19:39:45.661+0000] {logging_mixin.py:137} INFO - [2022-11-22T19:39:45.661+0000] {dag.py:3340} INFO - Setting next_dagrun for example_local_kubernetes_executor to None, run_after=None
[2022-11-22T19:39:45.675+0000] {processor.py:176} INFO - Processing /home/airflow/.local/lib/python3.7/site-packages/airflow/example_dags/example_local_kubernetes_executor.py took 0.088 seconds
[2022-11-22T19:40:16.007+0000] {processor.py:154} INFO - Started process (PID=1723) to work on /home/airflow/.local/lib/python3.7/site-packages/airflow/example_dags/example_local_kubernetes_executor.py
[2022-11-22T19:40:16.008+0000] {processor.py:756} INFO - Processing file /home/airflow/.local/lib/python3.7/site-packages/airflow/example_dags/example_local_kubernetes_executor.py for tasks to queue
[2022-11-22T19:40:16.010+0000] {logging_mixin.py:137} INFO - [2022-11-22T19:40:16.010+0000] {dagbag.py:537} INFO - Filling up the DagBag from /home/airflow/.local/lib/python3.7/site-packages/airflow/example_dags/example_local_kubernetes_executor.py
[2022-11-22T19:40:16.026+0000] {processor.py:766} INFO - DAG(s) dict_keys(['example_local_kubernetes_executor']) retrieved from /home/airflow/.local/lib/python3.7/site-packages/airflow/example_dags/example_local_kubernetes_executor.py
[2022-11-22T19:40:16.057+0000] {logging_mixin.py:137} INFO - [2022-11-22T19:40:16.057+0000] {dag.py:2585} INFO - Sync 1 DAGs
[2022-11-22T19:40:16.075+0000] {logging_mixin.py:137} INFO - [2022-11-22T19:40:16.075+0000] {dag.py:3340} INFO - Setting next_dagrun for example_local_kubernetes_executor to None, run_after=None
[2022-11-22T19:40:16.088+0000] {processor.py:176} INFO - Processing /home/airflow/.local/lib/python3.7/site-packages/airflow/example_dags/example_local_kubernetes_executor.py took 0.084 seconds
[2022-11-22T19:40:46.323+0000] {processor.py:154} INFO - Started process (PID=1786) to work on /home/airflow/.local/lib/python3.7/site-packages/airflow/example_dags/example_local_kubernetes_executor.py
[2022-11-22T19:40:46.325+0000] {processor.py:756} INFO - Processing file /home/airflow/.local/lib/python3.7/site-packages/airflow/example_dags/example_local_kubernetes_executor.py for tasks to queue
[2022-11-22T19:40:46.328+0000] {logging_mixin.py:137} INFO - [2022-11-22T19:40:46.328+0000] {dagbag.py:537} INFO - Filling up the DagBag from /home/airflow/.local/lib/python3.7/site-packages/airflow/example_dags/example_local_kubernetes_executor.py
[2022-11-22T19:40:46.352+0000] {processor.py:766} INFO - DAG(s) dict_keys(['example_local_kubernetes_executor']) retrieved from /home/airflow/.local/lib/python3.7/site-packages/airflow/example_dags/example_local_kubernetes_executor.py
[2022-11-22T19:40:46.382+0000] {logging_mixin.py:137} INFO - [2022-11-22T19:40:46.382+0000] {dag.py:2585} INFO - Sync 1 DAGs
[2022-11-22T19:40:46.398+0000] {logging_mixin.py:137} INFO - [2022-11-22T19:40:46.398+0000] {dag.py:3340} INFO - Setting next_dagrun for example_local_kubernetes_executor to None, run_after=None
[2022-11-22T19:40:46.412+0000] {processor.py:176} INFO - Processing /home/airflow/.local/lib/python3.7/site-packages/airflow/example_dags/example_local_kubernetes_executor.py took 0.092 seconds
[2022-11-22T19:41:17.492+0000] {processor.py:154} INFO - Started process (PID=1850) to work on /home/airflow/.local/lib/python3.7/site-packages/airflow/example_dags/example_local_kubernetes_executor.py
[2022-11-22T19:41:17.493+0000] {processor.py:756} INFO - Processing file /home/airflow/.local/lib/python3.7/site-packages/airflow/example_dags/example_local_kubernetes_executor.py for tasks to queue
[2022-11-22T19:41:17.495+0000] {logging_mixin.py:137} INFO - [2022-11-22T19:41:17.495+0000] {dagbag.py:537} INFO - Filling up the DagBag from /home/airflow/.local/lib/python3.7/site-packages/airflow/example_dags/example_local_kubernetes_executor.py
[2022-11-22T19:41:17.513+0000] {processor.py:766} INFO - DAG(s) dict_keys(['example_local_kubernetes_executor']) retrieved from /home/airflow/.local/lib/python3.7/site-packages/airflow/example_dags/example_local_kubernetes_executor.py
[2022-11-22T19:41:17.552+0000] {logging_mixin.py:137} INFO - [2022-11-22T19:41:17.552+0000] {dag.py:2585} INFO - Sync 1 DAGs
[2022-11-22T19:41:17.571+0000] {logging_mixin.py:137} INFO - [2022-11-22T19:41:17.571+0000] {dag.py:3340} INFO - Setting next_dagrun for example_local_kubernetes_executor to None, run_after=None
[2022-11-22T19:41:17.587+0000] {processor.py:176} INFO - Processing /home/airflow/.local/lib/python3.7/site-packages/airflow/example_dags/example_local_kubernetes_executor.py took 0.097 seconds
[2022-11-22T19:41:48.788+0000] {processor.py:154} INFO - Started process (PID=1914) to work on /home/airflow/.local/lib/python3.7/site-packages/airflow/example_dags/example_local_kubernetes_executor.py
[2022-11-22T19:41:48.798+0000] {processor.py:756} INFO - Processing file /home/airflow/.local/lib/python3.7/site-packages/airflow/example_dags/example_local_kubernetes_executor.py for tasks to queue
[2022-11-22T19:41:48.801+0000] {logging_mixin.py:137} INFO - [2022-11-22T19:41:48.801+0000] {dagbag.py:537} INFO - Filling up the DagBag from /home/airflow/.local/lib/python3.7/site-packages/airflow/example_dags/example_local_kubernetes_executor.py
[2022-11-22T19:41:48.832+0000] {processor.py:766} INFO - DAG(s) dict_keys(['example_local_kubernetes_executor']) retrieved from /home/airflow/.local/lib/python3.7/site-packages/airflow/example_dags/example_local_kubernetes_executor.py
[2022-11-22T19:41:48.867+0000] {logging_mixin.py:137} INFO - [2022-11-22T19:41:48.867+0000] {dag.py:2585} INFO - Sync 1 DAGs
[2022-11-22T19:41:48.885+0000] {logging_mixin.py:137} INFO - [2022-11-22T19:41:48.885+0000] {dag.py:3340} INFO - Setting next_dagrun for example_local_kubernetes_executor to None, run_after=None
[2022-11-22T19:41:48.899+0000] {processor.py:176} INFO - Processing /home/airflow/.local/lib/python3.7/site-packages/airflow/example_dags/example_local_kubernetes_executor.py took 0.114 seconds
[2022-11-22T19:42:19.219+0000] {processor.py:154} INFO - Started process (PID=1968) to work on /home/airflow/.local/lib/python3.7/site-packages/airflow/example_dags/example_local_kubernetes_executor.py
[2022-11-22T19:42:19.221+0000] {processor.py:756} INFO - Processing file /home/airflow/.local/lib/python3.7/site-packages/airflow/example_dags/example_local_kubernetes_executor.py for tasks to queue
[2022-11-22T19:42:19.222+0000] {logging_mixin.py:137} INFO - [2022-11-22T19:42:19.222+0000] {dagbag.py:537} INFO - Filling up the DagBag from /home/airflow/.local/lib/python3.7/site-packages/airflow/example_dags/example_local_kubernetes_executor.py
[2022-11-22T19:42:19.240+0000] {processor.py:766} INFO - DAG(s) dict_keys(['example_local_kubernetes_executor']) retrieved from /home/airflow/.local/lib/python3.7/site-packages/airflow/example_dags/example_local_kubernetes_executor.py
[2022-11-22T19:42:19.280+0000] {logging_mixin.py:137} INFO - [2022-11-22T19:42:19.280+0000] {dag.py:2585} INFO - Sync 1 DAGs
[2022-11-22T19:42:19.295+0000] {logging_mixin.py:137} INFO - [2022-11-22T19:42:19.295+0000] {dag.py:3340} INFO - Setting next_dagrun for example_local_kubernetes_executor to None, run_after=None
[2022-11-22T19:42:19.308+0000] {processor.py:176} INFO - Processing /home/airflow/.local/lib/python3.7/site-packages/airflow/example_dags/example_local_kubernetes_executor.py took 0.092 seconds
[2022-11-22T19:42:50.158+0000] {processor.py:154} INFO - Started process (PID=2031) to work on /home/airflow/.local/lib/python3.7/site-packages/airflow/example_dags/example_local_kubernetes_executor.py
[2022-11-22T19:42:50.160+0000] {processor.py:756} INFO - Processing file /home/airflow/.local/lib/python3.7/site-packages/airflow/example_dags/example_local_kubernetes_executor.py for tasks to queue
[2022-11-22T19:42:50.164+0000] {logging_mixin.py:137} INFO - [2022-11-22T19:42:50.164+0000] {dagbag.py:537} INFO - Filling up the DagBag from /home/airflow/.local/lib/python3.7/site-packages/airflow/example_dags/example_local_kubernetes_executor.py
[2022-11-22T19:42:50.180+0000] {processor.py:766} INFO - DAG(s) dict_keys(['example_local_kubernetes_executor']) retrieved from /home/airflow/.local/lib/python3.7/site-packages/airflow/example_dags/example_local_kubernetes_executor.py
[2022-11-22T19:42:50.210+0000] {logging_mixin.py:137} INFO - [2022-11-22T19:42:50.210+0000] {dag.py:2585} INFO - Sync 1 DAGs
[2022-11-22T19:42:50.226+0000] {logging_mixin.py:137} INFO - [2022-11-22T19:42:50.226+0000] {dag.py:3340} INFO - Setting next_dagrun for example_local_kubernetes_executor to None, run_after=None
[2022-11-22T19:42:50.238+0000] {processor.py:176} INFO - Processing /home/airflow/.local/lib/python3.7/site-packages/airflow/example_dags/example_local_kubernetes_executor.py took 0.083 seconds
[2022-11-22T19:43:21.115+0000] {processor.py:154} INFO - Started process (PID=2094) to work on /home/airflow/.local/lib/python3.7/site-packages/airflow/example_dags/example_local_kubernetes_executor.py
[2022-11-22T19:43:21.116+0000] {processor.py:756} INFO - Processing file /home/airflow/.local/lib/python3.7/site-packages/airflow/example_dags/example_local_kubernetes_executor.py for tasks to queue
[2022-11-22T19:43:21.117+0000] {logging_mixin.py:137} INFO - [2022-11-22T19:43:21.117+0000] {dagbag.py:537} INFO - Filling up the DagBag from /home/airflow/.local/lib/python3.7/site-packages/airflow/example_dags/example_local_kubernetes_executor.py
[2022-11-22T19:43:21.134+0000] {processor.py:766} INFO - DAG(s) dict_keys(['example_local_kubernetes_executor']) retrieved from /home/airflow/.local/lib/python3.7/site-packages/airflow/example_dags/example_local_kubernetes_executor.py
[2022-11-22T19:43:21.164+0000] {logging_mixin.py:137} INFO - [2022-11-22T19:43:21.164+0000] {dag.py:2585} INFO - Sync 1 DAGs
[2022-11-22T19:43:21.182+0000] {logging_mixin.py:137} INFO - [2022-11-22T19:43:21.182+0000] {dag.py:3340} INFO - Setting next_dagrun for example_local_kubernetes_executor to None, run_after=None
[2022-11-22T19:43:21.195+0000] {processor.py:176} INFO - Processing /home/airflow/.local/lib/python3.7/site-packages/airflow/example_dags/example_local_kubernetes_executor.py took 0.082 seconds
[2022-11-22T19:43:51.285+0000] {processor.py:154} INFO - Started process (PID=2157) to work on /home/airflow/.local/lib/python3.7/site-packages/airflow/example_dags/example_local_kubernetes_executor.py
[2022-11-22T19:43:51.288+0000] {processor.py:756} INFO - Processing file /home/airflow/.local/lib/python3.7/site-packages/airflow/example_dags/example_local_kubernetes_executor.py for tasks to queue
[2022-11-22T19:43:51.289+0000] {logging_mixin.py:137} INFO - [2022-11-22T19:43:51.289+0000] {dagbag.py:537} INFO - Filling up the DagBag from /home/airflow/.local/lib/python3.7/site-packages/airflow/example_dags/example_local_kubernetes_executor.py
[2022-11-22T19:43:51.305+0000] {processor.py:766} INFO - DAG(s) dict_keys(['example_local_kubernetes_executor']) retrieved from /home/airflow/.local/lib/python3.7/site-packages/airflow/example_dags/example_local_kubernetes_executor.py
[2022-11-22T19:43:51.341+0000] {logging_mixin.py:137} INFO - [2022-11-22T19:43:51.341+0000] {dag.py:2585} INFO - Sync 1 DAGs
[2022-11-22T19:43:51.358+0000] {logging_mixin.py:137} INFO - [2022-11-22T19:43:51.358+0000] {dag.py:3340} INFO - Setting next_dagrun for example_local_kubernetes_executor to None, run_after=None
[2022-11-22T19:43:51.369+0000] {processor.py:176} INFO - Processing /home/airflow/.local/lib/python3.7/site-packages/airflow/example_dags/example_local_kubernetes_executor.py took 0.086 seconds
[2022-11-22T19:44:21.422+0000] {processor.py:154} INFO - Started process (PID=2211) to work on /home/airflow/.local/lib/python3.7/site-packages/airflow/example_dags/example_local_kubernetes_executor.py
[2022-11-22T19:44:21.423+0000] {processor.py:756} INFO - Processing file /home/airflow/.local/lib/python3.7/site-packages/airflow/example_dags/example_local_kubernetes_executor.py for tasks to queue
[2022-11-22T19:44:21.424+0000] {logging_mixin.py:137} INFO - [2022-11-22T19:44:21.424+0000] {dagbag.py:537} INFO - Filling up the DagBag from /home/airflow/.local/lib/python3.7/site-packages/airflow/example_dags/example_local_kubernetes_executor.py
[2022-11-22T19:44:21.438+0000] {processor.py:766} INFO - DAG(s) dict_keys(['example_local_kubernetes_executor']) retrieved from /home/airflow/.local/lib/python3.7/site-packages/airflow/example_dags/example_local_kubernetes_executor.py
[2022-11-22T19:44:21.463+0000] {logging_mixin.py:137} INFO - [2022-11-22T19:44:21.463+0000] {dag.py:2585} INFO - Sync 1 DAGs
[2022-11-22T19:44:21.478+0000] {logging_mixin.py:137} INFO - [2022-11-22T19:44:21.478+0000] {dag.py:3340} INFO - Setting next_dagrun for example_local_kubernetes_executor to None, run_after=None
[2022-11-22T19:44:21.492+0000] {processor.py:176} INFO - Processing /home/airflow/.local/lib/python3.7/site-packages/airflow/example_dags/example_local_kubernetes_executor.py took 0.072 seconds
[2022-11-22T19:44:51.661+0000] {processor.py:154} INFO - Started process (PID=2274) to work on /home/airflow/.local/lib/python3.7/site-packages/airflow/example_dags/example_local_kubernetes_executor.py
[2022-11-22T19:44:51.663+0000] {processor.py:756} INFO - Processing file /home/airflow/.local/lib/python3.7/site-packages/airflow/example_dags/example_local_kubernetes_executor.py for tasks to queue
[2022-11-22T19:44:51.663+0000] {logging_mixin.py:137} INFO - [2022-11-22T19:44:51.663+0000] {dagbag.py:537} INFO - Filling up the DagBag from /home/airflow/.local/lib/python3.7/site-packages/airflow/example_dags/example_local_kubernetes_executor.py
[2022-11-22T19:44:51.677+0000] {processor.py:766} INFO - DAG(s) dict_keys(['example_local_kubernetes_executor']) retrieved from /home/airflow/.local/lib/python3.7/site-packages/airflow/example_dags/example_local_kubernetes_executor.py
[2022-11-22T19:44:51.702+0000] {logging_mixin.py:137} INFO - [2022-11-22T19:44:51.702+0000] {dag.py:2585} INFO - Sync 1 DAGs
[2022-11-22T19:44:51.716+0000] {logging_mixin.py:137} INFO - [2022-11-22T19:44:51.716+0000] {dag.py:3340} INFO - Setting next_dagrun for example_local_kubernetes_executor to None, run_after=None
[2022-11-22T19:44:51.727+0000] {processor.py:176} INFO - Processing /home/airflow/.local/lib/python3.7/site-packages/airflow/example_dags/example_local_kubernetes_executor.py took 0.068 seconds
[2022-11-22T19:45:21.860+0000] {processor.py:154} INFO - Started process (PID=2338) to work on /home/airflow/.local/lib/python3.7/site-packages/airflow/example_dags/example_local_kubernetes_executor.py
[2022-11-22T19:45:21.861+0000] {processor.py:756} INFO - Processing file /home/airflow/.local/lib/python3.7/site-packages/airflow/example_dags/example_local_kubernetes_executor.py for tasks to queue
[2022-11-22T19:45:21.862+0000] {logging_mixin.py:137} INFO - [2022-11-22T19:45:21.862+0000] {dagbag.py:537} INFO - Filling up the DagBag from /home/airflow/.local/lib/python3.7/site-packages/airflow/example_dags/example_local_kubernetes_executor.py
[2022-11-22T19:45:21.877+0000] {processor.py:766} INFO - DAG(s) dict_keys(['example_local_kubernetes_executor']) retrieved from /home/airflow/.local/lib/python3.7/site-packages/airflow/example_dags/example_local_kubernetes_executor.py
[2022-11-22T19:45:21.902+0000] {logging_mixin.py:137} INFO - [2022-11-22T19:45:21.902+0000] {dag.py:2585} INFO - Sync 1 DAGs
[2022-11-22T19:45:21.917+0000] {logging_mixin.py:137} INFO - [2022-11-22T19:45:21.917+0000] {dag.py:3340} INFO - Setting next_dagrun for example_local_kubernetes_executor to None, run_after=None
[2022-11-22T19:45:21.928+0000] {processor.py:176} INFO - Processing /home/airflow/.local/lib/python3.7/site-packages/airflow/example_dags/example_local_kubernetes_executor.py took 0.071 seconds
[2022-11-22T19:45:52.596+0000] {processor.py:154} INFO - Started process (PID=2402) to work on /home/airflow/.local/lib/python3.7/site-packages/airflow/example_dags/example_local_kubernetes_executor.py
[2022-11-22T19:45:52.598+0000] {processor.py:756} INFO - Processing file /home/airflow/.local/lib/python3.7/site-packages/airflow/example_dags/example_local_kubernetes_executor.py for tasks to queue
[2022-11-22T19:45:52.599+0000] {logging_mixin.py:137} INFO - [2022-11-22T19:45:52.599+0000] {dagbag.py:537} INFO - Filling up the DagBag from /home/airflow/.local/lib/python3.7/site-packages/airflow/example_dags/example_local_kubernetes_executor.py
[2022-11-22T19:45:52.615+0000] {processor.py:766} INFO - DAG(s) dict_keys(['example_local_kubernetes_executor']) retrieved from /home/airflow/.local/lib/python3.7/site-packages/airflow/example_dags/example_local_kubernetes_executor.py
[2022-11-22T19:45:52.642+0000] {logging_mixin.py:137} INFO - [2022-11-22T19:45:52.642+0000] {dag.py:2585} INFO - Sync 1 DAGs
[2022-11-22T19:45:52.662+0000] {logging_mixin.py:137} INFO - [2022-11-22T19:45:52.661+0000] {dag.py:3340} INFO - Setting next_dagrun for example_local_kubernetes_executor to None, run_after=None
[2022-11-22T19:45:52.679+0000] {processor.py:176} INFO - Processing /home/airflow/.local/lib/python3.7/site-packages/airflow/example_dags/example_local_kubernetes_executor.py took 0.086 seconds
[2022-11-22T19:46:23.166+0000] {processor.py:154} INFO - Started process (PID=2457) to work on /home/airflow/.local/lib/python3.7/site-packages/airflow/example_dags/example_local_kubernetes_executor.py
[2022-11-22T19:46:23.168+0000] {processor.py:756} INFO - Processing file /home/airflow/.local/lib/python3.7/site-packages/airflow/example_dags/example_local_kubernetes_executor.py for tasks to queue
[2022-11-22T19:46:23.169+0000] {logging_mixin.py:137} INFO - [2022-11-22T19:46:23.169+0000] {dagbag.py:537} INFO - Filling up the DagBag from /home/airflow/.local/lib/python3.7/site-packages/airflow/example_dags/example_local_kubernetes_executor.py
[2022-11-22T19:46:23.185+0000] {processor.py:766} INFO - DAG(s) dict_keys(['example_local_kubernetes_executor']) retrieved from /home/airflow/.local/lib/python3.7/site-packages/airflow/example_dags/example_local_kubernetes_executor.py
[2022-11-22T19:46:23.214+0000] {logging_mixin.py:137} INFO - [2022-11-22T19:46:23.213+0000] {dag.py:2585} INFO - Sync 1 DAGs
[2022-11-22T19:46:23.230+0000] {logging_mixin.py:137} INFO - [2022-11-22T19:46:23.230+0000] {dag.py:3340} INFO - Setting next_dagrun for example_local_kubernetes_executor to None, run_after=None
[2022-11-22T19:46:23.243+0000] {processor.py:176} INFO - Processing /home/airflow/.local/lib/python3.7/site-packages/airflow/example_dags/example_local_kubernetes_executor.py took 0.079 seconds
[2022-11-22T19:46:53.949+0000] {processor.py:154} INFO - Started process (PID=2519) to work on /home/airflow/.local/lib/python3.7/site-packages/airflow/example_dags/example_local_kubernetes_executor.py
[2022-11-22T19:46:53.951+0000] {processor.py:756} INFO - Processing file /home/airflow/.local/lib/python3.7/site-packages/airflow/example_dags/example_local_kubernetes_executor.py for tasks to queue
[2022-11-22T19:46:53.952+0000] {logging_mixin.py:137} INFO - [2022-11-22T19:46:53.952+0000] {dagbag.py:537} INFO - Filling up the DagBag from /home/airflow/.local/lib/python3.7/site-packages/airflow/example_dags/example_local_kubernetes_executor.py
[2022-11-22T19:46:53.975+0000] {processor.py:766} INFO - DAG(s) dict_keys(['example_local_kubernetes_executor']) retrieved from /home/airflow/.local/lib/python3.7/site-packages/airflow/example_dags/example_local_kubernetes_executor.py
[2022-11-22T19:46:54.018+0000] {logging_mixin.py:137} INFO - [2022-11-22T19:46:54.018+0000] {dag.py:2585} INFO - Sync 1 DAGs
[2022-11-22T19:46:54.094+0000] {logging_mixin.py:137} INFO - [2022-11-22T19:46:54.094+0000] {dag.py:3340} INFO - Setting next_dagrun for example_local_kubernetes_executor to None, run_after=None
[2022-11-22T19:46:54.137+0000] {processor.py:176} INFO - Processing /home/airflow/.local/lib/python3.7/site-packages/airflow/example_dags/example_local_kubernetes_executor.py took 0.190 seconds
[2022-11-22T19:47:24.335+0000] {processor.py:154} INFO - Started process (PID=2582) to work on /home/airflow/.local/lib/python3.7/site-packages/airflow/example_dags/example_local_kubernetes_executor.py
[2022-11-22T19:47:24.337+0000] {processor.py:756} INFO - Processing file /home/airflow/.local/lib/python3.7/site-packages/airflow/example_dags/example_local_kubernetes_executor.py for tasks to queue
[2022-11-22T19:47:24.338+0000] {logging_mixin.py:137} INFO - [2022-11-22T19:47:24.338+0000] {dagbag.py:537} INFO - Filling up the DagBag from /home/airflow/.local/lib/python3.7/site-packages/airflow/example_dags/example_local_kubernetes_executor.py
[2022-11-22T19:47:24.357+0000] {processor.py:766} INFO - DAG(s) dict_keys(['example_local_kubernetes_executor']) retrieved from /home/airflow/.local/lib/python3.7/site-packages/airflow/example_dags/example_local_kubernetes_executor.py
[2022-11-22T19:47:24.387+0000] {logging_mixin.py:137} INFO - [2022-11-22T19:47:24.387+0000] {dag.py:2585} INFO - Sync 1 DAGs
[2022-11-22T19:47:24.411+0000] {logging_mixin.py:137} INFO - [2022-11-22T19:47:24.410+0000] {dag.py:3340} INFO - Setting next_dagrun for example_local_kubernetes_executor to None, run_after=None
[2022-11-22T19:47:24.430+0000] {processor.py:176} INFO - Processing /home/airflow/.local/lib/python3.7/site-packages/airflow/example_dags/example_local_kubernetes_executor.py took 0.097 seconds
[2022-11-22T19:47:54.831+0000] {processor.py:154} INFO - Started process (PID=2644) to work on /home/airflow/.local/lib/python3.7/site-packages/airflow/example_dags/example_local_kubernetes_executor.py
[2022-11-22T19:47:54.833+0000] {processor.py:756} INFO - Processing file /home/airflow/.local/lib/python3.7/site-packages/airflow/example_dags/example_local_kubernetes_executor.py for tasks to queue
[2022-11-22T19:47:54.835+0000] {logging_mixin.py:137} INFO - [2022-11-22T19:47:54.835+0000] {dagbag.py:537} INFO - Filling up the DagBag from /home/airflow/.local/lib/python3.7/site-packages/airflow/example_dags/example_local_kubernetes_executor.py
[2022-11-22T19:47:54.851+0000] {processor.py:766} INFO - DAG(s) dict_keys(['example_local_kubernetes_executor']) retrieved from /home/airflow/.local/lib/python3.7/site-packages/airflow/example_dags/example_local_kubernetes_executor.py
[2022-11-22T19:47:54.887+0000] {logging_mixin.py:137} INFO - [2022-11-22T19:47:54.887+0000] {dag.py:2585} INFO - Sync 1 DAGs
[2022-11-22T19:47:54.909+0000] {logging_mixin.py:137} INFO - [2022-11-22T19:47:54.909+0000] {dag.py:3340} INFO - Setting next_dagrun for example_local_kubernetes_executor to None, run_after=None
[2022-11-22T19:47:54.929+0000] {processor.py:176} INFO - Processing /home/airflow/.local/lib/python3.7/site-packages/airflow/example_dags/example_local_kubernetes_executor.py took 0.101 seconds
[2022-11-22T19:48:25.534+0000] {processor.py:154} INFO - Started process (PID=2697) to work on /home/airflow/.local/lib/python3.7/site-packages/airflow/example_dags/example_local_kubernetes_executor.py
[2022-11-22T19:48:25.536+0000] {processor.py:756} INFO - Processing file /home/airflow/.local/lib/python3.7/site-packages/airflow/example_dags/example_local_kubernetes_executor.py for tasks to queue
[2022-11-22T19:48:25.537+0000] {logging_mixin.py:137} INFO - [2022-11-22T19:48:25.537+0000] {dagbag.py:537} INFO - Filling up the DagBag from /home/airflow/.local/lib/python3.7/site-packages/airflow/example_dags/example_local_kubernetes_executor.py
[2022-11-22T19:48:25.555+0000] {processor.py:766} INFO - DAG(s) dict_keys(['example_local_kubernetes_executor']) retrieved from /home/airflow/.local/lib/python3.7/site-packages/airflow/example_dags/example_local_kubernetes_executor.py
[2022-11-22T19:48:25.586+0000] {logging_mixin.py:137} INFO - [2022-11-22T19:48:25.586+0000] {dag.py:2585} INFO - Sync 1 DAGs
[2022-11-22T19:48:25.611+0000] {logging_mixin.py:137} INFO - [2022-11-22T19:48:25.610+0000] {dag.py:3340} INFO - Setting next_dagrun for example_local_kubernetes_executor to None, run_after=None
[2022-11-22T19:48:25.625+0000] {processor.py:176} INFO - Processing /home/airflow/.local/lib/python3.7/site-packages/airflow/example_dags/example_local_kubernetes_executor.py took 0.093 seconds
[2022-11-22T19:48:55.683+0000] {processor.py:154} INFO - Started process (PID=2760) to work on /home/airflow/.local/lib/python3.7/site-packages/airflow/example_dags/example_local_kubernetes_executor.py
[2022-11-22T19:48:55.684+0000] {processor.py:756} INFO - Processing file /home/airflow/.local/lib/python3.7/site-packages/airflow/example_dags/example_local_kubernetes_executor.py for tasks to queue
[2022-11-22T19:48:55.685+0000] {logging_mixin.py:137} INFO - [2022-11-22T19:48:55.685+0000] {dagbag.py:537} INFO - Filling up the DagBag from /home/airflow/.local/lib/python3.7/site-packages/airflow/example_dags/example_local_kubernetes_executor.py
[2022-11-22T19:48:55.700+0000] {processor.py:766} INFO - DAG(s) dict_keys(['example_local_kubernetes_executor']) retrieved from /home/airflow/.local/lib/python3.7/site-packages/airflow/example_dags/example_local_kubernetes_executor.py
[2022-11-22T19:48:55.725+0000] {logging_mixin.py:137} INFO - [2022-11-22T19:48:55.725+0000] {dag.py:2585} INFO - Sync 1 DAGs
[2022-11-22T19:48:55.739+0000] {logging_mixin.py:137} INFO - [2022-11-22T19:48:55.739+0000] {dag.py:3340} INFO - Setting next_dagrun for example_local_kubernetes_executor to None, run_after=None
[2022-11-22T19:48:55.750+0000] {processor.py:176} INFO - Processing /home/airflow/.local/lib/python3.7/site-packages/airflow/example_dags/example_local_kubernetes_executor.py took 0.070 seconds
[2022-11-22T19:49:25.860+0000] {processor.py:154} INFO - Started process (PID=2823) to work on /home/airflow/.local/lib/python3.7/site-packages/airflow/example_dags/example_local_kubernetes_executor.py
[2022-11-22T19:49:25.861+0000] {processor.py:756} INFO - Processing file /home/airflow/.local/lib/python3.7/site-packages/airflow/example_dags/example_local_kubernetes_executor.py for tasks to queue
[2022-11-22T19:49:25.862+0000] {logging_mixin.py:137} INFO - [2022-11-22T19:49:25.862+0000] {dagbag.py:537} INFO - Filling up the DagBag from /home/airflow/.local/lib/python3.7/site-packages/airflow/example_dags/example_local_kubernetes_executor.py
[2022-11-22T19:49:25.877+0000] {processor.py:766} INFO - DAG(s) dict_keys(['example_local_kubernetes_executor']) retrieved from /home/airflow/.local/lib/python3.7/site-packages/airflow/example_dags/example_local_kubernetes_executor.py
[2022-11-22T19:49:25.901+0000] {logging_mixin.py:137} INFO - [2022-11-22T19:49:25.901+0000] {dag.py:2585} INFO - Sync 1 DAGs
[2022-11-22T19:49:25.916+0000] {logging_mixin.py:137} INFO - [2022-11-22T19:49:25.916+0000] {dag.py:3340} INFO - Setting next_dagrun for example_local_kubernetes_executor to None, run_after=None
[2022-11-22T19:49:25.927+0000] {processor.py:176} INFO - Processing /home/airflow/.local/lib/python3.7/site-packages/airflow/example_dags/example_local_kubernetes_executor.py took 0.070 seconds
[2022-11-22T19:49:56.712+0000] {processor.py:154} INFO - Started process (PID=2887) to work on /home/airflow/.local/lib/python3.7/site-packages/airflow/example_dags/example_local_kubernetes_executor.py
[2022-11-22T19:49:56.714+0000] {processor.py:756} INFO - Processing file /home/airflow/.local/lib/python3.7/site-packages/airflow/example_dags/example_local_kubernetes_executor.py for tasks to queue
[2022-11-22T19:49:56.715+0000] {logging_mixin.py:137} INFO - [2022-11-22T19:49:56.715+0000] {dagbag.py:537} INFO - Filling up the DagBag from /home/airflow/.local/lib/python3.7/site-packages/airflow/example_dags/example_local_kubernetes_executor.py
[2022-11-22T19:49:56.730+0000] {processor.py:766} INFO - DAG(s) dict_keys(['example_local_kubernetes_executor']) retrieved from /home/airflow/.local/lib/python3.7/site-packages/airflow/example_dags/example_local_kubernetes_executor.py
[2022-11-22T19:49:56.756+0000] {logging_mixin.py:137} INFO - [2022-11-22T19:49:56.756+0000] {dag.py:2585} INFO - Sync 1 DAGs
[2022-11-22T19:49:56.772+0000] {logging_mixin.py:137} INFO - [2022-11-22T19:49:56.772+0000] {dag.py:3340} INFO - Setting next_dagrun for example_local_kubernetes_executor to None, run_after=None
[2022-11-22T19:49:56.783+0000] {processor.py:176} INFO - Processing /home/airflow/.local/lib/python3.7/site-packages/airflow/example_dags/example_local_kubernetes_executor.py took 0.073 seconds
[2022-11-22T19:50:27.256+0000] {processor.py:154} INFO - Started process (PID=2941) to work on /home/airflow/.local/lib/python3.7/site-packages/airflow/example_dags/example_local_kubernetes_executor.py
[2022-11-22T19:50:27.257+0000] {processor.py:756} INFO - Processing file /home/airflow/.local/lib/python3.7/site-packages/airflow/example_dags/example_local_kubernetes_executor.py for tasks to queue
[2022-11-22T19:50:27.258+0000] {logging_mixin.py:137} INFO - [2022-11-22T19:50:27.258+0000] {dagbag.py:537} INFO - Filling up the DagBag from /home/airflow/.local/lib/python3.7/site-packages/airflow/example_dags/example_local_kubernetes_executor.py
[2022-11-22T19:50:27.272+0000] {processor.py:766} INFO - DAG(s) dict_keys(['example_local_kubernetes_executor']) retrieved from /home/airflow/.local/lib/python3.7/site-packages/airflow/example_dags/example_local_kubernetes_executor.py
[2022-11-22T19:50:27.298+0000] {logging_mixin.py:137} INFO - [2022-11-22T19:50:27.298+0000] {dag.py:2585} INFO - Sync 1 DAGs
[2022-11-22T19:50:27.312+0000] {logging_mixin.py:137} INFO - [2022-11-22T19:50:27.312+0000] {dag.py:3340} INFO - Setting next_dagrun for example_local_kubernetes_executor to None, run_after=None
[2022-11-22T19:50:27.323+0000] {processor.py:176} INFO - Processing /home/airflow/.local/lib/python3.7/site-packages/airflow/example_dags/example_local_kubernetes_executor.py took 0.070 seconds
[2022-11-22T19:50:57.938+0000] {processor.py:154} INFO - Started process (PID=3004) to work on /home/airflow/.local/lib/python3.7/site-packages/airflow/example_dags/example_local_kubernetes_executor.py
[2022-11-22T19:50:57.940+0000] {processor.py:756} INFO - Processing file /home/airflow/.local/lib/python3.7/site-packages/airflow/example_dags/example_local_kubernetes_executor.py for tasks to queue
[2022-11-22T19:50:57.941+0000] {logging_mixin.py:137} INFO - [2022-11-22T19:50:57.941+0000] {dagbag.py:537} INFO - Filling up the DagBag from /home/airflow/.local/lib/python3.7/site-packages/airflow/example_dags/example_local_kubernetes_executor.py
[2022-11-22T19:50:57.955+0000] {processor.py:766} INFO - DAG(s) dict_keys(['example_local_kubernetes_executor']) retrieved from /home/airflow/.local/lib/python3.7/site-packages/airflow/example_dags/example_local_kubernetes_executor.py
[2022-11-22T19:50:57.981+0000] {logging_mixin.py:137} INFO - [2022-11-22T19:50:57.981+0000] {dag.py:2585} INFO - Sync 1 DAGs
[2022-11-22T19:50:57.996+0000] {logging_mixin.py:137} INFO - [2022-11-22T19:50:57.996+0000] {dag.py:3340} INFO - Setting next_dagrun for example_local_kubernetes_executor to None, run_after=None
[2022-11-22T19:50:58.006+0000] {processor.py:176} INFO - Processing /home/airflow/.local/lib/python3.7/site-packages/airflow/example_dags/example_local_kubernetes_executor.py took 0.071 seconds
[2022-11-22T19:51:28.858+0000] {processor.py:154} INFO - Started process (PID=3067) to work on /home/airflow/.local/lib/python3.7/site-packages/airflow/example_dags/example_local_kubernetes_executor.py
[2022-11-22T19:51:28.859+0000] {processor.py:756} INFO - Processing file /home/airflow/.local/lib/python3.7/site-packages/airflow/example_dags/example_local_kubernetes_executor.py for tasks to queue
[2022-11-22T19:51:28.861+0000] {logging_mixin.py:137} INFO - [2022-11-22T19:51:28.861+0000] {dagbag.py:537} INFO - Filling up the DagBag from /home/airflow/.local/lib/python3.7/site-packages/airflow/example_dags/example_local_kubernetes_executor.py
[2022-11-22T19:51:28.876+0000] {processor.py:766} INFO - DAG(s) dict_keys(['example_local_kubernetes_executor']) retrieved from /home/airflow/.local/lib/python3.7/site-packages/airflow/example_dags/example_local_kubernetes_executor.py
[2022-11-22T19:51:28.900+0000] {logging_mixin.py:137} INFO - [2022-11-22T19:51:28.900+0000] {dag.py:2585} INFO - Sync 1 DAGs
[2022-11-22T19:51:28.915+0000] {logging_mixin.py:137} INFO - [2022-11-22T19:51:28.915+0000] {dag.py:3340} INFO - Setting next_dagrun for example_local_kubernetes_executor to None, run_after=None
[2022-11-22T19:51:28.927+0000] {processor.py:176} INFO - Processing /home/airflow/.local/lib/python3.7/site-packages/airflow/example_dags/example_local_kubernetes_executor.py took 0.072 seconds
[2022-11-22T19:51:59.895+0000] {processor.py:154} INFO - Started process (PID=3130) to work on /home/airflow/.local/lib/python3.7/site-packages/airflow/example_dags/example_local_kubernetes_executor.py
[2022-11-22T19:51:59.897+0000] {processor.py:756} INFO - Processing file /home/airflow/.local/lib/python3.7/site-packages/airflow/example_dags/example_local_kubernetes_executor.py for tasks to queue
[2022-11-22T19:51:59.899+0000] {logging_mixin.py:137} INFO - [2022-11-22T19:51:59.899+0000] {dagbag.py:537} INFO - Filling up the DagBag from /home/airflow/.local/lib/python3.7/site-packages/airflow/example_dags/example_local_kubernetes_executor.py
[2022-11-22T19:51:59.914+0000] {processor.py:766} INFO - DAG(s) dict_keys(['example_local_kubernetes_executor']) retrieved from /home/airflow/.local/lib/python3.7/site-packages/airflow/example_dags/example_local_kubernetes_executor.py
[2022-11-22T19:51:59.938+0000] {logging_mixin.py:137} INFO - [2022-11-22T19:51:59.938+0000] {dag.py:2585} INFO - Sync 1 DAGs
[2022-11-22T19:51:59.957+0000] {logging_mixin.py:137} INFO - [2022-11-22T19:51:59.957+0000] {dag.py:3340} INFO - Setting next_dagrun for example_local_kubernetes_executor to None, run_after=None
[2022-11-22T19:51:59.973+0000] {processor.py:176} INFO - Processing /home/airflow/.local/lib/python3.7/site-packages/airflow/example_dags/example_local_kubernetes_executor.py took 0.082 seconds
[2022-11-22T19:52:30.006+0000] {processor.py:154} INFO - Started process (PID=3192) to work on /home/airflow/.local/lib/python3.7/site-packages/airflow/example_dags/example_local_kubernetes_executor.py
[2022-11-22T19:52:30.007+0000] {processor.py:756} INFO - Processing file /home/airflow/.local/lib/python3.7/site-packages/airflow/example_dags/example_local_kubernetes_executor.py for tasks to queue
[2022-11-22T19:52:30.009+0000] {logging_mixin.py:137} INFO - [2022-11-22T19:52:30.008+0000] {dagbag.py:537} INFO - Filling up the DagBag from /home/airflow/.local/lib/python3.7/site-packages/airflow/example_dags/example_local_kubernetes_executor.py
[2022-11-22T19:52:30.025+0000] {processor.py:766} INFO - DAG(s) dict_keys(['example_local_kubernetes_executor']) retrieved from /home/airflow/.local/lib/python3.7/site-packages/airflow/example_dags/example_local_kubernetes_executor.py
[2022-11-22T19:52:30.051+0000] {logging_mixin.py:137} INFO - [2022-11-22T19:52:30.051+0000] {dag.py:2585} INFO - Sync 1 DAGs
[2022-11-22T19:52:30.066+0000] {logging_mixin.py:137} INFO - [2022-11-22T19:52:30.065+0000] {dag.py:3340} INFO - Setting next_dagrun for example_local_kubernetes_executor to None, run_after=None
[2022-11-22T19:52:30.077+0000] {processor.py:176} INFO - Processing /home/airflow/.local/lib/python3.7/site-packages/airflow/example_dags/example_local_kubernetes_executor.py took 0.074 seconds
[2022-11-22T19:53:01.014+0000] {processor.py:154} INFO - Started process (PID=3245) to work on /home/airflow/.local/lib/python3.7/site-packages/airflow/example_dags/example_local_kubernetes_executor.py
[2022-11-22T19:53:01.015+0000] {processor.py:756} INFO - Processing file /home/airflow/.local/lib/python3.7/site-packages/airflow/example_dags/example_local_kubernetes_executor.py for tasks to queue
[2022-11-22T19:53:01.017+0000] {logging_mixin.py:137} INFO - [2022-11-22T19:53:01.017+0000] {dagbag.py:537} INFO - Filling up the DagBag from /home/airflow/.local/lib/python3.7/site-packages/airflow/example_dags/example_local_kubernetes_executor.py
[2022-11-22T19:53:01.032+0000] {processor.py:766} INFO - DAG(s) dict_keys(['example_local_kubernetes_executor']) retrieved from /home/airflow/.local/lib/python3.7/site-packages/airflow/example_dags/example_local_kubernetes_executor.py
[2022-11-22T19:53:01.057+0000] {logging_mixin.py:137} INFO - [2022-11-22T19:53:01.057+0000] {dag.py:2585} INFO - Sync 1 DAGs
[2022-11-22T19:53:01.071+0000] {logging_mixin.py:137} INFO - [2022-11-22T19:53:01.071+0000] {dag.py:3340} INFO - Setting next_dagrun for example_local_kubernetes_executor to None, run_after=None
[2022-11-22T19:53:01.082+0000] {processor.py:176} INFO - Processing /home/airflow/.local/lib/python3.7/site-packages/airflow/example_dags/example_local_kubernetes_executor.py took 0.071 seconds
[2022-11-22T19:53:32.006+0000] {processor.py:154} INFO - Started process (PID=3308) to work on /home/airflow/.local/lib/python3.7/site-packages/airflow/example_dags/example_local_kubernetes_executor.py
[2022-11-22T19:53:32.007+0000] {processor.py:756} INFO - Processing file /home/airflow/.local/lib/python3.7/site-packages/airflow/example_dags/example_local_kubernetes_executor.py for tasks to queue
[2022-11-22T19:53:32.009+0000] {logging_mixin.py:137} INFO - [2022-11-22T19:53:32.009+0000] {dagbag.py:537} INFO - Filling up the DagBag from /home/airflow/.local/lib/python3.7/site-packages/airflow/example_dags/example_local_kubernetes_executor.py
[2022-11-22T19:53:32.029+0000] {processor.py:766} INFO - DAG(s) dict_keys(['example_local_kubernetes_executor']) retrieved from /home/airflow/.local/lib/python3.7/site-packages/airflow/example_dags/example_local_kubernetes_executor.py
[2022-11-22T19:53:32.057+0000] {logging_mixin.py:137} INFO - [2022-11-22T19:53:32.057+0000] {dag.py:2585} INFO - Sync 1 DAGs
[2022-11-22T19:53:32.075+0000] {logging_mixin.py:137} INFO - [2022-11-22T19:53:32.075+0000] {dag.py:3340} INFO - Setting next_dagrun for example_local_kubernetes_executor to None, run_after=None
[2022-11-22T19:53:32.088+0000] {processor.py:176} INFO - Processing /home/airflow/.local/lib/python3.7/site-packages/airflow/example_dags/example_local_kubernetes_executor.py took 0.085 seconds
[2022-11-22T19:54:02.731+0000] {processor.py:154} INFO - Started process (PID=3371) to work on /home/airflow/.local/lib/python3.7/site-packages/airflow/example_dags/example_local_kubernetes_executor.py
[2022-11-22T19:54:02.735+0000] {processor.py:756} INFO - Processing file /home/airflow/.local/lib/python3.7/site-packages/airflow/example_dags/example_local_kubernetes_executor.py for tasks to queue
[2022-11-22T19:54:02.737+0000] {logging_mixin.py:137} INFO - [2022-11-22T19:54:02.737+0000] {dagbag.py:537} INFO - Filling up the DagBag from /home/airflow/.local/lib/python3.7/site-packages/airflow/example_dags/example_local_kubernetes_executor.py
[2022-11-22T19:54:02.764+0000] {processor.py:766} INFO - DAG(s) dict_keys(['example_local_kubernetes_executor']) retrieved from /home/airflow/.local/lib/python3.7/site-packages/airflow/example_dags/example_local_kubernetes_executor.py
[2022-11-22T19:54:02.827+0000] {logging_mixin.py:137} INFO - [2022-11-22T19:54:02.827+0000] {dag.py:2585} INFO - Sync 1 DAGs
[2022-11-22T19:54:02.854+0000] {logging_mixin.py:137} INFO - [2022-11-22T19:54:02.854+0000] {dag.py:3340} INFO - Setting next_dagrun for example_local_kubernetes_executor to None, run_after=None
[2022-11-22T19:54:02.865+0000] {processor.py:176} INFO - Processing /home/airflow/.local/lib/python3.7/site-packages/airflow/example_dags/example_local_kubernetes_executor.py took 0.139 seconds
[2022-11-22T19:54:33.445+0000] {processor.py:154} INFO - Started process (PID=3433) to work on /home/airflow/.local/lib/python3.7/site-packages/airflow/example_dags/example_local_kubernetes_executor.py
[2022-11-22T19:54:33.447+0000] {processor.py:756} INFO - Processing file /home/airflow/.local/lib/python3.7/site-packages/airflow/example_dags/example_local_kubernetes_executor.py for tasks to queue
[2022-11-22T19:54:33.449+0000] {logging_mixin.py:137} INFO - [2022-11-22T19:54:33.448+0000] {dagbag.py:537} INFO - Filling up the DagBag from /home/airflow/.local/lib/python3.7/site-packages/airflow/example_dags/example_local_kubernetes_executor.py
[2022-11-22T19:54:33.464+0000] {processor.py:766} INFO - DAG(s) dict_keys(['example_local_kubernetes_executor']) retrieved from /home/airflow/.local/lib/python3.7/site-packages/airflow/example_dags/example_local_kubernetes_executor.py
[2022-11-22T19:54:33.496+0000] {logging_mixin.py:137} INFO - [2022-11-22T19:54:33.496+0000] {dag.py:2585} INFO - Sync 1 DAGs
[2022-11-22T19:54:33.511+0000] {logging_mixin.py:137} INFO - [2022-11-22T19:54:33.511+0000] {dag.py:3340} INFO - Setting next_dagrun for example_local_kubernetes_executor to None, run_after=None
[2022-11-22T19:54:33.524+0000] {processor.py:176} INFO - Processing /home/airflow/.local/lib/python3.7/site-packages/airflow/example_dags/example_local_kubernetes_executor.py took 0.082 seconds
[2022-11-22T19:55:04.425+0000] {processor.py:154} INFO - Started process (PID=3487) to work on /home/airflow/.local/lib/python3.7/site-packages/airflow/example_dags/example_local_kubernetes_executor.py
[2022-11-22T19:55:04.427+0000] {processor.py:756} INFO - Processing file /home/airflow/.local/lib/python3.7/site-packages/airflow/example_dags/example_local_kubernetes_executor.py for tasks to queue
[2022-11-22T19:55:04.428+0000] {logging_mixin.py:137} INFO - [2022-11-22T19:55:04.428+0000] {dagbag.py:537} INFO - Filling up the DagBag from /home/airflow/.local/lib/python3.7/site-packages/airflow/example_dags/example_local_kubernetes_executor.py
[2022-11-22T19:55:04.442+0000] {processor.py:766} INFO - DAG(s) dict_keys(['example_local_kubernetes_executor']) retrieved from /home/airflow/.local/lib/python3.7/site-packages/airflow/example_dags/example_local_kubernetes_executor.py
[2022-11-22T19:55:04.468+0000] {logging_mixin.py:137} INFO - [2022-11-22T19:55:04.468+0000] {dag.py:2585} INFO - Sync 1 DAGs
[2022-11-22T19:55:04.483+0000] {logging_mixin.py:137} INFO - [2022-11-22T19:55:04.483+0000] {dag.py:3340} INFO - Setting next_dagrun for example_local_kubernetes_executor to None, run_after=None
[2022-11-22T19:55:04.495+0000] {processor.py:176} INFO - Processing /home/airflow/.local/lib/python3.7/site-packages/airflow/example_dags/example_local_kubernetes_executor.py took 0.071 seconds
[2022-11-22T19:55:34.775+0000] {processor.py:154} INFO - Started process (PID=3550) to work on /home/airflow/.local/lib/python3.7/site-packages/airflow/example_dags/example_local_kubernetes_executor.py
[2022-11-22T19:55:34.777+0000] {processor.py:756} INFO - Processing file /home/airflow/.local/lib/python3.7/site-packages/airflow/example_dags/example_local_kubernetes_executor.py for tasks to queue
[2022-11-22T19:55:34.779+0000] {logging_mixin.py:137} INFO - [2022-11-22T19:55:34.778+0000] {dagbag.py:537} INFO - Filling up the DagBag from /home/airflow/.local/lib/python3.7/site-packages/airflow/example_dags/example_local_kubernetes_executor.py
[2022-11-22T19:55:34.797+0000] {processor.py:766} INFO - DAG(s) dict_keys(['example_local_kubernetes_executor']) retrieved from /home/airflow/.local/lib/python3.7/site-packages/airflow/example_dags/example_local_kubernetes_executor.py
[2022-11-22T19:55:34.824+0000] {logging_mixin.py:137} INFO - [2022-11-22T19:55:34.824+0000] {dag.py:2585} INFO - Sync 1 DAGs
[2022-11-22T19:55:34.847+0000] {logging_mixin.py:137} INFO - [2022-11-22T19:55:34.847+0000] {dag.py:3340} INFO - Setting next_dagrun for example_local_kubernetes_executor to None, run_after=None
[2022-11-22T19:55:34.861+0000] {processor.py:176} INFO - Processing /home/airflow/.local/lib/python3.7/site-packages/airflow/example_dags/example_local_kubernetes_executor.py took 0.088 seconds
[2022-11-22T19:56:05.935+0000] {processor.py:154} INFO - Started process (PID=3614) to work on /home/airflow/.local/lib/python3.7/site-packages/airflow/example_dags/example_local_kubernetes_executor.py
[2022-11-22T19:56:05.938+0000] {processor.py:756} INFO - Processing file /home/airflow/.local/lib/python3.7/site-packages/airflow/example_dags/example_local_kubernetes_executor.py for tasks to queue
[2022-11-22T19:56:05.939+0000] {logging_mixin.py:137} INFO - [2022-11-22T19:56:05.939+0000] {dagbag.py:537} INFO - Filling up the DagBag from /home/airflow/.local/lib/python3.7/site-packages/airflow/example_dags/example_local_kubernetes_executor.py
[2022-11-22T19:56:05.991+0000] {processor.py:766} INFO - DAG(s) dict_keys(['example_local_kubernetes_executor']) retrieved from /home/airflow/.local/lib/python3.7/site-packages/airflow/example_dags/example_local_kubernetes_executor.py
[2022-11-22T19:56:06.052+0000] {logging_mixin.py:137} INFO - [2022-11-22T19:56:06.052+0000] {dag.py:2585} INFO - Sync 1 DAGs
[2022-11-22T19:56:06.083+0000] {logging_mixin.py:137} INFO - [2022-11-22T19:56:06.083+0000] {dag.py:3340} INFO - Setting next_dagrun for example_local_kubernetes_executor to None, run_after=None
[2022-11-22T19:56:06.099+0000] {processor.py:176} INFO - Processing /home/airflow/.local/lib/python3.7/site-packages/airflow/example_dags/example_local_kubernetes_executor.py took 0.172 seconds
[2022-11-22T19:56:36.574+0000] {processor.py:154} INFO - Started process (PID=3676) to work on /home/airflow/.local/lib/python3.7/site-packages/airflow/example_dags/example_local_kubernetes_executor.py
[2022-11-22T19:56:36.575+0000] {processor.py:756} INFO - Processing file /home/airflow/.local/lib/python3.7/site-packages/airflow/example_dags/example_local_kubernetes_executor.py for tasks to queue
[2022-11-22T19:56:36.576+0000] {logging_mixin.py:137} INFO - [2022-11-22T19:56:36.576+0000] {dagbag.py:537} INFO - Filling up the DagBag from /home/airflow/.local/lib/python3.7/site-packages/airflow/example_dags/example_local_kubernetes_executor.py
[2022-11-22T19:56:36.594+0000] {processor.py:766} INFO - DAG(s) dict_keys(['example_local_kubernetes_executor']) retrieved from /home/airflow/.local/lib/python3.7/site-packages/airflow/example_dags/example_local_kubernetes_executor.py
[2022-11-22T19:56:36.624+0000] {logging_mixin.py:137} INFO - [2022-11-22T19:56:36.624+0000] {dag.py:2585} INFO - Sync 1 DAGs
[2022-11-22T19:56:36.643+0000] {logging_mixin.py:137} INFO - [2022-11-22T19:56:36.643+0000] {dag.py:3340} INFO - Setting next_dagrun for example_local_kubernetes_executor to None, run_after=None
[2022-11-22T19:56:36.660+0000] {processor.py:176} INFO - Processing /home/airflow/.local/lib/python3.7/site-packages/airflow/example_dags/example_local_kubernetes_executor.py took 0.090 seconds
[2022-11-22T19:57:07.223+0000] {processor.py:154} INFO - Started process (PID=3730) to work on /home/airflow/.local/lib/python3.7/site-packages/airflow/example_dags/example_local_kubernetes_executor.py
[2022-11-22T19:57:07.225+0000] {processor.py:756} INFO - Processing file /home/airflow/.local/lib/python3.7/site-packages/airflow/example_dags/example_local_kubernetes_executor.py for tasks to queue
[2022-11-22T19:57:07.226+0000] {logging_mixin.py:137} INFO - [2022-11-22T19:57:07.226+0000] {dagbag.py:537} INFO - Filling up the DagBag from /home/airflow/.local/lib/python3.7/site-packages/airflow/example_dags/example_local_kubernetes_executor.py
[2022-11-22T19:57:07.242+0000] {processor.py:766} INFO - DAG(s) dict_keys(['example_local_kubernetes_executor']) retrieved from /home/airflow/.local/lib/python3.7/site-packages/airflow/example_dags/example_local_kubernetes_executor.py
[2022-11-22T19:57:07.270+0000] {logging_mixin.py:137} INFO - [2022-11-22T19:57:07.269+0000] {dag.py:2585} INFO - Sync 1 DAGs
[2022-11-22T19:57:07.287+0000] {logging_mixin.py:137} INFO - [2022-11-22T19:57:07.287+0000] {dag.py:3340} INFO - Setting next_dagrun for example_local_kubernetes_executor to None, run_after=None
[2022-11-22T19:57:07.301+0000] {processor.py:176} INFO - Processing /home/airflow/.local/lib/python3.7/site-packages/airflow/example_dags/example_local_kubernetes_executor.py took 0.080 seconds
[2022-11-22T20:30:53.975+0000] {processor.py:154} INFO - Started process (PID=3794) to work on /home/airflow/.local/lib/python3.7/site-packages/airflow/example_dags/example_local_kubernetes_executor.py
[2022-11-22T20:30:53.977+0000] {processor.py:756} INFO - Processing file /home/airflow/.local/lib/python3.7/site-packages/airflow/example_dags/example_local_kubernetes_executor.py for tasks to queue
[2022-11-22T20:30:53.978+0000] {logging_mixin.py:137} INFO - [2022-11-22T20:30:53.978+0000] {dagbag.py:537} INFO - Filling up the DagBag from /home/airflow/.local/lib/python3.7/site-packages/airflow/example_dags/example_local_kubernetes_executor.py
[2022-11-22T20:30:54.001+0000] {processor.py:766} INFO - DAG(s) dict_keys(['example_local_kubernetes_executor']) retrieved from /home/airflow/.local/lib/python3.7/site-packages/airflow/example_dags/example_local_kubernetes_executor.py
[2022-11-22T20:30:54.037+0000] {logging_mixin.py:137} INFO - [2022-11-22T20:30:54.037+0000] {dag.py:2585} INFO - Sync 1 DAGs
[2022-11-22T20:30:54.059+0000] {logging_mixin.py:137} INFO - [2022-11-22T20:30:54.058+0000] {dag.py:3340} INFO - Setting next_dagrun for example_local_kubernetes_executor to None, run_after=None
[2022-11-22T20:30:54.073+0000] {processor.py:176} INFO - Processing /home/airflow/.local/lib/python3.7/site-packages/airflow/example_dags/example_local_kubernetes_executor.py took 0.101 seconds
[2022-11-22T21:34:49.258+0000] {processor.py:154} INFO - Started process (PID=3848) to work on /home/airflow/.local/lib/python3.7/site-packages/airflow/example_dags/example_local_kubernetes_executor.py
[2022-11-22T21:34:49.260+0000] {processor.py:756} INFO - Processing file /home/airflow/.local/lib/python3.7/site-packages/airflow/example_dags/example_local_kubernetes_executor.py for tasks to queue
[2022-11-22T21:34:49.261+0000] {logging_mixin.py:137} INFO - [2022-11-22T21:34:49.261+0000] {dagbag.py:537} INFO - Filling up the DagBag from /home/airflow/.local/lib/python3.7/site-packages/airflow/example_dags/example_local_kubernetes_executor.py
[2022-11-22T21:34:49.277+0000] {processor.py:766} INFO - DAG(s) dict_keys(['example_local_kubernetes_executor']) retrieved from /home/airflow/.local/lib/python3.7/site-packages/airflow/example_dags/example_local_kubernetes_executor.py
[2022-11-22T21:34:49.306+0000] {logging_mixin.py:137} INFO - [2022-11-22T21:34:49.306+0000] {dag.py:2585} INFO - Sync 1 DAGs
[2022-11-22T21:34:49.333+0000] {logging_mixin.py:137} INFO - [2022-11-22T21:34:49.333+0000] {dag.py:3340} INFO - Setting next_dagrun for example_local_kubernetes_executor to None, run_after=None
[2022-11-22T21:34:49.356+0000] {processor.py:176} INFO - Processing /home/airflow/.local/lib/python3.7/site-packages/airflow/example_dags/example_local_kubernetes_executor.py took 0.100 seconds
[2022-11-22T22:39:31.444+0000] {processor.py:154} INFO - Started process (PID=3912) to work on /home/airflow/.local/lib/python3.7/site-packages/airflow/example_dags/example_local_kubernetes_executor.py
[2022-11-22T22:39:31.449+0000] {processor.py:756} INFO - Processing file /home/airflow/.local/lib/python3.7/site-packages/airflow/example_dags/example_local_kubernetes_executor.py for tasks to queue
[2022-11-22T22:39:31.452+0000] {logging_mixin.py:137} INFO - [2022-11-22T22:39:31.452+0000] {dagbag.py:537} INFO - Filling up the DagBag from /home/airflow/.local/lib/python3.7/site-packages/airflow/example_dags/example_local_kubernetes_executor.py
[2022-11-22T22:39:31.471+0000] {processor.py:766} INFO - DAG(s) dict_keys(['example_local_kubernetes_executor']) retrieved from /home/airflow/.local/lib/python3.7/site-packages/airflow/example_dags/example_local_kubernetes_executor.py
[2022-11-22T22:39:31.506+0000] {logging_mixin.py:137} INFO - [2022-11-22T22:39:31.505+0000] {dag.py:2585} INFO - Sync 1 DAGs
[2022-11-22T22:39:31.525+0000] {logging_mixin.py:137} INFO - [2022-11-22T22:39:31.524+0000] {dag.py:3340} INFO - Setting next_dagrun for example_local_kubernetes_executor to None, run_after=None
[2022-11-22T22:39:31.538+0000] {processor.py:176} INFO - Processing /home/airflow/.local/lib/python3.7/site-packages/airflow/example_dags/example_local_kubernetes_executor.py took 0.098 seconds
[2022-11-22T23:47:26.892+0000] {processor.py:154} INFO - Started process (PID=3975) to work on /home/airflow/.local/lib/python3.7/site-packages/airflow/example_dags/example_local_kubernetes_executor.py
[2022-11-22T23:47:26.896+0000] {processor.py:756} INFO - Processing file /home/airflow/.local/lib/python3.7/site-packages/airflow/example_dags/example_local_kubernetes_executor.py for tasks to queue
[2022-11-22T23:47:26.899+0000] {logging_mixin.py:137} INFO - [2022-11-22T23:47:26.899+0000] {dagbag.py:537} INFO - Filling up the DagBag from /home/airflow/.local/lib/python3.7/site-packages/airflow/example_dags/example_local_kubernetes_executor.py
[2022-11-22T23:47:26.928+0000] {processor.py:766} INFO - DAG(s) dict_keys(['example_local_kubernetes_executor']) retrieved from /home/airflow/.local/lib/python3.7/site-packages/airflow/example_dags/example_local_kubernetes_executor.py
[2022-11-22T23:47:26.975+0000] {logging_mixin.py:137} INFO - [2022-11-22T23:47:26.975+0000] {dag.py:2585} INFO - Sync 1 DAGs
[2022-11-22T23:47:27.010+0000] {logging_mixin.py:137} INFO - [2022-11-22T23:47:27.010+0000] {dag.py:3340} INFO - Setting next_dagrun for example_local_kubernetes_executor to None, run_after=None
[2022-11-22T23:47:27.045+0000] {processor.py:176} INFO - Processing /home/airflow/.local/lib/python3.7/site-packages/airflow/example_dags/example_local_kubernetes_executor.py took 0.159 seconds
