[2022-11-22T19:26:25.088+0000] {processor.py:154} INFO - Started process (PID=63) to work on /home/airflow/.local/lib/python3.7/site-packages/airflow/example_dags/example_branch_operator.py
[2022-11-22T19:26:25.096+0000] {processor.py:756} INFO - Processing file /home/airflow/.local/lib/python3.7/site-packages/airflow/example_dags/example_branch_operator.py for tasks to queue
[2022-11-22T19:26:25.105+0000] {logging_mixin.py:137} INFO - [2022-11-22T19:26:25.104+0000] {dagbag.py:537} INFO - Filling up the DagBag from /home/airflow/.local/lib/python3.7/site-packages/airflow/example_dags/example_branch_operator.py
[2022-11-22T19:26:25.164+0000] {processor.py:766} INFO - DAG(s) dict_keys(['example_branch_operator']) retrieved from /home/airflow/.local/lib/python3.7/site-packages/airflow/example_dags/example_branch_operator.py
[2022-11-22T19:26:25.379+0000] {logging_mixin.py:137} INFO - [2022-11-22T19:26:25.379+0000] {manager.py:507} INFO - Created Permission View: can delete on DAG:example_branch_operator
[2022-11-22T19:26:25.388+0000] {logging_mixin.py:137} INFO - [2022-11-22T19:26:25.388+0000] {manager.py:507} INFO - Created Permission View: can read on DAG:example_branch_operator
[2022-11-22T19:26:25.400+0000] {logging_mixin.py:137} INFO - [2022-11-22T19:26:25.400+0000] {manager.py:507} INFO - Created Permission View: can edit on DAG:example_branch_operator
[2022-11-22T19:26:25.402+0000] {logging_mixin.py:137} INFO - [2022-11-22T19:26:25.401+0000] {dag.py:2585} INFO - Sync 1 DAGs
[2022-11-22T19:26:25.418+0000] {logging_mixin.py:137} INFO - [2022-11-22T19:26:25.417+0000] {dag.py:2606} INFO - Creating ORM DAG for example_branch_operator
[2022-11-22T19:26:25.432+0000] {logging_mixin.py:137} INFO - [2022-11-22T19:26:25.432+0000] {dag.py:3340} INFO - Setting next_dagrun for example_branch_operator to 2022-11-21T00:00:00+00:00, run_after=2022-11-22T00:00:00+00:00
[2022-11-22T19:26:25.457+0000] {processor.py:176} INFO - Processing /home/airflow/.local/lib/python3.7/site-packages/airflow/example_dags/example_branch_operator.py took 0.378 seconds
[2022-11-22T19:26:56.216+0000] {processor.py:154} INFO - Started process (PID=126) to work on /home/airflow/.local/lib/python3.7/site-packages/airflow/example_dags/example_branch_operator.py
[2022-11-22T19:26:56.218+0000] {processor.py:756} INFO - Processing file /home/airflow/.local/lib/python3.7/site-packages/airflow/example_dags/example_branch_operator.py for tasks to queue
[2022-11-22T19:26:56.219+0000] {logging_mixin.py:137} INFO - [2022-11-22T19:26:56.219+0000] {dagbag.py:537} INFO - Filling up the DagBag from /home/airflow/.local/lib/python3.7/site-packages/airflow/example_dags/example_branch_operator.py
[2022-11-22T19:26:56.237+0000] {processor.py:766} INFO - DAG(s) dict_keys(['example_branch_operator']) retrieved from /home/airflow/.local/lib/python3.7/site-packages/airflow/example_dags/example_branch_operator.py
[2022-11-22T19:26:56.265+0000] {logging_mixin.py:137} INFO - [2022-11-22T19:26:56.265+0000] {dag.py:2585} INFO - Sync 1 DAGs
[2022-11-22T19:26:56.285+0000] {logging_mixin.py:137} INFO - [2022-11-22T19:26:56.285+0000] {dag.py:3340} INFO - Setting next_dagrun for example_branch_operator to 2022-11-21T00:00:00+00:00, run_after=2022-11-22T00:00:00+00:00
[2022-11-22T19:26:56.307+0000] {processor.py:176} INFO - Processing /home/airflow/.local/lib/python3.7/site-packages/airflow/example_dags/example_branch_operator.py took 0.096 seconds
[2022-11-22T19:27:26.399+0000] {processor.py:154} INFO - Started process (PID=191) to work on /home/airflow/.local/lib/python3.7/site-packages/airflow/example_dags/example_branch_operator.py
[2022-11-22T19:27:26.402+0000] {processor.py:756} INFO - Processing file /home/airflow/.local/lib/python3.7/site-packages/airflow/example_dags/example_branch_operator.py for tasks to queue
[2022-11-22T19:27:26.404+0000] {logging_mixin.py:137} INFO - [2022-11-22T19:27:26.403+0000] {dagbag.py:537} INFO - Filling up the DagBag from /home/airflow/.local/lib/python3.7/site-packages/airflow/example_dags/example_branch_operator.py
[2022-11-22T19:27:26.418+0000] {processor.py:766} INFO - DAG(s) dict_keys(['example_branch_operator']) retrieved from /home/airflow/.local/lib/python3.7/site-packages/airflow/example_dags/example_branch_operator.py
[2022-11-22T19:27:26.451+0000] {logging_mixin.py:137} INFO - [2022-11-22T19:27:26.451+0000] {dag.py:2585} INFO - Sync 1 DAGs
[2022-11-22T19:27:26.472+0000] {logging_mixin.py:137} INFO - [2022-11-22T19:27:26.472+0000] {dag.py:3340} INFO - Setting next_dagrun for example_branch_operator to 2022-11-21T00:00:00+00:00, run_after=2022-11-22T00:00:00+00:00
[2022-11-22T19:27:26.491+0000] {processor.py:176} INFO - Processing /home/airflow/.local/lib/python3.7/site-packages/airflow/example_dags/example_branch_operator.py took 0.099 seconds
[2022-11-22T19:27:56.816+0000] {processor.py:154} INFO - Started process (PID=245) to work on /home/airflow/.local/lib/python3.7/site-packages/airflow/example_dags/example_branch_operator.py
[2022-11-22T19:27:56.818+0000] {processor.py:756} INFO - Processing file /home/airflow/.local/lib/python3.7/site-packages/airflow/example_dags/example_branch_operator.py for tasks to queue
[2022-11-22T19:27:56.820+0000] {logging_mixin.py:137} INFO - [2022-11-22T19:27:56.820+0000] {dagbag.py:537} INFO - Filling up the DagBag from /home/airflow/.local/lib/python3.7/site-packages/airflow/example_dags/example_branch_operator.py
[2022-11-22T19:27:56.843+0000] {processor.py:766} INFO - DAG(s) dict_keys(['example_branch_operator']) retrieved from /home/airflow/.local/lib/python3.7/site-packages/airflow/example_dags/example_branch_operator.py
[2022-11-22T19:27:56.898+0000] {logging_mixin.py:137} INFO - [2022-11-22T19:27:56.897+0000] {dag.py:2585} INFO - Sync 1 DAGs
[2022-11-22T19:27:56.948+0000] {logging_mixin.py:137} INFO - [2022-11-22T19:27:56.948+0000] {dag.py:3340} INFO - Setting next_dagrun for example_branch_operator to 2022-11-21T00:00:00+00:00, run_after=2022-11-22T00:00:00+00:00
[2022-11-22T19:27:56.979+0000] {processor.py:176} INFO - Processing /home/airflow/.local/lib/python3.7/site-packages/airflow/example_dags/example_branch_operator.py took 0.167 seconds
[2022-11-22T19:28:27.324+0000] {processor.py:154} INFO - Started process (PID=307) to work on /home/airflow/.local/lib/python3.7/site-packages/airflow/example_dags/example_branch_operator.py
[2022-11-22T19:28:27.325+0000] {processor.py:756} INFO - Processing file /home/airflow/.local/lib/python3.7/site-packages/airflow/example_dags/example_branch_operator.py for tasks to queue
[2022-11-22T19:28:27.327+0000] {logging_mixin.py:137} INFO - [2022-11-22T19:28:27.326+0000] {dagbag.py:537} INFO - Filling up the DagBag from /home/airflow/.local/lib/python3.7/site-packages/airflow/example_dags/example_branch_operator.py
[2022-11-22T19:28:27.341+0000] {processor.py:766} INFO - DAG(s) dict_keys(['example_branch_operator']) retrieved from /home/airflow/.local/lib/python3.7/site-packages/airflow/example_dags/example_branch_operator.py
[2022-11-22T19:28:27.373+0000] {logging_mixin.py:137} INFO - [2022-11-22T19:28:27.373+0000] {dag.py:2585} INFO - Sync 1 DAGs
[2022-11-22T19:28:27.389+0000] {logging_mixin.py:137} INFO - [2022-11-22T19:28:27.389+0000] {dag.py:3340} INFO - Setting next_dagrun for example_branch_operator to 2022-11-21T00:00:00+00:00, run_after=2022-11-22T00:00:00+00:00
[2022-11-22T19:28:27.400+0000] {processor.py:176} INFO - Processing /home/airflow/.local/lib/python3.7/site-packages/airflow/example_dags/example_branch_operator.py took 0.079 seconds
[2022-11-22T19:28:57.557+0000] {processor.py:154} INFO - Started process (PID=370) to work on /home/airflow/.local/lib/python3.7/site-packages/airflow/example_dags/example_branch_operator.py
[2022-11-22T19:28:57.562+0000] {processor.py:756} INFO - Processing file /home/airflow/.local/lib/python3.7/site-packages/airflow/example_dags/example_branch_operator.py for tasks to queue
[2022-11-22T19:28:57.564+0000] {logging_mixin.py:137} INFO - [2022-11-22T19:28:57.564+0000] {dagbag.py:537} INFO - Filling up the DagBag from /home/airflow/.local/lib/python3.7/site-packages/airflow/example_dags/example_branch_operator.py
[2022-11-22T19:28:57.580+0000] {processor.py:766} INFO - DAG(s) dict_keys(['example_branch_operator']) retrieved from /home/airflow/.local/lib/python3.7/site-packages/airflow/example_dags/example_branch_operator.py
[2022-11-22T19:28:57.614+0000] {logging_mixin.py:137} INFO - [2022-11-22T19:28:57.614+0000] {dag.py:2585} INFO - Sync 1 DAGs
[2022-11-22T19:28:57.635+0000] {logging_mixin.py:137} INFO - [2022-11-22T19:28:57.635+0000] {dag.py:3340} INFO - Setting next_dagrun for example_branch_operator to 2022-11-21T00:00:00+00:00, run_after=2022-11-22T00:00:00+00:00
[2022-11-22T19:28:57.650+0000] {processor.py:176} INFO - Processing /home/airflow/.local/lib/python3.7/site-packages/airflow/example_dags/example_branch_operator.py took 0.098 seconds
[2022-11-22T19:29:28.936+0000] {processor.py:154} INFO - Started process (PID=433) to work on /home/airflow/.local/lib/python3.7/site-packages/airflow/example_dags/example_branch_operator.py
[2022-11-22T19:29:28.939+0000] {processor.py:756} INFO - Processing file /home/airflow/.local/lib/python3.7/site-packages/airflow/example_dags/example_branch_operator.py for tasks to queue
[2022-11-22T19:29:28.940+0000] {logging_mixin.py:137} INFO - [2022-11-22T19:29:28.940+0000] {dagbag.py:537} INFO - Filling up the DagBag from /home/airflow/.local/lib/python3.7/site-packages/airflow/example_dags/example_branch_operator.py
[2022-11-22T19:29:28.970+0000] {processor.py:766} INFO - DAG(s) dict_keys(['example_branch_operator']) retrieved from /home/airflow/.local/lib/python3.7/site-packages/airflow/example_dags/example_branch_operator.py
[2022-11-22T19:29:29.012+0000] {logging_mixin.py:137} INFO - [2022-11-22T19:29:29.011+0000] {dag.py:2585} INFO - Sync 1 DAGs
[2022-11-22T19:29:29.035+0000] {logging_mixin.py:137} INFO - [2022-11-22T19:29:29.035+0000] {dag.py:3340} INFO - Setting next_dagrun for example_branch_operator to 2022-11-21T00:00:00+00:00, run_after=2022-11-22T00:00:00+00:00
[2022-11-22T19:29:29.050+0000] {processor.py:176} INFO - Processing /home/airflow/.local/lib/python3.7/site-packages/airflow/example_dags/example_branch_operator.py took 0.116 seconds
[2022-11-22T19:29:59.702+0000] {processor.py:154} INFO - Started process (PID=487) to work on /home/airflow/.local/lib/python3.7/site-packages/airflow/example_dags/example_branch_operator.py
[2022-11-22T19:29:59.704+0000] {processor.py:756} INFO - Processing file /home/airflow/.local/lib/python3.7/site-packages/airflow/example_dags/example_branch_operator.py for tasks to queue
[2022-11-22T19:29:59.705+0000] {logging_mixin.py:137} INFO - [2022-11-22T19:29:59.705+0000] {dagbag.py:537} INFO - Filling up the DagBag from /home/airflow/.local/lib/python3.7/site-packages/airflow/example_dags/example_branch_operator.py
[2022-11-22T19:29:59.753+0000] {processor.py:766} INFO - DAG(s) dict_keys(['example_branch_operator']) retrieved from /home/airflow/.local/lib/python3.7/site-packages/airflow/example_dags/example_branch_operator.py
[2022-11-22T19:29:59.824+0000] {logging_mixin.py:137} INFO - [2022-11-22T19:29:59.824+0000] {dag.py:2585} INFO - Sync 1 DAGs
[2022-11-22T19:29:59.857+0000] {logging_mixin.py:137} INFO - [2022-11-22T19:29:59.857+0000] {dag.py:3340} INFO - Setting next_dagrun for example_branch_operator to 2022-11-21T00:00:00+00:00, run_after=2022-11-22T00:00:00+00:00
[2022-11-22T19:29:59.890+0000] {processor.py:176} INFO - Processing /home/airflow/.local/lib/python3.7/site-packages/airflow/example_dags/example_branch_operator.py took 0.192 seconds
[2022-11-22T19:30:30.380+0000] {processor.py:154} INFO - Started process (PID=551) to work on /home/airflow/.local/lib/python3.7/site-packages/airflow/example_dags/example_branch_operator.py
[2022-11-22T19:30:30.382+0000] {processor.py:756} INFO - Processing file /home/airflow/.local/lib/python3.7/site-packages/airflow/example_dags/example_branch_operator.py for tasks to queue
[2022-11-22T19:30:30.384+0000] {logging_mixin.py:137} INFO - [2022-11-22T19:30:30.383+0000] {dagbag.py:537} INFO - Filling up the DagBag from /home/airflow/.local/lib/python3.7/site-packages/airflow/example_dags/example_branch_operator.py
[2022-11-22T19:30:30.412+0000] {processor.py:766} INFO - DAG(s) dict_keys(['example_branch_operator']) retrieved from /home/airflow/.local/lib/python3.7/site-packages/airflow/example_dags/example_branch_operator.py
[2022-11-22T19:30:30.492+0000] {logging_mixin.py:137} INFO - [2022-11-22T19:30:30.492+0000] {dag.py:2585} INFO - Sync 1 DAGs
[2022-11-22T19:30:30.515+0000] {logging_mixin.py:137} INFO - [2022-11-22T19:30:30.515+0000] {dag.py:3340} INFO - Setting next_dagrun for example_branch_operator to 2022-11-21T00:00:00+00:00, run_after=2022-11-22T00:00:00+00:00
[2022-11-22T19:30:30.528+0000] {processor.py:176} INFO - Processing /home/airflow/.local/lib/python3.7/site-packages/airflow/example_dags/example_branch_operator.py took 0.154 seconds
[2022-11-22T19:31:01.283+0000] {processor.py:154} INFO - Started process (PID=614) to work on /home/airflow/.local/lib/python3.7/site-packages/airflow/example_dags/example_branch_operator.py
[2022-11-22T19:31:01.284+0000] {processor.py:756} INFO - Processing file /home/airflow/.local/lib/python3.7/site-packages/airflow/example_dags/example_branch_operator.py for tasks to queue
[2022-11-22T19:31:01.285+0000] {logging_mixin.py:137} INFO - [2022-11-22T19:31:01.285+0000] {dagbag.py:537} INFO - Filling up the DagBag from /home/airflow/.local/lib/python3.7/site-packages/airflow/example_dags/example_branch_operator.py
[2022-11-22T19:31:01.301+0000] {processor.py:766} INFO - DAG(s) dict_keys(['example_branch_operator']) retrieved from /home/airflow/.local/lib/python3.7/site-packages/airflow/example_dags/example_branch_operator.py
[2022-11-22T19:31:01.336+0000] {logging_mixin.py:137} INFO - [2022-11-22T19:31:01.336+0000] {dag.py:2585} INFO - Sync 1 DAGs
[2022-11-22T19:31:01.360+0000] {logging_mixin.py:137} INFO - [2022-11-22T19:31:01.360+0000] {dag.py:3340} INFO - Setting next_dagrun for example_branch_operator to 2022-11-21T00:00:00+00:00, run_after=2022-11-22T00:00:00+00:00
[2022-11-22T19:31:01.375+0000] {processor.py:176} INFO - Processing /home/airflow/.local/lib/python3.7/site-packages/airflow/example_dags/example_branch_operator.py took 0.097 seconds
[2022-11-22T19:31:32.167+0000] {processor.py:154} INFO - Started process (PID=678) to work on /home/airflow/.local/lib/python3.7/site-packages/airflow/example_dags/example_branch_operator.py
[2022-11-22T19:31:32.169+0000] {processor.py:756} INFO - Processing file /home/airflow/.local/lib/python3.7/site-packages/airflow/example_dags/example_branch_operator.py for tasks to queue
[2022-11-22T19:31:32.174+0000] {logging_mixin.py:137} INFO - [2022-11-22T19:31:32.174+0000] {dagbag.py:537} INFO - Filling up the DagBag from /home/airflow/.local/lib/python3.7/site-packages/airflow/example_dags/example_branch_operator.py
[2022-11-22T19:31:32.189+0000] {processor.py:766} INFO - DAG(s) dict_keys(['example_branch_operator']) retrieved from /home/airflow/.local/lib/python3.7/site-packages/airflow/example_dags/example_branch_operator.py
[2022-11-22T19:31:32.230+0000] {logging_mixin.py:137} INFO - [2022-11-22T19:31:32.229+0000] {dag.py:2585} INFO - Sync 1 DAGs
[2022-11-22T19:31:32.249+0000] {logging_mixin.py:137} INFO - [2022-11-22T19:31:32.249+0000] {dag.py:3340} INFO - Setting next_dagrun for example_branch_operator to 2022-11-21T00:00:00+00:00, run_after=2022-11-22T00:00:00+00:00
[2022-11-22T19:31:32.263+0000] {processor.py:176} INFO - Processing /home/airflow/.local/lib/python3.7/site-packages/airflow/example_dags/example_branch_operator.py took 0.099 seconds
[2022-11-22T19:32:02.757+0000] {processor.py:154} INFO - Started process (PID=741) to work on /home/airflow/.local/lib/python3.7/site-packages/airflow/example_dags/example_branch_operator.py
[2022-11-22T19:32:02.760+0000] {processor.py:756} INFO - Processing file /home/airflow/.local/lib/python3.7/site-packages/airflow/example_dags/example_branch_operator.py for tasks to queue
[2022-11-22T19:32:02.762+0000] {logging_mixin.py:137} INFO - [2022-11-22T19:32:02.762+0000] {dagbag.py:537} INFO - Filling up the DagBag from /home/airflow/.local/lib/python3.7/site-packages/airflow/example_dags/example_branch_operator.py
[2022-11-22T19:32:02.777+0000] {processor.py:766} INFO - DAG(s) dict_keys(['example_branch_operator']) retrieved from /home/airflow/.local/lib/python3.7/site-packages/airflow/example_dags/example_branch_operator.py
[2022-11-22T19:32:02.806+0000] {logging_mixin.py:137} INFO - [2022-11-22T19:32:02.806+0000] {dag.py:2585} INFO - Sync 1 DAGs
[2022-11-22T19:32:02.823+0000] {logging_mixin.py:137} INFO - [2022-11-22T19:32:02.823+0000] {dag.py:3340} INFO - Setting next_dagrun for example_branch_operator to 2022-11-21T00:00:00+00:00, run_after=2022-11-22T00:00:00+00:00
[2022-11-22T19:32:02.835+0000] {processor.py:176} INFO - Processing /home/airflow/.local/lib/python3.7/site-packages/airflow/example_dags/example_branch_operator.py took 0.081 seconds
[2022-11-22T19:32:33.349+0000] {processor.py:154} INFO - Started process (PID=795) to work on /home/airflow/.local/lib/python3.7/site-packages/airflow/example_dags/example_branch_operator.py
[2022-11-22T19:32:33.351+0000] {processor.py:756} INFO - Processing file /home/airflow/.local/lib/python3.7/site-packages/airflow/example_dags/example_branch_operator.py for tasks to queue
[2022-11-22T19:32:33.353+0000] {logging_mixin.py:137} INFO - [2022-11-22T19:32:33.353+0000] {dagbag.py:537} INFO - Filling up the DagBag from /home/airflow/.local/lib/python3.7/site-packages/airflow/example_dags/example_branch_operator.py
[2022-11-22T19:32:33.371+0000] {processor.py:766} INFO - DAG(s) dict_keys(['example_branch_operator']) retrieved from /home/airflow/.local/lib/python3.7/site-packages/airflow/example_dags/example_branch_operator.py
[2022-11-22T19:32:33.406+0000] {logging_mixin.py:137} INFO - [2022-11-22T19:32:33.406+0000] {dag.py:2585} INFO - Sync 1 DAGs
[2022-11-22T19:32:33.423+0000] {logging_mixin.py:137} INFO - [2022-11-22T19:32:33.423+0000] {dag.py:3340} INFO - Setting next_dagrun for example_branch_operator to 2022-11-21T00:00:00+00:00, run_after=2022-11-22T00:00:00+00:00
[2022-11-22T19:32:33.435+0000] {processor.py:176} INFO - Processing /home/airflow/.local/lib/python3.7/site-packages/airflow/example_dags/example_branch_operator.py took 0.092 seconds
[2022-11-22T19:33:04.248+0000] {processor.py:154} INFO - Started process (PID=858) to work on /home/airflow/.local/lib/python3.7/site-packages/airflow/example_dags/example_branch_operator.py
[2022-11-22T19:33:04.250+0000] {processor.py:756} INFO - Processing file /home/airflow/.local/lib/python3.7/site-packages/airflow/example_dags/example_branch_operator.py for tasks to queue
[2022-11-22T19:33:04.252+0000] {logging_mixin.py:137} INFO - [2022-11-22T19:33:04.252+0000] {dagbag.py:537} INFO - Filling up the DagBag from /home/airflow/.local/lib/python3.7/site-packages/airflow/example_dags/example_branch_operator.py
[2022-11-22T19:33:04.276+0000] {processor.py:766} INFO - DAG(s) dict_keys(['example_branch_operator']) retrieved from /home/airflow/.local/lib/python3.7/site-packages/airflow/example_dags/example_branch_operator.py
[2022-11-22T19:33:04.326+0000] {logging_mixin.py:137} INFO - [2022-11-22T19:33:04.325+0000] {dag.py:2585} INFO - Sync 1 DAGs
[2022-11-22T19:33:04.346+0000] {logging_mixin.py:137} INFO - [2022-11-22T19:33:04.346+0000] {dag.py:3340} INFO - Setting next_dagrun for example_branch_operator to 2022-11-21T00:00:00+00:00, run_after=2022-11-22T00:00:00+00:00
[2022-11-22T19:33:04.360+0000] {processor.py:176} INFO - Processing /home/airflow/.local/lib/python3.7/site-packages/airflow/example_dags/example_branch_operator.py took 0.115 seconds
[2022-11-22T19:33:34.686+0000] {processor.py:154} INFO - Started process (PID=921) to work on /home/airflow/.local/lib/python3.7/site-packages/airflow/example_dags/example_branch_operator.py
[2022-11-22T19:33:34.687+0000] {processor.py:756} INFO - Processing file /home/airflow/.local/lib/python3.7/site-packages/airflow/example_dags/example_branch_operator.py for tasks to queue
[2022-11-22T19:33:34.688+0000] {logging_mixin.py:137} INFO - [2022-11-22T19:33:34.688+0000] {dagbag.py:537} INFO - Filling up the DagBag from /home/airflow/.local/lib/python3.7/site-packages/airflow/example_dags/example_branch_operator.py
[2022-11-22T19:33:34.700+0000] {processor.py:766} INFO - DAG(s) dict_keys(['example_branch_operator']) retrieved from /home/airflow/.local/lib/python3.7/site-packages/airflow/example_dags/example_branch_operator.py
[2022-11-22T19:33:34.729+0000] {logging_mixin.py:137} INFO - [2022-11-22T19:33:34.729+0000] {dag.py:2585} INFO - Sync 1 DAGs
[2022-11-22T19:33:34.747+0000] {logging_mixin.py:137} INFO - [2022-11-22T19:33:34.747+0000] {dag.py:3340} INFO - Setting next_dagrun for example_branch_operator to 2022-11-21T00:00:00+00:00, run_after=2022-11-22T00:00:00+00:00
[2022-11-22T19:33:34.759+0000] {processor.py:176} INFO - Processing /home/airflow/.local/lib/python3.7/site-packages/airflow/example_dags/example_branch_operator.py took 0.075 seconds
[2022-11-22T19:34:05.784+0000] {processor.py:154} INFO - Started process (PID=984) to work on /home/airflow/.local/lib/python3.7/site-packages/airflow/example_dags/example_branch_operator.py
[2022-11-22T19:34:05.786+0000] {processor.py:756} INFO - Processing file /home/airflow/.local/lib/python3.7/site-packages/airflow/example_dags/example_branch_operator.py for tasks to queue
[2022-11-22T19:34:05.789+0000] {logging_mixin.py:137} INFO - [2022-11-22T19:34:05.788+0000] {dagbag.py:537} INFO - Filling up the DagBag from /home/airflow/.local/lib/python3.7/site-packages/airflow/example_dags/example_branch_operator.py
[2022-11-22T19:34:05.814+0000] {processor.py:766} INFO - DAG(s) dict_keys(['example_branch_operator']) retrieved from /home/airflow/.local/lib/python3.7/site-packages/airflow/example_dags/example_branch_operator.py
[2022-11-22T19:34:05.860+0000] {logging_mixin.py:137} INFO - [2022-11-22T19:34:05.859+0000] {dag.py:2585} INFO - Sync 1 DAGs
[2022-11-22T19:34:05.877+0000] {logging_mixin.py:137} INFO - [2022-11-22T19:34:05.877+0000] {dag.py:3340} INFO - Setting next_dagrun for example_branch_operator to 2022-11-21T00:00:00+00:00, run_after=2022-11-22T00:00:00+00:00
[2022-11-22T19:34:05.892+0000] {processor.py:176} INFO - Processing /home/airflow/.local/lib/python3.7/site-packages/airflow/example_dags/example_branch_operator.py took 0.112 seconds
[2022-11-22T19:34:36.942+0000] {processor.py:154} INFO - Started process (PID=1049) to work on /home/airflow/.local/lib/python3.7/site-packages/airflow/example_dags/example_branch_operator.py
[2022-11-22T19:34:36.949+0000] {processor.py:756} INFO - Processing file /home/airflow/.local/lib/python3.7/site-packages/airflow/example_dags/example_branch_operator.py for tasks to queue
[2022-11-22T19:34:36.951+0000] {logging_mixin.py:137} INFO - [2022-11-22T19:34:36.951+0000] {dagbag.py:537} INFO - Filling up the DagBag from /home/airflow/.local/lib/python3.7/site-packages/airflow/example_dags/example_branch_operator.py
[2022-11-22T19:34:36.973+0000] {processor.py:766} INFO - DAG(s) dict_keys(['example_branch_operator']) retrieved from /home/airflow/.local/lib/python3.7/site-packages/airflow/example_dags/example_branch_operator.py
[2022-11-22T19:34:37.019+0000] {logging_mixin.py:137} INFO - [2022-11-22T19:34:37.018+0000] {dag.py:2585} INFO - Sync 1 DAGs
[2022-11-22T19:34:37.038+0000] {logging_mixin.py:137} INFO - [2022-11-22T19:34:37.038+0000] {dag.py:3340} INFO - Setting next_dagrun for example_branch_operator to 2022-11-21T00:00:00+00:00, run_after=2022-11-22T00:00:00+00:00
[2022-11-22T19:34:37.050+0000] {processor.py:176} INFO - Processing /home/airflow/.local/lib/python3.7/site-packages/airflow/example_dags/example_branch_operator.py took 0.112 seconds
[2022-11-22T19:35:07.899+0000] {processor.py:154} INFO - Started process (PID=1103) to work on /home/airflow/.local/lib/python3.7/site-packages/airflow/example_dags/example_branch_operator.py
[2022-11-22T19:35:07.907+0000] {processor.py:756} INFO - Processing file /home/airflow/.local/lib/python3.7/site-packages/airflow/example_dags/example_branch_operator.py for tasks to queue
[2022-11-22T19:35:07.909+0000] {logging_mixin.py:137} INFO - [2022-11-22T19:35:07.909+0000] {dagbag.py:537} INFO - Filling up the DagBag from /home/airflow/.local/lib/python3.7/site-packages/airflow/example_dags/example_branch_operator.py
[2022-11-22T19:35:07.936+0000] {processor.py:766} INFO - DAG(s) dict_keys(['example_branch_operator']) retrieved from /home/airflow/.local/lib/python3.7/site-packages/airflow/example_dags/example_branch_operator.py
[2022-11-22T19:35:08.005+0000] {logging_mixin.py:137} INFO - [2022-11-22T19:35:08.005+0000] {dag.py:2585} INFO - Sync 1 DAGs
[2022-11-22T19:35:08.033+0000] {logging_mixin.py:137} INFO - [2022-11-22T19:35:08.033+0000] {dag.py:3340} INFO - Setting next_dagrun for example_branch_operator to 2022-11-21T00:00:00+00:00, run_after=2022-11-22T00:00:00+00:00
[2022-11-22T19:35:08.048+0000] {processor.py:176} INFO - Processing /home/airflow/.local/lib/python3.7/site-packages/airflow/example_dags/example_branch_operator.py took 0.152 seconds
[2022-11-22T19:35:39.095+0000] {processor.py:154} INFO - Started process (PID=1165) to work on /home/airflow/.local/lib/python3.7/site-packages/airflow/example_dags/example_branch_operator.py
[2022-11-22T19:35:39.098+0000] {processor.py:756} INFO - Processing file /home/airflow/.local/lib/python3.7/site-packages/airflow/example_dags/example_branch_operator.py for tasks to queue
[2022-11-22T19:35:39.099+0000] {logging_mixin.py:137} INFO - [2022-11-22T19:35:39.099+0000] {dagbag.py:537} INFO - Filling up the DagBag from /home/airflow/.local/lib/python3.7/site-packages/airflow/example_dags/example_branch_operator.py
[2022-11-22T19:35:39.127+0000] {processor.py:766} INFO - DAG(s) dict_keys(['example_branch_operator']) retrieved from /home/airflow/.local/lib/python3.7/site-packages/airflow/example_dags/example_branch_operator.py
[2022-11-22T19:35:39.187+0000] {logging_mixin.py:137} INFO - [2022-11-22T19:35:39.187+0000] {dag.py:2585} INFO - Sync 1 DAGs
[2022-11-22T19:35:39.208+0000] {logging_mixin.py:137} INFO - [2022-11-22T19:35:39.208+0000] {dag.py:3340} INFO - Setting next_dagrun for example_branch_operator to 2022-11-21T00:00:00+00:00, run_after=2022-11-22T00:00:00+00:00
[2022-11-22T19:35:39.224+0000] {processor.py:176} INFO - Processing /home/airflow/.local/lib/python3.7/site-packages/airflow/example_dags/example_branch_operator.py took 0.134 seconds
[2022-11-22T19:36:09.277+0000] {processor.py:154} INFO - Started process (PID=1227) to work on /home/airflow/.local/lib/python3.7/site-packages/airflow/example_dags/example_branch_operator.py
[2022-11-22T19:36:09.278+0000] {processor.py:756} INFO - Processing file /home/airflow/.local/lib/python3.7/site-packages/airflow/example_dags/example_branch_operator.py for tasks to queue
[2022-11-22T19:36:09.279+0000] {logging_mixin.py:137} INFO - [2022-11-22T19:36:09.279+0000] {dagbag.py:537} INFO - Filling up the DagBag from /home/airflow/.local/lib/python3.7/site-packages/airflow/example_dags/example_branch_operator.py
[2022-11-22T19:36:09.309+0000] {processor.py:766} INFO - DAG(s) dict_keys(['example_branch_operator']) retrieved from /home/airflow/.local/lib/python3.7/site-packages/airflow/example_dags/example_branch_operator.py
[2022-11-22T19:36:09.429+0000] {logging_mixin.py:137} INFO - [2022-11-22T19:36:09.429+0000] {dag.py:2585} INFO - Sync 1 DAGs
[2022-11-22T19:36:09.464+0000] {logging_mixin.py:137} INFO - [2022-11-22T19:36:09.464+0000] {dag.py:3340} INFO - Setting next_dagrun for example_branch_operator to 2022-11-21T00:00:00+00:00, run_after=2022-11-22T00:00:00+00:00
[2022-11-22T19:36:09.484+0000] {processor.py:176} INFO - Processing /home/airflow/.local/lib/python3.7/site-packages/airflow/example_dags/example_branch_operator.py took 0.211 seconds
[2022-11-22T19:36:39.649+0000] {processor.py:154} INFO - Started process (PID=1291) to work on /home/airflow/.local/lib/python3.7/site-packages/airflow/example_dags/example_branch_operator.py
[2022-11-22T19:36:39.651+0000] {processor.py:756} INFO - Processing file /home/airflow/.local/lib/python3.7/site-packages/airflow/example_dags/example_branch_operator.py for tasks to queue
[2022-11-22T19:36:39.653+0000] {logging_mixin.py:137} INFO - [2022-11-22T19:36:39.652+0000] {dagbag.py:537} INFO - Filling up the DagBag from /home/airflow/.local/lib/python3.7/site-packages/airflow/example_dags/example_branch_operator.py
[2022-11-22T19:36:39.677+0000] {processor.py:766} INFO - DAG(s) dict_keys(['example_branch_operator']) retrieved from /home/airflow/.local/lib/python3.7/site-packages/airflow/example_dags/example_branch_operator.py
[2022-11-22T19:36:39.726+0000] {logging_mixin.py:137} INFO - [2022-11-22T19:36:39.726+0000] {dag.py:2585} INFO - Sync 1 DAGs
[2022-11-22T19:36:39.749+0000] {logging_mixin.py:137} INFO - [2022-11-22T19:36:39.749+0000] {dag.py:3340} INFO - Setting next_dagrun for example_branch_operator to 2022-11-21T00:00:00+00:00, run_after=2022-11-22T00:00:00+00:00
[2022-11-22T19:36:39.764+0000] {processor.py:176} INFO - Processing /home/airflow/.local/lib/python3.7/site-packages/airflow/example_dags/example_branch_operator.py took 0.121 seconds
[2022-11-22T19:37:10.723+0000] {processor.py:154} INFO - Started process (PID=1353) to work on /home/airflow/.local/lib/python3.7/site-packages/airflow/example_dags/example_branch_operator.py
[2022-11-22T19:37:10.726+0000] {processor.py:756} INFO - Processing file /home/airflow/.local/lib/python3.7/site-packages/airflow/example_dags/example_branch_operator.py for tasks to queue
[2022-11-22T19:37:10.728+0000] {logging_mixin.py:137} INFO - [2022-11-22T19:37:10.728+0000] {dagbag.py:537} INFO - Filling up the DagBag from /home/airflow/.local/lib/python3.7/site-packages/airflow/example_dags/example_branch_operator.py
[2022-11-22T19:37:10.781+0000] {processor.py:766} INFO - DAG(s) dict_keys(['example_branch_operator']) retrieved from /home/airflow/.local/lib/python3.7/site-packages/airflow/example_dags/example_branch_operator.py
[2022-11-22T19:37:10.876+0000] {logging_mixin.py:137} INFO - [2022-11-22T19:37:10.876+0000] {dag.py:2585} INFO - Sync 1 DAGs
[2022-11-22T19:37:10.922+0000] {logging_mixin.py:137} INFO - [2022-11-22T19:37:10.922+0000] {dag.py:3340} INFO - Setting next_dagrun for example_branch_operator to 2022-11-21T00:00:00+00:00, run_after=2022-11-22T00:00:00+00:00
[2022-11-22T19:37:10.944+0000] {processor.py:176} INFO - Processing /home/airflow/.local/lib/python3.7/site-packages/airflow/example_dags/example_branch_operator.py took 0.234 seconds
[2022-11-22T19:37:41.277+0000] {processor.py:154} INFO - Started process (PID=1409) to work on /home/airflow/.local/lib/python3.7/site-packages/airflow/example_dags/example_branch_operator.py
[2022-11-22T19:37:41.282+0000] {processor.py:756} INFO - Processing file /home/airflow/.local/lib/python3.7/site-packages/airflow/example_dags/example_branch_operator.py for tasks to queue
[2022-11-22T19:37:41.285+0000] {logging_mixin.py:137} INFO - [2022-11-22T19:37:41.284+0000] {dagbag.py:537} INFO - Filling up the DagBag from /home/airflow/.local/lib/python3.7/site-packages/airflow/example_dags/example_branch_operator.py
[2022-11-22T19:37:41.322+0000] {processor.py:766} INFO - DAG(s) dict_keys(['example_branch_operator']) retrieved from /home/airflow/.local/lib/python3.7/site-packages/airflow/example_dags/example_branch_operator.py
[2022-11-22T19:37:41.369+0000] {logging_mixin.py:137} INFO - [2022-11-22T19:37:41.369+0000] {dag.py:2585} INFO - Sync 1 DAGs
[2022-11-22T19:37:41.395+0000] {logging_mixin.py:137} INFO - [2022-11-22T19:37:41.395+0000] {dag.py:3340} INFO - Setting next_dagrun for example_branch_operator to 2022-11-21T00:00:00+00:00, run_after=2022-11-22T00:00:00+00:00
[2022-11-22T19:37:41.408+0000] {processor.py:176} INFO - Processing /home/airflow/.local/lib/python3.7/site-packages/airflow/example_dags/example_branch_operator.py took 0.138 seconds
[2022-11-22T19:38:11.989+0000] {processor.py:154} INFO - Started process (PID=1472) to work on /home/airflow/.local/lib/python3.7/site-packages/airflow/example_dags/example_branch_operator.py
[2022-11-22T19:38:11.991+0000] {processor.py:756} INFO - Processing file /home/airflow/.local/lib/python3.7/site-packages/airflow/example_dags/example_branch_operator.py for tasks to queue
[2022-11-22T19:38:11.994+0000] {logging_mixin.py:137} INFO - [2022-11-22T19:38:11.993+0000] {dagbag.py:537} INFO - Filling up the DagBag from /home/airflow/.local/lib/python3.7/site-packages/airflow/example_dags/example_branch_operator.py
[2022-11-22T19:38:12.015+0000] {processor.py:766} INFO - DAG(s) dict_keys(['example_branch_operator']) retrieved from /home/airflow/.local/lib/python3.7/site-packages/airflow/example_dags/example_branch_operator.py
[2022-11-22T19:38:12.056+0000] {logging_mixin.py:137} INFO - [2022-11-22T19:38:12.056+0000] {dag.py:2585} INFO - Sync 1 DAGs
[2022-11-22T19:38:12.085+0000] {logging_mixin.py:137} INFO - [2022-11-22T19:38:12.085+0000] {dag.py:3340} INFO - Setting next_dagrun for example_branch_operator to 2022-11-21T00:00:00+00:00, run_after=2022-11-22T00:00:00+00:00
[2022-11-22T19:38:12.103+0000] {processor.py:176} INFO - Processing /home/airflow/.local/lib/python3.7/site-packages/airflow/example_dags/example_branch_operator.py took 0.117 seconds
[2022-11-22T19:38:42.311+0000] {processor.py:154} INFO - Started process (PID=1535) to work on /home/airflow/.local/lib/python3.7/site-packages/airflow/example_dags/example_branch_operator.py
[2022-11-22T19:38:42.314+0000] {processor.py:756} INFO - Processing file /home/airflow/.local/lib/python3.7/site-packages/airflow/example_dags/example_branch_operator.py for tasks to queue
[2022-11-22T19:38:42.318+0000] {logging_mixin.py:137} INFO - [2022-11-22T19:38:42.316+0000] {dagbag.py:537} INFO - Filling up the DagBag from /home/airflow/.local/lib/python3.7/site-packages/airflow/example_dags/example_branch_operator.py
[2022-11-22T19:38:42.364+0000] {processor.py:766} INFO - DAG(s) dict_keys(['example_branch_operator']) retrieved from /home/airflow/.local/lib/python3.7/site-packages/airflow/example_dags/example_branch_operator.py
[2022-11-22T19:38:42.450+0000] {logging_mixin.py:137} INFO - [2022-11-22T19:38:42.450+0000] {dag.py:2585} INFO - Sync 1 DAGs
[2022-11-22T19:38:42.478+0000] {logging_mixin.py:137} INFO - [2022-11-22T19:38:42.477+0000] {dag.py:3340} INFO - Setting next_dagrun for example_branch_operator to 2022-11-21T00:00:00+00:00, run_after=2022-11-22T00:00:00+00:00
[2022-11-22T19:38:42.497+0000] {processor.py:176} INFO - Processing /home/airflow/.local/lib/python3.7/site-packages/airflow/example_dags/example_branch_operator.py took 0.191 seconds
[2022-11-22T19:39:12.860+0000] {processor.py:154} INFO - Started process (PID=1589) to work on /home/airflow/.local/lib/python3.7/site-packages/airflow/example_dags/example_branch_operator.py
[2022-11-22T19:39:12.864+0000] {processor.py:756} INFO - Processing file /home/airflow/.local/lib/python3.7/site-packages/airflow/example_dags/example_branch_operator.py for tasks to queue
[2022-11-22T19:39:12.865+0000] {logging_mixin.py:137} INFO - [2022-11-22T19:39:12.865+0000] {dagbag.py:537} INFO - Filling up the DagBag from /home/airflow/.local/lib/python3.7/site-packages/airflow/example_dags/example_branch_operator.py
[2022-11-22T19:39:12.909+0000] {processor.py:766} INFO - DAG(s) dict_keys(['example_branch_operator']) retrieved from /home/airflow/.local/lib/python3.7/site-packages/airflow/example_dags/example_branch_operator.py
[2022-11-22T19:39:12.986+0000] {logging_mixin.py:137} INFO - [2022-11-22T19:39:12.986+0000] {dag.py:2585} INFO - Sync 1 DAGs
[2022-11-22T19:39:13.010+0000] {logging_mixin.py:137} INFO - [2022-11-22T19:39:13.010+0000] {dag.py:3340} INFO - Setting next_dagrun for example_branch_operator to 2022-11-21T00:00:00+00:00, run_after=2022-11-22T00:00:00+00:00
[2022-11-22T19:39:13.024+0000] {processor.py:176} INFO - Processing /home/airflow/.local/lib/python3.7/site-packages/airflow/example_dags/example_branch_operator.py took 0.169 seconds
[2022-11-22T19:39:43.929+0000] {processor.py:154} INFO - Started process (PID=1653) to work on /home/airflow/.local/lib/python3.7/site-packages/airflow/example_dags/example_branch_operator.py
[2022-11-22T19:39:43.931+0000] {processor.py:756} INFO - Processing file /home/airflow/.local/lib/python3.7/site-packages/airflow/example_dags/example_branch_operator.py for tasks to queue
[2022-11-22T19:39:43.932+0000] {logging_mixin.py:137} INFO - [2022-11-22T19:39:43.932+0000] {dagbag.py:537} INFO - Filling up the DagBag from /home/airflow/.local/lib/python3.7/site-packages/airflow/example_dags/example_branch_operator.py
[2022-11-22T19:39:43.959+0000] {processor.py:766} INFO - DAG(s) dict_keys(['example_branch_operator']) retrieved from /home/airflow/.local/lib/python3.7/site-packages/airflow/example_dags/example_branch_operator.py
[2022-11-22T19:39:44.008+0000] {logging_mixin.py:137} INFO - [2022-11-22T19:39:44.008+0000] {dag.py:2585} INFO - Sync 1 DAGs
[2022-11-22T19:39:44.028+0000] {logging_mixin.py:137} INFO - [2022-11-22T19:39:44.028+0000] {dag.py:3340} INFO - Setting next_dagrun for example_branch_operator to 2022-11-21T00:00:00+00:00, run_after=2022-11-22T00:00:00+00:00
[2022-11-22T19:39:44.044+0000] {processor.py:176} INFO - Processing /home/airflow/.local/lib/python3.7/site-packages/airflow/example_dags/example_branch_operator.py took 0.119 seconds
[2022-11-22T19:40:14.429+0000] {processor.py:154} INFO - Started process (PID=1717) to work on /home/airflow/.local/lib/python3.7/site-packages/airflow/example_dags/example_branch_operator.py
[2022-11-22T19:40:14.432+0000] {processor.py:756} INFO - Processing file /home/airflow/.local/lib/python3.7/site-packages/airflow/example_dags/example_branch_operator.py for tasks to queue
[2022-11-22T19:40:14.435+0000] {logging_mixin.py:137} INFO - [2022-11-22T19:40:14.435+0000] {dagbag.py:537} INFO - Filling up the DagBag from /home/airflow/.local/lib/python3.7/site-packages/airflow/example_dags/example_branch_operator.py
[2022-11-22T19:40:14.466+0000] {processor.py:766} INFO - DAG(s) dict_keys(['example_branch_operator']) retrieved from /home/airflow/.local/lib/python3.7/site-packages/airflow/example_dags/example_branch_operator.py
[2022-11-22T19:40:14.533+0000] {logging_mixin.py:137} INFO - [2022-11-22T19:40:14.533+0000] {dag.py:2585} INFO - Sync 1 DAGs
[2022-11-22T19:40:14.557+0000] {logging_mixin.py:137} INFO - [2022-11-22T19:40:14.557+0000] {dag.py:3340} INFO - Setting next_dagrun for example_branch_operator to 2022-11-21T00:00:00+00:00, run_after=2022-11-22T00:00:00+00:00
[2022-11-22T19:40:14.569+0000] {processor.py:176} INFO - Processing /home/airflow/.local/lib/python3.7/site-packages/airflow/example_dags/example_branch_operator.py took 0.149 seconds
[2022-11-22T19:40:44.685+0000] {processor.py:154} INFO - Started process (PID=1780) to work on /home/airflow/.local/lib/python3.7/site-packages/airflow/example_dags/example_branch_operator.py
[2022-11-22T19:40:44.688+0000] {processor.py:756} INFO - Processing file /home/airflow/.local/lib/python3.7/site-packages/airflow/example_dags/example_branch_operator.py for tasks to queue
[2022-11-22T19:40:44.691+0000] {logging_mixin.py:137} INFO - [2022-11-22T19:40:44.690+0000] {dagbag.py:537} INFO - Filling up the DagBag from /home/airflow/.local/lib/python3.7/site-packages/airflow/example_dags/example_branch_operator.py
[2022-11-22T19:40:44.716+0000] {processor.py:766} INFO - DAG(s) dict_keys(['example_branch_operator']) retrieved from /home/airflow/.local/lib/python3.7/site-packages/airflow/example_dags/example_branch_operator.py
[2022-11-22T19:40:44.766+0000] {logging_mixin.py:137} INFO - [2022-11-22T19:40:44.766+0000] {dag.py:2585} INFO - Sync 1 DAGs
[2022-11-22T19:40:44.787+0000] {logging_mixin.py:137} INFO - [2022-11-22T19:40:44.787+0000] {dag.py:3340} INFO - Setting next_dagrun for example_branch_operator to 2022-11-21T00:00:00+00:00, run_after=2022-11-22T00:00:00+00:00
[2022-11-22T19:40:44.801+0000] {processor.py:176} INFO - Processing /home/airflow/.local/lib/python3.7/site-packages/airflow/example_dags/example_branch_operator.py took 0.119 seconds
[2022-11-22T19:41:15.689+0000] {processor.py:154} INFO - Started process (PID=1844) to work on /home/airflow/.local/lib/python3.7/site-packages/airflow/example_dags/example_branch_operator.py
[2022-11-22T19:41:15.691+0000] {processor.py:756} INFO - Processing file /home/airflow/.local/lib/python3.7/site-packages/airflow/example_dags/example_branch_operator.py for tasks to queue
[2022-11-22T19:41:15.692+0000] {logging_mixin.py:137} INFO - [2022-11-22T19:41:15.692+0000] {dagbag.py:537} INFO - Filling up the DagBag from /home/airflow/.local/lib/python3.7/site-packages/airflow/example_dags/example_branch_operator.py
[2022-11-22T19:41:15.724+0000] {processor.py:766} INFO - DAG(s) dict_keys(['example_branch_operator']) retrieved from /home/airflow/.local/lib/python3.7/site-packages/airflow/example_dags/example_branch_operator.py
[2022-11-22T19:41:15.778+0000] {logging_mixin.py:137} INFO - [2022-11-22T19:41:15.778+0000] {dag.py:2585} INFO - Sync 1 DAGs
[2022-11-22T19:41:15.807+0000] {logging_mixin.py:137} INFO - [2022-11-22T19:41:15.807+0000] {dag.py:3340} INFO - Setting next_dagrun for example_branch_operator to 2022-11-21T00:00:00+00:00, run_after=2022-11-22T00:00:00+00:00
[2022-11-22T19:41:15.840+0000] {processor.py:176} INFO - Processing /home/airflow/.local/lib/python3.7/site-packages/airflow/example_dags/example_branch_operator.py took 0.153 seconds
[2022-11-22T19:41:46.013+0000] {processor.py:154} INFO - Started process (PID=1899) to work on /home/airflow/.local/lib/python3.7/site-packages/airflow/example_dags/example_branch_operator.py
[2022-11-22T19:41:46.016+0000] {processor.py:756} INFO - Processing file /home/airflow/.local/lib/python3.7/site-packages/airflow/example_dags/example_branch_operator.py for tasks to queue
[2022-11-22T19:41:46.018+0000] {logging_mixin.py:137} INFO - [2022-11-22T19:41:46.017+0000] {dagbag.py:537} INFO - Filling up the DagBag from /home/airflow/.local/lib/python3.7/site-packages/airflow/example_dags/example_branch_operator.py
[2022-11-22T19:41:46.045+0000] {processor.py:766} INFO - DAG(s) dict_keys(['example_branch_operator']) retrieved from /home/airflow/.local/lib/python3.7/site-packages/airflow/example_dags/example_branch_operator.py
[2022-11-22T19:41:46.098+0000] {logging_mixin.py:137} INFO - [2022-11-22T19:41:46.098+0000] {dag.py:2585} INFO - Sync 1 DAGs
[2022-11-22T19:41:46.118+0000] {logging_mixin.py:137} INFO - [2022-11-22T19:41:46.118+0000] {dag.py:3340} INFO - Setting next_dagrun for example_branch_operator to 2022-11-21T00:00:00+00:00, run_after=2022-11-22T00:00:00+00:00
[2022-11-22T19:41:46.130+0000] {processor.py:176} INFO - Processing /home/airflow/.local/lib/python3.7/site-packages/airflow/example_dags/example_branch_operator.py took 0.121 seconds
[2022-11-22T19:42:16.497+0000] {processor.py:154} INFO - Started process (PID=1962) to work on /home/airflow/.local/lib/python3.7/site-packages/airflow/example_dags/example_branch_operator.py
[2022-11-22T19:42:16.500+0000] {processor.py:756} INFO - Processing file /home/airflow/.local/lib/python3.7/site-packages/airflow/example_dags/example_branch_operator.py for tasks to queue
[2022-11-22T19:42:16.502+0000] {logging_mixin.py:137} INFO - [2022-11-22T19:42:16.502+0000] {dagbag.py:537} INFO - Filling up the DagBag from /home/airflow/.local/lib/python3.7/site-packages/airflow/example_dags/example_branch_operator.py
[2022-11-22T19:42:16.557+0000] {processor.py:766} INFO - DAG(s) dict_keys(['example_branch_operator']) retrieved from /home/airflow/.local/lib/python3.7/site-packages/airflow/example_dags/example_branch_operator.py
[2022-11-22T19:42:16.650+0000] {logging_mixin.py:137} INFO - [2022-11-22T19:42:16.650+0000] {dag.py:2585} INFO - Sync 1 DAGs
[2022-11-22T19:42:16.678+0000] {logging_mixin.py:137} INFO - [2022-11-22T19:42:16.677+0000] {dag.py:3340} INFO - Setting next_dagrun for example_branch_operator to 2022-11-21T00:00:00+00:00, run_after=2022-11-22T00:00:00+00:00
[2022-11-22T19:42:16.694+0000] {processor.py:176} INFO - Processing /home/airflow/.local/lib/python3.7/site-packages/airflow/example_dags/example_branch_operator.py took 0.210 seconds
[2022-11-22T19:42:47.520+0000] {processor.py:154} INFO - Started process (PID=2025) to work on /home/airflow/.local/lib/python3.7/site-packages/airflow/example_dags/example_branch_operator.py
[2022-11-22T19:42:47.526+0000] {processor.py:756} INFO - Processing file /home/airflow/.local/lib/python3.7/site-packages/airflow/example_dags/example_branch_operator.py for tasks to queue
[2022-11-22T19:42:47.532+0000] {logging_mixin.py:137} INFO - [2022-11-22T19:42:47.531+0000] {dagbag.py:537} INFO - Filling up the DagBag from /home/airflow/.local/lib/python3.7/site-packages/airflow/example_dags/example_branch_operator.py
[2022-11-22T19:42:47.567+0000] {processor.py:766} INFO - DAG(s) dict_keys(['example_branch_operator']) retrieved from /home/airflow/.local/lib/python3.7/site-packages/airflow/example_dags/example_branch_operator.py
[2022-11-22T19:42:47.654+0000] {logging_mixin.py:137} INFO - [2022-11-22T19:42:47.654+0000] {dag.py:2585} INFO - Sync 1 DAGs
[2022-11-22T19:42:47.680+0000] {logging_mixin.py:137} INFO - [2022-11-22T19:42:47.680+0000] {dag.py:3340} INFO - Setting next_dagrun for example_branch_operator to 2022-11-21T00:00:00+00:00, run_after=2022-11-22T00:00:00+00:00
[2022-11-22T19:42:47.695+0000] {processor.py:176} INFO - Processing /home/airflow/.local/lib/python3.7/site-packages/airflow/example_dags/example_branch_operator.py took 0.181 seconds
[2022-11-22T19:43:18.427+0000] {processor.py:154} INFO - Started process (PID=2088) to work on /home/airflow/.local/lib/python3.7/site-packages/airflow/example_dags/example_branch_operator.py
[2022-11-22T19:43:18.430+0000] {processor.py:756} INFO - Processing file /home/airflow/.local/lib/python3.7/site-packages/airflow/example_dags/example_branch_operator.py for tasks to queue
[2022-11-22T19:43:18.431+0000] {logging_mixin.py:137} INFO - [2022-11-22T19:43:18.431+0000] {dagbag.py:537} INFO - Filling up the DagBag from /home/airflow/.local/lib/python3.7/site-packages/airflow/example_dags/example_branch_operator.py
[2022-11-22T19:43:18.450+0000] {processor.py:766} INFO - DAG(s) dict_keys(['example_branch_operator']) retrieved from /home/airflow/.local/lib/python3.7/site-packages/airflow/example_dags/example_branch_operator.py
[2022-11-22T19:43:18.497+0000] {logging_mixin.py:137} INFO - [2022-11-22T19:43:18.497+0000] {dag.py:2585} INFO - Sync 1 DAGs
[2022-11-22T19:43:18.516+0000] {logging_mixin.py:137} INFO - [2022-11-22T19:43:18.516+0000] {dag.py:3340} INFO - Setting next_dagrun for example_branch_operator to 2022-11-21T00:00:00+00:00, run_after=2022-11-22T00:00:00+00:00
[2022-11-22T19:43:18.529+0000] {processor.py:176} INFO - Processing /home/airflow/.local/lib/python3.7/site-packages/airflow/example_dags/example_branch_operator.py took 0.105 seconds
[2022-11-22T19:43:49.536+0000] {processor.py:154} INFO - Started process (PID=2142) to work on /home/airflow/.local/lib/python3.7/site-packages/airflow/example_dags/example_branch_operator.py
[2022-11-22T19:43:49.541+0000] {processor.py:756} INFO - Processing file /home/airflow/.local/lib/python3.7/site-packages/airflow/example_dags/example_branch_operator.py for tasks to queue
[2022-11-22T19:43:49.543+0000] {logging_mixin.py:137} INFO - [2022-11-22T19:43:49.543+0000] {dagbag.py:537} INFO - Filling up the DagBag from /home/airflow/.local/lib/python3.7/site-packages/airflow/example_dags/example_branch_operator.py
[2022-11-22T19:43:49.599+0000] {processor.py:766} INFO - DAG(s) dict_keys(['example_branch_operator']) retrieved from /home/airflow/.local/lib/python3.7/site-packages/airflow/example_dags/example_branch_operator.py
[2022-11-22T19:43:49.667+0000] {logging_mixin.py:137} INFO - [2022-11-22T19:43:49.667+0000] {dag.py:2585} INFO - Sync 1 DAGs
[2022-11-22T19:43:49.695+0000] {logging_mixin.py:137} INFO - [2022-11-22T19:43:49.695+0000] {dag.py:3340} INFO - Setting next_dagrun for example_branch_operator to 2022-11-21T00:00:00+00:00, run_after=2022-11-22T00:00:00+00:00
[2022-11-22T19:43:49.720+0000] {processor.py:176} INFO - Processing /home/airflow/.local/lib/python3.7/site-packages/airflow/example_dags/example_branch_operator.py took 0.193 seconds
[2022-11-22T19:44:19.896+0000] {processor.py:154} INFO - Started process (PID=2205) to work on /home/airflow/.local/lib/python3.7/site-packages/airflow/example_dags/example_branch_operator.py
[2022-11-22T19:44:19.900+0000] {processor.py:756} INFO - Processing file /home/airflow/.local/lib/python3.7/site-packages/airflow/example_dags/example_branch_operator.py for tasks to queue
[2022-11-22T19:44:19.901+0000] {logging_mixin.py:137} INFO - [2022-11-22T19:44:19.901+0000] {dagbag.py:537} INFO - Filling up the DagBag from /home/airflow/.local/lib/python3.7/site-packages/airflow/example_dags/example_branch_operator.py
[2022-11-22T19:44:19.919+0000] {processor.py:766} INFO - DAG(s) dict_keys(['example_branch_operator']) retrieved from /home/airflow/.local/lib/python3.7/site-packages/airflow/example_dags/example_branch_operator.py
[2022-11-22T19:44:19.967+0000] {logging_mixin.py:137} INFO - [2022-11-22T19:44:19.967+0000] {dag.py:2585} INFO - Sync 1 DAGs
[2022-11-22T19:44:19.987+0000] {logging_mixin.py:137} INFO - [2022-11-22T19:44:19.987+0000] {dag.py:3340} INFO - Setting next_dagrun for example_branch_operator to 2022-11-21T00:00:00+00:00, run_after=2022-11-22T00:00:00+00:00
[2022-11-22T19:44:20.000+0000] {processor.py:176} INFO - Processing /home/airflow/.local/lib/python3.7/site-packages/airflow/example_dags/example_branch_operator.py took 0.107 seconds
[2022-11-22T19:44:50.050+0000] {processor.py:154} INFO - Started process (PID=2267) to work on /home/airflow/.local/lib/python3.7/site-packages/airflow/example_dags/example_branch_operator.py
[2022-11-22T19:44:50.052+0000] {processor.py:756} INFO - Processing file /home/airflow/.local/lib/python3.7/site-packages/airflow/example_dags/example_branch_operator.py for tasks to queue
[2022-11-22T19:44:50.053+0000] {logging_mixin.py:137} INFO - [2022-11-22T19:44:50.053+0000] {dagbag.py:537} INFO - Filling up the DagBag from /home/airflow/.local/lib/python3.7/site-packages/airflow/example_dags/example_branch_operator.py
[2022-11-22T19:44:50.079+0000] {processor.py:766} INFO - DAG(s) dict_keys(['example_branch_operator']) retrieved from /home/airflow/.local/lib/python3.7/site-packages/airflow/example_dags/example_branch_operator.py
[2022-11-22T19:44:50.128+0000] {logging_mixin.py:137} INFO - [2022-11-22T19:44:50.128+0000] {dag.py:2585} INFO - Sync 1 DAGs
[2022-11-22T19:44:50.148+0000] {logging_mixin.py:137} INFO - [2022-11-22T19:44:50.148+0000] {dag.py:3340} INFO - Setting next_dagrun for example_branch_operator to 2022-11-21T00:00:00+00:00, run_after=2022-11-22T00:00:00+00:00
[2022-11-22T19:44:50.162+0000] {processor.py:176} INFO - Processing /home/airflow/.local/lib/python3.7/site-packages/airflow/example_dags/example_branch_operator.py took 0.117 seconds
[2022-11-22T19:45:20.238+0000] {processor.py:154} INFO - Started process (PID=2331) to work on /home/airflow/.local/lib/python3.7/site-packages/airflow/example_dags/example_branch_operator.py
[2022-11-22T19:45:20.242+0000] {processor.py:756} INFO - Processing file /home/airflow/.local/lib/python3.7/site-packages/airflow/example_dags/example_branch_operator.py for tasks to queue
[2022-11-22T19:45:20.243+0000] {logging_mixin.py:137} INFO - [2022-11-22T19:45:20.243+0000] {dagbag.py:537} INFO - Filling up the DagBag from /home/airflow/.local/lib/python3.7/site-packages/airflow/example_dags/example_branch_operator.py
[2022-11-22T19:45:20.263+0000] {processor.py:766} INFO - DAG(s) dict_keys(['example_branch_operator']) retrieved from /home/airflow/.local/lib/python3.7/site-packages/airflow/example_dags/example_branch_operator.py
[2022-11-22T19:45:20.319+0000] {logging_mixin.py:137} INFO - [2022-11-22T19:45:20.319+0000] {dag.py:2585} INFO - Sync 1 DAGs
[2022-11-22T19:45:20.340+0000] {logging_mixin.py:137} INFO - [2022-11-22T19:45:20.340+0000] {dag.py:3340} INFO - Setting next_dagrun for example_branch_operator to 2022-11-21T00:00:00+00:00, run_after=2022-11-22T00:00:00+00:00
[2022-11-22T19:45:20.354+0000] {processor.py:176} INFO - Processing /home/airflow/.local/lib/python3.7/site-packages/airflow/example_dags/example_branch_operator.py took 0.120 seconds
[2022-11-22T19:45:50.875+0000] {processor.py:154} INFO - Started process (PID=2387) to work on /home/airflow/.local/lib/python3.7/site-packages/airflow/example_dags/example_branch_operator.py
[2022-11-22T19:45:50.877+0000] {processor.py:756} INFO - Processing file /home/airflow/.local/lib/python3.7/site-packages/airflow/example_dags/example_branch_operator.py for tasks to queue
[2022-11-22T19:45:50.878+0000] {logging_mixin.py:137} INFO - [2022-11-22T19:45:50.878+0000] {dagbag.py:537} INFO - Filling up the DagBag from /home/airflow/.local/lib/python3.7/site-packages/airflow/example_dags/example_branch_operator.py
[2022-11-22T19:45:50.894+0000] {processor.py:766} INFO - DAG(s) dict_keys(['example_branch_operator']) retrieved from /home/airflow/.local/lib/python3.7/site-packages/airflow/example_dags/example_branch_operator.py
[2022-11-22T19:45:50.961+0000] {logging_mixin.py:137} INFO - [2022-11-22T19:45:50.961+0000] {dag.py:2585} INFO - Sync 1 DAGs
[2022-11-22T19:45:50.988+0000] {logging_mixin.py:137} INFO - [2022-11-22T19:45:50.988+0000] {dag.py:3340} INFO - Setting next_dagrun for example_branch_operator to 2022-11-21T00:00:00+00:00, run_after=2022-11-22T00:00:00+00:00
[2022-11-22T19:45:51.022+0000] {processor.py:176} INFO - Processing /home/airflow/.local/lib/python3.7/site-packages/airflow/example_dags/example_branch_operator.py took 0.150 seconds
[2022-11-22T19:46:21.506+0000] {processor.py:154} INFO - Started process (PID=2451) to work on /home/airflow/.local/lib/python3.7/site-packages/airflow/example_dags/example_branch_operator.py
[2022-11-22T19:46:21.509+0000] {processor.py:756} INFO - Processing file /home/airflow/.local/lib/python3.7/site-packages/airflow/example_dags/example_branch_operator.py for tasks to queue
[2022-11-22T19:46:21.510+0000] {logging_mixin.py:137} INFO - [2022-11-22T19:46:21.510+0000] {dagbag.py:537} INFO - Filling up the DagBag from /home/airflow/.local/lib/python3.7/site-packages/airflow/example_dags/example_branch_operator.py
[2022-11-22T19:46:21.537+0000] {processor.py:766} INFO - DAG(s) dict_keys(['example_branch_operator']) retrieved from /home/airflow/.local/lib/python3.7/site-packages/airflow/example_dags/example_branch_operator.py
[2022-11-22T19:46:21.590+0000] {logging_mixin.py:137} INFO - [2022-11-22T19:46:21.590+0000] {dag.py:2585} INFO - Sync 1 DAGs
[2022-11-22T19:46:21.612+0000] {logging_mixin.py:137} INFO - [2022-11-22T19:46:21.612+0000] {dag.py:3340} INFO - Setting next_dagrun for example_branch_operator to 2022-11-21T00:00:00+00:00, run_after=2022-11-22T00:00:00+00:00
[2022-11-22T19:46:21.624+0000] {processor.py:176} INFO - Processing /home/airflow/.local/lib/python3.7/site-packages/airflow/example_dags/example_branch_operator.py took 0.120 seconds
[2022-11-22T19:46:52.256+0000] {processor.py:154} INFO - Started process (PID=2513) to work on /home/airflow/.local/lib/python3.7/site-packages/airflow/example_dags/example_branch_operator.py
[2022-11-22T19:46:52.260+0000] {processor.py:756} INFO - Processing file /home/airflow/.local/lib/python3.7/site-packages/airflow/example_dags/example_branch_operator.py for tasks to queue
[2022-11-22T19:46:52.263+0000] {logging_mixin.py:137} INFO - [2022-11-22T19:46:52.262+0000] {dagbag.py:537} INFO - Filling up the DagBag from /home/airflow/.local/lib/python3.7/site-packages/airflow/example_dags/example_branch_operator.py
[2022-11-22T19:46:52.288+0000] {processor.py:766} INFO - DAG(s) dict_keys(['example_branch_operator']) retrieved from /home/airflow/.local/lib/python3.7/site-packages/airflow/example_dags/example_branch_operator.py
[2022-11-22T19:46:52.325+0000] {logging_mixin.py:137} INFO - [2022-11-22T19:46:52.325+0000] {dag.py:2585} INFO - Sync 1 DAGs
[2022-11-22T19:46:52.352+0000] {logging_mixin.py:137} INFO - [2022-11-22T19:46:52.352+0000] {dag.py:3340} INFO - Setting next_dagrun for example_branch_operator to 2022-11-21T00:00:00+00:00, run_after=2022-11-22T00:00:00+00:00
[2022-11-22T19:46:52.366+0000] {processor.py:176} INFO - Processing /home/airflow/.local/lib/python3.7/site-packages/airflow/example_dags/example_branch_operator.py took 0.114 seconds
[2022-11-22T19:47:22.661+0000] {processor.py:154} INFO - Started process (PID=2576) to work on /home/airflow/.local/lib/python3.7/site-packages/airflow/example_dags/example_branch_operator.py
[2022-11-22T19:47:22.664+0000] {processor.py:756} INFO - Processing file /home/airflow/.local/lib/python3.7/site-packages/airflow/example_dags/example_branch_operator.py for tasks to queue
[2022-11-22T19:47:22.666+0000] {logging_mixin.py:137} INFO - [2022-11-22T19:47:22.665+0000] {dagbag.py:537} INFO - Filling up the DagBag from /home/airflow/.local/lib/python3.7/site-packages/airflow/example_dags/example_branch_operator.py
[2022-11-22T19:47:22.689+0000] {processor.py:766} INFO - DAG(s) dict_keys(['example_branch_operator']) retrieved from /home/airflow/.local/lib/python3.7/site-packages/airflow/example_dags/example_branch_operator.py
[2022-11-22T19:47:22.722+0000] {logging_mixin.py:137} INFO - [2022-11-22T19:47:22.722+0000] {dag.py:2585} INFO - Sync 1 DAGs
[2022-11-22T19:47:22.740+0000] {logging_mixin.py:137} INFO - [2022-11-22T19:47:22.739+0000] {dag.py:3340} INFO - Setting next_dagrun for example_branch_operator to 2022-11-21T00:00:00+00:00, run_after=2022-11-22T00:00:00+00:00
[2022-11-22T19:47:22.754+0000] {processor.py:176} INFO - Processing /home/airflow/.local/lib/python3.7/site-packages/airflow/example_dags/example_branch_operator.py took 0.097 seconds
[2022-11-22T19:47:53.207+0000] {processor.py:154} INFO - Started process (PID=2629) to work on /home/airflow/.local/lib/python3.7/site-packages/airflow/example_dags/example_branch_operator.py
[2022-11-22T19:47:53.212+0000] {processor.py:756} INFO - Processing file /home/airflow/.local/lib/python3.7/site-packages/airflow/example_dags/example_branch_operator.py for tasks to queue
[2022-11-22T19:47:53.214+0000] {logging_mixin.py:137} INFO - [2022-11-22T19:47:53.214+0000] {dagbag.py:537} INFO - Filling up the DagBag from /home/airflow/.local/lib/python3.7/site-packages/airflow/example_dags/example_branch_operator.py
[2022-11-22T19:47:53.240+0000] {processor.py:766} INFO - DAG(s) dict_keys(['example_branch_operator']) retrieved from /home/airflow/.local/lib/python3.7/site-packages/airflow/example_dags/example_branch_operator.py
[2022-11-22T19:47:53.297+0000] {logging_mixin.py:137} INFO - [2022-11-22T19:47:53.297+0000] {dag.py:2585} INFO - Sync 1 DAGs
[2022-11-22T19:47:53.335+0000] {logging_mixin.py:137} INFO - [2022-11-22T19:47:53.335+0000] {dag.py:3340} INFO - Setting next_dagrun for example_branch_operator to 2022-11-21T00:00:00+00:00, run_after=2022-11-22T00:00:00+00:00
[2022-11-22T19:47:53.352+0000] {processor.py:176} INFO - Processing /home/airflow/.local/lib/python3.7/site-packages/airflow/example_dags/example_branch_operator.py took 0.149 seconds
[2022-11-22T19:48:23.748+0000] {processor.py:154} INFO - Started process (PID=2691) to work on /home/airflow/.local/lib/python3.7/site-packages/airflow/example_dags/example_branch_operator.py
[2022-11-22T19:48:23.752+0000] {processor.py:756} INFO - Processing file /home/airflow/.local/lib/python3.7/site-packages/airflow/example_dags/example_branch_operator.py for tasks to queue
[2022-11-22T19:48:23.754+0000] {logging_mixin.py:137} INFO - [2022-11-22T19:48:23.754+0000] {dagbag.py:537} INFO - Filling up the DagBag from /home/airflow/.local/lib/python3.7/site-packages/airflow/example_dags/example_branch_operator.py
[2022-11-22T19:48:23.791+0000] {processor.py:766} INFO - DAG(s) dict_keys(['example_branch_operator']) retrieved from /home/airflow/.local/lib/python3.7/site-packages/airflow/example_dags/example_branch_operator.py
[2022-11-22T19:48:23.858+0000] {logging_mixin.py:137} INFO - [2022-11-22T19:48:23.857+0000] {dag.py:2585} INFO - Sync 1 DAGs
[2022-11-22T19:48:23.888+0000] {logging_mixin.py:137} INFO - [2022-11-22T19:48:23.888+0000] {dag.py:3340} INFO - Setting next_dagrun for example_branch_operator to 2022-11-21T00:00:00+00:00, run_after=2022-11-22T00:00:00+00:00
[2022-11-22T19:48:23.912+0000] {processor.py:176} INFO - Processing /home/airflow/.local/lib/python3.7/site-packages/airflow/example_dags/example_branch_operator.py took 0.174 seconds
[2022-11-22T19:48:54.163+0000] {processor.py:154} INFO - Started process (PID=2754) to work on /home/airflow/.local/lib/python3.7/site-packages/airflow/example_dags/example_branch_operator.py
[2022-11-22T19:48:54.166+0000] {processor.py:756} INFO - Processing file /home/airflow/.local/lib/python3.7/site-packages/airflow/example_dags/example_branch_operator.py for tasks to queue
[2022-11-22T19:48:54.168+0000] {logging_mixin.py:137} INFO - [2022-11-22T19:48:54.167+0000] {dagbag.py:537} INFO - Filling up the DagBag from /home/airflow/.local/lib/python3.7/site-packages/airflow/example_dags/example_branch_operator.py
[2022-11-22T19:48:54.181+0000] {processor.py:766} INFO - DAG(s) dict_keys(['example_branch_operator']) retrieved from /home/airflow/.local/lib/python3.7/site-packages/airflow/example_dags/example_branch_operator.py
[2022-11-22T19:48:54.212+0000] {logging_mixin.py:137} INFO - [2022-11-22T19:48:54.212+0000] {dag.py:2585} INFO - Sync 1 DAGs
[2022-11-22T19:48:54.230+0000] {logging_mixin.py:137} INFO - [2022-11-22T19:48:54.230+0000] {dag.py:3340} INFO - Setting next_dagrun for example_branch_operator to 2022-11-21T00:00:00+00:00, run_after=2022-11-22T00:00:00+00:00
[2022-11-22T19:48:54.242+0000] {processor.py:176} INFO - Processing /home/airflow/.local/lib/python3.7/site-packages/airflow/example_dags/example_branch_operator.py took 0.082 seconds
[2022-11-22T19:49:24.355+0000] {processor.py:154} INFO - Started process (PID=2817) to work on /home/airflow/.local/lib/python3.7/site-packages/airflow/example_dags/example_branch_operator.py
[2022-11-22T19:49:24.358+0000] {processor.py:756} INFO - Processing file /home/airflow/.local/lib/python3.7/site-packages/airflow/example_dags/example_branch_operator.py for tasks to queue
[2022-11-22T19:49:24.360+0000] {logging_mixin.py:137} INFO - [2022-11-22T19:49:24.359+0000] {dagbag.py:537} INFO - Filling up the DagBag from /home/airflow/.local/lib/python3.7/site-packages/airflow/example_dags/example_branch_operator.py
[2022-11-22T19:49:24.379+0000] {processor.py:766} INFO - DAG(s) dict_keys(['example_branch_operator']) retrieved from /home/airflow/.local/lib/python3.7/site-packages/airflow/example_dags/example_branch_operator.py
[2022-11-22T19:49:24.410+0000] {logging_mixin.py:137} INFO - [2022-11-22T19:49:24.409+0000] {dag.py:2585} INFO - Sync 1 DAGs
[2022-11-22T19:49:24.426+0000] {logging_mixin.py:137} INFO - [2022-11-22T19:49:24.426+0000] {dag.py:3340} INFO - Setting next_dagrun for example_branch_operator to 2022-11-21T00:00:00+00:00, run_after=2022-11-22T00:00:00+00:00
[2022-11-22T19:49:24.440+0000] {processor.py:176} INFO - Processing /home/airflow/.local/lib/python3.7/site-packages/airflow/example_dags/example_branch_operator.py took 0.090 seconds
[2022-11-22T19:49:55.118+0000] {processor.py:154} INFO - Started process (PID=2871) to work on /home/airflow/.local/lib/python3.7/site-packages/airflow/example_dags/example_branch_operator.py
[2022-11-22T19:49:55.120+0000] {processor.py:756} INFO - Processing file /home/airflow/.local/lib/python3.7/site-packages/airflow/example_dags/example_branch_operator.py for tasks to queue
[2022-11-22T19:49:55.122+0000] {logging_mixin.py:137} INFO - [2022-11-22T19:49:55.122+0000] {dagbag.py:537} INFO - Filling up the DagBag from /home/airflow/.local/lib/python3.7/site-packages/airflow/example_dags/example_branch_operator.py
[2022-11-22T19:49:55.144+0000] {processor.py:766} INFO - DAG(s) dict_keys(['example_branch_operator']) retrieved from /home/airflow/.local/lib/python3.7/site-packages/airflow/example_dags/example_branch_operator.py
[2022-11-22T19:49:55.222+0000] {logging_mixin.py:137} INFO - [2022-11-22T19:49:55.222+0000] {dag.py:2585} INFO - Sync 1 DAGs
[2022-11-22T19:49:55.253+0000] {logging_mixin.py:137} INFO - [2022-11-22T19:49:55.253+0000] {dag.py:3340} INFO - Setting next_dagrun for example_branch_operator to 2022-11-21T00:00:00+00:00, run_after=2022-11-22T00:00:00+00:00
[2022-11-22T19:49:55.270+0000] {processor.py:176} INFO - Processing /home/airflow/.local/lib/python3.7/site-packages/airflow/example_dags/example_branch_operator.py took 0.155 seconds
[2022-11-22T19:50:25.803+0000] {processor.py:154} INFO - Started process (PID=2935) to work on /home/airflow/.local/lib/python3.7/site-packages/airflow/example_dags/example_branch_operator.py
[2022-11-22T19:50:25.804+0000] {processor.py:756} INFO - Processing file /home/airflow/.local/lib/python3.7/site-packages/airflow/example_dags/example_branch_operator.py for tasks to queue
[2022-11-22T19:50:25.805+0000] {logging_mixin.py:137} INFO - [2022-11-22T19:50:25.805+0000] {dagbag.py:537} INFO - Filling up the DagBag from /home/airflow/.local/lib/python3.7/site-packages/airflow/example_dags/example_branch_operator.py
[2022-11-22T19:50:25.819+0000] {processor.py:766} INFO - DAG(s) dict_keys(['example_branch_operator']) retrieved from /home/airflow/.local/lib/python3.7/site-packages/airflow/example_dags/example_branch_operator.py
[2022-11-22T19:50:25.849+0000] {logging_mixin.py:137} INFO - [2022-11-22T19:50:25.848+0000] {dag.py:2585} INFO - Sync 1 DAGs
[2022-11-22T19:50:25.866+0000] {logging_mixin.py:137} INFO - [2022-11-22T19:50:25.866+0000] {dag.py:3340} INFO - Setting next_dagrun for example_branch_operator to 2022-11-21T00:00:00+00:00, run_after=2022-11-22T00:00:00+00:00
[2022-11-22T19:50:25.878+0000] {processor.py:176} INFO - Processing /home/airflow/.local/lib/python3.7/site-packages/airflow/example_dags/example_branch_operator.py took 0.079 seconds
[2022-11-22T19:50:56.467+0000] {processor.py:154} INFO - Started process (PID=2998) to work on /home/airflow/.local/lib/python3.7/site-packages/airflow/example_dags/example_branch_operator.py
[2022-11-22T19:50:56.469+0000] {processor.py:756} INFO - Processing file /home/airflow/.local/lib/python3.7/site-packages/airflow/example_dags/example_branch_operator.py for tasks to queue
[2022-11-22T19:50:56.471+0000] {logging_mixin.py:137} INFO - [2022-11-22T19:50:56.471+0000] {dagbag.py:537} INFO - Filling up the DagBag from /home/airflow/.local/lib/python3.7/site-packages/airflow/example_dags/example_branch_operator.py
[2022-11-22T19:50:56.493+0000] {processor.py:766} INFO - DAG(s) dict_keys(['example_branch_operator']) retrieved from /home/airflow/.local/lib/python3.7/site-packages/airflow/example_dags/example_branch_operator.py
[2022-11-22T19:50:56.535+0000] {logging_mixin.py:137} INFO - [2022-11-22T19:50:56.534+0000] {dag.py:2585} INFO - Sync 1 DAGs
[2022-11-22T19:50:56.551+0000] {logging_mixin.py:137} INFO - [2022-11-22T19:50:56.551+0000] {dag.py:3340} INFO - Setting next_dagrun for example_branch_operator to 2022-11-21T00:00:00+00:00, run_after=2022-11-22T00:00:00+00:00
[2022-11-22T19:50:56.564+0000] {processor.py:176} INFO - Processing /home/airflow/.local/lib/python3.7/site-packages/airflow/example_dags/example_branch_operator.py took 0.102 seconds
[2022-11-22T19:51:27.297+0000] {processor.py:154} INFO - Started process (PID=3061) to work on /home/airflow/.local/lib/python3.7/site-packages/airflow/example_dags/example_branch_operator.py
[2022-11-22T19:51:27.299+0000] {processor.py:756} INFO - Processing file /home/airflow/.local/lib/python3.7/site-packages/airflow/example_dags/example_branch_operator.py for tasks to queue
[2022-11-22T19:51:27.301+0000] {logging_mixin.py:137} INFO - [2022-11-22T19:51:27.301+0000] {dagbag.py:537} INFO - Filling up the DagBag from /home/airflow/.local/lib/python3.7/site-packages/airflow/example_dags/example_branch_operator.py
[2022-11-22T19:51:27.325+0000] {processor.py:766} INFO - DAG(s) dict_keys(['example_branch_operator']) retrieved from /home/airflow/.local/lib/python3.7/site-packages/airflow/example_dags/example_branch_operator.py
[2022-11-22T19:51:27.363+0000] {logging_mixin.py:137} INFO - [2022-11-22T19:51:27.363+0000] {dag.py:2585} INFO - Sync 1 DAGs
[2022-11-22T19:51:27.383+0000] {logging_mixin.py:137} INFO - [2022-11-22T19:51:27.383+0000] {dag.py:3340} INFO - Setting next_dagrun for example_branch_operator to 2022-11-21T00:00:00+00:00, run_after=2022-11-22T00:00:00+00:00
[2022-11-22T19:51:27.398+0000] {processor.py:176} INFO - Processing /home/airflow/.local/lib/python3.7/site-packages/airflow/example_dags/example_branch_operator.py took 0.107 seconds
[2022-11-22T19:51:58.301+0000] {processor.py:154} INFO - Started process (PID=3124) to work on /home/airflow/.local/lib/python3.7/site-packages/airflow/example_dags/example_branch_operator.py
[2022-11-22T19:51:58.304+0000] {processor.py:756} INFO - Processing file /home/airflow/.local/lib/python3.7/site-packages/airflow/example_dags/example_branch_operator.py for tasks to queue
[2022-11-22T19:51:58.306+0000] {logging_mixin.py:137} INFO - [2022-11-22T19:51:58.306+0000] {dagbag.py:537} INFO - Filling up the DagBag from /home/airflow/.local/lib/python3.7/site-packages/airflow/example_dags/example_branch_operator.py
[2022-11-22T19:51:58.328+0000] {processor.py:766} INFO - DAG(s) dict_keys(['example_branch_operator']) retrieved from /home/airflow/.local/lib/python3.7/site-packages/airflow/example_dags/example_branch_operator.py
[2022-11-22T19:51:58.377+0000] {logging_mixin.py:137} INFO - [2022-11-22T19:51:58.377+0000] {dag.py:2585} INFO - Sync 1 DAGs
[2022-11-22T19:51:58.398+0000] {logging_mixin.py:137} INFO - [2022-11-22T19:51:58.397+0000] {dag.py:3340} INFO - Setting next_dagrun for example_branch_operator to 2022-11-21T00:00:00+00:00, run_after=2022-11-22T00:00:00+00:00
[2022-11-22T19:51:58.409+0000] {processor.py:176} INFO - Processing /home/airflow/.local/lib/python3.7/site-packages/airflow/example_dags/example_branch_operator.py took 0.113 seconds
[2022-11-22T19:52:29.395+0000] {processor.py:154} INFO - Started process (PID=3186) to work on /home/airflow/.local/lib/python3.7/site-packages/airflow/example_dags/example_branch_operator.py
[2022-11-22T19:52:29.396+0000] {processor.py:756} INFO - Processing file /home/airflow/.local/lib/python3.7/site-packages/airflow/example_dags/example_branch_operator.py for tasks to queue
[2022-11-22T19:52:29.398+0000] {logging_mixin.py:137} INFO - [2022-11-22T19:52:29.398+0000] {dagbag.py:537} INFO - Filling up the DagBag from /home/airflow/.local/lib/python3.7/site-packages/airflow/example_dags/example_branch_operator.py
[2022-11-22T19:52:29.417+0000] {processor.py:766} INFO - DAG(s) dict_keys(['example_branch_operator']) retrieved from /home/airflow/.local/lib/python3.7/site-packages/airflow/example_dags/example_branch_operator.py
[2022-11-22T19:52:29.474+0000] {logging_mixin.py:137} INFO - [2022-11-22T19:52:29.474+0000] {dag.py:2585} INFO - Sync 1 DAGs
[2022-11-22T19:52:29.519+0000] {logging_mixin.py:137} INFO - [2022-11-22T19:52:29.519+0000] {dag.py:3340} INFO - Setting next_dagrun for example_branch_operator to 2022-11-21T00:00:00+00:00, run_after=2022-11-22T00:00:00+00:00
[2022-11-22T19:52:29.557+0000] {processor.py:176} INFO - Processing /home/airflow/.local/lib/python3.7/site-packages/airflow/example_dags/example_branch_operator.py took 0.165 seconds
[2022-11-22T19:53:00.517+0000] {processor.py:154} INFO - Started process (PID=3239) to work on /home/airflow/.local/lib/python3.7/site-packages/airflow/example_dags/example_branch_operator.py
[2022-11-22T19:53:00.518+0000] {processor.py:756} INFO - Processing file /home/airflow/.local/lib/python3.7/site-packages/airflow/example_dags/example_branch_operator.py for tasks to queue
[2022-11-22T19:53:00.519+0000] {logging_mixin.py:137} INFO - [2022-11-22T19:53:00.519+0000] {dagbag.py:537} INFO - Filling up the DagBag from /home/airflow/.local/lib/python3.7/site-packages/airflow/example_dags/example_branch_operator.py
[2022-11-22T19:53:00.540+0000] {processor.py:766} INFO - DAG(s) dict_keys(['example_branch_operator']) retrieved from /home/airflow/.local/lib/python3.7/site-packages/airflow/example_dags/example_branch_operator.py
[2022-11-22T19:53:00.575+0000] {logging_mixin.py:137} INFO - [2022-11-22T19:53:00.575+0000] {dag.py:2585} INFO - Sync 1 DAGs
[2022-11-22T19:53:00.593+0000] {logging_mixin.py:137} INFO - [2022-11-22T19:53:00.593+0000] {dag.py:3340} INFO - Setting next_dagrun for example_branch_operator to 2022-11-21T00:00:00+00:00, run_after=2022-11-22T00:00:00+00:00
[2022-11-22T19:53:00.608+0000] {processor.py:176} INFO - Processing /home/airflow/.local/lib/python3.7/site-packages/airflow/example_dags/example_branch_operator.py took 0.094 seconds
[2022-11-22T19:53:31.574+0000] {processor.py:154} INFO - Started process (PID=3302) to work on /home/airflow/.local/lib/python3.7/site-packages/airflow/example_dags/example_branch_operator.py
[2022-11-22T19:53:31.579+0000] {processor.py:756} INFO - Processing file /home/airflow/.local/lib/python3.7/site-packages/airflow/example_dags/example_branch_operator.py for tasks to queue
[2022-11-22T19:53:31.581+0000] {logging_mixin.py:137} INFO - [2022-11-22T19:53:31.581+0000] {dagbag.py:537} INFO - Filling up the DagBag from /home/airflow/.local/lib/python3.7/site-packages/airflow/example_dags/example_branch_operator.py
[2022-11-22T19:53:31.599+0000] {processor.py:766} INFO - DAG(s) dict_keys(['example_branch_operator']) retrieved from /home/airflow/.local/lib/python3.7/site-packages/airflow/example_dags/example_branch_operator.py
[2022-11-22T19:53:31.629+0000] {logging_mixin.py:137} INFO - [2022-11-22T19:53:31.629+0000] {dag.py:2585} INFO - Sync 1 DAGs
[2022-11-22T19:53:31.646+0000] {logging_mixin.py:137} INFO - [2022-11-22T19:53:31.646+0000] {dag.py:3340} INFO - Setting next_dagrun for example_branch_operator to 2022-11-21T00:00:00+00:00, run_after=2022-11-22T00:00:00+00:00
[2022-11-22T19:53:31.666+0000] {processor.py:176} INFO - Processing /home/airflow/.local/lib/python3.7/site-packages/airflow/example_dags/example_branch_operator.py took 0.097 seconds
[2022-11-22T19:54:02.283+0000] {processor.py:154} INFO - Started process (PID=3365) to work on /home/airflow/.local/lib/python3.7/site-packages/airflow/example_dags/example_branch_operator.py
[2022-11-22T19:54:02.285+0000] {processor.py:756} INFO - Processing file /home/airflow/.local/lib/python3.7/site-packages/airflow/example_dags/example_branch_operator.py for tasks to queue
[2022-11-22T19:54:02.286+0000] {logging_mixin.py:137} INFO - [2022-11-22T19:54:02.286+0000] {dagbag.py:537} INFO - Filling up the DagBag from /home/airflow/.local/lib/python3.7/site-packages/airflow/example_dags/example_branch_operator.py
[2022-11-22T19:54:02.306+0000] {processor.py:766} INFO - DAG(s) dict_keys(['example_branch_operator']) retrieved from /home/airflow/.local/lib/python3.7/site-packages/airflow/example_dags/example_branch_operator.py
[2022-11-22T19:54:02.346+0000] {logging_mixin.py:137} INFO - [2022-11-22T19:54:02.346+0000] {dag.py:2585} INFO - Sync 1 DAGs
[2022-11-22T19:54:02.366+0000] {logging_mixin.py:137} INFO - [2022-11-22T19:54:02.366+0000] {dag.py:3340} INFO - Setting next_dagrun for example_branch_operator to 2022-11-21T00:00:00+00:00, run_after=2022-11-22T00:00:00+00:00
[2022-11-22T19:54:02.379+0000] {processor.py:176} INFO - Processing /home/airflow/.local/lib/python3.7/site-packages/airflow/example_dags/example_branch_operator.py took 0.100 seconds
[2022-11-22T19:54:32.884+0000] {processor.py:154} INFO - Started process (PID=3427) to work on /home/airflow/.local/lib/python3.7/site-packages/airflow/example_dags/example_branch_operator.py
[2022-11-22T19:54:32.886+0000] {processor.py:756} INFO - Processing file /home/airflow/.local/lib/python3.7/site-packages/airflow/example_dags/example_branch_operator.py for tasks to queue
[2022-11-22T19:54:32.889+0000] {logging_mixin.py:137} INFO - [2022-11-22T19:54:32.888+0000] {dagbag.py:537} INFO - Filling up the DagBag from /home/airflow/.local/lib/python3.7/site-packages/airflow/example_dags/example_branch_operator.py
[2022-11-22T19:54:32.904+0000] {processor.py:766} INFO - DAG(s) dict_keys(['example_branch_operator']) retrieved from /home/airflow/.local/lib/python3.7/site-packages/airflow/example_dags/example_branch_operator.py
[2022-11-22T19:54:32.967+0000] {logging_mixin.py:137} INFO - [2022-11-22T19:54:32.966+0000] {dag.py:2585} INFO - Sync 1 DAGs
[2022-11-22T19:54:32.995+0000] {logging_mixin.py:137} INFO - [2022-11-22T19:54:32.995+0000] {dag.py:3340} INFO - Setting next_dagrun for example_branch_operator to 2022-11-21T00:00:00+00:00, run_after=2022-11-22T00:00:00+00:00
[2022-11-22T19:54:33.011+0000] {processor.py:176} INFO - Processing /home/airflow/.local/lib/python3.7/site-packages/airflow/example_dags/example_branch_operator.py took 0.130 seconds
[2022-11-22T19:55:03.919+0000] {processor.py:154} INFO - Started process (PID=3481) to work on /home/airflow/.local/lib/python3.7/site-packages/airflow/example_dags/example_branch_operator.py
[2022-11-22T19:55:03.921+0000] {processor.py:756} INFO - Processing file /home/airflow/.local/lib/python3.7/site-packages/airflow/example_dags/example_branch_operator.py for tasks to queue
[2022-11-22T19:55:03.939+0000] {logging_mixin.py:137} INFO - [2022-11-22T19:55:03.939+0000] {dagbag.py:537} INFO - Filling up the DagBag from /home/airflow/.local/lib/python3.7/site-packages/airflow/example_dags/example_branch_operator.py
[2022-11-22T19:55:03.953+0000] {processor.py:766} INFO - DAG(s) dict_keys(['example_branch_operator']) retrieved from /home/airflow/.local/lib/python3.7/site-packages/airflow/example_dags/example_branch_operator.py
[2022-11-22T19:55:03.986+0000] {logging_mixin.py:137} INFO - [2022-11-22T19:55:03.986+0000] {dag.py:2585} INFO - Sync 1 DAGs
[2022-11-22T19:55:04.004+0000] {logging_mixin.py:137} INFO - [2022-11-22T19:55:04.004+0000] {dag.py:3340} INFO - Setting next_dagrun for example_branch_operator to 2022-11-21T00:00:00+00:00, run_after=2022-11-22T00:00:00+00:00
[2022-11-22T19:55:04.018+0000] {processor.py:176} INFO - Processing /home/airflow/.local/lib/python3.7/site-packages/airflow/example_dags/example_branch_operator.py took 0.103 seconds
[2022-11-22T19:55:34.312+0000] {processor.py:154} INFO - Started process (PID=3544) to work on /home/airflow/.local/lib/python3.7/site-packages/airflow/example_dags/example_branch_operator.py
[2022-11-22T19:55:34.315+0000] {processor.py:756} INFO - Processing file /home/airflow/.local/lib/python3.7/site-packages/airflow/example_dags/example_branch_operator.py for tasks to queue
[2022-11-22T19:55:34.316+0000] {logging_mixin.py:137} INFO - [2022-11-22T19:55:34.316+0000] {dagbag.py:537} INFO - Filling up the DagBag from /home/airflow/.local/lib/python3.7/site-packages/airflow/example_dags/example_branch_operator.py
[2022-11-22T19:55:34.328+0000] {processor.py:766} INFO - DAG(s) dict_keys(['example_branch_operator']) retrieved from /home/airflow/.local/lib/python3.7/site-packages/airflow/example_dags/example_branch_operator.py
[2022-11-22T19:55:34.358+0000] {logging_mixin.py:137} INFO - [2022-11-22T19:55:34.358+0000] {dag.py:2585} INFO - Sync 1 DAGs
[2022-11-22T19:55:34.376+0000] {logging_mixin.py:137} INFO - [2022-11-22T19:55:34.376+0000] {dag.py:3340} INFO - Setting next_dagrun for example_branch_operator to 2022-11-21T00:00:00+00:00, run_after=2022-11-22T00:00:00+00:00
[2022-11-22T19:55:34.391+0000] {processor.py:176} INFO - Processing /home/airflow/.local/lib/python3.7/site-packages/airflow/example_dags/example_branch_operator.py took 0.081 seconds
[2022-11-22T19:56:05.230+0000] {processor.py:154} INFO - Started process (PID=3608) to work on /home/airflow/.local/lib/python3.7/site-packages/airflow/example_dags/example_branch_operator.py
[2022-11-22T19:56:05.233+0000] {processor.py:756} INFO - Processing file /home/airflow/.local/lib/python3.7/site-packages/airflow/example_dags/example_branch_operator.py for tasks to queue
[2022-11-22T19:56:05.234+0000] {logging_mixin.py:137} INFO - [2022-11-22T19:56:05.234+0000] {dagbag.py:537} INFO - Filling up the DagBag from /home/airflow/.local/lib/python3.7/site-packages/airflow/example_dags/example_branch_operator.py
[2022-11-22T19:56:05.248+0000] {processor.py:766} INFO - DAG(s) dict_keys(['example_branch_operator']) retrieved from /home/airflow/.local/lib/python3.7/site-packages/airflow/example_dags/example_branch_operator.py
[2022-11-22T19:56:05.284+0000] {logging_mixin.py:137} INFO - [2022-11-22T19:56:05.283+0000] {dag.py:2585} INFO - Sync 1 DAGs
[2022-11-22T19:56:05.316+0000] {logging_mixin.py:137} INFO - [2022-11-22T19:56:05.316+0000] {dag.py:3340} INFO - Setting next_dagrun for example_branch_operator to 2022-11-21T00:00:00+00:00, run_after=2022-11-22T00:00:00+00:00
[2022-11-22T19:56:05.345+0000] {processor.py:176} INFO - Processing /home/airflow/.local/lib/python3.7/site-packages/airflow/example_dags/example_branch_operator.py took 0.118 seconds
[2022-11-22T19:56:36.110+0000] {processor.py:154} INFO - Started process (PID=3670) to work on /home/airflow/.local/lib/python3.7/site-packages/airflow/example_dags/example_branch_operator.py
[2022-11-22T19:56:36.112+0000] {processor.py:756} INFO - Processing file /home/airflow/.local/lib/python3.7/site-packages/airflow/example_dags/example_branch_operator.py for tasks to queue
[2022-11-22T19:56:36.114+0000] {logging_mixin.py:137} INFO - [2022-11-22T19:56:36.114+0000] {dagbag.py:537} INFO - Filling up the DagBag from /home/airflow/.local/lib/python3.7/site-packages/airflow/example_dags/example_branch_operator.py
[2022-11-22T19:56:36.128+0000] {processor.py:766} INFO - DAG(s) dict_keys(['example_branch_operator']) retrieved from /home/airflow/.local/lib/python3.7/site-packages/airflow/example_dags/example_branch_operator.py
[2022-11-22T19:56:36.164+0000] {logging_mixin.py:137} INFO - [2022-11-22T19:56:36.164+0000] {dag.py:2585} INFO - Sync 1 DAGs
[2022-11-22T19:56:36.186+0000] {logging_mixin.py:137} INFO - [2022-11-22T19:56:36.185+0000] {dag.py:3340} INFO - Setting next_dagrun for example_branch_operator to 2022-11-21T00:00:00+00:00, run_after=2022-11-22T00:00:00+00:00
[2022-11-22T19:56:36.201+0000] {processor.py:176} INFO - Processing /home/airflow/.local/lib/python3.7/site-packages/airflow/example_dags/example_branch_operator.py took 0.095 seconds
[2022-11-22T19:57:06.769+0000] {processor.py:154} INFO - Started process (PID=3724) to work on /home/airflow/.local/lib/python3.7/site-packages/airflow/example_dags/example_branch_operator.py
[2022-11-22T19:57:06.771+0000] {processor.py:756} INFO - Processing file /home/airflow/.local/lib/python3.7/site-packages/airflow/example_dags/example_branch_operator.py for tasks to queue
[2022-11-22T19:57:06.772+0000] {logging_mixin.py:137} INFO - [2022-11-22T19:57:06.772+0000] {dagbag.py:537} INFO - Filling up the DagBag from /home/airflow/.local/lib/python3.7/site-packages/airflow/example_dags/example_branch_operator.py
[2022-11-22T19:57:06.788+0000] {processor.py:766} INFO - DAG(s) dict_keys(['example_branch_operator']) retrieved from /home/airflow/.local/lib/python3.7/site-packages/airflow/example_dags/example_branch_operator.py
[2022-11-22T19:57:06.827+0000] {logging_mixin.py:137} INFO - [2022-11-22T19:57:06.827+0000] {dag.py:2585} INFO - Sync 1 DAGs
[2022-11-22T19:57:06.846+0000] {logging_mixin.py:137} INFO - [2022-11-22T19:57:06.846+0000] {dag.py:3340} INFO - Setting next_dagrun for example_branch_operator to 2022-11-21T00:00:00+00:00, run_after=2022-11-22T00:00:00+00:00
[2022-11-22T19:57:06.865+0000] {processor.py:176} INFO - Processing /home/airflow/.local/lib/python3.7/site-packages/airflow/example_dags/example_branch_operator.py took 0.099 seconds
[2022-11-22T20:30:52.957+0000] {processor.py:154} INFO - Started process (PID=3788) to work on /home/airflow/.local/lib/python3.7/site-packages/airflow/example_dags/example_branch_operator.py
[2022-11-22T20:30:52.960+0000] {processor.py:756} INFO - Processing file /home/airflow/.local/lib/python3.7/site-packages/airflow/example_dags/example_branch_operator.py for tasks to queue
[2022-11-22T20:30:52.962+0000] {logging_mixin.py:137} INFO - [2022-11-22T20:30:52.962+0000] {dagbag.py:537} INFO - Filling up the DagBag from /home/airflow/.local/lib/python3.7/site-packages/airflow/example_dags/example_branch_operator.py
[2022-11-22T20:30:52.977+0000] {processor.py:766} INFO - DAG(s) dict_keys(['example_branch_operator']) retrieved from /home/airflow/.local/lib/python3.7/site-packages/airflow/example_dags/example_branch_operator.py
[2022-11-22T20:30:53.025+0000] {logging_mixin.py:137} INFO - [2022-11-22T20:30:53.025+0000] {dag.py:2585} INFO - Sync 1 DAGs
[2022-11-22T20:30:53.052+0000] {logging_mixin.py:137} INFO - [2022-11-22T20:30:53.052+0000] {dag.py:3340} INFO - Setting next_dagrun for example_branch_operator to 2022-11-21T00:00:00+00:00, run_after=2022-11-22T00:00:00+00:00
[2022-11-22T20:30:53.074+0000] {processor.py:176} INFO - Processing /home/airflow/.local/lib/python3.7/site-packages/airflow/example_dags/example_branch_operator.py took 0.122 seconds
[2022-11-22T21:34:48.900+0000] {processor.py:154} INFO - Started process (PID=3842) to work on /home/airflow/.local/lib/python3.7/site-packages/airflow/example_dags/example_branch_operator.py
[2022-11-22T21:34:48.902+0000] {processor.py:756} INFO - Processing file /home/airflow/.local/lib/python3.7/site-packages/airflow/example_dags/example_branch_operator.py for tasks to queue
[2022-11-22T21:34:48.904+0000] {logging_mixin.py:137} INFO - [2022-11-22T21:34:48.904+0000] {dagbag.py:537} INFO - Filling up the DagBag from /home/airflow/.local/lib/python3.7/site-packages/airflow/example_dags/example_branch_operator.py
[2022-11-22T21:34:48.915+0000] {processor.py:766} INFO - DAG(s) dict_keys(['example_branch_operator']) retrieved from /home/airflow/.local/lib/python3.7/site-packages/airflow/example_dags/example_branch_operator.py
[2022-11-22T21:34:48.943+0000] {logging_mixin.py:137} INFO - [2022-11-22T21:34:48.943+0000] {dag.py:2585} INFO - Sync 1 DAGs
[2022-11-22T21:34:48.961+0000] {logging_mixin.py:137} INFO - [2022-11-22T21:34:48.961+0000] {dag.py:3340} INFO - Setting next_dagrun for example_branch_operator to 2022-11-21T00:00:00+00:00, run_after=2022-11-22T00:00:00+00:00
[2022-11-22T21:34:48.976+0000] {processor.py:176} INFO - Processing /home/airflow/.local/lib/python3.7/site-packages/airflow/example_dags/example_branch_operator.py took 0.079 seconds
[2022-11-22T22:39:30.836+0000] {processor.py:154} INFO - Started process (PID=3906) to work on /home/airflow/.local/lib/python3.7/site-packages/airflow/example_dags/example_branch_operator.py
[2022-11-22T22:39:30.840+0000] {processor.py:756} INFO - Processing file /home/airflow/.local/lib/python3.7/site-packages/airflow/example_dags/example_branch_operator.py for tasks to queue
[2022-11-22T22:39:30.843+0000] {logging_mixin.py:137} INFO - [2022-11-22T22:39:30.842+0000] {dagbag.py:537} INFO - Filling up the DagBag from /home/airflow/.local/lib/python3.7/site-packages/airflow/example_dags/example_branch_operator.py
[2022-11-22T22:39:30.879+0000] {processor.py:766} INFO - DAG(s) dict_keys(['example_branch_operator']) retrieved from /home/airflow/.local/lib/python3.7/site-packages/airflow/example_dags/example_branch_operator.py
[2022-11-22T22:39:30.929+0000] {logging_mixin.py:137} INFO - [2022-11-22T22:39:30.929+0000] {dag.py:2585} INFO - Sync 1 DAGs
[2022-11-22T22:39:30.969+0000] {logging_mixin.py:137} INFO - [2022-11-22T22:39:30.969+0000] {dag.py:3340} INFO - Setting next_dagrun for example_branch_operator to 2022-11-21T00:00:00+00:00, run_after=2022-11-22T00:00:00+00:00
[2022-11-22T22:39:30.995+0000] {processor.py:176} INFO - Processing /home/airflow/.local/lib/python3.7/site-packages/airflow/example_dags/example_branch_operator.py took 0.162 seconds
[2022-11-22T23:47:26.174+0000] {processor.py:154} INFO - Started process (PID=3960) to work on /home/airflow/.local/lib/python3.7/site-packages/airflow/example_dags/example_branch_operator.py
[2022-11-22T23:47:26.181+0000] {processor.py:756} INFO - Processing file /home/airflow/.local/lib/python3.7/site-packages/airflow/example_dags/example_branch_operator.py for tasks to queue
[2022-11-22T23:47:26.183+0000] {logging_mixin.py:137} INFO - [2022-11-22T23:47:26.183+0000] {dagbag.py:537} INFO - Filling up the DagBag from /home/airflow/.local/lib/python3.7/site-packages/airflow/example_dags/example_branch_operator.py
[2022-11-22T23:47:26.199+0000] {processor.py:766} INFO - DAG(s) dict_keys(['example_branch_operator']) retrieved from /home/airflow/.local/lib/python3.7/site-packages/airflow/example_dags/example_branch_operator.py
[2022-11-22T23:47:26.240+0000] {logging_mixin.py:137} INFO - [2022-11-22T23:47:26.240+0000] {dag.py:2585} INFO - Sync 1 DAGs
[2022-11-22T23:47:26.263+0000] {logging_mixin.py:137} INFO - [2022-11-22T23:47:26.262+0000] {dag.py:3340} INFO - Setting next_dagrun for example_branch_operator to 2022-11-21T00:00:00+00:00, run_after=2022-11-22T00:00:00+00:00
[2022-11-22T23:47:26.278+0000] {processor.py:176} INFO - Processing /home/airflow/.local/lib/python3.7/site-packages/airflow/example_dags/example_branch_operator.py took 0.106 seconds
