[2022-11-22T19:26:25.824+0000] {processor.py:154} INFO - Started process (PID=65) to work on /home/airflow/.local/lib/python3.7/site-packages/airflow/example_dags/example_skip_dag.py
[2022-11-22T19:26:25.828+0000] {processor.py:756} INFO - Processing file /home/airflow/.local/lib/python3.7/site-packages/airflow/example_dags/example_skip_dag.py for tasks to queue
[2022-11-22T19:26:25.832+0000] {logging_mixin.py:137} INFO - [2022-11-22T19:26:25.831+0000] {dagbag.py:537} INFO - Filling up the DagBag from /home/airflow/.local/lib/python3.7/site-packages/airflow/example_dags/example_skip_dag.py
[2022-11-22T19:26:25.863+0000] {processor.py:766} INFO - DAG(s) dict_keys(['example_skip_dag']) retrieved from /home/airflow/.local/lib/python3.7/site-packages/airflow/example_dags/example_skip_dag.py
[2022-11-22T19:26:25.977+0000] {logging_mixin.py:137} INFO - [2022-11-22T19:26:25.976+0000] {manager.py:507} INFO - Created Permission View: can delete on DAG:example_skip_dag
[2022-11-22T19:26:25.989+0000] {logging_mixin.py:137} INFO - [2022-11-22T19:26:25.989+0000] {manager.py:507} INFO - Created Permission View: can read on DAG:example_skip_dag
[2022-11-22T19:26:26.000+0000] {logging_mixin.py:137} INFO - [2022-11-22T19:26:26.000+0000] {manager.py:507} INFO - Created Permission View: can edit on DAG:example_skip_dag
[2022-11-22T19:26:26.001+0000] {logging_mixin.py:137} INFO - [2022-11-22T19:26:26.001+0000] {dag.py:2585} INFO - Sync 1 DAGs
[2022-11-22T19:26:26.010+0000] {logging_mixin.py:137} INFO - [2022-11-22T19:26:26.010+0000] {dag.py:2606} INFO - Creating ORM DAG for example_skip_dag
[2022-11-22T19:26:26.024+0000] {logging_mixin.py:137} INFO - [2022-11-22T19:26:26.024+0000] {dag.py:3340} INFO - Setting next_dagrun for example_skip_dag to 2022-11-21T19:26:26.023780+00:00, run_after=2022-11-22T19:26:26.023780+00:00
[2022-11-22T19:26:26.057+0000] {processor.py:176} INFO - Processing /home/airflow/.local/lib/python3.7/site-packages/airflow/example_dags/example_skip_dag.py took 0.237 seconds
[2022-11-22T19:26:56.335+0000] {processor.py:154} INFO - Started process (PID=128) to work on /home/airflow/.local/lib/python3.7/site-packages/airflow/example_dags/example_skip_dag.py
[2022-11-22T19:26:56.336+0000] {processor.py:756} INFO - Processing file /home/airflow/.local/lib/python3.7/site-packages/airflow/example_dags/example_skip_dag.py for tasks to queue
[2022-11-22T19:26:56.337+0000] {logging_mixin.py:137} INFO - [2022-11-22T19:26:56.337+0000] {dagbag.py:537} INFO - Filling up the DagBag from /home/airflow/.local/lib/python3.7/site-packages/airflow/example_dags/example_skip_dag.py
[2022-11-22T19:26:56.349+0000] {processor.py:766} INFO - DAG(s) dict_keys(['example_skip_dag']) retrieved from /home/airflow/.local/lib/python3.7/site-packages/airflow/example_dags/example_skip_dag.py
[2022-11-22T19:26:56.383+0000] {logging_mixin.py:137} INFO - [2022-11-22T19:26:56.383+0000] {dag.py:2585} INFO - Sync 1 DAGs
[2022-11-22T19:26:56.420+0000] {logging_mixin.py:137} INFO - [2022-11-22T19:26:56.420+0000] {dag.py:3340} INFO - Setting next_dagrun for example_skip_dag to 2022-11-21T19:26:56.420096+00:00, run_after=2022-11-22T19:26:56.420096+00:00
[2022-11-22T19:26:56.453+0000] {processor.py:176} INFO - Processing /home/airflow/.local/lib/python3.7/site-packages/airflow/example_dags/example_skip_dag.py took 0.121 seconds
[2022-11-22T19:27:26.720+0000] {processor.py:154} INFO - Started process (PID=193) to work on /home/airflow/.local/lib/python3.7/site-packages/airflow/example_dags/example_skip_dag.py
[2022-11-22T19:27:26.722+0000] {processor.py:756} INFO - Processing file /home/airflow/.local/lib/python3.7/site-packages/airflow/example_dags/example_skip_dag.py for tasks to queue
[2022-11-22T19:27:26.724+0000] {logging_mixin.py:137} INFO - [2022-11-22T19:27:26.723+0000] {dagbag.py:537} INFO - Filling up the DagBag from /home/airflow/.local/lib/python3.7/site-packages/airflow/example_dags/example_skip_dag.py
[2022-11-22T19:27:26.736+0000] {processor.py:766} INFO - DAG(s) dict_keys(['example_skip_dag']) retrieved from /home/airflow/.local/lib/python3.7/site-packages/airflow/example_dags/example_skip_dag.py
[2022-11-22T19:27:26.770+0000] {logging_mixin.py:137} INFO - [2022-11-22T19:27:26.770+0000] {dag.py:2585} INFO - Sync 1 DAGs
[2022-11-22T19:27:26.784+0000] {logging_mixin.py:137} INFO - [2022-11-22T19:27:26.784+0000] {dag.py:3340} INFO - Setting next_dagrun for example_skip_dag to 2022-11-21T19:27:26.784120+00:00, run_after=2022-11-22T19:27:26.784120+00:00
[2022-11-22T19:27:26.794+0000] {processor.py:176} INFO - Processing /home/airflow/.local/lib/python3.7/site-packages/airflow/example_dags/example_skip_dag.py took 0.076 seconds
[2022-11-22T19:27:57.024+0000] {processor.py:154} INFO - Started process (PID=247) to work on /home/airflow/.local/lib/python3.7/site-packages/airflow/example_dags/example_skip_dag.py
[2022-11-22T19:27:57.026+0000] {processor.py:756} INFO - Processing file /home/airflow/.local/lib/python3.7/site-packages/airflow/example_dags/example_skip_dag.py for tasks to queue
[2022-11-22T19:27:57.030+0000] {logging_mixin.py:137} INFO - [2022-11-22T19:27:57.030+0000] {dagbag.py:537} INFO - Filling up the DagBag from /home/airflow/.local/lib/python3.7/site-packages/airflow/example_dags/example_skip_dag.py
[2022-11-22T19:27:57.046+0000] {processor.py:766} INFO - DAG(s) dict_keys(['example_skip_dag']) retrieved from /home/airflow/.local/lib/python3.7/site-packages/airflow/example_dags/example_skip_dag.py
[2022-11-22T19:27:57.092+0000] {logging_mixin.py:137} INFO - [2022-11-22T19:27:57.092+0000] {dag.py:2585} INFO - Sync 1 DAGs
[2022-11-22T19:27:57.110+0000] {logging_mixin.py:137} INFO - [2022-11-22T19:27:57.110+0000] {dag.py:3340} INFO - Setting next_dagrun for example_skip_dag to 2022-11-21T19:27:57.110357+00:00, run_after=2022-11-22T19:27:57.110357+00:00
[2022-11-22T19:27:57.125+0000] {processor.py:176} INFO - Processing /home/airflow/.local/lib/python3.7/site-packages/airflow/example_dags/example_skip_dag.py took 0.103 seconds
[2022-11-22T19:28:27.426+0000] {processor.py:154} INFO - Started process (PID=309) to work on /home/airflow/.local/lib/python3.7/site-packages/airflow/example_dags/example_skip_dag.py
[2022-11-22T19:28:27.427+0000] {processor.py:756} INFO - Processing file /home/airflow/.local/lib/python3.7/site-packages/airflow/example_dags/example_skip_dag.py for tasks to queue
[2022-11-22T19:28:27.428+0000] {logging_mixin.py:137} INFO - [2022-11-22T19:28:27.428+0000] {dagbag.py:537} INFO - Filling up the DagBag from /home/airflow/.local/lib/python3.7/site-packages/airflow/example_dags/example_skip_dag.py
[2022-11-22T19:28:27.438+0000] {processor.py:766} INFO - DAG(s) dict_keys(['example_skip_dag']) retrieved from /home/airflow/.local/lib/python3.7/site-packages/airflow/example_dags/example_skip_dag.py
[2022-11-22T19:28:27.469+0000] {logging_mixin.py:137} INFO - [2022-11-22T19:28:27.468+0000] {dag.py:2585} INFO - Sync 1 DAGs
[2022-11-22T19:28:27.495+0000] {logging_mixin.py:137} INFO - [2022-11-22T19:28:27.495+0000] {dag.py:3340} INFO - Setting next_dagrun for example_skip_dag to 2022-11-21T19:28:27.494366+00:00, run_after=2022-11-22T19:28:27.494366+00:00
[2022-11-22T19:28:27.515+0000] {processor.py:176} INFO - Processing /home/airflow/.local/lib/python3.7/site-packages/airflow/example_dags/example_skip_dag.py took 0.091 seconds
[2022-11-22T19:28:57.569+0000] {processor.py:154} INFO - Started process (PID=371) to work on /home/airflow/.local/lib/python3.7/site-packages/airflow/example_dags/example_skip_dag.py
[2022-11-22T19:28:57.571+0000] {processor.py:756} INFO - Processing file /home/airflow/.local/lib/python3.7/site-packages/airflow/example_dags/example_skip_dag.py for tasks to queue
[2022-11-22T19:28:57.572+0000] {logging_mixin.py:137} INFO - [2022-11-22T19:28:57.572+0000] {dagbag.py:537} INFO - Filling up the DagBag from /home/airflow/.local/lib/python3.7/site-packages/airflow/example_dags/example_skip_dag.py
[2022-11-22T19:28:57.585+0000] {processor.py:766} INFO - DAG(s) dict_keys(['example_skip_dag']) retrieved from /home/airflow/.local/lib/python3.7/site-packages/airflow/example_dags/example_skip_dag.py
[2022-11-22T19:28:57.615+0000] {logging_mixin.py:137} INFO - [2022-11-22T19:28:57.615+0000] {dag.py:2585} INFO - Sync 1 DAGs
[2022-11-22T19:28:57.634+0000] {logging_mixin.py:137} INFO - [2022-11-22T19:28:57.634+0000] {dag.py:3340} INFO - Setting next_dagrun for example_skip_dag to 2022-11-21T19:28:57.634270+00:00, run_after=2022-11-22T19:28:57.634270+00:00
[2022-11-22T19:28:57.649+0000] {processor.py:176} INFO - Processing /home/airflow/.local/lib/python3.7/site-packages/airflow/example_dags/example_skip_dag.py took 0.084 seconds
[2022-11-22T19:29:29.071+0000] {processor.py:154} INFO - Started process (PID=434) to work on /home/airflow/.local/lib/python3.7/site-packages/airflow/example_dags/example_skip_dag.py
[2022-11-22T19:29:29.074+0000] {processor.py:756} INFO - Processing file /home/airflow/.local/lib/python3.7/site-packages/airflow/example_dags/example_skip_dag.py for tasks to queue
[2022-11-22T19:29:29.075+0000] {logging_mixin.py:137} INFO - [2022-11-22T19:29:29.074+0000] {dagbag.py:537} INFO - Filling up the DagBag from /home/airflow/.local/lib/python3.7/site-packages/airflow/example_dags/example_skip_dag.py
[2022-11-22T19:29:29.084+0000] {processor.py:766} INFO - DAG(s) dict_keys(['example_skip_dag']) retrieved from /home/airflow/.local/lib/python3.7/site-packages/airflow/example_dags/example_skip_dag.py
[2022-11-22T19:29:29.108+0000] {logging_mixin.py:137} INFO - [2022-11-22T19:29:29.108+0000] {dag.py:2585} INFO - Sync 1 DAGs
[2022-11-22T19:29:29.123+0000] {logging_mixin.py:137} INFO - [2022-11-22T19:29:29.122+0000] {dag.py:3340} INFO - Setting next_dagrun for example_skip_dag to 2022-11-21T19:29:29.122748+00:00, run_after=2022-11-22T19:29:29.122748+00:00
[2022-11-22T19:29:29.133+0000] {processor.py:176} INFO - Processing /home/airflow/.local/lib/python3.7/site-packages/airflow/example_dags/example_skip_dag.py took 0.064 seconds
[2022-11-22T19:29:59.934+0000] {processor.py:154} INFO - Started process (PID=495) to work on /home/airflow/.local/lib/python3.7/site-packages/airflow/example_dags/example_skip_dag.py
[2022-11-22T19:29:59.936+0000] {processor.py:756} INFO - Processing file /home/airflow/.local/lib/python3.7/site-packages/airflow/example_dags/example_skip_dag.py for tasks to queue
[2022-11-22T19:29:59.938+0000] {logging_mixin.py:137} INFO - [2022-11-22T19:29:59.938+0000] {dagbag.py:537} INFO - Filling up the DagBag from /home/airflow/.local/lib/python3.7/site-packages/airflow/example_dags/example_skip_dag.py
[2022-11-22T19:29:59.952+0000] {processor.py:766} INFO - DAG(s) dict_keys(['example_skip_dag']) retrieved from /home/airflow/.local/lib/python3.7/site-packages/airflow/example_dags/example_skip_dag.py
[2022-11-22T19:29:59.990+0000] {logging_mixin.py:137} INFO - [2022-11-22T19:29:59.990+0000] {dag.py:2585} INFO - Sync 1 DAGs
[2022-11-22T19:30:00.020+0000] {logging_mixin.py:137} INFO - [2022-11-22T19:30:00.020+0000] {dag.py:3340} INFO - Setting next_dagrun for example_skip_dag to 2022-11-21T19:30:00.019891+00:00, run_after=2022-11-22T19:30:00.019891+00:00
[2022-11-22T19:30:00.053+0000] {processor.py:176} INFO - Processing /home/airflow/.local/lib/python3.7/site-packages/airflow/example_dags/example_skip_dag.py took 0.122 seconds
[2022-11-22T19:30:30.736+0000] {processor.py:154} INFO - Started process (PID=553) to work on /home/airflow/.local/lib/python3.7/site-packages/airflow/example_dags/example_skip_dag.py
[2022-11-22T19:30:30.737+0000] {processor.py:756} INFO - Processing file /home/airflow/.local/lib/python3.7/site-packages/airflow/example_dags/example_skip_dag.py for tasks to queue
[2022-11-22T19:30:30.738+0000] {logging_mixin.py:137} INFO - [2022-11-22T19:30:30.738+0000] {dagbag.py:537} INFO - Filling up the DagBag from /home/airflow/.local/lib/python3.7/site-packages/airflow/example_dags/example_skip_dag.py
[2022-11-22T19:30:30.749+0000] {processor.py:766} INFO - DAG(s) dict_keys(['example_skip_dag']) retrieved from /home/airflow/.local/lib/python3.7/site-packages/airflow/example_dags/example_skip_dag.py
[2022-11-22T19:30:30.776+0000] {logging_mixin.py:137} INFO - [2022-11-22T19:30:30.776+0000] {dag.py:2585} INFO - Sync 1 DAGs
[2022-11-22T19:30:30.792+0000] {logging_mixin.py:137} INFO - [2022-11-22T19:30:30.792+0000] {dag.py:3340} INFO - Setting next_dagrun for example_skip_dag to 2022-11-21T19:30:30.792084+00:00, run_after=2022-11-22T19:30:30.792084+00:00
[2022-11-22T19:30:30.805+0000] {processor.py:176} INFO - Processing /home/airflow/.local/lib/python3.7/site-packages/airflow/example_dags/example_skip_dag.py took 0.071 seconds
[2022-11-22T19:31:01.586+0000] {processor.py:154} INFO - Started process (PID=616) to work on /home/airflow/.local/lib/python3.7/site-packages/airflow/example_dags/example_skip_dag.py
[2022-11-22T19:31:01.588+0000] {processor.py:756} INFO - Processing file /home/airflow/.local/lib/python3.7/site-packages/airflow/example_dags/example_skip_dag.py for tasks to queue
[2022-11-22T19:31:01.589+0000] {logging_mixin.py:137} INFO - [2022-11-22T19:31:01.589+0000] {dagbag.py:537} INFO - Filling up the DagBag from /home/airflow/.local/lib/python3.7/site-packages/airflow/example_dags/example_skip_dag.py
[2022-11-22T19:31:01.601+0000] {processor.py:766} INFO - DAG(s) dict_keys(['example_skip_dag']) retrieved from /home/airflow/.local/lib/python3.7/site-packages/airflow/example_dags/example_skip_dag.py
[2022-11-22T19:31:01.634+0000] {logging_mixin.py:137} INFO - [2022-11-22T19:31:01.634+0000] {dag.py:2585} INFO - Sync 1 DAGs
[2022-11-22T19:31:01.653+0000] {logging_mixin.py:137} INFO - [2022-11-22T19:31:01.653+0000] {dag.py:3340} INFO - Setting next_dagrun for example_skip_dag to 2022-11-21T19:31:01.653577+00:00, run_after=2022-11-22T19:31:01.653577+00:00
[2022-11-22T19:31:01.666+0000] {processor.py:176} INFO - Processing /home/airflow/.local/lib/python3.7/site-packages/airflow/example_dags/example_skip_dag.py took 0.083 seconds
[2022-11-22T19:31:32.306+0000] {processor.py:154} INFO - Started process (PID=680) to work on /home/airflow/.local/lib/python3.7/site-packages/airflow/example_dags/example_skip_dag.py
[2022-11-22T19:31:32.308+0000] {processor.py:756} INFO - Processing file /home/airflow/.local/lib/python3.7/site-packages/airflow/example_dags/example_skip_dag.py for tasks to queue
[2022-11-22T19:31:32.310+0000] {logging_mixin.py:137} INFO - [2022-11-22T19:31:32.310+0000] {dagbag.py:537} INFO - Filling up the DagBag from /home/airflow/.local/lib/python3.7/site-packages/airflow/example_dags/example_skip_dag.py
[2022-11-22T19:31:32.320+0000] {processor.py:766} INFO - DAG(s) dict_keys(['example_skip_dag']) retrieved from /home/airflow/.local/lib/python3.7/site-packages/airflow/example_dags/example_skip_dag.py
[2022-11-22T19:31:32.353+0000] {logging_mixin.py:137} INFO - [2022-11-22T19:31:32.353+0000] {dag.py:2585} INFO - Sync 1 DAGs
[2022-11-22T19:31:32.373+0000] {logging_mixin.py:137} INFO - [2022-11-22T19:31:32.373+0000] {dag.py:3340} INFO - Setting next_dagrun for example_skip_dag to 2022-11-21T19:31:32.373251+00:00, run_after=2022-11-22T19:31:32.373251+00:00
[2022-11-22T19:31:32.387+0000] {processor.py:176} INFO - Processing /home/airflow/.local/lib/python3.7/site-packages/airflow/example_dags/example_skip_dag.py took 0.083 seconds
[2022-11-22T19:32:02.869+0000] {processor.py:154} INFO - Started process (PID=743) to work on /home/airflow/.local/lib/python3.7/site-packages/airflow/example_dags/example_skip_dag.py
[2022-11-22T19:32:02.870+0000] {processor.py:756} INFO - Processing file /home/airflow/.local/lib/python3.7/site-packages/airflow/example_dags/example_skip_dag.py for tasks to queue
[2022-11-22T19:32:02.872+0000] {logging_mixin.py:137} INFO - [2022-11-22T19:32:02.872+0000] {dagbag.py:537} INFO - Filling up the DagBag from /home/airflow/.local/lib/python3.7/site-packages/airflow/example_dags/example_skip_dag.py
[2022-11-22T19:32:02.881+0000] {processor.py:766} INFO - DAG(s) dict_keys(['example_skip_dag']) retrieved from /home/airflow/.local/lib/python3.7/site-packages/airflow/example_dags/example_skip_dag.py
[2022-11-22T19:32:02.908+0000] {logging_mixin.py:137} INFO - [2022-11-22T19:32:02.908+0000] {dag.py:2585} INFO - Sync 1 DAGs
[2022-11-22T19:32:02.923+0000] {logging_mixin.py:137} INFO - [2022-11-22T19:32:02.923+0000] {dag.py:3340} INFO - Setting next_dagrun for example_skip_dag to 2022-11-21T19:32:02.922946+00:00, run_after=2022-11-22T19:32:02.922946+00:00
[2022-11-22T19:32:02.938+0000] {processor.py:176} INFO - Processing /home/airflow/.local/lib/python3.7/site-packages/airflow/example_dags/example_skip_dag.py took 0.072 seconds
[2022-11-22T19:32:33.463+0000] {processor.py:154} INFO - Started process (PID=797) to work on /home/airflow/.local/lib/python3.7/site-packages/airflow/example_dags/example_skip_dag.py
[2022-11-22T19:32:33.465+0000] {processor.py:756} INFO - Processing file /home/airflow/.local/lib/python3.7/site-packages/airflow/example_dags/example_skip_dag.py for tasks to queue
[2022-11-22T19:32:33.466+0000] {logging_mixin.py:137} INFO - [2022-11-22T19:32:33.466+0000] {dagbag.py:537} INFO - Filling up the DagBag from /home/airflow/.local/lib/python3.7/site-packages/airflow/example_dags/example_skip_dag.py
[2022-11-22T19:32:33.476+0000] {processor.py:766} INFO - DAG(s) dict_keys(['example_skip_dag']) retrieved from /home/airflow/.local/lib/python3.7/site-packages/airflow/example_dags/example_skip_dag.py
[2022-11-22T19:32:33.502+0000] {logging_mixin.py:137} INFO - [2022-11-22T19:32:33.502+0000] {dag.py:2585} INFO - Sync 1 DAGs
[2022-11-22T19:32:33.523+0000] {logging_mixin.py:137} INFO - [2022-11-22T19:32:33.523+0000] {dag.py:3340} INFO - Setting next_dagrun for example_skip_dag to 2022-11-21T19:32:33.523346+00:00, run_after=2022-11-22T19:32:33.523346+00:00
[2022-11-22T19:32:33.538+0000] {processor.py:176} INFO - Processing /home/airflow/.local/lib/python3.7/site-packages/airflow/example_dags/example_skip_dag.py took 0.077 seconds
[2022-11-22T19:33:04.392+0000] {processor.py:154} INFO - Started process (PID=860) to work on /home/airflow/.local/lib/python3.7/site-packages/airflow/example_dags/example_skip_dag.py
[2022-11-22T19:33:04.395+0000] {processor.py:756} INFO - Processing file /home/airflow/.local/lib/python3.7/site-packages/airflow/example_dags/example_skip_dag.py for tasks to queue
[2022-11-22T19:33:04.396+0000] {logging_mixin.py:137} INFO - [2022-11-22T19:33:04.396+0000] {dagbag.py:537} INFO - Filling up the DagBag from /home/airflow/.local/lib/python3.7/site-packages/airflow/example_dags/example_skip_dag.py
[2022-11-22T19:33:04.408+0000] {processor.py:766} INFO - DAG(s) dict_keys(['example_skip_dag']) retrieved from /home/airflow/.local/lib/python3.7/site-packages/airflow/example_dags/example_skip_dag.py
[2022-11-22T19:33:04.437+0000] {logging_mixin.py:137} INFO - [2022-11-22T19:33:04.437+0000] {dag.py:2585} INFO - Sync 1 DAGs
[2022-11-22T19:33:04.453+0000] {logging_mixin.py:137} INFO - [2022-11-22T19:33:04.453+0000] {dag.py:3340} INFO - Setting next_dagrun for example_skip_dag to 2022-11-21T19:33:04.453302+00:00, run_after=2022-11-22T19:33:04.453302+00:00
[2022-11-22T19:33:04.467+0000] {processor.py:176} INFO - Processing /home/airflow/.local/lib/python3.7/site-packages/airflow/example_dags/example_skip_dag.py took 0.077 seconds
[2022-11-22T19:33:34.793+0000] {processor.py:154} INFO - Started process (PID=923) to work on /home/airflow/.local/lib/python3.7/site-packages/airflow/example_dags/example_skip_dag.py
[2022-11-22T19:33:34.795+0000] {processor.py:756} INFO - Processing file /home/airflow/.local/lib/python3.7/site-packages/airflow/example_dags/example_skip_dag.py for tasks to queue
[2022-11-22T19:33:34.795+0000] {logging_mixin.py:137} INFO - [2022-11-22T19:33:34.795+0000] {dagbag.py:537} INFO - Filling up the DagBag from /home/airflow/.local/lib/python3.7/site-packages/airflow/example_dags/example_skip_dag.py
[2022-11-22T19:33:34.804+0000] {processor.py:766} INFO - DAG(s) dict_keys(['example_skip_dag']) retrieved from /home/airflow/.local/lib/python3.7/site-packages/airflow/example_dags/example_skip_dag.py
[2022-11-22T19:33:34.832+0000] {logging_mixin.py:137} INFO - [2022-11-22T19:33:34.831+0000] {dag.py:2585} INFO - Sync 1 DAGs
[2022-11-22T19:33:34.848+0000] {logging_mixin.py:137} INFO - [2022-11-22T19:33:34.848+0000] {dag.py:3340} INFO - Setting next_dagrun for example_skip_dag to 2022-11-21T19:33:34.848369+00:00, run_after=2022-11-22T19:33:34.848369+00:00
[2022-11-22T19:33:34.862+0000] {processor.py:176} INFO - Processing /home/airflow/.local/lib/python3.7/site-packages/airflow/example_dags/example_skip_dag.py took 0.070 seconds
[2022-11-22T19:34:05.927+0000] {processor.py:154} INFO - Started process (PID=986) to work on /home/airflow/.local/lib/python3.7/site-packages/airflow/example_dags/example_skip_dag.py
[2022-11-22T19:34:05.930+0000] {processor.py:756} INFO - Processing file /home/airflow/.local/lib/python3.7/site-packages/airflow/example_dags/example_skip_dag.py for tasks to queue
[2022-11-22T19:34:05.932+0000] {logging_mixin.py:137} INFO - [2022-11-22T19:34:05.932+0000] {dagbag.py:537} INFO - Filling up the DagBag from /home/airflow/.local/lib/python3.7/site-packages/airflow/example_dags/example_skip_dag.py
[2022-11-22T19:34:05.943+0000] {processor.py:766} INFO - DAG(s) dict_keys(['example_skip_dag']) retrieved from /home/airflow/.local/lib/python3.7/site-packages/airflow/example_dags/example_skip_dag.py
[2022-11-22T19:34:05.974+0000] {logging_mixin.py:137} INFO - [2022-11-22T19:34:05.974+0000] {dag.py:2585} INFO - Sync 1 DAGs
[2022-11-22T19:34:05.993+0000] {logging_mixin.py:137} INFO - [2022-11-22T19:34:05.993+0000] {dag.py:3340} INFO - Setting next_dagrun for example_skip_dag to 2022-11-21T19:34:05.993586+00:00, run_after=2022-11-22T19:34:05.993586+00:00
[2022-11-22T19:34:06.010+0000] {processor.py:176} INFO - Processing /home/airflow/.local/lib/python3.7/site-packages/airflow/example_dags/example_skip_dag.py took 0.085 seconds
[2022-11-22T19:34:37.262+0000] {processor.py:154} INFO - Started process (PID=1051) to work on /home/airflow/.local/lib/python3.7/site-packages/airflow/example_dags/example_skip_dag.py
[2022-11-22T19:34:37.264+0000] {processor.py:756} INFO - Processing file /home/airflow/.local/lib/python3.7/site-packages/airflow/example_dags/example_skip_dag.py for tasks to queue
[2022-11-22T19:34:37.266+0000] {logging_mixin.py:137} INFO - [2022-11-22T19:34:37.265+0000] {dagbag.py:537} INFO - Filling up the DagBag from /home/airflow/.local/lib/python3.7/site-packages/airflow/example_dags/example_skip_dag.py
[2022-11-22T19:34:37.277+0000] {processor.py:766} INFO - DAG(s) dict_keys(['example_skip_dag']) retrieved from /home/airflow/.local/lib/python3.7/site-packages/airflow/example_dags/example_skip_dag.py
[2022-11-22T19:34:37.320+0000] {logging_mixin.py:137} INFO - [2022-11-22T19:34:37.320+0000] {dag.py:2585} INFO - Sync 1 DAGs
[2022-11-22T19:34:37.340+0000] {logging_mixin.py:137} INFO - [2022-11-22T19:34:37.340+0000] {dag.py:3340} INFO - Setting next_dagrun for example_skip_dag to 2022-11-21T19:34:37.339821+00:00, run_after=2022-11-22T19:34:37.339821+00:00
[2022-11-22T19:34:37.353+0000] {processor.py:176} INFO - Processing /home/airflow/.local/lib/python3.7/site-packages/airflow/example_dags/example_skip_dag.py took 0.093 seconds
[2022-11-22T19:35:08.083+0000] {processor.py:154} INFO - Started process (PID=1105) to work on /home/airflow/.local/lib/python3.7/site-packages/airflow/example_dags/example_skip_dag.py
[2022-11-22T19:35:08.084+0000] {processor.py:756} INFO - Processing file /home/airflow/.local/lib/python3.7/site-packages/airflow/example_dags/example_skip_dag.py for tasks to queue
[2022-11-22T19:35:08.086+0000] {logging_mixin.py:137} INFO - [2022-11-22T19:35:08.086+0000] {dagbag.py:537} INFO - Filling up the DagBag from /home/airflow/.local/lib/python3.7/site-packages/airflow/example_dags/example_skip_dag.py
[2022-11-22T19:35:08.097+0000] {processor.py:766} INFO - DAG(s) dict_keys(['example_skip_dag']) retrieved from /home/airflow/.local/lib/python3.7/site-packages/airflow/example_dags/example_skip_dag.py
[2022-11-22T19:35:08.127+0000] {logging_mixin.py:137} INFO - [2022-11-22T19:35:08.127+0000] {dag.py:2585} INFO - Sync 1 DAGs
[2022-11-22T19:35:08.149+0000] {logging_mixin.py:137} INFO - [2022-11-22T19:35:08.149+0000] {dag.py:3340} INFO - Setting next_dagrun for example_skip_dag to 2022-11-21T19:35:08.148910+00:00, run_after=2022-11-22T19:35:08.148910+00:00
[2022-11-22T19:35:08.167+0000] {processor.py:176} INFO - Processing /home/airflow/.local/lib/python3.7/site-packages/airflow/example_dags/example_skip_dag.py took 0.087 seconds
[2022-11-22T19:35:39.454+0000] {processor.py:154} INFO - Started process (PID=1167) to work on /home/airflow/.local/lib/python3.7/site-packages/airflow/example_dags/example_skip_dag.py
[2022-11-22T19:35:39.456+0000] {processor.py:756} INFO - Processing file /home/airflow/.local/lib/python3.7/site-packages/airflow/example_dags/example_skip_dag.py for tasks to queue
[2022-11-22T19:35:39.457+0000] {logging_mixin.py:137} INFO - [2022-11-22T19:35:39.457+0000] {dagbag.py:537} INFO - Filling up the DagBag from /home/airflow/.local/lib/python3.7/site-packages/airflow/example_dags/example_skip_dag.py
[2022-11-22T19:35:39.467+0000] {processor.py:766} INFO - DAG(s) dict_keys(['example_skip_dag']) retrieved from /home/airflow/.local/lib/python3.7/site-packages/airflow/example_dags/example_skip_dag.py
[2022-11-22T19:35:39.496+0000] {logging_mixin.py:137} INFO - [2022-11-22T19:35:39.496+0000] {dag.py:2585} INFO - Sync 1 DAGs
[2022-11-22T19:35:39.514+0000] {logging_mixin.py:137} INFO - [2022-11-22T19:35:39.514+0000] {dag.py:3340} INFO - Setting next_dagrun for example_skip_dag to 2022-11-21T19:35:39.514538+00:00, run_after=2022-11-22T19:35:39.514538+00:00
[2022-11-22T19:35:39.528+0000] {processor.py:176} INFO - Processing /home/airflow/.local/lib/python3.7/site-packages/airflow/example_dags/example_skip_dag.py took 0.076 seconds
[2022-11-22T19:36:09.737+0000] {processor.py:154} INFO - Started process (PID=1229) to work on /home/airflow/.local/lib/python3.7/site-packages/airflow/example_dags/example_skip_dag.py
[2022-11-22T19:36:09.739+0000] {processor.py:756} INFO - Processing file /home/airflow/.local/lib/python3.7/site-packages/airflow/example_dags/example_skip_dag.py for tasks to queue
[2022-11-22T19:36:09.740+0000] {logging_mixin.py:137} INFO - [2022-11-22T19:36:09.740+0000] {dagbag.py:537} INFO - Filling up the DagBag from /home/airflow/.local/lib/python3.7/site-packages/airflow/example_dags/example_skip_dag.py
[2022-11-22T19:36:09.755+0000] {processor.py:766} INFO - DAG(s) dict_keys(['example_skip_dag']) retrieved from /home/airflow/.local/lib/python3.7/site-packages/airflow/example_dags/example_skip_dag.py
[2022-11-22T19:36:09.808+0000] {logging_mixin.py:137} INFO - [2022-11-22T19:36:09.808+0000] {dag.py:2585} INFO - Sync 1 DAGs
[2022-11-22T19:36:09.831+0000] {logging_mixin.py:137} INFO - [2022-11-22T19:36:09.831+0000] {dag.py:3340} INFO - Setting next_dagrun for example_skip_dag to 2022-11-21T19:36:09.830637+00:00, run_after=2022-11-22T19:36:09.830637+00:00
[2022-11-22T19:36:09.849+0000] {processor.py:176} INFO - Processing /home/airflow/.local/lib/python3.7/site-packages/airflow/example_dags/example_skip_dag.py took 0.114 seconds
[2022-11-22T19:36:39.974+0000] {processor.py:154} INFO - Started process (PID=1293) to work on /home/airflow/.local/lib/python3.7/site-packages/airflow/example_dags/example_skip_dag.py
[2022-11-22T19:36:39.976+0000] {processor.py:756} INFO - Processing file /home/airflow/.local/lib/python3.7/site-packages/airflow/example_dags/example_skip_dag.py for tasks to queue
[2022-11-22T19:36:39.977+0000] {logging_mixin.py:137} INFO - [2022-11-22T19:36:39.977+0000] {dagbag.py:537} INFO - Filling up the DagBag from /home/airflow/.local/lib/python3.7/site-packages/airflow/example_dags/example_skip_dag.py
[2022-11-22T19:36:39.989+0000] {processor.py:766} INFO - DAG(s) dict_keys(['example_skip_dag']) retrieved from /home/airflow/.local/lib/python3.7/site-packages/airflow/example_dags/example_skip_dag.py
[2022-11-22T19:36:40.036+0000] {logging_mixin.py:137} INFO - [2022-11-22T19:36:40.035+0000] {dag.py:2585} INFO - Sync 1 DAGs
[2022-11-22T19:36:40.058+0000] {logging_mixin.py:137} INFO - [2022-11-22T19:36:40.058+0000] {dag.py:3340} INFO - Setting next_dagrun for example_skip_dag to 2022-11-21T19:36:40.057832+00:00, run_after=2022-11-22T19:36:40.057832+00:00
[2022-11-22T19:36:40.071+0000] {processor.py:176} INFO - Processing /home/airflow/.local/lib/python3.7/site-packages/airflow/example_dags/example_skip_dag.py took 0.100 seconds
[2022-11-22T19:37:11.203+0000] {processor.py:154} INFO - Started process (PID=1357) to work on /home/airflow/.local/lib/python3.7/site-packages/airflow/example_dags/example_skip_dag.py
[2022-11-22T19:37:11.204+0000] {processor.py:756} INFO - Processing file /home/airflow/.local/lib/python3.7/site-packages/airflow/example_dags/example_skip_dag.py for tasks to queue
[2022-11-22T19:37:11.206+0000] {logging_mixin.py:137} INFO - [2022-11-22T19:37:11.206+0000] {dagbag.py:537} INFO - Filling up the DagBag from /home/airflow/.local/lib/python3.7/site-packages/airflow/example_dags/example_skip_dag.py
[2022-11-22T19:37:11.220+0000] {processor.py:766} INFO - DAG(s) dict_keys(['example_skip_dag']) retrieved from /home/airflow/.local/lib/python3.7/site-packages/airflow/example_dags/example_skip_dag.py
[2022-11-22T19:37:11.305+0000] {logging_mixin.py:137} INFO - [2022-11-22T19:37:11.305+0000] {dag.py:2585} INFO - Sync 1 DAGs
[2022-11-22T19:37:11.324+0000] {logging_mixin.py:137} INFO - [2022-11-22T19:37:11.324+0000] {dag.py:3340} INFO - Setting next_dagrun for example_skip_dag to 2022-11-21T19:37:11.324213+00:00, run_after=2022-11-22T19:37:11.324213+00:00
[2022-11-22T19:37:11.342+0000] {processor.py:176} INFO - Processing /home/airflow/.local/lib/python3.7/site-packages/airflow/example_dags/example_skip_dag.py took 0.143 seconds
[2022-11-22T19:37:41.603+0000] {processor.py:154} INFO - Started process (PID=1411) to work on /home/airflow/.local/lib/python3.7/site-packages/airflow/example_dags/example_skip_dag.py
[2022-11-22T19:37:41.604+0000] {processor.py:756} INFO - Processing file /home/airflow/.local/lib/python3.7/site-packages/airflow/example_dags/example_skip_dag.py for tasks to queue
[2022-11-22T19:37:41.605+0000] {logging_mixin.py:137} INFO - [2022-11-22T19:37:41.605+0000] {dagbag.py:537} INFO - Filling up the DagBag from /home/airflow/.local/lib/python3.7/site-packages/airflow/example_dags/example_skip_dag.py
[2022-11-22T19:37:41.621+0000] {processor.py:766} INFO - DAG(s) dict_keys(['example_skip_dag']) retrieved from /home/airflow/.local/lib/python3.7/site-packages/airflow/example_dags/example_skip_dag.py
[2022-11-22T19:37:41.653+0000] {logging_mixin.py:137} INFO - [2022-11-22T19:37:41.653+0000] {dag.py:2585} INFO - Sync 1 DAGs
[2022-11-22T19:37:41.673+0000] {logging_mixin.py:137} INFO - [2022-11-22T19:37:41.673+0000] {dag.py:3340} INFO - Setting next_dagrun for example_skip_dag to 2022-11-21T19:37:41.672880+00:00, run_after=2022-11-22T19:37:41.672880+00:00
[2022-11-22T19:37:41.687+0000] {processor.py:176} INFO - Processing /home/airflow/.local/lib/python3.7/site-packages/airflow/example_dags/example_skip_dag.py took 0.087 seconds
[2022-11-22T19:38:12.411+0000] {processor.py:154} INFO - Started process (PID=1474) to work on /home/airflow/.local/lib/python3.7/site-packages/airflow/example_dags/example_skip_dag.py
[2022-11-22T19:38:12.413+0000] {processor.py:756} INFO - Processing file /home/airflow/.local/lib/python3.7/site-packages/airflow/example_dags/example_skip_dag.py for tasks to queue
[2022-11-22T19:38:12.416+0000] {logging_mixin.py:137} INFO - [2022-11-22T19:38:12.415+0000] {dagbag.py:537} INFO - Filling up the DagBag from /home/airflow/.local/lib/python3.7/site-packages/airflow/example_dags/example_skip_dag.py
[2022-11-22T19:38:12.432+0000] {processor.py:766} INFO - DAG(s) dict_keys(['example_skip_dag']) retrieved from /home/airflow/.local/lib/python3.7/site-packages/airflow/example_dags/example_skip_dag.py
[2022-11-22T19:38:12.479+0000] {logging_mixin.py:137} INFO - [2022-11-22T19:38:12.479+0000] {dag.py:2585} INFO - Sync 1 DAGs
[2022-11-22T19:38:12.503+0000] {logging_mixin.py:137} INFO - [2022-11-22T19:38:12.503+0000] {dag.py:3340} INFO - Setting next_dagrun for example_skip_dag to 2022-11-21T19:38:12.503666+00:00, run_after=2022-11-22T19:38:12.503666+00:00
[2022-11-22T19:38:12.524+0000] {processor.py:176} INFO - Processing /home/airflow/.local/lib/python3.7/site-packages/airflow/example_dags/example_skip_dag.py took 0.117 seconds
[2022-11-22T19:38:43.261+0000] {processor.py:154} INFO - Started process (PID=1537) to work on /home/airflow/.local/lib/python3.7/site-packages/airflow/example_dags/example_skip_dag.py
[2022-11-22T19:38:43.267+0000] {processor.py:756} INFO - Processing file /home/airflow/.local/lib/python3.7/site-packages/airflow/example_dags/example_skip_dag.py for tasks to queue
[2022-11-22T19:38:43.271+0000] {logging_mixin.py:137} INFO - [2022-11-22T19:38:43.271+0000] {dagbag.py:537} INFO - Filling up the DagBag from /home/airflow/.local/lib/python3.7/site-packages/airflow/example_dags/example_skip_dag.py
[2022-11-22T19:38:43.323+0000] {processor.py:766} INFO - DAG(s) dict_keys(['example_skip_dag']) retrieved from /home/airflow/.local/lib/python3.7/site-packages/airflow/example_dags/example_skip_dag.py
[2022-11-22T19:38:43.420+0000] {logging_mixin.py:137} INFO - [2022-11-22T19:38:43.420+0000] {dag.py:2585} INFO - Sync 1 DAGs
[2022-11-22T19:38:43.458+0000] {logging_mixin.py:137} INFO - [2022-11-22T19:38:43.457+0000] {dag.py:3340} INFO - Setting next_dagrun for example_skip_dag to 2022-11-21T19:38:43.457255+00:00, run_after=2022-11-22T19:38:43.457255+00:00
[2022-11-22T19:38:43.528+0000] {processor.py:176} INFO - Processing /home/airflow/.local/lib/python3.7/site-packages/airflow/example_dags/example_skip_dag.py took 0.278 seconds
[2022-11-22T19:39:13.885+0000] {processor.py:154} INFO - Started process (PID=1600) to work on /home/airflow/.local/lib/python3.7/site-packages/airflow/example_dags/example_skip_dag.py
[2022-11-22T19:39:13.893+0000] {processor.py:756} INFO - Processing file /home/airflow/.local/lib/python3.7/site-packages/airflow/example_dags/example_skip_dag.py for tasks to queue
[2022-11-22T19:39:13.901+0000] {logging_mixin.py:137} INFO - [2022-11-22T19:39:13.901+0000] {dagbag.py:537} INFO - Filling up the DagBag from /home/airflow/.local/lib/python3.7/site-packages/airflow/example_dags/example_skip_dag.py
[2022-11-22T19:39:13.923+0000] {processor.py:766} INFO - DAG(s) dict_keys(['example_skip_dag']) retrieved from /home/airflow/.local/lib/python3.7/site-packages/airflow/example_dags/example_skip_dag.py
[2022-11-22T19:39:13.982+0000] {logging_mixin.py:137} INFO - [2022-11-22T19:39:13.982+0000] {dag.py:2585} INFO - Sync 1 DAGs
[2022-11-22T19:39:14.008+0000] {logging_mixin.py:137} INFO - [2022-11-22T19:39:14.007+0000] {dag.py:3340} INFO - Setting next_dagrun for example_skip_dag to 2022-11-21T19:39:14.007577+00:00, run_after=2022-11-22T19:39:14.007577+00:00
[2022-11-22T19:39:14.025+0000] {processor.py:176} INFO - Processing /home/airflow/.local/lib/python3.7/site-packages/airflow/example_dags/example_skip_dag.py took 0.143 seconds
[2022-11-22T19:39:44.067+0000] {processor.py:154} INFO - Started process (PID=1654) to work on /home/airflow/.local/lib/python3.7/site-packages/airflow/example_dags/example_skip_dag.py
[2022-11-22T19:39:44.070+0000] {processor.py:756} INFO - Processing file /home/airflow/.local/lib/python3.7/site-packages/airflow/example_dags/example_skip_dag.py for tasks to queue
[2022-11-22T19:39:44.072+0000] {logging_mixin.py:137} INFO - [2022-11-22T19:39:44.072+0000] {dagbag.py:537} INFO - Filling up the DagBag from /home/airflow/.local/lib/python3.7/site-packages/airflow/example_dags/example_skip_dag.py
[2022-11-22T19:39:44.082+0000] {processor.py:766} INFO - DAG(s) dict_keys(['example_skip_dag']) retrieved from /home/airflow/.local/lib/python3.7/site-packages/airflow/example_dags/example_skip_dag.py
[2022-11-22T19:39:44.106+0000] {logging_mixin.py:137} INFO - [2022-11-22T19:39:44.106+0000] {dag.py:2585} INFO - Sync 1 DAGs
[2022-11-22T19:39:44.122+0000] {logging_mixin.py:137} INFO - [2022-11-22T19:39:44.122+0000] {dag.py:3340} INFO - Setting next_dagrun for example_skip_dag to 2022-11-21T19:39:44.122160+00:00, run_after=2022-11-22T19:39:44.122160+00:00
[2022-11-22T19:39:44.133+0000] {processor.py:176} INFO - Processing /home/airflow/.local/lib/python3.7/site-packages/airflow/example_dags/example_skip_dag.py took 0.068 seconds
[2022-11-22T19:40:14.780+0000] {processor.py:154} INFO - Started process (PID=1719) to work on /home/airflow/.local/lib/python3.7/site-packages/airflow/example_dags/example_skip_dag.py
[2022-11-22T19:40:14.783+0000] {processor.py:756} INFO - Processing file /home/airflow/.local/lib/python3.7/site-packages/airflow/example_dags/example_skip_dag.py for tasks to queue
[2022-11-22T19:40:14.784+0000] {logging_mixin.py:137} INFO - [2022-11-22T19:40:14.784+0000] {dagbag.py:537} INFO - Filling up the DagBag from /home/airflow/.local/lib/python3.7/site-packages/airflow/example_dags/example_skip_dag.py
[2022-11-22T19:40:14.794+0000] {processor.py:766} INFO - DAG(s) dict_keys(['example_skip_dag']) retrieved from /home/airflow/.local/lib/python3.7/site-packages/airflow/example_dags/example_skip_dag.py
[2022-11-22T19:40:14.821+0000] {logging_mixin.py:137} INFO - [2022-11-22T19:40:14.821+0000] {dag.py:2585} INFO - Sync 1 DAGs
[2022-11-22T19:40:14.836+0000] {logging_mixin.py:137} INFO - [2022-11-22T19:40:14.835+0000] {dag.py:3340} INFO - Setting next_dagrun for example_skip_dag to 2022-11-21T19:40:14.835810+00:00, run_after=2022-11-22T19:40:14.835810+00:00
[2022-11-22T19:40:14.847+0000] {processor.py:176} INFO - Processing /home/airflow/.local/lib/python3.7/site-packages/airflow/example_dags/example_skip_dag.py took 0.070 seconds
[2022-11-22T19:40:45.032+0000] {processor.py:154} INFO - Started process (PID=1782) to work on /home/airflow/.local/lib/python3.7/site-packages/airflow/example_dags/example_skip_dag.py
[2022-11-22T19:40:45.033+0000] {processor.py:756} INFO - Processing file /home/airflow/.local/lib/python3.7/site-packages/airflow/example_dags/example_skip_dag.py for tasks to queue
[2022-11-22T19:40:45.034+0000] {logging_mixin.py:137} INFO - [2022-11-22T19:40:45.034+0000] {dagbag.py:537} INFO - Filling up the DagBag from /home/airflow/.local/lib/python3.7/site-packages/airflow/example_dags/example_skip_dag.py
[2022-11-22T19:40:45.047+0000] {processor.py:766} INFO - DAG(s) dict_keys(['example_skip_dag']) retrieved from /home/airflow/.local/lib/python3.7/site-packages/airflow/example_dags/example_skip_dag.py
[2022-11-22T19:40:45.079+0000] {logging_mixin.py:137} INFO - [2022-11-22T19:40:45.079+0000] {dag.py:2585} INFO - Sync 1 DAGs
[2022-11-22T19:40:45.096+0000] {logging_mixin.py:137} INFO - [2022-11-22T19:40:45.096+0000] {dag.py:3340} INFO - Setting next_dagrun for example_skip_dag to 2022-11-21T19:40:45.096256+00:00, run_after=2022-11-22T19:40:45.096256+00:00
[2022-11-22T19:40:45.108+0000] {processor.py:176} INFO - Processing /home/airflow/.local/lib/python3.7/site-packages/airflow/example_dags/example_skip_dag.py took 0.079 seconds
[2022-11-22T19:41:16.134+0000] {processor.py:154} INFO - Started process (PID=1846) to work on /home/airflow/.local/lib/python3.7/site-packages/airflow/example_dags/example_skip_dag.py
[2022-11-22T19:41:16.136+0000] {processor.py:756} INFO - Processing file /home/airflow/.local/lib/python3.7/site-packages/airflow/example_dags/example_skip_dag.py for tasks to queue
[2022-11-22T19:41:16.137+0000] {logging_mixin.py:137} INFO - [2022-11-22T19:41:16.137+0000] {dagbag.py:537} INFO - Filling up the DagBag from /home/airflow/.local/lib/python3.7/site-packages/airflow/example_dags/example_skip_dag.py
[2022-11-22T19:41:16.149+0000] {processor.py:766} INFO - DAG(s) dict_keys(['example_skip_dag']) retrieved from /home/airflow/.local/lib/python3.7/site-packages/airflow/example_dags/example_skip_dag.py
[2022-11-22T19:41:16.179+0000] {logging_mixin.py:137} INFO - [2022-11-22T19:41:16.179+0000] {dag.py:2585} INFO - Sync 1 DAGs
[2022-11-22T19:41:16.196+0000] {logging_mixin.py:137} INFO - [2022-11-22T19:41:16.196+0000] {dag.py:3340} INFO - Setting next_dagrun for example_skip_dag to 2022-11-21T19:41:16.196230+00:00, run_after=2022-11-22T19:41:16.196230+00:00
[2022-11-22T19:41:16.209+0000] {processor.py:176} INFO - Processing /home/airflow/.local/lib/python3.7/site-packages/airflow/example_dags/example_skip_dag.py took 0.077 seconds
[2022-11-22T19:41:46.327+0000] {processor.py:154} INFO - Started process (PID=1901) to work on /home/airflow/.local/lib/python3.7/site-packages/airflow/example_dags/example_skip_dag.py
[2022-11-22T19:41:46.329+0000] {processor.py:756} INFO - Processing file /home/airflow/.local/lib/python3.7/site-packages/airflow/example_dags/example_skip_dag.py for tasks to queue
[2022-11-22T19:41:46.331+0000] {logging_mixin.py:137} INFO - [2022-11-22T19:41:46.331+0000] {dagbag.py:537} INFO - Filling up the DagBag from /home/airflow/.local/lib/python3.7/site-packages/airflow/example_dags/example_skip_dag.py
[2022-11-22T19:41:46.343+0000] {processor.py:766} INFO - DAG(s) dict_keys(['example_skip_dag']) retrieved from /home/airflow/.local/lib/python3.7/site-packages/airflow/example_dags/example_skip_dag.py
[2022-11-22T19:41:46.370+0000] {logging_mixin.py:137} INFO - [2022-11-22T19:41:46.370+0000] {dag.py:2585} INFO - Sync 1 DAGs
[2022-11-22T19:41:46.387+0000] {logging_mixin.py:137} INFO - [2022-11-22T19:41:46.387+0000] {dag.py:3340} INFO - Setting next_dagrun for example_skip_dag to 2022-11-21T19:41:46.387301+00:00, run_after=2022-11-22T19:41:46.387301+00:00
[2022-11-22T19:41:46.400+0000] {processor.py:176} INFO - Processing /home/airflow/.local/lib/python3.7/site-packages/airflow/example_dags/example_skip_dag.py took 0.075 seconds
[2022-11-22T19:42:16.924+0000] {processor.py:154} INFO - Started process (PID=1964) to work on /home/airflow/.local/lib/python3.7/site-packages/airflow/example_dags/example_skip_dag.py
[2022-11-22T19:42:16.926+0000] {processor.py:756} INFO - Processing file /home/airflow/.local/lib/python3.7/site-packages/airflow/example_dags/example_skip_dag.py for tasks to queue
[2022-11-22T19:42:16.927+0000] {logging_mixin.py:137} INFO - [2022-11-22T19:42:16.927+0000] {dagbag.py:537} INFO - Filling up the DagBag from /home/airflow/.local/lib/python3.7/site-packages/airflow/example_dags/example_skip_dag.py
[2022-11-22T19:42:16.939+0000] {processor.py:766} INFO - DAG(s) dict_keys(['example_skip_dag']) retrieved from /home/airflow/.local/lib/python3.7/site-packages/airflow/example_dags/example_skip_dag.py
[2022-11-22T19:42:16.969+0000] {logging_mixin.py:137} INFO - [2022-11-22T19:42:16.969+0000] {dag.py:2585} INFO - Sync 1 DAGs
[2022-11-22T19:42:16.986+0000] {logging_mixin.py:137} INFO - [2022-11-22T19:42:16.986+0000] {dag.py:3340} INFO - Setting next_dagrun for example_skip_dag to 2022-11-21T19:42:16.985939+00:00, run_after=2022-11-22T19:42:16.985939+00:00
[2022-11-22T19:42:16.998+0000] {processor.py:176} INFO - Processing /home/airflow/.local/lib/python3.7/site-packages/airflow/example_dags/example_skip_dag.py took 0.077 seconds
[2022-11-22T19:42:47.924+0000] {processor.py:154} INFO - Started process (PID=2027) to work on /home/airflow/.local/lib/python3.7/site-packages/airflow/example_dags/example_skip_dag.py
[2022-11-22T19:42:47.926+0000] {processor.py:756} INFO - Processing file /home/airflow/.local/lib/python3.7/site-packages/airflow/example_dags/example_skip_dag.py for tasks to queue
[2022-11-22T19:42:47.927+0000] {logging_mixin.py:137} INFO - [2022-11-22T19:42:47.927+0000] {dagbag.py:537} INFO - Filling up the DagBag from /home/airflow/.local/lib/python3.7/site-packages/airflow/example_dags/example_skip_dag.py
[2022-11-22T19:42:47.937+0000] {processor.py:766} INFO - DAG(s) dict_keys(['example_skip_dag']) retrieved from /home/airflow/.local/lib/python3.7/site-packages/airflow/example_dags/example_skip_dag.py
[2022-11-22T19:42:47.973+0000] {logging_mixin.py:137} INFO - [2022-11-22T19:42:47.973+0000] {dag.py:2585} INFO - Sync 1 DAGs
[2022-11-22T19:42:47.990+0000] {logging_mixin.py:137} INFO - [2022-11-22T19:42:47.990+0000] {dag.py:3340} INFO - Setting next_dagrun for example_skip_dag to 2022-11-21T19:42:47.990001+00:00, run_after=2022-11-22T19:42:47.990001+00:00
[2022-11-22T19:42:48.002+0000] {processor.py:176} INFO - Processing /home/airflow/.local/lib/python3.7/site-packages/airflow/example_dags/example_skip_dag.py took 0.080 seconds
[2022-11-22T19:43:18.749+0000] {processor.py:154} INFO - Started process (PID=2090) to work on /home/airflow/.local/lib/python3.7/site-packages/airflow/example_dags/example_skip_dag.py
[2022-11-22T19:43:18.751+0000] {processor.py:756} INFO - Processing file /home/airflow/.local/lib/python3.7/site-packages/airflow/example_dags/example_skip_dag.py for tasks to queue
[2022-11-22T19:43:18.754+0000] {logging_mixin.py:137} INFO - [2022-11-22T19:43:18.753+0000] {dagbag.py:537} INFO - Filling up the DagBag from /home/airflow/.local/lib/python3.7/site-packages/airflow/example_dags/example_skip_dag.py
[2022-11-22T19:43:18.765+0000] {processor.py:766} INFO - DAG(s) dict_keys(['example_skip_dag']) retrieved from /home/airflow/.local/lib/python3.7/site-packages/airflow/example_dags/example_skip_dag.py
[2022-11-22T19:43:18.797+0000] {logging_mixin.py:137} INFO - [2022-11-22T19:43:18.796+0000] {dag.py:2585} INFO - Sync 1 DAGs
[2022-11-22T19:43:18.814+0000] {logging_mixin.py:137} INFO - [2022-11-22T19:43:18.814+0000] {dag.py:3340} INFO - Setting next_dagrun for example_skip_dag to 2022-11-21T19:43:18.814571+00:00, run_after=2022-11-22T19:43:18.814571+00:00
[2022-11-22T19:43:18.832+0000] {processor.py:176} INFO - Processing /home/airflow/.local/lib/python3.7/site-packages/airflow/example_dags/example_skip_dag.py took 0.086 seconds
[2022-11-22T19:43:49.977+0000] {processor.py:154} INFO - Started process (PID=2153) to work on /home/airflow/.local/lib/python3.7/site-packages/airflow/example_dags/example_skip_dag.py
[2022-11-22T19:43:49.979+0000] {processor.py:756} INFO - Processing file /home/airflow/.local/lib/python3.7/site-packages/airflow/example_dags/example_skip_dag.py for tasks to queue
[2022-11-22T19:43:49.981+0000] {logging_mixin.py:137} INFO - [2022-11-22T19:43:49.981+0000] {dagbag.py:537} INFO - Filling up the DagBag from /home/airflow/.local/lib/python3.7/site-packages/airflow/example_dags/example_skip_dag.py
[2022-11-22T19:43:49.998+0000] {processor.py:766} INFO - DAG(s) dict_keys(['example_skip_dag']) retrieved from /home/airflow/.local/lib/python3.7/site-packages/airflow/example_dags/example_skip_dag.py
[2022-11-22T19:43:50.039+0000] {logging_mixin.py:137} INFO - [2022-11-22T19:43:50.038+0000] {dag.py:2585} INFO - Sync 1 DAGs
[2022-11-22T19:43:50.067+0000] {logging_mixin.py:137} INFO - [2022-11-22T19:43:50.067+0000] {dag.py:3340} INFO - Setting next_dagrun for example_skip_dag to 2022-11-21T19:43:50.066924+00:00, run_after=2022-11-22T19:43:50.066924+00:00
[2022-11-22T19:43:50.094+0000] {processor.py:176} INFO - Processing /home/airflow/.local/lib/python3.7/site-packages/airflow/example_dags/example_skip_dag.py took 0.121 seconds
[2022-11-22T19:44:20.205+0000] {processor.py:154} INFO - Started process (PID=2207) to work on /home/airflow/.local/lib/python3.7/site-packages/airflow/example_dags/example_skip_dag.py
[2022-11-22T19:44:20.207+0000] {processor.py:756} INFO - Processing file /home/airflow/.local/lib/python3.7/site-packages/airflow/example_dags/example_skip_dag.py for tasks to queue
[2022-11-22T19:44:20.208+0000] {logging_mixin.py:137} INFO - [2022-11-22T19:44:20.208+0000] {dagbag.py:537} INFO - Filling up the DagBag from /home/airflow/.local/lib/python3.7/site-packages/airflow/example_dags/example_skip_dag.py
[2022-11-22T19:44:20.218+0000] {processor.py:766} INFO - DAG(s) dict_keys(['example_skip_dag']) retrieved from /home/airflow/.local/lib/python3.7/site-packages/airflow/example_dags/example_skip_dag.py
[2022-11-22T19:44:20.245+0000] {logging_mixin.py:137} INFO - [2022-11-22T19:44:20.245+0000] {dag.py:2585} INFO - Sync 1 DAGs
[2022-11-22T19:44:20.261+0000] {logging_mixin.py:137} INFO - [2022-11-22T19:44:20.261+0000] {dag.py:3340} INFO - Setting next_dagrun for example_skip_dag to 2022-11-21T19:44:20.261496+00:00, run_after=2022-11-22T19:44:20.261496+00:00
[2022-11-22T19:44:20.274+0000] {processor.py:176} INFO - Processing /home/airflow/.local/lib/python3.7/site-packages/airflow/example_dags/example_skip_dag.py took 0.071 seconds
[2022-11-22T19:44:50.298+0000] {processor.py:154} INFO - Started process (PID=2270) to work on /home/airflow/.local/lib/python3.7/site-packages/airflow/example_dags/example_skip_dag.py
[2022-11-22T19:44:50.299+0000] {processor.py:756} INFO - Processing file /home/airflow/.local/lib/python3.7/site-packages/airflow/example_dags/example_skip_dag.py for tasks to queue
[2022-11-22T19:44:50.300+0000] {logging_mixin.py:137} INFO - [2022-11-22T19:44:50.300+0000] {dagbag.py:537} INFO - Filling up the DagBag from /home/airflow/.local/lib/python3.7/site-packages/airflow/example_dags/example_skip_dag.py
[2022-11-22T19:44:50.318+0000] {processor.py:766} INFO - DAG(s) dict_keys(['example_skip_dag']) retrieved from /home/airflow/.local/lib/python3.7/site-packages/airflow/example_dags/example_skip_dag.py
[2022-11-22T19:44:50.349+0000] {logging_mixin.py:137} INFO - [2022-11-22T19:44:50.349+0000] {dag.py:2585} INFO - Sync 1 DAGs
[2022-11-22T19:44:50.366+0000] {logging_mixin.py:137} INFO - [2022-11-22T19:44:50.366+0000] {dag.py:3340} INFO - Setting next_dagrun for example_skip_dag to 2022-11-21T19:44:50.366112+00:00, run_after=2022-11-22T19:44:50.366112+00:00
[2022-11-22T19:44:50.379+0000] {processor.py:176} INFO - Processing /home/airflow/.local/lib/python3.7/site-packages/airflow/example_dags/example_skip_dag.py took 0.083 seconds
[2022-11-22T19:45:20.485+0000] {processor.py:154} INFO - Started process (PID=2333) to work on /home/airflow/.local/lib/python3.7/site-packages/airflow/example_dags/example_skip_dag.py
[2022-11-22T19:45:20.487+0000] {processor.py:756} INFO - Processing file /home/airflow/.local/lib/python3.7/site-packages/airflow/example_dags/example_skip_dag.py for tasks to queue
[2022-11-22T19:45:20.494+0000] {logging_mixin.py:137} INFO - [2022-11-22T19:45:20.494+0000] {dagbag.py:537} INFO - Filling up the DagBag from /home/airflow/.local/lib/python3.7/site-packages/airflow/example_dags/example_skip_dag.py
[2022-11-22T19:45:20.508+0000] {processor.py:766} INFO - DAG(s) dict_keys(['example_skip_dag']) retrieved from /home/airflow/.local/lib/python3.7/site-packages/airflow/example_dags/example_skip_dag.py
[2022-11-22T19:45:20.535+0000] {logging_mixin.py:137} INFO - [2022-11-22T19:45:20.535+0000] {dag.py:2585} INFO - Sync 1 DAGs
[2022-11-22T19:45:20.550+0000] {logging_mixin.py:137} INFO - [2022-11-22T19:45:20.550+0000] {dag.py:3340} INFO - Setting next_dagrun for example_skip_dag to 2022-11-21T19:45:20.550550+00:00, run_after=2022-11-22T19:45:20.550550+00:00
[2022-11-22T19:45:20.563+0000] {processor.py:176} INFO - Processing /home/airflow/.local/lib/python3.7/site-packages/airflow/example_dags/example_skip_dag.py took 0.080 seconds
[2022-11-22T19:45:51.288+0000] {processor.py:154} INFO - Started process (PID=2398) to work on /home/airflow/.local/lib/python3.7/site-packages/airflow/example_dags/example_skip_dag.py
[2022-11-22T19:45:51.291+0000] {processor.py:756} INFO - Processing file /home/airflow/.local/lib/python3.7/site-packages/airflow/example_dags/example_skip_dag.py for tasks to queue
[2022-11-22T19:45:51.293+0000] {logging_mixin.py:137} INFO - [2022-11-22T19:45:51.293+0000] {dagbag.py:537} INFO - Filling up the DagBag from /home/airflow/.local/lib/python3.7/site-packages/airflow/example_dags/example_skip_dag.py
[2022-11-22T19:45:51.307+0000] {processor.py:766} INFO - DAG(s) dict_keys(['example_skip_dag']) retrieved from /home/airflow/.local/lib/python3.7/site-packages/airflow/example_dags/example_skip_dag.py
[2022-11-22T19:45:51.345+0000] {logging_mixin.py:137} INFO - [2022-11-22T19:45:51.345+0000] {dag.py:2585} INFO - Sync 1 DAGs
[2022-11-22T19:45:51.380+0000] {logging_mixin.py:137} INFO - [2022-11-22T19:45:51.380+0000] {dag.py:3340} INFO - Setting next_dagrun for example_skip_dag to 2022-11-21T19:45:51.379126+00:00, run_after=2022-11-22T19:45:51.379126+00:00
[2022-11-22T19:45:51.406+0000] {processor.py:176} INFO - Processing /home/airflow/.local/lib/python3.7/site-packages/airflow/example_dags/example_skip_dag.py took 0.122 seconds
[2022-11-22T19:46:21.896+0000] {processor.py:154} INFO - Started process (PID=2453) to work on /home/airflow/.local/lib/python3.7/site-packages/airflow/example_dags/example_skip_dag.py
[2022-11-22T19:46:21.898+0000] {processor.py:756} INFO - Processing file /home/airflow/.local/lib/python3.7/site-packages/airflow/example_dags/example_skip_dag.py for tasks to queue
[2022-11-22T19:46:21.899+0000] {logging_mixin.py:137} INFO - [2022-11-22T19:46:21.899+0000] {dagbag.py:537} INFO - Filling up the DagBag from /home/airflow/.local/lib/python3.7/site-packages/airflow/example_dags/example_skip_dag.py
[2022-11-22T19:46:21.914+0000] {processor.py:766} INFO - DAG(s) dict_keys(['example_skip_dag']) retrieved from /home/airflow/.local/lib/python3.7/site-packages/airflow/example_dags/example_skip_dag.py
[2022-11-22T19:46:21.958+0000] {logging_mixin.py:137} INFO - [2022-11-22T19:46:21.958+0000] {dag.py:2585} INFO - Sync 1 DAGs
[2022-11-22T19:46:21.980+0000] {logging_mixin.py:137} INFO - [2022-11-22T19:46:21.980+0000] {dag.py:3340} INFO - Setting next_dagrun for example_skip_dag to 2022-11-21T19:46:21.980635+00:00, run_after=2022-11-22T19:46:21.980635+00:00
[2022-11-22T19:46:21.994+0000] {processor.py:176} INFO - Processing /home/airflow/.local/lib/python3.7/site-packages/airflow/example_dags/example_skip_dag.py took 0.101 seconds
[2022-11-22T19:46:52.620+0000] {processor.py:154} INFO - Started process (PID=2515) to work on /home/airflow/.local/lib/python3.7/site-packages/airflow/example_dags/example_skip_dag.py
[2022-11-22T19:46:52.621+0000] {processor.py:756} INFO - Processing file /home/airflow/.local/lib/python3.7/site-packages/airflow/example_dags/example_skip_dag.py for tasks to queue
[2022-11-22T19:46:52.623+0000] {logging_mixin.py:137} INFO - [2022-11-22T19:46:52.623+0000] {dagbag.py:537} INFO - Filling up the DagBag from /home/airflow/.local/lib/python3.7/site-packages/airflow/example_dags/example_skip_dag.py
[2022-11-22T19:46:52.635+0000] {processor.py:766} INFO - DAG(s) dict_keys(['example_skip_dag']) retrieved from /home/airflow/.local/lib/python3.7/site-packages/airflow/example_dags/example_skip_dag.py
[2022-11-22T19:46:52.667+0000] {logging_mixin.py:137} INFO - [2022-11-22T19:46:52.667+0000] {dag.py:2585} INFO - Sync 1 DAGs
[2022-11-22T19:46:52.686+0000] {logging_mixin.py:137} INFO - [2022-11-22T19:46:52.686+0000] {dag.py:3340} INFO - Setting next_dagrun for example_skip_dag to 2022-11-21T19:46:52.686630+00:00, run_after=2022-11-22T19:46:52.686630+00:00
[2022-11-22T19:46:52.701+0000] {processor.py:176} INFO - Processing /home/airflow/.local/lib/python3.7/site-packages/airflow/example_dags/example_skip_dag.py took 0.084 seconds
[2022-11-22T19:47:22.985+0000] {processor.py:154} INFO - Started process (PID=2578) to work on /home/airflow/.local/lib/python3.7/site-packages/airflow/example_dags/example_skip_dag.py
[2022-11-22T19:47:22.987+0000] {processor.py:756} INFO - Processing file /home/airflow/.local/lib/python3.7/site-packages/airflow/example_dags/example_skip_dag.py for tasks to queue
[2022-11-22T19:47:22.989+0000] {logging_mixin.py:137} INFO - [2022-11-22T19:47:22.989+0000] {dagbag.py:537} INFO - Filling up the DagBag from /home/airflow/.local/lib/python3.7/site-packages/airflow/example_dags/example_skip_dag.py
[2022-11-22T19:47:23.005+0000] {processor.py:766} INFO - DAG(s) dict_keys(['example_skip_dag']) retrieved from /home/airflow/.local/lib/python3.7/site-packages/airflow/example_dags/example_skip_dag.py
[2022-11-22T19:47:23.051+0000] {logging_mixin.py:137} INFO - [2022-11-22T19:47:23.051+0000] {dag.py:2585} INFO - Sync 1 DAGs
[2022-11-22T19:47:23.069+0000] {logging_mixin.py:137} INFO - [2022-11-22T19:47:23.069+0000] {dag.py:3340} INFO - Setting next_dagrun for example_skip_dag to 2022-11-21T19:47:23.069285+00:00, run_after=2022-11-22T19:47:23.069285+00:00
[2022-11-22T19:47:23.089+0000] {processor.py:176} INFO - Processing /home/airflow/.local/lib/python3.7/site-packages/airflow/example_dags/example_skip_dag.py took 0.109 seconds
[2022-11-22T19:47:53.396+0000] {processor.py:154} INFO - Started process (PID=2631) to work on /home/airflow/.local/lib/python3.7/site-packages/airflow/example_dags/example_skip_dag.py
[2022-11-22T19:47:53.398+0000] {processor.py:756} INFO - Processing file /home/airflow/.local/lib/python3.7/site-packages/airflow/example_dags/example_skip_dag.py for tasks to queue
[2022-11-22T19:47:53.403+0000] {logging_mixin.py:137} INFO - [2022-11-22T19:47:53.403+0000] {dagbag.py:537} INFO - Filling up the DagBag from /home/airflow/.local/lib/python3.7/site-packages/airflow/example_dags/example_skip_dag.py
[2022-11-22T19:47:53.421+0000] {processor.py:766} INFO - DAG(s) dict_keys(['example_skip_dag']) retrieved from /home/airflow/.local/lib/python3.7/site-packages/airflow/example_dags/example_skip_dag.py
[2022-11-22T19:47:53.454+0000] {logging_mixin.py:137} INFO - [2022-11-22T19:47:53.454+0000] {dag.py:2585} INFO - Sync 1 DAGs
[2022-11-22T19:47:53.476+0000] {logging_mixin.py:137} INFO - [2022-11-22T19:47:53.476+0000] {dag.py:3340} INFO - Setting next_dagrun for example_skip_dag to 2022-11-21T19:47:53.475974+00:00, run_after=2022-11-22T19:47:53.475974+00:00
[2022-11-22T19:47:53.490+0000] {processor.py:176} INFO - Processing /home/airflow/.local/lib/python3.7/site-packages/airflow/example_dags/example_skip_dag.py took 0.097 seconds
[2022-11-22T19:48:24.267+0000] {processor.py:154} INFO - Started process (PID=2693) to work on /home/airflow/.local/lib/python3.7/site-packages/airflow/example_dags/example_skip_dag.py
[2022-11-22T19:48:24.269+0000] {processor.py:756} INFO - Processing file /home/airflow/.local/lib/python3.7/site-packages/airflow/example_dags/example_skip_dag.py for tasks to queue
[2022-11-22T19:48:24.271+0000] {logging_mixin.py:137} INFO - [2022-11-22T19:48:24.271+0000] {dagbag.py:537} INFO - Filling up the DagBag from /home/airflow/.local/lib/python3.7/site-packages/airflow/example_dags/example_skip_dag.py
[2022-11-22T19:48:24.287+0000] {processor.py:766} INFO - DAG(s) dict_keys(['example_skip_dag']) retrieved from /home/airflow/.local/lib/python3.7/site-packages/airflow/example_dags/example_skip_dag.py
[2022-11-22T19:48:24.331+0000] {logging_mixin.py:137} INFO - [2022-11-22T19:48:24.331+0000] {dag.py:2585} INFO - Sync 1 DAGs
[2022-11-22T19:48:24.355+0000] {logging_mixin.py:137} INFO - [2022-11-22T19:48:24.355+0000] {dag.py:3340} INFO - Setting next_dagrun for example_skip_dag to 2022-11-21T19:48:24.355380+00:00, run_after=2022-11-22T19:48:24.355380+00:00
[2022-11-22T19:48:24.375+0000] {processor.py:176} INFO - Processing /home/airflow/.local/lib/python3.7/site-packages/airflow/example_dags/example_skip_dag.py took 0.111 seconds
[2022-11-22T19:48:54.434+0000] {processor.py:154} INFO - Started process (PID=2756) to work on /home/airflow/.local/lib/python3.7/site-packages/airflow/example_dags/example_skip_dag.py
[2022-11-22T19:48:54.435+0000] {processor.py:756} INFO - Processing file /home/airflow/.local/lib/python3.7/site-packages/airflow/example_dags/example_skip_dag.py for tasks to queue
[2022-11-22T19:48:54.436+0000] {logging_mixin.py:137} INFO - [2022-11-22T19:48:54.436+0000] {dagbag.py:537} INFO - Filling up the DagBag from /home/airflow/.local/lib/python3.7/site-packages/airflow/example_dags/example_skip_dag.py
[2022-11-22T19:48:54.447+0000] {processor.py:766} INFO - DAG(s) dict_keys(['example_skip_dag']) retrieved from /home/airflow/.local/lib/python3.7/site-packages/airflow/example_dags/example_skip_dag.py
[2022-11-22T19:48:54.474+0000] {logging_mixin.py:137} INFO - [2022-11-22T19:48:54.474+0000] {dag.py:2585} INFO - Sync 1 DAGs
[2022-11-22T19:48:54.491+0000] {logging_mixin.py:137} INFO - [2022-11-22T19:48:54.491+0000] {dag.py:3340} INFO - Setting next_dagrun for example_skip_dag to 2022-11-21T19:48:54.491139+00:00, run_after=2022-11-22T19:48:54.491139+00:00
[2022-11-22T19:48:54.503+0000] {processor.py:176} INFO - Processing /home/airflow/.local/lib/python3.7/site-packages/airflow/example_dags/example_skip_dag.py took 0.073 seconds
[2022-11-22T19:49:24.636+0000] {processor.py:154} INFO - Started process (PID=2819) to work on /home/airflow/.local/lib/python3.7/site-packages/airflow/example_dags/example_skip_dag.py
[2022-11-22T19:49:24.638+0000] {processor.py:756} INFO - Processing file /home/airflow/.local/lib/python3.7/site-packages/airflow/example_dags/example_skip_dag.py for tasks to queue
[2022-11-22T19:49:24.639+0000] {logging_mixin.py:137} INFO - [2022-11-22T19:49:24.639+0000] {dagbag.py:537} INFO - Filling up the DagBag from /home/airflow/.local/lib/python3.7/site-packages/airflow/example_dags/example_skip_dag.py
[2022-11-22T19:49:24.650+0000] {processor.py:766} INFO - DAG(s) dict_keys(['example_skip_dag']) retrieved from /home/airflow/.local/lib/python3.7/site-packages/airflow/example_dags/example_skip_dag.py
[2022-11-22T19:49:24.678+0000] {logging_mixin.py:137} INFO - [2022-11-22T19:49:24.678+0000] {dag.py:2585} INFO - Sync 1 DAGs
[2022-11-22T19:49:24.694+0000] {logging_mixin.py:137} INFO - [2022-11-22T19:49:24.694+0000] {dag.py:3340} INFO - Setting next_dagrun for example_skip_dag to 2022-11-21T19:49:24.694258+00:00, run_after=2022-11-22T19:49:24.694258+00:00
[2022-11-22T19:49:24.708+0000] {processor.py:176} INFO - Processing /home/airflow/.local/lib/python3.7/site-packages/airflow/example_dags/example_skip_dag.py took 0.076 seconds
[2022-11-22T19:49:55.319+0000] {processor.py:154} INFO - Started process (PID=2881) to work on /home/airflow/.local/lib/python3.7/site-packages/airflow/example_dags/example_skip_dag.py
[2022-11-22T19:49:55.322+0000] {processor.py:756} INFO - Processing file /home/airflow/.local/lib/python3.7/site-packages/airflow/example_dags/example_skip_dag.py for tasks to queue
[2022-11-22T19:49:55.324+0000] {logging_mixin.py:137} INFO - [2022-11-22T19:49:55.324+0000] {dagbag.py:537} INFO - Filling up the DagBag from /home/airflow/.local/lib/python3.7/site-packages/airflow/example_dags/example_skip_dag.py
[2022-11-22T19:49:55.335+0000] {processor.py:766} INFO - DAG(s) dict_keys(['example_skip_dag']) retrieved from /home/airflow/.local/lib/python3.7/site-packages/airflow/example_dags/example_skip_dag.py
[2022-11-22T19:49:55.369+0000] {logging_mixin.py:137} INFO - [2022-11-22T19:49:55.369+0000] {dag.py:2585} INFO - Sync 1 DAGs
[2022-11-22T19:49:55.390+0000] {logging_mixin.py:137} INFO - [2022-11-22T19:49:55.390+0000] {dag.py:3340} INFO - Setting next_dagrun for example_skip_dag to 2022-11-21T19:49:55.390493+00:00, run_after=2022-11-22T19:49:55.390493+00:00
[2022-11-22T19:49:55.407+0000] {processor.py:176} INFO - Processing /home/airflow/.local/lib/python3.7/site-packages/airflow/example_dags/example_skip_dag.py took 0.091 seconds
[2022-11-22T19:50:25.908+0000] {processor.py:154} INFO - Started process (PID=2937) to work on /home/airflow/.local/lib/python3.7/site-packages/airflow/example_dags/example_skip_dag.py
[2022-11-22T19:50:25.910+0000] {processor.py:756} INFO - Processing file /home/airflow/.local/lib/python3.7/site-packages/airflow/example_dags/example_skip_dag.py for tasks to queue
[2022-11-22T19:50:25.911+0000] {logging_mixin.py:137} INFO - [2022-11-22T19:50:25.911+0000] {dagbag.py:537} INFO - Filling up the DagBag from /home/airflow/.local/lib/python3.7/site-packages/airflow/example_dags/example_skip_dag.py
[2022-11-22T19:50:25.921+0000] {processor.py:766} INFO - DAG(s) dict_keys(['example_skip_dag']) retrieved from /home/airflow/.local/lib/python3.7/site-packages/airflow/example_dags/example_skip_dag.py
[2022-11-22T19:50:25.948+0000] {logging_mixin.py:137} INFO - [2022-11-22T19:50:25.948+0000] {dag.py:2585} INFO - Sync 1 DAGs
[2022-11-22T19:50:25.964+0000] {logging_mixin.py:137} INFO - [2022-11-22T19:50:25.964+0000] {dag.py:3340} INFO - Setting next_dagrun for example_skip_dag to 2022-11-21T19:50:25.964601+00:00, run_after=2022-11-22T19:50:25.964601+00:00
[2022-11-22T19:50:25.978+0000] {processor.py:176} INFO - Processing /home/airflow/.local/lib/python3.7/site-packages/airflow/example_dags/example_skip_dag.py took 0.072 seconds
[2022-11-22T19:50:56.599+0000] {processor.py:154} INFO - Started process (PID=3000) to work on /home/airflow/.local/lib/python3.7/site-packages/airflow/example_dags/example_skip_dag.py
[2022-11-22T19:50:56.601+0000] {processor.py:756} INFO - Processing file /home/airflow/.local/lib/python3.7/site-packages/airflow/example_dags/example_skip_dag.py for tasks to queue
[2022-11-22T19:50:56.602+0000] {logging_mixin.py:137} INFO - [2022-11-22T19:50:56.602+0000] {dagbag.py:537} INFO - Filling up the DagBag from /home/airflow/.local/lib/python3.7/site-packages/airflow/example_dags/example_skip_dag.py
[2022-11-22T19:50:56.611+0000] {processor.py:766} INFO - DAG(s) dict_keys(['example_skip_dag']) retrieved from /home/airflow/.local/lib/python3.7/site-packages/airflow/example_dags/example_skip_dag.py
[2022-11-22T19:50:56.639+0000] {logging_mixin.py:137} INFO - [2022-11-22T19:50:56.639+0000] {dag.py:2585} INFO - Sync 1 DAGs
[2022-11-22T19:50:56.655+0000] {logging_mixin.py:137} INFO - [2022-11-22T19:50:56.655+0000] {dag.py:3340} INFO - Setting next_dagrun for example_skip_dag to 2022-11-21T19:50:56.655546+00:00, run_after=2022-11-22T19:50:56.655546+00:00
[2022-11-22T19:50:56.668+0000] {processor.py:176} INFO - Processing /home/airflow/.local/lib/python3.7/site-packages/airflow/example_dags/example_skip_dag.py took 0.071 seconds
[2022-11-22T19:51:27.585+0000] {processor.py:154} INFO - Started process (PID=3063) to work on /home/airflow/.local/lib/python3.7/site-packages/airflow/example_dags/example_skip_dag.py
[2022-11-22T19:51:27.590+0000] {processor.py:756} INFO - Processing file /home/airflow/.local/lib/python3.7/site-packages/airflow/example_dags/example_skip_dag.py for tasks to queue
[2022-11-22T19:51:27.593+0000] {logging_mixin.py:137} INFO - [2022-11-22T19:51:27.593+0000] {dagbag.py:537} INFO - Filling up the DagBag from /home/airflow/.local/lib/python3.7/site-packages/airflow/example_dags/example_skip_dag.py
[2022-11-22T19:51:27.609+0000] {processor.py:766} INFO - DAG(s) dict_keys(['example_skip_dag']) retrieved from /home/airflow/.local/lib/python3.7/site-packages/airflow/example_dags/example_skip_dag.py
[2022-11-22T19:51:27.648+0000] {logging_mixin.py:137} INFO - [2022-11-22T19:51:27.648+0000] {dag.py:2585} INFO - Sync 1 DAGs
[2022-11-22T19:51:27.669+0000] {logging_mixin.py:137} INFO - [2022-11-22T19:51:27.669+0000] {dag.py:3340} INFO - Setting next_dagrun for example_skip_dag to 2022-11-21T19:51:27.668917+00:00, run_after=2022-11-22T19:51:27.668917+00:00
[2022-11-22T19:51:27.687+0000] {processor.py:176} INFO - Processing /home/airflow/.local/lib/python3.7/site-packages/airflow/example_dags/example_skip_dag.py took 0.107 seconds
[2022-11-22T19:51:58.618+0000] {processor.py:154} INFO - Started process (PID=3126) to work on /home/airflow/.local/lib/python3.7/site-packages/airflow/example_dags/example_skip_dag.py
[2022-11-22T19:51:58.620+0000] {processor.py:756} INFO - Processing file /home/airflow/.local/lib/python3.7/site-packages/airflow/example_dags/example_skip_dag.py for tasks to queue
[2022-11-22T19:51:58.621+0000] {logging_mixin.py:137} INFO - [2022-11-22T19:51:58.621+0000] {dagbag.py:537} INFO - Filling up the DagBag from /home/airflow/.local/lib/python3.7/site-packages/airflow/example_dags/example_skip_dag.py
[2022-11-22T19:51:58.636+0000] {processor.py:766} INFO - DAG(s) dict_keys(['example_skip_dag']) retrieved from /home/airflow/.local/lib/python3.7/site-packages/airflow/example_dags/example_skip_dag.py
[2022-11-22T19:51:58.670+0000] {logging_mixin.py:137} INFO - [2022-11-22T19:51:58.670+0000] {dag.py:2585} INFO - Sync 1 DAGs
[2022-11-22T19:51:58.689+0000] {logging_mixin.py:137} INFO - [2022-11-22T19:51:58.689+0000] {dag.py:3340} INFO - Setting next_dagrun for example_skip_dag to 2022-11-21T19:51:58.689580+00:00, run_after=2022-11-22T19:51:58.689580+00:00
[2022-11-22T19:51:58.703+0000] {processor.py:176} INFO - Processing /home/airflow/.local/lib/python3.7/site-packages/airflow/example_dags/example_skip_dag.py took 0.088 seconds
[2022-11-22T19:52:29.688+0000] {processor.py:154} INFO - Started process (PID=3188) to work on /home/airflow/.local/lib/python3.7/site-packages/airflow/example_dags/example_skip_dag.py
[2022-11-22T19:52:29.691+0000] {processor.py:756} INFO - Processing file /home/airflow/.local/lib/python3.7/site-packages/airflow/example_dags/example_skip_dag.py for tasks to queue
[2022-11-22T19:52:29.692+0000] {logging_mixin.py:137} INFO - [2022-11-22T19:52:29.692+0000] {dagbag.py:537} INFO - Filling up the DagBag from /home/airflow/.local/lib/python3.7/site-packages/airflow/example_dags/example_skip_dag.py
[2022-11-22T19:52:29.711+0000] {processor.py:766} INFO - DAG(s) dict_keys(['example_skip_dag']) retrieved from /home/airflow/.local/lib/python3.7/site-packages/airflow/example_dags/example_skip_dag.py
[2022-11-22T19:52:29.748+0000] {logging_mixin.py:137} INFO - [2022-11-22T19:52:29.748+0000] {dag.py:2585} INFO - Sync 1 DAGs
[2022-11-22T19:52:29.770+0000] {logging_mixin.py:137} INFO - [2022-11-22T19:52:29.770+0000] {dag.py:3340} INFO - Setting next_dagrun for example_skip_dag to 2022-11-21T19:52:29.770138+00:00, run_after=2022-11-22T19:52:29.770138+00:00
[2022-11-22T19:52:29.784+0000] {processor.py:176} INFO - Processing /home/airflow/.local/lib/python3.7/site-packages/airflow/example_dags/example_skip_dag.py took 0.100 seconds
[2022-11-22T19:53:00.813+0000] {processor.py:154} INFO - Started process (PID=3241) to work on /home/airflow/.local/lib/python3.7/site-packages/airflow/example_dags/example_skip_dag.py
[2022-11-22T19:53:00.814+0000] {processor.py:756} INFO - Processing file /home/airflow/.local/lib/python3.7/site-packages/airflow/example_dags/example_skip_dag.py for tasks to queue
[2022-11-22T19:53:00.815+0000] {logging_mixin.py:137} INFO - [2022-11-22T19:53:00.815+0000] {dagbag.py:537} INFO - Filling up the DagBag from /home/airflow/.local/lib/python3.7/site-packages/airflow/example_dags/example_skip_dag.py
[2022-11-22T19:53:00.826+0000] {processor.py:766} INFO - DAG(s) dict_keys(['example_skip_dag']) retrieved from /home/airflow/.local/lib/python3.7/site-packages/airflow/example_dags/example_skip_dag.py
[2022-11-22T19:53:00.854+0000] {logging_mixin.py:137} INFO - [2022-11-22T19:53:00.854+0000] {dag.py:2585} INFO - Sync 1 DAGs
[2022-11-22T19:53:00.870+0000] {logging_mixin.py:137} INFO - [2022-11-22T19:53:00.870+0000] {dag.py:3340} INFO - Setting next_dagrun for example_skip_dag to 2022-11-21T19:53:00.870263+00:00, run_after=2022-11-22T19:53:00.870263+00:00
[2022-11-22T19:53:00.889+0000] {processor.py:176} INFO - Processing /home/airflow/.local/lib/python3.7/site-packages/airflow/example_dags/example_skip_dag.py took 0.079 seconds
[2022-11-22T19:53:31.700+0000] {processor.py:154} INFO - Started process (PID=3304) to work on /home/airflow/.local/lib/python3.7/site-packages/airflow/example_dags/example_skip_dag.py
[2022-11-22T19:53:31.702+0000] {processor.py:756} INFO - Processing file /home/airflow/.local/lib/python3.7/site-packages/airflow/example_dags/example_skip_dag.py for tasks to queue
[2022-11-22T19:53:31.703+0000] {logging_mixin.py:137} INFO - [2022-11-22T19:53:31.703+0000] {dagbag.py:537} INFO - Filling up the DagBag from /home/airflow/.local/lib/python3.7/site-packages/airflow/example_dags/example_skip_dag.py
[2022-11-22T19:53:31.713+0000] {processor.py:766} INFO - DAG(s) dict_keys(['example_skip_dag']) retrieved from /home/airflow/.local/lib/python3.7/site-packages/airflow/example_dags/example_skip_dag.py
[2022-11-22T19:53:31.740+0000] {logging_mixin.py:137} INFO - [2022-11-22T19:53:31.740+0000] {dag.py:2585} INFO - Sync 1 DAGs
[2022-11-22T19:53:31.758+0000] {logging_mixin.py:137} INFO - [2022-11-22T19:53:31.758+0000] {dag.py:3340} INFO - Setting next_dagrun for example_skip_dag to 2022-11-21T19:53:31.757853+00:00, run_after=2022-11-22T19:53:31.757853+00:00
[2022-11-22T19:53:31.771+0000] {processor.py:176} INFO - Processing /home/airflow/.local/lib/python3.7/site-packages/airflow/example_dags/example_skip_dag.py took 0.074 seconds
[2022-11-22T19:54:02.413+0000] {processor.py:154} INFO - Started process (PID=3367) to work on /home/airflow/.local/lib/python3.7/site-packages/airflow/example_dags/example_skip_dag.py
[2022-11-22T19:54:02.415+0000] {processor.py:756} INFO - Processing file /home/airflow/.local/lib/python3.7/site-packages/airflow/example_dags/example_skip_dag.py for tasks to queue
[2022-11-22T19:54:02.416+0000] {logging_mixin.py:137} INFO - [2022-11-22T19:54:02.415+0000] {dagbag.py:537} INFO - Filling up the DagBag from /home/airflow/.local/lib/python3.7/site-packages/airflow/example_dags/example_skip_dag.py
[2022-11-22T19:54:02.426+0000] {processor.py:766} INFO - DAG(s) dict_keys(['example_skip_dag']) retrieved from /home/airflow/.local/lib/python3.7/site-packages/airflow/example_dags/example_skip_dag.py
[2022-11-22T19:54:02.456+0000] {logging_mixin.py:137} INFO - [2022-11-22T19:54:02.456+0000] {dag.py:2585} INFO - Sync 1 DAGs
[2022-11-22T19:54:02.475+0000] {logging_mixin.py:137} INFO - [2022-11-22T19:54:02.474+0000] {dag.py:3340} INFO - Setting next_dagrun for example_skip_dag to 2022-11-21T19:54:02.474746+00:00, run_after=2022-11-22T19:54:02.474746+00:00
[2022-11-22T19:54:02.489+0000] {processor.py:176} INFO - Processing /home/airflow/.local/lib/python3.7/site-packages/airflow/example_dags/example_skip_dag.py took 0.078 seconds
[2022-11-22T19:54:33.043+0000] {processor.py:154} INFO - Started process (PID=3429) to work on /home/airflow/.local/lib/python3.7/site-packages/airflow/example_dags/example_skip_dag.py
[2022-11-22T19:54:33.047+0000] {processor.py:756} INFO - Processing file /home/airflow/.local/lib/python3.7/site-packages/airflow/example_dags/example_skip_dag.py for tasks to queue
[2022-11-22T19:54:33.048+0000] {logging_mixin.py:137} INFO - [2022-11-22T19:54:33.048+0000] {dagbag.py:537} INFO - Filling up the DagBag from /home/airflow/.local/lib/python3.7/site-packages/airflow/example_dags/example_skip_dag.py
[2022-11-22T19:54:33.062+0000] {processor.py:766} INFO - DAG(s) dict_keys(['example_skip_dag']) retrieved from /home/airflow/.local/lib/python3.7/site-packages/airflow/example_dags/example_skip_dag.py
[2022-11-22T19:54:33.095+0000] {logging_mixin.py:137} INFO - [2022-11-22T19:54:33.095+0000] {dag.py:2585} INFO - Sync 1 DAGs
[2022-11-22T19:54:33.113+0000] {logging_mixin.py:137} INFO - [2022-11-22T19:54:33.113+0000] {dag.py:3340} INFO - Setting next_dagrun for example_skip_dag to 2022-11-21T19:54:33.113115+00:00, run_after=2022-11-22T19:54:33.113115+00:00
[2022-11-22T19:54:33.128+0000] {processor.py:176} INFO - Processing /home/airflow/.local/lib/python3.7/site-packages/airflow/example_dags/example_skip_dag.py took 0.089 seconds
[2022-11-22T19:55:04.221+0000] {processor.py:154} INFO - Started process (PID=3483) to work on /home/airflow/.local/lib/python3.7/site-packages/airflow/example_dags/example_skip_dag.py
[2022-11-22T19:55:04.223+0000] {processor.py:756} INFO - Processing file /home/airflow/.local/lib/python3.7/site-packages/airflow/example_dags/example_skip_dag.py for tasks to queue
[2022-11-22T19:55:04.225+0000] {logging_mixin.py:137} INFO - [2022-11-22T19:55:04.225+0000] {dagbag.py:537} INFO - Filling up the DagBag from /home/airflow/.local/lib/python3.7/site-packages/airflow/example_dags/example_skip_dag.py
[2022-11-22T19:55:04.236+0000] {processor.py:766} INFO - DAG(s) dict_keys(['example_skip_dag']) retrieved from /home/airflow/.local/lib/python3.7/site-packages/airflow/example_dags/example_skip_dag.py
[2022-11-22T19:55:04.265+0000] {logging_mixin.py:137} INFO - [2022-11-22T19:55:04.265+0000] {dag.py:2585} INFO - Sync 1 DAGs
[2022-11-22T19:55:04.283+0000] {logging_mixin.py:137} INFO - [2022-11-22T19:55:04.283+0000] {dag.py:3340} INFO - Setting next_dagrun for example_skip_dag to 2022-11-21T19:55:04.283188+00:00, run_after=2022-11-22T19:55:04.283188+00:00
[2022-11-22T19:55:04.298+0000] {processor.py:176} INFO - Processing /home/airflow/.local/lib/python3.7/site-packages/airflow/example_dags/example_skip_dag.py took 0.079 seconds
[2022-11-22T19:55:34.423+0000] {processor.py:154} INFO - Started process (PID=3546) to work on /home/airflow/.local/lib/python3.7/site-packages/airflow/example_dags/example_skip_dag.py
[2022-11-22T19:55:34.426+0000] {processor.py:756} INFO - Processing file /home/airflow/.local/lib/python3.7/site-packages/airflow/example_dags/example_skip_dag.py for tasks to queue
[2022-11-22T19:55:34.429+0000] {logging_mixin.py:137} INFO - [2022-11-22T19:55:34.428+0000] {dagbag.py:537} INFO - Filling up the DagBag from /home/airflow/.local/lib/python3.7/site-packages/airflow/example_dags/example_skip_dag.py
[2022-11-22T19:55:34.440+0000] {processor.py:766} INFO - DAG(s) dict_keys(['example_skip_dag']) retrieved from /home/airflow/.local/lib/python3.7/site-packages/airflow/example_dags/example_skip_dag.py
[2022-11-22T19:55:34.491+0000] {logging_mixin.py:137} INFO - [2022-11-22T19:55:34.490+0000] {dag.py:2585} INFO - Sync 1 DAGs
[2022-11-22T19:55:34.512+0000] {logging_mixin.py:137} INFO - [2022-11-22T19:55:34.512+0000] {dag.py:3340} INFO - Setting next_dagrun for example_skip_dag to 2022-11-21T19:55:34.512465+00:00, run_after=2022-11-22T19:55:34.512465+00:00
[2022-11-22T19:55:34.535+0000] {processor.py:176} INFO - Processing /home/airflow/.local/lib/python3.7/site-packages/airflow/example_dags/example_skip_dag.py took 0.114 seconds
[2022-11-22T19:56:05.400+0000] {processor.py:154} INFO - Started process (PID=3610) to work on /home/airflow/.local/lib/python3.7/site-packages/airflow/example_dags/example_skip_dag.py
[2022-11-22T19:56:05.404+0000] {processor.py:756} INFO - Processing file /home/airflow/.local/lib/python3.7/site-packages/airflow/example_dags/example_skip_dag.py for tasks to queue
[2022-11-22T19:56:05.406+0000] {logging_mixin.py:137} INFO - [2022-11-22T19:56:05.406+0000] {dagbag.py:537} INFO - Filling up the DagBag from /home/airflow/.local/lib/python3.7/site-packages/airflow/example_dags/example_skip_dag.py
[2022-11-22T19:56:05.437+0000] {processor.py:766} INFO - DAG(s) dict_keys(['example_skip_dag']) retrieved from /home/airflow/.local/lib/python3.7/site-packages/airflow/example_dags/example_skip_dag.py
[2022-11-22T19:56:05.491+0000] {logging_mixin.py:137} INFO - [2022-11-22T19:56:05.491+0000] {dag.py:2585} INFO - Sync 1 DAGs
[2022-11-22T19:56:05.513+0000] {logging_mixin.py:137} INFO - [2022-11-22T19:56:05.513+0000] {dag.py:3340} INFO - Setting next_dagrun for example_skip_dag to 2022-11-21T19:56:05.512850+00:00, run_after=2022-11-22T19:56:05.512850+00:00
[2022-11-22T19:56:05.532+0000] {processor.py:176} INFO - Processing /home/airflow/.local/lib/python3.7/site-packages/airflow/example_dags/example_skip_dag.py took 0.140 seconds
[2022-11-22T19:56:36.227+0000] {processor.py:154} INFO - Started process (PID=3672) to work on /home/airflow/.local/lib/python3.7/site-packages/airflow/example_dags/example_skip_dag.py
[2022-11-22T19:56:36.229+0000] {processor.py:756} INFO - Processing file /home/airflow/.local/lib/python3.7/site-packages/airflow/example_dags/example_skip_dag.py for tasks to queue
[2022-11-22T19:56:36.231+0000] {logging_mixin.py:137} INFO - [2022-11-22T19:56:36.231+0000] {dagbag.py:537} INFO - Filling up the DagBag from /home/airflow/.local/lib/python3.7/site-packages/airflow/example_dags/example_skip_dag.py
[2022-11-22T19:56:36.243+0000] {processor.py:766} INFO - DAG(s) dict_keys(['example_skip_dag']) retrieved from /home/airflow/.local/lib/python3.7/site-packages/airflow/example_dags/example_skip_dag.py
[2022-11-22T19:56:36.272+0000] {logging_mixin.py:137} INFO - [2022-11-22T19:56:36.271+0000] {dag.py:2585} INFO - Sync 1 DAGs
[2022-11-22T19:56:36.290+0000] {logging_mixin.py:137} INFO - [2022-11-22T19:56:36.290+0000] {dag.py:3340} INFO - Setting next_dagrun for example_skip_dag to 2022-11-21T19:56:36.290512+00:00, run_after=2022-11-22T19:56:36.290512+00:00
[2022-11-22T19:56:36.305+0000] {processor.py:176} INFO - Processing /home/airflow/.local/lib/python3.7/site-packages/airflow/example_dags/example_skip_dag.py took 0.079 seconds
[2022-11-22T19:57:06.897+0000] {processor.py:154} INFO - Started process (PID=3726) to work on /home/airflow/.local/lib/python3.7/site-packages/airflow/example_dags/example_skip_dag.py
[2022-11-22T19:57:06.899+0000] {processor.py:756} INFO - Processing file /home/airflow/.local/lib/python3.7/site-packages/airflow/example_dags/example_skip_dag.py for tasks to queue
[2022-11-22T19:57:06.901+0000] {logging_mixin.py:137} INFO - [2022-11-22T19:57:06.900+0000] {dagbag.py:537} INFO - Filling up the DagBag from /home/airflow/.local/lib/python3.7/site-packages/airflow/example_dags/example_skip_dag.py
[2022-11-22T19:57:06.912+0000] {processor.py:766} INFO - DAG(s) dict_keys(['example_skip_dag']) retrieved from /home/airflow/.local/lib/python3.7/site-packages/airflow/example_dags/example_skip_dag.py
[2022-11-22T19:57:06.946+0000] {logging_mixin.py:137} INFO - [2022-11-22T19:57:06.946+0000] {dag.py:2585} INFO - Sync 1 DAGs
[2022-11-22T19:57:06.968+0000] {logging_mixin.py:137} INFO - [2022-11-22T19:57:06.968+0000] {dag.py:3340} INFO - Setting next_dagrun for example_skip_dag to 2022-11-21T19:57:06.968466+00:00, run_after=2022-11-22T19:57:06.968466+00:00
[2022-11-22T19:57:06.991+0000] {processor.py:176} INFO - Processing /home/airflow/.local/lib/python3.7/site-packages/airflow/example_dags/example_skip_dag.py took 0.097 seconds
[2022-11-22T20:30:53.113+0000] {processor.py:154} INFO - Started process (PID=3790) to work on /home/airflow/.local/lib/python3.7/site-packages/airflow/example_dags/example_skip_dag.py
[2022-11-22T20:30:53.116+0000] {processor.py:756} INFO - Processing file /home/airflow/.local/lib/python3.7/site-packages/airflow/example_dags/example_skip_dag.py for tasks to queue
[2022-11-22T20:30:53.118+0000] {logging_mixin.py:137} INFO - [2022-11-22T20:30:53.118+0000] {dagbag.py:537} INFO - Filling up the DagBag from /home/airflow/.local/lib/python3.7/site-packages/airflow/example_dags/example_skip_dag.py
[2022-11-22T20:30:53.133+0000] {processor.py:766} INFO - DAG(s) dict_keys(['example_skip_dag']) retrieved from /home/airflow/.local/lib/python3.7/site-packages/airflow/example_dags/example_skip_dag.py
[2022-11-22T20:30:53.173+0000] {logging_mixin.py:137} INFO - [2022-11-22T20:30:53.173+0000] {dag.py:2585} INFO - Sync 1 DAGs
[2022-11-22T20:30:53.200+0000] {logging_mixin.py:137} INFO - [2022-11-22T20:30:53.200+0000] {dag.py:3340} INFO - Setting next_dagrun for example_skip_dag to 2022-11-21T20:30:53.199739+00:00, run_after=2022-11-22T20:30:53.199739+00:00
[2022-11-22T20:30:53.286+0000] {processor.py:176} INFO - Processing /home/airflow/.local/lib/python3.7/site-packages/airflow/example_dags/example_skip_dag.py took 0.177 seconds
[2022-11-22T21:34:48.999+0000] {processor.py:154} INFO - Started process (PID=3844) to work on /home/airflow/.local/lib/python3.7/site-packages/airflow/example_dags/example_skip_dag.py
[2022-11-22T21:34:49.002+0000] {processor.py:756} INFO - Processing file /home/airflow/.local/lib/python3.7/site-packages/airflow/example_dags/example_skip_dag.py for tasks to queue
[2022-11-22T21:34:49.003+0000] {logging_mixin.py:137} INFO - [2022-11-22T21:34:49.003+0000] {dagbag.py:537} INFO - Filling up the DagBag from /home/airflow/.local/lib/python3.7/site-packages/airflow/example_dags/example_skip_dag.py
[2022-11-22T21:34:49.014+0000] {processor.py:766} INFO - DAG(s) dict_keys(['example_skip_dag']) retrieved from /home/airflow/.local/lib/python3.7/site-packages/airflow/example_dags/example_skip_dag.py
[2022-11-22T21:34:49.041+0000] {logging_mixin.py:137} INFO - [2022-11-22T21:34:49.041+0000] {dag.py:2585} INFO - Sync 1 DAGs
[2022-11-22T21:34:49.057+0000] {logging_mixin.py:137} INFO - [2022-11-22T21:34:49.057+0000] {dag.py:3340} INFO - Setting next_dagrun for example_skip_dag to 2022-11-21T21:34:49.057340+00:00, run_after=2022-11-22T21:34:49.057340+00:00
[2022-11-22T21:34:49.068+0000] {processor.py:176} INFO - Processing /home/airflow/.local/lib/python3.7/site-packages/airflow/example_dags/example_skip_dag.py took 0.072 seconds
[2022-11-22T22:39:31.033+0000] {processor.py:154} INFO - Started process (PID=3908) to work on /home/airflow/.local/lib/python3.7/site-packages/airflow/example_dags/example_skip_dag.py
[2022-11-22T22:39:31.035+0000] {processor.py:756} INFO - Processing file /home/airflow/.local/lib/python3.7/site-packages/airflow/example_dags/example_skip_dag.py for tasks to queue
[2022-11-22T22:39:31.037+0000] {logging_mixin.py:137} INFO - [2022-11-22T22:39:31.037+0000] {dagbag.py:537} INFO - Filling up the DagBag from /home/airflow/.local/lib/python3.7/site-packages/airflow/example_dags/example_skip_dag.py
[2022-11-22T22:39:31.055+0000] {processor.py:766} INFO - DAG(s) dict_keys(['example_skip_dag']) retrieved from /home/airflow/.local/lib/python3.7/site-packages/airflow/example_dags/example_skip_dag.py
[2022-11-22T22:39:31.100+0000] {logging_mixin.py:137} INFO - [2022-11-22T22:39:31.100+0000] {dag.py:2585} INFO - Sync 1 DAGs
[2022-11-22T22:39:31.126+0000] {logging_mixin.py:137} INFO - [2022-11-22T22:39:31.126+0000] {dag.py:3340} INFO - Setting next_dagrun for example_skip_dag to 2022-11-21T22:39:31.126142+00:00, run_after=2022-11-22T22:39:31.126142+00:00
[2022-11-22T22:39:31.139+0000] {processor.py:176} INFO - Processing /home/airflow/.local/lib/python3.7/site-packages/airflow/example_dags/example_skip_dag.py took 0.109 seconds
[2022-11-22T23:47:26.309+0000] {processor.py:154} INFO - Started process (PID=3962) to work on /home/airflow/.local/lib/python3.7/site-packages/airflow/example_dags/example_skip_dag.py
[2022-11-22T23:47:26.310+0000] {processor.py:756} INFO - Processing file /home/airflow/.local/lib/python3.7/site-packages/airflow/example_dags/example_skip_dag.py for tasks to queue
[2022-11-22T23:47:26.311+0000] {logging_mixin.py:137} INFO - [2022-11-22T23:47:26.311+0000] {dagbag.py:537} INFO - Filling up the DagBag from /home/airflow/.local/lib/python3.7/site-packages/airflow/example_dags/example_skip_dag.py
[2022-11-22T23:47:26.323+0000] {processor.py:766} INFO - DAG(s) dict_keys(['example_skip_dag']) retrieved from /home/airflow/.local/lib/python3.7/site-packages/airflow/example_dags/example_skip_dag.py
[2022-11-22T23:47:26.394+0000] {logging_mixin.py:137} INFO - [2022-11-22T23:47:26.394+0000] {dag.py:2585} INFO - Sync 1 DAGs
[2022-11-22T23:47:26.420+0000] {logging_mixin.py:137} INFO - [2022-11-22T23:47:26.420+0000] {dag.py:3340} INFO - Setting next_dagrun for example_skip_dag to 2022-11-21T23:47:26.419890+00:00, run_after=2022-11-22T23:47:26.419890+00:00
[2022-11-22T23:47:26.459+0000] {processor.py:176} INFO - Processing /home/airflow/.local/lib/python3.7/site-packages/airflow/example_dags/example_skip_dag.py took 0.153 seconds
