[2022-11-22T19:26:20.931+0000] {processor.py:154} INFO - Started process (PID=55) to work on /home/airflow/.local/lib/python3.7/site-packages/airflow/example_dags/example_time_delta_sensor_async.py
[2022-11-22T19:26:20.945+0000] {processor.py:756} INFO - Processing file /home/airflow/.local/lib/python3.7/site-packages/airflow/example_dags/example_time_delta_sensor_async.py for tasks to queue
[2022-11-22T19:26:20.947+0000] {logging_mixin.py:137} INFO - [2022-11-22T19:26:20.947+0000] {dagbag.py:537} INFO - Filling up the DagBag from /home/airflow/.local/lib/python3.7/site-packages/airflow/example_dags/example_time_delta_sensor_async.py
[2022-11-22T19:26:21.009+0000] {processor.py:766} INFO - DAG(s) dict_keys(['example_time_delta_sensor_async']) retrieved from /home/airflow/.local/lib/python3.7/site-packages/airflow/example_dags/example_time_delta_sensor_async.py
[2022-11-22T19:26:21.845+0000] {logging_mixin.py:137} INFO - [2022-11-22T19:26:21.844+0000] {manager.py:507} INFO - Created Permission View: can delete on DAG:example_time_delta_sensor_async
[2022-11-22T19:26:21.871+0000] {logging_mixin.py:137} INFO - [2022-11-22T19:26:21.871+0000] {manager.py:507} INFO - Created Permission View: can read on DAG:example_time_delta_sensor_async
[2022-11-22T19:26:21.901+0000] {logging_mixin.py:137} INFO - [2022-11-22T19:26:21.901+0000] {manager.py:507} INFO - Created Permission View: can edit on DAG:example_time_delta_sensor_async
[2022-11-22T19:26:21.903+0000] {logging_mixin.py:137} INFO - [2022-11-22T19:26:21.902+0000] {dag.py:2585} INFO - Sync 1 DAGs
[2022-11-22T19:26:21.946+0000] {logging_mixin.py:137} INFO - [2022-11-22T19:26:21.946+0000] {dag.py:2606} INFO - Creating ORM DAG for example_time_delta_sensor_async
[2022-11-22T19:26:21.976+0000] {logging_mixin.py:137} INFO - [2022-11-22T19:26:21.976+0000] {dag.py:3340} INFO - Setting next_dagrun for example_time_delta_sensor_async to None, run_after=None
[2022-11-22T19:26:22.010+0000] {processor.py:176} INFO - Processing /home/airflow/.local/lib/python3.7/site-packages/airflow/example_dags/example_time_delta_sensor_async.py took 1.084 seconds
[2022-11-22T19:26:52.548+0000] {processor.py:154} INFO - Started process (PID=109) to work on /home/airflow/.local/lib/python3.7/site-packages/airflow/example_dags/example_time_delta_sensor_async.py
[2022-11-22T19:26:52.550+0000] {processor.py:756} INFO - Processing file /home/airflow/.local/lib/python3.7/site-packages/airflow/example_dags/example_time_delta_sensor_async.py for tasks to queue
[2022-11-22T19:26:52.551+0000] {logging_mixin.py:137} INFO - [2022-11-22T19:26:52.551+0000] {dagbag.py:537} INFO - Filling up the DagBag from /home/airflow/.local/lib/python3.7/site-packages/airflow/example_dags/example_time_delta_sensor_async.py
[2022-11-22T19:26:52.563+0000] {processor.py:766} INFO - DAG(s) dict_keys(['example_time_delta_sensor_async']) retrieved from /home/airflow/.local/lib/python3.7/site-packages/airflow/example_dags/example_time_delta_sensor_async.py
[2022-11-22T19:26:52.677+0000] {logging_mixin.py:137} INFO - [2022-11-22T19:26:52.676+0000] {dag.py:2585} INFO - Sync 1 DAGs
[2022-11-22T19:26:52.696+0000] {logging_mixin.py:137} INFO - [2022-11-22T19:26:52.696+0000] {dag.py:3340} INFO - Setting next_dagrun for example_time_delta_sensor_async to None, run_after=None
[2022-11-22T19:26:52.710+0000] {processor.py:176} INFO - Processing /home/airflow/.local/lib/python3.7/site-packages/airflow/example_dags/example_time_delta_sensor_async.py took 0.165 seconds
[2022-11-22T19:27:23.692+0000] {processor.py:154} INFO - Started process (PID=173) to work on /home/airflow/.local/lib/python3.7/site-packages/airflow/example_dags/example_time_delta_sensor_async.py
[2022-11-22T19:27:23.695+0000] {processor.py:756} INFO - Processing file /home/airflow/.local/lib/python3.7/site-packages/airflow/example_dags/example_time_delta_sensor_async.py for tasks to queue
[2022-11-22T19:27:23.698+0000] {logging_mixin.py:137} INFO - [2022-11-22T19:27:23.698+0000] {dagbag.py:537} INFO - Filling up the DagBag from /home/airflow/.local/lib/python3.7/site-packages/airflow/example_dags/example_time_delta_sensor_async.py
[2022-11-22T19:27:23.717+0000] {processor.py:766} INFO - DAG(s) dict_keys(['example_time_delta_sensor_async']) retrieved from /home/airflow/.local/lib/python3.7/site-packages/airflow/example_dags/example_time_delta_sensor_async.py
[2022-11-22T19:27:23.822+0000] {logging_mixin.py:137} INFO - [2022-11-22T19:27:23.822+0000] {dag.py:2585} INFO - Sync 1 DAGs
[2022-11-22T19:27:23.838+0000] {logging_mixin.py:137} INFO - [2022-11-22T19:27:23.838+0000] {dag.py:3340} INFO - Setting next_dagrun for example_time_delta_sensor_async to None, run_after=None
[2022-11-22T19:27:23.849+0000] {processor.py:176} INFO - Processing /home/airflow/.local/lib/python3.7/site-packages/airflow/example_dags/example_time_delta_sensor_async.py took 0.161 seconds
[2022-11-22T19:27:54.241+0000] {processor.py:154} INFO - Started process (PID=237) to work on /home/airflow/.local/lib/python3.7/site-packages/airflow/example_dags/example_time_delta_sensor_async.py
[2022-11-22T19:27:54.244+0000] {processor.py:756} INFO - Processing file /home/airflow/.local/lib/python3.7/site-packages/airflow/example_dags/example_time_delta_sensor_async.py for tasks to queue
[2022-11-22T19:27:54.248+0000] {logging_mixin.py:137} INFO - [2022-11-22T19:27:54.247+0000] {dagbag.py:537} INFO - Filling up the DagBag from /home/airflow/.local/lib/python3.7/site-packages/airflow/example_dags/example_time_delta_sensor_async.py
[2022-11-22T19:27:54.265+0000] {processor.py:766} INFO - DAG(s) dict_keys(['example_time_delta_sensor_async']) retrieved from /home/airflow/.local/lib/python3.7/site-packages/airflow/example_dags/example_time_delta_sensor_async.py
[2022-11-22T19:27:54.387+0000] {logging_mixin.py:137} INFO - [2022-11-22T19:27:54.387+0000] {dag.py:2585} INFO - Sync 1 DAGs
[2022-11-22T19:27:54.404+0000] {logging_mixin.py:137} INFO - [2022-11-22T19:27:54.404+0000] {dag.py:3340} INFO - Setting next_dagrun for example_time_delta_sensor_async to None, run_after=None
[2022-11-22T19:27:54.418+0000] {processor.py:176} INFO - Processing /home/airflow/.local/lib/python3.7/site-packages/airflow/example_dags/example_time_delta_sensor_async.py took 0.184 seconds
[2022-11-22T19:28:24.678+0000] {processor.py:154} INFO - Started process (PID=299) to work on /home/airflow/.local/lib/python3.7/site-packages/airflow/example_dags/example_time_delta_sensor_async.py
[2022-11-22T19:28:24.682+0000] {processor.py:756} INFO - Processing file /home/airflow/.local/lib/python3.7/site-packages/airflow/example_dags/example_time_delta_sensor_async.py for tasks to queue
[2022-11-22T19:28:24.685+0000] {logging_mixin.py:137} INFO - [2022-11-22T19:28:24.685+0000] {dagbag.py:537} INFO - Filling up the DagBag from /home/airflow/.local/lib/python3.7/site-packages/airflow/example_dags/example_time_delta_sensor_async.py
[2022-11-22T19:28:24.702+0000] {processor.py:766} INFO - DAG(s) dict_keys(['example_time_delta_sensor_async']) retrieved from /home/airflow/.local/lib/python3.7/site-packages/airflow/example_dags/example_time_delta_sensor_async.py
[2022-11-22T19:28:24.893+0000] {logging_mixin.py:137} INFO - [2022-11-22T19:28:24.892+0000] {dag.py:2585} INFO - Sync 1 DAGs
[2022-11-22T19:28:24.913+0000] {logging_mixin.py:137} INFO - [2022-11-22T19:28:24.913+0000] {dag.py:3340} INFO - Setting next_dagrun for example_time_delta_sensor_async to None, run_after=None
[2022-11-22T19:28:24.931+0000] {processor.py:176} INFO - Processing /home/airflow/.local/lib/python3.7/site-packages/airflow/example_dags/example_time_delta_sensor_async.py took 0.261 seconds
[2022-11-22T19:28:54.958+0000] {processor.py:154} INFO - Started process (PID=363) to work on /home/airflow/.local/lib/python3.7/site-packages/airflow/example_dags/example_time_delta_sensor_async.py
[2022-11-22T19:28:54.959+0000] {processor.py:756} INFO - Processing file /home/airflow/.local/lib/python3.7/site-packages/airflow/example_dags/example_time_delta_sensor_async.py for tasks to queue
[2022-11-22T19:28:54.961+0000] {logging_mixin.py:137} INFO - [2022-11-22T19:28:54.961+0000] {dagbag.py:537} INFO - Filling up the DagBag from /home/airflow/.local/lib/python3.7/site-packages/airflow/example_dags/example_time_delta_sensor_async.py
[2022-11-22T19:28:54.970+0000] {processor.py:766} INFO - DAG(s) dict_keys(['example_time_delta_sensor_async']) retrieved from /home/airflow/.local/lib/python3.7/site-packages/airflow/example_dags/example_time_delta_sensor_async.py
[2022-11-22T19:28:55.121+0000] {logging_mixin.py:137} INFO - [2022-11-22T19:28:55.121+0000] {dag.py:2585} INFO - Sync 1 DAGs
[2022-11-22T19:28:55.141+0000] {logging_mixin.py:137} INFO - [2022-11-22T19:28:55.141+0000] {dag.py:3340} INFO - Setting next_dagrun for example_time_delta_sensor_async to None, run_after=None
[2022-11-22T19:28:55.163+0000] {processor.py:176} INFO - Processing /home/airflow/.local/lib/python3.7/site-packages/airflow/example_dags/example_time_delta_sensor_async.py took 0.208 seconds
[2022-11-22T19:29:25.654+0000] {processor.py:154} INFO - Started process (PID=416) to work on /home/airflow/.local/lib/python3.7/site-packages/airflow/example_dags/example_time_delta_sensor_async.py
[2022-11-22T19:29:25.657+0000] {processor.py:756} INFO - Processing file /home/airflow/.local/lib/python3.7/site-packages/airflow/example_dags/example_time_delta_sensor_async.py for tasks to queue
[2022-11-22T19:29:25.658+0000] {logging_mixin.py:137} INFO - [2022-11-22T19:29:25.658+0000] {dagbag.py:537} INFO - Filling up the DagBag from /home/airflow/.local/lib/python3.7/site-packages/airflow/example_dags/example_time_delta_sensor_async.py
[2022-11-22T19:29:25.672+0000] {processor.py:766} INFO - DAG(s) dict_keys(['example_time_delta_sensor_async']) retrieved from /home/airflow/.local/lib/python3.7/site-packages/airflow/example_dags/example_time_delta_sensor_async.py
[2022-11-22T19:29:25.790+0000] {logging_mixin.py:137} INFO - [2022-11-22T19:29:25.790+0000] {dag.py:2585} INFO - Sync 1 DAGs
[2022-11-22T19:29:25.806+0000] {logging_mixin.py:137} INFO - [2022-11-22T19:29:25.806+0000] {dag.py:3340} INFO - Setting next_dagrun for example_time_delta_sensor_async to None, run_after=None
[2022-11-22T19:29:25.820+0000] {processor.py:176} INFO - Processing /home/airflow/.local/lib/python3.7/site-packages/airflow/example_dags/example_time_delta_sensor_async.py took 0.173 seconds
[2022-11-22T19:29:56.236+0000] {processor.py:154} INFO - Started process (PID=479) to work on /home/airflow/.local/lib/python3.7/site-packages/airflow/example_dags/example_time_delta_sensor_async.py
[2022-11-22T19:29:56.239+0000] {processor.py:756} INFO - Processing file /home/airflow/.local/lib/python3.7/site-packages/airflow/example_dags/example_time_delta_sensor_async.py for tasks to queue
[2022-11-22T19:29:56.241+0000] {logging_mixin.py:137} INFO - [2022-11-22T19:29:56.241+0000] {dagbag.py:537} INFO - Filling up the DagBag from /home/airflow/.local/lib/python3.7/site-packages/airflow/example_dags/example_time_delta_sensor_async.py
[2022-11-22T19:29:56.266+0000] {processor.py:766} INFO - DAG(s) dict_keys(['example_time_delta_sensor_async']) retrieved from /home/airflow/.local/lib/python3.7/site-packages/airflow/example_dags/example_time_delta_sensor_async.py
[2022-11-22T19:29:56.407+0000] {logging_mixin.py:137} INFO - [2022-11-22T19:29:56.407+0000] {dag.py:2585} INFO - Sync 1 DAGs
[2022-11-22T19:29:56.427+0000] {logging_mixin.py:137} INFO - [2022-11-22T19:29:56.427+0000] {dag.py:3340} INFO - Setting next_dagrun for example_time_delta_sensor_async to None, run_after=None
[2022-11-22T19:29:56.440+0000] {processor.py:176} INFO - Processing /home/airflow/.local/lib/python3.7/site-packages/airflow/example_dags/example_time_delta_sensor_async.py took 0.210 seconds
[2022-11-22T19:30:26.783+0000] {processor.py:154} INFO - Started process (PID=543) to work on /home/airflow/.local/lib/python3.7/site-packages/airflow/example_dags/example_time_delta_sensor_async.py
[2022-11-22T19:30:26.785+0000] {processor.py:756} INFO - Processing file /home/airflow/.local/lib/python3.7/site-packages/airflow/example_dags/example_time_delta_sensor_async.py for tasks to queue
[2022-11-22T19:30:26.787+0000] {logging_mixin.py:137} INFO - [2022-11-22T19:30:26.787+0000] {dagbag.py:537} INFO - Filling up the DagBag from /home/airflow/.local/lib/python3.7/site-packages/airflow/example_dags/example_time_delta_sensor_async.py
[2022-11-22T19:30:26.806+0000] {processor.py:766} INFO - DAG(s) dict_keys(['example_time_delta_sensor_async']) retrieved from /home/airflow/.local/lib/python3.7/site-packages/airflow/example_dags/example_time_delta_sensor_async.py
[2022-11-22T19:30:26.972+0000] {logging_mixin.py:137} INFO - [2022-11-22T19:30:26.972+0000] {dag.py:2585} INFO - Sync 1 DAGs
[2022-11-22T19:30:26.995+0000] {logging_mixin.py:137} INFO - [2022-11-22T19:30:26.995+0000] {dag.py:3340} INFO - Setting next_dagrun for example_time_delta_sensor_async to None, run_after=None
[2022-11-22T19:30:27.014+0000] {processor.py:176} INFO - Processing /home/airflow/.local/lib/python3.7/site-packages/airflow/example_dags/example_time_delta_sensor_async.py took 0.235 seconds
[2022-11-22T19:30:57.733+0000] {processor.py:154} INFO - Started process (PID=606) to work on /home/airflow/.local/lib/python3.7/site-packages/airflow/example_dags/example_time_delta_sensor_async.py
[2022-11-22T19:30:57.738+0000] {processor.py:756} INFO - Processing file /home/airflow/.local/lib/python3.7/site-packages/airflow/example_dags/example_time_delta_sensor_async.py for tasks to queue
[2022-11-22T19:30:57.740+0000] {logging_mixin.py:137} INFO - [2022-11-22T19:30:57.740+0000] {dagbag.py:537} INFO - Filling up the DagBag from /home/airflow/.local/lib/python3.7/site-packages/airflow/example_dags/example_time_delta_sensor_async.py
[2022-11-22T19:30:57.757+0000] {processor.py:766} INFO - DAG(s) dict_keys(['example_time_delta_sensor_async']) retrieved from /home/airflow/.local/lib/python3.7/site-packages/airflow/example_dags/example_time_delta_sensor_async.py
[2022-11-22T19:30:57.908+0000] {logging_mixin.py:137} INFO - [2022-11-22T19:30:57.908+0000] {dag.py:2585} INFO - Sync 1 DAGs
[2022-11-22T19:30:57.925+0000] {logging_mixin.py:137} INFO - [2022-11-22T19:30:57.925+0000] {dag.py:3340} INFO - Setting next_dagrun for example_time_delta_sensor_async to None, run_after=None
[2022-11-22T19:30:57.938+0000] {processor.py:176} INFO - Processing /home/airflow/.local/lib/python3.7/site-packages/airflow/example_dags/example_time_delta_sensor_async.py took 0.215 seconds
[2022-11-22T19:31:28.616+0000] {processor.py:154} INFO - Started process (PID=668) to work on /home/airflow/.local/lib/python3.7/site-packages/airflow/example_dags/example_time_delta_sensor_async.py
[2022-11-22T19:31:28.623+0000] {processor.py:756} INFO - Processing file /home/airflow/.local/lib/python3.7/site-packages/airflow/example_dags/example_time_delta_sensor_async.py for tasks to queue
[2022-11-22T19:31:28.626+0000] {logging_mixin.py:137} INFO - [2022-11-22T19:31:28.626+0000] {dagbag.py:537} INFO - Filling up the DagBag from /home/airflow/.local/lib/python3.7/site-packages/airflow/example_dags/example_time_delta_sensor_async.py
[2022-11-22T19:31:28.670+0000] {processor.py:766} INFO - DAG(s) dict_keys(['example_time_delta_sensor_async']) retrieved from /home/airflow/.local/lib/python3.7/site-packages/airflow/example_dags/example_time_delta_sensor_async.py
[2022-11-22T19:31:28.839+0000] {logging_mixin.py:137} INFO - [2022-11-22T19:31:28.839+0000] {dag.py:2585} INFO - Sync 1 DAGs
[2022-11-22T19:31:28.859+0000] {logging_mixin.py:137} INFO - [2022-11-22T19:31:28.859+0000] {dag.py:3340} INFO - Setting next_dagrun for example_time_delta_sensor_async to None, run_after=None
[2022-11-22T19:31:28.874+0000] {processor.py:176} INFO - Processing /home/airflow/.local/lib/python3.7/site-packages/airflow/example_dags/example_time_delta_sensor_async.py took 0.263 seconds
[2022-11-22T19:31:59.344+0000] {processor.py:154} INFO - Started process (PID=724) to work on /home/airflow/.local/lib/python3.7/site-packages/airflow/example_dags/example_time_delta_sensor_async.py
[2022-11-22T19:31:59.347+0000] {processor.py:756} INFO - Processing file /home/airflow/.local/lib/python3.7/site-packages/airflow/example_dags/example_time_delta_sensor_async.py for tasks to queue
[2022-11-22T19:31:59.350+0000] {logging_mixin.py:137} INFO - [2022-11-22T19:31:59.350+0000] {dagbag.py:537} INFO - Filling up the DagBag from /home/airflow/.local/lib/python3.7/site-packages/airflow/example_dags/example_time_delta_sensor_async.py
[2022-11-22T19:31:59.369+0000] {processor.py:766} INFO - DAG(s) dict_keys(['example_time_delta_sensor_async']) retrieved from /home/airflow/.local/lib/python3.7/site-packages/airflow/example_dags/example_time_delta_sensor_async.py
[2022-11-22T19:31:59.479+0000] {logging_mixin.py:137} INFO - [2022-11-22T19:31:59.479+0000] {dag.py:2585} INFO - Sync 1 DAGs
[2022-11-22T19:31:59.495+0000] {logging_mixin.py:137} INFO - [2022-11-22T19:31:59.494+0000] {dag.py:3340} INFO - Setting next_dagrun for example_time_delta_sensor_async to None, run_after=None
[2022-11-22T19:31:59.507+0000] {processor.py:176} INFO - Processing /home/airflow/.local/lib/python3.7/site-packages/airflow/example_dags/example_time_delta_sensor_async.py took 0.170 seconds
[2022-11-22T19:32:29.876+0000] {processor.py:154} INFO - Started process (PID=787) to work on /home/airflow/.local/lib/python3.7/site-packages/airflow/example_dags/example_time_delta_sensor_async.py
[2022-11-22T19:32:29.879+0000] {processor.py:756} INFO - Processing file /home/airflow/.local/lib/python3.7/site-packages/airflow/example_dags/example_time_delta_sensor_async.py for tasks to queue
[2022-11-22T19:32:29.881+0000] {logging_mixin.py:137} INFO - [2022-11-22T19:32:29.881+0000] {dagbag.py:537} INFO - Filling up the DagBag from /home/airflow/.local/lib/python3.7/site-packages/airflow/example_dags/example_time_delta_sensor_async.py
[2022-11-22T19:32:29.902+0000] {processor.py:766} INFO - DAG(s) dict_keys(['example_time_delta_sensor_async']) retrieved from /home/airflow/.local/lib/python3.7/site-packages/airflow/example_dags/example_time_delta_sensor_async.py
[2022-11-22T19:32:30.037+0000] {logging_mixin.py:137} INFO - [2022-11-22T19:32:30.037+0000] {dag.py:2585} INFO - Sync 1 DAGs
[2022-11-22T19:32:30.055+0000] {logging_mixin.py:137} INFO - [2022-11-22T19:32:30.054+0000] {dag.py:3340} INFO - Setting next_dagrun for example_time_delta_sensor_async to None, run_after=None
[2022-11-22T19:32:30.073+0000] {processor.py:176} INFO - Processing /home/airflow/.local/lib/python3.7/site-packages/airflow/example_dags/example_time_delta_sensor_async.py took 0.204 seconds
[2022-11-22T19:33:00.738+0000] {processor.py:154} INFO - Started process (PID=850) to work on /home/airflow/.local/lib/python3.7/site-packages/airflow/example_dags/example_time_delta_sensor_async.py
[2022-11-22T19:33:00.740+0000] {processor.py:756} INFO - Processing file /home/airflow/.local/lib/python3.7/site-packages/airflow/example_dags/example_time_delta_sensor_async.py for tasks to queue
[2022-11-22T19:33:00.742+0000] {logging_mixin.py:137} INFO - [2022-11-22T19:33:00.742+0000] {dagbag.py:537} INFO - Filling up the DagBag from /home/airflow/.local/lib/python3.7/site-packages/airflow/example_dags/example_time_delta_sensor_async.py
[2022-11-22T19:33:00.755+0000] {processor.py:766} INFO - DAG(s) dict_keys(['example_time_delta_sensor_async']) retrieved from /home/airflow/.local/lib/python3.7/site-packages/airflow/example_dags/example_time_delta_sensor_async.py
[2022-11-22T19:33:00.885+0000] {logging_mixin.py:137} INFO - [2022-11-22T19:33:00.885+0000] {dag.py:2585} INFO - Sync 1 DAGs
[2022-11-22T19:33:00.908+0000] {logging_mixin.py:137} INFO - [2022-11-22T19:33:00.908+0000] {dag.py:3340} INFO - Setting next_dagrun for example_time_delta_sensor_async to None, run_after=None
[2022-11-22T19:33:00.927+0000] {processor.py:176} INFO - Processing /home/airflow/.local/lib/python3.7/site-packages/airflow/example_dags/example_time_delta_sensor_async.py took 0.194 seconds
[2022-11-22T19:33:31.279+0000] {processor.py:154} INFO - Started process (PID=913) to work on /home/airflow/.local/lib/python3.7/site-packages/airflow/example_dags/example_time_delta_sensor_async.py
[2022-11-22T19:33:31.282+0000] {processor.py:756} INFO - Processing file /home/airflow/.local/lib/python3.7/site-packages/airflow/example_dags/example_time_delta_sensor_async.py for tasks to queue
[2022-11-22T19:33:31.285+0000] {logging_mixin.py:137} INFO - [2022-11-22T19:33:31.285+0000] {dagbag.py:537} INFO - Filling up the DagBag from /home/airflow/.local/lib/python3.7/site-packages/airflow/example_dags/example_time_delta_sensor_async.py
[2022-11-22T19:33:31.302+0000] {processor.py:766} INFO - DAG(s) dict_keys(['example_time_delta_sensor_async']) retrieved from /home/airflow/.local/lib/python3.7/site-packages/airflow/example_dags/example_time_delta_sensor_async.py
[2022-11-22T19:33:31.410+0000] {logging_mixin.py:137} INFO - [2022-11-22T19:33:31.409+0000] {dag.py:2585} INFO - Sync 1 DAGs
[2022-11-22T19:33:31.427+0000] {logging_mixin.py:137} INFO - [2022-11-22T19:33:31.427+0000] {dag.py:3340} INFO - Setting next_dagrun for example_time_delta_sensor_async to None, run_after=None
[2022-11-22T19:33:31.439+0000] {processor.py:176} INFO - Processing /home/airflow/.local/lib/python3.7/site-packages/airflow/example_dags/example_time_delta_sensor_async.py took 0.169 seconds
[2022-11-22T19:34:02.121+0000] {processor.py:154} INFO - Started process (PID=974) to work on /home/airflow/.local/lib/python3.7/site-packages/airflow/example_dags/example_time_delta_sensor_async.py
[2022-11-22T19:34:02.125+0000] {processor.py:756} INFO - Processing file /home/airflow/.local/lib/python3.7/site-packages/airflow/example_dags/example_time_delta_sensor_async.py for tasks to queue
[2022-11-22T19:34:02.127+0000] {logging_mixin.py:137} INFO - [2022-11-22T19:34:02.127+0000] {dagbag.py:537} INFO - Filling up the DagBag from /home/airflow/.local/lib/python3.7/site-packages/airflow/example_dags/example_time_delta_sensor_async.py
[2022-11-22T19:34:02.141+0000] {processor.py:766} INFO - DAG(s) dict_keys(['example_time_delta_sensor_async']) retrieved from /home/airflow/.local/lib/python3.7/site-packages/airflow/example_dags/example_time_delta_sensor_async.py
[2022-11-22T19:34:02.315+0000] {logging_mixin.py:137} INFO - [2022-11-22T19:34:02.314+0000] {dag.py:2585} INFO - Sync 1 DAGs
[2022-11-22T19:34:02.335+0000] {logging_mixin.py:137} INFO - [2022-11-22T19:34:02.335+0000] {dag.py:3340} INFO - Setting next_dagrun for example_time_delta_sensor_async to None, run_after=None
[2022-11-22T19:34:02.352+0000] {processor.py:176} INFO - Processing /home/airflow/.local/lib/python3.7/site-packages/airflow/example_dags/example_time_delta_sensor_async.py took 0.237 seconds
[2022-11-22T19:34:32.486+0000] {processor.py:154} INFO - Started process (PID=1030) to work on /home/airflow/.local/lib/python3.7/site-packages/airflow/example_dags/example_time_delta_sensor_async.py
[2022-11-22T19:34:32.488+0000] {processor.py:756} INFO - Processing file /home/airflow/.local/lib/python3.7/site-packages/airflow/example_dags/example_time_delta_sensor_async.py for tasks to queue
[2022-11-22T19:34:32.490+0000] {logging_mixin.py:137} INFO - [2022-11-22T19:34:32.490+0000] {dagbag.py:537} INFO - Filling up the DagBag from /home/airflow/.local/lib/python3.7/site-packages/airflow/example_dags/example_time_delta_sensor_async.py
[2022-11-22T19:34:32.502+0000] {processor.py:766} INFO - DAG(s) dict_keys(['example_time_delta_sensor_async']) retrieved from /home/airflow/.local/lib/python3.7/site-packages/airflow/example_dags/example_time_delta_sensor_async.py
[2022-11-22T19:34:32.629+0000] {logging_mixin.py:137} INFO - [2022-11-22T19:34:32.629+0000] {dag.py:2585} INFO - Sync 1 DAGs
[2022-11-22T19:34:32.645+0000] {logging_mixin.py:137} INFO - [2022-11-22T19:34:32.645+0000] {dag.py:3340} INFO - Setting next_dagrun for example_time_delta_sensor_async to None, run_after=None
[2022-11-22T19:34:32.658+0000] {processor.py:176} INFO - Processing /home/airflow/.local/lib/python3.7/site-packages/airflow/example_dags/example_time_delta_sensor_async.py took 0.176 seconds
[2022-11-22T19:35:03.386+0000] {processor.py:154} INFO - Started process (PID=1095) to work on /home/airflow/.local/lib/python3.7/site-packages/airflow/example_dags/example_time_delta_sensor_async.py
[2022-11-22T19:35:03.389+0000] {processor.py:756} INFO - Processing file /home/airflow/.local/lib/python3.7/site-packages/airflow/example_dags/example_time_delta_sensor_async.py for tasks to queue
[2022-11-22T19:35:03.392+0000] {logging_mixin.py:137} INFO - [2022-11-22T19:35:03.391+0000] {dagbag.py:537} INFO - Filling up the DagBag from /home/airflow/.local/lib/python3.7/site-packages/airflow/example_dags/example_time_delta_sensor_async.py
[2022-11-22T19:35:03.404+0000] {processor.py:766} INFO - DAG(s) dict_keys(['example_time_delta_sensor_async']) retrieved from /home/airflow/.local/lib/python3.7/site-packages/airflow/example_dags/example_time_delta_sensor_async.py
[2022-11-22T19:35:03.548+0000] {logging_mixin.py:137} INFO - [2022-11-22T19:35:03.548+0000] {dag.py:2585} INFO - Sync 1 DAGs
[2022-11-22T19:35:03.569+0000] {logging_mixin.py:137} INFO - [2022-11-22T19:35:03.569+0000] {dag.py:3340} INFO - Setting next_dagrun for example_time_delta_sensor_async to None, run_after=None
[2022-11-22T19:35:03.589+0000] {processor.py:176} INFO - Processing /home/airflow/.local/lib/python3.7/site-packages/airflow/example_dags/example_time_delta_sensor_async.py took 0.207 seconds
[2022-11-22T19:35:33.656+0000] {processor.py:154} INFO - Started process (PID=1157) to work on /home/airflow/.local/lib/python3.7/site-packages/airflow/example_dags/example_time_delta_sensor_async.py
[2022-11-22T19:35:33.658+0000] {processor.py:756} INFO - Processing file /home/airflow/.local/lib/python3.7/site-packages/airflow/example_dags/example_time_delta_sensor_async.py for tasks to queue
[2022-11-22T19:35:33.659+0000] {logging_mixin.py:137} INFO - [2022-11-22T19:35:33.659+0000] {dagbag.py:537} INFO - Filling up the DagBag from /home/airflow/.local/lib/python3.7/site-packages/airflow/example_dags/example_time_delta_sensor_async.py
[2022-11-22T19:35:33.671+0000] {processor.py:766} INFO - DAG(s) dict_keys(['example_time_delta_sensor_async']) retrieved from /home/airflow/.local/lib/python3.7/site-packages/airflow/example_dags/example_time_delta_sensor_async.py
[2022-11-22T19:35:33.792+0000] {logging_mixin.py:137} INFO - [2022-11-22T19:35:33.792+0000] {dag.py:2585} INFO - Sync 1 DAGs
[2022-11-22T19:35:33.812+0000] {logging_mixin.py:137} INFO - [2022-11-22T19:35:33.812+0000] {dag.py:3340} INFO - Setting next_dagrun for example_time_delta_sensor_async to None, run_after=None
[2022-11-22T19:35:33.824+0000] {processor.py:176} INFO - Processing /home/airflow/.local/lib/python3.7/site-packages/airflow/example_dags/example_time_delta_sensor_async.py took 0.172 seconds
[2022-11-22T19:36:04.647+0000] {processor.py:154} INFO - Started process (PID=1219) to work on /home/airflow/.local/lib/python3.7/site-packages/airflow/example_dags/example_time_delta_sensor_async.py
[2022-11-22T19:36:04.652+0000] {processor.py:756} INFO - Processing file /home/airflow/.local/lib/python3.7/site-packages/airflow/example_dags/example_time_delta_sensor_async.py for tasks to queue
[2022-11-22T19:36:04.655+0000] {logging_mixin.py:137} INFO - [2022-11-22T19:36:04.655+0000] {dagbag.py:537} INFO - Filling up the DagBag from /home/airflow/.local/lib/python3.7/site-packages/airflow/example_dags/example_time_delta_sensor_async.py
[2022-11-22T19:36:04.682+0000] {processor.py:766} INFO - DAG(s) dict_keys(['example_time_delta_sensor_async']) retrieved from /home/airflow/.local/lib/python3.7/site-packages/airflow/example_dags/example_time_delta_sensor_async.py
[2022-11-22T19:36:04.903+0000] {logging_mixin.py:137} INFO - [2022-11-22T19:36:04.903+0000] {dag.py:2585} INFO - Sync 1 DAGs
[2022-11-22T19:36:04.922+0000] {logging_mixin.py:137} INFO - [2022-11-22T19:36:04.922+0000] {dag.py:3340} INFO - Setting next_dagrun for example_time_delta_sensor_async to None, run_after=None
[2022-11-22T19:36:04.945+0000] {processor.py:176} INFO - Processing /home/airflow/.local/lib/python3.7/site-packages/airflow/example_dags/example_time_delta_sensor_async.py took 0.308 seconds
[2022-11-22T19:36:35.137+0000] {processor.py:154} INFO - Started process (PID=1274) to work on /home/airflow/.local/lib/python3.7/site-packages/airflow/example_dags/example_time_delta_sensor_async.py
[2022-11-22T19:36:35.141+0000] {processor.py:756} INFO - Processing file /home/airflow/.local/lib/python3.7/site-packages/airflow/example_dags/example_time_delta_sensor_async.py for tasks to queue
[2022-11-22T19:36:35.146+0000] {logging_mixin.py:137} INFO - [2022-11-22T19:36:35.145+0000] {dagbag.py:537} INFO - Filling up the DagBag from /home/airflow/.local/lib/python3.7/site-packages/airflow/example_dags/example_time_delta_sensor_async.py
[2022-11-22T19:36:35.161+0000] {processor.py:766} INFO - DAG(s) dict_keys(['example_time_delta_sensor_async']) retrieved from /home/airflow/.local/lib/python3.7/site-packages/airflow/example_dags/example_time_delta_sensor_async.py
[2022-11-22T19:36:35.294+0000] {logging_mixin.py:137} INFO - [2022-11-22T19:36:35.293+0000] {dag.py:2585} INFO - Sync 1 DAGs
[2022-11-22T19:36:35.314+0000] {logging_mixin.py:137} INFO - [2022-11-22T19:36:35.314+0000] {dag.py:3340} INFO - Setting next_dagrun for example_time_delta_sensor_async to None, run_after=None
[2022-11-22T19:36:35.326+0000] {processor.py:176} INFO - Processing /home/airflow/.local/lib/python3.7/site-packages/airflow/example_dags/example_time_delta_sensor_async.py took 0.194 seconds
[2022-11-22T19:37:06.078+0000] {processor.py:154} INFO - Started process (PID=1337) to work on /home/airflow/.local/lib/python3.7/site-packages/airflow/example_dags/example_time_delta_sensor_async.py
[2022-11-22T19:37:06.079+0000] {processor.py:756} INFO - Processing file /home/airflow/.local/lib/python3.7/site-packages/airflow/example_dags/example_time_delta_sensor_async.py for tasks to queue
[2022-11-22T19:37:06.083+0000] {logging_mixin.py:137} INFO - [2022-11-22T19:37:06.083+0000] {dagbag.py:537} INFO - Filling up the DagBag from /home/airflow/.local/lib/python3.7/site-packages/airflow/example_dags/example_time_delta_sensor_async.py
[2022-11-22T19:37:06.110+0000] {processor.py:766} INFO - DAG(s) dict_keys(['example_time_delta_sensor_async']) retrieved from /home/airflow/.local/lib/python3.7/site-packages/airflow/example_dags/example_time_delta_sensor_async.py
[2022-11-22T19:37:06.283+0000] {logging_mixin.py:137} INFO - [2022-11-22T19:37:06.283+0000] {dag.py:2585} INFO - Sync 1 DAGs
[2022-11-22T19:37:06.312+0000] {logging_mixin.py:137} INFO - [2022-11-22T19:37:06.312+0000] {dag.py:3340} INFO - Setting next_dagrun for example_time_delta_sensor_async to None, run_after=None
[2022-11-22T19:37:06.326+0000] {processor.py:176} INFO - Processing /home/airflow/.local/lib/python3.7/site-packages/airflow/example_dags/example_time_delta_sensor_async.py took 0.251 seconds
[2022-11-22T19:37:36.666+0000] {processor.py:154} INFO - Started process (PID=1401) to work on /home/airflow/.local/lib/python3.7/site-packages/airflow/example_dags/example_time_delta_sensor_async.py
[2022-11-22T19:37:36.669+0000] {processor.py:756} INFO - Processing file /home/airflow/.local/lib/python3.7/site-packages/airflow/example_dags/example_time_delta_sensor_async.py for tasks to queue
[2022-11-22T19:37:36.671+0000] {logging_mixin.py:137} INFO - [2022-11-22T19:37:36.671+0000] {dagbag.py:537} INFO - Filling up the DagBag from /home/airflow/.local/lib/python3.7/site-packages/airflow/example_dags/example_time_delta_sensor_async.py
[2022-11-22T19:37:36.688+0000] {processor.py:766} INFO - DAG(s) dict_keys(['example_time_delta_sensor_async']) retrieved from /home/airflow/.local/lib/python3.7/site-packages/airflow/example_dags/example_time_delta_sensor_async.py
[2022-11-22T19:37:36.805+0000] {logging_mixin.py:137} INFO - [2022-11-22T19:37:36.805+0000] {dag.py:2585} INFO - Sync 1 DAGs
[2022-11-22T19:37:36.821+0000] {logging_mixin.py:137} INFO - [2022-11-22T19:37:36.821+0000] {dag.py:3340} INFO - Setting next_dagrun for example_time_delta_sensor_async to None, run_after=None
[2022-11-22T19:37:36.834+0000] {processor.py:176} INFO - Processing /home/airflow/.local/lib/python3.7/site-packages/airflow/example_dags/example_time_delta_sensor_async.py took 0.174 seconds
[2022-11-22T19:38:07.273+0000] {processor.py:154} INFO - Started process (PID=1464) to work on /home/airflow/.local/lib/python3.7/site-packages/airflow/example_dags/example_time_delta_sensor_async.py
[2022-11-22T19:38:07.284+0000] {processor.py:756} INFO - Processing file /home/airflow/.local/lib/python3.7/site-packages/airflow/example_dags/example_time_delta_sensor_async.py for tasks to queue
[2022-11-22T19:38:07.289+0000] {logging_mixin.py:137} INFO - [2022-11-22T19:38:07.289+0000] {dagbag.py:537} INFO - Filling up the DagBag from /home/airflow/.local/lib/python3.7/site-packages/airflow/example_dags/example_time_delta_sensor_async.py
[2022-11-22T19:38:07.320+0000] {processor.py:766} INFO - DAG(s) dict_keys(['example_time_delta_sensor_async']) retrieved from /home/airflow/.local/lib/python3.7/site-packages/airflow/example_dags/example_time_delta_sensor_async.py
[2022-11-22T19:38:07.469+0000] {logging_mixin.py:137} INFO - [2022-11-22T19:38:07.469+0000] {dag.py:2585} INFO - Sync 1 DAGs
[2022-11-22T19:38:07.489+0000] {logging_mixin.py:137} INFO - [2022-11-22T19:38:07.489+0000] {dag.py:3340} INFO - Setting next_dagrun for example_time_delta_sensor_async to None, run_after=None
[2022-11-22T19:38:07.505+0000] {processor.py:176} INFO - Processing /home/airflow/.local/lib/python3.7/site-packages/airflow/example_dags/example_time_delta_sensor_async.py took 0.237 seconds
[2022-11-22T19:38:37.820+0000] {processor.py:154} INFO - Started process (PID=1518) to work on /home/airflow/.local/lib/python3.7/site-packages/airflow/example_dags/example_time_delta_sensor_async.py
[2022-11-22T19:38:37.824+0000] {processor.py:756} INFO - Processing file /home/airflow/.local/lib/python3.7/site-packages/airflow/example_dags/example_time_delta_sensor_async.py for tasks to queue
[2022-11-22T19:38:37.827+0000] {logging_mixin.py:137} INFO - [2022-11-22T19:38:37.827+0000] {dagbag.py:537} INFO - Filling up the DagBag from /home/airflow/.local/lib/python3.7/site-packages/airflow/example_dags/example_time_delta_sensor_async.py
[2022-11-22T19:38:37.847+0000] {processor.py:766} INFO - DAG(s) dict_keys(['example_time_delta_sensor_async']) retrieved from /home/airflow/.local/lib/python3.7/site-packages/airflow/example_dags/example_time_delta_sensor_async.py
[2022-11-22T19:38:37.979+0000] {logging_mixin.py:137} INFO - [2022-11-22T19:38:37.979+0000] {dag.py:2585} INFO - Sync 1 DAGs
[2022-11-22T19:38:37.998+0000] {logging_mixin.py:137} INFO - [2022-11-22T19:38:37.997+0000] {dag.py:3340} INFO - Setting next_dagrun for example_time_delta_sensor_async to None, run_after=None
[2022-11-22T19:38:38.013+0000] {processor.py:176} INFO - Processing /home/airflow/.local/lib/python3.7/site-packages/airflow/example_dags/example_time_delta_sensor_async.py took 0.198 seconds
[2022-11-22T19:39:08.192+0000] {processor.py:154} INFO - Started process (PID=1581) to work on /home/airflow/.local/lib/python3.7/site-packages/airflow/example_dags/example_time_delta_sensor_async.py
[2022-11-22T19:39:08.196+0000] {processor.py:756} INFO - Processing file /home/airflow/.local/lib/python3.7/site-packages/airflow/example_dags/example_time_delta_sensor_async.py for tasks to queue
[2022-11-22T19:39:08.198+0000] {logging_mixin.py:137} INFO - [2022-11-22T19:39:08.198+0000] {dagbag.py:537} INFO - Filling up the DagBag from /home/airflow/.local/lib/python3.7/site-packages/airflow/example_dags/example_time_delta_sensor_async.py
[2022-11-22T19:39:08.224+0000] {processor.py:766} INFO - DAG(s) dict_keys(['example_time_delta_sensor_async']) retrieved from /home/airflow/.local/lib/python3.7/site-packages/airflow/example_dags/example_time_delta_sensor_async.py
[2022-11-22T19:39:08.413+0000] {logging_mixin.py:137} INFO - [2022-11-22T19:39:08.413+0000] {dag.py:2585} INFO - Sync 1 DAGs
[2022-11-22T19:39:08.445+0000] {logging_mixin.py:137} INFO - [2022-11-22T19:39:08.445+0000] {dag.py:3340} INFO - Setting next_dagrun for example_time_delta_sensor_async to None, run_after=None
[2022-11-22T19:39:08.502+0000] {processor.py:176} INFO - Processing /home/airflow/.local/lib/python3.7/site-packages/airflow/example_dags/example_time_delta_sensor_async.py took 0.319 seconds
[2022-11-22T19:39:39.304+0000] {processor.py:154} INFO - Started process (PID=1645) to work on /home/airflow/.local/lib/python3.7/site-packages/airflow/example_dags/example_time_delta_sensor_async.py
[2022-11-22T19:39:39.307+0000] {processor.py:756} INFO - Processing file /home/airflow/.local/lib/python3.7/site-packages/airflow/example_dags/example_time_delta_sensor_async.py for tasks to queue
[2022-11-22T19:39:39.310+0000] {logging_mixin.py:137} INFO - [2022-11-22T19:39:39.310+0000] {dagbag.py:537} INFO - Filling up the DagBag from /home/airflow/.local/lib/python3.7/site-packages/airflow/example_dags/example_time_delta_sensor_async.py
[2022-11-22T19:39:39.324+0000] {processor.py:766} INFO - DAG(s) dict_keys(['example_time_delta_sensor_async']) retrieved from /home/airflow/.local/lib/python3.7/site-packages/airflow/example_dags/example_time_delta_sensor_async.py
[2022-11-22T19:39:39.498+0000] {logging_mixin.py:137} INFO - [2022-11-22T19:39:39.498+0000] {dag.py:2585} INFO - Sync 1 DAGs
[2022-11-22T19:39:39.520+0000] {logging_mixin.py:137} INFO - [2022-11-22T19:39:39.520+0000] {dag.py:3340} INFO - Setting next_dagrun for example_time_delta_sensor_async to None, run_after=None
[2022-11-22T19:39:39.610+0000] {processor.py:176} INFO - Processing /home/airflow/.local/lib/python3.7/site-packages/airflow/example_dags/example_time_delta_sensor_async.py took 0.310 seconds
[2022-11-22T19:40:09.760+0000] {processor.py:154} INFO - Started process (PID=1710) to work on /home/airflow/.local/lib/python3.7/site-packages/airflow/example_dags/example_time_delta_sensor_async.py
[2022-11-22T19:40:09.761+0000] {processor.py:756} INFO - Processing file /home/airflow/.local/lib/python3.7/site-packages/airflow/example_dags/example_time_delta_sensor_async.py for tasks to queue
[2022-11-22T19:40:09.764+0000] {logging_mixin.py:137} INFO - [2022-11-22T19:40:09.763+0000] {dagbag.py:537} INFO - Filling up the DagBag from /home/airflow/.local/lib/python3.7/site-packages/airflow/example_dags/example_time_delta_sensor_async.py
[2022-11-22T19:40:09.773+0000] {processor.py:766} INFO - DAG(s) dict_keys(['example_time_delta_sensor_async']) retrieved from /home/airflow/.local/lib/python3.7/site-packages/airflow/example_dags/example_time_delta_sensor_async.py
[2022-11-22T19:40:09.878+0000] {logging_mixin.py:137} INFO - [2022-11-22T19:40:09.878+0000] {dag.py:2585} INFO - Sync 1 DAGs
[2022-11-22T19:40:09.894+0000] {logging_mixin.py:137} INFO - [2022-11-22T19:40:09.894+0000] {dag.py:3340} INFO - Setting next_dagrun for example_time_delta_sensor_async to None, run_after=None
[2022-11-22T19:40:09.906+0000] {processor.py:176} INFO - Processing /home/airflow/.local/lib/python3.7/site-packages/airflow/example_dags/example_time_delta_sensor_async.py took 0.149 seconds
[2022-11-22T19:40:40.200+0000] {processor.py:154} INFO - Started process (PID=1763) to work on /home/airflow/.local/lib/python3.7/site-packages/airflow/example_dags/example_time_delta_sensor_async.py
[2022-11-22T19:40:40.203+0000] {processor.py:756} INFO - Processing file /home/airflow/.local/lib/python3.7/site-packages/airflow/example_dags/example_time_delta_sensor_async.py for tasks to queue
[2022-11-22T19:40:40.207+0000] {logging_mixin.py:137} INFO - [2022-11-22T19:40:40.206+0000] {dagbag.py:537} INFO - Filling up the DagBag from /home/airflow/.local/lib/python3.7/site-packages/airflow/example_dags/example_time_delta_sensor_async.py
[2022-11-22T19:40:40.223+0000] {processor.py:766} INFO - DAG(s) dict_keys(['example_time_delta_sensor_async']) retrieved from /home/airflow/.local/lib/python3.7/site-packages/airflow/example_dags/example_time_delta_sensor_async.py
[2022-11-22T19:40:40.340+0000] {logging_mixin.py:137} INFO - [2022-11-22T19:40:40.340+0000] {dag.py:2585} INFO - Sync 1 DAGs
[2022-11-22T19:40:40.357+0000] {logging_mixin.py:137} INFO - [2022-11-22T19:40:40.356+0000] {dag.py:3340} INFO - Setting next_dagrun for example_time_delta_sensor_async to None, run_after=None
[2022-11-22T19:40:40.368+0000] {processor.py:176} INFO - Processing /home/airflow/.local/lib/python3.7/site-packages/airflow/example_dags/example_time_delta_sensor_async.py took 0.174 seconds
[2022-11-22T19:41:11.075+0000] {processor.py:154} INFO - Started process (PID=1827) to work on /home/airflow/.local/lib/python3.7/site-packages/airflow/example_dags/example_time_delta_sensor_async.py
[2022-11-22T19:41:11.078+0000] {processor.py:756} INFO - Processing file /home/airflow/.local/lib/python3.7/site-packages/airflow/example_dags/example_time_delta_sensor_async.py for tasks to queue
[2022-11-22T19:41:11.079+0000] {logging_mixin.py:137} INFO - [2022-11-22T19:41:11.079+0000] {dagbag.py:537} INFO - Filling up the DagBag from /home/airflow/.local/lib/python3.7/site-packages/airflow/example_dags/example_time_delta_sensor_async.py
[2022-11-22T19:41:11.095+0000] {processor.py:766} INFO - DAG(s) dict_keys(['example_time_delta_sensor_async']) retrieved from /home/airflow/.local/lib/python3.7/site-packages/airflow/example_dags/example_time_delta_sensor_async.py
[2022-11-22T19:41:11.231+0000] {logging_mixin.py:137} INFO - [2022-11-22T19:41:11.231+0000] {dag.py:2585} INFO - Sync 1 DAGs
[2022-11-22T19:41:11.249+0000] {logging_mixin.py:137} INFO - [2022-11-22T19:41:11.249+0000] {dag.py:3340} INFO - Setting next_dagrun for example_time_delta_sensor_async to None, run_after=None
[2022-11-22T19:41:11.264+0000] {processor.py:176} INFO - Processing /home/airflow/.local/lib/python3.7/site-packages/airflow/example_dags/example_time_delta_sensor_async.py took 0.193 seconds
[2022-11-22T19:41:41.422+0000] {processor.py:154} INFO - Started process (PID=1891) to work on /home/airflow/.local/lib/python3.7/site-packages/airflow/example_dags/example_time_delta_sensor_async.py
[2022-11-22T19:41:41.426+0000] {processor.py:756} INFO - Processing file /home/airflow/.local/lib/python3.7/site-packages/airflow/example_dags/example_time_delta_sensor_async.py for tasks to queue
[2022-11-22T19:41:41.428+0000] {logging_mixin.py:137} INFO - [2022-11-22T19:41:41.428+0000] {dagbag.py:537} INFO - Filling up the DagBag from /home/airflow/.local/lib/python3.7/site-packages/airflow/example_dags/example_time_delta_sensor_async.py
[2022-11-22T19:41:41.444+0000] {processor.py:766} INFO - DAG(s) dict_keys(['example_time_delta_sensor_async']) retrieved from /home/airflow/.local/lib/python3.7/site-packages/airflow/example_dags/example_time_delta_sensor_async.py
[2022-11-22T19:41:41.577+0000] {logging_mixin.py:137} INFO - [2022-11-22T19:41:41.577+0000] {dag.py:2585} INFO - Sync 1 DAGs
[2022-11-22T19:41:41.596+0000] {logging_mixin.py:137} INFO - [2022-11-22T19:41:41.596+0000] {dag.py:3340} INFO - Setting next_dagrun for example_time_delta_sensor_async to None, run_after=None
[2022-11-22T19:41:41.609+0000] {processor.py:176} INFO - Processing /home/airflow/.local/lib/python3.7/site-packages/airflow/example_dags/example_time_delta_sensor_async.py took 0.193 seconds
[2022-11-22T19:42:11.842+0000] {processor.py:154} INFO - Started process (PID=1954) to work on /home/airflow/.local/lib/python3.7/site-packages/airflow/example_dags/example_time_delta_sensor_async.py
[2022-11-22T19:42:11.845+0000] {processor.py:756} INFO - Processing file /home/airflow/.local/lib/python3.7/site-packages/airflow/example_dags/example_time_delta_sensor_async.py for tasks to queue
[2022-11-22T19:42:11.847+0000] {logging_mixin.py:137} INFO - [2022-11-22T19:42:11.847+0000] {dagbag.py:537} INFO - Filling up the DagBag from /home/airflow/.local/lib/python3.7/site-packages/airflow/example_dags/example_time_delta_sensor_async.py
[2022-11-22T19:42:11.872+0000] {processor.py:766} INFO - DAG(s) dict_keys(['example_time_delta_sensor_async']) retrieved from /home/airflow/.local/lib/python3.7/site-packages/airflow/example_dags/example_time_delta_sensor_async.py
[2022-11-22T19:42:12.024+0000] {logging_mixin.py:137} INFO - [2022-11-22T19:42:12.024+0000] {dag.py:2585} INFO - Sync 1 DAGs
[2022-11-22T19:42:12.041+0000] {logging_mixin.py:137} INFO - [2022-11-22T19:42:12.041+0000] {dag.py:3340} INFO - Setting next_dagrun for example_time_delta_sensor_async to None, run_after=None
[2022-11-22T19:42:12.054+0000] {processor.py:176} INFO - Processing /home/airflow/.local/lib/python3.7/site-packages/airflow/example_dags/example_time_delta_sensor_async.py took 0.220 seconds
[2022-11-22T19:42:42.944+0000] {processor.py:154} INFO - Started process (PID=2009) to work on /home/airflow/.local/lib/python3.7/site-packages/airflow/example_dags/example_time_delta_sensor_async.py
[2022-11-22T19:42:42.949+0000] {processor.py:756} INFO - Processing file /home/airflow/.local/lib/python3.7/site-packages/airflow/example_dags/example_time_delta_sensor_async.py for tasks to queue
[2022-11-22T19:42:42.950+0000] {logging_mixin.py:137} INFO - [2022-11-22T19:42:42.950+0000] {dagbag.py:537} INFO - Filling up the DagBag from /home/airflow/.local/lib/python3.7/site-packages/airflow/example_dags/example_time_delta_sensor_async.py
[2022-11-22T19:42:42.967+0000] {processor.py:766} INFO - DAG(s) dict_keys(['example_time_delta_sensor_async']) retrieved from /home/airflow/.local/lib/python3.7/site-packages/airflow/example_dags/example_time_delta_sensor_async.py
[2022-11-22T19:42:43.124+0000] {logging_mixin.py:137} INFO - [2022-11-22T19:42:43.124+0000] {dag.py:2585} INFO - Sync 1 DAGs
[2022-11-22T19:42:43.140+0000] {logging_mixin.py:137} INFO - [2022-11-22T19:42:43.140+0000] {dag.py:3340} INFO - Setting next_dagrun for example_time_delta_sensor_async to None, run_after=None
[2022-11-22T19:42:43.153+0000] {processor.py:176} INFO - Processing /home/airflow/.local/lib/python3.7/site-packages/airflow/example_dags/example_time_delta_sensor_async.py took 0.215 seconds
[2022-11-22T19:43:13.993+0000] {processor.py:154} INFO - Started process (PID=2071) to work on /home/airflow/.local/lib/python3.7/site-packages/airflow/example_dags/example_time_delta_sensor_async.py
[2022-11-22T19:43:13.996+0000] {processor.py:756} INFO - Processing file /home/airflow/.local/lib/python3.7/site-packages/airflow/example_dags/example_time_delta_sensor_async.py for tasks to queue
[2022-11-22T19:43:13.998+0000] {logging_mixin.py:137} INFO - [2022-11-22T19:43:13.998+0000] {dagbag.py:537} INFO - Filling up the DagBag from /home/airflow/.local/lib/python3.7/site-packages/airflow/example_dags/example_time_delta_sensor_async.py
[2022-11-22T19:43:14.019+0000] {processor.py:766} INFO - DAG(s) dict_keys(['example_time_delta_sensor_async']) retrieved from /home/airflow/.local/lib/python3.7/site-packages/airflow/example_dags/example_time_delta_sensor_async.py
[2022-11-22T19:43:14.162+0000] {logging_mixin.py:137} INFO - [2022-11-22T19:43:14.162+0000] {dag.py:2585} INFO - Sync 1 DAGs
[2022-11-22T19:43:14.179+0000] {logging_mixin.py:137} INFO - [2022-11-22T19:43:14.179+0000] {dag.py:3340} INFO - Setting next_dagrun for example_time_delta_sensor_async to None, run_after=None
[2022-11-22T19:43:14.192+0000] {processor.py:176} INFO - Processing /home/airflow/.local/lib/python3.7/site-packages/airflow/example_dags/example_time_delta_sensor_async.py took 0.208 seconds
[2022-11-22T19:43:44.933+0000] {processor.py:154} INFO - Started process (PID=2134) to work on /home/airflow/.local/lib/python3.7/site-packages/airflow/example_dags/example_time_delta_sensor_async.py
[2022-11-22T19:43:44.936+0000] {processor.py:756} INFO - Processing file /home/airflow/.local/lib/python3.7/site-packages/airflow/example_dags/example_time_delta_sensor_async.py for tasks to queue
[2022-11-22T19:43:44.938+0000] {logging_mixin.py:137} INFO - [2022-11-22T19:43:44.938+0000] {dagbag.py:537} INFO - Filling up the DagBag from /home/airflow/.local/lib/python3.7/site-packages/airflow/example_dags/example_time_delta_sensor_async.py
[2022-11-22T19:43:44.954+0000] {processor.py:766} INFO - DAG(s) dict_keys(['example_time_delta_sensor_async']) retrieved from /home/airflow/.local/lib/python3.7/site-packages/airflow/example_dags/example_time_delta_sensor_async.py
[2022-11-22T19:43:45.070+0000] {logging_mixin.py:137} INFO - [2022-11-22T19:43:45.069+0000] {dag.py:2585} INFO - Sync 1 DAGs
[2022-11-22T19:43:45.086+0000] {logging_mixin.py:137} INFO - [2022-11-22T19:43:45.086+0000] {dag.py:3340} INFO - Setting next_dagrun for example_time_delta_sensor_async to None, run_after=None
[2022-11-22T19:43:45.098+0000] {processor.py:176} INFO - Processing /home/airflow/.local/lib/python3.7/site-packages/airflow/example_dags/example_time_delta_sensor_async.py took 0.171 seconds
[2022-11-22T19:44:15.457+0000] {processor.py:154} INFO - Started process (PID=2197) to work on /home/airflow/.local/lib/python3.7/site-packages/airflow/example_dags/example_time_delta_sensor_async.py
[2022-11-22T19:44:15.459+0000] {processor.py:756} INFO - Processing file /home/airflow/.local/lib/python3.7/site-packages/airflow/example_dags/example_time_delta_sensor_async.py for tasks to queue
[2022-11-22T19:44:15.461+0000] {logging_mixin.py:137} INFO - [2022-11-22T19:44:15.461+0000] {dagbag.py:537} INFO - Filling up the DagBag from /home/airflow/.local/lib/python3.7/site-packages/airflow/example_dags/example_time_delta_sensor_async.py
[2022-11-22T19:44:15.474+0000] {processor.py:766} INFO - DAG(s) dict_keys(['example_time_delta_sensor_async']) retrieved from /home/airflow/.local/lib/python3.7/site-packages/airflow/example_dags/example_time_delta_sensor_async.py
[2022-11-22T19:44:15.593+0000] {logging_mixin.py:137} INFO - [2022-11-22T19:44:15.593+0000] {dag.py:2585} INFO - Sync 1 DAGs
[2022-11-22T19:44:15.608+0000] {logging_mixin.py:137} INFO - [2022-11-22T19:44:15.608+0000] {dag.py:3340} INFO - Setting next_dagrun for example_time_delta_sensor_async to None, run_after=None
[2022-11-22T19:44:15.620+0000] {processor.py:176} INFO - Processing /home/airflow/.local/lib/python3.7/site-packages/airflow/example_dags/example_time_delta_sensor_async.py took 0.167 seconds
[2022-11-22T19:44:46.537+0000] {processor.py:154} INFO - Started process (PID=2260) to work on /home/airflow/.local/lib/python3.7/site-packages/airflow/example_dags/example_time_delta_sensor_async.py
[2022-11-22T19:44:46.540+0000] {processor.py:756} INFO - Processing file /home/airflow/.local/lib/python3.7/site-packages/airflow/example_dags/example_time_delta_sensor_async.py for tasks to queue
[2022-11-22T19:44:46.543+0000] {logging_mixin.py:137} INFO - [2022-11-22T19:44:46.543+0000] {dagbag.py:537} INFO - Filling up the DagBag from /home/airflow/.local/lib/python3.7/site-packages/airflow/example_dags/example_time_delta_sensor_async.py
[2022-11-22T19:44:46.562+0000] {processor.py:766} INFO - DAG(s) dict_keys(['example_time_delta_sensor_async']) retrieved from /home/airflow/.local/lib/python3.7/site-packages/airflow/example_dags/example_time_delta_sensor_async.py
[2022-11-22T19:44:46.698+0000] {logging_mixin.py:137} INFO - [2022-11-22T19:44:46.698+0000] {dag.py:2585} INFO - Sync 1 DAGs
[2022-11-22T19:44:46.715+0000] {logging_mixin.py:137} INFO - [2022-11-22T19:44:46.715+0000] {dag.py:3340} INFO - Setting next_dagrun for example_time_delta_sensor_async to None, run_after=None
[2022-11-22T19:44:46.728+0000] {processor.py:176} INFO - Processing /home/airflow/.local/lib/python3.7/site-packages/airflow/example_dags/example_time_delta_sensor_async.py took 0.201 seconds
[2022-11-22T19:45:17.645+0000] {processor.py:154} INFO - Started process (PID=2315) to work on /home/airflow/.local/lib/python3.7/site-packages/airflow/example_dags/example_time_delta_sensor_async.py
[2022-11-22T19:45:17.649+0000] {processor.py:756} INFO - Processing file /home/airflow/.local/lib/python3.7/site-packages/airflow/example_dags/example_time_delta_sensor_async.py for tasks to queue
[2022-11-22T19:45:17.650+0000] {logging_mixin.py:137} INFO - [2022-11-22T19:45:17.650+0000] {dagbag.py:537} INFO - Filling up the DagBag from /home/airflow/.local/lib/python3.7/site-packages/airflow/example_dags/example_time_delta_sensor_async.py
[2022-11-22T19:45:17.667+0000] {processor.py:766} INFO - DAG(s) dict_keys(['example_time_delta_sensor_async']) retrieved from /home/airflow/.local/lib/python3.7/site-packages/airflow/example_dags/example_time_delta_sensor_async.py
[2022-11-22T19:45:17.791+0000] {logging_mixin.py:137} INFO - [2022-11-22T19:45:17.791+0000] {dag.py:2585} INFO - Sync 1 DAGs
[2022-11-22T19:45:17.807+0000] {logging_mixin.py:137} INFO - [2022-11-22T19:45:17.807+0000] {dag.py:3340} INFO - Setting next_dagrun for example_time_delta_sensor_async to None, run_after=None
[2022-11-22T19:45:17.820+0000] {processor.py:176} INFO - Processing /home/airflow/.local/lib/python3.7/site-packages/airflow/example_dags/example_time_delta_sensor_async.py took 0.187 seconds
[2022-11-22T19:45:48.373+0000] {processor.py:154} INFO - Started process (PID=2379) to work on /home/airflow/.local/lib/python3.7/site-packages/airflow/example_dags/example_time_delta_sensor_async.py
[2022-11-22T19:45:48.376+0000] {processor.py:756} INFO - Processing file /home/airflow/.local/lib/python3.7/site-packages/airflow/example_dags/example_time_delta_sensor_async.py for tasks to queue
[2022-11-22T19:45:48.378+0000] {logging_mixin.py:137} INFO - [2022-11-22T19:45:48.377+0000] {dagbag.py:537} INFO - Filling up the DagBag from /home/airflow/.local/lib/python3.7/site-packages/airflow/example_dags/example_time_delta_sensor_async.py
[2022-11-22T19:45:48.391+0000] {processor.py:766} INFO - DAG(s) dict_keys(['example_time_delta_sensor_async']) retrieved from /home/airflow/.local/lib/python3.7/site-packages/airflow/example_dags/example_time_delta_sensor_async.py
[2022-11-22T19:45:48.504+0000] {logging_mixin.py:137} INFO - [2022-11-22T19:45:48.504+0000] {dag.py:2585} INFO - Sync 1 DAGs
[2022-11-22T19:45:48.521+0000] {logging_mixin.py:137} INFO - [2022-11-22T19:45:48.521+0000] {dag.py:3340} INFO - Setting next_dagrun for example_time_delta_sensor_async to None, run_after=None
[2022-11-22T19:45:48.534+0000] {processor.py:176} INFO - Processing /home/airflow/.local/lib/python3.7/site-packages/airflow/example_dags/example_time_delta_sensor_async.py took 0.165 seconds
[2022-11-22T19:46:18.849+0000] {processor.py:154} INFO - Started process (PID=2443) to work on /home/airflow/.local/lib/python3.7/site-packages/airflow/example_dags/example_time_delta_sensor_async.py
[2022-11-22T19:46:18.851+0000] {processor.py:756} INFO - Processing file /home/airflow/.local/lib/python3.7/site-packages/airflow/example_dags/example_time_delta_sensor_async.py for tasks to queue
[2022-11-22T19:46:18.852+0000] {logging_mixin.py:137} INFO - [2022-11-22T19:46:18.852+0000] {dagbag.py:537} INFO - Filling up the DagBag from /home/airflow/.local/lib/python3.7/site-packages/airflow/example_dags/example_time_delta_sensor_async.py
[2022-11-22T19:46:18.867+0000] {processor.py:766} INFO - DAG(s) dict_keys(['example_time_delta_sensor_async']) retrieved from /home/airflow/.local/lib/python3.7/site-packages/airflow/example_dags/example_time_delta_sensor_async.py
[2022-11-22T19:46:19.012+0000] {logging_mixin.py:137} INFO - [2022-11-22T19:46:19.012+0000] {dag.py:2585} INFO - Sync 1 DAGs
[2022-11-22T19:46:19.030+0000] {logging_mixin.py:137} INFO - [2022-11-22T19:46:19.030+0000] {dag.py:3340} INFO - Setting next_dagrun for example_time_delta_sensor_async to None, run_after=None
[2022-11-22T19:46:19.052+0000] {processor.py:176} INFO - Processing /home/airflow/.local/lib/python3.7/site-packages/airflow/example_dags/example_time_delta_sensor_async.py took 0.206 seconds
[2022-11-22T19:46:49.704+0000] {processor.py:154} INFO - Started process (PID=2505) to work on /home/airflow/.local/lib/python3.7/site-packages/airflow/example_dags/example_time_delta_sensor_async.py
[2022-11-22T19:46:49.707+0000] {processor.py:756} INFO - Processing file /home/airflow/.local/lib/python3.7/site-packages/airflow/example_dags/example_time_delta_sensor_async.py for tasks to queue
[2022-11-22T19:46:49.711+0000] {logging_mixin.py:137} INFO - [2022-11-22T19:46:49.711+0000] {dagbag.py:537} INFO - Filling up the DagBag from /home/airflow/.local/lib/python3.7/site-packages/airflow/example_dags/example_time_delta_sensor_async.py
[2022-11-22T19:46:49.724+0000] {processor.py:766} INFO - DAG(s) dict_keys(['example_time_delta_sensor_async']) retrieved from /home/airflow/.local/lib/python3.7/site-packages/airflow/example_dags/example_time_delta_sensor_async.py
[2022-11-22T19:46:50.121+0000] {logging_mixin.py:137} INFO - [2022-11-22T19:46:50.114+0000] {dag.py:2585} INFO - Sync 1 DAGs
[2022-11-22T19:46:50.213+0000] {logging_mixin.py:137} INFO - [2022-11-22T19:46:50.213+0000] {dag.py:3340} INFO - Setting next_dagrun for example_time_delta_sensor_async to None, run_after=None
[2022-11-22T19:46:50.273+0000] {processor.py:176} INFO - Processing /home/airflow/.local/lib/python3.7/site-packages/airflow/example_dags/example_time_delta_sensor_async.py took 0.572 seconds
[2022-11-22T19:47:20.954+0000] {processor.py:154} INFO - Started process (PID=2568) to work on /home/airflow/.local/lib/python3.7/site-packages/airflow/example_dags/example_time_delta_sensor_async.py
[2022-11-22T19:47:20.964+0000] {processor.py:756} INFO - Processing file /home/airflow/.local/lib/python3.7/site-packages/airflow/example_dags/example_time_delta_sensor_async.py for tasks to queue
[2022-11-22T19:47:20.968+0000] {logging_mixin.py:137} INFO - [2022-11-22T19:47:20.968+0000] {dagbag.py:537} INFO - Filling up the DagBag from /home/airflow/.local/lib/python3.7/site-packages/airflow/example_dags/example_time_delta_sensor_async.py
[2022-11-22T19:47:20.998+0000] {processor.py:766} INFO - DAG(s) dict_keys(['example_time_delta_sensor_async']) retrieved from /home/airflow/.local/lib/python3.7/site-packages/airflow/example_dags/example_time_delta_sensor_async.py
[2022-11-22T19:47:21.188+0000] {logging_mixin.py:137} INFO - [2022-11-22T19:47:21.188+0000] {dag.py:2585} INFO - Sync 1 DAGs
[2022-11-22T19:47:21.213+0000] {logging_mixin.py:137} INFO - [2022-11-22T19:47:21.213+0000] {dag.py:3340} INFO - Setting next_dagrun for example_time_delta_sensor_async to None, run_after=None
[2022-11-22T19:47:21.250+0000] {processor.py:176} INFO - Processing /home/airflow/.local/lib/python3.7/site-packages/airflow/example_dags/example_time_delta_sensor_async.py took 0.303 seconds
[2022-11-22T19:47:51.475+0000] {processor.py:154} INFO - Started process (PID=2621) to work on /home/airflow/.local/lib/python3.7/site-packages/airflow/example_dags/example_time_delta_sensor_async.py
[2022-11-22T19:47:51.478+0000] {processor.py:756} INFO - Processing file /home/airflow/.local/lib/python3.7/site-packages/airflow/example_dags/example_time_delta_sensor_async.py for tasks to queue
[2022-11-22T19:47:51.480+0000] {logging_mixin.py:137} INFO - [2022-11-22T19:47:51.480+0000] {dagbag.py:537} INFO - Filling up the DagBag from /home/airflow/.local/lib/python3.7/site-packages/airflow/example_dags/example_time_delta_sensor_async.py
[2022-11-22T19:47:51.508+0000] {processor.py:766} INFO - DAG(s) dict_keys(['example_time_delta_sensor_async']) retrieved from /home/airflow/.local/lib/python3.7/site-packages/airflow/example_dags/example_time_delta_sensor_async.py
[2022-11-22T19:47:51.753+0000] {logging_mixin.py:137} INFO - [2022-11-22T19:47:51.753+0000] {dag.py:2585} INFO - Sync 1 DAGs
[2022-11-22T19:47:51.777+0000] {logging_mixin.py:137} INFO - [2022-11-22T19:47:51.777+0000] {dag.py:3340} INFO - Setting next_dagrun for example_time_delta_sensor_async to None, run_after=None
[2022-11-22T19:47:51.790+0000] {processor.py:176} INFO - Processing /home/airflow/.local/lib/python3.7/site-packages/airflow/example_dags/example_time_delta_sensor_async.py took 0.322 seconds
[2022-11-22T19:48:21.940+0000] {processor.py:154} INFO - Started process (PID=2684) to work on /home/airflow/.local/lib/python3.7/site-packages/airflow/example_dags/example_time_delta_sensor_async.py
[2022-11-22T19:48:21.943+0000] {processor.py:756} INFO - Processing file /home/airflow/.local/lib/python3.7/site-packages/airflow/example_dags/example_time_delta_sensor_async.py for tasks to queue
[2022-11-22T19:48:21.947+0000] {logging_mixin.py:137} INFO - [2022-11-22T19:48:21.946+0000] {dagbag.py:537} INFO - Filling up the DagBag from /home/airflow/.local/lib/python3.7/site-packages/airflow/example_dags/example_time_delta_sensor_async.py
[2022-11-22T19:48:21.964+0000] {processor.py:766} INFO - DAG(s) dict_keys(['example_time_delta_sensor_async']) retrieved from /home/airflow/.local/lib/python3.7/site-packages/airflow/example_dags/example_time_delta_sensor_async.py
[2022-11-22T19:48:22.155+0000] {logging_mixin.py:137} INFO - [2022-11-22T19:48:22.154+0000] {dag.py:2585} INFO - Sync 1 DAGs
[2022-11-22T19:48:22.295+0000] {logging_mixin.py:137} INFO - [2022-11-22T19:48:22.295+0000] {dag.py:3340} INFO - Setting next_dagrun for example_time_delta_sensor_async to None, run_after=None
[2022-11-22T19:48:22.371+0000] {processor.py:176} INFO - Processing /home/airflow/.local/lib/python3.7/site-packages/airflow/example_dags/example_time_delta_sensor_async.py took 0.434 seconds
[2022-11-22T19:48:52.615+0000] {processor.py:154} INFO - Started process (PID=2746) to work on /home/airflow/.local/lib/python3.7/site-packages/airflow/example_dags/example_time_delta_sensor_async.py
[2022-11-22T19:48:52.617+0000] {processor.py:756} INFO - Processing file /home/airflow/.local/lib/python3.7/site-packages/airflow/example_dags/example_time_delta_sensor_async.py for tasks to queue
[2022-11-22T19:48:52.619+0000] {logging_mixin.py:137} INFO - [2022-11-22T19:48:52.619+0000] {dagbag.py:537} INFO - Filling up the DagBag from /home/airflow/.local/lib/python3.7/site-packages/airflow/example_dags/example_time_delta_sensor_async.py
[2022-11-22T19:48:52.632+0000] {processor.py:766} INFO - DAG(s) dict_keys(['example_time_delta_sensor_async']) retrieved from /home/airflow/.local/lib/python3.7/site-packages/airflow/example_dags/example_time_delta_sensor_async.py
[2022-11-22T19:48:52.753+0000] {logging_mixin.py:137} INFO - [2022-11-22T19:48:52.753+0000] {dag.py:2585} INFO - Sync 1 DAGs
[2022-11-22T19:48:52.777+0000] {logging_mixin.py:137} INFO - [2022-11-22T19:48:52.777+0000] {dag.py:3340} INFO - Setting next_dagrun for example_time_delta_sensor_async to None, run_after=None
[2022-11-22T19:48:52.795+0000] {processor.py:176} INFO - Processing /home/airflow/.local/lib/python3.7/site-packages/airflow/example_dags/example_time_delta_sensor_async.py took 0.182 seconds
[2022-11-22T19:49:22.928+0000] {processor.py:154} INFO - Started process (PID=2810) to work on /home/airflow/.local/lib/python3.7/site-packages/airflow/example_dags/example_time_delta_sensor_async.py
[2022-11-22T19:49:22.929+0000] {processor.py:756} INFO - Processing file /home/airflow/.local/lib/python3.7/site-packages/airflow/example_dags/example_time_delta_sensor_async.py for tasks to queue
[2022-11-22T19:49:22.933+0000] {logging_mixin.py:137} INFO - [2022-11-22T19:49:22.933+0000] {dagbag.py:537} INFO - Filling up the DagBag from /home/airflow/.local/lib/python3.7/site-packages/airflow/example_dags/example_time_delta_sensor_async.py
[2022-11-22T19:49:22.951+0000] {processor.py:766} INFO - DAG(s) dict_keys(['example_time_delta_sensor_async']) retrieved from /home/airflow/.local/lib/python3.7/site-packages/airflow/example_dags/example_time_delta_sensor_async.py
[2022-11-22T19:49:23.100+0000] {logging_mixin.py:137} INFO - [2022-11-22T19:49:23.099+0000] {dag.py:2585} INFO - Sync 1 DAGs
[2022-11-22T19:49:23.121+0000] {logging_mixin.py:137} INFO - [2022-11-22T19:49:23.121+0000] {dag.py:3340} INFO - Setting next_dagrun for example_time_delta_sensor_async to None, run_after=None
[2022-11-22T19:49:23.141+0000] {processor.py:176} INFO - Processing /home/airflow/.local/lib/python3.7/site-packages/airflow/example_dags/example_time_delta_sensor_async.py took 0.217 seconds
[2022-11-22T19:49:53.601+0000] {processor.py:154} INFO - Started process (PID=2863) to work on /home/airflow/.local/lib/python3.7/site-packages/airflow/example_dags/example_time_delta_sensor_async.py
[2022-11-22T19:49:53.606+0000] {processor.py:756} INFO - Processing file /home/airflow/.local/lib/python3.7/site-packages/airflow/example_dags/example_time_delta_sensor_async.py for tasks to queue
[2022-11-22T19:49:53.611+0000] {logging_mixin.py:137} INFO - [2022-11-22T19:49:53.611+0000] {dagbag.py:537} INFO - Filling up the DagBag from /home/airflow/.local/lib/python3.7/site-packages/airflow/example_dags/example_time_delta_sensor_async.py
[2022-11-22T19:49:53.637+0000] {processor.py:766} INFO - DAG(s) dict_keys(['example_time_delta_sensor_async']) retrieved from /home/airflow/.local/lib/python3.7/site-packages/airflow/example_dags/example_time_delta_sensor_async.py
[2022-11-22T19:49:53.751+0000] {logging_mixin.py:137} INFO - [2022-11-22T19:49:53.751+0000] {dag.py:2585} INFO - Sync 1 DAGs
[2022-11-22T19:49:53.768+0000] {logging_mixin.py:137} INFO - [2022-11-22T19:49:53.767+0000] {dag.py:3340} INFO - Setting next_dagrun for example_time_delta_sensor_async to None, run_after=None
[2022-11-22T19:49:53.781+0000] {processor.py:176} INFO - Processing /home/airflow/.local/lib/python3.7/site-packages/airflow/example_dags/example_time_delta_sensor_async.py took 0.187 seconds
[2022-11-22T19:50:24.402+0000] {processor.py:154} INFO - Started process (PID=2927) to work on /home/airflow/.local/lib/python3.7/site-packages/airflow/example_dags/example_time_delta_sensor_async.py
[2022-11-22T19:50:24.406+0000] {processor.py:756} INFO - Processing file /home/airflow/.local/lib/python3.7/site-packages/airflow/example_dags/example_time_delta_sensor_async.py for tasks to queue
[2022-11-22T19:50:24.408+0000] {logging_mixin.py:137} INFO - [2022-11-22T19:50:24.408+0000] {dagbag.py:537} INFO - Filling up the DagBag from /home/airflow/.local/lib/python3.7/site-packages/airflow/example_dags/example_time_delta_sensor_async.py
[2022-11-22T19:50:24.426+0000] {processor.py:766} INFO - DAG(s) dict_keys(['example_time_delta_sensor_async']) retrieved from /home/airflow/.local/lib/python3.7/site-packages/airflow/example_dags/example_time_delta_sensor_async.py
[2022-11-22T19:50:24.541+0000] {logging_mixin.py:137} INFO - [2022-11-22T19:50:24.540+0000] {dag.py:2585} INFO - Sync 1 DAGs
[2022-11-22T19:50:24.557+0000] {logging_mixin.py:137} INFO - [2022-11-22T19:50:24.557+0000] {dag.py:3340} INFO - Setting next_dagrun for example_time_delta_sensor_async to None, run_after=None
[2022-11-22T19:50:24.569+0000] {processor.py:176} INFO - Processing /home/airflow/.local/lib/python3.7/site-packages/airflow/example_dags/example_time_delta_sensor_async.py took 0.174 seconds
[2022-11-22T19:50:54.947+0000] {processor.py:154} INFO - Started process (PID=2990) to work on /home/airflow/.local/lib/python3.7/site-packages/airflow/example_dags/example_time_delta_sensor_async.py
[2022-11-22T19:50:54.948+0000] {processor.py:756} INFO - Processing file /home/airflow/.local/lib/python3.7/site-packages/airflow/example_dags/example_time_delta_sensor_async.py for tasks to queue
[2022-11-22T19:50:54.950+0000] {logging_mixin.py:137} INFO - [2022-11-22T19:50:54.950+0000] {dagbag.py:537} INFO - Filling up the DagBag from /home/airflow/.local/lib/python3.7/site-packages/airflow/example_dags/example_time_delta_sensor_async.py
[2022-11-22T19:50:54.961+0000] {processor.py:766} INFO - DAG(s) dict_keys(['example_time_delta_sensor_async']) retrieved from /home/airflow/.local/lib/python3.7/site-packages/airflow/example_dags/example_time_delta_sensor_async.py
[2022-11-22T19:50:55.072+0000] {logging_mixin.py:137} INFO - [2022-11-22T19:50:55.072+0000] {dag.py:2585} INFO - Sync 1 DAGs
[2022-11-22T19:50:55.090+0000] {logging_mixin.py:137} INFO - [2022-11-22T19:50:55.090+0000] {dag.py:3340} INFO - Setting next_dagrun for example_time_delta_sensor_async to None, run_after=None
[2022-11-22T19:50:55.102+0000] {processor.py:176} INFO - Processing /home/airflow/.local/lib/python3.7/site-packages/airflow/example_dags/example_time_delta_sensor_async.py took 0.159 seconds
[2022-11-22T19:51:25.798+0000] {processor.py:154} INFO - Started process (PID=3053) to work on /home/airflow/.local/lib/python3.7/site-packages/airflow/example_dags/example_time_delta_sensor_async.py
[2022-11-22T19:51:25.802+0000] {processor.py:756} INFO - Processing file /home/airflow/.local/lib/python3.7/site-packages/airflow/example_dags/example_time_delta_sensor_async.py for tasks to queue
[2022-11-22T19:51:25.806+0000] {logging_mixin.py:137} INFO - [2022-11-22T19:51:25.805+0000] {dagbag.py:537} INFO - Filling up the DagBag from /home/airflow/.local/lib/python3.7/site-packages/airflow/example_dags/example_time_delta_sensor_async.py
[2022-11-22T19:51:25.822+0000] {processor.py:766} INFO - DAG(s) dict_keys(['example_time_delta_sensor_async']) retrieved from /home/airflow/.local/lib/python3.7/site-packages/airflow/example_dags/example_time_delta_sensor_async.py
[2022-11-22T19:51:25.952+0000] {logging_mixin.py:137} INFO - [2022-11-22T19:51:25.952+0000] {dag.py:2585} INFO - Sync 1 DAGs
[2022-11-22T19:51:25.968+0000] {logging_mixin.py:137} INFO - [2022-11-22T19:51:25.968+0000] {dag.py:3340} INFO - Setting next_dagrun for example_time_delta_sensor_async to None, run_after=None
[2022-11-22T19:51:25.982+0000] {processor.py:176} INFO - Processing /home/airflow/.local/lib/python3.7/site-packages/airflow/example_dags/example_time_delta_sensor_async.py took 0.194 seconds
[2022-11-22T19:51:56.630+0000] {processor.py:154} INFO - Started process (PID=3116) to work on /home/airflow/.local/lib/python3.7/site-packages/airflow/example_dags/example_time_delta_sensor_async.py
[2022-11-22T19:51:56.633+0000] {processor.py:756} INFO - Processing file /home/airflow/.local/lib/python3.7/site-packages/airflow/example_dags/example_time_delta_sensor_async.py for tasks to queue
[2022-11-22T19:51:56.640+0000] {logging_mixin.py:137} INFO - [2022-11-22T19:51:56.640+0000] {dagbag.py:537} INFO - Filling up the DagBag from /home/airflow/.local/lib/python3.7/site-packages/airflow/example_dags/example_time_delta_sensor_async.py
[2022-11-22T19:51:56.672+0000] {processor.py:766} INFO - DAG(s) dict_keys(['example_time_delta_sensor_async']) retrieved from /home/airflow/.local/lib/python3.7/site-packages/airflow/example_dags/example_time_delta_sensor_async.py
[2022-11-22T19:51:56.916+0000] {logging_mixin.py:137} INFO - [2022-11-22T19:51:56.916+0000] {dag.py:2585} INFO - Sync 1 DAGs
[2022-11-22T19:51:56.938+0000] {logging_mixin.py:137} INFO - [2022-11-22T19:51:56.938+0000] {dag.py:3340} INFO - Setting next_dagrun for example_time_delta_sensor_async to None, run_after=None
[2022-11-22T19:51:56.956+0000] {processor.py:176} INFO - Processing /home/airflow/.local/lib/python3.7/site-packages/airflow/example_dags/example_time_delta_sensor_async.py took 0.330 seconds
[2022-11-22T19:52:27.878+0000] {processor.py:154} INFO - Started process (PID=3169) to work on /home/airflow/.local/lib/python3.7/site-packages/airflow/example_dags/example_time_delta_sensor_async.py
[2022-11-22T19:52:27.881+0000] {processor.py:756} INFO - Processing file /home/airflow/.local/lib/python3.7/site-packages/airflow/example_dags/example_time_delta_sensor_async.py for tasks to queue
[2022-11-22T19:52:27.883+0000] {logging_mixin.py:137} INFO - [2022-11-22T19:52:27.883+0000] {dagbag.py:537} INFO - Filling up the DagBag from /home/airflow/.local/lib/python3.7/site-packages/airflow/example_dags/example_time_delta_sensor_async.py
[2022-11-22T19:52:27.904+0000] {processor.py:766} INFO - DAG(s) dict_keys(['example_time_delta_sensor_async']) retrieved from /home/airflow/.local/lib/python3.7/site-packages/airflow/example_dags/example_time_delta_sensor_async.py
[2022-11-22T19:52:28.039+0000] {logging_mixin.py:137} INFO - [2022-11-22T19:52:28.039+0000] {dag.py:2585} INFO - Sync 1 DAGs
[2022-11-22T19:52:28.057+0000] {logging_mixin.py:137} INFO - [2022-11-22T19:52:28.057+0000] {dag.py:3340} INFO - Setting next_dagrun for example_time_delta_sensor_async to None, run_after=None
[2022-11-22T19:52:28.073+0000] {processor.py:176} INFO - Processing /home/airflow/.local/lib/python3.7/site-packages/airflow/example_dags/example_time_delta_sensor_async.py took 0.204 seconds
[2022-11-22T19:52:59.025+0000] {processor.py:154} INFO - Started process (PID=3231) to work on /home/airflow/.local/lib/python3.7/site-packages/airflow/example_dags/example_time_delta_sensor_async.py
[2022-11-22T19:52:59.028+0000] {processor.py:756} INFO - Processing file /home/airflow/.local/lib/python3.7/site-packages/airflow/example_dags/example_time_delta_sensor_async.py for tasks to queue
[2022-11-22T19:52:59.030+0000] {logging_mixin.py:137} INFO - [2022-11-22T19:52:59.029+0000] {dagbag.py:537} INFO - Filling up the DagBag from /home/airflow/.local/lib/python3.7/site-packages/airflow/example_dags/example_time_delta_sensor_async.py
[2022-11-22T19:52:59.045+0000] {processor.py:766} INFO - DAG(s) dict_keys(['example_time_delta_sensor_async']) retrieved from /home/airflow/.local/lib/python3.7/site-packages/airflow/example_dags/example_time_delta_sensor_async.py
[2022-11-22T19:52:59.172+0000] {logging_mixin.py:137} INFO - [2022-11-22T19:52:59.172+0000] {dag.py:2585} INFO - Sync 1 DAGs
[2022-11-22T19:52:59.189+0000] {logging_mixin.py:137} INFO - [2022-11-22T19:52:59.189+0000] {dag.py:3340} INFO - Setting next_dagrun for example_time_delta_sensor_async to None, run_after=None
[2022-11-22T19:52:59.201+0000] {processor.py:176} INFO - Processing /home/airflow/.local/lib/python3.7/site-packages/airflow/example_dags/example_time_delta_sensor_async.py took 0.182 seconds
[2022-11-22T19:53:30.051+0000] {processor.py:154} INFO - Started process (PID=3294) to work on /home/airflow/.local/lib/python3.7/site-packages/airflow/example_dags/example_time_delta_sensor_async.py
[2022-11-22T19:53:30.054+0000] {processor.py:756} INFO - Processing file /home/airflow/.local/lib/python3.7/site-packages/airflow/example_dags/example_time_delta_sensor_async.py for tasks to queue
[2022-11-22T19:53:30.056+0000] {logging_mixin.py:137} INFO - [2022-11-22T19:53:30.056+0000] {dagbag.py:537} INFO - Filling up the DagBag from /home/airflow/.local/lib/python3.7/site-packages/airflow/example_dags/example_time_delta_sensor_async.py
[2022-11-22T19:53:30.074+0000] {processor.py:766} INFO - DAG(s) dict_keys(['example_time_delta_sensor_async']) retrieved from /home/airflow/.local/lib/python3.7/site-packages/airflow/example_dags/example_time_delta_sensor_async.py
[2022-11-22T19:53:30.196+0000] {logging_mixin.py:137} INFO - [2022-11-22T19:53:30.196+0000] {dag.py:2585} INFO - Sync 1 DAGs
[2022-11-22T19:53:30.217+0000] {logging_mixin.py:137} INFO - [2022-11-22T19:53:30.217+0000] {dag.py:3340} INFO - Setting next_dagrun for example_time_delta_sensor_async to None, run_after=None
[2022-11-22T19:53:30.231+0000] {processor.py:176} INFO - Processing /home/airflow/.local/lib/python3.7/site-packages/airflow/example_dags/example_time_delta_sensor_async.py took 0.186 seconds
[2022-11-22T19:54:00.810+0000] {processor.py:154} INFO - Started process (PID=3357) to work on /home/airflow/.local/lib/python3.7/site-packages/airflow/example_dags/example_time_delta_sensor_async.py
[2022-11-22T19:54:00.813+0000] {processor.py:756} INFO - Processing file /home/airflow/.local/lib/python3.7/site-packages/airflow/example_dags/example_time_delta_sensor_async.py for tasks to queue
[2022-11-22T19:54:00.814+0000] {logging_mixin.py:137} INFO - [2022-11-22T19:54:00.814+0000] {dagbag.py:537} INFO - Filling up the DagBag from /home/airflow/.local/lib/python3.7/site-packages/airflow/example_dags/example_time_delta_sensor_async.py
[2022-11-22T19:54:00.829+0000] {processor.py:766} INFO - DAG(s) dict_keys(['example_time_delta_sensor_async']) retrieved from /home/airflow/.local/lib/python3.7/site-packages/airflow/example_dags/example_time_delta_sensor_async.py
[2022-11-22T19:54:00.954+0000] {logging_mixin.py:137} INFO - [2022-11-22T19:54:00.954+0000] {dag.py:2585} INFO - Sync 1 DAGs
[2022-11-22T19:54:00.970+0000] {logging_mixin.py:137} INFO - [2022-11-22T19:54:00.970+0000] {dag.py:3340} INFO - Setting next_dagrun for example_time_delta_sensor_async to None, run_after=None
[2022-11-22T19:54:00.983+0000] {processor.py:176} INFO - Processing /home/airflow/.local/lib/python3.7/site-packages/airflow/example_dags/example_time_delta_sensor_async.py took 0.179 seconds
[2022-11-22T19:54:31.831+0000] {processor.py:154} INFO - Started process (PID=3417) to work on /home/airflow/.local/lib/python3.7/site-packages/airflow/example_dags/example_time_delta_sensor_async.py
[2022-11-22T19:54:31.835+0000] {processor.py:756} INFO - Processing file /home/airflow/.local/lib/python3.7/site-packages/airflow/example_dags/example_time_delta_sensor_async.py for tasks to queue
[2022-11-22T19:54:31.837+0000] {logging_mixin.py:137} INFO - [2022-11-22T19:54:31.837+0000] {dagbag.py:537} INFO - Filling up the DagBag from /home/airflow/.local/lib/python3.7/site-packages/airflow/example_dags/example_time_delta_sensor_async.py
[2022-11-22T19:54:31.849+0000] {processor.py:766} INFO - DAG(s) dict_keys(['example_time_delta_sensor_async']) retrieved from /home/airflow/.local/lib/python3.7/site-packages/airflow/example_dags/example_time_delta_sensor_async.py
[2022-11-22T19:54:32.065+0000] {logging_mixin.py:137} INFO - [2022-11-22T19:54:32.065+0000] {dag.py:2585} INFO - Sync 1 DAGs
[2022-11-22T19:54:32.117+0000] {logging_mixin.py:137} INFO - [2022-11-22T19:54:32.116+0000] {dag.py:3340} INFO - Setting next_dagrun for example_time_delta_sensor_async to None, run_after=None
[2022-11-22T19:54:32.153+0000] {processor.py:176} INFO - Processing /home/airflow/.local/lib/python3.7/site-packages/airflow/example_dags/example_time_delta_sensor_async.py took 0.325 seconds
[2022-11-22T19:55:02.344+0000] {processor.py:154} INFO - Started process (PID=3473) to work on /home/airflow/.local/lib/python3.7/site-packages/airflow/example_dags/example_time_delta_sensor_async.py
[2022-11-22T19:55:02.348+0000] {processor.py:756} INFO - Processing file /home/airflow/.local/lib/python3.7/site-packages/airflow/example_dags/example_time_delta_sensor_async.py for tasks to queue
[2022-11-22T19:55:02.351+0000] {logging_mixin.py:137} INFO - [2022-11-22T19:55:02.350+0000] {dagbag.py:537} INFO - Filling up the DagBag from /home/airflow/.local/lib/python3.7/site-packages/airflow/example_dags/example_time_delta_sensor_async.py
[2022-11-22T19:55:02.364+0000] {processor.py:766} INFO - DAG(s) dict_keys(['example_time_delta_sensor_async']) retrieved from /home/airflow/.local/lib/python3.7/site-packages/airflow/example_dags/example_time_delta_sensor_async.py
[2022-11-22T19:55:02.472+0000] {logging_mixin.py:137} INFO - [2022-11-22T19:55:02.472+0000] {dag.py:2585} INFO - Sync 1 DAGs
[2022-11-22T19:55:02.487+0000] {logging_mixin.py:137} INFO - [2022-11-22T19:55:02.487+0000] {dag.py:3340} INFO - Setting next_dagrun for example_time_delta_sensor_async to None, run_after=None
[2022-11-22T19:55:02.499+0000] {processor.py:176} INFO - Processing /home/airflow/.local/lib/python3.7/site-packages/airflow/example_dags/example_time_delta_sensor_async.py took 0.161 seconds
[2022-11-22T19:55:32.591+0000] {processor.py:154} INFO - Started process (PID=3537) to work on /home/airflow/.local/lib/python3.7/site-packages/airflow/example_dags/example_time_delta_sensor_async.py
[2022-11-22T19:55:32.593+0000] {processor.py:756} INFO - Processing file /home/airflow/.local/lib/python3.7/site-packages/airflow/example_dags/example_time_delta_sensor_async.py for tasks to queue
[2022-11-22T19:55:32.595+0000] {logging_mixin.py:137} INFO - [2022-11-22T19:55:32.595+0000] {dagbag.py:537} INFO - Filling up the DagBag from /home/airflow/.local/lib/python3.7/site-packages/airflow/example_dags/example_time_delta_sensor_async.py
[2022-11-22T19:55:32.609+0000] {processor.py:766} INFO - DAG(s) dict_keys(['example_time_delta_sensor_async']) retrieved from /home/airflow/.local/lib/python3.7/site-packages/airflow/example_dags/example_time_delta_sensor_async.py
[2022-11-22T19:55:32.728+0000] {logging_mixin.py:137} INFO - [2022-11-22T19:55:32.728+0000] {dag.py:2585} INFO - Sync 1 DAGs
[2022-11-22T19:55:32.749+0000] {logging_mixin.py:137} INFO - [2022-11-22T19:55:32.749+0000] {dag.py:3340} INFO - Setting next_dagrun for example_time_delta_sensor_async to None, run_after=None
[2022-11-22T19:55:32.771+0000] {processor.py:176} INFO - Processing /home/airflow/.local/lib/python3.7/site-packages/airflow/example_dags/example_time_delta_sensor_async.py took 0.184 seconds
[2022-11-22T19:56:03.021+0000] {processor.py:154} INFO - Started process (PID=3602) to work on /home/airflow/.local/lib/python3.7/site-packages/airflow/example_dags/example_time_delta_sensor_async.py
[2022-11-22T19:56:03.022+0000] {processor.py:756} INFO - Processing file /home/airflow/.local/lib/python3.7/site-packages/airflow/example_dags/example_time_delta_sensor_async.py for tasks to queue
[2022-11-22T19:56:03.023+0000] {logging_mixin.py:137} INFO - [2022-11-22T19:56:03.023+0000] {dagbag.py:537} INFO - Filling up the DagBag from /home/airflow/.local/lib/python3.7/site-packages/airflow/example_dags/example_time_delta_sensor_async.py
[2022-11-22T19:56:03.032+0000] {processor.py:766} INFO - DAG(s) dict_keys(['example_time_delta_sensor_async']) retrieved from /home/airflow/.local/lib/python3.7/site-packages/airflow/example_dags/example_time_delta_sensor_async.py
[2022-11-22T19:56:03.152+0000] {logging_mixin.py:137} INFO - [2022-11-22T19:56:03.151+0000] {dag.py:2585} INFO - Sync 1 DAGs
[2022-11-22T19:56:03.169+0000] {logging_mixin.py:137} INFO - [2022-11-22T19:56:03.169+0000] {dag.py:3340} INFO - Setting next_dagrun for example_time_delta_sensor_async to None, run_after=None
[2022-11-22T19:56:03.182+0000] {processor.py:176} INFO - Processing /home/airflow/.local/lib/python3.7/site-packages/airflow/example_dags/example_time_delta_sensor_async.py took 0.163 seconds
[2022-11-22T19:56:33.541+0000] {processor.py:154} INFO - Started process (PID=3654) to work on /home/airflow/.local/lib/python3.7/site-packages/airflow/example_dags/example_time_delta_sensor_async.py
[2022-11-22T19:56:33.543+0000] {processor.py:756} INFO - Processing file /home/airflow/.local/lib/python3.7/site-packages/airflow/example_dags/example_time_delta_sensor_async.py for tasks to queue
[2022-11-22T19:56:33.545+0000] {logging_mixin.py:137} INFO - [2022-11-22T19:56:33.545+0000] {dagbag.py:537} INFO - Filling up the DagBag from /home/airflow/.local/lib/python3.7/site-packages/airflow/example_dags/example_time_delta_sensor_async.py
[2022-11-22T19:56:33.556+0000] {processor.py:766} INFO - DAG(s) dict_keys(['example_time_delta_sensor_async']) retrieved from /home/airflow/.local/lib/python3.7/site-packages/airflow/example_dags/example_time_delta_sensor_async.py
[2022-11-22T19:56:33.658+0000] {logging_mixin.py:137} INFO - [2022-11-22T19:56:33.658+0000] {dag.py:2585} INFO - Sync 1 DAGs
[2022-11-22T19:56:33.673+0000] {logging_mixin.py:137} INFO - [2022-11-22T19:56:33.673+0000] {dag.py:3340} INFO - Setting next_dagrun for example_time_delta_sensor_async to None, run_after=None
[2022-11-22T19:56:33.685+0000] {processor.py:176} INFO - Processing /home/airflow/.local/lib/python3.7/site-packages/airflow/example_dags/example_time_delta_sensor_async.py took 0.147 seconds
[2022-11-22T19:57:05.006+0000] {processor.py:154} INFO - Started process (PID=3716) to work on /home/airflow/.local/lib/python3.7/site-packages/airflow/example_dags/example_time_delta_sensor_async.py
[2022-11-22T19:57:05.009+0000] {processor.py:756} INFO - Processing file /home/airflow/.local/lib/python3.7/site-packages/airflow/example_dags/example_time_delta_sensor_async.py for tasks to queue
[2022-11-22T19:57:05.013+0000] {logging_mixin.py:137} INFO - [2022-11-22T19:57:05.012+0000] {dagbag.py:537} INFO - Filling up the DagBag from /home/airflow/.local/lib/python3.7/site-packages/airflow/example_dags/example_time_delta_sensor_async.py
[2022-11-22T19:57:05.040+0000] {processor.py:766} INFO - DAG(s) dict_keys(['example_time_delta_sensor_async']) retrieved from /home/airflow/.local/lib/python3.7/site-packages/airflow/example_dags/example_time_delta_sensor_async.py
[2022-11-22T19:57:05.168+0000] {logging_mixin.py:137} INFO - [2022-11-22T19:57:05.168+0000] {dag.py:2585} INFO - Sync 1 DAGs
[2022-11-22T19:57:05.189+0000] {logging_mixin.py:137} INFO - [2022-11-22T19:57:05.189+0000] {dag.py:3340} INFO - Setting next_dagrun for example_time_delta_sensor_async to None, run_after=None
[2022-11-22T19:57:05.205+0000] {processor.py:176} INFO - Processing /home/airflow/.local/lib/python3.7/site-packages/airflow/example_dags/example_time_delta_sensor_async.py took 0.203 seconds
[2022-11-22T20:30:51.999+0000] {processor.py:154} INFO - Started process (PID=3780) to work on /home/airflow/.local/lib/python3.7/site-packages/airflow/example_dags/example_time_delta_sensor_async.py
[2022-11-22T20:30:52.001+0000] {processor.py:756} INFO - Processing file /home/airflow/.local/lib/python3.7/site-packages/airflow/example_dags/example_time_delta_sensor_async.py for tasks to queue
[2022-11-22T20:30:52.002+0000] {logging_mixin.py:137} INFO - [2022-11-22T20:30:52.002+0000] {dagbag.py:537} INFO - Filling up the DagBag from /home/airflow/.local/lib/python3.7/site-packages/airflow/example_dags/example_time_delta_sensor_async.py
[2022-11-22T20:30:52.017+0000] {processor.py:766} INFO - DAG(s) dict_keys(['example_time_delta_sensor_async']) retrieved from /home/airflow/.local/lib/python3.7/site-packages/airflow/example_dags/example_time_delta_sensor_async.py
[2022-11-22T20:30:52.282+0000] {logging_mixin.py:137} INFO - [2022-11-22T20:30:52.282+0000] {dag.py:2585} INFO - Sync 1 DAGs
[2022-11-22T20:30:52.317+0000] {logging_mixin.py:137} INFO - [2022-11-22T20:30:52.317+0000] {dag.py:3340} INFO - Setting next_dagrun for example_time_delta_sensor_async to None, run_after=None
[2022-11-22T20:30:52.350+0000] {processor.py:176} INFO - Processing /home/airflow/.local/lib/python3.7/site-packages/airflow/example_dags/example_time_delta_sensor_async.py took 0.352 seconds
[2022-11-22T21:34:48.444+0000] {processor.py:154} INFO - Started process (PID=3834) to work on /home/airflow/.local/lib/python3.7/site-packages/airflow/example_dags/example_time_delta_sensor_async.py
[2022-11-22T21:34:48.447+0000] {processor.py:756} INFO - Processing file /home/airflow/.local/lib/python3.7/site-packages/airflow/example_dags/example_time_delta_sensor_async.py for tasks to queue
[2022-11-22T21:34:48.451+0000] {logging_mixin.py:137} INFO - [2022-11-22T21:34:48.451+0000] {dagbag.py:537} INFO - Filling up the DagBag from /home/airflow/.local/lib/python3.7/site-packages/airflow/example_dags/example_time_delta_sensor_async.py
[2022-11-22T21:34:48.462+0000] {processor.py:766} INFO - DAG(s) dict_keys(['example_time_delta_sensor_async']) retrieved from /home/airflow/.local/lib/python3.7/site-packages/airflow/example_dags/example_time_delta_sensor_async.py
[2022-11-22T21:34:48.577+0000] {logging_mixin.py:137} INFO - [2022-11-22T21:34:48.577+0000] {dag.py:2585} INFO - Sync 1 DAGs
[2022-11-22T21:34:48.594+0000] {logging_mixin.py:137} INFO - [2022-11-22T21:34:48.594+0000] {dag.py:3340} INFO - Setting next_dagrun for example_time_delta_sensor_async to None, run_after=None
[2022-11-22T21:34:48.606+0000] {processor.py:176} INFO - Processing /home/airflow/.local/lib/python3.7/site-packages/airflow/example_dags/example_time_delta_sensor_async.py took 0.165 seconds
[2022-11-22T22:39:29.111+0000] {processor.py:154} INFO - Started process (PID=3898) to work on /home/airflow/.local/lib/python3.7/site-packages/airflow/example_dags/example_time_delta_sensor_async.py
[2022-11-22T22:39:29.113+0000] {processor.py:756} INFO - Processing file /home/airflow/.local/lib/python3.7/site-packages/airflow/example_dags/example_time_delta_sensor_async.py for tasks to queue
[2022-11-22T22:39:29.115+0000] {logging_mixin.py:137} INFO - [2022-11-22T22:39:29.115+0000] {dagbag.py:537} INFO - Filling up the DagBag from /home/airflow/.local/lib/python3.7/site-packages/airflow/example_dags/example_time_delta_sensor_async.py
[2022-11-22T22:39:29.125+0000] {processor.py:766} INFO - DAG(s) dict_keys(['example_time_delta_sensor_async']) retrieved from /home/airflow/.local/lib/python3.7/site-packages/airflow/example_dags/example_time_delta_sensor_async.py
[2022-11-22T22:39:29.338+0000] {logging_mixin.py:137} INFO - [2022-11-22T22:39:29.337+0000] {dag.py:2585} INFO - Sync 1 DAGs
[2022-11-22T22:39:29.859+0000] {logging_mixin.py:137} INFO - [2022-11-22T22:39:29.857+0000] {dag.py:3340} INFO - Setting next_dagrun for example_time_delta_sensor_async to None, run_after=None
[2022-11-22T22:39:29.928+0000] {processor.py:176} INFO - Processing /home/airflow/.local/lib/python3.7/site-packages/airflow/example_dags/example_time_delta_sensor_async.py took 0.819 seconds
[2022-11-22T23:47:25.503+0000] {processor.py:154} INFO - Started process (PID=3952) to work on /home/airflow/.local/lib/python3.7/site-packages/airflow/example_dags/example_time_delta_sensor_async.py
[2022-11-22T23:47:25.505+0000] {processor.py:756} INFO - Processing file /home/airflow/.local/lib/python3.7/site-packages/airflow/example_dags/example_time_delta_sensor_async.py for tasks to queue
[2022-11-22T23:47:25.509+0000] {logging_mixin.py:137} INFO - [2022-11-22T23:47:25.508+0000] {dagbag.py:537} INFO - Filling up the DagBag from /home/airflow/.local/lib/python3.7/site-packages/airflow/example_dags/example_time_delta_sensor_async.py
[2022-11-22T23:47:25.524+0000] {processor.py:766} INFO - DAG(s) dict_keys(['example_time_delta_sensor_async']) retrieved from /home/airflow/.local/lib/python3.7/site-packages/airflow/example_dags/example_time_delta_sensor_async.py
[2022-11-22T23:47:25.741+0000] {logging_mixin.py:137} INFO - [2022-11-22T23:47:25.740+0000] {dag.py:2585} INFO - Sync 1 DAGs
[2022-11-22T23:47:25.775+0000] {logging_mixin.py:137} INFO - [2022-11-22T23:47:25.775+0000] {dag.py:3340} INFO - Setting next_dagrun for example_time_delta_sensor_async to None, run_after=None
[2022-11-22T23:47:25.804+0000] {processor.py:176} INFO - Processing /home/airflow/.local/lib/python3.7/site-packages/airflow/example_dags/example_time_delta_sensor_async.py took 0.305 seconds
