[2022-11-22T19:26:22.077+0000] {processor.py:154} INFO - Started process (PID=57) to work on /home/airflow/.local/lib/python3.7/site-packages/airflow/example_dags/example_short_circuit_decorator.py
[2022-11-22T19:26:22.079+0000] {processor.py:756} INFO - Processing file /home/airflow/.local/lib/python3.7/site-packages/airflow/example_dags/example_short_circuit_decorator.py for tasks to queue
[2022-11-22T19:26:22.081+0000] {logging_mixin.py:137} INFO - [2022-11-22T19:26:22.081+0000] {dagbag.py:537} INFO - Filling up the DagBag from /home/airflow/.local/lib/python3.7/site-packages/airflow/example_dags/example_short_circuit_decorator.py
[2022-11-22T19:26:22.126+0000] {processor.py:766} INFO - DAG(s) dict_keys(['example_short_circuit_decorator']) retrieved from /home/airflow/.local/lib/python3.7/site-packages/airflow/example_dags/example_short_circuit_decorator.py
[2022-11-22T19:26:22.475+0000] {logging_mixin.py:137} INFO - [2022-11-22T19:26:22.474+0000] {manager.py:507} INFO - Created Permission View: can delete on DAG:example_short_circuit_decorator
[2022-11-22T19:26:22.488+0000] {logging_mixin.py:137} INFO - [2022-11-22T19:26:22.488+0000] {manager.py:507} INFO - Created Permission View: can read on DAG:example_short_circuit_decorator
[2022-11-22T19:26:22.507+0000] {logging_mixin.py:137} INFO - [2022-11-22T19:26:22.506+0000] {manager.py:507} INFO - Created Permission View: can edit on DAG:example_short_circuit_decorator
[2022-11-22T19:26:22.510+0000] {logging_mixin.py:137} INFO - [2022-11-22T19:26:22.510+0000] {dag.py:2585} INFO - Sync 1 DAGs
[2022-11-22T19:26:22.611+0000] {logging_mixin.py:137} INFO - [2022-11-22T19:26:22.611+0000] {dag.py:2606} INFO - Creating ORM DAG for example_short_circuit_decorator
[2022-11-22T19:26:22.696+0000] {logging_mixin.py:137} INFO - [2022-11-22T19:26:22.695+0000] {dag.py:3340} INFO - Setting next_dagrun for example_short_circuit_decorator to 2022-11-21T19:26:22.695511+00:00, run_after=2022-11-22T19:26:22.695511+00:00
[2022-11-22T19:26:22.846+0000] {processor.py:176} INFO - Processing /home/airflow/.local/lib/python3.7/site-packages/airflow/example_dags/example_short_circuit_decorator.py took 0.773 seconds
[2022-11-22T19:26:53.663+0000] {processor.py:154} INFO - Started process (PID=120) to work on /home/airflow/.local/lib/python3.7/site-packages/airflow/example_dags/example_short_circuit_decorator.py
[2022-11-22T19:26:53.664+0000] {processor.py:756} INFO - Processing file /home/airflow/.local/lib/python3.7/site-packages/airflow/example_dags/example_short_circuit_decorator.py for tasks to queue
[2022-11-22T19:26:53.666+0000] {logging_mixin.py:137} INFO - [2022-11-22T19:26:53.666+0000] {dagbag.py:537} INFO - Filling up the DagBag from /home/airflow/.local/lib/python3.7/site-packages/airflow/example_dags/example_short_circuit_decorator.py
[2022-11-22T19:26:53.684+0000] {processor.py:766} INFO - DAG(s) dict_keys(['example_short_circuit_decorator']) retrieved from /home/airflow/.local/lib/python3.7/site-packages/airflow/example_dags/example_short_circuit_decorator.py
[2022-11-22T19:26:53.722+0000] {logging_mixin.py:137} INFO - [2022-11-22T19:26:53.722+0000] {dag.py:2585} INFO - Sync 1 DAGs
[2022-11-22T19:26:53.771+0000] {logging_mixin.py:137} INFO - [2022-11-22T19:26:53.771+0000] {dag.py:3340} INFO - Setting next_dagrun for example_short_circuit_decorator to 2022-11-21T19:26:53.771190+00:00, run_after=2022-11-22T19:26:53.771190+00:00
[2022-11-22T19:26:53.820+0000] {processor.py:176} INFO - Processing /home/airflow/.local/lib/python3.7/site-packages/airflow/example_dags/example_short_circuit_decorator.py took 0.160 seconds
[2022-11-22T19:27:23.875+0000] {processor.py:154} INFO - Started process (PID=175) to work on /home/airflow/.local/lib/python3.7/site-packages/airflow/example_dags/example_short_circuit_decorator.py
[2022-11-22T19:27:23.876+0000] {processor.py:756} INFO - Processing file /home/airflow/.local/lib/python3.7/site-packages/airflow/example_dags/example_short_circuit_decorator.py for tasks to queue
[2022-11-22T19:27:23.877+0000] {logging_mixin.py:137} INFO - [2022-11-22T19:27:23.877+0000] {dagbag.py:537} INFO - Filling up the DagBag from /home/airflow/.local/lib/python3.7/site-packages/airflow/example_dags/example_short_circuit_decorator.py
[2022-11-22T19:27:23.892+0000] {processor.py:766} INFO - DAG(s) dict_keys(['example_short_circuit_decorator']) retrieved from /home/airflow/.local/lib/python3.7/site-packages/airflow/example_dags/example_short_circuit_decorator.py
[2022-11-22T19:27:23.920+0000] {logging_mixin.py:137} INFO - [2022-11-22T19:27:23.920+0000] {dag.py:2585} INFO - Sync 1 DAGs
[2022-11-22T19:27:23.937+0000] {logging_mixin.py:137} INFO - [2022-11-22T19:27:23.937+0000] {dag.py:3340} INFO - Setting next_dagrun for example_short_circuit_decorator to 2022-11-21T19:27:23.937479+00:00, run_after=2022-11-22T19:27:23.937479+00:00
[2022-11-22T19:27:23.956+0000] {processor.py:176} INFO - Processing /home/airflow/.local/lib/python3.7/site-packages/airflow/example_dags/example_short_circuit_decorator.py took 0.083 seconds
[2022-11-22T19:27:54.371+0000] {processor.py:154} INFO - Started process (PID=239) to work on /home/airflow/.local/lib/python3.7/site-packages/airflow/example_dags/example_short_circuit_decorator.py
[2022-11-22T19:27:54.372+0000] {processor.py:756} INFO - Processing file /home/airflow/.local/lib/python3.7/site-packages/airflow/example_dags/example_short_circuit_decorator.py for tasks to queue
[2022-11-22T19:27:54.374+0000] {logging_mixin.py:137} INFO - [2022-11-22T19:27:54.373+0000] {dagbag.py:537} INFO - Filling up the DagBag from /home/airflow/.local/lib/python3.7/site-packages/airflow/example_dags/example_short_circuit_decorator.py
[2022-11-22T19:27:54.391+0000] {processor.py:766} INFO - DAG(s) dict_keys(['example_short_circuit_decorator']) retrieved from /home/airflow/.local/lib/python3.7/site-packages/airflow/example_dags/example_short_circuit_decorator.py
[2022-11-22T19:27:54.422+0000] {logging_mixin.py:137} INFO - [2022-11-22T19:27:54.422+0000] {dag.py:2585} INFO - Sync 1 DAGs
[2022-11-22T19:27:54.440+0000] {logging_mixin.py:137} INFO - [2022-11-22T19:27:54.440+0000] {dag.py:3340} INFO - Setting next_dagrun for example_short_circuit_decorator to 2022-11-21T19:27:54.440026+00:00, run_after=2022-11-22T19:27:54.440026+00:00
[2022-11-22T19:27:54.455+0000] {processor.py:176} INFO - Processing /home/airflow/.local/lib/python3.7/site-packages/airflow/example_dags/example_short_circuit_decorator.py took 0.086 seconds
[2022-11-22T19:28:24.895+0000] {processor.py:154} INFO - Started process (PID=301) to work on /home/airflow/.local/lib/python3.7/site-packages/airflow/example_dags/example_short_circuit_decorator.py
[2022-11-22T19:28:24.900+0000] {processor.py:756} INFO - Processing file /home/airflow/.local/lib/python3.7/site-packages/airflow/example_dags/example_short_circuit_decorator.py for tasks to queue
[2022-11-22T19:28:24.903+0000] {logging_mixin.py:137} INFO - [2022-11-22T19:28:24.903+0000] {dagbag.py:537} INFO - Filling up the DagBag from /home/airflow/.local/lib/python3.7/site-packages/airflow/example_dags/example_short_circuit_decorator.py
[2022-11-22T19:28:24.925+0000] {processor.py:766} INFO - DAG(s) dict_keys(['example_short_circuit_decorator']) retrieved from /home/airflow/.local/lib/python3.7/site-packages/airflow/example_dags/example_short_circuit_decorator.py
[2022-11-22T19:28:24.974+0000] {logging_mixin.py:137} INFO - [2022-11-22T19:28:24.974+0000] {dag.py:2585} INFO - Sync 1 DAGs
[2022-11-22T19:28:25.008+0000] {logging_mixin.py:137} INFO - [2022-11-22T19:28:25.008+0000] {dag.py:3340} INFO - Setting next_dagrun for example_short_circuit_decorator to 2022-11-21T19:28:25.008586+00:00, run_after=2022-11-22T19:28:25.008586+00:00
[2022-11-22T19:28:25.029+0000] {processor.py:176} INFO - Processing /home/airflow/.local/lib/python3.7/site-packages/airflow/example_dags/example_short_circuit_decorator.py took 0.139 seconds
[2022-11-22T19:28:55.085+0000] {processor.py:154} INFO - Started process (PID=364) to work on /home/airflow/.local/lib/python3.7/site-packages/airflow/example_dags/example_short_circuit_decorator.py
[2022-11-22T19:28:55.088+0000] {processor.py:756} INFO - Processing file /home/airflow/.local/lib/python3.7/site-packages/airflow/example_dags/example_short_circuit_decorator.py for tasks to queue
[2022-11-22T19:28:55.091+0000] {logging_mixin.py:137} INFO - [2022-11-22T19:28:55.090+0000] {dagbag.py:537} INFO - Filling up the DagBag from /home/airflow/.local/lib/python3.7/site-packages/airflow/example_dags/example_short_circuit_decorator.py
[2022-11-22T19:28:55.116+0000] {processor.py:766} INFO - DAG(s) dict_keys(['example_short_circuit_decorator']) retrieved from /home/airflow/.local/lib/python3.7/site-packages/airflow/example_dags/example_short_circuit_decorator.py
[2022-11-22T19:28:55.159+0000] {logging_mixin.py:137} INFO - [2022-11-22T19:28:55.159+0000] {dag.py:2585} INFO - Sync 1 DAGs
[2022-11-22T19:28:55.179+0000] {logging_mixin.py:137} INFO - [2022-11-22T19:28:55.179+0000] {dag.py:3340} INFO - Setting next_dagrun for example_short_circuit_decorator to 2022-11-21T19:28:55.178948+00:00, run_after=2022-11-22T19:28:55.178948+00:00
[2022-11-22T19:28:55.194+0000] {processor.py:176} INFO - Processing /home/airflow/.local/lib/python3.7/site-packages/airflow/example_dags/example_short_circuit_decorator.py took 0.113 seconds
[2022-11-22T19:29:25.769+0000] {processor.py:154} INFO - Started process (PID=418) to work on /home/airflow/.local/lib/python3.7/site-packages/airflow/example_dags/example_short_circuit_decorator.py
[2022-11-22T19:29:25.771+0000] {processor.py:756} INFO - Processing file /home/airflow/.local/lib/python3.7/site-packages/airflow/example_dags/example_short_circuit_decorator.py for tasks to queue
[2022-11-22T19:29:25.772+0000] {logging_mixin.py:137} INFO - [2022-11-22T19:29:25.772+0000] {dagbag.py:537} INFO - Filling up the DagBag from /home/airflow/.local/lib/python3.7/site-packages/airflow/example_dags/example_short_circuit_decorator.py
[2022-11-22T19:29:25.788+0000] {processor.py:766} INFO - DAG(s) dict_keys(['example_short_circuit_decorator']) retrieved from /home/airflow/.local/lib/python3.7/site-packages/airflow/example_dags/example_short_circuit_decorator.py
[2022-11-22T19:29:25.816+0000] {logging_mixin.py:137} INFO - [2022-11-22T19:29:25.816+0000] {dag.py:2585} INFO - Sync 1 DAGs
[2022-11-22T19:29:25.834+0000] {logging_mixin.py:137} INFO - [2022-11-22T19:29:25.834+0000] {dag.py:3340} INFO - Setting next_dagrun for example_short_circuit_decorator to 2022-11-21T19:29:25.833950+00:00, run_after=2022-11-22T19:29:25.833950+00:00
[2022-11-22T19:29:25.846+0000] {processor.py:176} INFO - Processing /home/airflow/.local/lib/python3.7/site-packages/airflow/example_dags/example_short_circuit_decorator.py took 0.078 seconds
[2022-11-22T19:29:56.383+0000] {processor.py:154} INFO - Started process (PID=481) to work on /home/airflow/.local/lib/python3.7/site-packages/airflow/example_dags/example_short_circuit_decorator.py
[2022-11-22T19:29:56.385+0000] {processor.py:756} INFO - Processing file /home/airflow/.local/lib/python3.7/site-packages/airflow/example_dags/example_short_circuit_decorator.py for tasks to queue
[2022-11-22T19:29:56.386+0000] {logging_mixin.py:137} INFO - [2022-11-22T19:29:56.386+0000] {dagbag.py:537} INFO - Filling up the DagBag from /home/airflow/.local/lib/python3.7/site-packages/airflow/example_dags/example_short_circuit_decorator.py
[2022-11-22T19:29:56.407+0000] {processor.py:766} INFO - DAG(s) dict_keys(['example_short_circuit_decorator']) retrieved from /home/airflow/.local/lib/python3.7/site-packages/airflow/example_dags/example_short_circuit_decorator.py
[2022-11-22T19:29:56.439+0000] {logging_mixin.py:137} INFO - [2022-11-22T19:29:56.439+0000] {dag.py:2585} INFO - Sync 1 DAGs
[2022-11-22T19:29:56.457+0000] {logging_mixin.py:137} INFO - [2022-11-22T19:29:56.457+0000] {dag.py:3340} INFO - Setting next_dagrun for example_short_circuit_decorator to 2022-11-21T19:29:56.457450+00:00, run_after=2022-11-22T19:29:56.457450+00:00
[2022-11-22T19:29:56.468+0000] {processor.py:176} INFO - Processing /home/airflow/.local/lib/python3.7/site-packages/airflow/example_dags/example_short_circuit_decorator.py took 0.089 seconds
[2022-11-22T19:30:26.970+0000] {processor.py:154} INFO - Started process (PID=545) to work on /home/airflow/.local/lib/python3.7/site-packages/airflow/example_dags/example_short_circuit_decorator.py
[2022-11-22T19:30:26.973+0000] {processor.py:756} INFO - Processing file /home/airflow/.local/lib/python3.7/site-packages/airflow/example_dags/example_short_circuit_decorator.py for tasks to queue
[2022-11-22T19:30:26.974+0000] {logging_mixin.py:137} INFO - [2022-11-22T19:30:26.974+0000] {dagbag.py:537} INFO - Filling up the DagBag from /home/airflow/.local/lib/python3.7/site-packages/airflow/example_dags/example_short_circuit_decorator.py
[2022-11-22T19:30:26.997+0000] {processor.py:766} INFO - DAG(s) dict_keys(['example_short_circuit_decorator']) retrieved from /home/airflow/.local/lib/python3.7/site-packages/airflow/example_dags/example_short_circuit_decorator.py
[2022-11-22T19:30:27.037+0000] {logging_mixin.py:137} INFO - [2022-11-22T19:30:27.037+0000] {dag.py:2585} INFO - Sync 1 DAGs
[2022-11-22T19:30:27.055+0000] {logging_mixin.py:137} INFO - [2022-11-22T19:30:27.055+0000] {dag.py:3340} INFO - Setting next_dagrun for example_short_circuit_decorator to 2022-11-21T19:30:27.055102+00:00, run_after=2022-11-22T19:30:27.055102+00:00
[2022-11-22T19:30:27.071+0000] {processor.py:176} INFO - Processing /home/airflow/.local/lib/python3.7/site-packages/airflow/example_dags/example_short_circuit_decorator.py took 0.104 seconds
[2022-11-22T19:30:57.884+0000] {processor.py:154} INFO - Started process (PID=608) to work on /home/airflow/.local/lib/python3.7/site-packages/airflow/example_dags/example_short_circuit_decorator.py
[2022-11-22T19:30:57.886+0000] {processor.py:756} INFO - Processing file /home/airflow/.local/lib/python3.7/site-packages/airflow/example_dags/example_short_circuit_decorator.py for tasks to queue
[2022-11-22T19:30:57.887+0000] {logging_mixin.py:137} INFO - [2022-11-22T19:30:57.887+0000] {dagbag.py:537} INFO - Filling up the DagBag from /home/airflow/.local/lib/python3.7/site-packages/airflow/example_dags/example_short_circuit_decorator.py
[2022-11-22T19:30:57.905+0000] {processor.py:766} INFO - DAG(s) dict_keys(['example_short_circuit_decorator']) retrieved from /home/airflow/.local/lib/python3.7/site-packages/airflow/example_dags/example_short_circuit_decorator.py
[2022-11-22T19:30:57.933+0000] {logging_mixin.py:137} INFO - [2022-11-22T19:30:57.933+0000] {dag.py:2585} INFO - Sync 1 DAGs
[2022-11-22T19:30:57.952+0000] {logging_mixin.py:137} INFO - [2022-11-22T19:30:57.951+0000] {dag.py:3340} INFO - Setting next_dagrun for example_short_circuit_decorator to 2022-11-21T19:30:57.951840+00:00, run_after=2022-11-22T19:30:57.951840+00:00
[2022-11-22T19:30:57.963+0000] {processor.py:176} INFO - Processing /home/airflow/.local/lib/python3.7/site-packages/airflow/example_dags/example_short_circuit_decorator.py took 0.080 seconds
[2022-11-22T19:31:28.826+0000] {processor.py:154} INFO - Started process (PID=672) to work on /home/airflow/.local/lib/python3.7/site-packages/airflow/example_dags/example_short_circuit_decorator.py
[2022-11-22T19:31:28.829+0000] {processor.py:756} INFO - Processing file /home/airflow/.local/lib/python3.7/site-packages/airflow/example_dags/example_short_circuit_decorator.py for tasks to queue
[2022-11-22T19:31:28.831+0000] {logging_mixin.py:137} INFO - [2022-11-22T19:31:28.831+0000] {dagbag.py:537} INFO - Filling up the DagBag from /home/airflow/.local/lib/python3.7/site-packages/airflow/example_dags/example_short_circuit_decorator.py
[2022-11-22T19:31:28.857+0000] {processor.py:766} INFO - DAG(s) dict_keys(['example_short_circuit_decorator']) retrieved from /home/airflow/.local/lib/python3.7/site-packages/airflow/example_dags/example_short_circuit_decorator.py
[2022-11-22T19:31:28.891+0000] {logging_mixin.py:137} INFO - [2022-11-22T19:31:28.891+0000] {dag.py:2585} INFO - Sync 1 DAGs
[2022-11-22T19:31:28.911+0000] {logging_mixin.py:137} INFO - [2022-11-22T19:31:28.910+0000] {dag.py:3340} INFO - Setting next_dagrun for example_short_circuit_decorator to 2022-11-21T19:31:28.910684+00:00, run_after=2022-11-22T19:31:28.910684+00:00
[2022-11-22T19:31:28.924+0000] {processor.py:176} INFO - Processing /home/airflow/.local/lib/python3.7/site-packages/airflow/example_dags/example_short_circuit_decorator.py took 0.100 seconds
[2022-11-22T19:31:59.458+0000] {processor.py:154} INFO - Started process (PID=726) to work on /home/airflow/.local/lib/python3.7/site-packages/airflow/example_dags/example_short_circuit_decorator.py
[2022-11-22T19:31:59.460+0000] {processor.py:756} INFO - Processing file /home/airflow/.local/lib/python3.7/site-packages/airflow/example_dags/example_short_circuit_decorator.py for tasks to queue
[2022-11-22T19:31:59.461+0000] {logging_mixin.py:137} INFO - [2022-11-22T19:31:59.461+0000] {dagbag.py:537} INFO - Filling up the DagBag from /home/airflow/.local/lib/python3.7/site-packages/airflow/example_dags/example_short_circuit_decorator.py
[2022-11-22T19:31:59.477+0000] {processor.py:766} INFO - DAG(s) dict_keys(['example_short_circuit_decorator']) retrieved from /home/airflow/.local/lib/python3.7/site-packages/airflow/example_dags/example_short_circuit_decorator.py
[2022-11-22T19:31:59.503+0000] {logging_mixin.py:137} INFO - [2022-11-22T19:31:59.503+0000] {dag.py:2585} INFO - Sync 1 DAGs
[2022-11-22T19:31:59.519+0000] {logging_mixin.py:137} INFO - [2022-11-22T19:31:59.519+0000] {dag.py:3340} INFO - Setting next_dagrun for example_short_circuit_decorator to 2022-11-21T19:31:59.519204+00:00, run_after=2022-11-22T19:31:59.519204+00:00
[2022-11-22T19:31:59.530+0000] {processor.py:176} INFO - Processing /home/airflow/.local/lib/python3.7/site-packages/airflow/example_dags/example_short_circuit_decorator.py took 0.074 seconds
[2022-11-22T19:32:30.015+0000] {processor.py:154} INFO - Started process (PID=789) to work on /home/airflow/.local/lib/python3.7/site-packages/airflow/example_dags/example_short_circuit_decorator.py
[2022-11-22T19:32:30.017+0000] {processor.py:756} INFO - Processing file /home/airflow/.local/lib/python3.7/site-packages/airflow/example_dags/example_short_circuit_decorator.py for tasks to queue
[2022-11-22T19:32:30.018+0000] {logging_mixin.py:137} INFO - [2022-11-22T19:32:30.018+0000] {dagbag.py:537} INFO - Filling up the DagBag from /home/airflow/.local/lib/python3.7/site-packages/airflow/example_dags/example_short_circuit_decorator.py
[2022-11-22T19:32:30.034+0000] {processor.py:766} INFO - DAG(s) dict_keys(['example_short_circuit_decorator']) retrieved from /home/airflow/.local/lib/python3.7/site-packages/airflow/example_dags/example_short_circuit_decorator.py
[2022-11-22T19:32:30.066+0000] {logging_mixin.py:137} INFO - [2022-11-22T19:32:30.066+0000] {dag.py:2585} INFO - Sync 1 DAGs
[2022-11-22T19:32:30.086+0000] {logging_mixin.py:137} INFO - [2022-11-22T19:32:30.086+0000] {dag.py:3340} INFO - Setting next_dagrun for example_short_circuit_decorator to 2022-11-21T19:32:30.086484+00:00, run_after=2022-11-22T19:32:30.086484+00:00
[2022-11-22T19:32:30.097+0000] {processor.py:176} INFO - Processing /home/airflow/.local/lib/python3.7/site-packages/airflow/example_dags/example_short_circuit_decorator.py took 0.084 seconds
[2022-11-22T19:33:00.869+0000] {processor.py:154} INFO - Started process (PID=852) to work on /home/airflow/.local/lib/python3.7/site-packages/airflow/example_dags/example_short_circuit_decorator.py
[2022-11-22T19:33:00.871+0000] {processor.py:756} INFO - Processing file /home/airflow/.local/lib/python3.7/site-packages/airflow/example_dags/example_short_circuit_decorator.py for tasks to queue
[2022-11-22T19:33:00.873+0000] {logging_mixin.py:137} INFO - [2022-11-22T19:33:00.872+0000] {dagbag.py:537} INFO - Filling up the DagBag from /home/airflow/.local/lib/python3.7/site-packages/airflow/example_dags/example_short_circuit_decorator.py
[2022-11-22T19:33:00.893+0000] {processor.py:766} INFO - DAG(s) dict_keys(['example_short_circuit_decorator']) retrieved from /home/airflow/.local/lib/python3.7/site-packages/airflow/example_dags/example_short_circuit_decorator.py
[2022-11-22T19:33:00.929+0000] {logging_mixin.py:137} INFO - [2022-11-22T19:33:00.928+0000] {dag.py:2585} INFO - Sync 1 DAGs
[2022-11-22T19:33:00.951+0000] {logging_mixin.py:137} INFO - [2022-11-22T19:33:00.951+0000] {dag.py:3340} INFO - Setting next_dagrun for example_short_circuit_decorator to 2022-11-21T19:33:00.951233+00:00, run_after=2022-11-22T19:33:00.951233+00:00
[2022-11-22T19:33:00.978+0000] {processor.py:176} INFO - Processing /home/airflow/.local/lib/python3.7/site-packages/airflow/example_dags/example_short_circuit_decorator.py took 0.113 seconds
[2022-11-22T19:33:31.388+0000] {processor.py:154} INFO - Started process (PID=915) to work on /home/airflow/.local/lib/python3.7/site-packages/airflow/example_dags/example_short_circuit_decorator.py
[2022-11-22T19:33:31.390+0000] {processor.py:756} INFO - Processing file /home/airflow/.local/lib/python3.7/site-packages/airflow/example_dags/example_short_circuit_decorator.py for tasks to queue
[2022-11-22T19:33:31.391+0000] {logging_mixin.py:137} INFO - [2022-11-22T19:33:31.390+0000] {dagbag.py:537} INFO - Filling up the DagBag from /home/airflow/.local/lib/python3.7/site-packages/airflow/example_dags/example_short_circuit_decorator.py
[2022-11-22T19:33:31.405+0000] {processor.py:766} INFO - DAG(s) dict_keys(['example_short_circuit_decorator']) retrieved from /home/airflow/.local/lib/python3.7/site-packages/airflow/example_dags/example_short_circuit_decorator.py
[2022-11-22T19:33:31.433+0000] {logging_mixin.py:137} INFO - [2022-11-22T19:33:31.433+0000] {dag.py:2585} INFO - Sync 1 DAGs
[2022-11-22T19:33:31.451+0000] {logging_mixin.py:137} INFO - [2022-11-22T19:33:31.451+0000] {dag.py:3340} INFO - Setting next_dagrun for example_short_circuit_decorator to 2022-11-21T19:33:31.451292+00:00, run_after=2022-11-22T19:33:31.451292+00:00
[2022-11-22T19:33:31.468+0000] {processor.py:176} INFO - Processing /home/airflow/.local/lib/python3.7/site-packages/airflow/example_dags/example_short_circuit_decorator.py took 0.082 seconds
[2022-11-22T19:34:02.310+0000] {processor.py:154} INFO - Started process (PID=978) to work on /home/airflow/.local/lib/python3.7/site-packages/airflow/example_dags/example_short_circuit_decorator.py
[2022-11-22T19:34:02.312+0000] {processor.py:756} INFO - Processing file /home/airflow/.local/lib/python3.7/site-packages/airflow/example_dags/example_short_circuit_decorator.py for tasks to queue
[2022-11-22T19:34:02.314+0000] {logging_mixin.py:137} INFO - [2022-11-22T19:34:02.314+0000] {dagbag.py:537} INFO - Filling up the DagBag from /home/airflow/.local/lib/python3.7/site-packages/airflow/example_dags/example_short_circuit_decorator.py
[2022-11-22T19:34:02.338+0000] {processor.py:766} INFO - DAG(s) dict_keys(['example_short_circuit_decorator']) retrieved from /home/airflow/.local/lib/python3.7/site-packages/airflow/example_dags/example_short_circuit_decorator.py
[2022-11-22T19:34:02.379+0000] {logging_mixin.py:137} INFO - [2022-11-22T19:34:02.379+0000] {dag.py:2585} INFO - Sync 1 DAGs
[2022-11-22T19:34:02.399+0000] {logging_mixin.py:137} INFO - [2022-11-22T19:34:02.399+0000] {dag.py:3340} INFO - Setting next_dagrun for example_short_circuit_decorator to 2022-11-21T19:34:02.398906+00:00, run_after=2022-11-22T19:34:02.398906+00:00
[2022-11-22T19:34:02.413+0000] {processor.py:176} INFO - Processing /home/airflow/.local/lib/python3.7/site-packages/airflow/example_dags/example_short_circuit_decorator.py took 0.108 seconds
[2022-11-22T19:34:32.613+0000] {processor.py:154} INFO - Started process (PID=1032) to work on /home/airflow/.local/lib/python3.7/site-packages/airflow/example_dags/example_short_circuit_decorator.py
[2022-11-22T19:34:32.615+0000] {processor.py:756} INFO - Processing file /home/airflow/.local/lib/python3.7/site-packages/airflow/example_dags/example_short_circuit_decorator.py for tasks to queue
[2022-11-22T19:34:32.616+0000] {logging_mixin.py:137} INFO - [2022-11-22T19:34:32.616+0000] {dagbag.py:537} INFO - Filling up the DagBag from /home/airflow/.local/lib/python3.7/site-packages/airflow/example_dags/example_short_circuit_decorator.py
[2022-11-22T19:34:32.634+0000] {processor.py:766} INFO - DAG(s) dict_keys(['example_short_circuit_decorator']) retrieved from /home/airflow/.local/lib/python3.7/site-packages/airflow/example_dags/example_short_circuit_decorator.py
[2022-11-22T19:34:32.664+0000] {logging_mixin.py:137} INFO - [2022-11-22T19:34:32.664+0000] {dag.py:2585} INFO - Sync 1 DAGs
[2022-11-22T19:34:32.680+0000] {logging_mixin.py:137} INFO - [2022-11-22T19:34:32.680+0000] {dag.py:3340} INFO - Setting next_dagrun for example_short_circuit_decorator to 2022-11-21T19:34:32.680423+00:00, run_after=2022-11-22T19:34:32.680423+00:00
[2022-11-22T19:34:32.691+0000] {processor.py:176} INFO - Processing /home/airflow/.local/lib/python3.7/site-packages/airflow/example_dags/example_short_circuit_decorator.py took 0.080 seconds
[2022-11-22T19:35:03.529+0000] {processor.py:154} INFO - Started process (PID=1097) to work on /home/airflow/.local/lib/python3.7/site-packages/airflow/example_dags/example_short_circuit_decorator.py
[2022-11-22T19:35:03.532+0000] {processor.py:756} INFO - Processing file /home/airflow/.local/lib/python3.7/site-packages/airflow/example_dags/example_short_circuit_decorator.py for tasks to queue
[2022-11-22T19:35:03.533+0000] {logging_mixin.py:137} INFO - [2022-11-22T19:35:03.533+0000] {dagbag.py:537} INFO - Filling up the DagBag from /home/airflow/.local/lib/python3.7/site-packages/airflow/example_dags/example_short_circuit_decorator.py
[2022-11-22T19:35:03.552+0000] {processor.py:766} INFO - DAG(s) dict_keys(['example_short_circuit_decorator']) retrieved from /home/airflow/.local/lib/python3.7/site-packages/airflow/example_dags/example_short_circuit_decorator.py
[2022-11-22T19:35:03.587+0000] {logging_mixin.py:137} INFO - [2022-11-22T19:35:03.587+0000] {dag.py:2585} INFO - Sync 1 DAGs
[2022-11-22T19:35:03.620+0000] {logging_mixin.py:137} INFO - [2022-11-22T19:35:03.620+0000] {dag.py:3340} INFO - Setting next_dagrun for example_short_circuit_decorator to 2022-11-21T19:35:03.620267+00:00, run_after=2022-11-22T19:35:03.620267+00:00
[2022-11-22T19:35:03.640+0000] {processor.py:176} INFO - Processing /home/airflow/.local/lib/python3.7/site-packages/airflow/example_dags/example_short_circuit_decorator.py took 0.115 seconds
[2022-11-22T19:35:33.766+0000] {processor.py:154} INFO - Started process (PID=1159) to work on /home/airflow/.local/lib/python3.7/site-packages/airflow/example_dags/example_short_circuit_decorator.py
[2022-11-22T19:35:33.768+0000] {processor.py:756} INFO - Processing file /home/airflow/.local/lib/python3.7/site-packages/airflow/example_dags/example_short_circuit_decorator.py for tasks to queue
[2022-11-22T19:35:33.770+0000] {logging_mixin.py:137} INFO - [2022-11-22T19:35:33.770+0000] {dagbag.py:537} INFO - Filling up the DagBag from /home/airflow/.local/lib/python3.7/site-packages/airflow/example_dags/example_short_circuit_decorator.py
[2022-11-22T19:35:33.785+0000] {processor.py:766} INFO - DAG(s) dict_keys(['example_short_circuit_decorator']) retrieved from /home/airflow/.local/lib/python3.7/site-packages/airflow/example_dags/example_short_circuit_decorator.py
[2022-11-22T19:35:33.817+0000] {logging_mixin.py:137} INFO - [2022-11-22T19:35:33.817+0000] {dag.py:2585} INFO - Sync 1 DAGs
[2022-11-22T19:35:33.835+0000] {logging_mixin.py:137} INFO - [2022-11-22T19:35:33.834+0000] {dag.py:3340} INFO - Setting next_dagrun for example_short_circuit_decorator to 2022-11-21T19:35:33.834221+00:00, run_after=2022-11-22T19:35:33.834221+00:00
[2022-11-22T19:35:33.847+0000] {processor.py:176} INFO - Processing /home/airflow/.local/lib/python3.7/site-packages/airflow/example_dags/example_short_circuit_decorator.py took 0.083 seconds
[2022-11-22T19:36:04.884+0000] {processor.py:154} INFO - Started process (PID=1221) to work on /home/airflow/.local/lib/python3.7/site-packages/airflow/example_dags/example_short_circuit_decorator.py
[2022-11-22T19:36:04.886+0000] {processor.py:756} INFO - Processing file /home/airflow/.local/lib/python3.7/site-packages/airflow/example_dags/example_short_circuit_decorator.py for tasks to queue
[2022-11-22T19:36:04.887+0000] {logging_mixin.py:137} INFO - [2022-11-22T19:36:04.887+0000] {dagbag.py:537} INFO - Filling up the DagBag from /home/airflow/.local/lib/python3.7/site-packages/airflow/example_dags/example_short_circuit_decorator.py
[2022-11-22T19:36:04.912+0000] {processor.py:766} INFO - DAG(s) dict_keys(['example_short_circuit_decorator']) retrieved from /home/airflow/.local/lib/python3.7/site-packages/airflow/example_dags/example_short_circuit_decorator.py
[2022-11-22T19:36:04.965+0000] {logging_mixin.py:137} INFO - [2022-11-22T19:36:04.964+0000] {dag.py:2585} INFO - Sync 1 DAGs
[2022-11-22T19:36:04.985+0000] {logging_mixin.py:137} INFO - [2022-11-22T19:36:04.985+0000] {dag.py:3340} INFO - Setting next_dagrun for example_short_circuit_decorator to 2022-11-21T19:36:04.985398+00:00, run_after=2022-11-22T19:36:04.985398+00:00
[2022-11-22T19:36:04.999+0000] {processor.py:176} INFO - Processing /home/airflow/.local/lib/python3.7/site-packages/airflow/example_dags/example_short_circuit_decorator.py took 0.118 seconds
[2022-11-22T19:36:35.271+0000] {processor.py:154} INFO - Started process (PID=1276) to work on /home/airflow/.local/lib/python3.7/site-packages/airflow/example_dags/example_short_circuit_decorator.py
[2022-11-22T19:36:35.281+0000] {processor.py:756} INFO - Processing file /home/airflow/.local/lib/python3.7/site-packages/airflow/example_dags/example_short_circuit_decorator.py for tasks to queue
[2022-11-22T19:36:35.300+0000] {logging_mixin.py:137} INFO - [2022-11-22T19:36:35.300+0000] {dagbag.py:537} INFO - Filling up the DagBag from /home/airflow/.local/lib/python3.7/site-packages/airflow/example_dags/example_short_circuit_decorator.py
[2022-11-22T19:36:35.316+0000] {processor.py:766} INFO - DAG(s) dict_keys(['example_short_circuit_decorator']) retrieved from /home/airflow/.local/lib/python3.7/site-packages/airflow/example_dags/example_short_circuit_decorator.py
[2022-11-22T19:36:35.347+0000] {logging_mixin.py:137} INFO - [2022-11-22T19:36:35.347+0000] {dag.py:2585} INFO - Sync 1 DAGs
[2022-11-22T19:36:35.387+0000] {logging_mixin.py:137} INFO - [2022-11-22T19:36:35.387+0000] {dag.py:3340} INFO - Setting next_dagrun for example_short_circuit_decorator to 2022-11-21T19:36:35.387239+00:00, run_after=2022-11-22T19:36:35.387239+00:00
[2022-11-22T19:36:35.403+0000] {processor.py:176} INFO - Processing /home/airflow/.local/lib/python3.7/site-packages/airflow/example_dags/example_short_circuit_decorator.py took 0.135 seconds
[2022-11-22T19:37:06.272+0000] {processor.py:154} INFO - Started process (PID=1339) to work on /home/airflow/.local/lib/python3.7/site-packages/airflow/example_dags/example_short_circuit_decorator.py
[2022-11-22T19:37:06.274+0000] {processor.py:756} INFO - Processing file /home/airflow/.local/lib/python3.7/site-packages/airflow/example_dags/example_short_circuit_decorator.py for tasks to queue
[2022-11-22T19:37:06.276+0000] {logging_mixin.py:137} INFO - [2022-11-22T19:37:06.275+0000] {dagbag.py:537} INFO - Filling up the DagBag from /home/airflow/.local/lib/python3.7/site-packages/airflow/example_dags/example_short_circuit_decorator.py
[2022-11-22T19:37:06.310+0000] {processor.py:766} INFO - DAG(s) dict_keys(['example_short_circuit_decorator']) retrieved from /home/airflow/.local/lib/python3.7/site-packages/airflow/example_dags/example_short_circuit_decorator.py
[2022-11-22T19:37:06.342+0000] {logging_mixin.py:137} INFO - [2022-11-22T19:37:06.342+0000] {dag.py:2585} INFO - Sync 1 DAGs
[2022-11-22T19:37:06.361+0000] {logging_mixin.py:137} INFO - [2022-11-22T19:37:06.361+0000] {dag.py:3340} INFO - Setting next_dagrun for example_short_circuit_decorator to 2022-11-21T19:37:06.361322+00:00, run_after=2022-11-22T19:37:06.361322+00:00
[2022-11-22T19:37:06.376+0000] {processor.py:176} INFO - Processing /home/airflow/.local/lib/python3.7/site-packages/airflow/example_dags/example_short_circuit_decorator.py took 0.108 seconds
[2022-11-22T19:37:36.793+0000] {processor.py:154} INFO - Started process (PID=1403) to work on /home/airflow/.local/lib/python3.7/site-packages/airflow/example_dags/example_short_circuit_decorator.py
[2022-11-22T19:37:36.795+0000] {processor.py:756} INFO - Processing file /home/airflow/.local/lib/python3.7/site-packages/airflow/example_dags/example_short_circuit_decorator.py for tasks to queue
[2022-11-22T19:37:36.797+0000] {logging_mixin.py:137} INFO - [2022-11-22T19:37:36.797+0000] {dagbag.py:537} INFO - Filling up the DagBag from /home/airflow/.local/lib/python3.7/site-packages/airflow/example_dags/example_short_circuit_decorator.py
[2022-11-22T19:37:36.812+0000] {processor.py:766} INFO - DAG(s) dict_keys(['example_short_circuit_decorator']) retrieved from /home/airflow/.local/lib/python3.7/site-packages/airflow/example_dags/example_short_circuit_decorator.py
[2022-11-22T19:37:36.840+0000] {logging_mixin.py:137} INFO - [2022-11-22T19:37:36.840+0000] {dag.py:2585} INFO - Sync 1 DAGs
[2022-11-22T19:37:36.858+0000] {logging_mixin.py:137} INFO - [2022-11-22T19:37:36.858+0000] {dag.py:3340} INFO - Setting next_dagrun for example_short_circuit_decorator to 2022-11-21T19:37:36.858443+00:00, run_after=2022-11-22T19:37:36.858443+00:00
[2022-11-22T19:37:36.871+0000] {processor.py:176} INFO - Processing /home/airflow/.local/lib/python3.7/site-packages/airflow/example_dags/example_short_circuit_decorator.py took 0.079 seconds
[2022-11-22T19:38:07.443+0000] {processor.py:154} INFO - Started process (PID=1466) to work on /home/airflow/.local/lib/python3.7/site-packages/airflow/example_dags/example_short_circuit_decorator.py
[2022-11-22T19:38:07.446+0000] {processor.py:756} INFO - Processing file /home/airflow/.local/lib/python3.7/site-packages/airflow/example_dags/example_short_circuit_decorator.py for tasks to queue
[2022-11-22T19:38:07.448+0000] {logging_mixin.py:137} INFO - [2022-11-22T19:38:07.448+0000] {dagbag.py:537} INFO - Filling up the DagBag from /home/airflow/.local/lib/python3.7/site-packages/airflow/example_dags/example_short_circuit_decorator.py
[2022-11-22T19:38:07.466+0000] {processor.py:766} INFO - DAG(s) dict_keys(['example_short_circuit_decorator']) retrieved from /home/airflow/.local/lib/python3.7/site-packages/airflow/example_dags/example_short_circuit_decorator.py
[2022-11-22T19:38:07.498+0000] {logging_mixin.py:137} INFO - [2022-11-22T19:38:07.498+0000] {dag.py:2585} INFO - Sync 1 DAGs
[2022-11-22T19:38:07.520+0000] {logging_mixin.py:137} INFO - [2022-11-22T19:38:07.520+0000] {dag.py:3340} INFO - Setting next_dagrun for example_short_circuit_decorator to 2022-11-21T19:38:07.520418+00:00, run_after=2022-11-22T19:38:07.520418+00:00
[2022-11-22T19:38:07.538+0000] {processor.py:176} INFO - Processing /home/airflow/.local/lib/python3.7/site-packages/airflow/example_dags/example_short_circuit_decorator.py took 0.097 seconds
[2022-11-22T19:38:37.957+0000] {processor.py:154} INFO - Started process (PID=1520) to work on /home/airflow/.local/lib/python3.7/site-packages/airflow/example_dags/example_short_circuit_decorator.py
[2022-11-22T19:38:37.960+0000] {processor.py:756} INFO - Processing file /home/airflow/.local/lib/python3.7/site-packages/airflow/example_dags/example_short_circuit_decorator.py for tasks to queue
[2022-11-22T19:38:37.961+0000] {logging_mixin.py:137} INFO - [2022-11-22T19:38:37.961+0000] {dagbag.py:537} INFO - Filling up the DagBag from /home/airflow/.local/lib/python3.7/site-packages/airflow/example_dags/example_short_circuit_decorator.py
[2022-11-22T19:38:37.981+0000] {processor.py:766} INFO - DAG(s) dict_keys(['example_short_circuit_decorator']) retrieved from /home/airflow/.local/lib/python3.7/site-packages/airflow/example_dags/example_short_circuit_decorator.py
[2022-11-22T19:38:38.011+0000] {logging_mixin.py:137} INFO - [2022-11-22T19:38:38.011+0000] {dag.py:2585} INFO - Sync 1 DAGs
[2022-11-22T19:38:38.029+0000] {logging_mixin.py:137} INFO - [2022-11-22T19:38:38.029+0000] {dag.py:3340} INFO - Setting next_dagrun for example_short_circuit_decorator to 2022-11-21T19:38:38.029493+00:00, run_after=2022-11-22T19:38:38.029493+00:00
[2022-11-22T19:38:38.045+0000] {processor.py:176} INFO - Processing /home/airflow/.local/lib/python3.7/site-packages/airflow/example_dags/example_short_circuit_decorator.py took 0.091 seconds
[2022-11-22T19:39:08.395+0000] {processor.py:154} INFO - Started process (PID=1583) to work on /home/airflow/.local/lib/python3.7/site-packages/airflow/example_dags/example_short_circuit_decorator.py
[2022-11-22T19:39:08.398+0000] {processor.py:756} INFO - Processing file /home/airflow/.local/lib/python3.7/site-packages/airflow/example_dags/example_short_circuit_decorator.py for tasks to queue
[2022-11-22T19:39:08.399+0000] {logging_mixin.py:137} INFO - [2022-11-22T19:39:08.399+0000] {dagbag.py:537} INFO - Filling up the DagBag from /home/airflow/.local/lib/python3.7/site-packages/airflow/example_dags/example_short_circuit_decorator.py
[2022-11-22T19:39:08.418+0000] {processor.py:766} INFO - DAG(s) dict_keys(['example_short_circuit_decorator']) retrieved from /home/airflow/.local/lib/python3.7/site-packages/airflow/example_dags/example_short_circuit_decorator.py
[2022-11-22T19:39:08.458+0000] {logging_mixin.py:137} INFO - [2022-11-22T19:39:08.458+0000] {dag.py:2585} INFO - Sync 1 DAGs
[2022-11-22T19:39:08.482+0000] {logging_mixin.py:137} INFO - [2022-11-22T19:39:08.482+0000] {dag.py:3340} INFO - Setting next_dagrun for example_short_circuit_decorator to 2022-11-21T19:39:08.482235+00:00, run_after=2022-11-22T19:39:08.482235+00:00
[2022-11-22T19:39:08.512+0000] {processor.py:176} INFO - Processing /home/airflow/.local/lib/python3.7/site-packages/airflow/example_dags/example_short_circuit_decorator.py took 0.120 seconds
[2022-11-22T19:39:39.481+0000] {processor.py:154} INFO - Started process (PID=1647) to work on /home/airflow/.local/lib/python3.7/site-packages/airflow/example_dags/example_short_circuit_decorator.py
[2022-11-22T19:39:39.484+0000] {processor.py:756} INFO - Processing file /home/airflow/.local/lib/python3.7/site-packages/airflow/example_dags/example_short_circuit_decorator.py for tasks to queue
[2022-11-22T19:39:39.487+0000] {logging_mixin.py:137} INFO - [2022-11-22T19:39:39.486+0000] {dagbag.py:537} INFO - Filling up the DagBag from /home/airflow/.local/lib/python3.7/site-packages/airflow/example_dags/example_short_circuit_decorator.py
[2022-11-22T19:39:39.509+0000] {processor.py:766} INFO - DAG(s) dict_keys(['example_short_circuit_decorator']) retrieved from /home/airflow/.local/lib/python3.7/site-packages/airflow/example_dags/example_short_circuit_decorator.py
[2022-11-22T19:39:39.624+0000] {logging_mixin.py:137} INFO - [2022-11-22T19:39:39.624+0000] {dag.py:2585} INFO - Sync 1 DAGs
[2022-11-22T19:39:39.662+0000] {logging_mixin.py:137} INFO - [2022-11-22T19:39:39.661+0000] {dag.py:3340} INFO - Setting next_dagrun for example_short_circuit_decorator to 2022-11-21T19:39:39.661676+00:00, run_after=2022-11-22T19:39:39.661676+00:00
[2022-11-22T19:39:39.677+0000] {processor.py:176} INFO - Processing /home/airflow/.local/lib/python3.7/site-packages/airflow/example_dags/example_short_circuit_decorator.py took 0.207 seconds
[2022-11-22T19:40:09.766+0000] {processor.py:154} INFO - Started process (PID=1711) to work on /home/airflow/.local/lib/python3.7/site-packages/airflow/example_dags/example_short_circuit_decorator.py
[2022-11-22T19:40:09.767+0000] {processor.py:756} INFO - Processing file /home/airflow/.local/lib/python3.7/site-packages/airflow/example_dags/example_short_circuit_decorator.py for tasks to queue
[2022-11-22T19:40:09.768+0000] {logging_mixin.py:137} INFO - [2022-11-22T19:40:09.768+0000] {dagbag.py:537} INFO - Filling up the DagBag from /home/airflow/.local/lib/python3.7/site-packages/airflow/example_dags/example_short_circuit_decorator.py
[2022-11-22T19:40:09.783+0000] {processor.py:766} INFO - DAG(s) dict_keys(['example_short_circuit_decorator']) retrieved from /home/airflow/.local/lib/python3.7/site-packages/airflow/example_dags/example_short_circuit_decorator.py
[2022-11-22T19:40:09.811+0000] {logging_mixin.py:137} INFO - [2022-11-22T19:40:09.811+0000] {dag.py:2585} INFO - Sync 1 DAGs
[2022-11-22T19:40:09.827+0000] {logging_mixin.py:137} INFO - [2022-11-22T19:40:09.827+0000] {dag.py:3340} INFO - Setting next_dagrun for example_short_circuit_decorator to 2022-11-21T19:40:09.827141+00:00, run_after=2022-11-22T19:40:09.827141+00:00
[2022-11-22T19:40:09.839+0000] {processor.py:176} INFO - Processing /home/airflow/.local/lib/python3.7/site-packages/airflow/example_dags/example_short_circuit_decorator.py took 0.076 seconds
[2022-11-22T19:40:40.322+0000] {processor.py:154} INFO - Started process (PID=1765) to work on /home/airflow/.local/lib/python3.7/site-packages/airflow/example_dags/example_short_circuit_decorator.py
[2022-11-22T19:40:40.323+0000] {processor.py:756} INFO - Processing file /home/airflow/.local/lib/python3.7/site-packages/airflow/example_dags/example_short_circuit_decorator.py for tasks to queue
[2022-11-22T19:40:40.325+0000] {logging_mixin.py:137} INFO - [2022-11-22T19:40:40.325+0000] {dagbag.py:537} INFO - Filling up the DagBag from /home/airflow/.local/lib/python3.7/site-packages/airflow/example_dags/example_short_circuit_decorator.py
[2022-11-22T19:40:40.341+0000] {processor.py:766} INFO - DAG(s) dict_keys(['example_short_circuit_decorator']) retrieved from /home/airflow/.local/lib/python3.7/site-packages/airflow/example_dags/example_short_circuit_decorator.py
[2022-11-22T19:40:40.368+0000] {logging_mixin.py:137} INFO - [2022-11-22T19:40:40.368+0000] {dag.py:2585} INFO - Sync 1 DAGs
[2022-11-22T19:40:40.385+0000] {logging_mixin.py:137} INFO - [2022-11-22T19:40:40.385+0000] {dag.py:3340} INFO - Setting next_dagrun for example_short_circuit_decorator to 2022-11-21T19:40:40.385634+00:00, run_after=2022-11-22T19:40:40.385634+00:00
[2022-11-22T19:40:40.400+0000] {processor.py:176} INFO - Processing /home/airflow/.local/lib/python3.7/site-packages/airflow/example_dags/example_short_circuit_decorator.py took 0.081 seconds
[2022-11-22T19:41:11.211+0000] {processor.py:154} INFO - Started process (PID=1829) to work on /home/airflow/.local/lib/python3.7/site-packages/airflow/example_dags/example_short_circuit_decorator.py
[2022-11-22T19:41:11.213+0000] {processor.py:756} INFO - Processing file /home/airflow/.local/lib/python3.7/site-packages/airflow/example_dags/example_short_circuit_decorator.py for tasks to queue
[2022-11-22T19:41:11.214+0000] {logging_mixin.py:137} INFO - [2022-11-22T19:41:11.214+0000] {dagbag.py:537} INFO - Filling up the DagBag from /home/airflow/.local/lib/python3.7/site-packages/airflow/example_dags/example_short_circuit_decorator.py
[2022-11-22T19:41:11.232+0000] {processor.py:766} INFO - DAG(s) dict_keys(['example_short_circuit_decorator']) retrieved from /home/airflow/.local/lib/python3.7/site-packages/airflow/example_dags/example_short_circuit_decorator.py
[2022-11-22T19:41:11.262+0000] {logging_mixin.py:137} INFO - [2022-11-22T19:41:11.262+0000] {dag.py:2585} INFO - Sync 1 DAGs
[2022-11-22T19:41:11.282+0000] {logging_mixin.py:137} INFO - [2022-11-22T19:41:11.282+0000] {dag.py:3340} INFO - Setting next_dagrun for example_short_circuit_decorator to 2022-11-21T19:41:11.281858+00:00, run_after=2022-11-22T19:41:11.281858+00:00
[2022-11-22T19:41:11.298+0000] {processor.py:176} INFO - Processing /home/airflow/.local/lib/python3.7/site-packages/airflow/example_dags/example_short_circuit_decorator.py took 0.091 seconds
[2022-11-22T19:41:41.559+0000] {processor.py:154} INFO - Started process (PID=1893) to work on /home/airflow/.local/lib/python3.7/site-packages/airflow/example_dags/example_short_circuit_decorator.py
[2022-11-22T19:41:41.561+0000] {processor.py:756} INFO - Processing file /home/airflow/.local/lib/python3.7/site-packages/airflow/example_dags/example_short_circuit_decorator.py for tasks to queue
[2022-11-22T19:41:41.562+0000] {logging_mixin.py:137} INFO - [2022-11-22T19:41:41.562+0000] {dagbag.py:537} INFO - Filling up the DagBag from /home/airflow/.local/lib/python3.7/site-packages/airflow/example_dags/example_short_circuit_decorator.py
[2022-11-22T19:41:41.577+0000] {processor.py:766} INFO - DAG(s) dict_keys(['example_short_circuit_decorator']) retrieved from /home/airflow/.local/lib/python3.7/site-packages/airflow/example_dags/example_short_circuit_decorator.py
[2022-11-22T19:41:41.613+0000] {logging_mixin.py:137} INFO - [2022-11-22T19:41:41.613+0000] {dag.py:2585} INFO - Sync 1 DAGs
[2022-11-22T19:41:41.632+0000] {logging_mixin.py:137} INFO - [2022-11-22T19:41:41.632+0000] {dag.py:3340} INFO - Setting next_dagrun for example_short_circuit_decorator to 2022-11-21T19:41:41.631858+00:00, run_after=2022-11-22T19:41:41.631858+00:00
[2022-11-22T19:41:41.644+0000] {processor.py:176} INFO - Processing /home/airflow/.local/lib/python3.7/site-packages/airflow/example_dags/example_short_circuit_decorator.py took 0.088 seconds
[2022-11-22T19:42:11.995+0000] {processor.py:154} INFO - Started process (PID=1956) to work on /home/airflow/.local/lib/python3.7/site-packages/airflow/example_dags/example_short_circuit_decorator.py
[2022-11-22T19:42:11.997+0000] {processor.py:756} INFO - Processing file /home/airflow/.local/lib/python3.7/site-packages/airflow/example_dags/example_short_circuit_decorator.py for tasks to queue
[2022-11-22T19:42:11.998+0000] {logging_mixin.py:137} INFO - [2022-11-22T19:42:11.998+0000] {dagbag.py:537} INFO - Filling up the DagBag from /home/airflow/.local/lib/python3.7/site-packages/airflow/example_dags/example_short_circuit_decorator.py
[2022-11-22T19:42:12.014+0000] {processor.py:766} INFO - DAG(s) dict_keys(['example_short_circuit_decorator']) retrieved from /home/airflow/.local/lib/python3.7/site-packages/airflow/example_dags/example_short_circuit_decorator.py
[2022-11-22T19:42:12.042+0000] {logging_mixin.py:137} INFO - [2022-11-22T19:42:12.042+0000] {dag.py:2585} INFO - Sync 1 DAGs
[2022-11-22T19:42:12.059+0000] {logging_mixin.py:137} INFO - [2022-11-22T19:42:12.059+0000] {dag.py:3340} INFO - Setting next_dagrun for example_short_circuit_decorator to 2022-11-21T19:42:12.058812+00:00, run_after=2022-11-22T19:42:12.058812+00:00
[2022-11-22T19:42:12.080+0000] {processor.py:176} INFO - Processing /home/airflow/.local/lib/python3.7/site-packages/airflow/example_dags/example_short_circuit_decorator.py took 0.088 seconds
[2022-11-22T19:42:43.092+0000] {processor.py:154} INFO - Started process (PID=2011) to work on /home/airflow/.local/lib/python3.7/site-packages/airflow/example_dags/example_short_circuit_decorator.py
[2022-11-22T19:42:43.094+0000] {processor.py:756} INFO - Processing file /home/airflow/.local/lib/python3.7/site-packages/airflow/example_dags/example_short_circuit_decorator.py for tasks to queue
[2022-11-22T19:42:43.095+0000] {logging_mixin.py:137} INFO - [2022-11-22T19:42:43.095+0000] {dagbag.py:537} INFO - Filling up the DagBag from /home/airflow/.local/lib/python3.7/site-packages/airflow/example_dags/example_short_circuit_decorator.py
[2022-11-22T19:42:43.116+0000] {processor.py:766} INFO - DAG(s) dict_keys(['example_short_circuit_decorator']) retrieved from /home/airflow/.local/lib/python3.7/site-packages/airflow/example_dags/example_short_circuit_decorator.py
[2022-11-22T19:42:43.146+0000] {logging_mixin.py:137} INFO - [2022-11-22T19:42:43.146+0000] {dag.py:2585} INFO - Sync 1 DAGs
[2022-11-22T19:42:43.167+0000] {logging_mixin.py:137} INFO - [2022-11-22T19:42:43.166+0000] {dag.py:3340} INFO - Setting next_dagrun for example_short_circuit_decorator to 2022-11-21T19:42:43.166528+00:00, run_after=2022-11-22T19:42:43.166528+00:00
[2022-11-22T19:42:43.181+0000] {processor.py:176} INFO - Processing /home/airflow/.local/lib/python3.7/site-packages/airflow/example_dags/example_short_circuit_decorator.py took 0.092 seconds
[2022-11-22T19:43:14.131+0000] {processor.py:154} INFO - Started process (PID=2073) to work on /home/airflow/.local/lib/python3.7/site-packages/airflow/example_dags/example_short_circuit_decorator.py
[2022-11-22T19:43:14.132+0000] {processor.py:756} INFO - Processing file /home/airflow/.local/lib/python3.7/site-packages/airflow/example_dags/example_short_circuit_decorator.py for tasks to queue
[2022-11-22T19:43:14.133+0000] {logging_mixin.py:137} INFO - [2022-11-22T19:43:14.133+0000] {dagbag.py:537} INFO - Filling up the DagBag from /home/airflow/.local/lib/python3.7/site-packages/airflow/example_dags/example_short_circuit_decorator.py
[2022-11-22T19:43:14.149+0000] {processor.py:766} INFO - DAG(s) dict_keys(['example_short_circuit_decorator']) retrieved from /home/airflow/.local/lib/python3.7/site-packages/airflow/example_dags/example_short_circuit_decorator.py
[2022-11-22T19:43:14.176+0000] {logging_mixin.py:137} INFO - [2022-11-22T19:43:14.176+0000] {dag.py:2585} INFO - Sync 1 DAGs
[2022-11-22T19:43:14.196+0000] {logging_mixin.py:137} INFO - [2022-11-22T19:43:14.196+0000] {dag.py:3340} INFO - Setting next_dagrun for example_short_circuit_decorator to 2022-11-21T19:43:14.196663+00:00, run_after=2022-11-22T19:43:14.196663+00:00
[2022-11-22T19:43:14.210+0000] {processor.py:176} INFO - Processing /home/airflow/.local/lib/python3.7/site-packages/airflow/example_dags/example_short_circuit_decorator.py took 0.082 seconds
[2022-11-22T19:43:45.053+0000] {processor.py:154} INFO - Started process (PID=2136) to work on /home/airflow/.local/lib/python3.7/site-packages/airflow/example_dags/example_short_circuit_decorator.py
[2022-11-22T19:43:45.056+0000] {processor.py:756} INFO - Processing file /home/airflow/.local/lib/python3.7/site-packages/airflow/example_dags/example_short_circuit_decorator.py for tasks to queue
[2022-11-22T19:43:45.058+0000] {logging_mixin.py:137} INFO - [2022-11-22T19:43:45.057+0000] {dagbag.py:537} INFO - Filling up the DagBag from /home/airflow/.local/lib/python3.7/site-packages/airflow/example_dags/example_short_circuit_decorator.py
[2022-11-22T19:43:45.076+0000] {processor.py:766} INFO - DAG(s) dict_keys(['example_short_circuit_decorator']) retrieved from /home/airflow/.local/lib/python3.7/site-packages/airflow/example_dags/example_short_circuit_decorator.py
[2022-11-22T19:43:45.103+0000] {logging_mixin.py:137} INFO - [2022-11-22T19:43:45.103+0000] {dag.py:2585} INFO - Sync 1 DAGs
[2022-11-22T19:43:45.121+0000] {logging_mixin.py:137} INFO - [2022-11-22T19:43:45.121+0000] {dag.py:3340} INFO - Setting next_dagrun for example_short_circuit_decorator to 2022-11-21T19:43:45.120913+00:00, run_after=2022-11-22T19:43:45.120913+00:00
[2022-11-22T19:43:45.133+0000] {processor.py:176} INFO - Processing /home/airflow/.local/lib/python3.7/site-packages/airflow/example_dags/example_short_circuit_decorator.py took 0.084 seconds
[2022-11-22T19:44:15.575+0000] {processor.py:154} INFO - Started process (PID=2199) to work on /home/airflow/.local/lib/python3.7/site-packages/airflow/example_dags/example_short_circuit_decorator.py
[2022-11-22T19:44:15.590+0000] {processor.py:756} INFO - Processing file /home/airflow/.local/lib/python3.7/site-packages/airflow/example_dags/example_short_circuit_decorator.py for tasks to queue
[2022-11-22T19:44:15.591+0000] {logging_mixin.py:137} INFO - [2022-11-22T19:44:15.591+0000] {dagbag.py:537} INFO - Filling up the DagBag from /home/airflow/.local/lib/python3.7/site-packages/airflow/example_dags/example_short_circuit_decorator.py
[2022-11-22T19:44:15.606+0000] {processor.py:766} INFO - DAG(s) dict_keys(['example_short_circuit_decorator']) retrieved from /home/airflow/.local/lib/python3.7/site-packages/airflow/example_dags/example_short_circuit_decorator.py
[2022-11-22T19:44:15.634+0000] {logging_mixin.py:137} INFO - [2022-11-22T19:44:15.633+0000] {dag.py:2585} INFO - Sync 1 DAGs
[2022-11-22T19:44:15.650+0000] {logging_mixin.py:137} INFO - [2022-11-22T19:44:15.650+0000] {dag.py:3340} INFO - Setting next_dagrun for example_short_circuit_decorator to 2022-11-21T19:44:15.650598+00:00, run_after=2022-11-22T19:44:15.650598+00:00
[2022-11-22T19:44:15.666+0000] {processor.py:176} INFO - Processing /home/airflow/.local/lib/python3.7/site-packages/airflow/example_dags/example_short_circuit_decorator.py took 0.093 seconds
[2022-11-22T19:44:46.665+0000] {processor.py:154} INFO - Started process (PID=2262) to work on /home/airflow/.local/lib/python3.7/site-packages/airflow/example_dags/example_short_circuit_decorator.py
[2022-11-22T19:44:46.667+0000] {processor.py:756} INFO - Processing file /home/airflow/.local/lib/python3.7/site-packages/airflow/example_dags/example_short_circuit_decorator.py for tasks to queue
[2022-11-22T19:44:46.668+0000] {logging_mixin.py:137} INFO - [2022-11-22T19:44:46.668+0000] {dagbag.py:537} INFO - Filling up the DagBag from /home/airflow/.local/lib/python3.7/site-packages/airflow/example_dags/example_short_circuit_decorator.py
[2022-11-22T19:44:46.684+0000] {processor.py:766} INFO - DAG(s) dict_keys(['example_short_circuit_decorator']) retrieved from /home/airflow/.local/lib/python3.7/site-packages/airflow/example_dags/example_short_circuit_decorator.py
[2022-11-22T19:44:46.714+0000] {logging_mixin.py:137} INFO - [2022-11-22T19:44:46.714+0000] {dag.py:2585} INFO - Sync 1 DAGs
[2022-11-22T19:44:46.732+0000] {logging_mixin.py:137} INFO - [2022-11-22T19:44:46.732+0000] {dag.py:3340} INFO - Setting next_dagrun for example_short_circuit_decorator to 2022-11-21T19:44:46.732048+00:00, run_after=2022-11-22T19:44:46.732048+00:00
[2022-11-22T19:44:46.747+0000] {processor.py:176} INFO - Processing /home/airflow/.local/lib/python3.7/site-packages/airflow/example_dags/example_short_circuit_decorator.py took 0.085 seconds
[2022-11-22T19:45:17.767+0000] {processor.py:154} INFO - Started process (PID=2317) to work on /home/airflow/.local/lib/python3.7/site-packages/airflow/example_dags/example_short_circuit_decorator.py
[2022-11-22T19:45:17.768+0000] {processor.py:756} INFO - Processing file /home/airflow/.local/lib/python3.7/site-packages/airflow/example_dags/example_short_circuit_decorator.py for tasks to queue
[2022-11-22T19:45:17.772+0000] {logging_mixin.py:137} INFO - [2022-11-22T19:45:17.771+0000] {dagbag.py:537} INFO - Filling up the DagBag from /home/airflow/.local/lib/python3.7/site-packages/airflow/example_dags/example_short_circuit_decorator.py
[2022-11-22T19:45:17.789+0000] {processor.py:766} INFO - DAG(s) dict_keys(['example_short_circuit_decorator']) retrieved from /home/airflow/.local/lib/python3.7/site-packages/airflow/example_dags/example_short_circuit_decorator.py
[2022-11-22T19:45:17.817+0000] {logging_mixin.py:137} INFO - [2022-11-22T19:45:17.816+0000] {dag.py:2585} INFO - Sync 1 DAGs
[2022-11-22T19:45:17.836+0000] {logging_mixin.py:137} INFO - [2022-11-22T19:45:17.835+0000] {dag.py:3340} INFO - Setting next_dagrun for example_short_circuit_decorator to 2022-11-21T19:45:17.835654+00:00, run_after=2022-11-22T19:45:17.835654+00:00
[2022-11-22T19:45:17.854+0000] {processor.py:176} INFO - Processing /home/airflow/.local/lib/python3.7/site-packages/airflow/example_dags/example_short_circuit_decorator.py took 0.090 seconds
[2022-11-22T19:45:48.484+0000] {processor.py:154} INFO - Started process (PID=2381) to work on /home/airflow/.local/lib/python3.7/site-packages/airflow/example_dags/example_short_circuit_decorator.py
[2022-11-22T19:45:48.485+0000] {processor.py:756} INFO - Processing file /home/airflow/.local/lib/python3.7/site-packages/airflow/example_dags/example_short_circuit_decorator.py for tasks to queue
[2022-11-22T19:45:48.486+0000] {logging_mixin.py:137} INFO - [2022-11-22T19:45:48.486+0000] {dagbag.py:537} INFO - Filling up the DagBag from /home/airflow/.local/lib/python3.7/site-packages/airflow/example_dags/example_short_circuit_decorator.py
[2022-11-22T19:45:48.505+0000] {processor.py:766} INFO - DAG(s) dict_keys(['example_short_circuit_decorator']) retrieved from /home/airflow/.local/lib/python3.7/site-packages/airflow/example_dags/example_short_circuit_decorator.py
[2022-11-22T19:45:48.532+0000] {logging_mixin.py:137} INFO - [2022-11-22T19:45:48.532+0000] {dag.py:2585} INFO - Sync 1 DAGs
[2022-11-22T19:45:48.550+0000] {logging_mixin.py:137} INFO - [2022-11-22T19:45:48.549+0000] {dag.py:3340} INFO - Setting next_dagrun for example_short_circuit_decorator to 2022-11-21T19:45:48.549682+00:00, run_after=2022-11-22T19:45:48.549682+00:00
[2022-11-22T19:45:48.571+0000] {processor.py:176} INFO - Processing /home/airflow/.local/lib/python3.7/site-packages/airflow/example_dags/example_short_circuit_decorator.py took 0.089 seconds
[2022-11-22T19:46:19.013+0000] {processor.py:154} INFO - Started process (PID=2445) to work on /home/airflow/.local/lib/python3.7/site-packages/airflow/example_dags/example_short_circuit_decorator.py
[2022-11-22T19:46:19.015+0000] {processor.py:756} INFO - Processing file /home/airflow/.local/lib/python3.7/site-packages/airflow/example_dags/example_short_circuit_decorator.py for tasks to queue
[2022-11-22T19:46:19.016+0000] {logging_mixin.py:137} INFO - [2022-11-22T19:46:19.016+0000] {dagbag.py:537} INFO - Filling up the DagBag from /home/airflow/.local/lib/python3.7/site-packages/airflow/example_dags/example_short_circuit_decorator.py
[2022-11-22T19:46:19.036+0000] {processor.py:766} INFO - DAG(s) dict_keys(['example_short_circuit_decorator']) retrieved from /home/airflow/.local/lib/python3.7/site-packages/airflow/example_dags/example_short_circuit_decorator.py
[2022-11-22T19:46:19.080+0000] {logging_mixin.py:137} INFO - [2022-11-22T19:46:19.080+0000] {dag.py:2585} INFO - Sync 1 DAGs
[2022-11-22T19:46:19.129+0000] {logging_mixin.py:137} INFO - [2022-11-22T19:46:19.129+0000] {dag.py:3340} INFO - Setting next_dagrun for example_short_circuit_decorator to 2022-11-21T19:46:19.128056+00:00, run_after=2022-11-22T19:46:19.128056+00:00
[2022-11-22T19:46:19.162+0000] {processor.py:176} INFO - Processing /home/airflow/.local/lib/python3.7/site-packages/airflow/example_dags/example_short_circuit_decorator.py took 0.152 seconds
[2022-11-22T19:46:50.438+0000] {processor.py:154} INFO - Started process (PID=2507) to work on /home/airflow/.local/lib/python3.7/site-packages/airflow/example_dags/example_short_circuit_decorator.py
[2022-11-22T19:46:50.441+0000] {processor.py:756} INFO - Processing file /home/airflow/.local/lib/python3.7/site-packages/airflow/example_dags/example_short_circuit_decorator.py for tasks to queue
[2022-11-22T19:46:50.443+0000] {logging_mixin.py:137} INFO - [2022-11-22T19:46:50.443+0000] {dagbag.py:537} INFO - Filling up the DagBag from /home/airflow/.local/lib/python3.7/site-packages/airflow/example_dags/example_short_circuit_decorator.py
[2022-11-22T19:46:50.492+0000] {processor.py:766} INFO - DAG(s) dict_keys(['example_short_circuit_decorator']) retrieved from /home/airflow/.local/lib/python3.7/site-packages/airflow/example_dags/example_short_circuit_decorator.py
[2022-11-22T19:46:50.655+0000] {logging_mixin.py:137} INFO - [2022-11-22T19:46:50.654+0000] {dag.py:2585} INFO - Sync 1 DAGs
[2022-11-22T19:46:50.754+0000] {logging_mixin.py:137} INFO - [2022-11-22T19:46:50.754+0000] {dag.py:3340} INFO - Setting next_dagrun for example_short_circuit_decorator to 2022-11-21T19:46:50.753906+00:00, run_after=2022-11-22T19:46:50.753906+00:00
[2022-11-22T19:46:50.790+0000] {processor.py:176} INFO - Processing /home/airflow/.local/lib/python3.7/site-packages/airflow/example_dags/example_short_circuit_decorator.py took 0.361 seconds
[2022-11-22T19:47:21.161+0000] {processor.py:154} INFO - Started process (PID=2570) to work on /home/airflow/.local/lib/python3.7/site-packages/airflow/example_dags/example_short_circuit_decorator.py
[2022-11-22T19:47:21.163+0000] {processor.py:756} INFO - Processing file /home/airflow/.local/lib/python3.7/site-packages/airflow/example_dags/example_short_circuit_decorator.py for tasks to queue
[2022-11-22T19:47:21.165+0000] {logging_mixin.py:137} INFO - [2022-11-22T19:47:21.165+0000] {dagbag.py:537} INFO - Filling up the DagBag from /home/airflow/.local/lib/python3.7/site-packages/airflow/example_dags/example_short_circuit_decorator.py
[2022-11-22T19:47:21.183+0000] {processor.py:766} INFO - DAG(s) dict_keys(['example_short_circuit_decorator']) retrieved from /home/airflow/.local/lib/python3.7/site-packages/airflow/example_dags/example_short_circuit_decorator.py
[2022-11-22T19:47:21.224+0000] {logging_mixin.py:137} INFO - [2022-11-22T19:47:21.224+0000] {dag.py:2585} INFO - Sync 1 DAGs
[2022-11-22T19:47:21.274+0000] {logging_mixin.py:137} INFO - [2022-11-22T19:47:21.274+0000] {dag.py:3340} INFO - Setting next_dagrun for example_short_circuit_decorator to 2022-11-21T19:47:21.274180+00:00, run_after=2022-11-22T19:47:21.274180+00:00
[2022-11-22T19:47:21.294+0000] {processor.py:176} INFO - Processing /home/airflow/.local/lib/python3.7/site-packages/airflow/example_dags/example_short_circuit_decorator.py took 0.136 seconds
[2022-11-22T19:47:51.732+0000] {processor.py:154} INFO - Started process (PID=2623) to work on /home/airflow/.local/lib/python3.7/site-packages/airflow/example_dags/example_short_circuit_decorator.py
[2022-11-22T19:47:51.733+0000] {processor.py:756} INFO - Processing file /home/airflow/.local/lib/python3.7/site-packages/airflow/example_dags/example_short_circuit_decorator.py for tasks to queue
[2022-11-22T19:47:51.735+0000] {logging_mixin.py:137} INFO - [2022-11-22T19:47:51.735+0000] {dagbag.py:537} INFO - Filling up the DagBag from /home/airflow/.local/lib/python3.7/site-packages/airflow/example_dags/example_short_circuit_decorator.py
[2022-11-22T19:47:51.759+0000] {processor.py:766} INFO - DAG(s) dict_keys(['example_short_circuit_decorator']) retrieved from /home/airflow/.local/lib/python3.7/site-packages/airflow/example_dags/example_short_circuit_decorator.py
[2022-11-22T19:47:51.792+0000] {logging_mixin.py:137} INFO - [2022-11-22T19:47:51.792+0000] {dag.py:2585} INFO - Sync 1 DAGs
[2022-11-22T19:47:51.813+0000] {logging_mixin.py:137} INFO - [2022-11-22T19:47:51.813+0000] {dag.py:3340} INFO - Setting next_dagrun for example_short_circuit_decorator to 2022-11-21T19:47:51.813294+00:00, run_after=2022-11-22T19:47:51.813294+00:00
[2022-11-22T19:47:51.831+0000] {processor.py:176} INFO - Processing /home/airflow/.local/lib/python3.7/site-packages/airflow/example_dags/example_short_circuit_decorator.py took 0.102 seconds
[2022-11-22T19:48:21.944+0000] {processor.py:154} INFO - Started process (PID=2685) to work on /home/airflow/.local/lib/python3.7/site-packages/airflow/example_dags/example_short_circuit_decorator.py
[2022-11-22T19:48:21.948+0000] {processor.py:756} INFO - Processing file /home/airflow/.local/lib/python3.7/site-packages/airflow/example_dags/example_short_circuit_decorator.py for tasks to queue
[2022-11-22T19:48:21.950+0000] {logging_mixin.py:137} INFO - [2022-11-22T19:48:21.949+0000] {dagbag.py:537} INFO - Filling up the DagBag from /home/airflow/.local/lib/python3.7/site-packages/airflow/example_dags/example_short_circuit_decorator.py
[2022-11-22T19:48:21.971+0000] {processor.py:766} INFO - DAG(s) dict_keys(['example_short_circuit_decorator']) retrieved from /home/airflow/.local/lib/python3.7/site-packages/airflow/example_dags/example_short_circuit_decorator.py
[2022-11-22T19:48:22.013+0000] {logging_mixin.py:137} INFO - [2022-11-22T19:48:22.013+0000] {dag.py:2585} INFO - Sync 1 DAGs
[2022-11-22T19:48:22.031+0000] {logging_mixin.py:137} INFO - [2022-11-22T19:48:22.031+0000] {dag.py:3340} INFO - Setting next_dagrun for example_short_circuit_decorator to 2022-11-21T19:48:22.031382+00:00, run_after=2022-11-22T19:48:22.031382+00:00
[2022-11-22T19:48:22.049+0000] {processor.py:176} INFO - Processing /home/airflow/.local/lib/python3.7/site-packages/airflow/example_dags/example_short_circuit_decorator.py took 0.108 seconds
[2022-11-22T19:48:52.735+0000] {processor.py:154} INFO - Started process (PID=2748) to work on /home/airflow/.local/lib/python3.7/site-packages/airflow/example_dags/example_short_circuit_decorator.py
[2022-11-22T19:48:52.737+0000] {processor.py:756} INFO - Processing file /home/airflow/.local/lib/python3.7/site-packages/airflow/example_dags/example_short_circuit_decorator.py for tasks to queue
[2022-11-22T19:48:52.738+0000] {logging_mixin.py:137} INFO - [2022-11-22T19:48:52.738+0000] {dagbag.py:537} INFO - Filling up the DagBag from /home/airflow/.local/lib/python3.7/site-packages/airflow/example_dags/example_short_circuit_decorator.py
[2022-11-22T19:48:52.755+0000] {processor.py:766} INFO - DAG(s) dict_keys(['example_short_circuit_decorator']) retrieved from /home/airflow/.local/lib/python3.7/site-packages/airflow/example_dags/example_short_circuit_decorator.py
[2022-11-22T19:48:52.791+0000] {logging_mixin.py:137} INFO - [2022-11-22T19:48:52.790+0000] {dag.py:2585} INFO - Sync 1 DAGs
[2022-11-22T19:48:52.812+0000] {logging_mixin.py:137} INFO - [2022-11-22T19:48:52.811+0000] {dag.py:3340} INFO - Setting next_dagrun for example_short_circuit_decorator to 2022-11-21T19:48:52.811798+00:00, run_after=2022-11-22T19:48:52.811798+00:00
[2022-11-22T19:48:52.829+0000] {processor.py:176} INFO - Processing /home/airflow/.local/lib/python3.7/site-packages/airflow/example_dags/example_short_circuit_decorator.py took 0.096 seconds
[2022-11-22T19:49:22.931+0000] {processor.py:154} INFO - Started process (PID=2811) to work on /home/airflow/.local/lib/python3.7/site-packages/airflow/example_dags/example_short_circuit_decorator.py
[2022-11-22T19:49:22.934+0000] {processor.py:756} INFO - Processing file /home/airflow/.local/lib/python3.7/site-packages/airflow/example_dags/example_short_circuit_decorator.py for tasks to queue
[2022-11-22T19:49:22.935+0000] {logging_mixin.py:137} INFO - [2022-11-22T19:49:22.935+0000] {dagbag.py:537} INFO - Filling up the DagBag from /home/airflow/.local/lib/python3.7/site-packages/airflow/example_dags/example_short_circuit_decorator.py
[2022-11-22T19:49:22.958+0000] {processor.py:766} INFO - DAG(s) dict_keys(['example_short_circuit_decorator']) retrieved from /home/airflow/.local/lib/python3.7/site-packages/airflow/example_dags/example_short_circuit_decorator.py
[2022-11-22T19:49:23.000+0000] {logging_mixin.py:137} INFO - [2022-11-22T19:49:23.000+0000] {dag.py:2585} INFO - Sync 1 DAGs
[2022-11-22T19:49:23.017+0000] {logging_mixin.py:137} INFO - [2022-11-22T19:49:23.016+0000] {dag.py:3340} INFO - Setting next_dagrun for example_short_circuit_decorator to 2022-11-21T19:49:23.016756+00:00, run_after=2022-11-22T19:49:23.016756+00:00
[2022-11-22T19:49:23.031+0000] {processor.py:176} INFO - Processing /home/airflow/.local/lib/python3.7/site-packages/airflow/example_dags/example_short_circuit_decorator.py took 0.103 seconds
[2022-11-22T19:49:53.738+0000] {processor.py:154} INFO - Started process (PID=2865) to work on /home/airflow/.local/lib/python3.7/site-packages/airflow/example_dags/example_short_circuit_decorator.py
[2022-11-22T19:49:53.739+0000] {processor.py:756} INFO - Processing file /home/airflow/.local/lib/python3.7/site-packages/airflow/example_dags/example_short_circuit_decorator.py for tasks to queue
[2022-11-22T19:49:53.740+0000] {logging_mixin.py:137} INFO - [2022-11-22T19:49:53.740+0000] {dagbag.py:537} INFO - Filling up the DagBag from /home/airflow/.local/lib/python3.7/site-packages/airflow/example_dags/example_short_circuit_decorator.py
[2022-11-22T19:49:53.757+0000] {processor.py:766} INFO - DAG(s) dict_keys(['example_short_circuit_decorator']) retrieved from /home/airflow/.local/lib/python3.7/site-packages/airflow/example_dags/example_short_circuit_decorator.py
[2022-11-22T19:49:53.784+0000] {logging_mixin.py:137} INFO - [2022-11-22T19:49:53.784+0000] {dag.py:2585} INFO - Sync 1 DAGs
[2022-11-22T19:49:53.802+0000] {logging_mixin.py:137} INFO - [2022-11-22T19:49:53.802+0000] {dag.py:3340} INFO - Setting next_dagrun for example_short_circuit_decorator to 2022-11-21T19:49:53.802128+00:00, run_after=2022-11-22T19:49:53.802128+00:00
[2022-11-22T19:49:53.815+0000] {processor.py:176} INFO - Processing /home/airflow/.local/lib/python3.7/site-packages/airflow/example_dags/example_short_circuit_decorator.py took 0.079 seconds
[2022-11-22T19:50:24.525+0000] {processor.py:154} INFO - Started process (PID=2929) to work on /home/airflow/.local/lib/python3.7/site-packages/airflow/example_dags/example_short_circuit_decorator.py
[2022-11-22T19:50:24.527+0000] {processor.py:756} INFO - Processing file /home/airflow/.local/lib/python3.7/site-packages/airflow/example_dags/example_short_circuit_decorator.py for tasks to queue
[2022-11-22T19:50:24.528+0000] {logging_mixin.py:137} INFO - [2022-11-22T19:50:24.528+0000] {dagbag.py:537} INFO - Filling up the DagBag from /home/airflow/.local/lib/python3.7/site-packages/airflow/example_dags/example_short_circuit_decorator.py
[2022-11-22T19:50:24.545+0000] {processor.py:766} INFO - DAG(s) dict_keys(['example_short_circuit_decorator']) retrieved from /home/airflow/.local/lib/python3.7/site-packages/airflow/example_dags/example_short_circuit_decorator.py
[2022-11-22T19:50:24.572+0000] {logging_mixin.py:137} INFO - [2022-11-22T19:50:24.572+0000] {dag.py:2585} INFO - Sync 1 DAGs
[2022-11-22T19:50:24.591+0000] {logging_mixin.py:137} INFO - [2022-11-22T19:50:24.591+0000] {dag.py:3340} INFO - Setting next_dagrun for example_short_circuit_decorator to 2022-11-21T19:50:24.591012+00:00, run_after=2022-11-22T19:50:24.591012+00:00
[2022-11-22T19:50:24.604+0000] {processor.py:176} INFO - Processing /home/airflow/.local/lib/python3.7/site-packages/airflow/example_dags/example_short_circuit_decorator.py took 0.082 seconds
[2022-11-22T19:50:55.054+0000] {processor.py:154} INFO - Started process (PID=2992) to work on /home/airflow/.local/lib/python3.7/site-packages/airflow/example_dags/example_short_circuit_decorator.py
[2022-11-22T19:50:55.056+0000] {processor.py:756} INFO - Processing file /home/airflow/.local/lib/python3.7/site-packages/airflow/example_dags/example_short_circuit_decorator.py for tasks to queue
[2022-11-22T19:50:55.057+0000] {logging_mixin.py:137} INFO - [2022-11-22T19:50:55.057+0000] {dagbag.py:537} INFO - Filling up the DagBag from /home/airflow/.local/lib/python3.7/site-packages/airflow/example_dags/example_short_circuit_decorator.py
[2022-11-22T19:50:55.076+0000] {processor.py:766} INFO - DAG(s) dict_keys(['example_short_circuit_decorator']) retrieved from /home/airflow/.local/lib/python3.7/site-packages/airflow/example_dags/example_short_circuit_decorator.py
[2022-11-22T19:50:55.105+0000] {logging_mixin.py:137} INFO - [2022-11-22T19:50:55.105+0000] {dag.py:2585} INFO - Sync 1 DAGs
[2022-11-22T19:50:55.122+0000] {logging_mixin.py:137} INFO - [2022-11-22T19:50:55.122+0000] {dag.py:3340} INFO - Setting next_dagrun for example_short_circuit_decorator to 2022-11-21T19:50:55.122345+00:00, run_after=2022-11-22T19:50:55.122345+00:00
[2022-11-22T19:50:55.136+0000] {processor.py:176} INFO - Processing /home/airflow/.local/lib/python3.7/site-packages/airflow/example_dags/example_short_circuit_decorator.py took 0.085 seconds
[2022-11-22T19:51:25.942+0000] {processor.py:154} INFO - Started process (PID=3055) to work on /home/airflow/.local/lib/python3.7/site-packages/airflow/example_dags/example_short_circuit_decorator.py
[2022-11-22T19:51:25.944+0000] {processor.py:756} INFO - Processing file /home/airflow/.local/lib/python3.7/site-packages/airflow/example_dags/example_short_circuit_decorator.py for tasks to queue
[2022-11-22T19:51:25.945+0000] {logging_mixin.py:137} INFO - [2022-11-22T19:51:25.945+0000] {dagbag.py:537} INFO - Filling up the DagBag from /home/airflow/.local/lib/python3.7/site-packages/airflow/example_dags/example_short_circuit_decorator.py
[2022-11-22T19:51:25.961+0000] {processor.py:766} INFO - DAG(s) dict_keys(['example_short_circuit_decorator']) retrieved from /home/airflow/.local/lib/python3.7/site-packages/airflow/example_dags/example_short_circuit_decorator.py
[2022-11-22T19:51:25.991+0000] {logging_mixin.py:137} INFO - [2022-11-22T19:51:25.991+0000] {dag.py:2585} INFO - Sync 1 DAGs
[2022-11-22T19:51:26.013+0000] {logging_mixin.py:137} INFO - [2022-11-22T19:51:26.013+0000] {dag.py:3340} INFO - Setting next_dagrun for example_short_circuit_decorator to 2022-11-21T19:51:26.013106+00:00, run_after=2022-11-22T19:51:26.013106+00:00
[2022-11-22T19:51:26.025+0000] {processor.py:176} INFO - Processing /home/airflow/.local/lib/python3.7/site-packages/airflow/example_dags/example_short_circuit_decorator.py took 0.086 seconds
[2022-11-22T19:51:56.873+0000] {processor.py:154} INFO - Started process (PID=3118) to work on /home/airflow/.local/lib/python3.7/site-packages/airflow/example_dags/example_short_circuit_decorator.py
[2022-11-22T19:51:56.879+0000] {processor.py:756} INFO - Processing file /home/airflow/.local/lib/python3.7/site-packages/airflow/example_dags/example_short_circuit_decorator.py for tasks to queue
[2022-11-22T19:51:56.888+0000] {logging_mixin.py:137} INFO - [2022-11-22T19:51:56.887+0000] {dagbag.py:537} INFO - Filling up the DagBag from /home/airflow/.local/lib/python3.7/site-packages/airflow/example_dags/example_short_circuit_decorator.py
[2022-11-22T19:51:56.908+0000] {processor.py:766} INFO - DAG(s) dict_keys(['example_short_circuit_decorator']) retrieved from /home/airflow/.local/lib/python3.7/site-packages/airflow/example_dags/example_short_circuit_decorator.py
[2022-11-22T19:51:56.947+0000] {logging_mixin.py:137} INFO - [2022-11-22T19:51:56.947+0000] {dag.py:2585} INFO - Sync 1 DAGs
[2022-11-22T19:51:56.972+0000] {logging_mixin.py:137} INFO - [2022-11-22T19:51:56.972+0000] {dag.py:3340} INFO - Setting next_dagrun for example_short_circuit_decorator to 2022-11-21T19:51:56.971903+00:00, run_after=2022-11-22T19:51:56.971903+00:00
[2022-11-22T19:51:56.989+0000] {processor.py:176} INFO - Processing /home/airflow/.local/lib/python3.7/site-packages/airflow/example_dags/example_short_circuit_decorator.py took 0.121 seconds
[2022-11-22T19:52:28.008+0000] {processor.py:154} INFO - Started process (PID=3171) to work on /home/airflow/.local/lib/python3.7/site-packages/airflow/example_dags/example_short_circuit_decorator.py
[2022-11-22T19:52:28.010+0000] {processor.py:756} INFO - Processing file /home/airflow/.local/lib/python3.7/site-packages/airflow/example_dags/example_short_circuit_decorator.py for tasks to queue
[2022-11-22T19:52:28.012+0000] {logging_mixin.py:137} INFO - [2022-11-22T19:52:28.011+0000] {dagbag.py:537} INFO - Filling up the DagBag from /home/airflow/.local/lib/python3.7/site-packages/airflow/example_dags/example_short_circuit_decorator.py
[2022-11-22T19:52:28.030+0000] {processor.py:766} INFO - DAG(s) dict_keys(['example_short_circuit_decorator']) retrieved from /home/airflow/.local/lib/python3.7/site-packages/airflow/example_dags/example_short_circuit_decorator.py
[2022-11-22T19:52:28.063+0000] {logging_mixin.py:137} INFO - [2022-11-22T19:52:28.063+0000] {dag.py:2585} INFO - Sync 1 DAGs
[2022-11-22T19:52:28.087+0000] {logging_mixin.py:137} INFO - [2022-11-22T19:52:28.086+0000] {dag.py:3340} INFO - Setting next_dagrun for example_short_circuit_decorator to 2022-11-21T19:52:28.086740+00:00, run_after=2022-11-22T19:52:28.086740+00:00
[2022-11-22T19:52:28.103+0000] {processor.py:176} INFO - Processing /home/airflow/.local/lib/python3.7/site-packages/airflow/example_dags/example_short_circuit_decorator.py took 0.097 seconds
[2022-11-22T19:52:59.142+0000] {processor.py:154} INFO - Started process (PID=3233) to work on /home/airflow/.local/lib/python3.7/site-packages/airflow/example_dags/example_short_circuit_decorator.py
[2022-11-22T19:52:59.144+0000] {processor.py:756} INFO - Processing file /home/airflow/.local/lib/python3.7/site-packages/airflow/example_dags/example_short_circuit_decorator.py for tasks to queue
[2022-11-22T19:52:59.145+0000] {logging_mixin.py:137} INFO - [2022-11-22T19:52:59.145+0000] {dagbag.py:537} INFO - Filling up the DagBag from /home/airflow/.local/lib/python3.7/site-packages/airflow/example_dags/example_short_circuit_decorator.py
[2022-11-22T19:52:59.164+0000] {processor.py:766} INFO - DAG(s) dict_keys(['example_short_circuit_decorator']) retrieved from /home/airflow/.local/lib/python3.7/site-packages/airflow/example_dags/example_short_circuit_decorator.py
[2022-11-22T19:52:59.194+0000] {logging_mixin.py:137} INFO - [2022-11-22T19:52:59.194+0000] {dag.py:2585} INFO - Sync 1 DAGs
[2022-11-22T19:52:59.211+0000] {logging_mixin.py:137} INFO - [2022-11-22T19:52:59.211+0000] {dag.py:3340} INFO - Setting next_dagrun for example_short_circuit_decorator to 2022-11-21T19:52:59.211143+00:00, run_after=2022-11-22T19:52:59.211143+00:00
[2022-11-22T19:52:59.229+0000] {processor.py:176} INFO - Processing /home/airflow/.local/lib/python3.7/site-packages/airflow/example_dags/example_short_circuit_decorator.py took 0.090 seconds
[2022-11-22T19:53:30.177+0000] {processor.py:154} INFO - Started process (PID=3296) to work on /home/airflow/.local/lib/python3.7/site-packages/airflow/example_dags/example_short_circuit_decorator.py
[2022-11-22T19:53:30.179+0000] {processor.py:756} INFO - Processing file /home/airflow/.local/lib/python3.7/site-packages/airflow/example_dags/example_short_circuit_decorator.py for tasks to queue
[2022-11-22T19:53:30.180+0000] {logging_mixin.py:137} INFO - [2022-11-22T19:53:30.180+0000] {dagbag.py:537} INFO - Filling up the DagBag from /home/airflow/.local/lib/python3.7/site-packages/airflow/example_dags/example_short_circuit_decorator.py
[2022-11-22T19:53:30.204+0000] {processor.py:766} INFO - DAG(s) dict_keys(['example_short_circuit_decorator']) retrieved from /home/airflow/.local/lib/python3.7/site-packages/airflow/example_dags/example_short_circuit_decorator.py
[2022-11-22T19:53:30.235+0000] {logging_mixin.py:137} INFO - [2022-11-22T19:53:30.235+0000] {dag.py:2585} INFO - Sync 1 DAGs
[2022-11-22T19:53:30.254+0000] {logging_mixin.py:137} INFO - [2022-11-22T19:53:30.253+0000] {dag.py:3340} INFO - Setting next_dagrun for example_short_circuit_decorator to 2022-11-21T19:53:30.253804+00:00, run_after=2022-11-22T19:53:30.253804+00:00
[2022-11-22T19:53:30.266+0000] {processor.py:176} INFO - Processing /home/airflow/.local/lib/python3.7/site-packages/airflow/example_dags/example_short_circuit_decorator.py took 0.091 seconds
[2022-11-22T19:54:00.931+0000] {processor.py:154} INFO - Started process (PID=3359) to work on /home/airflow/.local/lib/python3.7/site-packages/airflow/example_dags/example_short_circuit_decorator.py
[2022-11-22T19:54:00.932+0000] {processor.py:756} INFO - Processing file /home/airflow/.local/lib/python3.7/site-packages/airflow/example_dags/example_short_circuit_decorator.py for tasks to queue
[2022-11-22T19:54:00.933+0000] {logging_mixin.py:137} INFO - [2022-11-22T19:54:00.933+0000] {dagbag.py:537} INFO - Filling up the DagBag from /home/airflow/.local/lib/python3.7/site-packages/airflow/example_dags/example_short_circuit_decorator.py
[2022-11-22T19:54:00.948+0000] {processor.py:766} INFO - DAG(s) dict_keys(['example_short_circuit_decorator']) retrieved from /home/airflow/.local/lib/python3.7/site-packages/airflow/example_dags/example_short_circuit_decorator.py
[2022-11-22T19:54:00.975+0000] {logging_mixin.py:137} INFO - [2022-11-22T19:54:00.975+0000] {dag.py:2585} INFO - Sync 1 DAGs
[2022-11-22T19:54:00.992+0000] {logging_mixin.py:137} INFO - [2022-11-22T19:54:00.992+0000] {dag.py:3340} INFO - Setting next_dagrun for example_short_circuit_decorator to 2022-11-21T19:54:00.992209+00:00, run_after=2022-11-22T19:54:00.992209+00:00
[2022-11-22T19:54:01.007+0000] {processor.py:176} INFO - Processing /home/airflow/.local/lib/python3.7/site-packages/airflow/example_dags/example_short_circuit_decorator.py took 0.078 seconds
[2022-11-22T19:54:32.008+0000] {processor.py:154} INFO - Started process (PID=3421) to work on /home/airflow/.local/lib/python3.7/site-packages/airflow/example_dags/example_short_circuit_decorator.py
[2022-11-22T19:54:32.014+0000] {processor.py:756} INFO - Processing file /home/airflow/.local/lib/python3.7/site-packages/airflow/example_dags/example_short_circuit_decorator.py for tasks to queue
[2022-11-22T19:54:32.018+0000] {logging_mixin.py:137} INFO - [2022-11-22T19:54:32.016+0000] {dagbag.py:537} INFO - Filling up the DagBag from /home/airflow/.local/lib/python3.7/site-packages/airflow/example_dags/example_short_circuit_decorator.py
[2022-11-22T19:54:32.045+0000] {processor.py:766} INFO - DAG(s) dict_keys(['example_short_circuit_decorator']) retrieved from /home/airflow/.local/lib/python3.7/site-packages/airflow/example_dags/example_short_circuit_decorator.py
[2022-11-22T19:54:32.097+0000] {logging_mixin.py:137} INFO - [2022-11-22T19:54:32.097+0000] {dag.py:2585} INFO - Sync 1 DAGs
[2022-11-22T19:54:32.145+0000] {logging_mixin.py:137} INFO - [2022-11-22T19:54:32.145+0000] {dag.py:3340} INFO - Setting next_dagrun for example_short_circuit_decorator to 2022-11-21T19:54:32.144865+00:00, run_after=2022-11-22T19:54:32.144865+00:00
[2022-11-22T19:54:32.191+0000] {processor.py:176} INFO - Processing /home/airflow/.local/lib/python3.7/site-packages/airflow/example_dags/example_short_circuit_decorator.py took 0.187 seconds
[2022-11-22T19:55:02.452+0000] {processor.py:154} INFO - Started process (PID=3475) to work on /home/airflow/.local/lib/python3.7/site-packages/airflow/example_dags/example_short_circuit_decorator.py
[2022-11-22T19:55:02.453+0000] {processor.py:756} INFO - Processing file /home/airflow/.local/lib/python3.7/site-packages/airflow/example_dags/example_short_circuit_decorator.py for tasks to queue
[2022-11-22T19:55:02.454+0000] {logging_mixin.py:137} INFO - [2022-11-22T19:55:02.454+0000] {dagbag.py:537} INFO - Filling up the DagBag from /home/airflow/.local/lib/python3.7/site-packages/airflow/example_dags/example_short_circuit_decorator.py
[2022-11-22T19:55:02.471+0000] {processor.py:766} INFO - DAG(s) dict_keys(['example_short_circuit_decorator']) retrieved from /home/airflow/.local/lib/python3.7/site-packages/airflow/example_dags/example_short_circuit_decorator.py
[2022-11-22T19:55:02.497+0000] {logging_mixin.py:137} INFO - [2022-11-22T19:55:02.497+0000] {dag.py:2585} INFO - Sync 1 DAGs
[2022-11-22T19:55:02.513+0000] {logging_mixin.py:137} INFO - [2022-11-22T19:55:02.513+0000] {dag.py:3340} INFO - Setting next_dagrun for example_short_circuit_decorator to 2022-11-21T19:55:02.513694+00:00, run_after=2022-11-22T19:55:02.513694+00:00
[2022-11-22T19:55:02.528+0000] {processor.py:176} INFO - Processing /home/airflow/.local/lib/python3.7/site-packages/airflow/example_dags/example_short_circuit_decorator.py took 0.078 seconds
[2022-11-22T19:55:32.593+0000] {processor.py:154} INFO - Started process (PID=3538) to work on /home/airflow/.local/lib/python3.7/site-packages/airflow/example_dags/example_short_circuit_decorator.py
[2022-11-22T19:55:32.595+0000] {processor.py:756} INFO - Processing file /home/airflow/.local/lib/python3.7/site-packages/airflow/example_dags/example_short_circuit_decorator.py for tasks to queue
[2022-11-22T19:55:32.597+0000] {logging_mixin.py:137} INFO - [2022-11-22T19:55:32.596+0000] {dagbag.py:537} INFO - Filling up the DagBag from /home/airflow/.local/lib/python3.7/site-packages/airflow/example_dags/example_short_circuit_decorator.py
[2022-11-22T19:55:32.619+0000] {processor.py:766} INFO - DAG(s) dict_keys(['example_short_circuit_decorator']) retrieved from /home/airflow/.local/lib/python3.7/site-packages/airflow/example_dags/example_short_circuit_decorator.py
[2022-11-22T19:55:32.683+0000] {logging_mixin.py:137} INFO - [2022-11-22T19:55:32.683+0000] {dag.py:2585} INFO - Sync 1 DAGs
[2022-11-22T19:55:32.701+0000] {logging_mixin.py:137} INFO - [2022-11-22T19:55:32.701+0000] {dag.py:3340} INFO - Setting next_dagrun for example_short_circuit_decorator to 2022-11-21T19:55:32.701330+00:00, run_after=2022-11-22T19:55:32.701330+00:00
[2022-11-22T19:55:32.715+0000] {processor.py:176} INFO - Processing /home/airflow/.local/lib/python3.7/site-packages/airflow/example_dags/example_short_circuit_decorator.py took 0.125 seconds
[2022-11-22T19:56:02.994+0000] {processor.py:154} INFO - Started process (PID=3601) to work on /home/airflow/.local/lib/python3.7/site-packages/airflow/example_dags/example_short_circuit_decorator.py
[2022-11-22T19:56:02.995+0000] {processor.py:756} INFO - Processing file /home/airflow/.local/lib/python3.7/site-packages/airflow/example_dags/example_short_circuit_decorator.py for tasks to queue
[2022-11-22T19:56:02.997+0000] {logging_mixin.py:137} INFO - [2022-11-22T19:56:02.997+0000] {dagbag.py:537} INFO - Filling up the DagBag from /home/airflow/.local/lib/python3.7/site-packages/airflow/example_dags/example_short_circuit_decorator.py
[2022-11-22T19:56:03.021+0000] {processor.py:766} INFO - DAG(s) dict_keys(['example_short_circuit_decorator']) retrieved from /home/airflow/.local/lib/python3.7/site-packages/airflow/example_dags/example_short_circuit_decorator.py
[2022-11-22T19:56:03.050+0000] {logging_mixin.py:137} INFO - [2022-11-22T19:56:03.050+0000] {dag.py:2585} INFO - Sync 1 DAGs
[2022-11-22T19:56:03.066+0000] {logging_mixin.py:137} INFO - [2022-11-22T19:56:03.066+0000] {dag.py:3340} INFO - Setting next_dagrun for example_short_circuit_decorator to 2022-11-21T19:56:03.066167+00:00, run_after=2022-11-22T19:56:03.066167+00:00
[2022-11-22T19:56:03.077+0000] {processor.py:176} INFO - Processing /home/airflow/.local/lib/python3.7/site-packages/airflow/example_dags/example_short_circuit_decorator.py took 0.087 seconds
[2022-11-22T19:56:33.563+0000] {processor.py:154} INFO - Started process (PID=3655) to work on /home/airflow/.local/lib/python3.7/site-packages/airflow/example_dags/example_short_circuit_decorator.py
[2022-11-22T19:56:33.565+0000] {processor.py:756} INFO - Processing file /home/airflow/.local/lib/python3.7/site-packages/airflow/example_dags/example_short_circuit_decorator.py for tasks to queue
[2022-11-22T19:56:33.567+0000] {logging_mixin.py:137} INFO - [2022-11-22T19:56:33.567+0000] {dagbag.py:537} INFO - Filling up the DagBag from /home/airflow/.local/lib/python3.7/site-packages/airflow/example_dags/example_short_circuit_decorator.py
[2022-11-22T19:56:33.583+0000] {processor.py:766} INFO - DAG(s) dict_keys(['example_short_circuit_decorator']) retrieved from /home/airflow/.local/lib/python3.7/site-packages/airflow/example_dags/example_short_circuit_decorator.py
[2022-11-22T19:56:33.609+0000] {logging_mixin.py:137} INFO - [2022-11-22T19:56:33.609+0000] {dag.py:2585} INFO - Sync 1 DAGs
[2022-11-22T19:56:33.623+0000] {logging_mixin.py:137} INFO - [2022-11-22T19:56:33.623+0000] {dag.py:3340} INFO - Setting next_dagrun for example_short_circuit_decorator to 2022-11-21T19:56:33.623677+00:00, run_after=2022-11-22T19:56:33.623677+00:00
[2022-11-22T19:56:33.635+0000] {processor.py:176} INFO - Processing /home/airflow/.local/lib/python3.7/site-packages/airflow/example_dags/example_short_circuit_decorator.py took 0.075 seconds
[2022-11-22T19:57:05.242+0000] {processor.py:154} INFO - Started process (PID=3718) to work on /home/airflow/.local/lib/python3.7/site-packages/airflow/example_dags/example_short_circuit_decorator.py
[2022-11-22T19:57:05.245+0000] {processor.py:756} INFO - Processing file /home/airflow/.local/lib/python3.7/site-packages/airflow/example_dags/example_short_circuit_decorator.py for tasks to queue
[2022-11-22T19:57:05.247+0000] {logging_mixin.py:137} INFO - [2022-11-22T19:57:05.247+0000] {dagbag.py:537} INFO - Filling up the DagBag from /home/airflow/.local/lib/python3.7/site-packages/airflow/example_dags/example_short_circuit_decorator.py
[2022-11-22T19:57:05.277+0000] {processor.py:766} INFO - DAG(s) dict_keys(['example_short_circuit_decorator']) retrieved from /home/airflow/.local/lib/python3.7/site-packages/airflow/example_dags/example_short_circuit_decorator.py
[2022-11-22T19:57:05.317+0000] {logging_mixin.py:137} INFO - [2022-11-22T19:57:05.316+0000] {dag.py:2585} INFO - Sync 1 DAGs
[2022-11-22T19:57:05.337+0000] {logging_mixin.py:137} INFO - [2022-11-22T19:57:05.337+0000] {dag.py:3340} INFO - Setting next_dagrun for example_short_circuit_decorator to 2022-11-21T19:57:05.336839+00:00, run_after=2022-11-22T19:57:05.336839+00:00
[2022-11-22T19:57:05.356+0000] {processor.py:176} INFO - Processing /home/airflow/.local/lib/python3.7/site-packages/airflow/example_dags/example_short_circuit_decorator.py took 0.117 seconds
[2022-11-22T20:30:52.275+0000] {processor.py:154} INFO - Started process (PID=3782) to work on /home/airflow/.local/lib/python3.7/site-packages/airflow/example_dags/example_short_circuit_decorator.py
[2022-11-22T20:30:52.280+0000] {processor.py:756} INFO - Processing file /home/airflow/.local/lib/python3.7/site-packages/airflow/example_dags/example_short_circuit_decorator.py for tasks to queue
[2022-11-22T20:30:52.288+0000] {logging_mixin.py:137} INFO - [2022-11-22T20:30:52.287+0000] {dagbag.py:537} INFO - Filling up the DagBag from /home/airflow/.local/lib/python3.7/site-packages/airflow/example_dags/example_short_circuit_decorator.py
[2022-11-22T20:30:52.320+0000] {processor.py:766} INFO - DAG(s) dict_keys(['example_short_circuit_decorator']) retrieved from /home/airflow/.local/lib/python3.7/site-packages/airflow/example_dags/example_short_circuit_decorator.py
[2022-11-22T20:30:52.396+0000] {logging_mixin.py:137} INFO - [2022-11-22T20:30:52.395+0000] {dag.py:2585} INFO - Sync 1 DAGs
[2022-11-22T20:30:52.422+0000] {logging_mixin.py:137} INFO - [2022-11-22T20:30:52.422+0000] {dag.py:3340} INFO - Setting next_dagrun for example_short_circuit_decorator to 2022-11-21T20:30:52.421968+00:00, run_after=2022-11-22T20:30:52.421968+00:00
[2022-11-22T20:30:52.448+0000] {processor.py:176} INFO - Processing /home/airflow/.local/lib/python3.7/site-packages/airflow/example_dags/example_short_circuit_decorator.py took 0.178 seconds
[2022-11-22T21:34:48.567+0000] {processor.py:154} INFO - Started process (PID=3836) to work on /home/airflow/.local/lib/python3.7/site-packages/airflow/example_dags/example_short_circuit_decorator.py
[2022-11-22T21:34:48.570+0000] {processor.py:756} INFO - Processing file /home/airflow/.local/lib/python3.7/site-packages/airflow/example_dags/example_short_circuit_decorator.py for tasks to queue
[2022-11-22T21:34:48.571+0000] {logging_mixin.py:137} INFO - [2022-11-22T21:34:48.571+0000] {dagbag.py:537} INFO - Filling up the DagBag from /home/airflow/.local/lib/python3.7/site-packages/airflow/example_dags/example_short_circuit_decorator.py
[2022-11-22T21:34:48.588+0000] {processor.py:766} INFO - DAG(s) dict_keys(['example_short_circuit_decorator']) retrieved from /home/airflow/.local/lib/python3.7/site-packages/airflow/example_dags/example_short_circuit_decorator.py
[2022-11-22T21:34:48.616+0000] {logging_mixin.py:137} INFO - [2022-11-22T21:34:48.616+0000] {dag.py:2585} INFO - Sync 1 DAGs
[2022-11-22T21:34:48.634+0000] {logging_mixin.py:137} INFO - [2022-11-22T21:34:48.634+0000] {dag.py:3340} INFO - Setting next_dagrun for example_short_circuit_decorator to 2022-11-21T21:34:48.634426+00:00, run_after=2022-11-22T21:34:48.634426+00:00
[2022-11-22T21:34:48.647+0000] {processor.py:176} INFO - Processing /home/airflow/.local/lib/python3.7/site-packages/airflow/example_dags/example_short_circuit_decorator.py took 0.083 seconds
[2022-11-22T22:39:29.314+0000] {processor.py:154} INFO - Started process (PID=3900) to work on /home/airflow/.local/lib/python3.7/site-packages/airflow/example_dags/example_short_circuit_decorator.py
[2022-11-22T22:39:29.320+0000] {processor.py:756} INFO - Processing file /home/airflow/.local/lib/python3.7/site-packages/airflow/example_dags/example_short_circuit_decorator.py for tasks to queue
[2022-11-22T22:39:29.323+0000] {logging_mixin.py:137} INFO - [2022-11-22T22:39:29.322+0000] {dagbag.py:537} INFO - Filling up the DagBag from /home/airflow/.local/lib/python3.7/site-packages/airflow/example_dags/example_short_circuit_decorator.py
[2022-11-22T22:39:29.701+0000] {processor.py:766} INFO - DAG(s) dict_keys(['example_short_circuit_decorator']) retrieved from /home/airflow/.local/lib/python3.7/site-packages/airflow/example_dags/example_short_circuit_decorator.py
[2022-11-22T22:39:30.017+0000] {logging_mixin.py:137} INFO - [2022-11-22T22:39:30.017+0000] {dag.py:2585} INFO - Sync 1 DAGs
[2022-11-22T22:39:30.056+0000] {logging_mixin.py:137} INFO - [2022-11-22T22:39:30.056+0000] {dag.py:3340} INFO - Setting next_dagrun for example_short_circuit_decorator to 2022-11-21T22:39:30.053376+00:00, run_after=2022-11-22T22:39:30.053376+00:00
[2022-11-22T22:39:30.089+0000] {processor.py:176} INFO - Processing /home/airflow/.local/lib/python3.7/site-packages/airflow/example_dags/example_short_circuit_decorator.py took 0.796 seconds
[2022-11-22T23:47:25.762+0000] {processor.py:154} INFO - Started process (PID=3954) to work on /home/airflow/.local/lib/python3.7/site-packages/airflow/example_dags/example_short_circuit_decorator.py
[2022-11-22T23:47:25.765+0000] {processor.py:756} INFO - Processing file /home/airflow/.local/lib/python3.7/site-packages/airflow/example_dags/example_short_circuit_decorator.py for tasks to queue
[2022-11-22T23:47:25.767+0000] {logging_mixin.py:137} INFO - [2022-11-22T23:47:25.767+0000] {dagbag.py:537} INFO - Filling up the DagBag from /home/airflow/.local/lib/python3.7/site-packages/airflow/example_dags/example_short_circuit_decorator.py
[2022-11-22T23:47:25.792+0000] {processor.py:766} INFO - DAG(s) dict_keys(['example_short_circuit_decorator']) retrieved from /home/airflow/.local/lib/python3.7/site-packages/airflow/example_dags/example_short_circuit_decorator.py
[2022-11-22T23:47:25.849+0000] {logging_mixin.py:137} INFO - [2022-11-22T23:47:25.849+0000] {dag.py:2585} INFO - Sync 1 DAGs
[2022-11-22T23:47:25.872+0000] {logging_mixin.py:137} INFO - [2022-11-22T23:47:25.872+0000] {dag.py:3340} INFO - Setting next_dagrun for example_short_circuit_decorator to 2022-11-21T23:47:25.872229+00:00, run_after=2022-11-22T23:47:25.872229+00:00
[2022-11-22T23:47:25.892+0000] {processor.py:176} INFO - Processing /home/airflow/.local/lib/python3.7/site-packages/airflow/example_dags/example_short_circuit_decorator.py took 0.136 seconds
