[2022-11-22T19:26:26.330+0000] {processor.py:154} INFO - Started process (PID=70) to work on /home/airflow/.local/lib/python3.7/site-packages/airflow/example_dags/example_kubernetes_executor.py
[2022-11-22T19:26:26.332+0000] {processor.py:756} INFO - Processing file /home/airflow/.local/lib/python3.7/site-packages/airflow/example_dags/example_kubernetes_executor.py for tasks to queue
[2022-11-22T19:26:26.333+0000] {logging_mixin.py:137} INFO - [2022-11-22T19:26:26.333+0000] {dagbag.py:537} INFO - Filling up the DagBag from /home/airflow/.local/lib/python3.7/site-packages/airflow/example_dags/example_kubernetes_executor.py
[2022-11-22T19:26:26.357+0000] {processor.py:766} INFO - DAG(s) dict_keys(['example_kubernetes_executor']) retrieved from /home/airflow/.local/lib/python3.7/site-packages/airflow/example_dags/example_kubernetes_executor.py
[2022-11-22T19:26:26.463+0000] {logging_mixin.py:137} INFO - [2022-11-22T19:26:26.463+0000] {manager.py:507} INFO - Created Permission View: can delete on DAG:example_kubernetes_executor
[2022-11-22T19:26:26.496+0000] {logging_mixin.py:137} INFO - [2022-11-22T19:26:26.496+0000] {manager.py:507} INFO - Created Permission View: can read on DAG:example_kubernetes_executor
[2022-11-22T19:26:26.510+0000] {logging_mixin.py:137} INFO - [2022-11-22T19:26:26.510+0000] {manager.py:507} INFO - Created Permission View: can edit on DAG:example_kubernetes_executor
[2022-11-22T19:26:26.513+0000] {logging_mixin.py:137} INFO - [2022-11-22T19:26:26.512+0000] {dag.py:2585} INFO - Sync 1 DAGs
[2022-11-22T19:26:26.535+0000] {logging_mixin.py:137} INFO - [2022-11-22T19:26:26.535+0000] {dag.py:2606} INFO - Creating ORM DAG for example_kubernetes_executor
[2022-11-22T19:26:26.555+0000] {logging_mixin.py:137} INFO - [2022-11-22T19:26:26.555+0000] {dag.py:3340} INFO - Setting next_dagrun for example_kubernetes_executor to None, run_after=None
[2022-11-22T19:26:26.588+0000] {processor.py:176} INFO - Processing /home/airflow/.local/lib/python3.7/site-packages/airflow/example_dags/example_kubernetes_executor.py took 0.260 seconds
[2022-11-22T19:26:56.749+0000] {processor.py:154} INFO - Started process (PID=133) to work on /home/airflow/.local/lib/python3.7/site-packages/airflow/example_dags/example_kubernetes_executor.py
[2022-11-22T19:26:56.751+0000] {processor.py:756} INFO - Processing file /home/airflow/.local/lib/python3.7/site-packages/airflow/example_dags/example_kubernetes_executor.py for tasks to queue
[2022-11-22T19:26:56.753+0000] {logging_mixin.py:137} INFO - [2022-11-22T19:26:56.753+0000] {dagbag.py:537} INFO - Filling up the DagBag from /home/airflow/.local/lib/python3.7/site-packages/airflow/example_dags/example_kubernetes_executor.py
[2022-11-22T19:26:56.778+0000] {processor.py:766} INFO - DAG(s) dict_keys(['example_kubernetes_executor']) retrieved from /home/airflow/.local/lib/python3.7/site-packages/airflow/example_dags/example_kubernetes_executor.py
[2022-11-22T19:26:56.824+0000] {logging_mixin.py:137} INFO - [2022-11-22T19:26:56.823+0000] {dag.py:2585} INFO - Sync 1 DAGs
[2022-11-22T19:26:56.843+0000] {logging_mixin.py:137} INFO - [2022-11-22T19:26:56.843+0000] {dag.py:3340} INFO - Setting next_dagrun for example_kubernetes_executor to None, run_after=None
[2022-11-22T19:26:56.858+0000] {processor.py:176} INFO - Processing /home/airflow/.local/lib/python3.7/site-packages/airflow/example_dags/example_kubernetes_executor.py took 0.113 seconds
[2022-11-22T19:27:27.004+0000] {processor.py:154} INFO - Started process (PID=198) to work on /home/airflow/.local/lib/python3.7/site-packages/airflow/example_dags/example_kubernetes_executor.py
[2022-11-22T19:27:27.006+0000] {processor.py:756} INFO - Processing file /home/airflow/.local/lib/python3.7/site-packages/airflow/example_dags/example_kubernetes_executor.py for tasks to queue
[2022-11-22T19:27:27.007+0000] {logging_mixin.py:137} INFO - [2022-11-22T19:27:27.007+0000] {dagbag.py:537} INFO - Filling up the DagBag from /home/airflow/.local/lib/python3.7/site-packages/airflow/example_dags/example_kubernetes_executor.py
[2022-11-22T19:27:27.028+0000] {processor.py:766} INFO - DAG(s) dict_keys(['example_kubernetes_executor']) retrieved from /home/airflow/.local/lib/python3.7/site-packages/airflow/example_dags/example_kubernetes_executor.py
[2022-11-22T19:27:27.069+0000] {logging_mixin.py:137} INFO - [2022-11-22T19:27:27.068+0000] {dag.py:2585} INFO - Sync 1 DAGs
[2022-11-22T19:27:27.086+0000] {logging_mixin.py:137} INFO - [2022-11-22T19:27:27.086+0000] {dag.py:3340} INFO - Setting next_dagrun for example_kubernetes_executor to None, run_after=None
[2022-11-22T19:27:27.105+0000] {processor.py:176} INFO - Processing /home/airflow/.local/lib/python3.7/site-packages/airflow/example_dags/example_kubernetes_executor.py took 0.103 seconds
[2022-11-22T19:27:57.321+0000] {processor.py:154} INFO - Started process (PID=252) to work on /home/airflow/.local/lib/python3.7/site-packages/airflow/example_dags/example_kubernetes_executor.py
[2022-11-22T19:27:57.323+0000] {processor.py:756} INFO - Processing file /home/airflow/.local/lib/python3.7/site-packages/airflow/example_dags/example_kubernetes_executor.py for tasks to queue
[2022-11-22T19:27:57.324+0000] {logging_mixin.py:137} INFO - [2022-11-22T19:27:57.324+0000] {dagbag.py:537} INFO - Filling up the DagBag from /home/airflow/.local/lib/python3.7/site-packages/airflow/example_dags/example_kubernetes_executor.py
[2022-11-22T19:27:57.344+0000] {processor.py:766} INFO - DAG(s) dict_keys(['example_kubernetes_executor']) retrieved from /home/airflow/.local/lib/python3.7/site-packages/airflow/example_dags/example_kubernetes_executor.py
[2022-11-22T19:27:57.373+0000] {logging_mixin.py:137} INFO - [2022-11-22T19:27:57.373+0000] {dag.py:2585} INFO - Sync 1 DAGs
[2022-11-22T19:27:57.389+0000] {logging_mixin.py:137} INFO - [2022-11-22T19:27:57.389+0000] {dag.py:3340} INFO - Setting next_dagrun for example_kubernetes_executor to None, run_after=None
[2022-11-22T19:27:57.401+0000] {processor.py:176} INFO - Processing /home/airflow/.local/lib/python3.7/site-packages/airflow/example_dags/example_kubernetes_executor.py took 0.084 seconds
[2022-11-22T19:28:28.085+0000] {processor.py:154} INFO - Started process (PID=314) to work on /home/airflow/.local/lib/python3.7/site-packages/airflow/example_dags/example_kubernetes_executor.py
[2022-11-22T19:28:28.086+0000] {processor.py:756} INFO - Processing file /home/airflow/.local/lib/python3.7/site-packages/airflow/example_dags/example_kubernetes_executor.py for tasks to queue
[2022-11-22T19:28:28.087+0000] {logging_mixin.py:137} INFO - [2022-11-22T19:28:28.087+0000] {dagbag.py:537} INFO - Filling up the DagBag from /home/airflow/.local/lib/python3.7/site-packages/airflow/example_dags/example_kubernetes_executor.py
[2022-11-22T19:28:28.118+0000] {processor.py:766} INFO - DAG(s) dict_keys(['example_kubernetes_executor']) retrieved from /home/airflow/.local/lib/python3.7/site-packages/airflow/example_dags/example_kubernetes_executor.py
[2022-11-22T19:28:28.164+0000] {logging_mixin.py:137} INFO - [2022-11-22T19:28:28.164+0000] {dag.py:2585} INFO - Sync 1 DAGs
[2022-11-22T19:28:28.191+0000] {logging_mixin.py:137} INFO - [2022-11-22T19:28:28.190+0000] {dag.py:3340} INFO - Setting next_dagrun for example_kubernetes_executor to None, run_after=None
[2022-11-22T19:28:28.206+0000] {processor.py:176} INFO - Processing /home/airflow/.local/lib/python3.7/site-packages/airflow/example_dags/example_kubernetes_executor.py took 0.126 seconds
[2022-11-22T19:28:58.871+0000] {processor.py:154} INFO - Started process (PID=377) to work on /home/airflow/.local/lib/python3.7/site-packages/airflow/example_dags/example_kubernetes_executor.py
[2022-11-22T19:28:58.872+0000] {processor.py:756} INFO - Processing file /home/airflow/.local/lib/python3.7/site-packages/airflow/example_dags/example_kubernetes_executor.py for tasks to queue
[2022-11-22T19:28:58.873+0000] {logging_mixin.py:137} INFO - [2022-11-22T19:28:58.873+0000] {dagbag.py:537} INFO - Filling up the DagBag from /home/airflow/.local/lib/python3.7/site-packages/airflow/example_dags/example_kubernetes_executor.py
[2022-11-22T19:28:58.893+0000] {processor.py:766} INFO - DAG(s) dict_keys(['example_kubernetes_executor']) retrieved from /home/airflow/.local/lib/python3.7/site-packages/airflow/example_dags/example_kubernetes_executor.py
[2022-11-22T19:28:58.925+0000] {logging_mixin.py:137} INFO - [2022-11-22T19:28:58.925+0000] {dag.py:2585} INFO - Sync 1 DAGs
[2022-11-22T19:28:58.942+0000] {logging_mixin.py:137} INFO - [2022-11-22T19:28:58.942+0000] {dag.py:3340} INFO - Setting next_dagrun for example_kubernetes_executor to None, run_after=None
[2022-11-22T19:28:58.957+0000] {processor.py:176} INFO - Processing /home/airflow/.local/lib/python3.7/site-packages/airflow/example_dags/example_kubernetes_executor.py took 0.089 seconds
[2022-11-22T19:29:29.475+0000] {processor.py:154} INFO - Started process (PID=440) to work on /home/airflow/.local/lib/python3.7/site-packages/airflow/example_dags/example_kubernetes_executor.py
[2022-11-22T19:29:29.477+0000] {processor.py:756} INFO - Processing file /home/airflow/.local/lib/python3.7/site-packages/airflow/example_dags/example_kubernetes_executor.py for tasks to queue
[2022-11-22T19:29:29.478+0000] {logging_mixin.py:137} INFO - [2022-11-22T19:29:29.478+0000] {dagbag.py:537} INFO - Filling up the DagBag from /home/airflow/.local/lib/python3.7/site-packages/airflow/example_dags/example_kubernetes_executor.py
[2022-11-22T19:29:29.499+0000] {processor.py:766} INFO - DAG(s) dict_keys(['example_kubernetes_executor']) retrieved from /home/airflow/.local/lib/python3.7/site-packages/airflow/example_dags/example_kubernetes_executor.py
[2022-11-22T19:29:29.528+0000] {logging_mixin.py:137} INFO - [2022-11-22T19:29:29.527+0000] {dag.py:2585} INFO - Sync 1 DAGs
[2022-11-22T19:29:29.543+0000] {logging_mixin.py:137} INFO - [2022-11-22T19:29:29.543+0000] {dag.py:3340} INFO - Setting next_dagrun for example_kubernetes_executor to None, run_after=None
[2022-11-22T19:29:29.556+0000] {processor.py:176} INFO - Processing /home/airflow/.local/lib/python3.7/site-packages/airflow/example_dags/example_kubernetes_executor.py took 0.084 seconds
[2022-11-22T19:30:00.555+0000] {processor.py:154} INFO - Started process (PID=502) to work on /home/airflow/.local/lib/python3.7/site-packages/airflow/example_dags/example_kubernetes_executor.py
[2022-11-22T19:30:00.557+0000] {processor.py:756} INFO - Processing file /home/airflow/.local/lib/python3.7/site-packages/airflow/example_dags/example_kubernetes_executor.py for tasks to queue
[2022-11-22T19:30:00.558+0000] {logging_mixin.py:137} INFO - [2022-11-22T19:30:00.558+0000] {dagbag.py:537} INFO - Filling up the DagBag from /home/airflow/.local/lib/python3.7/site-packages/airflow/example_dags/example_kubernetes_executor.py
[2022-11-22T19:30:00.624+0000] {processor.py:766} INFO - DAG(s) dict_keys(['example_kubernetes_executor']) retrieved from /home/airflow/.local/lib/python3.7/site-packages/airflow/example_dags/example_kubernetes_executor.py
[2022-11-22T19:30:00.736+0000] {logging_mixin.py:137} INFO - [2022-11-22T19:30:00.736+0000] {dag.py:2585} INFO - Sync 1 DAGs
[2022-11-22T19:30:00.854+0000] {logging_mixin.py:137} INFO - [2022-11-22T19:30:00.854+0000] {dag.py:3340} INFO - Setting next_dagrun for example_kubernetes_executor to None, run_after=None
[2022-11-22T19:30:00.943+0000] {processor.py:176} INFO - Processing /home/airflow/.local/lib/python3.7/site-packages/airflow/example_dags/example_kubernetes_executor.py took 0.392 seconds
[2022-11-22T19:30:31.016+0000] {processor.py:154} INFO - Started process (PID=558) to work on /home/airflow/.local/lib/python3.7/site-packages/airflow/example_dags/example_kubernetes_executor.py
[2022-11-22T19:30:31.017+0000] {processor.py:756} INFO - Processing file /home/airflow/.local/lib/python3.7/site-packages/airflow/example_dags/example_kubernetes_executor.py for tasks to queue
[2022-11-22T19:30:31.018+0000] {logging_mixin.py:137} INFO - [2022-11-22T19:30:31.018+0000] {dagbag.py:537} INFO - Filling up the DagBag from /home/airflow/.local/lib/python3.7/site-packages/airflow/example_dags/example_kubernetes_executor.py
[2022-11-22T19:30:31.037+0000] {processor.py:766} INFO - DAG(s) dict_keys(['example_kubernetes_executor']) retrieved from /home/airflow/.local/lib/python3.7/site-packages/airflow/example_dags/example_kubernetes_executor.py
[2022-11-22T19:30:31.063+0000] {logging_mixin.py:137} INFO - [2022-11-22T19:30:31.063+0000] {dag.py:2585} INFO - Sync 1 DAGs
[2022-11-22T19:30:31.078+0000] {logging_mixin.py:137} INFO - [2022-11-22T19:30:31.078+0000] {dag.py:3340} INFO - Setting next_dagrun for example_kubernetes_executor to None, run_after=None
[2022-11-22T19:30:31.091+0000] {processor.py:176} INFO - Processing /home/airflow/.local/lib/python3.7/site-packages/airflow/example_dags/example_kubernetes_executor.py took 0.078 seconds
[2022-11-22T19:31:01.824+0000] {processor.py:154} INFO - Started process (PID=621) to work on /home/airflow/.local/lib/python3.7/site-packages/airflow/example_dags/example_kubernetes_executor.py
[2022-11-22T19:31:01.827+0000] {processor.py:756} INFO - Processing file /home/airflow/.local/lib/python3.7/site-packages/airflow/example_dags/example_kubernetes_executor.py for tasks to queue
[2022-11-22T19:31:01.828+0000] {logging_mixin.py:137} INFO - [2022-11-22T19:31:01.828+0000] {dagbag.py:537} INFO - Filling up the DagBag from /home/airflow/.local/lib/python3.7/site-packages/airflow/example_dags/example_kubernetes_executor.py
[2022-11-22T19:31:01.848+0000] {processor.py:766} INFO - DAG(s) dict_keys(['example_kubernetes_executor']) retrieved from /home/airflow/.local/lib/python3.7/site-packages/airflow/example_dags/example_kubernetes_executor.py
[2022-11-22T19:31:01.875+0000] {logging_mixin.py:137} INFO - [2022-11-22T19:31:01.875+0000] {dag.py:2585} INFO - Sync 1 DAGs
[2022-11-22T19:31:01.894+0000] {logging_mixin.py:137} INFO - [2022-11-22T19:31:01.894+0000] {dag.py:3340} INFO - Setting next_dagrun for example_kubernetes_executor to None, run_after=None
[2022-11-22T19:31:01.913+0000] {processor.py:176} INFO - Processing /home/airflow/.local/lib/python3.7/site-packages/airflow/example_dags/example_kubernetes_executor.py took 0.091 seconds
[2022-11-22T19:31:32.709+0000] {processor.py:154} INFO - Started process (PID=685) to work on /home/airflow/.local/lib/python3.7/site-packages/airflow/example_dags/example_kubernetes_executor.py
[2022-11-22T19:31:32.711+0000] {processor.py:756} INFO - Processing file /home/airflow/.local/lib/python3.7/site-packages/airflow/example_dags/example_kubernetes_executor.py for tasks to queue
[2022-11-22T19:31:32.712+0000] {logging_mixin.py:137} INFO - [2022-11-22T19:31:32.712+0000] {dagbag.py:537} INFO - Filling up the DagBag from /home/airflow/.local/lib/python3.7/site-packages/airflow/example_dags/example_kubernetes_executor.py
[2022-11-22T19:31:32.733+0000] {processor.py:766} INFO - DAG(s) dict_keys(['example_kubernetes_executor']) retrieved from /home/airflow/.local/lib/python3.7/site-packages/airflow/example_dags/example_kubernetes_executor.py
[2022-11-22T19:31:32.770+0000] {logging_mixin.py:137} INFO - [2022-11-22T19:31:32.770+0000] {dag.py:2585} INFO - Sync 1 DAGs
[2022-11-22T19:31:32.799+0000] {logging_mixin.py:137} INFO - [2022-11-22T19:31:32.799+0000] {dag.py:3340} INFO - Setting next_dagrun for example_kubernetes_executor to None, run_after=None
[2022-11-22T19:31:32.815+0000] {processor.py:176} INFO - Processing /home/airflow/.local/lib/python3.7/site-packages/airflow/example_dags/example_kubernetes_executor.py took 0.110 seconds
[2022-11-22T19:32:03.171+0000] {processor.py:154} INFO - Started process (PID=748) to work on /home/airflow/.local/lib/python3.7/site-packages/airflow/example_dags/example_kubernetes_executor.py
[2022-11-22T19:32:03.173+0000] {processor.py:756} INFO - Processing file /home/airflow/.local/lib/python3.7/site-packages/airflow/example_dags/example_kubernetes_executor.py for tasks to queue
[2022-11-22T19:32:03.173+0000] {logging_mixin.py:137} INFO - [2022-11-22T19:32:03.173+0000] {dagbag.py:537} INFO - Filling up the DagBag from /home/airflow/.local/lib/python3.7/site-packages/airflow/example_dags/example_kubernetes_executor.py
[2022-11-22T19:32:03.192+0000] {processor.py:766} INFO - DAG(s) dict_keys(['example_kubernetes_executor']) retrieved from /home/airflow/.local/lib/python3.7/site-packages/airflow/example_dags/example_kubernetes_executor.py
[2022-11-22T19:32:03.222+0000] {logging_mixin.py:137} INFO - [2022-11-22T19:32:03.222+0000] {dag.py:2585} INFO - Sync 1 DAGs
[2022-11-22T19:32:03.240+0000] {logging_mixin.py:137} INFO - [2022-11-22T19:32:03.240+0000] {dag.py:3340} INFO - Setting next_dagrun for example_kubernetes_executor to None, run_after=None
[2022-11-22T19:32:03.254+0000] {processor.py:176} INFO - Processing /home/airflow/.local/lib/python3.7/site-packages/airflow/example_dags/example_kubernetes_executor.py took 0.085 seconds
[2022-11-22T19:32:33.832+0000] {processor.py:154} INFO - Started process (PID=802) to work on /home/airflow/.local/lib/python3.7/site-packages/airflow/example_dags/example_kubernetes_executor.py
[2022-11-22T19:32:33.833+0000] {processor.py:756} INFO - Processing file /home/airflow/.local/lib/python3.7/site-packages/airflow/example_dags/example_kubernetes_executor.py for tasks to queue
[2022-11-22T19:32:33.835+0000] {logging_mixin.py:137} INFO - [2022-11-22T19:32:33.835+0000] {dagbag.py:537} INFO - Filling up the DagBag from /home/airflow/.local/lib/python3.7/site-packages/airflow/example_dags/example_kubernetes_executor.py
[2022-11-22T19:32:33.854+0000] {processor.py:766} INFO - DAG(s) dict_keys(['example_kubernetes_executor']) retrieved from /home/airflow/.local/lib/python3.7/site-packages/airflow/example_dags/example_kubernetes_executor.py
[2022-11-22T19:32:33.884+0000] {logging_mixin.py:137} INFO - [2022-11-22T19:32:33.884+0000] {dag.py:2585} INFO - Sync 1 DAGs
[2022-11-22T19:32:33.901+0000] {logging_mixin.py:137} INFO - [2022-11-22T19:32:33.901+0000] {dag.py:3340} INFO - Setting next_dagrun for example_kubernetes_executor to None, run_after=None
[2022-11-22T19:32:33.918+0000] {processor.py:176} INFO - Processing /home/airflow/.local/lib/python3.7/site-packages/airflow/example_dags/example_kubernetes_executor.py took 0.088 seconds
[2022-11-22T19:33:04.707+0000] {processor.py:154} INFO - Started process (PID=865) to work on /home/airflow/.local/lib/python3.7/site-packages/airflow/example_dags/example_kubernetes_executor.py
[2022-11-22T19:33:04.709+0000] {processor.py:756} INFO - Processing file /home/airflow/.local/lib/python3.7/site-packages/airflow/example_dags/example_kubernetes_executor.py for tasks to queue
[2022-11-22T19:33:04.710+0000] {logging_mixin.py:137} INFO - [2022-11-22T19:33:04.710+0000] {dagbag.py:537} INFO - Filling up the DagBag from /home/airflow/.local/lib/python3.7/site-packages/airflow/example_dags/example_kubernetes_executor.py
[2022-11-22T19:33:04.728+0000] {processor.py:766} INFO - DAG(s) dict_keys(['example_kubernetes_executor']) retrieved from /home/airflow/.local/lib/python3.7/site-packages/airflow/example_dags/example_kubernetes_executor.py
[2022-11-22T19:33:04.758+0000] {logging_mixin.py:137} INFO - [2022-11-22T19:33:04.758+0000] {dag.py:2585} INFO - Sync 1 DAGs
[2022-11-22T19:33:04.776+0000] {logging_mixin.py:137} INFO - [2022-11-22T19:33:04.776+0000] {dag.py:3340} INFO - Setting next_dagrun for example_kubernetes_executor to None, run_after=None
[2022-11-22T19:33:04.790+0000] {processor.py:176} INFO - Processing /home/airflow/.local/lib/python3.7/site-packages/airflow/example_dags/example_kubernetes_executor.py took 0.085 seconds
[2022-11-22T19:33:35.200+0000] {processor.py:154} INFO - Started process (PID=928) to work on /home/airflow/.local/lib/python3.7/site-packages/airflow/example_dags/example_kubernetes_executor.py
[2022-11-22T19:33:35.202+0000] {processor.py:756} INFO - Processing file /home/airflow/.local/lib/python3.7/site-packages/airflow/example_dags/example_kubernetes_executor.py for tasks to queue
[2022-11-22T19:33:35.203+0000] {logging_mixin.py:137} INFO - [2022-11-22T19:33:35.203+0000] {dagbag.py:537} INFO - Filling up the DagBag from /home/airflow/.local/lib/python3.7/site-packages/airflow/example_dags/example_kubernetes_executor.py
[2022-11-22T19:33:35.226+0000] {processor.py:766} INFO - DAG(s) dict_keys(['example_kubernetes_executor']) retrieved from /home/airflow/.local/lib/python3.7/site-packages/airflow/example_dags/example_kubernetes_executor.py
[2022-11-22T19:33:35.258+0000] {logging_mixin.py:137} INFO - [2022-11-22T19:33:35.257+0000] {dag.py:2585} INFO - Sync 1 DAGs
[2022-11-22T19:33:35.275+0000] {logging_mixin.py:137} INFO - [2022-11-22T19:33:35.275+0000] {dag.py:3340} INFO - Setting next_dagrun for example_kubernetes_executor to None, run_after=None
[2022-11-22T19:33:35.289+0000] {processor.py:176} INFO - Processing /home/airflow/.local/lib/python3.7/site-packages/airflow/example_dags/example_kubernetes_executor.py took 0.092 seconds
[2022-11-22T19:34:06.249+0000] {processor.py:154} INFO - Started process (PID=991) to work on /home/airflow/.local/lib/python3.7/site-packages/airflow/example_dags/example_kubernetes_executor.py
[2022-11-22T19:34:06.251+0000] {processor.py:756} INFO - Processing file /home/airflow/.local/lib/python3.7/site-packages/airflow/example_dags/example_kubernetes_executor.py for tasks to queue
[2022-11-22T19:34:06.252+0000] {logging_mixin.py:137} INFO - [2022-11-22T19:34:06.252+0000] {dagbag.py:537} INFO - Filling up the DagBag from /home/airflow/.local/lib/python3.7/site-packages/airflow/example_dags/example_kubernetes_executor.py
[2022-11-22T19:34:06.273+0000] {processor.py:766} INFO - DAG(s) dict_keys(['example_kubernetes_executor']) retrieved from /home/airflow/.local/lib/python3.7/site-packages/airflow/example_dags/example_kubernetes_executor.py
[2022-11-22T19:34:06.306+0000] {logging_mixin.py:137} INFO - [2022-11-22T19:34:06.306+0000] {dag.py:2585} INFO - Sync 1 DAGs
[2022-11-22T19:34:06.322+0000] {logging_mixin.py:137} INFO - [2022-11-22T19:34:06.322+0000] {dag.py:3340} INFO - Setting next_dagrun for example_kubernetes_executor to None, run_after=None
[2022-11-22T19:34:06.336+0000] {processor.py:176} INFO - Processing /home/airflow/.local/lib/python3.7/site-packages/airflow/example_dags/example_kubernetes_executor.py took 0.089 seconds
[2022-11-22T19:34:37.492+0000] {processor.py:154} INFO - Started process (PID=1056) to work on /home/airflow/.local/lib/python3.7/site-packages/airflow/example_dags/example_kubernetes_executor.py
[2022-11-22T19:34:37.493+0000] {processor.py:756} INFO - Processing file /home/airflow/.local/lib/python3.7/site-packages/airflow/example_dags/example_kubernetes_executor.py for tasks to queue
[2022-11-22T19:34:37.494+0000] {logging_mixin.py:137} INFO - [2022-11-22T19:34:37.494+0000] {dagbag.py:537} INFO - Filling up the DagBag from /home/airflow/.local/lib/python3.7/site-packages/airflow/example_dags/example_kubernetes_executor.py
[2022-11-22T19:34:37.516+0000] {processor.py:766} INFO - DAG(s) dict_keys(['example_kubernetes_executor']) retrieved from /home/airflow/.local/lib/python3.7/site-packages/airflow/example_dags/example_kubernetes_executor.py
[2022-11-22T19:34:37.544+0000] {logging_mixin.py:137} INFO - [2022-11-22T19:34:37.544+0000] {dag.py:2585} INFO - Sync 1 DAGs
[2022-11-22T19:34:37.565+0000] {logging_mixin.py:137} INFO - [2022-11-22T19:34:37.565+0000] {dag.py:3340} INFO - Setting next_dagrun for example_kubernetes_executor to None, run_after=None
[2022-11-22T19:34:37.584+0000] {processor.py:176} INFO - Processing /home/airflow/.local/lib/python3.7/site-packages/airflow/example_dags/example_kubernetes_executor.py took 0.095 seconds
[2022-11-22T19:35:08.481+0000] {processor.py:154} INFO - Started process (PID=1117) to work on /home/airflow/.local/lib/python3.7/site-packages/airflow/example_dags/example_kubernetes_executor.py
[2022-11-22T19:35:08.483+0000] {processor.py:756} INFO - Processing file /home/airflow/.local/lib/python3.7/site-packages/airflow/example_dags/example_kubernetes_executor.py for tasks to queue
[2022-11-22T19:35:08.484+0000] {logging_mixin.py:137} INFO - [2022-11-22T19:35:08.484+0000] {dagbag.py:537} INFO - Filling up the DagBag from /home/airflow/.local/lib/python3.7/site-packages/airflow/example_dags/example_kubernetes_executor.py
[2022-11-22T19:35:08.508+0000] {processor.py:766} INFO - DAG(s) dict_keys(['example_kubernetes_executor']) retrieved from /home/airflow/.local/lib/python3.7/site-packages/airflow/example_dags/example_kubernetes_executor.py
[2022-11-22T19:35:08.550+0000] {logging_mixin.py:137} INFO - [2022-11-22T19:35:08.549+0000] {dag.py:2585} INFO - Sync 1 DAGs
[2022-11-22T19:35:08.577+0000] {logging_mixin.py:137} INFO - [2022-11-22T19:35:08.577+0000] {dag.py:3340} INFO - Setting next_dagrun for example_kubernetes_executor to None, run_after=None
[2022-11-22T19:35:08.602+0000] {processor.py:176} INFO - Processing /home/airflow/.local/lib/python3.7/site-packages/airflow/example_dags/example_kubernetes_executor.py took 0.124 seconds
[2022-11-22T19:35:39.670+0000] {processor.py:154} INFO - Started process (PID=1172) to work on /home/airflow/.local/lib/python3.7/site-packages/airflow/example_dags/example_kubernetes_executor.py
[2022-11-22T19:35:39.672+0000] {processor.py:756} INFO - Processing file /home/airflow/.local/lib/python3.7/site-packages/airflow/example_dags/example_kubernetes_executor.py for tasks to queue
[2022-11-22T19:35:39.673+0000] {logging_mixin.py:137} INFO - [2022-11-22T19:35:39.673+0000] {dagbag.py:537} INFO - Filling up the DagBag from /home/airflow/.local/lib/python3.7/site-packages/airflow/example_dags/example_kubernetes_executor.py
[2022-11-22T19:35:39.694+0000] {processor.py:766} INFO - DAG(s) dict_keys(['example_kubernetes_executor']) retrieved from /home/airflow/.local/lib/python3.7/site-packages/airflow/example_dags/example_kubernetes_executor.py
[2022-11-22T19:35:39.722+0000] {logging_mixin.py:137} INFO - [2022-11-22T19:35:39.722+0000] {dag.py:2585} INFO - Sync 1 DAGs
[2022-11-22T19:35:39.739+0000] {logging_mixin.py:137} INFO - [2022-11-22T19:35:39.739+0000] {dag.py:3340} INFO - Setting next_dagrun for example_kubernetes_executor to None, run_after=None
[2022-11-22T19:35:39.756+0000] {processor.py:176} INFO - Processing /home/airflow/.local/lib/python3.7/site-packages/airflow/example_dags/example_kubernetes_executor.py took 0.088 seconds
[2022-11-22T19:36:10.102+0000] {processor.py:154} INFO - Started process (PID=1234) to work on /home/airflow/.local/lib/python3.7/site-packages/airflow/example_dags/example_kubernetes_executor.py
[2022-11-22T19:36:10.104+0000] {processor.py:756} INFO - Processing file /home/airflow/.local/lib/python3.7/site-packages/airflow/example_dags/example_kubernetes_executor.py for tasks to queue
[2022-11-22T19:36:10.105+0000] {logging_mixin.py:137} INFO - [2022-11-22T19:36:10.105+0000] {dagbag.py:537} INFO - Filling up the DagBag from /home/airflow/.local/lib/python3.7/site-packages/airflow/example_dags/example_kubernetes_executor.py
[2022-11-22T19:36:10.133+0000] {processor.py:766} INFO - DAG(s) dict_keys(['example_kubernetes_executor']) retrieved from /home/airflow/.local/lib/python3.7/site-packages/airflow/example_dags/example_kubernetes_executor.py
[2022-11-22T19:36:10.176+0000] {logging_mixin.py:137} INFO - [2022-11-22T19:36:10.176+0000] {dag.py:2585} INFO - Sync 1 DAGs
[2022-11-22T19:36:10.203+0000] {logging_mixin.py:137} INFO - [2022-11-22T19:36:10.203+0000] {dag.py:3340} INFO - Setting next_dagrun for example_kubernetes_executor to None, run_after=None
[2022-11-22T19:36:10.220+0000] {processor.py:176} INFO - Processing /home/airflow/.local/lib/python3.7/site-packages/airflow/example_dags/example_kubernetes_executor.py took 0.120 seconds
[2022-11-22T19:36:40.298+0000] {processor.py:154} INFO - Started process (PID=1298) to work on /home/airflow/.local/lib/python3.7/site-packages/airflow/example_dags/example_kubernetes_executor.py
[2022-11-22T19:36:40.301+0000] {processor.py:756} INFO - Processing file /home/airflow/.local/lib/python3.7/site-packages/airflow/example_dags/example_kubernetes_executor.py for tasks to queue
[2022-11-22T19:36:40.302+0000] {logging_mixin.py:137} INFO - [2022-11-22T19:36:40.302+0000] {dagbag.py:537} INFO - Filling up the DagBag from /home/airflow/.local/lib/python3.7/site-packages/airflow/example_dags/example_kubernetes_executor.py
[2022-11-22T19:36:40.321+0000] {processor.py:766} INFO - DAG(s) dict_keys(['example_kubernetes_executor']) retrieved from /home/airflow/.local/lib/python3.7/site-packages/airflow/example_dags/example_kubernetes_executor.py
[2022-11-22T19:36:40.350+0000] {logging_mixin.py:137} INFO - [2022-11-22T19:36:40.350+0000] {dag.py:2585} INFO - Sync 1 DAGs
[2022-11-22T19:36:40.367+0000] {logging_mixin.py:137} INFO - [2022-11-22T19:36:40.367+0000] {dag.py:3340} INFO - Setting next_dagrun for example_kubernetes_executor to None, run_after=None
[2022-11-22T19:36:40.379+0000] {processor.py:176} INFO - Processing /home/airflow/.local/lib/python3.7/site-packages/airflow/example_dags/example_kubernetes_executor.py took 0.085 seconds
[2022-11-22T19:37:11.650+0000] {processor.py:154} INFO - Started process (PID=1362) to work on /home/airflow/.local/lib/python3.7/site-packages/airflow/example_dags/example_kubernetes_executor.py
[2022-11-22T19:37:11.653+0000] {processor.py:756} INFO - Processing file /home/airflow/.local/lib/python3.7/site-packages/airflow/example_dags/example_kubernetes_executor.py for tasks to queue
[2022-11-22T19:37:11.655+0000] {logging_mixin.py:137} INFO - [2022-11-22T19:37:11.654+0000] {dagbag.py:537} INFO - Filling up the DagBag from /home/airflow/.local/lib/python3.7/site-packages/airflow/example_dags/example_kubernetes_executor.py
[2022-11-22T19:37:11.683+0000] {processor.py:766} INFO - DAG(s) dict_keys(['example_kubernetes_executor']) retrieved from /home/airflow/.local/lib/python3.7/site-packages/airflow/example_dags/example_kubernetes_executor.py
[2022-11-22T19:37:11.731+0000] {logging_mixin.py:137} INFO - [2022-11-22T19:37:11.730+0000] {dag.py:2585} INFO - Sync 1 DAGs
[2022-11-22T19:37:11.759+0000] {logging_mixin.py:137} INFO - [2022-11-22T19:37:11.759+0000] {dag.py:3340} INFO - Setting next_dagrun for example_kubernetes_executor to None, run_after=None
[2022-11-22T19:37:11.783+0000] {processor.py:176} INFO - Processing /home/airflow/.local/lib/python3.7/site-packages/airflow/example_dags/example_kubernetes_executor.py took 0.136 seconds
[2022-11-22T19:37:41.833+0000] {processor.py:154} INFO - Started process (PID=1416) to work on /home/airflow/.local/lib/python3.7/site-packages/airflow/example_dags/example_kubernetes_executor.py
[2022-11-22T19:37:41.834+0000] {processor.py:756} INFO - Processing file /home/airflow/.local/lib/python3.7/site-packages/airflow/example_dags/example_kubernetes_executor.py for tasks to queue
[2022-11-22T19:37:41.836+0000] {logging_mixin.py:137} INFO - [2022-11-22T19:37:41.835+0000] {dagbag.py:537} INFO - Filling up the DagBag from /home/airflow/.local/lib/python3.7/site-packages/airflow/example_dags/example_kubernetes_executor.py
[2022-11-22T19:37:41.859+0000] {processor.py:766} INFO - DAG(s) dict_keys(['example_kubernetes_executor']) retrieved from /home/airflow/.local/lib/python3.7/site-packages/airflow/example_dags/example_kubernetes_executor.py
[2022-11-22T19:37:41.889+0000] {logging_mixin.py:137} INFO - [2022-11-22T19:37:41.889+0000] {dag.py:2585} INFO - Sync 1 DAGs
[2022-11-22T19:37:41.907+0000] {logging_mixin.py:137} INFO - [2022-11-22T19:37:41.907+0000] {dag.py:3340} INFO - Setting next_dagrun for example_kubernetes_executor to None, run_after=None
[2022-11-22T19:37:41.924+0000] {processor.py:176} INFO - Processing /home/airflow/.local/lib/python3.7/site-packages/airflow/example_dags/example_kubernetes_executor.py took 0.093 seconds
[2022-11-22T19:38:12.702+0000] {processor.py:154} INFO - Started process (PID=1479) to work on /home/airflow/.local/lib/python3.7/site-packages/airflow/example_dags/example_kubernetes_executor.py
[2022-11-22T19:38:12.704+0000] {processor.py:756} INFO - Processing file /home/airflow/.local/lib/python3.7/site-packages/airflow/example_dags/example_kubernetes_executor.py for tasks to queue
[2022-11-22T19:38:12.706+0000] {logging_mixin.py:137} INFO - [2022-11-22T19:38:12.706+0000] {dagbag.py:537} INFO - Filling up the DagBag from /home/airflow/.local/lib/python3.7/site-packages/airflow/example_dags/example_kubernetes_executor.py
[2022-11-22T19:38:12.728+0000] {processor.py:766} INFO - DAG(s) dict_keys(['example_kubernetes_executor']) retrieved from /home/airflow/.local/lib/python3.7/site-packages/airflow/example_dags/example_kubernetes_executor.py
[2022-11-22T19:38:12.765+0000] {logging_mixin.py:137} INFO - [2022-11-22T19:38:12.765+0000] {dag.py:2585} INFO - Sync 1 DAGs
[2022-11-22T19:38:12.805+0000] {logging_mixin.py:137} INFO - [2022-11-22T19:38:12.805+0000] {dag.py:3340} INFO - Setting next_dagrun for example_kubernetes_executor to None, run_after=None
[2022-11-22T19:38:12.833+0000] {processor.py:176} INFO - Processing /home/airflow/.local/lib/python3.7/site-packages/airflow/example_dags/example_kubernetes_executor.py took 0.133 seconds
[2022-11-22T19:38:44.885+0000] {processor.py:154} INFO - Started process (PID=1542) to work on /home/airflow/.local/lib/python3.7/site-packages/airflow/example_dags/example_kubernetes_executor.py
[2022-11-22T19:38:44.897+0000] {processor.py:756} INFO - Processing file /home/airflow/.local/lib/python3.7/site-packages/airflow/example_dags/example_kubernetes_executor.py for tasks to queue
[2022-11-22T19:38:44.899+0000] {logging_mixin.py:137} INFO - [2022-11-22T19:38:44.899+0000] {dagbag.py:537} INFO - Filling up the DagBag from /home/airflow/.local/lib/python3.7/site-packages/airflow/example_dags/example_kubernetes_executor.py
[2022-11-22T19:38:44.947+0000] {processor.py:766} INFO - DAG(s) dict_keys(['example_kubernetes_executor']) retrieved from /home/airflow/.local/lib/python3.7/site-packages/airflow/example_dags/example_kubernetes_executor.py
[2022-11-22T19:38:45.064+0000] {logging_mixin.py:137} INFO - [2022-11-22T19:38:45.064+0000] {dag.py:2585} INFO - Sync 1 DAGs
[2022-11-22T19:38:45.109+0000] {logging_mixin.py:137} INFO - [2022-11-22T19:38:45.109+0000] {dag.py:3340} INFO - Setting next_dagrun for example_kubernetes_executor to None, run_after=None
[2022-11-22T19:38:45.149+0000] {processor.py:176} INFO - Processing /home/airflow/.local/lib/python3.7/site-packages/airflow/example_dags/example_kubernetes_executor.py took 0.280 seconds
[2022-11-22T19:39:15.460+0000] {processor.py:154} INFO - Started process (PID=1605) to work on /home/airflow/.local/lib/python3.7/site-packages/airflow/example_dags/example_kubernetes_executor.py
[2022-11-22T19:39:15.461+0000] {processor.py:756} INFO - Processing file /home/airflow/.local/lib/python3.7/site-packages/airflow/example_dags/example_kubernetes_executor.py for tasks to queue
[2022-11-22T19:39:15.462+0000] {logging_mixin.py:137} INFO - [2022-11-22T19:39:15.462+0000] {dagbag.py:537} INFO - Filling up the DagBag from /home/airflow/.local/lib/python3.7/site-packages/airflow/example_dags/example_kubernetes_executor.py
[2022-11-22T19:39:15.480+0000] {processor.py:766} INFO - DAG(s) dict_keys(['example_kubernetes_executor']) retrieved from /home/airflow/.local/lib/python3.7/site-packages/airflow/example_dags/example_kubernetes_executor.py
[2022-11-22T19:39:15.506+0000] {logging_mixin.py:137} INFO - [2022-11-22T19:39:15.506+0000] {dag.py:2585} INFO - Sync 1 DAGs
[2022-11-22T19:39:15.527+0000] {logging_mixin.py:137} INFO - [2022-11-22T19:39:15.527+0000] {dag.py:3340} INFO - Setting next_dagrun for example_kubernetes_executor to None, run_after=None
[2022-11-22T19:39:15.548+0000] {processor.py:176} INFO - Processing /home/airflow/.local/lib/python3.7/site-packages/airflow/example_dags/example_kubernetes_executor.py took 0.092 seconds
[2022-11-22T19:39:45.701+0000] {processor.py:154} INFO - Started process (PID=1660) to work on /home/airflow/.local/lib/python3.7/site-packages/airflow/example_dags/example_kubernetes_executor.py
[2022-11-22T19:39:45.702+0000] {processor.py:756} INFO - Processing file /home/airflow/.local/lib/python3.7/site-packages/airflow/example_dags/example_kubernetes_executor.py for tasks to queue
[2022-11-22T19:39:45.703+0000] {logging_mixin.py:137} INFO - [2022-11-22T19:39:45.703+0000] {dagbag.py:537} INFO - Filling up the DagBag from /home/airflow/.local/lib/python3.7/site-packages/airflow/example_dags/example_kubernetes_executor.py
[2022-11-22T19:39:45.726+0000] {processor.py:766} INFO - DAG(s) dict_keys(['example_kubernetes_executor']) retrieved from /home/airflow/.local/lib/python3.7/site-packages/airflow/example_dags/example_kubernetes_executor.py
[2022-11-22T19:39:45.762+0000] {logging_mixin.py:137} INFO - [2022-11-22T19:39:45.762+0000] {dag.py:2585} INFO - Sync 1 DAGs
[2022-11-22T19:39:45.795+0000] {logging_mixin.py:137} INFO - [2022-11-22T19:39:45.794+0000] {dag.py:3340} INFO - Setting next_dagrun for example_kubernetes_executor to None, run_after=None
[2022-11-22T19:39:45.832+0000] {processor.py:176} INFO - Processing /home/airflow/.local/lib/python3.7/site-packages/airflow/example_dags/example_kubernetes_executor.py took 0.134 seconds
[2022-11-22T19:40:16.118+0000] {processor.py:154} INFO - Started process (PID=1724) to work on /home/airflow/.local/lib/python3.7/site-packages/airflow/example_dags/example_kubernetes_executor.py
[2022-11-22T19:40:16.120+0000] {processor.py:756} INFO - Processing file /home/airflow/.local/lib/python3.7/site-packages/airflow/example_dags/example_kubernetes_executor.py for tasks to queue
[2022-11-22T19:40:16.122+0000] {logging_mixin.py:137} INFO - [2022-11-22T19:40:16.122+0000] {dagbag.py:537} INFO - Filling up the DagBag from /home/airflow/.local/lib/python3.7/site-packages/airflow/example_dags/example_kubernetes_executor.py
[2022-11-22T19:40:16.145+0000] {processor.py:766} INFO - DAG(s) dict_keys(['example_kubernetes_executor']) retrieved from /home/airflow/.local/lib/python3.7/site-packages/airflow/example_dags/example_kubernetes_executor.py
[2022-11-22T19:40:16.188+0000] {logging_mixin.py:137} INFO - [2022-11-22T19:40:16.188+0000] {dag.py:2585} INFO - Sync 1 DAGs
[2022-11-22T19:40:16.216+0000] {logging_mixin.py:137} INFO - [2022-11-22T19:40:16.216+0000] {dag.py:3340} INFO - Setting next_dagrun for example_kubernetes_executor to None, run_after=None
[2022-11-22T19:40:16.236+0000] {processor.py:176} INFO - Processing /home/airflow/.local/lib/python3.7/site-packages/airflow/example_dags/example_kubernetes_executor.py took 0.120 seconds
[2022-11-22T19:40:46.440+0000] {processor.py:154} INFO - Started process (PID=1787) to work on /home/airflow/.local/lib/python3.7/site-packages/airflow/example_dags/example_kubernetes_executor.py
[2022-11-22T19:40:46.443+0000] {processor.py:756} INFO - Processing file /home/airflow/.local/lib/python3.7/site-packages/airflow/example_dags/example_kubernetes_executor.py for tasks to queue
[2022-11-22T19:40:46.445+0000] {logging_mixin.py:137} INFO - [2022-11-22T19:40:46.445+0000] {dagbag.py:537} INFO - Filling up the DagBag from /home/airflow/.local/lib/python3.7/site-packages/airflow/example_dags/example_kubernetes_executor.py
[2022-11-22T19:40:46.467+0000] {processor.py:766} INFO - DAG(s) dict_keys(['example_kubernetes_executor']) retrieved from /home/airflow/.local/lib/python3.7/site-packages/airflow/example_dags/example_kubernetes_executor.py
[2022-11-22T19:40:46.503+0000] {logging_mixin.py:137} INFO - [2022-11-22T19:40:46.503+0000] {dag.py:2585} INFO - Sync 1 DAGs
[2022-11-22T19:40:46.522+0000] {logging_mixin.py:137} INFO - [2022-11-22T19:40:46.522+0000] {dag.py:3340} INFO - Setting next_dagrun for example_kubernetes_executor to None, run_after=None
[2022-11-22T19:40:46.540+0000] {processor.py:176} INFO - Processing /home/airflow/.local/lib/python3.7/site-packages/airflow/example_dags/example_kubernetes_executor.py took 0.103 seconds
[2022-11-22T19:41:17.495+0000] {processor.py:154} INFO - Started process (PID=1851) to work on /home/airflow/.local/lib/python3.7/site-packages/airflow/example_dags/example_kubernetes_executor.py
[2022-11-22T19:41:17.496+0000] {processor.py:756} INFO - Processing file /home/airflow/.local/lib/python3.7/site-packages/airflow/example_dags/example_kubernetes_executor.py for tasks to queue
[2022-11-22T19:41:17.497+0000] {logging_mixin.py:137} INFO - [2022-11-22T19:41:17.497+0000] {dagbag.py:537} INFO - Filling up the DagBag from /home/airflow/.local/lib/python3.7/site-packages/airflow/example_dags/example_kubernetes_executor.py
[2022-11-22T19:41:17.518+0000] {processor.py:766} INFO - DAG(s) dict_keys(['example_kubernetes_executor']) retrieved from /home/airflow/.local/lib/python3.7/site-packages/airflow/example_dags/example_kubernetes_executor.py
[2022-11-22T19:41:17.554+0000] {logging_mixin.py:137} INFO - [2022-11-22T19:41:17.554+0000] {dag.py:2585} INFO - Sync 1 DAGs
[2022-11-22T19:41:17.572+0000] {logging_mixin.py:137} INFO - [2022-11-22T19:41:17.572+0000] {dag.py:3340} INFO - Setting next_dagrun for example_kubernetes_executor to None, run_after=None
[2022-11-22T19:41:17.587+0000] {processor.py:176} INFO - Processing /home/airflow/.local/lib/python3.7/site-packages/airflow/example_dags/example_kubernetes_executor.py took 0.094 seconds
[2022-11-22T19:41:48.927+0000] {processor.py:154} INFO - Started process (PID=1915) to work on /home/airflow/.local/lib/python3.7/site-packages/airflow/example_dags/example_kubernetes_executor.py
[2022-11-22T19:41:48.929+0000] {processor.py:756} INFO - Processing file /home/airflow/.local/lib/python3.7/site-packages/airflow/example_dags/example_kubernetes_executor.py for tasks to queue
[2022-11-22T19:41:48.931+0000] {logging_mixin.py:137} INFO - [2022-11-22T19:41:48.930+0000] {dagbag.py:537} INFO - Filling up the DagBag from /home/airflow/.local/lib/python3.7/site-packages/airflow/example_dags/example_kubernetes_executor.py
[2022-11-22T19:41:48.958+0000] {processor.py:766} INFO - DAG(s) dict_keys(['example_kubernetes_executor']) retrieved from /home/airflow/.local/lib/python3.7/site-packages/airflow/example_dags/example_kubernetes_executor.py
[2022-11-22T19:41:48.992+0000] {logging_mixin.py:137} INFO - [2022-11-22T19:41:48.992+0000] {dag.py:2585} INFO - Sync 1 DAGs
[2022-11-22T19:41:49.026+0000] {logging_mixin.py:137} INFO - [2022-11-22T19:41:49.026+0000] {dag.py:3340} INFO - Setting next_dagrun for example_kubernetes_executor to None, run_after=None
[2022-11-22T19:41:49.052+0000] {processor.py:176} INFO - Processing /home/airflow/.local/lib/python3.7/site-packages/airflow/example_dags/example_kubernetes_executor.py took 0.129 seconds
[2022-11-22T19:42:19.333+0000] {processor.py:154} INFO - Started process (PID=1969) to work on /home/airflow/.local/lib/python3.7/site-packages/airflow/example_dags/example_kubernetes_executor.py
[2022-11-22T19:42:19.334+0000] {processor.py:756} INFO - Processing file /home/airflow/.local/lib/python3.7/site-packages/airflow/example_dags/example_kubernetes_executor.py for tasks to queue
[2022-11-22T19:42:19.336+0000] {logging_mixin.py:137} INFO - [2022-11-22T19:42:19.335+0000] {dagbag.py:537} INFO - Filling up the DagBag from /home/airflow/.local/lib/python3.7/site-packages/airflow/example_dags/example_kubernetes_executor.py
[2022-11-22T19:42:19.354+0000] {processor.py:766} INFO - DAG(s) dict_keys(['example_kubernetes_executor']) retrieved from /home/airflow/.local/lib/python3.7/site-packages/airflow/example_dags/example_kubernetes_executor.py
[2022-11-22T19:42:19.381+0000] {logging_mixin.py:137} INFO - [2022-11-22T19:42:19.381+0000] {dag.py:2585} INFO - Sync 1 DAGs
[2022-11-22T19:42:19.397+0000] {logging_mixin.py:137} INFO - [2022-11-22T19:42:19.397+0000] {dag.py:3340} INFO - Setting next_dagrun for example_kubernetes_executor to None, run_after=None
[2022-11-22T19:42:19.411+0000] {processor.py:176} INFO - Processing /home/airflow/.local/lib/python3.7/site-packages/airflow/example_dags/example_kubernetes_executor.py took 0.081 seconds
[2022-11-22T19:42:50.264+0000] {processor.py:154} INFO - Started process (PID=2032) to work on /home/airflow/.local/lib/python3.7/site-packages/airflow/example_dags/example_kubernetes_executor.py
[2022-11-22T19:42:50.266+0000] {processor.py:756} INFO - Processing file /home/airflow/.local/lib/python3.7/site-packages/airflow/example_dags/example_kubernetes_executor.py for tasks to queue
[2022-11-22T19:42:50.267+0000] {logging_mixin.py:137} INFO - [2022-11-22T19:42:50.267+0000] {dagbag.py:537} INFO - Filling up the DagBag from /home/airflow/.local/lib/python3.7/site-packages/airflow/example_dags/example_kubernetes_executor.py
[2022-11-22T19:42:50.285+0000] {processor.py:766} INFO - DAG(s) dict_keys(['example_kubernetes_executor']) retrieved from /home/airflow/.local/lib/python3.7/site-packages/airflow/example_dags/example_kubernetes_executor.py
[2022-11-22T19:42:50.315+0000] {logging_mixin.py:137} INFO - [2022-11-22T19:42:50.315+0000] {dag.py:2585} INFO - Sync 1 DAGs
[2022-11-22T19:42:50.335+0000] {logging_mixin.py:137} INFO - [2022-11-22T19:42:50.335+0000] {dag.py:3340} INFO - Setting next_dagrun for example_kubernetes_executor to None, run_after=None
[2022-11-22T19:42:50.350+0000] {processor.py:176} INFO - Processing /home/airflow/.local/lib/python3.7/site-packages/airflow/example_dags/example_kubernetes_executor.py took 0.090 seconds
[2022-11-22T19:43:21.118+0000] {processor.py:154} INFO - Started process (PID=2095) to work on /home/airflow/.local/lib/python3.7/site-packages/airflow/example_dags/example_kubernetes_executor.py
[2022-11-22T19:43:21.119+0000] {processor.py:756} INFO - Processing file /home/airflow/.local/lib/python3.7/site-packages/airflow/example_dags/example_kubernetes_executor.py for tasks to queue
[2022-11-22T19:43:21.121+0000] {logging_mixin.py:137} INFO - [2022-11-22T19:43:21.121+0000] {dagbag.py:537} INFO - Filling up the DagBag from /home/airflow/.local/lib/python3.7/site-packages/airflow/example_dags/example_kubernetes_executor.py
[2022-11-22T19:43:21.140+0000] {processor.py:766} INFO - DAG(s) dict_keys(['example_kubernetes_executor']) retrieved from /home/airflow/.local/lib/python3.7/site-packages/airflow/example_dags/example_kubernetes_executor.py
[2022-11-22T19:43:21.170+0000] {logging_mixin.py:137} INFO - [2022-11-22T19:43:21.170+0000] {dag.py:2585} INFO - Sync 1 DAGs
[2022-11-22T19:43:21.188+0000] {logging_mixin.py:137} INFO - [2022-11-22T19:43:21.188+0000] {dag.py:3340} INFO - Setting next_dagrun for example_kubernetes_executor to None, run_after=None
[2022-11-22T19:43:21.203+0000] {processor.py:176} INFO - Processing /home/airflow/.local/lib/python3.7/site-packages/airflow/example_dags/example_kubernetes_executor.py took 0.087 seconds
[2022-11-22T19:43:51.392+0000] {processor.py:154} INFO - Started process (PID=2158) to work on /home/airflow/.local/lib/python3.7/site-packages/airflow/example_dags/example_kubernetes_executor.py
[2022-11-22T19:43:51.394+0000] {processor.py:756} INFO - Processing file /home/airflow/.local/lib/python3.7/site-packages/airflow/example_dags/example_kubernetes_executor.py for tasks to queue
[2022-11-22T19:43:51.395+0000] {logging_mixin.py:137} INFO - [2022-11-22T19:43:51.395+0000] {dagbag.py:537} INFO - Filling up the DagBag from /home/airflow/.local/lib/python3.7/site-packages/airflow/example_dags/example_kubernetes_executor.py
[2022-11-22T19:43:51.414+0000] {processor.py:766} INFO - DAG(s) dict_keys(['example_kubernetes_executor']) retrieved from /home/airflow/.local/lib/python3.7/site-packages/airflow/example_dags/example_kubernetes_executor.py
[2022-11-22T19:43:51.450+0000] {logging_mixin.py:137} INFO - [2022-11-22T19:43:51.449+0000] {dag.py:2585} INFO - Sync 1 DAGs
[2022-11-22T19:43:51.470+0000] {logging_mixin.py:137} INFO - [2022-11-22T19:43:51.470+0000] {dag.py:3340} INFO - Setting next_dagrun for example_kubernetes_executor to None, run_after=None
[2022-11-22T19:43:51.483+0000] {processor.py:176} INFO - Processing /home/airflow/.local/lib/python3.7/site-packages/airflow/example_dags/example_kubernetes_executor.py took 0.093 seconds
[2022-11-22T19:44:21.514+0000] {processor.py:154} INFO - Started process (PID=2212) to work on /home/airflow/.local/lib/python3.7/site-packages/airflow/example_dags/example_kubernetes_executor.py
[2022-11-22T19:44:21.515+0000] {processor.py:756} INFO - Processing file /home/airflow/.local/lib/python3.7/site-packages/airflow/example_dags/example_kubernetes_executor.py for tasks to queue
[2022-11-22T19:44:21.517+0000] {logging_mixin.py:137} INFO - [2022-11-22T19:44:21.516+0000] {dagbag.py:537} INFO - Filling up the DagBag from /home/airflow/.local/lib/python3.7/site-packages/airflow/example_dags/example_kubernetes_executor.py
[2022-11-22T19:44:21.534+0000] {processor.py:766} INFO - DAG(s) dict_keys(['example_kubernetes_executor']) retrieved from /home/airflow/.local/lib/python3.7/site-packages/airflow/example_dags/example_kubernetes_executor.py
[2022-11-22T19:44:21.560+0000] {logging_mixin.py:137} INFO - [2022-11-22T19:44:21.560+0000] {dag.py:2585} INFO - Sync 1 DAGs
[2022-11-22T19:44:21.580+0000] {logging_mixin.py:137} INFO - [2022-11-22T19:44:21.580+0000] {dag.py:3340} INFO - Setting next_dagrun for example_kubernetes_executor to None, run_after=None
[2022-11-22T19:44:21.598+0000] {processor.py:176} INFO - Processing /home/airflow/.local/lib/python3.7/site-packages/airflow/example_dags/example_kubernetes_executor.py took 0.086 seconds
[2022-11-22T19:44:51.753+0000] {processor.py:154} INFO - Started process (PID=2275) to work on /home/airflow/.local/lib/python3.7/site-packages/airflow/example_dags/example_kubernetes_executor.py
[2022-11-22T19:44:51.755+0000] {processor.py:756} INFO - Processing file /home/airflow/.local/lib/python3.7/site-packages/airflow/example_dags/example_kubernetes_executor.py for tasks to queue
[2022-11-22T19:44:51.756+0000] {logging_mixin.py:137} INFO - [2022-11-22T19:44:51.756+0000] {dagbag.py:537} INFO - Filling up the DagBag from /home/airflow/.local/lib/python3.7/site-packages/airflow/example_dags/example_kubernetes_executor.py
[2022-11-22T19:44:51.773+0000] {processor.py:766} INFO - DAG(s) dict_keys(['example_kubernetes_executor']) retrieved from /home/airflow/.local/lib/python3.7/site-packages/airflow/example_dags/example_kubernetes_executor.py
[2022-11-22T19:44:51.818+0000] {logging_mixin.py:137} INFO - [2022-11-22T19:44:51.817+0000] {dag.py:2585} INFO - Sync 1 DAGs
[2022-11-22T19:44:51.860+0000] {logging_mixin.py:137} INFO - [2022-11-22T19:44:51.860+0000] {dag.py:3340} INFO - Setting next_dagrun for example_kubernetes_executor to None, run_after=None
[2022-11-22T19:44:51.882+0000] {processor.py:176} INFO - Processing /home/airflow/.local/lib/python3.7/site-packages/airflow/example_dags/example_kubernetes_executor.py took 0.131 seconds
[2022-11-22T19:45:21.952+0000] {processor.py:154} INFO - Started process (PID=2339) to work on /home/airflow/.local/lib/python3.7/site-packages/airflow/example_dags/example_kubernetes_executor.py
[2022-11-22T19:45:21.954+0000] {processor.py:756} INFO - Processing file /home/airflow/.local/lib/python3.7/site-packages/airflow/example_dags/example_kubernetes_executor.py for tasks to queue
[2022-11-22T19:45:21.955+0000] {logging_mixin.py:137} INFO - [2022-11-22T19:45:21.955+0000] {dagbag.py:537} INFO - Filling up the DagBag from /home/airflow/.local/lib/python3.7/site-packages/airflow/example_dags/example_kubernetes_executor.py
[2022-11-22T19:45:21.973+0000] {processor.py:766} INFO - DAG(s) dict_keys(['example_kubernetes_executor']) retrieved from /home/airflow/.local/lib/python3.7/site-packages/airflow/example_dags/example_kubernetes_executor.py
[2022-11-22T19:45:22.001+0000] {logging_mixin.py:137} INFO - [2022-11-22T19:45:22.001+0000] {dag.py:2585} INFO - Sync 1 DAGs
[2022-11-22T19:45:22.021+0000] {logging_mixin.py:137} INFO - [2022-11-22T19:45:22.021+0000] {dag.py:3340} INFO - Setting next_dagrun for example_kubernetes_executor to None, run_after=None
[2022-11-22T19:45:22.033+0000] {processor.py:176} INFO - Processing /home/airflow/.local/lib/python3.7/site-packages/airflow/example_dags/example_kubernetes_executor.py took 0.082 seconds
[2022-11-22T19:45:52.600+0000] {processor.py:154} INFO - Started process (PID=2403) to work on /home/airflow/.local/lib/python3.7/site-packages/airflow/example_dags/example_kubernetes_executor.py
[2022-11-22T19:45:52.602+0000] {processor.py:756} INFO - Processing file /home/airflow/.local/lib/python3.7/site-packages/airflow/example_dags/example_kubernetes_executor.py for tasks to queue
[2022-11-22T19:45:52.602+0000] {logging_mixin.py:137} INFO - [2022-11-22T19:45:52.602+0000] {dagbag.py:537} INFO - Filling up the DagBag from /home/airflow/.local/lib/python3.7/site-packages/airflow/example_dags/example_kubernetes_executor.py
[2022-11-22T19:45:52.620+0000] {processor.py:766} INFO - DAG(s) dict_keys(['example_kubernetes_executor']) retrieved from /home/airflow/.local/lib/python3.7/site-packages/airflow/example_dags/example_kubernetes_executor.py
[2022-11-22T19:45:52.649+0000] {logging_mixin.py:137} INFO - [2022-11-22T19:45:52.648+0000] {dag.py:2585} INFO - Sync 1 DAGs
[2022-11-22T19:45:52.665+0000] {logging_mixin.py:137} INFO - [2022-11-22T19:45:52.665+0000] {dag.py:3340} INFO - Setting next_dagrun for example_kubernetes_executor to None, run_after=None
[2022-11-22T19:45:52.679+0000] {processor.py:176} INFO - Processing /home/airflow/.local/lib/python3.7/site-packages/airflow/example_dags/example_kubernetes_executor.py took 0.081 seconds
[2022-11-22T19:46:23.271+0000] {processor.py:154} INFO - Started process (PID=2458) to work on /home/airflow/.local/lib/python3.7/site-packages/airflow/example_dags/example_kubernetes_executor.py
[2022-11-22T19:46:23.273+0000] {processor.py:756} INFO - Processing file /home/airflow/.local/lib/python3.7/site-packages/airflow/example_dags/example_kubernetes_executor.py for tasks to queue
[2022-11-22T19:46:23.276+0000] {logging_mixin.py:137} INFO - [2022-11-22T19:46:23.276+0000] {dagbag.py:537} INFO - Filling up the DagBag from /home/airflow/.local/lib/python3.7/site-packages/airflow/example_dags/example_kubernetes_executor.py
[2022-11-22T19:46:23.295+0000] {processor.py:766} INFO - DAG(s) dict_keys(['example_kubernetes_executor']) retrieved from /home/airflow/.local/lib/python3.7/site-packages/airflow/example_dags/example_kubernetes_executor.py
[2022-11-22T19:46:23.333+0000] {logging_mixin.py:137} INFO - [2022-11-22T19:46:23.333+0000] {dag.py:2585} INFO - Sync 1 DAGs
[2022-11-22T19:46:23.353+0000] {logging_mixin.py:137} INFO - [2022-11-22T19:46:23.353+0000] {dag.py:3340} INFO - Setting next_dagrun for example_kubernetes_executor to None, run_after=None
[2022-11-22T19:46:23.380+0000] {processor.py:176} INFO - Processing /home/airflow/.local/lib/python3.7/site-packages/airflow/example_dags/example_kubernetes_executor.py took 0.112 seconds
[2022-11-22T19:46:54.233+0000] {processor.py:154} INFO - Started process (PID=2520) to work on /home/airflow/.local/lib/python3.7/site-packages/airflow/example_dags/example_kubernetes_executor.py
[2022-11-22T19:46:54.238+0000] {processor.py:756} INFO - Processing file /home/airflow/.local/lib/python3.7/site-packages/airflow/example_dags/example_kubernetes_executor.py for tasks to queue
[2022-11-22T19:46:54.243+0000] {logging_mixin.py:137} INFO - [2022-11-22T19:46:54.243+0000] {dagbag.py:537} INFO - Filling up the DagBag from /home/airflow/.local/lib/python3.7/site-packages/airflow/example_dags/example_kubernetes_executor.py
[2022-11-22T19:46:54.331+0000] {processor.py:766} INFO - DAG(s) dict_keys(['example_kubernetes_executor']) retrieved from /home/airflow/.local/lib/python3.7/site-packages/airflow/example_dags/example_kubernetes_executor.py
[2022-11-22T19:46:54.413+0000] {logging_mixin.py:137} INFO - [2022-11-22T19:46:54.413+0000] {dag.py:2585} INFO - Sync 1 DAGs
[2022-11-22T19:46:54.433+0000] {logging_mixin.py:137} INFO - [2022-11-22T19:46:54.433+0000] {dag.py:3340} INFO - Setting next_dagrun for example_kubernetes_executor to None, run_after=None
[2022-11-22T19:46:54.453+0000] {processor.py:176} INFO - Processing /home/airflow/.local/lib/python3.7/site-packages/airflow/example_dags/example_kubernetes_executor.py took 0.227 seconds
[2022-11-22T19:47:25.366+0000] {processor.py:154} INFO - Started process (PID=2583) to work on /home/airflow/.local/lib/python3.7/site-packages/airflow/example_dags/example_kubernetes_executor.py
[2022-11-22T19:47:25.368+0000] {processor.py:756} INFO - Processing file /home/airflow/.local/lib/python3.7/site-packages/airflow/example_dags/example_kubernetes_executor.py for tasks to queue
[2022-11-22T19:47:25.369+0000] {logging_mixin.py:137} INFO - [2022-11-22T19:47:25.369+0000] {dagbag.py:537} INFO - Filling up the DagBag from /home/airflow/.local/lib/python3.7/site-packages/airflow/example_dags/example_kubernetes_executor.py
[2022-11-22T19:47:25.400+0000] {processor.py:766} INFO - DAG(s) dict_keys(['example_kubernetes_executor']) retrieved from /home/airflow/.local/lib/python3.7/site-packages/airflow/example_dags/example_kubernetes_executor.py
[2022-11-22T19:47:25.435+0000] {logging_mixin.py:137} INFO - [2022-11-22T19:47:25.435+0000] {dag.py:2585} INFO - Sync 1 DAGs
[2022-11-22T19:47:25.455+0000] {logging_mixin.py:137} INFO - [2022-11-22T19:47:25.455+0000] {dag.py:3340} INFO - Setting next_dagrun for example_kubernetes_executor to None, run_after=None
[2022-11-22T19:47:25.479+0000] {processor.py:176} INFO - Processing /home/airflow/.local/lib/python3.7/site-packages/airflow/example_dags/example_kubernetes_executor.py took 0.115 seconds
[2022-11-22T19:47:55.873+0000] {processor.py:154} INFO - Started process (PID=2645) to work on /home/airflow/.local/lib/python3.7/site-packages/airflow/example_dags/example_kubernetes_executor.py
[2022-11-22T19:47:55.876+0000] {processor.py:756} INFO - Processing file /home/airflow/.local/lib/python3.7/site-packages/airflow/example_dags/example_kubernetes_executor.py for tasks to queue
[2022-11-22T19:47:55.878+0000] {logging_mixin.py:137} INFO - [2022-11-22T19:47:55.878+0000] {dagbag.py:537} INFO - Filling up the DagBag from /home/airflow/.local/lib/python3.7/site-packages/airflow/example_dags/example_kubernetes_executor.py
[2022-11-22T19:47:55.914+0000] {processor.py:766} INFO - DAG(s) dict_keys(['example_kubernetes_executor']) retrieved from /home/airflow/.local/lib/python3.7/site-packages/airflow/example_dags/example_kubernetes_executor.py
[2022-11-22T19:47:55.946+0000] {logging_mixin.py:137} INFO - [2022-11-22T19:47:55.946+0000] {dag.py:2585} INFO - Sync 1 DAGs
[2022-11-22T19:47:55.967+0000] {logging_mixin.py:137} INFO - [2022-11-22T19:47:55.966+0000] {dag.py:3340} INFO - Setting next_dagrun for example_kubernetes_executor to None, run_after=None
[2022-11-22T19:47:55.980+0000] {processor.py:176} INFO - Processing /home/airflow/.local/lib/python3.7/site-packages/airflow/example_dags/example_kubernetes_executor.py took 0.113 seconds
[2022-11-22T19:48:26.571+0000] {processor.py:154} INFO - Started process (PID=2698) to work on /home/airflow/.local/lib/python3.7/site-packages/airflow/example_dags/example_kubernetes_executor.py
[2022-11-22T19:48:26.573+0000] {processor.py:756} INFO - Processing file /home/airflow/.local/lib/python3.7/site-packages/airflow/example_dags/example_kubernetes_executor.py for tasks to queue
[2022-11-22T19:48:26.575+0000] {logging_mixin.py:137} INFO - [2022-11-22T19:48:26.575+0000] {dagbag.py:537} INFO - Filling up the DagBag from /home/airflow/.local/lib/python3.7/site-packages/airflow/example_dags/example_kubernetes_executor.py
[2022-11-22T19:48:26.601+0000] {processor.py:766} INFO - DAG(s) dict_keys(['example_kubernetes_executor']) retrieved from /home/airflow/.local/lib/python3.7/site-packages/airflow/example_dags/example_kubernetes_executor.py
[2022-11-22T19:48:26.632+0000] {logging_mixin.py:137} INFO - [2022-11-22T19:48:26.632+0000] {dag.py:2585} INFO - Sync 1 DAGs
[2022-11-22T19:48:26.652+0000] {logging_mixin.py:137} INFO - [2022-11-22T19:48:26.652+0000] {dag.py:3340} INFO - Setting next_dagrun for example_kubernetes_executor to None, run_after=None
[2022-11-22T19:48:26.673+0000] {processor.py:176} INFO - Processing /home/airflow/.local/lib/python3.7/site-packages/airflow/example_dags/example_kubernetes_executor.py took 0.107 seconds
[2022-11-22T19:48:56.833+0000] {processor.py:154} INFO - Started process (PID=2761) to work on /home/airflow/.local/lib/python3.7/site-packages/airflow/example_dags/example_kubernetes_executor.py
[2022-11-22T19:48:56.837+0000] {processor.py:756} INFO - Processing file /home/airflow/.local/lib/python3.7/site-packages/airflow/example_dags/example_kubernetes_executor.py for tasks to queue
[2022-11-22T19:48:56.841+0000] {logging_mixin.py:137} INFO - [2022-11-22T19:48:56.841+0000] {dagbag.py:537} INFO - Filling up the DagBag from /home/airflow/.local/lib/python3.7/site-packages/airflow/example_dags/example_kubernetes_executor.py
[2022-11-22T19:48:56.886+0000] {processor.py:766} INFO - DAG(s) dict_keys(['example_kubernetes_executor']) retrieved from /home/airflow/.local/lib/python3.7/site-packages/airflow/example_dags/example_kubernetes_executor.py
[2022-11-22T19:48:56.933+0000] {logging_mixin.py:137} INFO - [2022-11-22T19:48:56.933+0000] {dag.py:2585} INFO - Sync 1 DAGs
[2022-11-22T19:48:56.962+0000] {logging_mixin.py:137} INFO - [2022-11-22T19:48:56.962+0000] {dag.py:3340} INFO - Setting next_dagrun for example_kubernetes_executor to None, run_after=None
[2022-11-22T19:48:56.986+0000] {processor.py:176} INFO - Processing /home/airflow/.local/lib/python3.7/site-packages/airflow/example_dags/example_kubernetes_executor.py took 0.161 seconds
[2022-11-22T19:49:27.913+0000] {processor.py:154} INFO - Started process (PID=2824) to work on /home/airflow/.local/lib/python3.7/site-packages/airflow/example_dags/example_kubernetes_executor.py
[2022-11-22T19:49:27.915+0000] {processor.py:756} INFO - Processing file /home/airflow/.local/lib/python3.7/site-packages/airflow/example_dags/example_kubernetes_executor.py for tasks to queue
[2022-11-22T19:49:27.917+0000] {logging_mixin.py:137} INFO - [2022-11-22T19:49:27.917+0000] {dagbag.py:537} INFO - Filling up the DagBag from /home/airflow/.local/lib/python3.7/site-packages/airflow/example_dags/example_kubernetes_executor.py
[2022-11-22T19:49:27.941+0000] {processor.py:766} INFO - DAG(s) dict_keys(['example_kubernetes_executor']) retrieved from /home/airflow/.local/lib/python3.7/site-packages/airflow/example_dags/example_kubernetes_executor.py
[2022-11-22T19:49:27.971+0000] {logging_mixin.py:137} INFO - [2022-11-22T19:49:27.971+0000] {dag.py:2585} INFO - Sync 1 DAGs
[2022-11-22T19:49:27.987+0000] {logging_mixin.py:137} INFO - [2022-11-22T19:49:27.987+0000] {dag.py:3340} INFO - Setting next_dagrun for example_kubernetes_executor to None, run_after=None
[2022-11-22T19:49:28.001+0000] {processor.py:176} INFO - Processing /home/airflow/.local/lib/python3.7/site-packages/airflow/example_dags/example_kubernetes_executor.py took 0.091 seconds
[2022-11-22T19:49:58.774+0000] {processor.py:154} INFO - Started process (PID=2888) to work on /home/airflow/.local/lib/python3.7/site-packages/airflow/example_dags/example_kubernetes_executor.py
[2022-11-22T19:49:58.778+0000] {processor.py:756} INFO - Processing file /home/airflow/.local/lib/python3.7/site-packages/airflow/example_dags/example_kubernetes_executor.py for tasks to queue
[2022-11-22T19:49:58.781+0000] {logging_mixin.py:137} INFO - [2022-11-22T19:49:58.781+0000] {dagbag.py:537} INFO - Filling up the DagBag from /home/airflow/.local/lib/python3.7/site-packages/airflow/example_dags/example_kubernetes_executor.py
[2022-11-22T19:49:58.816+0000] {processor.py:766} INFO - DAG(s) dict_keys(['example_kubernetes_executor']) retrieved from /home/airflow/.local/lib/python3.7/site-packages/airflow/example_dags/example_kubernetes_executor.py
[2022-11-22T19:49:58.845+0000] {logging_mixin.py:137} INFO - [2022-11-22T19:49:58.845+0000] {dag.py:2585} INFO - Sync 1 DAGs
[2022-11-22T19:49:58.861+0000] {logging_mixin.py:137} INFO - [2022-11-22T19:49:58.861+0000] {dag.py:3340} INFO - Setting next_dagrun for example_kubernetes_executor to None, run_after=None
[2022-11-22T19:49:58.874+0000] {processor.py:176} INFO - Processing /home/airflow/.local/lib/python3.7/site-packages/airflow/example_dags/example_kubernetes_executor.py took 0.108 seconds
[2022-11-22T19:50:29.301+0000] {processor.py:154} INFO - Started process (PID=2951) to work on /home/airflow/.local/lib/python3.7/site-packages/airflow/example_dags/example_kubernetes_executor.py
[2022-11-22T19:50:29.303+0000] {processor.py:756} INFO - Processing file /home/airflow/.local/lib/python3.7/site-packages/airflow/example_dags/example_kubernetes_executor.py for tasks to queue
[2022-11-22T19:50:29.306+0000] {logging_mixin.py:137} INFO - [2022-11-22T19:50:29.305+0000] {dagbag.py:537} INFO - Filling up the DagBag from /home/airflow/.local/lib/python3.7/site-packages/airflow/example_dags/example_kubernetes_executor.py
[2022-11-22T19:50:29.342+0000] {processor.py:766} INFO - DAG(s) dict_keys(['example_kubernetes_executor']) retrieved from /home/airflow/.local/lib/python3.7/site-packages/airflow/example_dags/example_kubernetes_executor.py
[2022-11-22T19:50:29.380+0000] {logging_mixin.py:137} INFO - [2022-11-22T19:50:29.379+0000] {dag.py:2585} INFO - Sync 1 DAGs
[2022-11-22T19:50:29.400+0000] {logging_mixin.py:137} INFO - [2022-11-22T19:50:29.400+0000] {dag.py:3340} INFO - Setting next_dagrun for example_kubernetes_executor to None, run_after=None
[2022-11-22T19:50:29.419+0000] {processor.py:176} INFO - Processing /home/airflow/.local/lib/python3.7/site-packages/airflow/example_dags/example_kubernetes_executor.py took 0.122 seconds
[2022-11-22T19:50:59.991+0000] {processor.py:154} INFO - Started process (PID=3005) to work on /home/airflow/.local/lib/python3.7/site-packages/airflow/example_dags/example_kubernetes_executor.py
[2022-11-22T19:51:00.000+0000] {processor.py:756} INFO - Processing file /home/airflow/.local/lib/python3.7/site-packages/airflow/example_dags/example_kubernetes_executor.py for tasks to queue
[2022-11-22T19:51:00.007+0000] {logging_mixin.py:137} INFO - [2022-11-22T19:51:00.007+0000] {dagbag.py:537} INFO - Filling up the DagBag from /home/airflow/.local/lib/python3.7/site-packages/airflow/example_dags/example_kubernetes_executor.py
[2022-11-22T19:51:00.056+0000] {processor.py:766} INFO - DAG(s) dict_keys(['example_kubernetes_executor']) retrieved from /home/airflow/.local/lib/python3.7/site-packages/airflow/example_dags/example_kubernetes_executor.py
[2022-11-22T19:51:00.120+0000] {logging_mixin.py:137} INFO - [2022-11-22T19:51:00.120+0000] {dag.py:2585} INFO - Sync 1 DAGs
[2022-11-22T19:51:00.149+0000] {logging_mixin.py:137} INFO - [2022-11-22T19:51:00.149+0000] {dag.py:3340} INFO - Setting next_dagrun for example_kubernetes_executor to None, run_after=None
[2022-11-22T19:51:00.167+0000] {processor.py:176} INFO - Processing /home/airflow/.local/lib/python3.7/site-packages/airflow/example_dags/example_kubernetes_executor.py took 0.182 seconds
[2022-11-22T19:51:30.924+0000] {processor.py:154} INFO - Started process (PID=3068) to work on /home/airflow/.local/lib/python3.7/site-packages/airflow/example_dags/example_kubernetes_executor.py
[2022-11-22T19:51:30.928+0000] {processor.py:756} INFO - Processing file /home/airflow/.local/lib/python3.7/site-packages/airflow/example_dags/example_kubernetes_executor.py for tasks to queue
[2022-11-22T19:51:30.933+0000] {logging_mixin.py:137} INFO - [2022-11-22T19:51:30.933+0000] {dagbag.py:537} INFO - Filling up the DagBag from /home/airflow/.local/lib/python3.7/site-packages/airflow/example_dags/example_kubernetes_executor.py
[2022-11-22T19:51:30.989+0000] {processor.py:766} INFO - DAG(s) dict_keys(['example_kubernetes_executor']) retrieved from /home/airflow/.local/lib/python3.7/site-packages/airflow/example_dags/example_kubernetes_executor.py
[2022-11-22T19:51:31.052+0000] {logging_mixin.py:137} INFO - [2022-11-22T19:51:31.052+0000] {dag.py:2585} INFO - Sync 1 DAGs
[2022-11-22T19:51:31.076+0000] {logging_mixin.py:137} INFO - [2022-11-22T19:51:31.075+0000] {dag.py:3340} INFO - Setting next_dagrun for example_kubernetes_executor to None, run_after=None
[2022-11-22T19:51:31.091+0000] {processor.py:176} INFO - Processing /home/airflow/.local/lib/python3.7/site-packages/airflow/example_dags/example_kubernetes_executor.py took 0.174 seconds
[2022-11-22T19:52:01.935+0000] {processor.py:154} INFO - Started process (PID=3131) to work on /home/airflow/.local/lib/python3.7/site-packages/airflow/example_dags/example_kubernetes_executor.py
[2022-11-22T19:52:01.941+0000] {processor.py:756} INFO - Processing file /home/airflow/.local/lib/python3.7/site-packages/airflow/example_dags/example_kubernetes_executor.py for tasks to queue
[2022-11-22T19:52:01.944+0000] {logging_mixin.py:137} INFO - [2022-11-22T19:52:01.943+0000] {dagbag.py:537} INFO - Filling up the DagBag from /home/airflow/.local/lib/python3.7/site-packages/airflow/example_dags/example_kubernetes_executor.py
[2022-11-22T19:52:02.005+0000] {processor.py:766} INFO - DAG(s) dict_keys(['example_kubernetes_executor']) retrieved from /home/airflow/.local/lib/python3.7/site-packages/airflow/example_dags/example_kubernetes_executor.py
[2022-11-22T19:52:02.051+0000] {logging_mixin.py:137} INFO - [2022-11-22T19:52:02.050+0000] {dag.py:2585} INFO - Sync 1 DAGs
[2022-11-22T19:52:02.075+0000] {logging_mixin.py:137} INFO - [2022-11-22T19:52:02.074+0000] {dag.py:3340} INFO - Setting next_dagrun for example_kubernetes_executor to None, run_after=None
[2022-11-22T19:52:02.095+0000] {processor.py:176} INFO - Processing /home/airflow/.local/lib/python3.7/site-packages/airflow/example_dags/example_kubernetes_executor.py took 0.163 seconds
[2022-11-22T19:52:33.137+0000] {processor.py:154} INFO - Started process (PID=3193) to work on /home/airflow/.local/lib/python3.7/site-packages/airflow/example_dags/example_kubernetes_executor.py
[2022-11-22T19:52:33.142+0000] {processor.py:756} INFO - Processing file /home/airflow/.local/lib/python3.7/site-packages/airflow/example_dags/example_kubernetes_executor.py for tasks to queue
[2022-11-22T19:52:33.144+0000] {logging_mixin.py:137} INFO - [2022-11-22T19:52:33.144+0000] {dagbag.py:537} INFO - Filling up the DagBag from /home/airflow/.local/lib/python3.7/site-packages/airflow/example_dags/example_kubernetes_executor.py
[2022-11-22T19:52:33.186+0000] {processor.py:766} INFO - DAG(s) dict_keys(['example_kubernetes_executor']) retrieved from /home/airflow/.local/lib/python3.7/site-packages/airflow/example_dags/example_kubernetes_executor.py
[2022-11-22T19:52:33.230+0000] {logging_mixin.py:137} INFO - [2022-11-22T19:52:33.229+0000] {dag.py:2585} INFO - Sync 1 DAGs
[2022-11-22T19:52:33.253+0000] {logging_mixin.py:137} INFO - [2022-11-22T19:52:33.253+0000] {dag.py:3340} INFO - Setting next_dagrun for example_kubernetes_executor to None, run_after=None
[2022-11-22T19:52:33.270+0000] {processor.py:176} INFO - Processing /home/airflow/.local/lib/python3.7/site-packages/airflow/example_dags/example_kubernetes_executor.py took 0.143 seconds
[2022-11-22T19:53:04.126+0000] {processor.py:154} INFO - Started process (PID=3255) to work on /home/airflow/.local/lib/python3.7/site-packages/airflow/example_dags/example_kubernetes_executor.py
[2022-11-22T19:53:04.130+0000] {processor.py:756} INFO - Processing file /home/airflow/.local/lib/python3.7/site-packages/airflow/example_dags/example_kubernetes_executor.py for tasks to queue
[2022-11-22T19:53:04.134+0000] {logging_mixin.py:137} INFO - [2022-11-22T19:53:04.134+0000] {dagbag.py:537} INFO - Filling up the DagBag from /home/airflow/.local/lib/python3.7/site-packages/airflow/example_dags/example_kubernetes_executor.py
[2022-11-22T19:53:04.185+0000] {processor.py:766} INFO - DAG(s) dict_keys(['example_kubernetes_executor']) retrieved from /home/airflow/.local/lib/python3.7/site-packages/airflow/example_dags/example_kubernetes_executor.py
[2022-11-22T19:53:04.238+0000] {logging_mixin.py:137} INFO - [2022-11-22T19:53:04.238+0000] {dag.py:2585} INFO - Sync 1 DAGs
[2022-11-22T19:53:04.262+0000] {logging_mixin.py:137} INFO - [2022-11-22T19:53:04.262+0000] {dag.py:3340} INFO - Setting next_dagrun for example_kubernetes_executor to None, run_after=None
[2022-11-22T19:53:04.278+0000] {processor.py:176} INFO - Processing /home/airflow/.local/lib/python3.7/site-packages/airflow/example_dags/example_kubernetes_executor.py took 0.161 seconds
[2022-11-22T19:53:35.163+0000] {processor.py:154} INFO - Started process (PID=3309) to work on /home/airflow/.local/lib/python3.7/site-packages/airflow/example_dags/example_kubernetes_executor.py
[2022-11-22T19:53:35.170+0000] {processor.py:756} INFO - Processing file /home/airflow/.local/lib/python3.7/site-packages/airflow/example_dags/example_kubernetes_executor.py for tasks to queue
[2022-11-22T19:53:35.174+0000] {logging_mixin.py:137} INFO - [2022-11-22T19:53:35.173+0000] {dagbag.py:537} INFO - Filling up the DagBag from /home/airflow/.local/lib/python3.7/site-packages/airflow/example_dags/example_kubernetes_executor.py
[2022-11-22T19:53:35.281+0000] {processor.py:766} INFO - DAG(s) dict_keys(['example_kubernetes_executor']) retrieved from /home/airflow/.local/lib/python3.7/site-packages/airflow/example_dags/example_kubernetes_executor.py
[2022-11-22T19:53:35.356+0000] {logging_mixin.py:137} INFO - [2022-11-22T19:53:35.356+0000] {dag.py:2585} INFO - Sync 1 DAGs
[2022-11-22T19:53:35.397+0000] {logging_mixin.py:137} INFO - [2022-11-22T19:53:35.397+0000] {dag.py:3340} INFO - Setting next_dagrun for example_kubernetes_executor to None, run_after=None
[2022-11-22T19:53:35.435+0000] {processor.py:176} INFO - Processing /home/airflow/.local/lib/python3.7/site-packages/airflow/example_dags/example_kubernetes_executor.py took 0.277 seconds
[2022-11-22T19:54:05.872+0000] {processor.py:154} INFO - Started process (PID=3372) to work on /home/airflow/.local/lib/python3.7/site-packages/airflow/example_dags/example_kubernetes_executor.py
[2022-11-22T19:54:05.875+0000] {processor.py:756} INFO - Processing file /home/airflow/.local/lib/python3.7/site-packages/airflow/example_dags/example_kubernetes_executor.py for tasks to queue
[2022-11-22T19:54:05.877+0000] {logging_mixin.py:137} INFO - [2022-11-22T19:54:05.877+0000] {dagbag.py:537} INFO - Filling up the DagBag from /home/airflow/.local/lib/python3.7/site-packages/airflow/example_dags/example_kubernetes_executor.py
[2022-11-22T19:54:05.920+0000] {processor.py:766} INFO - DAG(s) dict_keys(['example_kubernetes_executor']) retrieved from /home/airflow/.local/lib/python3.7/site-packages/airflow/example_dags/example_kubernetes_executor.py
[2022-11-22T19:54:05.976+0000] {logging_mixin.py:137} INFO - [2022-11-22T19:54:05.976+0000] {dag.py:2585} INFO - Sync 1 DAGs
[2022-11-22T19:54:06.005+0000] {logging_mixin.py:137} INFO - [2022-11-22T19:54:06.005+0000] {dag.py:3340} INFO - Setting next_dagrun for example_kubernetes_executor to None, run_after=None
[2022-11-22T19:54:06.021+0000] {processor.py:176} INFO - Processing /home/airflow/.local/lib/python3.7/site-packages/airflow/example_dags/example_kubernetes_executor.py took 0.156 seconds
[2022-11-22T19:54:36.552+0000] {processor.py:154} INFO - Started process (PID=3434) to work on /home/airflow/.local/lib/python3.7/site-packages/airflow/example_dags/example_kubernetes_executor.py
[2022-11-22T19:54:36.554+0000] {processor.py:756} INFO - Processing file /home/airflow/.local/lib/python3.7/site-packages/airflow/example_dags/example_kubernetes_executor.py for tasks to queue
[2022-11-22T19:54:36.556+0000] {logging_mixin.py:137} INFO - [2022-11-22T19:54:36.556+0000] {dagbag.py:537} INFO - Filling up the DagBag from /home/airflow/.local/lib/python3.7/site-packages/airflow/example_dags/example_kubernetes_executor.py
[2022-11-22T19:54:36.608+0000] {processor.py:766} INFO - DAG(s) dict_keys(['example_kubernetes_executor']) retrieved from /home/airflow/.local/lib/python3.7/site-packages/airflow/example_dags/example_kubernetes_executor.py
[2022-11-22T19:54:36.667+0000] {logging_mixin.py:137} INFO - [2022-11-22T19:54:36.667+0000] {dag.py:2585} INFO - Sync 1 DAGs
[2022-11-22T19:54:36.693+0000] {logging_mixin.py:137} INFO - [2022-11-22T19:54:36.693+0000] {dag.py:3340} INFO - Setting next_dagrun for example_kubernetes_executor to None, run_after=None
[2022-11-22T19:54:36.710+0000] {processor.py:176} INFO - Processing /home/airflow/.local/lib/python3.7/site-packages/airflow/example_dags/example_kubernetes_executor.py took 0.162 seconds
[2022-11-22T19:55:07.486+0000] {processor.py:154} INFO - Started process (PID=3497) to work on /home/airflow/.local/lib/python3.7/site-packages/airflow/example_dags/example_kubernetes_executor.py
[2022-11-22T19:55:07.488+0000] {processor.py:756} INFO - Processing file /home/airflow/.local/lib/python3.7/site-packages/airflow/example_dags/example_kubernetes_executor.py for tasks to queue
[2022-11-22T19:55:07.489+0000] {logging_mixin.py:137} INFO - [2022-11-22T19:55:07.489+0000] {dagbag.py:537} INFO - Filling up the DagBag from /home/airflow/.local/lib/python3.7/site-packages/airflow/example_dags/example_kubernetes_executor.py
[2022-11-22T19:55:07.521+0000] {processor.py:766} INFO - DAG(s) dict_keys(['example_kubernetes_executor']) retrieved from /home/airflow/.local/lib/python3.7/site-packages/airflow/example_dags/example_kubernetes_executor.py
[2022-11-22T19:55:07.559+0000] {logging_mixin.py:137} INFO - [2022-11-22T19:55:07.559+0000] {dag.py:2585} INFO - Sync 1 DAGs
[2022-11-22T19:55:07.579+0000] {logging_mixin.py:137} INFO - [2022-11-22T19:55:07.579+0000] {dag.py:3340} INFO - Setting next_dagrun for example_kubernetes_executor to None, run_after=None
[2022-11-22T19:55:07.601+0000] {processor.py:176} INFO - Processing /home/airflow/.local/lib/python3.7/site-packages/airflow/example_dags/example_kubernetes_executor.py took 0.118 seconds
[2022-11-22T19:55:37.874+0000] {processor.py:154} INFO - Started process (PID=3551) to work on /home/airflow/.local/lib/python3.7/site-packages/airflow/example_dags/example_kubernetes_executor.py
[2022-11-22T19:55:37.881+0000] {processor.py:756} INFO - Processing file /home/airflow/.local/lib/python3.7/site-packages/airflow/example_dags/example_kubernetes_executor.py for tasks to queue
[2022-11-22T19:55:37.884+0000] {logging_mixin.py:137} INFO - [2022-11-22T19:55:37.884+0000] {dagbag.py:537} INFO - Filling up the DagBag from /home/airflow/.local/lib/python3.7/site-packages/airflow/example_dags/example_kubernetes_executor.py
[2022-11-22T19:55:37.955+0000] {processor.py:766} INFO - DAG(s) dict_keys(['example_kubernetes_executor']) retrieved from /home/airflow/.local/lib/python3.7/site-packages/airflow/example_dags/example_kubernetes_executor.py
[2022-11-22T19:55:38.035+0000] {logging_mixin.py:137} INFO - [2022-11-22T19:55:38.034+0000] {dag.py:2585} INFO - Sync 1 DAGs
[2022-11-22T19:55:38.063+0000] {logging_mixin.py:137} INFO - [2022-11-22T19:55:38.063+0000] {dag.py:3340} INFO - Setting next_dagrun for example_kubernetes_executor to None, run_after=None
[2022-11-22T19:55:38.082+0000] {processor.py:176} INFO - Processing /home/airflow/.local/lib/python3.7/site-packages/airflow/example_dags/example_kubernetes_executor.py took 0.213 seconds
[2022-11-22T19:56:08.205+0000] {processor.py:154} INFO - Started process (PID=3615) to work on /home/airflow/.local/lib/python3.7/site-packages/airflow/example_dags/example_kubernetes_executor.py
[2022-11-22T19:56:08.210+0000] {processor.py:756} INFO - Processing file /home/airflow/.local/lib/python3.7/site-packages/airflow/example_dags/example_kubernetes_executor.py for tasks to queue
[2022-11-22T19:56:08.213+0000] {logging_mixin.py:137} INFO - [2022-11-22T19:56:08.213+0000] {dagbag.py:537} INFO - Filling up the DagBag from /home/airflow/.local/lib/python3.7/site-packages/airflow/example_dags/example_kubernetes_executor.py
[2022-11-22T19:56:08.271+0000] {processor.py:766} INFO - DAG(s) dict_keys(['example_kubernetes_executor']) retrieved from /home/airflow/.local/lib/python3.7/site-packages/airflow/example_dags/example_kubernetes_executor.py
[2022-11-22T19:56:08.356+0000] {logging_mixin.py:137} INFO - [2022-11-22T19:56:08.356+0000] {dag.py:2585} INFO - Sync 1 DAGs
[2022-11-22T19:56:08.388+0000] {logging_mixin.py:137} INFO - [2022-11-22T19:56:08.388+0000] {dag.py:3340} INFO - Setting next_dagrun for example_kubernetes_executor to None, run_after=None
[2022-11-22T19:56:08.413+0000] {processor.py:176} INFO - Processing /home/airflow/.local/lib/python3.7/site-packages/airflow/example_dags/example_kubernetes_executor.py took 0.214 seconds
[2022-11-22T19:56:38.754+0000] {processor.py:154} INFO - Started process (PID=3677) to work on /home/airflow/.local/lib/python3.7/site-packages/airflow/example_dags/example_kubernetes_executor.py
[2022-11-22T19:56:38.757+0000] {processor.py:756} INFO - Processing file /home/airflow/.local/lib/python3.7/site-packages/airflow/example_dags/example_kubernetes_executor.py for tasks to queue
[2022-11-22T19:56:38.759+0000] {logging_mixin.py:137} INFO - [2022-11-22T19:56:38.759+0000] {dagbag.py:537} INFO - Filling up the DagBag from /home/airflow/.local/lib/python3.7/site-packages/airflow/example_dags/example_kubernetes_executor.py
[2022-11-22T19:56:38.793+0000] {processor.py:766} INFO - DAG(s) dict_keys(['example_kubernetes_executor']) retrieved from /home/airflow/.local/lib/python3.7/site-packages/airflow/example_dags/example_kubernetes_executor.py
[2022-11-22T19:56:38.832+0000] {logging_mixin.py:137} INFO - [2022-11-22T19:56:38.832+0000] {dag.py:2585} INFO - Sync 1 DAGs
[2022-11-22T19:56:38.852+0000] {logging_mixin.py:137} INFO - [2022-11-22T19:56:38.852+0000] {dag.py:3340} INFO - Setting next_dagrun for example_kubernetes_executor to None, run_after=None
[2022-11-22T19:56:38.867+0000] {processor.py:176} INFO - Processing /home/airflow/.local/lib/python3.7/site-packages/airflow/example_dags/example_kubernetes_executor.py took 0.120 seconds
[2022-11-22T19:57:09.350+0000] {processor.py:154} INFO - Started process (PID=3741) to work on /home/airflow/.local/lib/python3.7/site-packages/airflow/example_dags/example_kubernetes_executor.py
[2022-11-22T19:57:09.353+0000] {processor.py:756} INFO - Processing file /home/airflow/.local/lib/python3.7/site-packages/airflow/example_dags/example_kubernetes_executor.py for tasks to queue
[2022-11-22T19:57:09.355+0000] {logging_mixin.py:137} INFO - [2022-11-22T19:57:09.354+0000] {dagbag.py:537} INFO - Filling up the DagBag from /home/airflow/.local/lib/python3.7/site-packages/airflow/example_dags/example_kubernetes_executor.py
[2022-11-22T19:57:09.393+0000] {processor.py:766} INFO - DAG(s) dict_keys(['example_kubernetes_executor']) retrieved from /home/airflow/.local/lib/python3.7/site-packages/airflow/example_dags/example_kubernetes_executor.py
[2022-11-22T19:57:09.436+0000] {logging_mixin.py:137} INFO - [2022-11-22T19:57:09.436+0000] {dag.py:2585} INFO - Sync 1 DAGs
[2022-11-22T19:57:09.461+0000] {logging_mixin.py:137} INFO - [2022-11-22T19:57:09.461+0000] {dag.py:3340} INFO - Setting next_dagrun for example_kubernetes_executor to None, run_after=None
[2022-11-22T19:57:09.478+0000] {processor.py:176} INFO - Processing /home/airflow/.local/lib/python3.7/site-packages/airflow/example_dags/example_kubernetes_executor.py took 0.133 seconds
[2022-11-22T20:30:54.041+0000] {processor.py:154} INFO - Started process (PID=3795) to work on /home/airflow/.local/lib/python3.7/site-packages/airflow/example_dags/example_kubernetes_executor.py
[2022-11-22T20:30:54.043+0000] {processor.py:756} INFO - Processing file /home/airflow/.local/lib/python3.7/site-packages/airflow/example_dags/example_kubernetes_executor.py for tasks to queue
[2022-11-22T20:30:54.045+0000] {logging_mixin.py:137} INFO - [2022-11-22T20:30:54.045+0000] {dagbag.py:537} INFO - Filling up the DagBag from /home/airflow/.local/lib/python3.7/site-packages/airflow/example_dags/example_kubernetes_executor.py
[2022-11-22T20:30:54.069+0000] {processor.py:766} INFO - DAG(s) dict_keys(['example_kubernetes_executor']) retrieved from /home/airflow/.local/lib/python3.7/site-packages/airflow/example_dags/example_kubernetes_executor.py
[2022-11-22T20:30:54.102+0000] {logging_mixin.py:137} INFO - [2022-11-22T20:30:54.102+0000] {dag.py:2585} INFO - Sync 1 DAGs
[2022-11-22T20:30:54.120+0000] {logging_mixin.py:137} INFO - [2022-11-22T20:30:54.120+0000] {dag.py:3340} INFO - Setting next_dagrun for example_kubernetes_executor to None, run_after=None
[2022-11-22T20:30:54.138+0000] {processor.py:176} INFO - Processing /home/airflow/.local/lib/python3.7/site-packages/airflow/example_dags/example_kubernetes_executor.py took 0.100 seconds
[2022-11-22T21:34:49.295+0000] {processor.py:154} INFO - Started process (PID=3849) to work on /home/airflow/.local/lib/python3.7/site-packages/airflow/example_dags/example_kubernetes_executor.py
[2022-11-22T21:34:49.297+0000] {processor.py:756} INFO - Processing file /home/airflow/.local/lib/python3.7/site-packages/airflow/example_dags/example_kubernetes_executor.py for tasks to queue
[2022-11-22T21:34:49.298+0000] {logging_mixin.py:137} INFO - [2022-11-22T21:34:49.298+0000] {dagbag.py:537} INFO - Filling up the DagBag from /home/airflow/.local/lib/python3.7/site-packages/airflow/example_dags/example_kubernetes_executor.py
[2022-11-22T21:34:49.318+0000] {processor.py:766} INFO - DAG(s) dict_keys(['example_kubernetes_executor']) retrieved from /home/airflow/.local/lib/python3.7/site-packages/airflow/example_dags/example_kubernetes_executor.py
[2022-11-22T21:34:49.380+0000] {logging_mixin.py:137} INFO - [2022-11-22T21:34:49.380+0000] {dag.py:2585} INFO - Sync 1 DAGs
[2022-11-22T21:34:49.402+0000] {logging_mixin.py:137} INFO - [2022-11-22T21:34:49.402+0000] {dag.py:3340} INFO - Setting next_dagrun for example_kubernetes_executor to None, run_after=None
[2022-11-22T21:34:49.419+0000] {processor.py:176} INFO - Processing /home/airflow/.local/lib/python3.7/site-packages/airflow/example_dags/example_kubernetes_executor.py took 0.126 seconds
[2022-11-22T22:39:31.462+0000] {processor.py:154} INFO - Started process (PID=3913) to work on /home/airflow/.local/lib/python3.7/site-packages/airflow/example_dags/example_kubernetes_executor.py
[2022-11-22T22:39:31.464+0000] {processor.py:756} INFO - Processing file /home/airflow/.local/lib/python3.7/site-packages/airflow/example_dags/example_kubernetes_executor.py for tasks to queue
[2022-11-22T22:39:31.465+0000] {logging_mixin.py:137} INFO - [2022-11-22T22:39:31.465+0000] {dagbag.py:537} INFO - Filling up the DagBag from /home/airflow/.local/lib/python3.7/site-packages/airflow/example_dags/example_kubernetes_executor.py
[2022-11-22T22:39:31.485+0000] {processor.py:766} INFO - DAG(s) dict_keys(['example_kubernetes_executor']) retrieved from /home/airflow/.local/lib/python3.7/site-packages/airflow/example_dags/example_kubernetes_executor.py
[2022-11-22T22:39:31.525+0000] {logging_mixin.py:137} INFO - [2022-11-22T22:39:31.525+0000] {dag.py:2585} INFO - Sync 1 DAGs
[2022-11-22T22:39:31.547+0000] {logging_mixin.py:137} INFO - [2022-11-22T22:39:31.547+0000] {dag.py:3340} INFO - Setting next_dagrun for example_kubernetes_executor to None, run_after=None
[2022-11-22T22:39:31.565+0000] {processor.py:176} INFO - Processing /home/airflow/.local/lib/python3.7/site-packages/airflow/example_dags/example_kubernetes_executor.py took 0.105 seconds
[2022-11-22T23:47:26.962+0000] {processor.py:154} INFO - Started process (PID=3976) to work on /home/airflow/.local/lib/python3.7/site-packages/airflow/example_dags/example_kubernetes_executor.py
[2022-11-22T23:47:26.965+0000] {processor.py:756} INFO - Processing file /home/airflow/.local/lib/python3.7/site-packages/airflow/example_dags/example_kubernetes_executor.py for tasks to queue
[2022-11-22T23:47:26.967+0000] {logging_mixin.py:137} INFO - [2022-11-22T23:47:26.967+0000] {dagbag.py:537} INFO - Filling up the DagBag from /home/airflow/.local/lib/python3.7/site-packages/airflow/example_dags/example_kubernetes_executor.py
[2022-11-22T23:47:27.023+0000] {processor.py:766} INFO - DAG(s) dict_keys(['example_kubernetes_executor']) retrieved from /home/airflow/.local/lib/python3.7/site-packages/airflow/example_dags/example_kubernetes_executor.py
[2022-11-22T23:47:27.084+0000] {logging_mixin.py:137} INFO - [2022-11-22T23:47:27.084+0000] {dag.py:2585} INFO - Sync 1 DAGs
[2022-11-22T23:47:27.116+0000] {logging_mixin.py:137} INFO - [2022-11-22T23:47:27.116+0000] {dag.py:3340} INFO - Setting next_dagrun for example_kubernetes_executor to None, run_after=None
[2022-11-22T23:47:27.150+0000] {processor.py:176} INFO - Processing /home/airflow/.local/lib/python3.7/site-packages/airflow/example_dags/example_kubernetes_executor.py took 0.191 seconds
