[2022-11-22T19:26:20.500+0000] {processor.py:154} INFO - Started process (PID=54) to work on /home/airflow/.local/lib/python3.7/site-packages/airflow/example_dags/example_task_group_decorator.py
[2022-11-22T19:26:20.512+0000] {processor.py:756} INFO - Processing file /home/airflow/.local/lib/python3.7/site-packages/airflow/example_dags/example_task_group_decorator.py for tasks to queue
[2022-11-22T19:26:20.514+0000] {logging_mixin.py:137} INFO - [2022-11-22T19:26:20.514+0000] {dagbag.py:537} INFO - Filling up the DagBag from /home/airflow/.local/lib/python3.7/site-packages/airflow/example_dags/example_task_group_decorator.py
[2022-11-22T19:26:20.670+0000] {processor.py:766} INFO - DAG(s) dict_keys(['example_task_group_decorator']) retrieved from /home/airflow/.local/lib/python3.7/site-packages/airflow/example_dags/example_task_group_decorator.py
[2022-11-22T19:26:21.087+0000] {logging_mixin.py:137} INFO - [2022-11-22T19:26:21.085+0000] {manager.py:507} INFO - Created Permission View: can delete on DAG:example_task_group_decorator
[2022-11-22T19:26:21.136+0000] {logging_mixin.py:137} INFO - [2022-11-22T19:26:21.135+0000] {manager.py:507} INFO - Created Permission View: can read on DAG:example_task_group_decorator
[2022-11-22T19:26:21.160+0000] {logging_mixin.py:137} INFO - [2022-11-22T19:26:21.159+0000] {manager.py:507} INFO - Created Permission View: can edit on DAG:example_task_group_decorator
[2022-11-22T19:26:21.165+0000] {logging_mixin.py:137} INFO - [2022-11-22T19:26:21.164+0000] {dag.py:2585} INFO - Sync 1 DAGs
[2022-11-22T19:26:21.237+0000] {logging_mixin.py:137} INFO - [2022-11-22T19:26:21.237+0000] {dag.py:2606} INFO - Creating ORM DAG for example_task_group_decorator
[2022-11-22T19:26:21.285+0000] {logging_mixin.py:137} INFO - [2022-11-22T19:26:21.285+0000] {dag.py:3340} INFO - Setting next_dagrun for example_task_group_decorator to 2022-11-21T19:26:21.284404+00:00, run_after=2022-11-22T19:26:21.284404+00:00
[2022-11-22T19:26:21.357+0000] {processor.py:176} INFO - Processing /home/airflow/.local/lib/python3.7/site-packages/airflow/example_dags/example_task_group_decorator.py took 0.871 seconds
[2022-11-22T19:26:51.538+0000] {processor.py:154} INFO - Started process (PID=108) to work on /home/airflow/.local/lib/python3.7/site-packages/airflow/example_dags/example_task_group_decorator.py
[2022-11-22T19:26:51.539+0000] {processor.py:756} INFO - Processing file /home/airflow/.local/lib/python3.7/site-packages/airflow/example_dags/example_task_group_decorator.py for tasks to queue
[2022-11-22T19:26:51.540+0000] {logging_mixin.py:137} INFO - [2022-11-22T19:26:51.540+0000] {dagbag.py:537} INFO - Filling up the DagBag from /home/airflow/.local/lib/python3.7/site-packages/airflow/example_dags/example_task_group_decorator.py
[2022-11-22T19:26:51.558+0000] {processor.py:766} INFO - DAG(s) dict_keys(['example_task_group_decorator']) retrieved from /home/airflow/.local/lib/python3.7/site-packages/airflow/example_dags/example_task_group_decorator.py
[2022-11-22T19:26:51.584+0000] {logging_mixin.py:137} INFO - [2022-11-22T19:26:51.583+0000] {dag.py:2585} INFO - Sync 1 DAGs
[2022-11-22T19:26:51.598+0000] {logging_mixin.py:137} INFO - [2022-11-22T19:26:51.598+0000] {dag.py:3340} INFO - Setting next_dagrun for example_task_group_decorator to 2022-11-21T19:26:51.598369+00:00, run_after=2022-11-22T19:26:51.598369+00:00
[2022-11-22T19:26:51.622+0000] {processor.py:176} INFO - Processing /home/airflow/.local/lib/python3.7/site-packages/airflow/example_dags/example_task_group_decorator.py took 0.087 seconds
[2022-11-22T19:27:22.542+0000] {processor.py:154} INFO - Started process (PID=172) to work on /home/airflow/.local/lib/python3.7/site-packages/airflow/example_dags/example_task_group_decorator.py
[2022-11-22T19:27:22.545+0000] {processor.py:756} INFO - Processing file /home/airflow/.local/lib/python3.7/site-packages/airflow/example_dags/example_task_group_decorator.py for tasks to queue
[2022-11-22T19:27:22.548+0000] {logging_mixin.py:137} INFO - [2022-11-22T19:27:22.548+0000] {dagbag.py:537} INFO - Filling up the DagBag from /home/airflow/.local/lib/python3.7/site-packages/airflow/example_dags/example_task_group_decorator.py
[2022-11-22T19:27:22.569+0000] {processor.py:766} INFO - DAG(s) dict_keys(['example_task_group_decorator']) retrieved from /home/airflow/.local/lib/python3.7/site-packages/airflow/example_dags/example_task_group_decorator.py
[2022-11-22T19:27:22.600+0000] {logging_mixin.py:137} INFO - [2022-11-22T19:27:22.600+0000] {dag.py:2585} INFO - Sync 1 DAGs
[2022-11-22T19:27:22.628+0000] {logging_mixin.py:137} INFO - [2022-11-22T19:27:22.628+0000] {dag.py:3340} INFO - Setting next_dagrun for example_task_group_decorator to 2022-11-21T19:27:22.628080+00:00, run_after=2022-11-22T19:27:22.628080+00:00
[2022-11-22T19:27:22.644+0000] {processor.py:176} INFO - Processing /home/airflow/.local/lib/python3.7/site-packages/airflow/example_dags/example_task_group_decorator.py took 0.105 seconds
[2022-11-22T19:27:53.106+0000] {processor.py:154} INFO - Started process (PID=236) to work on /home/airflow/.local/lib/python3.7/site-packages/airflow/example_dags/example_task_group_decorator.py
[2022-11-22T19:27:53.108+0000] {processor.py:756} INFO - Processing file /home/airflow/.local/lib/python3.7/site-packages/airflow/example_dags/example_task_group_decorator.py for tasks to queue
[2022-11-22T19:27:53.110+0000] {logging_mixin.py:137} INFO - [2022-11-22T19:27:53.110+0000] {dagbag.py:537} INFO - Filling up the DagBag from /home/airflow/.local/lib/python3.7/site-packages/airflow/example_dags/example_task_group_decorator.py
[2022-11-22T19:27:53.128+0000] {processor.py:766} INFO - DAG(s) dict_keys(['example_task_group_decorator']) retrieved from /home/airflow/.local/lib/python3.7/site-packages/airflow/example_dags/example_task_group_decorator.py
[2022-11-22T19:27:53.156+0000] {logging_mixin.py:137} INFO - [2022-11-22T19:27:53.156+0000] {dag.py:2585} INFO - Sync 1 DAGs
[2022-11-22T19:27:53.172+0000] {logging_mixin.py:137} INFO - [2022-11-22T19:27:53.172+0000] {dag.py:3340} INFO - Setting next_dagrun for example_task_group_decorator to 2022-11-21T19:27:53.172301+00:00, run_after=2022-11-22T19:27:53.172301+00:00
[2022-11-22T19:27:53.190+0000] {processor.py:176} INFO - Processing /home/airflow/.local/lib/python3.7/site-packages/airflow/example_dags/example_task_group_decorator.py took 0.087 seconds
[2022-11-22T19:28:23.536+0000] {processor.py:154} INFO - Started process (PID=298) to work on /home/airflow/.local/lib/python3.7/site-packages/airflow/example_dags/example_task_group_decorator.py
[2022-11-22T19:28:23.538+0000] {processor.py:756} INFO - Processing file /home/airflow/.local/lib/python3.7/site-packages/airflow/example_dags/example_task_group_decorator.py for tasks to queue
[2022-11-22T19:28:23.539+0000] {logging_mixin.py:137} INFO - [2022-11-22T19:28:23.539+0000] {dagbag.py:537} INFO - Filling up the DagBag from /home/airflow/.local/lib/python3.7/site-packages/airflow/example_dags/example_task_group_decorator.py
[2022-11-22T19:28:23.558+0000] {processor.py:766} INFO - DAG(s) dict_keys(['example_task_group_decorator']) retrieved from /home/airflow/.local/lib/python3.7/site-packages/airflow/example_dags/example_task_group_decorator.py
[2022-11-22T19:28:23.592+0000] {logging_mixin.py:137} INFO - [2022-11-22T19:28:23.592+0000] {dag.py:2585} INFO - Sync 1 DAGs
[2022-11-22T19:28:23.617+0000] {logging_mixin.py:137} INFO - [2022-11-22T19:28:23.617+0000] {dag.py:3340} INFO - Setting next_dagrun for example_task_group_decorator to 2022-11-21T19:28:23.617087+00:00, run_after=2022-11-22T19:28:23.617087+00:00
[2022-11-22T19:28:23.636+0000] {processor.py:176} INFO - Processing /home/airflow/.local/lib/python3.7/site-packages/airflow/example_dags/example_task_group_decorator.py took 0.103 seconds
[2022-11-22T19:28:53.793+0000] {processor.py:154} INFO - Started process (PID=352) to work on /home/airflow/.local/lib/python3.7/site-packages/airflow/example_dags/example_task_group_decorator.py
[2022-11-22T19:28:53.795+0000] {processor.py:756} INFO - Processing file /home/airflow/.local/lib/python3.7/site-packages/airflow/example_dags/example_task_group_decorator.py for tasks to queue
[2022-11-22T19:28:53.797+0000] {logging_mixin.py:137} INFO - [2022-11-22T19:28:53.797+0000] {dagbag.py:537} INFO - Filling up the DagBag from /home/airflow/.local/lib/python3.7/site-packages/airflow/example_dags/example_task_group_decorator.py
[2022-11-22T19:28:53.824+0000] {processor.py:766} INFO - DAG(s) dict_keys(['example_task_group_decorator']) retrieved from /home/airflow/.local/lib/python3.7/site-packages/airflow/example_dags/example_task_group_decorator.py
[2022-11-22T19:28:53.872+0000] {logging_mixin.py:137} INFO - [2022-11-22T19:28:53.872+0000] {dag.py:2585} INFO - Sync 1 DAGs
[2022-11-22T19:28:53.898+0000] {logging_mixin.py:137} INFO - [2022-11-22T19:28:53.897+0000] {dag.py:3340} INFO - Setting next_dagrun for example_task_group_decorator to 2022-11-21T19:28:53.897690+00:00, run_after=2022-11-22T19:28:53.897690+00:00
[2022-11-22T19:28:53.914+0000] {processor.py:176} INFO - Processing /home/airflow/.local/lib/python3.7/site-packages/airflow/example_dags/example_task_group_decorator.py took 0.124 seconds
[2022-11-22T19:29:24.484+0000] {processor.py:154} INFO - Started process (PID=415) to work on /home/airflow/.local/lib/python3.7/site-packages/airflow/example_dags/example_task_group_decorator.py
[2022-11-22T19:29:24.486+0000] {processor.py:756} INFO - Processing file /home/airflow/.local/lib/python3.7/site-packages/airflow/example_dags/example_task_group_decorator.py for tasks to queue
[2022-11-22T19:29:24.487+0000] {logging_mixin.py:137} INFO - [2022-11-22T19:29:24.487+0000] {dagbag.py:537} INFO - Filling up the DagBag from /home/airflow/.local/lib/python3.7/site-packages/airflow/example_dags/example_task_group_decorator.py
[2022-11-22T19:29:24.513+0000] {processor.py:766} INFO - DAG(s) dict_keys(['example_task_group_decorator']) retrieved from /home/airflow/.local/lib/python3.7/site-packages/airflow/example_dags/example_task_group_decorator.py
[2022-11-22T19:29:24.553+0000] {logging_mixin.py:137} INFO - [2022-11-22T19:29:24.553+0000] {dag.py:2585} INFO - Sync 1 DAGs
[2022-11-22T19:29:24.573+0000] {logging_mixin.py:137} INFO - [2022-11-22T19:29:24.572+0000] {dag.py:3340} INFO - Setting next_dagrun for example_task_group_decorator to 2022-11-21T19:29:24.572673+00:00, run_after=2022-11-22T19:29:24.572673+00:00
[2022-11-22T19:29:24.596+0000] {processor.py:176} INFO - Processing /home/airflow/.local/lib/python3.7/site-packages/airflow/example_dags/example_task_group_decorator.py took 0.114 seconds
[2022-11-22T19:29:55.079+0000] {processor.py:154} INFO - Started process (PID=478) to work on /home/airflow/.local/lib/python3.7/site-packages/airflow/example_dags/example_task_group_decorator.py
[2022-11-22T19:29:55.081+0000] {processor.py:756} INFO - Processing file /home/airflow/.local/lib/python3.7/site-packages/airflow/example_dags/example_task_group_decorator.py for tasks to queue
[2022-11-22T19:29:55.082+0000] {logging_mixin.py:137} INFO - [2022-11-22T19:29:55.082+0000] {dagbag.py:537} INFO - Filling up the DagBag from /home/airflow/.local/lib/python3.7/site-packages/airflow/example_dags/example_task_group_decorator.py
[2022-11-22T19:29:55.101+0000] {processor.py:766} INFO - DAG(s) dict_keys(['example_task_group_decorator']) retrieved from /home/airflow/.local/lib/python3.7/site-packages/airflow/example_dags/example_task_group_decorator.py
[2022-11-22T19:29:55.130+0000] {logging_mixin.py:137} INFO - [2022-11-22T19:29:55.130+0000] {dag.py:2585} INFO - Sync 1 DAGs
[2022-11-22T19:29:55.146+0000] {logging_mixin.py:137} INFO - [2022-11-22T19:29:55.146+0000] {dag.py:3340} INFO - Setting next_dagrun for example_task_group_decorator to 2022-11-21T19:29:55.146379+00:00, run_after=2022-11-22T19:29:55.146379+00:00
[2022-11-22T19:29:55.164+0000] {processor.py:176} INFO - Processing /home/airflow/.local/lib/python3.7/site-packages/airflow/example_dags/example_task_group_decorator.py took 0.087 seconds
[2022-11-22T19:30:25.769+0000] {processor.py:154} INFO - Started process (PID=542) to work on /home/airflow/.local/lib/python3.7/site-packages/airflow/example_dags/example_task_group_decorator.py
[2022-11-22T19:30:25.771+0000] {processor.py:756} INFO - Processing file /home/airflow/.local/lib/python3.7/site-packages/airflow/example_dags/example_task_group_decorator.py for tasks to queue
[2022-11-22T19:30:25.773+0000] {logging_mixin.py:137} INFO - [2022-11-22T19:30:25.773+0000] {dagbag.py:537} INFO - Filling up the DagBag from /home/airflow/.local/lib/python3.7/site-packages/airflow/example_dags/example_task_group_decorator.py
[2022-11-22T19:30:25.795+0000] {processor.py:766} INFO - DAG(s) dict_keys(['example_task_group_decorator']) retrieved from /home/airflow/.local/lib/python3.7/site-packages/airflow/example_dags/example_task_group_decorator.py
[2022-11-22T19:30:25.825+0000] {logging_mixin.py:137} INFO - [2022-11-22T19:30:25.825+0000] {dag.py:2585} INFO - Sync 1 DAGs
[2022-11-22T19:30:25.841+0000] {logging_mixin.py:137} INFO - [2022-11-22T19:30:25.841+0000] {dag.py:3340} INFO - Setting next_dagrun for example_task_group_decorator to 2022-11-21T19:30:25.841255+00:00, run_after=2022-11-22T19:30:25.841255+00:00
[2022-11-22T19:30:25.854+0000] {processor.py:176} INFO - Processing /home/airflow/.local/lib/python3.7/site-packages/airflow/example_dags/example_task_group_decorator.py took 0.088 seconds
[2022-11-22T19:30:56.563+0000] {processor.py:154} INFO - Started process (PID=605) to work on /home/airflow/.local/lib/python3.7/site-packages/airflow/example_dags/example_task_group_decorator.py
[2022-11-22T19:30:56.565+0000] {processor.py:756} INFO - Processing file /home/airflow/.local/lib/python3.7/site-packages/airflow/example_dags/example_task_group_decorator.py for tasks to queue
[2022-11-22T19:30:56.567+0000] {logging_mixin.py:137} INFO - [2022-11-22T19:30:56.567+0000] {dagbag.py:537} INFO - Filling up the DagBag from /home/airflow/.local/lib/python3.7/site-packages/airflow/example_dags/example_task_group_decorator.py
[2022-11-22T19:30:56.586+0000] {processor.py:766} INFO - DAG(s) dict_keys(['example_task_group_decorator']) retrieved from /home/airflow/.local/lib/python3.7/site-packages/airflow/example_dags/example_task_group_decorator.py
[2022-11-22T19:30:56.617+0000] {logging_mixin.py:137} INFO - [2022-11-22T19:30:56.617+0000] {dag.py:2585} INFO - Sync 1 DAGs
[2022-11-22T19:30:56.637+0000] {logging_mixin.py:137} INFO - [2022-11-22T19:30:56.637+0000] {dag.py:3340} INFO - Setting next_dagrun for example_task_group_decorator to 2022-11-21T19:30:56.637230+00:00, run_after=2022-11-22T19:30:56.637230+00:00
[2022-11-22T19:30:56.651+0000] {processor.py:176} INFO - Processing /home/airflow/.local/lib/python3.7/site-packages/airflow/example_dags/example_task_group_decorator.py took 0.091 seconds
[2022-11-22T19:31:27.471+0000] {processor.py:154} INFO - Started process (PID=660) to work on /home/airflow/.local/lib/python3.7/site-packages/airflow/example_dags/example_task_group_decorator.py
[2022-11-22T19:31:27.473+0000] {processor.py:756} INFO - Processing file /home/airflow/.local/lib/python3.7/site-packages/airflow/example_dags/example_task_group_decorator.py for tasks to queue
[2022-11-22T19:31:27.475+0000] {logging_mixin.py:137} INFO - [2022-11-22T19:31:27.475+0000] {dagbag.py:537} INFO - Filling up the DagBag from /home/airflow/.local/lib/python3.7/site-packages/airflow/example_dags/example_task_group_decorator.py
[2022-11-22T19:31:27.501+0000] {processor.py:766} INFO - DAG(s) dict_keys(['example_task_group_decorator']) retrieved from /home/airflow/.local/lib/python3.7/site-packages/airflow/example_dags/example_task_group_decorator.py
[2022-11-22T19:31:27.532+0000] {logging_mixin.py:137} INFO - [2022-11-22T19:31:27.532+0000] {dag.py:2585} INFO - Sync 1 DAGs
[2022-11-22T19:31:27.549+0000] {logging_mixin.py:137} INFO - [2022-11-22T19:31:27.549+0000] {dag.py:3340} INFO - Setting next_dagrun for example_task_group_decorator to 2022-11-21T19:31:27.549743+00:00, run_after=2022-11-22T19:31:27.549743+00:00
[2022-11-22T19:31:27.564+0000] {processor.py:176} INFO - Processing /home/airflow/.local/lib/python3.7/site-packages/airflow/example_dags/example_task_group_decorator.py took 0.096 seconds
[2022-11-22T19:31:58.202+0000] {processor.py:154} INFO - Started process (PID=723) to work on /home/airflow/.local/lib/python3.7/site-packages/airflow/example_dags/example_task_group_decorator.py
[2022-11-22T19:31:58.204+0000] {processor.py:756} INFO - Processing file /home/airflow/.local/lib/python3.7/site-packages/airflow/example_dags/example_task_group_decorator.py for tasks to queue
[2022-11-22T19:31:58.206+0000] {logging_mixin.py:137} INFO - [2022-11-22T19:31:58.206+0000] {dagbag.py:537} INFO - Filling up the DagBag from /home/airflow/.local/lib/python3.7/site-packages/airflow/example_dags/example_task_group_decorator.py
[2022-11-22T19:31:58.238+0000] {processor.py:766} INFO - DAG(s) dict_keys(['example_task_group_decorator']) retrieved from /home/airflow/.local/lib/python3.7/site-packages/airflow/example_dags/example_task_group_decorator.py
[2022-11-22T19:31:58.267+0000] {logging_mixin.py:137} INFO - [2022-11-22T19:31:58.267+0000] {dag.py:2585} INFO - Sync 1 DAGs
[2022-11-22T19:31:58.282+0000] {logging_mixin.py:137} INFO - [2022-11-22T19:31:58.282+0000] {dag.py:3340} INFO - Setting next_dagrun for example_task_group_decorator to 2022-11-21T19:31:58.282043+00:00, run_after=2022-11-22T19:31:58.282043+00:00
[2022-11-22T19:31:58.295+0000] {processor.py:176} INFO - Processing /home/airflow/.local/lib/python3.7/site-packages/airflow/example_dags/example_task_group_decorator.py took 0.095 seconds
[2022-11-22T19:32:28.692+0000] {processor.py:154} INFO - Started process (PID=786) to work on /home/airflow/.local/lib/python3.7/site-packages/airflow/example_dags/example_task_group_decorator.py
[2022-11-22T19:32:28.693+0000] {processor.py:756} INFO - Processing file /home/airflow/.local/lib/python3.7/site-packages/airflow/example_dags/example_task_group_decorator.py for tasks to queue
[2022-11-22T19:32:28.695+0000] {logging_mixin.py:137} INFO - [2022-11-22T19:32:28.694+0000] {dagbag.py:537} INFO - Filling up the DagBag from /home/airflow/.local/lib/python3.7/site-packages/airflow/example_dags/example_task_group_decorator.py
[2022-11-22T19:32:28.712+0000] {processor.py:766} INFO - DAG(s) dict_keys(['example_task_group_decorator']) retrieved from /home/airflow/.local/lib/python3.7/site-packages/airflow/example_dags/example_task_group_decorator.py
[2022-11-22T19:32:28.756+0000] {logging_mixin.py:137} INFO - [2022-11-22T19:32:28.756+0000] {dag.py:2585} INFO - Sync 1 DAGs
[2022-11-22T19:32:28.775+0000] {logging_mixin.py:137} INFO - [2022-11-22T19:32:28.775+0000] {dag.py:3340} INFO - Setting next_dagrun for example_task_group_decorator to 2022-11-21T19:32:28.774819+00:00, run_after=2022-11-22T19:32:28.774819+00:00
[2022-11-22T19:32:28.790+0000] {processor.py:176} INFO - Processing /home/airflow/.local/lib/python3.7/site-packages/airflow/example_dags/example_task_group_decorator.py took 0.101 seconds
[2022-11-22T19:32:59.599+0000] {processor.py:154} INFO - Started process (PID=849) to work on /home/airflow/.local/lib/python3.7/site-packages/airflow/example_dags/example_task_group_decorator.py
[2022-11-22T19:32:59.600+0000] {processor.py:756} INFO - Processing file /home/airflow/.local/lib/python3.7/site-packages/airflow/example_dags/example_task_group_decorator.py for tasks to queue
[2022-11-22T19:32:59.602+0000] {logging_mixin.py:137} INFO - [2022-11-22T19:32:59.602+0000] {dagbag.py:537} INFO - Filling up the DagBag from /home/airflow/.local/lib/python3.7/site-packages/airflow/example_dags/example_task_group_decorator.py
[2022-11-22T19:32:59.620+0000] {processor.py:766} INFO - DAG(s) dict_keys(['example_task_group_decorator']) retrieved from /home/airflow/.local/lib/python3.7/site-packages/airflow/example_dags/example_task_group_decorator.py
[2022-11-22T19:32:59.649+0000] {logging_mixin.py:137} INFO - [2022-11-22T19:32:59.649+0000] {dag.py:2585} INFO - Sync 1 DAGs
[2022-11-22T19:32:59.668+0000] {logging_mixin.py:137} INFO - [2022-11-22T19:32:59.668+0000] {dag.py:3340} INFO - Setting next_dagrun for example_task_group_decorator to 2022-11-21T19:32:59.668221+00:00, run_after=2022-11-22T19:32:59.668221+00:00
[2022-11-22T19:32:59.682+0000] {processor.py:176} INFO - Processing /home/airflow/.local/lib/python3.7/site-packages/airflow/example_dags/example_task_group_decorator.py took 0.087 seconds
[2022-11-22T19:33:30.130+0000] {processor.py:154} INFO - Started process (PID=912) to work on /home/airflow/.local/lib/python3.7/site-packages/airflow/example_dags/example_task_group_decorator.py
[2022-11-22T19:33:30.131+0000] {processor.py:756} INFO - Processing file /home/airflow/.local/lib/python3.7/site-packages/airflow/example_dags/example_task_group_decorator.py for tasks to queue
[2022-11-22T19:33:30.132+0000] {logging_mixin.py:137} INFO - [2022-11-22T19:33:30.132+0000] {dagbag.py:537} INFO - Filling up the DagBag from /home/airflow/.local/lib/python3.7/site-packages/airflow/example_dags/example_task_group_decorator.py
[2022-11-22T19:33:30.150+0000] {processor.py:766} INFO - DAG(s) dict_keys(['example_task_group_decorator']) retrieved from /home/airflow/.local/lib/python3.7/site-packages/airflow/example_dags/example_task_group_decorator.py
[2022-11-22T19:33:30.177+0000] {logging_mixin.py:137} INFO - [2022-11-22T19:33:30.177+0000] {dag.py:2585} INFO - Sync 1 DAGs
[2022-11-22T19:33:30.194+0000] {logging_mixin.py:137} INFO - [2022-11-22T19:33:30.194+0000] {dag.py:3340} INFO - Setting next_dagrun for example_task_group_decorator to 2022-11-21T19:33:30.194033+00:00, run_after=2022-11-22T19:33:30.194033+00:00
[2022-11-22T19:33:30.207+0000] {processor.py:176} INFO - Processing /home/airflow/.local/lib/python3.7/site-packages/airflow/example_dags/example_task_group_decorator.py took 0.080 seconds
[2022-11-22T19:34:00.940+0000] {processor.py:154} INFO - Started process (PID=966) to work on /home/airflow/.local/lib/python3.7/site-packages/airflow/example_dags/example_task_group_decorator.py
[2022-11-22T19:34:00.942+0000] {processor.py:756} INFO - Processing file /home/airflow/.local/lib/python3.7/site-packages/airflow/example_dags/example_task_group_decorator.py for tasks to queue
[2022-11-22T19:34:00.946+0000] {logging_mixin.py:137} INFO - [2022-11-22T19:34:00.945+0000] {dagbag.py:537} INFO - Filling up the DagBag from /home/airflow/.local/lib/python3.7/site-packages/airflow/example_dags/example_task_group_decorator.py
[2022-11-22T19:34:00.965+0000] {processor.py:766} INFO - DAG(s) dict_keys(['example_task_group_decorator']) retrieved from /home/airflow/.local/lib/python3.7/site-packages/airflow/example_dags/example_task_group_decorator.py
[2022-11-22T19:34:00.995+0000] {logging_mixin.py:137} INFO - [2022-11-22T19:34:00.995+0000] {dag.py:2585} INFO - Sync 1 DAGs
[2022-11-22T19:34:01.019+0000] {logging_mixin.py:137} INFO - [2022-11-22T19:34:01.019+0000] {dag.py:3340} INFO - Setting next_dagrun for example_task_group_decorator to 2022-11-21T19:34:01.019377+00:00, run_after=2022-11-22T19:34:01.019377+00:00
[2022-11-22T19:34:01.066+0000] {processor.py:176} INFO - Processing /home/airflow/.local/lib/python3.7/site-packages/airflow/example_dags/example_task_group_decorator.py took 0.128 seconds
[2022-11-22T19:34:31.289+0000] {processor.py:154} INFO - Started process (PID=1029) to work on /home/airflow/.local/lib/python3.7/site-packages/airflow/example_dags/example_task_group_decorator.py
[2022-11-22T19:34:31.292+0000] {processor.py:756} INFO - Processing file /home/airflow/.local/lib/python3.7/site-packages/airflow/example_dags/example_task_group_decorator.py for tasks to queue
[2022-11-22T19:34:31.293+0000] {logging_mixin.py:137} INFO - [2022-11-22T19:34:31.293+0000] {dagbag.py:537} INFO - Filling up the DagBag from /home/airflow/.local/lib/python3.7/site-packages/airflow/example_dags/example_task_group_decorator.py
[2022-11-22T19:34:31.322+0000] {processor.py:766} INFO - DAG(s) dict_keys(['example_task_group_decorator']) retrieved from /home/airflow/.local/lib/python3.7/site-packages/airflow/example_dags/example_task_group_decorator.py
[2022-11-22T19:34:31.374+0000] {logging_mixin.py:137} INFO - [2022-11-22T19:34:31.374+0000] {dag.py:2585} INFO - Sync 1 DAGs
[2022-11-22T19:34:31.394+0000] {logging_mixin.py:137} INFO - [2022-11-22T19:34:31.393+0000] {dag.py:3340} INFO - Setting next_dagrun for example_task_group_decorator to 2022-11-21T19:34:31.393755+00:00, run_after=2022-11-22T19:34:31.393755+00:00
[2022-11-22T19:34:31.409+0000] {processor.py:176} INFO - Processing /home/airflow/.local/lib/python3.7/site-packages/airflow/example_dags/example_task_group_decorator.py took 0.125 seconds
[2022-11-22T19:35:02.255+0000] {processor.py:154} INFO - Started process (PID=1094) to work on /home/airflow/.local/lib/python3.7/site-packages/airflow/example_dags/example_task_group_decorator.py
[2022-11-22T19:35:02.257+0000] {processor.py:756} INFO - Processing file /home/airflow/.local/lib/python3.7/site-packages/airflow/example_dags/example_task_group_decorator.py for tasks to queue
[2022-11-22T19:35:02.258+0000] {logging_mixin.py:137} INFO - [2022-11-22T19:35:02.258+0000] {dagbag.py:537} INFO - Filling up the DagBag from /home/airflow/.local/lib/python3.7/site-packages/airflow/example_dags/example_task_group_decorator.py
[2022-11-22T19:35:02.279+0000] {processor.py:766} INFO - DAG(s) dict_keys(['example_task_group_decorator']) retrieved from /home/airflow/.local/lib/python3.7/site-packages/airflow/example_dags/example_task_group_decorator.py
[2022-11-22T19:35:02.314+0000] {logging_mixin.py:137} INFO - [2022-11-22T19:35:02.314+0000] {dag.py:2585} INFO - Sync 1 DAGs
[2022-11-22T19:35:02.333+0000] {logging_mixin.py:137} INFO - [2022-11-22T19:35:02.333+0000] {dag.py:3340} INFO - Setting next_dagrun for example_task_group_decorator to 2022-11-21T19:35:02.333648+00:00, run_after=2022-11-22T19:35:02.333648+00:00
[2022-11-22T19:35:02.348+0000] {processor.py:176} INFO - Processing /home/airflow/.local/lib/python3.7/site-packages/airflow/example_dags/example_task_group_decorator.py took 0.096 seconds
[2022-11-22T19:35:32.621+0000] {processor.py:154} INFO - Started process (PID=1156) to work on /home/airflow/.local/lib/python3.7/site-packages/airflow/example_dags/example_task_group_decorator.py
[2022-11-22T19:35:32.623+0000] {processor.py:756} INFO - Processing file /home/airflow/.local/lib/python3.7/site-packages/airflow/example_dags/example_task_group_decorator.py for tasks to queue
[2022-11-22T19:35:32.625+0000] {logging_mixin.py:137} INFO - [2022-11-22T19:35:32.625+0000] {dagbag.py:537} INFO - Filling up the DagBag from /home/airflow/.local/lib/python3.7/site-packages/airflow/example_dags/example_task_group_decorator.py
[2022-11-22T19:35:32.647+0000] {processor.py:766} INFO - DAG(s) dict_keys(['example_task_group_decorator']) retrieved from /home/airflow/.local/lib/python3.7/site-packages/airflow/example_dags/example_task_group_decorator.py
[2022-11-22T19:35:32.677+0000] {logging_mixin.py:137} INFO - [2022-11-22T19:35:32.677+0000] {dag.py:2585} INFO - Sync 1 DAGs
[2022-11-22T19:35:32.698+0000] {logging_mixin.py:137} INFO - [2022-11-22T19:35:32.698+0000] {dag.py:3340} INFO - Setting next_dagrun for example_task_group_decorator to 2022-11-21T19:35:32.697876+00:00, run_after=2022-11-22T19:35:32.697876+00:00
[2022-11-22T19:35:32.710+0000] {processor.py:176} INFO - Processing /home/airflow/.local/lib/python3.7/site-packages/airflow/example_dags/example_task_group_decorator.py took 0.091 seconds
[2022-11-22T19:36:03.484+0000] {processor.py:154} INFO - Started process (PID=1209) to work on /home/airflow/.local/lib/python3.7/site-packages/airflow/example_dags/example_task_group_decorator.py
[2022-11-22T19:36:03.486+0000] {processor.py:756} INFO - Processing file /home/airflow/.local/lib/python3.7/site-packages/airflow/example_dags/example_task_group_decorator.py for tasks to queue
[2022-11-22T19:36:03.487+0000] {logging_mixin.py:137} INFO - [2022-11-22T19:36:03.487+0000] {dagbag.py:537} INFO - Filling up the DagBag from /home/airflow/.local/lib/python3.7/site-packages/airflow/example_dags/example_task_group_decorator.py
[2022-11-22T19:36:03.507+0000] {processor.py:766} INFO - DAG(s) dict_keys(['example_task_group_decorator']) retrieved from /home/airflow/.local/lib/python3.7/site-packages/airflow/example_dags/example_task_group_decorator.py
[2022-11-22T19:36:03.537+0000] {logging_mixin.py:137} INFO - [2022-11-22T19:36:03.537+0000] {dag.py:2585} INFO - Sync 1 DAGs
[2022-11-22T19:36:03.556+0000] {logging_mixin.py:137} INFO - [2022-11-22T19:36:03.556+0000] {dag.py:3340} INFO - Setting next_dagrun for example_task_group_decorator to 2022-11-21T19:36:03.556113+00:00, run_after=2022-11-22T19:36:03.556113+00:00
[2022-11-22T19:36:03.582+0000] {processor.py:176} INFO - Processing /home/airflow/.local/lib/python3.7/site-packages/airflow/example_dags/example_task_group_decorator.py took 0.102 seconds
[2022-11-22T19:36:34.094+0000] {processor.py:154} INFO - Started process (PID=1273) to work on /home/airflow/.local/lib/python3.7/site-packages/airflow/example_dags/example_task_group_decorator.py
[2022-11-22T19:36:34.096+0000] {processor.py:756} INFO - Processing file /home/airflow/.local/lib/python3.7/site-packages/airflow/example_dags/example_task_group_decorator.py for tasks to queue
[2022-11-22T19:36:34.097+0000] {logging_mixin.py:137} INFO - [2022-11-22T19:36:34.097+0000] {dagbag.py:537} INFO - Filling up the DagBag from /home/airflow/.local/lib/python3.7/site-packages/airflow/example_dags/example_task_group_decorator.py
[2022-11-22T19:36:34.116+0000] {processor.py:766} INFO - DAG(s) dict_keys(['example_task_group_decorator']) retrieved from /home/airflow/.local/lib/python3.7/site-packages/airflow/example_dags/example_task_group_decorator.py
[2022-11-22T19:36:34.155+0000] {logging_mixin.py:137} INFO - [2022-11-22T19:36:34.154+0000] {dag.py:2585} INFO - Sync 1 DAGs
[2022-11-22T19:36:34.174+0000] {logging_mixin.py:137} INFO - [2022-11-22T19:36:34.174+0000] {dag.py:3340} INFO - Setting next_dagrun for example_task_group_decorator to 2022-11-21T19:36:34.174398+00:00, run_after=2022-11-22T19:36:34.174398+00:00
[2022-11-22T19:36:34.190+0000] {processor.py:176} INFO - Processing /home/airflow/.local/lib/python3.7/site-packages/airflow/example_dags/example_task_group_decorator.py took 0.098 seconds
[2022-11-22T19:37:04.943+0000] {processor.py:154} INFO - Started process (PID=1336) to work on /home/airflow/.local/lib/python3.7/site-packages/airflow/example_dags/example_task_group_decorator.py
[2022-11-22T19:37:04.945+0000] {processor.py:756} INFO - Processing file /home/airflow/.local/lib/python3.7/site-packages/airflow/example_dags/example_task_group_decorator.py for tasks to queue
[2022-11-22T19:37:04.947+0000] {logging_mixin.py:137} INFO - [2022-11-22T19:37:04.947+0000] {dagbag.py:537} INFO - Filling up the DagBag from /home/airflow/.local/lib/python3.7/site-packages/airflow/example_dags/example_task_group_decorator.py
[2022-11-22T19:37:04.964+0000] {processor.py:766} INFO - DAG(s) dict_keys(['example_task_group_decorator']) retrieved from /home/airflow/.local/lib/python3.7/site-packages/airflow/example_dags/example_task_group_decorator.py
[2022-11-22T19:37:04.991+0000] {logging_mixin.py:137} INFO - [2022-11-22T19:37:04.991+0000] {dag.py:2585} INFO - Sync 1 DAGs
[2022-11-22T19:37:05.008+0000] {logging_mixin.py:137} INFO - [2022-11-22T19:37:05.008+0000] {dag.py:3340} INFO - Setting next_dagrun for example_task_group_decorator to 2022-11-21T19:37:05.008073+00:00, run_after=2022-11-22T19:37:05.008073+00:00
[2022-11-22T19:37:05.023+0000] {processor.py:176} INFO - Processing /home/airflow/.local/lib/python3.7/site-packages/airflow/example_dags/example_task_group_decorator.py took 0.083 seconds
[2022-11-22T19:37:35.634+0000] {processor.py:154} INFO - Started process (PID=1400) to work on /home/airflow/.local/lib/python3.7/site-packages/airflow/example_dags/example_task_group_decorator.py
[2022-11-22T19:37:35.636+0000] {processor.py:756} INFO - Processing file /home/airflow/.local/lib/python3.7/site-packages/airflow/example_dags/example_task_group_decorator.py for tasks to queue
[2022-11-22T19:37:35.637+0000] {logging_mixin.py:137} INFO - [2022-11-22T19:37:35.637+0000] {dagbag.py:537} INFO - Filling up the DagBag from /home/airflow/.local/lib/python3.7/site-packages/airflow/example_dags/example_task_group_decorator.py
[2022-11-22T19:37:35.658+0000] {processor.py:766} INFO - DAG(s) dict_keys(['example_task_group_decorator']) retrieved from /home/airflow/.local/lib/python3.7/site-packages/airflow/example_dags/example_task_group_decorator.py
[2022-11-22T19:37:35.690+0000] {logging_mixin.py:137} INFO - [2022-11-22T19:37:35.690+0000] {dag.py:2585} INFO - Sync 1 DAGs
[2022-11-22T19:37:35.711+0000] {logging_mixin.py:137} INFO - [2022-11-22T19:37:35.711+0000] {dag.py:3340} INFO - Setting next_dagrun for example_task_group_decorator to 2022-11-21T19:37:35.711349+00:00, run_after=2022-11-22T19:37:35.711349+00:00
[2022-11-22T19:37:35.724+0000] {processor.py:176} INFO - Processing /home/airflow/.local/lib/python3.7/site-packages/airflow/example_dags/example_task_group_decorator.py took 0.093 seconds
[2022-11-22T19:38:06.084+0000] {processor.py:154} INFO - Started process (PID=1454) to work on /home/airflow/.local/lib/python3.7/site-packages/airflow/example_dags/example_task_group_decorator.py
[2022-11-22T19:38:06.085+0000] {processor.py:756} INFO - Processing file /home/airflow/.local/lib/python3.7/site-packages/airflow/example_dags/example_task_group_decorator.py for tasks to queue
[2022-11-22T19:38:06.086+0000] {logging_mixin.py:137} INFO - [2022-11-22T19:38:06.086+0000] {dagbag.py:537} INFO - Filling up the DagBag from /home/airflow/.local/lib/python3.7/site-packages/airflow/example_dags/example_task_group_decorator.py
[2022-11-22T19:38:06.106+0000] {processor.py:766} INFO - DAG(s) dict_keys(['example_task_group_decorator']) retrieved from /home/airflow/.local/lib/python3.7/site-packages/airflow/example_dags/example_task_group_decorator.py
[2022-11-22T19:38:06.141+0000] {logging_mixin.py:137} INFO - [2022-11-22T19:38:06.141+0000] {dag.py:2585} INFO - Sync 1 DAGs
[2022-11-22T19:38:06.165+0000] {logging_mixin.py:137} INFO - [2022-11-22T19:38:06.165+0000] {dag.py:3340} INFO - Setting next_dagrun for example_task_group_decorator to 2022-11-21T19:38:06.164927+00:00, run_after=2022-11-22T19:38:06.164927+00:00
[2022-11-22T19:38:06.184+0000] {processor.py:176} INFO - Processing /home/airflow/.local/lib/python3.7/site-packages/airflow/example_dags/example_task_group_decorator.py took 0.103 seconds
[2022-11-22T19:38:36.647+0000] {processor.py:154} INFO - Started process (PID=1517) to work on /home/airflow/.local/lib/python3.7/site-packages/airflow/example_dags/example_task_group_decorator.py
[2022-11-22T19:38:36.649+0000] {processor.py:756} INFO - Processing file /home/airflow/.local/lib/python3.7/site-packages/airflow/example_dags/example_task_group_decorator.py for tasks to queue
[2022-11-22T19:38:36.650+0000] {logging_mixin.py:137} INFO - [2022-11-22T19:38:36.650+0000] {dagbag.py:537} INFO - Filling up the DagBag from /home/airflow/.local/lib/python3.7/site-packages/airflow/example_dags/example_task_group_decorator.py
[2022-11-22T19:38:36.673+0000] {processor.py:766} INFO - DAG(s) dict_keys(['example_task_group_decorator']) retrieved from /home/airflow/.local/lib/python3.7/site-packages/airflow/example_dags/example_task_group_decorator.py
[2022-11-22T19:38:36.717+0000] {logging_mixin.py:137} INFO - [2022-11-22T19:38:36.717+0000] {dag.py:2585} INFO - Sync 1 DAGs
[2022-11-22T19:38:36.747+0000] {logging_mixin.py:137} INFO - [2022-11-22T19:38:36.746+0000] {dag.py:3340} INFO - Setting next_dagrun for example_task_group_decorator to 2022-11-21T19:38:36.746731+00:00, run_after=2022-11-22T19:38:36.746731+00:00
[2022-11-22T19:38:36.767+0000] {processor.py:176} INFO - Processing /home/airflow/.local/lib/python3.7/site-packages/airflow/example_dags/example_task_group_decorator.py took 0.123 seconds
[2022-11-22T19:39:06.990+0000] {processor.py:154} INFO - Started process (PID=1580) to work on /home/airflow/.local/lib/python3.7/site-packages/airflow/example_dags/example_task_group_decorator.py
[2022-11-22T19:39:06.992+0000] {processor.py:756} INFO - Processing file /home/airflow/.local/lib/python3.7/site-packages/airflow/example_dags/example_task_group_decorator.py for tasks to queue
[2022-11-22T19:39:06.998+0000] {logging_mixin.py:137} INFO - [2022-11-22T19:39:06.997+0000] {dagbag.py:537} INFO - Filling up the DagBag from /home/airflow/.local/lib/python3.7/site-packages/airflow/example_dags/example_task_group_decorator.py
[2022-11-22T19:39:07.030+0000] {processor.py:766} INFO - DAG(s) dict_keys(['example_task_group_decorator']) retrieved from /home/airflow/.local/lib/python3.7/site-packages/airflow/example_dags/example_task_group_decorator.py
[2022-11-22T19:39:07.067+0000] {logging_mixin.py:137} INFO - [2022-11-22T19:39:07.067+0000] {dag.py:2585} INFO - Sync 1 DAGs
[2022-11-22T19:39:07.092+0000] {logging_mixin.py:137} INFO - [2022-11-22T19:39:07.092+0000] {dag.py:3340} INFO - Setting next_dagrun for example_task_group_decorator to 2022-11-21T19:39:07.092212+00:00, run_after=2022-11-22T19:39:07.092212+00:00
[2022-11-22T19:39:07.109+0000] {processor.py:176} INFO - Processing /home/airflow/.local/lib/python3.7/site-packages/airflow/example_dags/example_task_group_decorator.py took 0.123 seconds
[2022-11-22T19:39:38.052+0000] {processor.py:154} INFO - Started process (PID=1644) to work on /home/airflow/.local/lib/python3.7/site-packages/airflow/example_dags/example_task_group_decorator.py
[2022-11-22T19:39:38.056+0000] {processor.py:756} INFO - Processing file /home/airflow/.local/lib/python3.7/site-packages/airflow/example_dags/example_task_group_decorator.py for tasks to queue
[2022-11-22T19:39:38.061+0000] {logging_mixin.py:137} INFO - [2022-11-22T19:39:38.060+0000] {dagbag.py:537} INFO - Filling up the DagBag from /home/airflow/.local/lib/python3.7/site-packages/airflow/example_dags/example_task_group_decorator.py
[2022-11-22T19:39:38.121+0000] {processor.py:766} INFO - DAG(s) dict_keys(['example_task_group_decorator']) retrieved from /home/airflow/.local/lib/python3.7/site-packages/airflow/example_dags/example_task_group_decorator.py
[2022-11-22T19:39:38.193+0000] {logging_mixin.py:137} INFO - [2022-11-22T19:39:38.193+0000] {dag.py:2585} INFO - Sync 1 DAGs
[2022-11-22T19:39:38.221+0000] {logging_mixin.py:137} INFO - [2022-11-22T19:39:38.221+0000] {dag.py:3340} INFO - Setting next_dagrun for example_task_group_decorator to 2022-11-21T19:39:38.220812+00:00, run_after=2022-11-22T19:39:38.220812+00:00
[2022-11-22T19:39:38.240+0000] {processor.py:176} INFO - Processing /home/airflow/.local/lib/python3.7/site-packages/airflow/example_dags/example_task_group_decorator.py took 0.200 seconds
[2022-11-22T19:40:08.319+0000] {processor.py:154} INFO - Started process (PID=1698) to work on /home/airflow/.local/lib/python3.7/site-packages/airflow/example_dags/example_task_group_decorator.py
[2022-11-22T19:40:08.323+0000] {processor.py:756} INFO - Processing file /home/airflow/.local/lib/python3.7/site-packages/airflow/example_dags/example_task_group_decorator.py for tasks to queue
[2022-11-22T19:40:08.325+0000] {logging_mixin.py:137} INFO - [2022-11-22T19:40:08.325+0000] {dagbag.py:537} INFO - Filling up the DagBag from /home/airflow/.local/lib/python3.7/site-packages/airflow/example_dags/example_task_group_decorator.py
[2022-11-22T19:40:08.351+0000] {processor.py:766} INFO - DAG(s) dict_keys(['example_task_group_decorator']) retrieved from /home/airflow/.local/lib/python3.7/site-packages/airflow/example_dags/example_task_group_decorator.py
[2022-11-22T19:40:08.384+0000] {logging_mixin.py:137} INFO - [2022-11-22T19:40:08.384+0000] {dag.py:2585} INFO - Sync 1 DAGs
[2022-11-22T19:40:08.401+0000] {logging_mixin.py:137} INFO - [2022-11-22T19:40:08.400+0000] {dag.py:3340} INFO - Setting next_dagrun for example_task_group_decorator to 2022-11-21T19:40:08.400768+00:00, run_after=2022-11-22T19:40:08.400768+00:00
[2022-11-22T19:40:08.412+0000] {processor.py:176} INFO - Processing /home/airflow/.local/lib/python3.7/site-packages/airflow/example_dags/example_task_group_decorator.py took 0.098 seconds
[2022-11-22T19:40:38.975+0000] {processor.py:154} INFO - Started process (PID=1762) to work on /home/airflow/.local/lib/python3.7/site-packages/airflow/example_dags/example_task_group_decorator.py
[2022-11-22T19:40:38.981+0000] {processor.py:756} INFO - Processing file /home/airflow/.local/lib/python3.7/site-packages/airflow/example_dags/example_task_group_decorator.py for tasks to queue
[2022-11-22T19:40:38.986+0000] {logging_mixin.py:137} INFO - [2022-11-22T19:40:38.986+0000] {dagbag.py:537} INFO - Filling up the DagBag from /home/airflow/.local/lib/python3.7/site-packages/airflow/example_dags/example_task_group_decorator.py
[2022-11-22T19:40:39.022+0000] {processor.py:766} INFO - DAG(s) dict_keys(['example_task_group_decorator']) retrieved from /home/airflow/.local/lib/python3.7/site-packages/airflow/example_dags/example_task_group_decorator.py
[2022-11-22T19:40:39.086+0000] {logging_mixin.py:137} INFO - [2022-11-22T19:40:39.086+0000] {dag.py:2585} INFO - Sync 1 DAGs
[2022-11-22T19:40:39.119+0000] {logging_mixin.py:137} INFO - [2022-11-22T19:40:39.119+0000] {dag.py:3340} INFO - Setting next_dagrun for example_task_group_decorator to 2022-11-21T19:40:39.119346+00:00, run_after=2022-11-22T19:40:39.119346+00:00
[2022-11-22T19:40:39.136+0000] {processor.py:176} INFO - Processing /home/airflow/.local/lib/python3.7/site-packages/airflow/example_dags/example_task_group_decorator.py took 0.165 seconds
[2022-11-22T19:41:09.924+0000] {processor.py:154} INFO - Started process (PID=1826) to work on /home/airflow/.local/lib/python3.7/site-packages/airflow/example_dags/example_task_group_decorator.py
[2022-11-22T19:41:09.927+0000] {processor.py:756} INFO - Processing file /home/airflow/.local/lib/python3.7/site-packages/airflow/example_dags/example_task_group_decorator.py for tasks to queue
[2022-11-22T19:41:09.931+0000] {logging_mixin.py:137} INFO - [2022-11-22T19:41:09.930+0000] {dagbag.py:537} INFO - Filling up the DagBag from /home/airflow/.local/lib/python3.7/site-packages/airflow/example_dags/example_task_group_decorator.py
[2022-11-22T19:41:09.960+0000] {processor.py:766} INFO - DAG(s) dict_keys(['example_task_group_decorator']) retrieved from /home/airflow/.local/lib/python3.7/site-packages/airflow/example_dags/example_task_group_decorator.py
[2022-11-22T19:41:09.989+0000] {logging_mixin.py:137} INFO - [2022-11-22T19:41:09.989+0000] {dag.py:2585} INFO - Sync 1 DAGs
[2022-11-22T19:41:10.007+0000] {logging_mixin.py:137} INFO - [2022-11-22T19:41:10.007+0000] {dag.py:3340} INFO - Setting next_dagrun for example_task_group_decorator to 2022-11-21T19:41:10.006950+00:00, run_after=2022-11-22T19:41:10.006950+00:00
[2022-11-22T19:41:10.020+0000] {processor.py:176} INFO - Processing /home/airflow/.local/lib/python3.7/site-packages/airflow/example_dags/example_task_group_decorator.py took 0.101 seconds
[2022-11-22T19:41:40.086+0000] {processor.py:154} INFO - Started process (PID=1889) to work on /home/airflow/.local/lib/python3.7/site-packages/airflow/example_dags/example_task_group_decorator.py
[2022-11-22T19:41:40.087+0000] {processor.py:756} INFO - Processing file /home/airflow/.local/lib/python3.7/site-packages/airflow/example_dags/example_task_group_decorator.py for tasks to queue
[2022-11-22T19:41:40.088+0000] {logging_mixin.py:137} INFO - [2022-11-22T19:41:40.088+0000] {dagbag.py:537} INFO - Filling up the DagBag from /home/airflow/.local/lib/python3.7/site-packages/airflow/example_dags/example_task_group_decorator.py
[2022-11-22T19:41:40.106+0000] {processor.py:766} INFO - DAG(s) dict_keys(['example_task_group_decorator']) retrieved from /home/airflow/.local/lib/python3.7/site-packages/airflow/example_dags/example_task_group_decorator.py
[2022-11-22T19:41:40.136+0000] {logging_mixin.py:137} INFO - [2022-11-22T19:41:40.136+0000] {dag.py:2585} INFO - Sync 1 DAGs
[2022-11-22T19:41:40.151+0000] {logging_mixin.py:137} INFO - [2022-11-22T19:41:40.151+0000] {dag.py:3340} INFO - Setting next_dagrun for example_task_group_decorator to 2022-11-21T19:41:40.151683+00:00, run_after=2022-11-22T19:41:40.151683+00:00
[2022-11-22T19:41:40.164+0000] {processor.py:176} INFO - Processing /home/airflow/.local/lib/python3.7/site-packages/airflow/example_dags/example_task_group_decorator.py took 0.081 seconds
[2022-11-22T19:42:10.648+0000] {processor.py:154} INFO - Started process (PID=1950) to work on /home/airflow/.local/lib/python3.7/site-packages/airflow/example_dags/example_task_group_decorator.py
[2022-11-22T19:42:10.651+0000] {processor.py:756} INFO - Processing file /home/airflow/.local/lib/python3.7/site-packages/airflow/example_dags/example_task_group_decorator.py for tasks to queue
[2022-11-22T19:42:10.654+0000] {logging_mixin.py:137} INFO - [2022-11-22T19:42:10.653+0000] {dagbag.py:537} INFO - Filling up the DagBag from /home/airflow/.local/lib/python3.7/site-packages/airflow/example_dags/example_task_group_decorator.py
[2022-11-22T19:42:10.683+0000] {processor.py:766} INFO - DAG(s) dict_keys(['example_task_group_decorator']) retrieved from /home/airflow/.local/lib/python3.7/site-packages/airflow/example_dags/example_task_group_decorator.py
[2022-11-22T19:42:10.717+0000] {logging_mixin.py:137} INFO - [2022-11-22T19:42:10.717+0000] {dag.py:2585} INFO - Sync 1 DAGs
[2022-11-22T19:42:10.738+0000] {logging_mixin.py:137} INFO - [2022-11-22T19:42:10.738+0000] {dag.py:3340} INFO - Setting next_dagrun for example_task_group_decorator to 2022-11-21T19:42:10.738000+00:00, run_after=2022-11-22T19:42:10.738000+00:00
[2022-11-22T19:42:10.757+0000] {processor.py:176} INFO - Processing /home/airflow/.local/lib/python3.7/site-packages/airflow/example_dags/example_task_group_decorator.py took 0.115 seconds
[2022-11-22T19:42:41.831+0000] {processor.py:154} INFO - Started process (PID=2008) to work on /home/airflow/.local/lib/python3.7/site-packages/airflow/example_dags/example_task_group_decorator.py
[2022-11-22T19:42:41.833+0000] {processor.py:756} INFO - Processing file /home/airflow/.local/lib/python3.7/site-packages/airflow/example_dags/example_task_group_decorator.py for tasks to queue
[2022-11-22T19:42:41.834+0000] {logging_mixin.py:137} INFO - [2022-11-22T19:42:41.834+0000] {dagbag.py:537} INFO - Filling up the DagBag from /home/airflow/.local/lib/python3.7/site-packages/airflow/example_dags/example_task_group_decorator.py
[2022-11-22T19:42:41.851+0000] {processor.py:766} INFO - DAG(s) dict_keys(['example_task_group_decorator']) retrieved from /home/airflow/.local/lib/python3.7/site-packages/airflow/example_dags/example_task_group_decorator.py
[2022-11-22T19:42:41.880+0000] {logging_mixin.py:137} INFO - [2022-11-22T19:42:41.880+0000] {dag.py:2585} INFO - Sync 1 DAGs
[2022-11-22T19:42:41.896+0000] {logging_mixin.py:137} INFO - [2022-11-22T19:42:41.896+0000] {dag.py:3340} INFO - Setting next_dagrun for example_task_group_decorator to 2022-11-21T19:42:41.896230+00:00, run_after=2022-11-22T19:42:41.896230+00:00
[2022-11-22T19:42:41.911+0000] {processor.py:176} INFO - Processing /home/airflow/.local/lib/python3.7/site-packages/airflow/example_dags/example_task_group_decorator.py took 0.082 seconds
[2022-11-22T19:43:12.856+0000] {processor.py:154} INFO - Started process (PID=2070) to work on /home/airflow/.local/lib/python3.7/site-packages/airflow/example_dags/example_task_group_decorator.py
[2022-11-22T19:43:12.858+0000] {processor.py:756} INFO - Processing file /home/airflow/.local/lib/python3.7/site-packages/airflow/example_dags/example_task_group_decorator.py for tasks to queue
[2022-11-22T19:43:12.859+0000] {logging_mixin.py:137} INFO - [2022-11-22T19:43:12.859+0000] {dagbag.py:537} INFO - Filling up the DagBag from /home/airflow/.local/lib/python3.7/site-packages/airflow/example_dags/example_task_group_decorator.py
[2022-11-22T19:43:12.883+0000] {processor.py:766} INFO - DAG(s) dict_keys(['example_task_group_decorator']) retrieved from /home/airflow/.local/lib/python3.7/site-packages/airflow/example_dags/example_task_group_decorator.py
[2022-11-22T19:43:12.916+0000] {logging_mixin.py:137} INFO - [2022-11-22T19:43:12.916+0000] {dag.py:2585} INFO - Sync 1 DAGs
[2022-11-22T19:43:12.935+0000] {logging_mixin.py:137} INFO - [2022-11-22T19:43:12.935+0000] {dag.py:3340} INFO - Setting next_dagrun for example_task_group_decorator to 2022-11-21T19:43:12.935469+00:00, run_after=2022-11-22T19:43:12.935469+00:00
[2022-11-22T19:43:12.956+0000] {processor.py:176} INFO - Processing /home/airflow/.local/lib/python3.7/site-packages/airflow/example_dags/example_task_group_decorator.py took 0.104 seconds
[2022-11-22T19:43:43.776+0000] {processor.py:154} INFO - Started process (PID=2133) to work on /home/airflow/.local/lib/python3.7/site-packages/airflow/example_dags/example_task_group_decorator.py
[2022-11-22T19:43:43.782+0000] {processor.py:756} INFO - Processing file /home/airflow/.local/lib/python3.7/site-packages/airflow/example_dags/example_task_group_decorator.py for tasks to queue
[2022-11-22T19:43:43.783+0000] {logging_mixin.py:137} INFO - [2022-11-22T19:43:43.783+0000] {dagbag.py:537} INFO - Filling up the DagBag from /home/airflow/.local/lib/python3.7/site-packages/airflow/example_dags/example_task_group_decorator.py
[2022-11-22T19:43:43.803+0000] {processor.py:766} INFO - DAG(s) dict_keys(['example_task_group_decorator']) retrieved from /home/airflow/.local/lib/python3.7/site-packages/airflow/example_dags/example_task_group_decorator.py
[2022-11-22T19:43:43.832+0000] {logging_mixin.py:137} INFO - [2022-11-22T19:43:43.832+0000] {dag.py:2585} INFO - Sync 1 DAGs
[2022-11-22T19:43:43.849+0000] {logging_mixin.py:137} INFO - [2022-11-22T19:43:43.849+0000] {dag.py:3340} INFO - Setting next_dagrun for example_task_group_decorator to 2022-11-21T19:43:43.849319+00:00, run_after=2022-11-22T19:43:43.849319+00:00
[2022-11-22T19:43:43.863+0000] {processor.py:176} INFO - Processing /home/airflow/.local/lib/python3.7/site-packages/airflow/example_dags/example_task_group_decorator.py took 0.090 seconds
[2022-11-22T19:44:14.334+0000] {processor.py:154} INFO - Started process (PID=2196) to work on /home/airflow/.local/lib/python3.7/site-packages/airflow/example_dags/example_task_group_decorator.py
[2022-11-22T19:44:14.336+0000] {processor.py:756} INFO - Processing file /home/airflow/.local/lib/python3.7/site-packages/airflow/example_dags/example_task_group_decorator.py for tasks to queue
[2022-11-22T19:44:14.337+0000] {logging_mixin.py:137} INFO - [2022-11-22T19:44:14.337+0000] {dagbag.py:537} INFO - Filling up the DagBag from /home/airflow/.local/lib/python3.7/site-packages/airflow/example_dags/example_task_group_decorator.py
[2022-11-22T19:44:14.354+0000] {processor.py:766} INFO - DAG(s) dict_keys(['example_task_group_decorator']) retrieved from /home/airflow/.local/lib/python3.7/site-packages/airflow/example_dags/example_task_group_decorator.py
[2022-11-22T19:44:14.383+0000] {logging_mixin.py:137} INFO - [2022-11-22T19:44:14.383+0000] {dag.py:2585} INFO - Sync 1 DAGs
[2022-11-22T19:44:14.399+0000] {logging_mixin.py:137} INFO - [2022-11-22T19:44:14.399+0000] {dag.py:3340} INFO - Setting next_dagrun for example_task_group_decorator to 2022-11-21T19:44:14.399446+00:00, run_after=2022-11-22T19:44:14.399446+00:00
[2022-11-22T19:44:14.414+0000] {processor.py:176} INFO - Processing /home/airflow/.local/lib/python3.7/site-packages/airflow/example_dags/example_task_group_decorator.py took 0.083 seconds
[2022-11-22T19:44:45.458+0000] {processor.py:154} INFO - Started process (PID=2259) to work on /home/airflow/.local/lib/python3.7/site-packages/airflow/example_dags/example_task_group_decorator.py
[2022-11-22T19:44:45.461+0000] {processor.py:756} INFO - Processing file /home/airflow/.local/lib/python3.7/site-packages/airflow/example_dags/example_task_group_decorator.py for tasks to queue
[2022-11-22T19:44:45.463+0000] {logging_mixin.py:137} INFO - [2022-11-22T19:44:45.462+0000] {dagbag.py:537} INFO - Filling up the DagBag from /home/airflow/.local/lib/python3.7/site-packages/airflow/example_dags/example_task_group_decorator.py
[2022-11-22T19:44:45.482+0000] {processor.py:766} INFO - DAG(s) dict_keys(['example_task_group_decorator']) retrieved from /home/airflow/.local/lib/python3.7/site-packages/airflow/example_dags/example_task_group_decorator.py
[2022-11-22T19:44:45.511+0000] {logging_mixin.py:137} INFO - [2022-11-22T19:44:45.511+0000] {dag.py:2585} INFO - Sync 1 DAGs
[2022-11-22T19:44:45.529+0000] {logging_mixin.py:137} INFO - [2022-11-22T19:44:45.529+0000] {dag.py:3340} INFO - Setting next_dagrun for example_task_group_decorator to 2022-11-21T19:44:45.529058+00:00, run_after=2022-11-22T19:44:45.529058+00:00
[2022-11-22T19:44:45.544+0000] {processor.py:176} INFO - Processing /home/airflow/.local/lib/python3.7/site-packages/airflow/example_dags/example_task_group_decorator.py took 0.090 seconds
[2022-11-22T19:45:16.488+0000] {processor.py:154} INFO - Started process (PID=2314) to work on /home/airflow/.local/lib/python3.7/site-packages/airflow/example_dags/example_task_group_decorator.py
[2022-11-22T19:45:16.490+0000] {processor.py:756} INFO - Processing file /home/airflow/.local/lib/python3.7/site-packages/airflow/example_dags/example_task_group_decorator.py for tasks to queue
[2022-11-22T19:45:16.491+0000] {logging_mixin.py:137} INFO - [2022-11-22T19:45:16.491+0000] {dagbag.py:537} INFO - Filling up the DagBag from /home/airflow/.local/lib/python3.7/site-packages/airflow/example_dags/example_task_group_decorator.py
[2022-11-22T19:45:16.513+0000] {processor.py:766} INFO - DAG(s) dict_keys(['example_task_group_decorator']) retrieved from /home/airflow/.local/lib/python3.7/site-packages/airflow/example_dags/example_task_group_decorator.py
[2022-11-22T19:45:16.542+0000] {logging_mixin.py:137} INFO - [2022-11-22T19:45:16.542+0000] {dag.py:2585} INFO - Sync 1 DAGs
[2022-11-22T19:45:16.561+0000] {logging_mixin.py:137} INFO - [2022-11-22T19:45:16.561+0000] {dag.py:3340} INFO - Setting next_dagrun for example_task_group_decorator to 2022-11-21T19:45:16.561429+00:00, run_after=2022-11-22T19:45:16.561429+00:00
[2022-11-22T19:45:16.575+0000] {processor.py:176} INFO - Processing /home/airflow/.local/lib/python3.7/site-packages/airflow/example_dags/example_task_group_decorator.py took 0.090 seconds
[2022-11-22T19:45:47.349+0000] {processor.py:154} INFO - Started process (PID=2378) to work on /home/airflow/.local/lib/python3.7/site-packages/airflow/example_dags/example_task_group_decorator.py
[2022-11-22T19:45:47.350+0000] {processor.py:756} INFO - Processing file /home/airflow/.local/lib/python3.7/site-packages/airflow/example_dags/example_task_group_decorator.py for tasks to queue
[2022-11-22T19:45:47.351+0000] {logging_mixin.py:137} INFO - [2022-11-22T19:45:47.351+0000] {dagbag.py:537} INFO - Filling up the DagBag from /home/airflow/.local/lib/python3.7/site-packages/airflow/example_dags/example_task_group_decorator.py
[2022-11-22T19:45:47.370+0000] {processor.py:766} INFO - DAG(s) dict_keys(['example_task_group_decorator']) retrieved from /home/airflow/.local/lib/python3.7/site-packages/airflow/example_dags/example_task_group_decorator.py
[2022-11-22T19:45:47.405+0000] {logging_mixin.py:137} INFO - [2022-11-22T19:45:47.405+0000] {dag.py:2585} INFO - Sync 1 DAGs
[2022-11-22T19:45:47.427+0000] {logging_mixin.py:137} INFO - [2022-11-22T19:45:47.427+0000] {dag.py:3340} INFO - Setting next_dagrun for example_task_group_decorator to 2022-11-21T19:45:47.426866+00:00, run_after=2022-11-22T19:45:47.426866+00:00
[2022-11-22T19:45:47.441+0000] {processor.py:176} INFO - Processing /home/airflow/.local/lib/python3.7/site-packages/airflow/example_dags/example_task_group_decorator.py took 0.095 seconds
[2022-11-22T19:46:18.692+0000] {processor.py:154} INFO - Started process (PID=2442) to work on /home/airflow/.local/lib/python3.7/site-packages/airflow/example_dags/example_task_group_decorator.py
[2022-11-22T19:46:18.694+0000] {processor.py:756} INFO - Processing file /home/airflow/.local/lib/python3.7/site-packages/airflow/example_dags/example_task_group_decorator.py for tasks to queue
[2022-11-22T19:46:18.696+0000] {logging_mixin.py:137} INFO - [2022-11-22T19:46:18.696+0000] {dagbag.py:537} INFO - Filling up the DagBag from /home/airflow/.local/lib/python3.7/site-packages/airflow/example_dags/example_task_group_decorator.py
[2022-11-22T19:46:18.716+0000] {processor.py:766} INFO - DAG(s) dict_keys(['example_task_group_decorator']) retrieved from /home/airflow/.local/lib/python3.7/site-packages/airflow/example_dags/example_task_group_decorator.py
[2022-11-22T19:46:18.759+0000] {logging_mixin.py:137} INFO - [2022-11-22T19:46:18.759+0000] {dag.py:2585} INFO - Sync 1 DAGs
[2022-11-22T19:46:18.783+0000] {logging_mixin.py:137} INFO - [2022-11-22T19:46:18.783+0000] {dag.py:3340} INFO - Setting next_dagrun for example_task_group_decorator to 2022-11-21T19:46:18.783025+00:00, run_after=2022-11-22T19:46:18.783025+00:00
[2022-11-22T19:46:18.816+0000] {processor.py:176} INFO - Processing /home/airflow/.local/lib/python3.7/site-packages/airflow/example_dags/example_task_group_decorator.py took 0.127 seconds
[2022-11-22T19:46:49.564+0000] {processor.py:154} INFO - Started process (PID=2504) to work on /home/airflow/.local/lib/python3.7/site-packages/airflow/example_dags/example_task_group_decorator.py
[2022-11-22T19:46:49.565+0000] {processor.py:756} INFO - Processing file /home/airflow/.local/lib/python3.7/site-packages/airflow/example_dags/example_task_group_decorator.py for tasks to queue
[2022-11-22T19:46:49.566+0000] {logging_mixin.py:137} INFO - [2022-11-22T19:46:49.566+0000] {dagbag.py:537} INFO - Filling up the DagBag from /home/airflow/.local/lib/python3.7/site-packages/airflow/example_dags/example_task_group_decorator.py
[2022-11-22T19:46:49.586+0000] {processor.py:766} INFO - DAG(s) dict_keys(['example_task_group_decorator']) retrieved from /home/airflow/.local/lib/python3.7/site-packages/airflow/example_dags/example_task_group_decorator.py
[2022-11-22T19:46:49.619+0000] {logging_mixin.py:137} INFO - [2022-11-22T19:46:49.619+0000] {dag.py:2585} INFO - Sync 1 DAGs
[2022-11-22T19:46:49.636+0000] {logging_mixin.py:137} INFO - [2022-11-22T19:46:49.636+0000] {dag.py:3340} INFO - Setting next_dagrun for example_task_group_decorator to 2022-11-21T19:46:49.636050+00:00, run_after=2022-11-22T19:46:49.636050+00:00
[2022-11-22T19:46:49.653+0000] {processor.py:176} INFO - Processing /home/airflow/.local/lib/python3.7/site-packages/airflow/example_dags/example_task_group_decorator.py took 0.091 seconds
[2022-11-22T19:47:19.784+0000] {processor.py:154} INFO - Started process (PID=2558) to work on /home/airflow/.local/lib/python3.7/site-packages/airflow/example_dags/example_task_group_decorator.py
[2022-11-22T19:47:19.786+0000] {processor.py:756} INFO - Processing file /home/airflow/.local/lib/python3.7/site-packages/airflow/example_dags/example_task_group_decorator.py for tasks to queue
[2022-11-22T19:47:19.786+0000] {logging_mixin.py:137} INFO - [2022-11-22T19:47:19.786+0000] {dagbag.py:537} INFO - Filling up the DagBag from /home/airflow/.local/lib/python3.7/site-packages/airflow/example_dags/example_task_group_decorator.py
[2022-11-22T19:47:19.808+0000] {processor.py:766} INFO - DAG(s) dict_keys(['example_task_group_decorator']) retrieved from /home/airflow/.local/lib/python3.7/site-packages/airflow/example_dags/example_task_group_decorator.py
[2022-11-22T19:47:19.843+0000] {logging_mixin.py:137} INFO - [2022-11-22T19:47:19.843+0000] {dag.py:2585} INFO - Sync 1 DAGs
[2022-11-22T19:47:19.865+0000] {logging_mixin.py:137} INFO - [2022-11-22T19:47:19.865+0000] {dag.py:3340} INFO - Setting next_dagrun for example_task_group_decorator to 2022-11-21T19:47:19.864892+00:00, run_after=2022-11-22T19:47:19.864892+00:00
[2022-11-22T19:47:19.881+0000] {processor.py:176} INFO - Processing /home/airflow/.local/lib/python3.7/site-packages/airflow/example_dags/example_task_group_decorator.py took 0.100 seconds
[2022-11-22T19:47:50.280+0000] {processor.py:154} INFO - Started process (PID=2620) to work on /home/airflow/.local/lib/python3.7/site-packages/airflow/example_dags/example_task_group_decorator.py
[2022-11-22T19:47:50.282+0000] {processor.py:756} INFO - Processing file /home/airflow/.local/lib/python3.7/site-packages/airflow/example_dags/example_task_group_decorator.py for tasks to queue
[2022-11-22T19:47:50.283+0000] {logging_mixin.py:137} INFO - [2022-11-22T19:47:50.283+0000] {dagbag.py:537} INFO - Filling up the DagBag from /home/airflow/.local/lib/python3.7/site-packages/airflow/example_dags/example_task_group_decorator.py
[2022-11-22T19:47:50.302+0000] {processor.py:766} INFO - DAG(s) dict_keys(['example_task_group_decorator']) retrieved from /home/airflow/.local/lib/python3.7/site-packages/airflow/example_dags/example_task_group_decorator.py
[2022-11-22T19:47:50.339+0000] {logging_mixin.py:137} INFO - [2022-11-22T19:47:50.339+0000] {dag.py:2585} INFO - Sync 1 DAGs
[2022-11-22T19:47:50.363+0000] {logging_mixin.py:137} INFO - [2022-11-22T19:47:50.363+0000] {dag.py:3340} INFO - Setting next_dagrun for example_task_group_decorator to 2022-11-21T19:47:50.363464+00:00, run_after=2022-11-22T19:47:50.363464+00:00
[2022-11-22T19:47:50.381+0000] {processor.py:176} INFO - Processing /home/airflow/.local/lib/python3.7/site-packages/airflow/example_dags/example_task_group_decorator.py took 0.104 seconds
[2022-11-22T19:48:20.630+0000] {processor.py:154} INFO - Started process (PID=2682) to work on /home/airflow/.local/lib/python3.7/site-packages/airflow/example_dags/example_task_group_decorator.py
[2022-11-22T19:48:20.632+0000] {processor.py:756} INFO - Processing file /home/airflow/.local/lib/python3.7/site-packages/airflow/example_dags/example_task_group_decorator.py for tasks to queue
[2022-11-22T19:48:20.633+0000] {logging_mixin.py:137} INFO - [2022-11-22T19:48:20.633+0000] {dagbag.py:537} INFO - Filling up the DagBag from /home/airflow/.local/lib/python3.7/site-packages/airflow/example_dags/example_task_group_decorator.py
[2022-11-22T19:48:20.654+0000] {processor.py:766} INFO - DAG(s) dict_keys(['example_task_group_decorator']) retrieved from /home/airflow/.local/lib/python3.7/site-packages/airflow/example_dags/example_task_group_decorator.py
[2022-11-22T19:48:20.692+0000] {logging_mixin.py:137} INFO - [2022-11-22T19:48:20.692+0000] {dag.py:2585} INFO - Sync 1 DAGs
[2022-11-22T19:48:20.712+0000] {logging_mixin.py:137} INFO - [2022-11-22T19:48:20.712+0000] {dag.py:3340} INFO - Setting next_dagrun for example_task_group_decorator to 2022-11-21T19:48:20.711847+00:00, run_after=2022-11-22T19:48:20.711847+00:00
[2022-11-22T19:48:20.730+0000] {processor.py:176} INFO - Processing /home/airflow/.local/lib/python3.7/site-packages/airflow/example_dags/example_task_group_decorator.py took 0.103 seconds
[2022-11-22T19:48:51.480+0000] {processor.py:154} INFO - Started process (PID=2745) to work on /home/airflow/.local/lib/python3.7/site-packages/airflow/example_dags/example_task_group_decorator.py
[2022-11-22T19:48:51.484+0000] {processor.py:756} INFO - Processing file /home/airflow/.local/lib/python3.7/site-packages/airflow/example_dags/example_task_group_decorator.py for tasks to queue
[2022-11-22T19:48:51.486+0000] {logging_mixin.py:137} INFO - [2022-11-22T19:48:51.486+0000] {dagbag.py:537} INFO - Filling up the DagBag from /home/airflow/.local/lib/python3.7/site-packages/airflow/example_dags/example_task_group_decorator.py
[2022-11-22T19:48:51.506+0000] {processor.py:766} INFO - DAG(s) dict_keys(['example_task_group_decorator']) retrieved from /home/airflow/.local/lib/python3.7/site-packages/airflow/example_dags/example_task_group_decorator.py
[2022-11-22T19:48:51.537+0000] {logging_mixin.py:137} INFO - [2022-11-22T19:48:51.537+0000] {dag.py:2585} INFO - Sync 1 DAGs
[2022-11-22T19:48:51.552+0000] {logging_mixin.py:137} INFO - [2022-11-22T19:48:51.552+0000] {dag.py:3340} INFO - Setting next_dagrun for example_task_group_decorator to 2022-11-21T19:48:51.552529+00:00, run_after=2022-11-22T19:48:51.552529+00:00
[2022-11-22T19:48:51.565+0000] {processor.py:176} INFO - Processing /home/airflow/.local/lib/python3.7/site-packages/airflow/example_dags/example_task_group_decorator.py took 0.089 seconds
[2022-11-22T19:49:21.625+0000] {processor.py:154} INFO - Started process (PID=2798) to work on /home/airflow/.local/lib/python3.7/site-packages/airflow/example_dags/example_task_group_decorator.py
[2022-11-22T19:49:21.627+0000] {processor.py:756} INFO - Processing file /home/airflow/.local/lib/python3.7/site-packages/airflow/example_dags/example_task_group_decorator.py for tasks to queue
[2022-11-22T19:49:21.628+0000] {logging_mixin.py:137} INFO - [2022-11-22T19:49:21.628+0000] {dagbag.py:537} INFO - Filling up the DagBag from /home/airflow/.local/lib/python3.7/site-packages/airflow/example_dags/example_task_group_decorator.py
[2022-11-22T19:49:21.644+0000] {processor.py:766} INFO - DAG(s) dict_keys(['example_task_group_decorator']) retrieved from /home/airflow/.local/lib/python3.7/site-packages/airflow/example_dags/example_task_group_decorator.py
[2022-11-22T19:49:21.669+0000] {logging_mixin.py:137} INFO - [2022-11-22T19:49:21.669+0000] {dag.py:2585} INFO - Sync 1 DAGs
[2022-11-22T19:49:21.684+0000] {logging_mixin.py:137} INFO - [2022-11-22T19:49:21.684+0000] {dag.py:3340} INFO - Setting next_dagrun for example_task_group_decorator to 2022-11-21T19:49:21.684739+00:00, run_after=2022-11-22T19:49:21.684739+00:00
[2022-11-22T19:49:21.698+0000] {processor.py:176} INFO - Processing /home/airflow/.local/lib/python3.7/site-packages/airflow/example_dags/example_task_group_decorator.py took 0.075 seconds
[2022-11-22T19:49:52.437+0000] {processor.py:154} INFO - Started process (PID=2862) to work on /home/airflow/.local/lib/python3.7/site-packages/airflow/example_dags/example_task_group_decorator.py
[2022-11-22T19:49:52.439+0000] {processor.py:756} INFO - Processing file /home/airflow/.local/lib/python3.7/site-packages/airflow/example_dags/example_task_group_decorator.py for tasks to queue
[2022-11-22T19:49:52.440+0000] {logging_mixin.py:137} INFO - [2022-11-22T19:49:52.440+0000] {dagbag.py:537} INFO - Filling up the DagBag from /home/airflow/.local/lib/python3.7/site-packages/airflow/example_dags/example_task_group_decorator.py
[2022-11-22T19:49:52.460+0000] {processor.py:766} INFO - DAG(s) dict_keys(['example_task_group_decorator']) retrieved from /home/airflow/.local/lib/python3.7/site-packages/airflow/example_dags/example_task_group_decorator.py
[2022-11-22T19:49:52.492+0000] {logging_mixin.py:137} INFO - [2022-11-22T19:49:52.491+0000] {dag.py:2585} INFO - Sync 1 DAGs
[2022-11-22T19:49:52.513+0000] {logging_mixin.py:137} INFO - [2022-11-22T19:49:52.513+0000] {dag.py:3340} INFO - Setting next_dagrun for example_task_group_decorator to 2022-11-21T19:49:52.513370+00:00, run_after=2022-11-22T19:49:52.513370+00:00
[2022-11-22T19:49:52.533+0000] {processor.py:176} INFO - Processing /home/airflow/.local/lib/python3.7/site-packages/airflow/example_dags/example_task_group_decorator.py took 0.098 seconds
[2022-11-22T19:50:23.264+0000] {processor.py:154} INFO - Started process (PID=2925) to work on /home/airflow/.local/lib/python3.7/site-packages/airflow/example_dags/example_task_group_decorator.py
[2022-11-22T19:50:23.266+0000] {processor.py:756} INFO - Processing file /home/airflow/.local/lib/python3.7/site-packages/airflow/example_dags/example_task_group_decorator.py for tasks to queue
[2022-11-22T19:50:23.267+0000] {logging_mixin.py:137} INFO - [2022-11-22T19:50:23.267+0000] {dagbag.py:537} INFO - Filling up the DagBag from /home/airflow/.local/lib/python3.7/site-packages/airflow/example_dags/example_task_group_decorator.py
[2022-11-22T19:50:23.285+0000] {processor.py:766} INFO - DAG(s) dict_keys(['example_task_group_decorator']) retrieved from /home/airflow/.local/lib/python3.7/site-packages/airflow/example_dags/example_task_group_decorator.py
[2022-11-22T19:50:23.313+0000] {logging_mixin.py:137} INFO - [2022-11-22T19:50:23.313+0000] {dag.py:2585} INFO - Sync 1 DAGs
[2022-11-22T19:50:23.331+0000] {logging_mixin.py:137} INFO - [2022-11-22T19:50:23.331+0000] {dag.py:3340} INFO - Setting next_dagrun for example_task_group_decorator to 2022-11-21T19:50:23.331690+00:00, run_after=2022-11-22T19:50:23.331690+00:00
[2022-11-22T19:50:23.344+0000] {processor.py:176} INFO - Processing /home/airflow/.local/lib/python3.7/site-packages/airflow/example_dags/example_task_group_decorator.py took 0.082 seconds
[2022-11-22T19:50:53.824+0000] {processor.py:154} INFO - Started process (PID=2988) to work on /home/airflow/.local/lib/python3.7/site-packages/airflow/example_dags/example_task_group_decorator.py
[2022-11-22T19:50:53.825+0000] {processor.py:756} INFO - Processing file /home/airflow/.local/lib/python3.7/site-packages/airflow/example_dags/example_task_group_decorator.py for tasks to queue
[2022-11-22T19:50:53.826+0000] {logging_mixin.py:137} INFO - [2022-11-22T19:50:53.826+0000] {dagbag.py:537} INFO - Filling up the DagBag from /home/airflow/.local/lib/python3.7/site-packages/airflow/example_dags/example_task_group_decorator.py
[2022-11-22T19:50:53.843+0000] {processor.py:766} INFO - DAG(s) dict_keys(['example_task_group_decorator']) retrieved from /home/airflow/.local/lib/python3.7/site-packages/airflow/example_dags/example_task_group_decorator.py
[2022-11-22T19:50:53.872+0000] {logging_mixin.py:137} INFO - [2022-11-22T19:50:53.872+0000] {dag.py:2585} INFO - Sync 1 DAGs
[2022-11-22T19:50:53.892+0000] {logging_mixin.py:137} INFO - [2022-11-22T19:50:53.892+0000] {dag.py:3340} INFO - Setting next_dagrun for example_task_group_decorator to 2022-11-21T19:50:53.892382+00:00, run_after=2022-11-22T19:50:53.892382+00:00
[2022-11-22T19:50:53.908+0000] {processor.py:176} INFO - Processing /home/airflow/.local/lib/python3.7/site-packages/airflow/example_dags/example_task_group_decorator.py took 0.086 seconds
[2022-11-22T19:51:24.630+0000] {processor.py:154} INFO - Started process (PID=3051) to work on /home/airflow/.local/lib/python3.7/site-packages/airflow/example_dags/example_task_group_decorator.py
[2022-11-22T19:51:24.631+0000] {processor.py:756} INFO - Processing file /home/airflow/.local/lib/python3.7/site-packages/airflow/example_dags/example_task_group_decorator.py for tasks to queue
[2022-11-22T19:51:24.632+0000] {logging_mixin.py:137} INFO - [2022-11-22T19:51:24.632+0000] {dagbag.py:537} INFO - Filling up the DagBag from /home/airflow/.local/lib/python3.7/site-packages/airflow/example_dags/example_task_group_decorator.py
[2022-11-22T19:51:24.650+0000] {processor.py:766} INFO - DAG(s) dict_keys(['example_task_group_decorator']) retrieved from /home/airflow/.local/lib/python3.7/site-packages/airflow/example_dags/example_task_group_decorator.py
[2022-11-22T19:51:24.678+0000] {logging_mixin.py:137} INFO - [2022-11-22T19:51:24.678+0000] {dag.py:2585} INFO - Sync 1 DAGs
[2022-11-22T19:51:24.695+0000] {logging_mixin.py:137} INFO - [2022-11-22T19:51:24.695+0000] {dag.py:3340} INFO - Setting next_dagrun for example_task_group_decorator to 2022-11-21T19:51:24.695043+00:00, run_after=2022-11-22T19:51:24.695043+00:00
[2022-11-22T19:51:24.710+0000] {processor.py:176} INFO - Processing /home/airflow/.local/lib/python3.7/site-packages/airflow/example_dags/example_task_group_decorator.py took 0.082 seconds
[2022-11-22T19:51:55.468+0000] {processor.py:154} INFO - Started process (PID=3105) to work on /home/airflow/.local/lib/python3.7/site-packages/airflow/example_dags/example_task_group_decorator.py
[2022-11-22T19:51:55.470+0000] {processor.py:756} INFO - Processing file /home/airflow/.local/lib/python3.7/site-packages/airflow/example_dags/example_task_group_decorator.py for tasks to queue
[2022-11-22T19:51:55.472+0000] {logging_mixin.py:137} INFO - [2022-11-22T19:51:55.472+0000] {dagbag.py:537} INFO - Filling up the DagBag from /home/airflow/.local/lib/python3.7/site-packages/airflow/example_dags/example_task_group_decorator.py
[2022-11-22T19:51:55.496+0000] {processor.py:766} INFO - DAG(s) dict_keys(['example_task_group_decorator']) retrieved from /home/airflow/.local/lib/python3.7/site-packages/airflow/example_dags/example_task_group_decorator.py
[2022-11-22T19:51:55.531+0000] {logging_mixin.py:137} INFO - [2022-11-22T19:51:55.530+0000] {dag.py:2585} INFO - Sync 1 DAGs
[2022-11-22T19:51:55.554+0000] {logging_mixin.py:137} INFO - [2022-11-22T19:51:55.554+0000] {dag.py:3340} INFO - Setting next_dagrun for example_task_group_decorator to 2022-11-21T19:51:55.554272+00:00, run_after=2022-11-22T19:51:55.554272+00:00
[2022-11-22T19:51:55.574+0000] {processor.py:176} INFO - Processing /home/airflow/.local/lib/python3.7/site-packages/airflow/example_dags/example_task_group_decorator.py took 0.109 seconds
[2022-11-22T19:52:26.715+0000] {processor.py:154} INFO - Started process (PID=3168) to work on /home/airflow/.local/lib/python3.7/site-packages/airflow/example_dags/example_task_group_decorator.py
[2022-11-22T19:52:26.717+0000] {processor.py:756} INFO - Processing file /home/airflow/.local/lib/python3.7/site-packages/airflow/example_dags/example_task_group_decorator.py for tasks to queue
[2022-11-22T19:52:26.718+0000] {logging_mixin.py:137} INFO - [2022-11-22T19:52:26.718+0000] {dagbag.py:537} INFO - Filling up the DagBag from /home/airflow/.local/lib/python3.7/site-packages/airflow/example_dags/example_task_group_decorator.py
[2022-11-22T19:52:26.738+0000] {processor.py:766} INFO - DAG(s) dict_keys(['example_task_group_decorator']) retrieved from /home/airflow/.local/lib/python3.7/site-packages/airflow/example_dags/example_task_group_decorator.py
[2022-11-22T19:52:26.768+0000] {logging_mixin.py:137} INFO - [2022-11-22T19:52:26.768+0000] {dag.py:2585} INFO - Sync 1 DAGs
[2022-11-22T19:52:26.784+0000] {logging_mixin.py:137} INFO - [2022-11-22T19:52:26.784+0000] {dag.py:3340} INFO - Setting next_dagrun for example_task_group_decorator to 2022-11-21T19:52:26.784230+00:00, run_after=2022-11-22T19:52:26.784230+00:00
[2022-11-22T19:52:26.797+0000] {processor.py:176} INFO - Processing /home/airflow/.local/lib/python3.7/site-packages/airflow/example_dags/example_task_group_decorator.py took 0.085 seconds
[2022-11-22T19:52:57.879+0000] {processor.py:154} INFO - Started process (PID=3230) to work on /home/airflow/.local/lib/python3.7/site-packages/airflow/example_dags/example_task_group_decorator.py
[2022-11-22T19:52:57.881+0000] {processor.py:756} INFO - Processing file /home/airflow/.local/lib/python3.7/site-packages/airflow/example_dags/example_task_group_decorator.py for tasks to queue
[2022-11-22T19:52:57.882+0000] {logging_mixin.py:137} INFO - [2022-11-22T19:52:57.882+0000] {dagbag.py:537} INFO - Filling up the DagBag from /home/airflow/.local/lib/python3.7/site-packages/airflow/example_dags/example_task_group_decorator.py
[2022-11-22T19:52:57.901+0000] {processor.py:766} INFO - DAG(s) dict_keys(['example_task_group_decorator']) retrieved from /home/airflow/.local/lib/python3.7/site-packages/airflow/example_dags/example_task_group_decorator.py
[2022-11-22T19:52:57.931+0000] {logging_mixin.py:137} INFO - [2022-11-22T19:52:57.931+0000] {dag.py:2585} INFO - Sync 1 DAGs
[2022-11-22T19:52:57.948+0000] {logging_mixin.py:137} INFO - [2022-11-22T19:52:57.948+0000] {dag.py:3340} INFO - Setting next_dagrun for example_task_group_decorator to 2022-11-21T19:52:57.948091+00:00, run_after=2022-11-22T19:52:57.948091+00:00
[2022-11-22T19:52:57.961+0000] {processor.py:176} INFO - Processing /home/airflow/.local/lib/python3.7/site-packages/airflow/example_dags/example_task_group_decorator.py took 0.085 seconds
[2022-11-22T19:53:28.996+0000] {processor.py:154} INFO - Started process (PID=3293) to work on /home/airflow/.local/lib/python3.7/site-packages/airflow/example_dags/example_task_group_decorator.py
[2022-11-22T19:53:28.997+0000] {processor.py:756} INFO - Processing file /home/airflow/.local/lib/python3.7/site-packages/airflow/example_dags/example_task_group_decorator.py for tasks to queue
[2022-11-22T19:53:28.998+0000] {logging_mixin.py:137} INFO - [2022-11-22T19:53:28.998+0000] {dagbag.py:537} INFO - Filling up the DagBag from /home/airflow/.local/lib/python3.7/site-packages/airflow/example_dags/example_task_group_decorator.py
[2022-11-22T19:53:29.019+0000] {processor.py:766} INFO - DAG(s) dict_keys(['example_task_group_decorator']) retrieved from /home/airflow/.local/lib/python3.7/site-packages/airflow/example_dags/example_task_group_decorator.py
[2022-11-22T19:53:29.054+0000] {logging_mixin.py:137} INFO - [2022-11-22T19:53:29.054+0000] {dag.py:2585} INFO - Sync 1 DAGs
[2022-11-22T19:53:29.072+0000] {logging_mixin.py:137} INFO - [2022-11-22T19:53:29.072+0000] {dag.py:3340} INFO - Setting next_dagrun for example_task_group_decorator to 2022-11-21T19:53:29.072353+00:00, run_after=2022-11-22T19:53:29.072353+00:00
[2022-11-22T19:53:29.084+0000] {processor.py:176} INFO - Processing /home/airflow/.local/lib/python3.7/site-packages/airflow/example_dags/example_task_group_decorator.py took 0.091 seconds
[2022-11-22T19:53:59.671+0000] {processor.py:154} INFO - Started process (PID=3356) to work on /home/airflow/.local/lib/python3.7/site-packages/airflow/example_dags/example_task_group_decorator.py
[2022-11-22T19:53:59.673+0000] {processor.py:756} INFO - Processing file /home/airflow/.local/lib/python3.7/site-packages/airflow/example_dags/example_task_group_decorator.py for tasks to queue
[2022-11-22T19:53:59.674+0000] {logging_mixin.py:137} INFO - [2022-11-22T19:53:59.674+0000] {dagbag.py:537} INFO - Filling up the DagBag from /home/airflow/.local/lib/python3.7/site-packages/airflow/example_dags/example_task_group_decorator.py
[2022-11-22T19:53:59.696+0000] {processor.py:766} INFO - DAG(s) dict_keys(['example_task_group_decorator']) retrieved from /home/airflow/.local/lib/python3.7/site-packages/airflow/example_dags/example_task_group_decorator.py
[2022-11-22T19:53:59.725+0000] {logging_mixin.py:137} INFO - [2022-11-22T19:53:59.725+0000] {dag.py:2585} INFO - Sync 1 DAGs
[2022-11-22T19:53:59.746+0000] {logging_mixin.py:137} INFO - [2022-11-22T19:53:59.746+0000] {dag.py:3340} INFO - Setting next_dagrun for example_task_group_decorator to 2022-11-21T19:53:59.745986+00:00, run_after=2022-11-22T19:53:59.745986+00:00
[2022-11-22T19:53:59.759+0000] {processor.py:176} INFO - Processing /home/airflow/.local/lib/python3.7/site-packages/airflow/example_dags/example_task_group_decorator.py took 0.091 seconds
[2022-11-22T19:54:30.720+0000] {processor.py:154} INFO - Started process (PID=3410) to work on /home/airflow/.local/lib/python3.7/site-packages/airflow/example_dags/example_task_group_decorator.py
[2022-11-22T19:54:30.722+0000] {processor.py:756} INFO - Processing file /home/airflow/.local/lib/python3.7/site-packages/airflow/example_dags/example_task_group_decorator.py for tasks to queue
[2022-11-22T19:54:30.723+0000] {logging_mixin.py:137} INFO - [2022-11-22T19:54:30.723+0000] {dagbag.py:537} INFO - Filling up the DagBag from /home/airflow/.local/lib/python3.7/site-packages/airflow/example_dags/example_task_group_decorator.py
[2022-11-22T19:54:30.741+0000] {processor.py:766} INFO - DAG(s) dict_keys(['example_task_group_decorator']) retrieved from /home/airflow/.local/lib/python3.7/site-packages/airflow/example_dags/example_task_group_decorator.py
[2022-11-22T19:54:30.773+0000] {logging_mixin.py:137} INFO - [2022-11-22T19:54:30.773+0000] {dag.py:2585} INFO - Sync 1 DAGs
[2022-11-22T19:54:30.792+0000] {logging_mixin.py:137} INFO - [2022-11-22T19:54:30.792+0000] {dag.py:3340} INFO - Setting next_dagrun for example_task_group_decorator to 2022-11-21T19:54:30.792500+00:00, run_after=2022-11-22T19:54:30.792500+00:00
[2022-11-22T19:54:30.808+0000] {processor.py:176} INFO - Processing /home/airflow/.local/lib/python3.7/site-packages/airflow/example_dags/example_task_group_decorator.py took 0.090 seconds
[2022-11-22T19:55:01.194+0000] {processor.py:154} INFO - Started process (PID=3472) to work on /home/airflow/.local/lib/python3.7/site-packages/airflow/example_dags/example_task_group_decorator.py
[2022-11-22T19:55:01.196+0000] {processor.py:756} INFO - Processing file /home/airflow/.local/lib/python3.7/site-packages/airflow/example_dags/example_task_group_decorator.py for tasks to queue
[2022-11-22T19:55:01.198+0000] {logging_mixin.py:137} INFO - [2022-11-22T19:55:01.197+0000] {dagbag.py:537} INFO - Filling up the DagBag from /home/airflow/.local/lib/python3.7/site-packages/airflow/example_dags/example_task_group_decorator.py
[2022-11-22T19:55:01.216+0000] {processor.py:766} INFO - DAG(s) dict_keys(['example_task_group_decorator']) retrieved from /home/airflow/.local/lib/python3.7/site-packages/airflow/example_dags/example_task_group_decorator.py
[2022-11-22T19:55:01.246+0000] {logging_mixin.py:137} INFO - [2022-11-22T19:55:01.245+0000] {dag.py:2585} INFO - Sync 1 DAGs
[2022-11-22T19:55:01.262+0000] {logging_mixin.py:137} INFO - [2022-11-22T19:55:01.262+0000] {dag.py:3340} INFO - Setting next_dagrun for example_task_group_decorator to 2022-11-21T19:55:01.261968+00:00, run_after=2022-11-22T19:55:01.261968+00:00
[2022-11-22T19:55:01.275+0000] {processor.py:176} INFO - Processing /home/airflow/.local/lib/python3.7/site-packages/airflow/example_dags/example_task_group_decorator.py took 0.083 seconds
[2022-11-22T19:55:32.339+0000] {processor.py:154} INFO - Started process (PID=3535) to work on /home/airflow/.local/lib/python3.7/site-packages/airflow/example_dags/example_task_group_decorator.py
[2022-11-22T19:55:32.342+0000] {processor.py:756} INFO - Processing file /home/airflow/.local/lib/python3.7/site-packages/airflow/example_dags/example_task_group_decorator.py for tasks to queue
[2022-11-22T19:55:32.345+0000] {logging_mixin.py:137} INFO - [2022-11-22T19:55:32.345+0000] {dagbag.py:537} INFO - Filling up the DagBag from /home/airflow/.local/lib/python3.7/site-packages/airflow/example_dags/example_task_group_decorator.py
[2022-11-22T19:55:32.370+0000] {processor.py:766} INFO - DAG(s) dict_keys(['example_task_group_decorator']) retrieved from /home/airflow/.local/lib/python3.7/site-packages/airflow/example_dags/example_task_group_decorator.py
[2022-11-22T19:55:32.403+0000] {logging_mixin.py:137} INFO - [2022-11-22T19:55:32.403+0000] {dag.py:2585} INFO - Sync 1 DAGs
[2022-11-22T19:55:32.423+0000] {logging_mixin.py:137} INFO - [2022-11-22T19:55:32.423+0000] {dag.py:3340} INFO - Setting next_dagrun for example_task_group_decorator to 2022-11-21T19:55:32.423718+00:00, run_after=2022-11-22T19:55:32.423718+00:00
[2022-11-22T19:55:32.438+0000] {processor.py:176} INFO - Processing /home/airflow/.local/lib/python3.7/site-packages/airflow/example_dags/example_task_group_decorator.py took 0.102 seconds
[2022-11-22T19:56:02.802+0000] {processor.py:154} INFO - Started process (PID=3599) to work on /home/airflow/.local/lib/python3.7/site-packages/airflow/example_dags/example_task_group_decorator.py
[2022-11-22T19:56:02.803+0000] {processor.py:756} INFO - Processing file /home/airflow/.local/lib/python3.7/site-packages/airflow/example_dags/example_task_group_decorator.py for tasks to queue
[2022-11-22T19:56:02.804+0000] {logging_mixin.py:137} INFO - [2022-11-22T19:56:02.804+0000] {dagbag.py:537} INFO - Filling up the DagBag from /home/airflow/.local/lib/python3.7/site-packages/airflow/example_dags/example_task_group_decorator.py
[2022-11-22T19:56:02.822+0000] {processor.py:766} INFO - DAG(s) dict_keys(['example_task_group_decorator']) retrieved from /home/airflow/.local/lib/python3.7/site-packages/airflow/example_dags/example_task_group_decorator.py
[2022-11-22T19:56:02.852+0000] {logging_mixin.py:137} INFO - [2022-11-22T19:56:02.852+0000] {dag.py:2585} INFO - Sync 1 DAGs
[2022-11-22T19:56:02.869+0000] {logging_mixin.py:137} INFO - [2022-11-22T19:56:02.869+0000] {dag.py:3340} INFO - Setting next_dagrun for example_task_group_decorator to 2022-11-21T19:56:02.869150+00:00, run_after=2022-11-22T19:56:02.869150+00:00
[2022-11-22T19:56:02.881+0000] {processor.py:176} INFO - Processing /home/airflow/.local/lib/python3.7/site-packages/airflow/example_dags/example_task_group_decorator.py took 0.082 seconds
[2022-11-22T19:56:33.436+0000] {processor.py:154} INFO - Started process (PID=3652) to work on /home/airflow/.local/lib/python3.7/site-packages/airflow/example_dags/example_task_group_decorator.py
[2022-11-22T19:56:33.437+0000] {processor.py:756} INFO - Processing file /home/airflow/.local/lib/python3.7/site-packages/airflow/example_dags/example_task_group_decorator.py for tasks to queue
[2022-11-22T19:56:33.438+0000] {logging_mixin.py:137} INFO - [2022-11-22T19:56:33.438+0000] {dagbag.py:537} INFO - Filling up the DagBag from /home/airflow/.local/lib/python3.7/site-packages/airflow/example_dags/example_task_group_decorator.py
[2022-11-22T19:56:33.458+0000] {processor.py:766} INFO - DAG(s) dict_keys(['example_task_group_decorator']) retrieved from /home/airflow/.local/lib/python3.7/site-packages/airflow/example_dags/example_task_group_decorator.py
[2022-11-22T19:56:33.488+0000] {logging_mixin.py:137} INFO - [2022-11-22T19:56:33.488+0000] {dag.py:2585} INFO - Sync 1 DAGs
[2022-11-22T19:56:33.504+0000] {logging_mixin.py:137} INFO - [2022-11-22T19:56:33.504+0000] {dag.py:3340} INFO - Setting next_dagrun for example_task_group_decorator to 2022-11-21T19:56:33.504281+00:00, run_after=2022-11-22T19:56:33.504281+00:00
[2022-11-22T19:56:33.517+0000] {processor.py:176} INFO - Processing /home/airflow/.local/lib/python3.7/site-packages/airflow/example_dags/example_task_group_decorator.py took 0.084 seconds
[2022-11-22T19:57:04.920+0000] {processor.py:154} INFO - Started process (PID=3715) to work on /home/airflow/.local/lib/python3.7/site-packages/airflow/example_dags/example_task_group_decorator.py
[2022-11-22T19:57:04.923+0000] {processor.py:756} INFO - Processing file /home/airflow/.local/lib/python3.7/site-packages/airflow/example_dags/example_task_group_decorator.py for tasks to queue
[2022-11-22T19:57:04.925+0000] {logging_mixin.py:137} INFO - [2022-11-22T19:57:04.925+0000] {dagbag.py:537} INFO - Filling up the DagBag from /home/airflow/.local/lib/python3.7/site-packages/airflow/example_dags/example_task_group_decorator.py
[2022-11-22T19:57:04.993+0000] {processor.py:766} INFO - DAG(s) dict_keys(['example_task_group_decorator']) retrieved from /home/airflow/.local/lib/python3.7/site-packages/airflow/example_dags/example_task_group_decorator.py
[2022-11-22T19:57:05.051+0000] {logging_mixin.py:137} INFO - [2022-11-22T19:57:05.051+0000] {dag.py:2585} INFO - Sync 1 DAGs
[2022-11-22T19:57:05.069+0000] {logging_mixin.py:137} INFO - [2022-11-22T19:57:05.069+0000] {dag.py:3340} INFO - Setting next_dagrun for example_task_group_decorator to 2022-11-21T19:57:05.069612+00:00, run_after=2022-11-22T19:57:05.069612+00:00
[2022-11-22T19:57:05.084+0000] {processor.py:176} INFO - Processing /home/airflow/.local/lib/python3.7/site-packages/airflow/example_dags/example_task_group_decorator.py took 0.167 seconds
[2022-11-22T20:30:51.779+0000] {processor.py:154} INFO - Started process (PID=3779) to work on /home/airflow/.local/lib/python3.7/site-packages/airflow/example_dags/example_task_group_decorator.py
[2022-11-22T20:30:51.788+0000] {processor.py:756} INFO - Processing file /home/airflow/.local/lib/python3.7/site-packages/airflow/example_dags/example_task_group_decorator.py for tasks to queue
[2022-11-22T20:30:51.791+0000] {logging_mixin.py:137} INFO - [2022-11-22T20:30:51.791+0000] {dagbag.py:537} INFO - Filling up the DagBag from /home/airflow/.local/lib/python3.7/site-packages/airflow/example_dags/example_task_group_decorator.py
[2022-11-22T20:30:51.856+0000] {processor.py:766} INFO - DAG(s) dict_keys(['example_task_group_decorator']) retrieved from /home/airflow/.local/lib/python3.7/site-packages/airflow/example_dags/example_task_group_decorator.py
[2022-11-22T20:30:51.909+0000] {logging_mixin.py:137} INFO - [2022-11-22T20:30:51.909+0000] {dag.py:2585} INFO - Sync 1 DAGs
[2022-11-22T20:30:51.947+0000] {logging_mixin.py:137} INFO - [2022-11-22T20:30:51.947+0000] {dag.py:3340} INFO - Setting next_dagrun for example_task_group_decorator to 2022-11-21T20:30:51.947207+00:00, run_after=2022-11-22T20:30:51.947207+00:00
[2022-11-22T20:30:51.968+0000] {processor.py:176} INFO - Processing /home/airflow/.local/lib/python3.7/site-packages/airflow/example_dags/example_task_group_decorator.py took 0.205 seconds
[2022-11-22T21:34:48.301+0000] {processor.py:154} INFO - Started process (PID=3833) to work on /home/airflow/.local/lib/python3.7/site-packages/airflow/example_dags/example_task_group_decorator.py
[2022-11-22T21:34:48.304+0000] {processor.py:756} INFO - Processing file /home/airflow/.local/lib/python3.7/site-packages/airflow/example_dags/example_task_group_decorator.py for tasks to queue
[2022-11-22T21:34:48.307+0000] {logging_mixin.py:137} INFO - [2022-11-22T21:34:48.306+0000] {dagbag.py:537} INFO - Filling up the DagBag from /home/airflow/.local/lib/python3.7/site-packages/airflow/example_dags/example_task_group_decorator.py
[2022-11-22T21:34:48.335+0000] {processor.py:766} INFO - DAG(s) dict_keys(['example_task_group_decorator']) retrieved from /home/airflow/.local/lib/python3.7/site-packages/airflow/example_dags/example_task_group_decorator.py
[2022-11-22T21:34:48.368+0000] {logging_mixin.py:137} INFO - [2022-11-22T21:34:48.368+0000] {dag.py:2585} INFO - Sync 1 DAGs
[2022-11-22T21:34:48.390+0000] {logging_mixin.py:137} INFO - [2022-11-22T21:34:48.390+0000] {dag.py:3340} INFO - Setting next_dagrun for example_task_group_decorator to 2022-11-21T21:34:48.390200+00:00, run_after=2022-11-22T21:34:48.390200+00:00
[2022-11-22T21:34:48.406+0000] {processor.py:176} INFO - Processing /home/airflow/.local/lib/python3.7/site-packages/airflow/example_dags/example_task_group_decorator.py took 0.109 seconds
[2022-11-22T22:39:28.993+0000] {processor.py:154} INFO - Started process (PID=3897) to work on /home/airflow/.local/lib/python3.7/site-packages/airflow/example_dags/example_task_group_decorator.py
[2022-11-22T22:39:28.995+0000] {processor.py:756} INFO - Processing file /home/airflow/.local/lib/python3.7/site-packages/airflow/example_dags/example_task_group_decorator.py for tasks to queue
[2022-11-22T22:39:28.996+0000] {logging_mixin.py:137} INFO - [2022-11-22T22:39:28.996+0000] {dagbag.py:537} INFO - Filling up the DagBag from /home/airflow/.local/lib/python3.7/site-packages/airflow/example_dags/example_task_group_decorator.py
[2022-11-22T22:39:29.014+0000] {processor.py:766} INFO - DAG(s) dict_keys(['example_task_group_decorator']) retrieved from /home/airflow/.local/lib/python3.7/site-packages/airflow/example_dags/example_task_group_decorator.py
[2022-11-22T22:39:29.045+0000] {logging_mixin.py:137} INFO - [2022-11-22T22:39:29.045+0000] {dag.py:2585} INFO - Sync 1 DAGs
[2022-11-22T22:39:29.065+0000] {logging_mixin.py:137} INFO - [2022-11-22T22:39:29.065+0000] {dag.py:3340} INFO - Setting next_dagrun for example_task_group_decorator to 2022-11-21T22:39:29.064975+00:00, run_after=2022-11-22T22:39:29.064975+00:00
[2022-11-22T22:39:29.081+0000] {processor.py:176} INFO - Processing /home/airflow/.local/lib/python3.7/site-packages/airflow/example_dags/example_task_group_decorator.py took 0.090 seconds
[2022-11-22T23:47:25.333+0000] {processor.py:154} INFO - Started process (PID=3951) to work on /home/airflow/.local/lib/python3.7/site-packages/airflow/example_dags/example_task_group_decorator.py
[2022-11-22T23:47:25.335+0000] {processor.py:756} INFO - Processing file /home/airflow/.local/lib/python3.7/site-packages/airflow/example_dags/example_task_group_decorator.py for tasks to queue
[2022-11-22T23:47:25.336+0000] {logging_mixin.py:137} INFO - [2022-11-22T23:47:25.336+0000] {dagbag.py:537} INFO - Filling up the DagBag from /home/airflow/.local/lib/python3.7/site-packages/airflow/example_dags/example_task_group_decorator.py
[2022-11-22T23:47:25.357+0000] {processor.py:766} INFO - DAG(s) dict_keys(['example_task_group_decorator']) retrieved from /home/airflow/.local/lib/python3.7/site-packages/airflow/example_dags/example_task_group_decorator.py
[2022-11-22T23:47:25.403+0000] {logging_mixin.py:137} INFO - [2022-11-22T23:47:25.403+0000] {dag.py:2585} INFO - Sync 1 DAGs
[2022-11-22T23:47:25.431+0000] {logging_mixin.py:137} INFO - [2022-11-22T23:47:25.431+0000] {dag.py:3340} INFO - Setting next_dagrun for example_task_group_decorator to 2022-11-21T23:47:25.430905+00:00, run_after=2022-11-22T23:47:25.430905+00:00
[2022-11-22T23:47:25.457+0000] {processor.py:176} INFO - Processing /home/airflow/.local/lib/python3.7/site-packages/airflow/example_dags/example_task_group_decorator.py took 0.127 seconds
