[2022-11-22T19:26:17.163+0000] {processor.py:154} INFO - Started process (PID=38) to work on /home/airflow/.local/lib/python3.7/site-packages/airflow/example_dags/example_task_group.py
[2022-11-22T19:26:17.165+0000] {processor.py:756} INFO - Processing file /home/airflow/.local/lib/python3.7/site-packages/airflow/example_dags/example_task_group.py for tasks to queue
[2022-11-22T19:26:17.166+0000] {logging_mixin.py:137} INFO - [2022-11-22T19:26:17.166+0000] {dagbag.py:537} INFO - Filling up the DagBag from /home/airflow/.local/lib/python3.7/site-packages/airflow/example_dags/example_task_group.py
[2022-11-22T19:26:17.181+0000] {processor.py:766} INFO - DAG(s) dict_keys(['example_task_group']) retrieved from /home/airflow/.local/lib/python3.7/site-packages/airflow/example_dags/example_task_group.py
[2022-11-22T19:26:17.285+0000] {logging_mixin.py:137} INFO - [2022-11-22T19:26:17.285+0000] {manager.py:507} INFO - Created Permission View: can delete on DAG:example_task_group
[2022-11-22T19:26:17.292+0000] {logging_mixin.py:137} INFO - [2022-11-22T19:26:17.292+0000] {manager.py:507} INFO - Created Permission View: can read on DAG:example_task_group
[2022-11-22T19:26:17.298+0000] {logging_mixin.py:137} INFO - [2022-11-22T19:26:17.298+0000] {manager.py:507} INFO - Created Permission View: can edit on DAG:example_task_group
[2022-11-22T19:26:17.300+0000] {logging_mixin.py:137} INFO - [2022-11-22T19:26:17.300+0000] {dag.py:2585} INFO - Sync 1 DAGs
[2022-11-22T19:26:17.314+0000] {logging_mixin.py:137} INFO - [2022-11-22T19:26:17.314+0000] {dag.py:2606} INFO - Creating ORM DAG for example_task_group
[2022-11-22T19:26:17.327+0000] {logging_mixin.py:137} INFO - [2022-11-22T19:26:17.327+0000] {dag.py:3340} INFO - Setting next_dagrun for example_task_group to 2022-11-21T19:26:17.327242+00:00, run_after=2022-11-22T19:26:17.327242+00:00
[2022-11-22T19:26:17.345+0000] {processor.py:176} INFO - Processing /home/airflow/.local/lib/python3.7/site-packages/airflow/example_dags/example_task_group.py took 0.185 seconds
[2022-11-22T19:26:48.051+0000] {processor.py:154} INFO - Started process (PID=101) to work on /home/airflow/.local/lib/python3.7/site-packages/airflow/example_dags/example_task_group.py
[2022-11-22T19:26:48.053+0000] {processor.py:756} INFO - Processing file /home/airflow/.local/lib/python3.7/site-packages/airflow/example_dags/example_task_group.py for tasks to queue
[2022-11-22T19:26:48.054+0000] {logging_mixin.py:137} INFO - [2022-11-22T19:26:48.054+0000] {dagbag.py:537} INFO - Filling up the DagBag from /home/airflow/.local/lib/python3.7/site-packages/airflow/example_dags/example_task_group.py
[2022-11-22T19:26:48.065+0000] {processor.py:766} INFO - DAG(s) dict_keys(['example_task_group']) retrieved from /home/airflow/.local/lib/python3.7/site-packages/airflow/example_dags/example_task_group.py
[2022-11-22T19:26:48.090+0000] {logging_mixin.py:137} INFO - [2022-11-22T19:26:48.090+0000] {dag.py:2585} INFO - Sync 1 DAGs
[2022-11-22T19:26:48.105+0000] {logging_mixin.py:137} INFO - [2022-11-22T19:26:48.105+0000] {dag.py:3340} INFO - Setting next_dagrun for example_task_group to 2022-11-21T19:26:48.104845+00:00, run_after=2022-11-22T19:26:48.104845+00:00
[2022-11-22T19:26:48.116+0000] {processor.py:176} INFO - Processing /home/airflow/.local/lib/python3.7/site-packages/airflow/example_dags/example_task_group.py took 0.067 seconds
[2022-11-22T19:27:19.052+0000] {processor.py:154} INFO - Started process (PID=165) to work on /home/airflow/.local/lib/python3.7/site-packages/airflow/example_dags/example_task_group.py
[2022-11-22T19:27:19.053+0000] {processor.py:756} INFO - Processing file /home/airflow/.local/lib/python3.7/site-packages/airflow/example_dags/example_task_group.py for tasks to queue
[2022-11-22T19:27:19.054+0000] {logging_mixin.py:137} INFO - [2022-11-22T19:27:19.054+0000] {dagbag.py:537} INFO - Filling up the DagBag from /home/airflow/.local/lib/python3.7/site-packages/airflow/example_dags/example_task_group.py
[2022-11-22T19:27:19.063+0000] {processor.py:766} INFO - DAG(s) dict_keys(['example_task_group']) retrieved from /home/airflow/.local/lib/python3.7/site-packages/airflow/example_dags/example_task_group.py
[2022-11-22T19:27:19.087+0000] {logging_mixin.py:137} INFO - [2022-11-22T19:27:19.087+0000] {dag.py:2585} INFO - Sync 1 DAGs
[2022-11-22T19:27:19.104+0000] {logging_mixin.py:137} INFO - [2022-11-22T19:27:19.104+0000] {dag.py:3340} INFO - Setting next_dagrun for example_task_group to 2022-11-21T19:27:19.103050+00:00, run_after=2022-11-22T19:27:19.103050+00:00
[2022-11-22T19:27:19.114+0000] {processor.py:176} INFO - Processing /home/airflow/.local/lib/python3.7/site-packages/airflow/example_dags/example_task_group.py took 0.066 seconds
[2022-11-22T19:27:49.466+0000] {processor.py:154} INFO - Started process (PID=229) to work on /home/airflow/.local/lib/python3.7/site-packages/airflow/example_dags/example_task_group.py
[2022-11-22T19:27:49.467+0000] {processor.py:756} INFO - Processing file /home/airflow/.local/lib/python3.7/site-packages/airflow/example_dags/example_task_group.py for tasks to queue
[2022-11-22T19:27:49.469+0000] {logging_mixin.py:137} INFO - [2022-11-22T19:27:49.468+0000] {dagbag.py:537} INFO - Filling up the DagBag from /home/airflow/.local/lib/python3.7/site-packages/airflow/example_dags/example_task_group.py
[2022-11-22T19:27:49.483+0000] {processor.py:766} INFO - DAG(s) dict_keys(['example_task_group']) retrieved from /home/airflow/.local/lib/python3.7/site-packages/airflow/example_dags/example_task_group.py
[2022-11-22T19:27:49.517+0000] {logging_mixin.py:137} INFO - [2022-11-22T19:27:49.517+0000] {dag.py:2585} INFO - Sync 1 DAGs
[2022-11-22T19:27:49.540+0000] {logging_mixin.py:137} INFO - [2022-11-22T19:27:49.540+0000] {dag.py:3340} INFO - Setting next_dagrun for example_task_group to 2022-11-21T19:27:49.539396+00:00, run_after=2022-11-22T19:27:49.539396+00:00
[2022-11-22T19:27:49.574+0000] {processor.py:176} INFO - Processing /home/airflow/.local/lib/python3.7/site-packages/airflow/example_dags/example_task_group.py took 0.112 seconds
[2022-11-22T19:28:20.492+0000] {processor.py:154} INFO - Started process (PID=282) to work on /home/airflow/.local/lib/python3.7/site-packages/airflow/example_dags/example_task_group.py
[2022-11-22T19:28:20.494+0000] {processor.py:756} INFO - Processing file /home/airflow/.local/lib/python3.7/site-packages/airflow/example_dags/example_task_group.py for tasks to queue
[2022-11-22T19:28:20.496+0000] {logging_mixin.py:137} INFO - [2022-11-22T19:28:20.496+0000] {dagbag.py:537} INFO - Filling up the DagBag from /home/airflow/.local/lib/python3.7/site-packages/airflow/example_dags/example_task_group.py
[2022-11-22T19:28:20.507+0000] {processor.py:766} INFO - DAG(s) dict_keys(['example_task_group']) retrieved from /home/airflow/.local/lib/python3.7/site-packages/airflow/example_dags/example_task_group.py
[2022-11-22T19:28:20.539+0000] {logging_mixin.py:137} INFO - [2022-11-22T19:28:20.539+0000] {dag.py:2585} INFO - Sync 1 DAGs
[2022-11-22T19:28:20.555+0000] {logging_mixin.py:137} INFO - [2022-11-22T19:28:20.555+0000] {dag.py:3340} INFO - Setting next_dagrun for example_task_group to 2022-11-21T19:28:20.554852+00:00, run_after=2022-11-22T19:28:20.554852+00:00
[2022-11-22T19:28:20.565+0000] {processor.py:176} INFO - Processing /home/airflow/.local/lib/python3.7/site-packages/airflow/example_dags/example_task_group.py took 0.076 seconds
[2022-11-22T19:28:51.223+0000] {processor.py:154} INFO - Started process (PID=345) to work on /home/airflow/.local/lib/python3.7/site-packages/airflow/example_dags/example_task_group.py
[2022-11-22T19:28:51.224+0000] {processor.py:756} INFO - Processing file /home/airflow/.local/lib/python3.7/site-packages/airflow/example_dags/example_task_group.py for tasks to queue
[2022-11-22T19:28:51.225+0000] {logging_mixin.py:137} INFO - [2022-11-22T19:28:51.225+0000] {dagbag.py:537} INFO - Filling up the DagBag from /home/airflow/.local/lib/python3.7/site-packages/airflow/example_dags/example_task_group.py
[2022-11-22T19:28:51.240+0000] {processor.py:766} INFO - DAG(s) dict_keys(['example_task_group']) retrieved from /home/airflow/.local/lib/python3.7/site-packages/airflow/example_dags/example_task_group.py
[2022-11-22T19:28:51.270+0000] {logging_mixin.py:137} INFO - [2022-11-22T19:28:51.270+0000] {dag.py:2585} INFO - Sync 1 DAGs
[2022-11-22T19:28:51.285+0000] {logging_mixin.py:137} INFO - [2022-11-22T19:28:51.285+0000] {dag.py:3340} INFO - Setting next_dagrun for example_task_group to 2022-11-21T19:28:51.285543+00:00, run_after=2022-11-22T19:28:51.285543+00:00
[2022-11-22T19:28:51.297+0000] {processor.py:176} INFO - Processing /home/airflow/.local/lib/python3.7/site-packages/airflow/example_dags/example_task_group.py took 0.077 seconds
[2022-11-22T19:29:21.877+0000] {processor.py:154} INFO - Started process (PID=408) to work on /home/airflow/.local/lib/python3.7/site-packages/airflow/example_dags/example_task_group.py
[2022-11-22T19:29:21.879+0000] {processor.py:756} INFO - Processing file /home/airflow/.local/lib/python3.7/site-packages/airflow/example_dags/example_task_group.py for tasks to queue
[2022-11-22T19:29:21.880+0000] {logging_mixin.py:137} INFO - [2022-11-22T19:29:21.880+0000] {dagbag.py:537} INFO - Filling up the DagBag from /home/airflow/.local/lib/python3.7/site-packages/airflow/example_dags/example_task_group.py
[2022-11-22T19:29:21.892+0000] {processor.py:766} INFO - DAG(s) dict_keys(['example_task_group']) retrieved from /home/airflow/.local/lib/python3.7/site-packages/airflow/example_dags/example_task_group.py
[2022-11-22T19:29:21.918+0000] {logging_mixin.py:137} INFO - [2022-11-22T19:29:21.918+0000] {dag.py:2585} INFO - Sync 1 DAGs
[2022-11-22T19:29:21.935+0000] {logging_mixin.py:137} INFO - [2022-11-22T19:29:21.935+0000] {dag.py:3340} INFO - Setting next_dagrun for example_task_group to 2022-11-21T19:29:21.935483+00:00, run_after=2022-11-22T19:29:21.935483+00:00
[2022-11-22T19:29:21.948+0000] {processor.py:176} INFO - Processing /home/airflow/.local/lib/python3.7/site-packages/airflow/example_dags/example_task_group.py took 0.073 seconds
[2022-11-22T19:29:52.626+0000] {processor.py:154} INFO - Started process (PID=471) to work on /home/airflow/.local/lib/python3.7/site-packages/airflow/example_dags/example_task_group.py
[2022-11-22T19:29:52.627+0000] {processor.py:756} INFO - Processing file /home/airflow/.local/lib/python3.7/site-packages/airflow/example_dags/example_task_group.py for tasks to queue
[2022-11-22T19:29:52.629+0000] {logging_mixin.py:137} INFO - [2022-11-22T19:29:52.628+0000] {dagbag.py:537} INFO - Filling up the DagBag from /home/airflow/.local/lib/python3.7/site-packages/airflow/example_dags/example_task_group.py
[2022-11-22T19:29:52.642+0000] {processor.py:766} INFO - DAG(s) dict_keys(['example_task_group']) retrieved from /home/airflow/.local/lib/python3.7/site-packages/airflow/example_dags/example_task_group.py
[2022-11-22T19:29:52.673+0000] {logging_mixin.py:137} INFO - [2022-11-22T19:29:52.673+0000] {dag.py:2585} INFO - Sync 1 DAGs
[2022-11-22T19:29:52.691+0000] {logging_mixin.py:137} INFO - [2022-11-22T19:29:52.691+0000] {dag.py:3340} INFO - Setting next_dagrun for example_task_group to 2022-11-21T19:29:52.691126+00:00, run_after=2022-11-22T19:29:52.691126+00:00
[2022-11-22T19:29:52.710+0000] {processor.py:176} INFO - Processing /home/airflow/.local/lib/python3.7/site-packages/airflow/example_dags/example_task_group.py took 0.087 seconds
[2022-11-22T19:30:23.374+0000] {processor.py:154} INFO - Started process (PID=535) to work on /home/airflow/.local/lib/python3.7/site-packages/airflow/example_dags/example_task_group.py
[2022-11-22T19:30:23.379+0000] {processor.py:756} INFO - Processing file /home/airflow/.local/lib/python3.7/site-packages/airflow/example_dags/example_task_group.py for tasks to queue
[2022-11-22T19:30:23.383+0000] {logging_mixin.py:137} INFO - [2022-11-22T19:30:23.383+0000] {dagbag.py:537} INFO - Filling up the DagBag from /home/airflow/.local/lib/python3.7/site-packages/airflow/example_dags/example_task_group.py
[2022-11-22T19:30:23.404+0000] {processor.py:766} INFO - DAG(s) dict_keys(['example_task_group']) retrieved from /home/airflow/.local/lib/python3.7/site-packages/airflow/example_dags/example_task_group.py
[2022-11-22T19:30:23.437+0000] {logging_mixin.py:137} INFO - [2022-11-22T19:30:23.437+0000] {dag.py:2585} INFO - Sync 1 DAGs
[2022-11-22T19:30:23.453+0000] {logging_mixin.py:137} INFO - [2022-11-22T19:30:23.453+0000] {dag.py:3340} INFO - Setting next_dagrun for example_task_group to 2022-11-21T19:30:23.453655+00:00, run_after=2022-11-22T19:30:23.453655+00:00
[2022-11-22T19:30:23.466+0000] {processor.py:176} INFO - Processing /home/airflow/.local/lib/python3.7/site-packages/airflow/example_dags/example_task_group.py took 0.097 seconds
[2022-11-22T19:30:54.192+0000] {processor.py:154} INFO - Started process (PID=589) to work on /home/airflow/.local/lib/python3.7/site-packages/airflow/example_dags/example_task_group.py
[2022-11-22T19:30:54.194+0000] {processor.py:756} INFO - Processing file /home/airflow/.local/lib/python3.7/site-packages/airflow/example_dags/example_task_group.py for tasks to queue
[2022-11-22T19:30:54.195+0000] {logging_mixin.py:137} INFO - [2022-11-22T19:30:54.195+0000] {dagbag.py:537} INFO - Filling up the DagBag from /home/airflow/.local/lib/python3.7/site-packages/airflow/example_dags/example_task_group.py
[2022-11-22T19:30:54.206+0000] {processor.py:766} INFO - DAG(s) dict_keys(['example_task_group']) retrieved from /home/airflow/.local/lib/python3.7/site-packages/airflow/example_dags/example_task_group.py
[2022-11-22T19:30:54.234+0000] {logging_mixin.py:137} INFO - [2022-11-22T19:30:54.233+0000] {dag.py:2585} INFO - Sync 1 DAGs
[2022-11-22T19:30:54.252+0000] {logging_mixin.py:137} INFO - [2022-11-22T19:30:54.252+0000] {dag.py:3340} INFO - Setting next_dagrun for example_task_group to 2022-11-21T19:30:54.249672+00:00, run_after=2022-11-22T19:30:54.249672+00:00
[2022-11-22T19:30:54.270+0000] {processor.py:176} INFO - Processing /home/airflow/.local/lib/python3.7/site-packages/airflow/example_dags/example_task_group.py took 0.080 seconds
[2022-11-22T19:31:24.970+0000] {processor.py:154} INFO - Started process (PID=653) to work on /home/airflow/.local/lib/python3.7/site-packages/airflow/example_dags/example_task_group.py
[2022-11-22T19:31:24.972+0000] {processor.py:756} INFO - Processing file /home/airflow/.local/lib/python3.7/site-packages/airflow/example_dags/example_task_group.py for tasks to queue
[2022-11-22T19:31:24.974+0000] {logging_mixin.py:137} INFO - [2022-11-22T19:31:24.974+0000] {dagbag.py:537} INFO - Filling up the DagBag from /home/airflow/.local/lib/python3.7/site-packages/airflow/example_dags/example_task_group.py
[2022-11-22T19:31:24.988+0000] {processor.py:766} INFO - DAG(s) dict_keys(['example_task_group']) retrieved from /home/airflow/.local/lib/python3.7/site-packages/airflow/example_dags/example_task_group.py
[2022-11-22T19:31:25.014+0000] {logging_mixin.py:137} INFO - [2022-11-22T19:31:25.014+0000] {dag.py:2585} INFO - Sync 1 DAGs
[2022-11-22T19:31:25.030+0000] {logging_mixin.py:137} INFO - [2022-11-22T19:31:25.030+0000] {dag.py:3340} INFO - Setting next_dagrun for example_task_group to 2022-11-21T19:31:25.030353+00:00, run_after=2022-11-22T19:31:25.030353+00:00
[2022-11-22T19:31:25.042+0000] {processor.py:176} INFO - Processing /home/airflow/.local/lib/python3.7/site-packages/airflow/example_dags/example_task_group.py took 0.073 seconds
[2022-11-22T19:31:55.740+0000] {processor.py:154} INFO - Started process (PID=716) to work on /home/airflow/.local/lib/python3.7/site-packages/airflow/example_dags/example_task_group.py
[2022-11-22T19:31:55.741+0000] {processor.py:756} INFO - Processing file /home/airflow/.local/lib/python3.7/site-packages/airflow/example_dags/example_task_group.py for tasks to queue
[2022-11-22T19:31:55.742+0000] {logging_mixin.py:137} INFO - [2022-11-22T19:31:55.742+0000] {dagbag.py:537} INFO - Filling up the DagBag from /home/airflow/.local/lib/python3.7/site-packages/airflow/example_dags/example_task_group.py
[2022-11-22T19:31:55.755+0000] {processor.py:766} INFO - DAG(s) dict_keys(['example_task_group']) retrieved from /home/airflow/.local/lib/python3.7/site-packages/airflow/example_dags/example_task_group.py
[2022-11-22T19:31:55.786+0000] {logging_mixin.py:137} INFO - [2022-11-22T19:31:55.786+0000] {dag.py:2585} INFO - Sync 1 DAGs
[2022-11-22T19:31:55.802+0000] {logging_mixin.py:137} INFO - [2022-11-22T19:31:55.802+0000] {dag.py:3340} INFO - Setting next_dagrun for example_task_group to 2022-11-21T19:31:55.802489+00:00, run_after=2022-11-22T19:31:55.802489+00:00
[2022-11-22T19:31:55.815+0000] {processor.py:176} INFO - Processing /home/airflow/.local/lib/python3.7/site-packages/airflow/example_dags/example_task_group.py took 0.078 seconds
[2022-11-22T19:32:26.254+0000] {processor.py:154} INFO - Started process (PID=779) to work on /home/airflow/.local/lib/python3.7/site-packages/airflow/example_dags/example_task_group.py
[2022-11-22T19:32:26.256+0000] {processor.py:756} INFO - Processing file /home/airflow/.local/lib/python3.7/site-packages/airflow/example_dags/example_task_group.py for tasks to queue
[2022-11-22T19:32:26.257+0000] {logging_mixin.py:137} INFO - [2022-11-22T19:32:26.256+0000] {dagbag.py:537} INFO - Filling up the DagBag from /home/airflow/.local/lib/python3.7/site-packages/airflow/example_dags/example_task_group.py
[2022-11-22T19:32:26.267+0000] {processor.py:766} INFO - DAG(s) dict_keys(['example_task_group']) retrieved from /home/airflow/.local/lib/python3.7/site-packages/airflow/example_dags/example_task_group.py
[2022-11-22T19:32:26.292+0000] {logging_mixin.py:137} INFO - [2022-11-22T19:32:26.292+0000] {dag.py:2585} INFO - Sync 1 DAGs
[2022-11-22T19:32:26.307+0000] {logging_mixin.py:137} INFO - [2022-11-22T19:32:26.307+0000] {dag.py:3340} INFO - Setting next_dagrun for example_task_group to 2022-11-21T19:32:26.307308+00:00, run_after=2022-11-22T19:32:26.307308+00:00
[2022-11-22T19:32:26.318+0000] {processor.py:176} INFO - Processing /home/airflow/.local/lib/python3.7/site-packages/airflow/example_dags/example_task_group.py took 0.066 seconds
[2022-11-22T19:32:56.971+0000] {processor.py:154} INFO - Started process (PID=842) to work on /home/airflow/.local/lib/python3.7/site-packages/airflow/example_dags/example_task_group.py
[2022-11-22T19:32:56.974+0000] {processor.py:756} INFO - Processing file /home/airflow/.local/lib/python3.7/site-packages/airflow/example_dags/example_task_group.py for tasks to queue
[2022-11-22T19:32:56.975+0000] {logging_mixin.py:137} INFO - [2022-11-22T19:32:56.975+0000] {dagbag.py:537} INFO - Filling up the DagBag from /home/airflow/.local/lib/python3.7/site-packages/airflow/example_dags/example_task_group.py
[2022-11-22T19:32:56.992+0000] {processor.py:766} INFO - DAG(s) dict_keys(['example_task_group']) retrieved from /home/airflow/.local/lib/python3.7/site-packages/airflow/example_dags/example_task_group.py
[2022-11-22T19:32:57.032+0000] {logging_mixin.py:137} INFO - [2022-11-22T19:32:57.031+0000] {dag.py:2585} INFO - Sync 1 DAGs
[2022-11-22T19:32:57.052+0000] {logging_mixin.py:137} INFO - [2022-11-22T19:32:57.052+0000] {dag.py:3340} INFO - Setting next_dagrun for example_task_group to 2022-11-21T19:32:57.052151+00:00, run_after=2022-11-22T19:32:57.052151+00:00
[2022-11-22T19:32:57.063+0000] {processor.py:176} INFO - Processing /home/airflow/.local/lib/python3.7/site-packages/airflow/example_dags/example_task_group.py took 0.095 seconds
[2022-11-22T19:33:27.810+0000] {processor.py:154} INFO - Started process (PID=895) to work on /home/airflow/.local/lib/python3.7/site-packages/airflow/example_dags/example_task_group.py
[2022-11-22T19:33:27.812+0000] {processor.py:756} INFO - Processing file /home/airflow/.local/lib/python3.7/site-packages/airflow/example_dags/example_task_group.py for tasks to queue
[2022-11-22T19:33:27.813+0000] {logging_mixin.py:137} INFO - [2022-11-22T19:33:27.813+0000] {dagbag.py:537} INFO - Filling up the DagBag from /home/airflow/.local/lib/python3.7/site-packages/airflow/example_dags/example_task_group.py
[2022-11-22T19:33:27.823+0000] {processor.py:766} INFO - DAG(s) dict_keys(['example_task_group']) retrieved from /home/airflow/.local/lib/python3.7/site-packages/airflow/example_dags/example_task_group.py
[2022-11-22T19:33:27.848+0000] {logging_mixin.py:137} INFO - [2022-11-22T19:33:27.848+0000] {dag.py:2585} INFO - Sync 1 DAGs
[2022-11-22T19:33:27.864+0000] {logging_mixin.py:137} INFO - [2022-11-22T19:33:27.864+0000] {dag.py:3340} INFO - Setting next_dagrun for example_task_group to 2022-11-21T19:33:27.864464+00:00, run_after=2022-11-22T19:33:27.864464+00:00
[2022-11-22T19:33:27.877+0000] {processor.py:176} INFO - Processing /home/airflow/.local/lib/python3.7/site-packages/airflow/example_dags/example_task_group.py took 0.069 seconds
[2022-11-22T19:33:58.321+0000] {processor.py:154} INFO - Started process (PID=959) to work on /home/airflow/.local/lib/python3.7/site-packages/airflow/example_dags/example_task_group.py
[2022-11-22T19:33:58.324+0000] {processor.py:756} INFO - Processing file /home/airflow/.local/lib/python3.7/site-packages/airflow/example_dags/example_task_group.py for tasks to queue
[2022-11-22T19:33:58.325+0000] {logging_mixin.py:137} INFO - [2022-11-22T19:33:58.325+0000] {dagbag.py:537} INFO - Filling up the DagBag from /home/airflow/.local/lib/python3.7/site-packages/airflow/example_dags/example_task_group.py
[2022-11-22T19:33:58.347+0000] {processor.py:766} INFO - DAG(s) dict_keys(['example_task_group']) retrieved from /home/airflow/.local/lib/python3.7/site-packages/airflow/example_dags/example_task_group.py
[2022-11-22T19:33:58.388+0000] {logging_mixin.py:137} INFO - [2022-11-22T19:33:58.388+0000] {dag.py:2585} INFO - Sync 1 DAGs
[2022-11-22T19:33:58.406+0000] {logging_mixin.py:137} INFO - [2022-11-22T19:33:58.406+0000] {dag.py:3340} INFO - Setting next_dagrun for example_task_group to 2022-11-21T19:33:58.406209+00:00, run_after=2022-11-22T19:33:58.406209+00:00
[2022-11-22T19:33:58.420+0000] {processor.py:176} INFO - Processing /home/airflow/.local/lib/python3.7/site-packages/airflow/example_dags/example_task_group.py took 0.101 seconds
[2022-11-22T19:34:28.752+0000] {processor.py:154} INFO - Started process (PID=1022) to work on /home/airflow/.local/lib/python3.7/site-packages/airflow/example_dags/example_task_group.py
[2022-11-22T19:34:28.753+0000] {processor.py:756} INFO - Processing file /home/airflow/.local/lib/python3.7/site-packages/airflow/example_dags/example_task_group.py for tasks to queue
[2022-11-22T19:34:28.754+0000] {logging_mixin.py:137} INFO - [2022-11-22T19:34:28.754+0000] {dagbag.py:537} INFO - Filling up the DagBag from /home/airflow/.local/lib/python3.7/site-packages/airflow/example_dags/example_task_group.py
[2022-11-22T19:34:28.766+0000] {processor.py:766} INFO - DAG(s) dict_keys(['example_task_group']) retrieved from /home/airflow/.local/lib/python3.7/site-packages/airflow/example_dags/example_task_group.py
[2022-11-22T19:34:28.801+0000] {logging_mixin.py:137} INFO - [2022-11-22T19:34:28.800+0000] {dag.py:2585} INFO - Sync 1 DAGs
[2022-11-22T19:34:28.818+0000] {logging_mixin.py:137} INFO - [2022-11-22T19:34:28.817+0000] {dag.py:3340} INFO - Setting next_dagrun for example_task_group to 2022-11-21T19:34:28.817775+00:00, run_after=2022-11-22T19:34:28.817775+00:00
[2022-11-22T19:34:28.830+0000] {processor.py:176} INFO - Processing /home/airflow/.local/lib/python3.7/site-packages/airflow/example_dags/example_task_group.py took 0.081 seconds
[2022-11-22T19:34:59.585+0000] {processor.py:154} INFO - Started process (PID=1087) to work on /home/airflow/.local/lib/python3.7/site-packages/airflow/example_dags/example_task_group.py
[2022-11-22T19:34:59.587+0000] {processor.py:756} INFO - Processing file /home/airflow/.local/lib/python3.7/site-packages/airflow/example_dags/example_task_group.py for tasks to queue
[2022-11-22T19:34:59.588+0000] {logging_mixin.py:137} INFO - [2022-11-22T19:34:59.588+0000] {dagbag.py:537} INFO - Filling up the DagBag from /home/airflow/.local/lib/python3.7/site-packages/airflow/example_dags/example_task_group.py
[2022-11-22T19:34:59.602+0000] {processor.py:766} INFO - DAG(s) dict_keys(['example_task_group']) retrieved from /home/airflow/.local/lib/python3.7/site-packages/airflow/example_dags/example_task_group.py
[2022-11-22T19:34:59.635+0000] {logging_mixin.py:137} INFO - [2022-11-22T19:34:59.634+0000] {dag.py:2585} INFO - Sync 1 DAGs
[2022-11-22T19:34:59.655+0000] {logging_mixin.py:137} INFO - [2022-11-22T19:34:59.655+0000] {dag.py:3340} INFO - Setting next_dagrun for example_task_group to 2022-11-21T19:34:59.654835+00:00, run_after=2022-11-22T19:34:59.654835+00:00
[2022-11-22T19:34:59.670+0000] {processor.py:176} INFO - Processing /home/airflow/.local/lib/python3.7/site-packages/airflow/example_dags/example_task_group.py took 0.087 seconds
[2022-11-22T19:35:30.941+0000] {processor.py:154} INFO - Started process (PID=1149) to work on /home/airflow/.local/lib/python3.7/site-packages/airflow/example_dags/example_task_group.py
[2022-11-22T19:35:30.944+0000] {processor.py:756} INFO - Processing file /home/airflow/.local/lib/python3.7/site-packages/airflow/example_dags/example_task_group.py for tasks to queue
[2022-11-22T19:35:30.945+0000] {logging_mixin.py:137} INFO - [2022-11-22T19:35:30.945+0000] {dagbag.py:537} INFO - Filling up the DagBag from /home/airflow/.local/lib/python3.7/site-packages/airflow/example_dags/example_task_group.py
[2022-11-22T19:35:30.958+0000] {processor.py:766} INFO - DAG(s) dict_keys(['example_task_group']) retrieved from /home/airflow/.local/lib/python3.7/site-packages/airflow/example_dags/example_task_group.py
[2022-11-22T19:35:30.990+0000] {logging_mixin.py:137} INFO - [2022-11-22T19:35:30.990+0000] {dag.py:2585} INFO - Sync 1 DAGs
[2022-11-22T19:35:31.009+0000] {logging_mixin.py:137} INFO - [2022-11-22T19:35:31.009+0000] {dag.py:3340} INFO - Setting next_dagrun for example_task_group to 2022-11-21T19:35:31.009144+00:00, run_after=2022-11-22T19:35:31.009144+00:00
[2022-11-22T19:35:31.025+0000] {processor.py:176} INFO - Processing /home/airflow/.local/lib/python3.7/site-packages/airflow/example_dags/example_task_group.py took 0.086 seconds
[2022-11-22T19:36:01.865+0000] {processor.py:154} INFO - Started process (PID=1202) to work on /home/airflow/.local/lib/python3.7/site-packages/airflow/example_dags/example_task_group.py
[2022-11-22T19:36:01.867+0000] {processor.py:756} INFO - Processing file /home/airflow/.local/lib/python3.7/site-packages/airflow/example_dags/example_task_group.py for tasks to queue
[2022-11-22T19:36:01.869+0000] {logging_mixin.py:137} INFO - [2022-11-22T19:36:01.869+0000] {dagbag.py:537} INFO - Filling up the DagBag from /home/airflow/.local/lib/python3.7/site-packages/airflow/example_dags/example_task_group.py
[2022-11-22T19:36:01.890+0000] {processor.py:766} INFO - DAG(s) dict_keys(['example_task_group']) retrieved from /home/airflow/.local/lib/python3.7/site-packages/airflow/example_dags/example_task_group.py
[2022-11-22T19:36:01.917+0000] {logging_mixin.py:137} INFO - [2022-11-22T19:36:01.917+0000] {dag.py:2585} INFO - Sync 1 DAGs
[2022-11-22T19:36:01.931+0000] {logging_mixin.py:137} INFO - [2022-11-22T19:36:01.931+0000] {dag.py:3340} INFO - Setting next_dagrun for example_task_group to 2022-11-21T19:36:01.931451+00:00, run_after=2022-11-22T19:36:01.931451+00:00
[2022-11-22T19:36:01.942+0000] {processor.py:176} INFO - Processing /home/airflow/.local/lib/python3.7/site-packages/airflow/example_dags/example_task_group.py took 0.079 seconds
[2022-11-22T19:36:32.462+0000] {processor.py:154} INFO - Started process (PID=1266) to work on /home/airflow/.local/lib/python3.7/site-packages/airflow/example_dags/example_task_group.py
[2022-11-22T19:36:32.464+0000] {processor.py:756} INFO - Processing file /home/airflow/.local/lib/python3.7/site-packages/airflow/example_dags/example_task_group.py for tasks to queue
[2022-11-22T19:36:32.468+0000] {logging_mixin.py:137} INFO - [2022-11-22T19:36:32.468+0000] {dagbag.py:537} INFO - Filling up the DagBag from /home/airflow/.local/lib/python3.7/site-packages/airflow/example_dags/example_task_group.py
[2022-11-22T19:36:32.484+0000] {processor.py:766} INFO - DAG(s) dict_keys(['example_task_group']) retrieved from /home/airflow/.local/lib/python3.7/site-packages/airflow/example_dags/example_task_group.py
[2022-11-22T19:36:32.521+0000] {logging_mixin.py:137} INFO - [2022-11-22T19:36:32.521+0000] {dag.py:2585} INFO - Sync 1 DAGs
[2022-11-22T19:36:32.553+0000] {logging_mixin.py:137} INFO - [2022-11-22T19:36:32.553+0000] {dag.py:3340} INFO - Setting next_dagrun for example_task_group to 2022-11-21T19:36:32.553090+00:00, run_after=2022-11-22T19:36:32.553090+00:00
[2022-11-22T19:36:32.586+0000] {processor.py:176} INFO - Processing /home/airflow/.local/lib/python3.7/site-packages/airflow/example_dags/example_task_group.py took 0.127 seconds
[2022-11-22T19:37:03.491+0000] {processor.py:154} INFO - Started process (PID=1329) to work on /home/airflow/.local/lib/python3.7/site-packages/airflow/example_dags/example_task_group.py
[2022-11-22T19:37:03.493+0000] {processor.py:756} INFO - Processing file /home/airflow/.local/lib/python3.7/site-packages/airflow/example_dags/example_task_group.py for tasks to queue
[2022-11-22T19:37:03.494+0000] {logging_mixin.py:137} INFO - [2022-11-22T19:37:03.494+0000] {dagbag.py:537} INFO - Filling up the DagBag from /home/airflow/.local/lib/python3.7/site-packages/airflow/example_dags/example_task_group.py
[2022-11-22T19:37:03.504+0000] {processor.py:766} INFO - DAG(s) dict_keys(['example_task_group']) retrieved from /home/airflow/.local/lib/python3.7/site-packages/airflow/example_dags/example_task_group.py
[2022-11-22T19:37:03.528+0000] {logging_mixin.py:137} INFO - [2022-11-22T19:37:03.528+0000] {dag.py:2585} INFO - Sync 1 DAGs
[2022-11-22T19:37:03.542+0000] {logging_mixin.py:137} INFO - [2022-11-22T19:37:03.542+0000] {dag.py:3340} INFO - Setting next_dagrun for example_task_group to 2022-11-21T19:37:03.542470+00:00, run_after=2022-11-22T19:37:03.542470+00:00
[2022-11-22T19:37:03.555+0000] {processor.py:176} INFO - Processing /home/airflow/.local/lib/python3.7/site-packages/airflow/example_dags/example_task_group.py took 0.066 seconds
[2022-11-22T19:37:33.990+0000] {processor.py:154} INFO - Started process (PID=1393) to work on /home/airflow/.local/lib/python3.7/site-packages/airflow/example_dags/example_task_group.py
[2022-11-22T19:37:33.994+0000] {processor.py:756} INFO - Processing file /home/airflow/.local/lib/python3.7/site-packages/airflow/example_dags/example_task_group.py for tasks to queue
[2022-11-22T19:37:33.996+0000] {logging_mixin.py:137} INFO - [2022-11-22T19:37:33.996+0000] {dagbag.py:537} INFO - Filling up the DagBag from /home/airflow/.local/lib/python3.7/site-packages/airflow/example_dags/example_task_group.py
[2022-11-22T19:37:34.013+0000] {processor.py:766} INFO - DAG(s) dict_keys(['example_task_group']) retrieved from /home/airflow/.local/lib/python3.7/site-packages/airflow/example_dags/example_task_group.py
[2022-11-22T19:37:34.052+0000] {logging_mixin.py:137} INFO - [2022-11-22T19:37:34.052+0000] {dag.py:2585} INFO - Sync 1 DAGs
[2022-11-22T19:37:34.087+0000] {logging_mixin.py:137} INFO - [2022-11-22T19:37:34.087+0000] {dag.py:3340} INFO - Setting next_dagrun for example_task_group to 2022-11-21T19:37:34.086929+00:00, run_after=2022-11-22T19:37:34.086929+00:00
[2022-11-22T19:37:34.110+0000] {processor.py:176} INFO - Processing /home/airflow/.local/lib/python3.7/site-packages/airflow/example_dags/example_task_group.py took 0.124 seconds
[2022-11-22T19:38:04.451+0000] {processor.py:154} INFO - Started process (PID=1447) to work on /home/airflow/.local/lib/python3.7/site-packages/airflow/example_dags/example_task_group.py
[2022-11-22T19:38:04.452+0000] {processor.py:756} INFO - Processing file /home/airflow/.local/lib/python3.7/site-packages/airflow/example_dags/example_task_group.py for tasks to queue
[2022-11-22T19:38:04.454+0000] {logging_mixin.py:137} INFO - [2022-11-22T19:38:04.454+0000] {dagbag.py:537} INFO - Filling up the DagBag from /home/airflow/.local/lib/python3.7/site-packages/airflow/example_dags/example_task_group.py
[2022-11-22T19:38:04.467+0000] {processor.py:766} INFO - DAG(s) dict_keys(['example_task_group']) retrieved from /home/airflow/.local/lib/python3.7/site-packages/airflow/example_dags/example_task_group.py
[2022-11-22T19:38:04.510+0000] {logging_mixin.py:137} INFO - [2022-11-22T19:38:04.510+0000] {dag.py:2585} INFO - Sync 1 DAGs
[2022-11-22T19:38:04.532+0000] {logging_mixin.py:137} INFO - [2022-11-22T19:38:04.532+0000] {dag.py:3340} INFO - Setting next_dagrun for example_task_group to 2022-11-21T19:38:04.531825+00:00, run_after=2022-11-22T19:38:04.531825+00:00
[2022-11-22T19:38:04.552+0000] {processor.py:176} INFO - Processing /home/airflow/.local/lib/python3.7/site-packages/airflow/example_dags/example_task_group.py took 0.104 seconds
[2022-11-22T19:38:35.066+0000] {processor.py:154} INFO - Started process (PID=1510) to work on /home/airflow/.local/lib/python3.7/site-packages/airflow/example_dags/example_task_group.py
[2022-11-22T19:38:35.068+0000] {processor.py:756} INFO - Processing file /home/airflow/.local/lib/python3.7/site-packages/airflow/example_dags/example_task_group.py for tasks to queue
[2022-11-22T19:38:35.069+0000] {logging_mixin.py:137} INFO - [2022-11-22T19:38:35.069+0000] {dagbag.py:537} INFO - Filling up the DagBag from /home/airflow/.local/lib/python3.7/site-packages/airflow/example_dags/example_task_group.py
[2022-11-22T19:38:35.082+0000] {processor.py:766} INFO - DAG(s) dict_keys(['example_task_group']) retrieved from /home/airflow/.local/lib/python3.7/site-packages/airflow/example_dags/example_task_group.py
[2022-11-22T19:38:35.114+0000] {logging_mixin.py:137} INFO - [2022-11-22T19:38:35.114+0000] {dag.py:2585} INFO - Sync 1 DAGs
[2022-11-22T19:38:35.131+0000] {logging_mixin.py:137} INFO - [2022-11-22T19:38:35.131+0000] {dag.py:3340} INFO - Setting next_dagrun for example_task_group to 2022-11-21T19:38:35.131118+00:00, run_after=2022-11-22T19:38:35.131118+00:00
[2022-11-22T19:38:35.146+0000] {processor.py:176} INFO - Processing /home/airflow/.local/lib/python3.7/site-packages/airflow/example_dags/example_task_group.py took 0.083 seconds
[2022-11-22T19:39:05.370+0000] {processor.py:154} INFO - Started process (PID=1573) to work on /home/airflow/.local/lib/python3.7/site-packages/airflow/example_dags/example_task_group.py
[2022-11-22T19:39:05.371+0000] {processor.py:756} INFO - Processing file /home/airflow/.local/lib/python3.7/site-packages/airflow/example_dags/example_task_group.py for tasks to queue
[2022-11-22T19:39:05.372+0000] {logging_mixin.py:137} INFO - [2022-11-22T19:39:05.372+0000] {dagbag.py:537} INFO - Filling up the DagBag from /home/airflow/.local/lib/python3.7/site-packages/airflow/example_dags/example_task_group.py
[2022-11-22T19:39:05.387+0000] {processor.py:766} INFO - DAG(s) dict_keys(['example_task_group']) retrieved from /home/airflow/.local/lib/python3.7/site-packages/airflow/example_dags/example_task_group.py
[2022-11-22T19:39:05.419+0000] {logging_mixin.py:137} INFO - [2022-11-22T19:39:05.418+0000] {dag.py:2585} INFO - Sync 1 DAGs
[2022-11-22T19:39:05.436+0000] {logging_mixin.py:137} INFO - [2022-11-22T19:39:05.436+0000] {dag.py:3340} INFO - Setting next_dagrun for example_task_group to 2022-11-21T19:39:05.436230+00:00, run_after=2022-11-22T19:39:05.436230+00:00
[2022-11-22T19:39:05.477+0000] {processor.py:176} INFO - Processing /home/airflow/.local/lib/python3.7/site-packages/airflow/example_dags/example_task_group.py took 0.109 seconds
[2022-11-22T19:39:36.638+0000] {processor.py:154} INFO - Started process (PID=1637) to work on /home/airflow/.local/lib/python3.7/site-packages/airflow/example_dags/example_task_group.py
[2022-11-22T19:39:36.640+0000] {processor.py:756} INFO - Processing file /home/airflow/.local/lib/python3.7/site-packages/airflow/example_dags/example_task_group.py for tasks to queue
[2022-11-22T19:39:36.641+0000] {logging_mixin.py:137} INFO - [2022-11-22T19:39:36.641+0000] {dagbag.py:537} INFO - Filling up the DagBag from /home/airflow/.local/lib/python3.7/site-packages/airflow/example_dags/example_task_group.py
[2022-11-22T19:39:36.655+0000] {processor.py:766} INFO - DAG(s) dict_keys(['example_task_group']) retrieved from /home/airflow/.local/lib/python3.7/site-packages/airflow/example_dags/example_task_group.py
[2022-11-22T19:39:36.689+0000] {logging_mixin.py:137} INFO - [2022-11-22T19:39:36.689+0000] {dag.py:2585} INFO - Sync 1 DAGs
[2022-11-22T19:39:36.704+0000] {logging_mixin.py:137} INFO - [2022-11-22T19:39:36.704+0000] {dag.py:3340} INFO - Setting next_dagrun for example_task_group to 2022-11-21T19:39:36.704408+00:00, run_after=2022-11-22T19:39:36.704408+00:00
[2022-11-22T19:39:36.717+0000] {processor.py:176} INFO - Processing /home/airflow/.local/lib/python3.7/site-packages/airflow/example_dags/example_task_group.py took 0.082 seconds
[2022-11-22T19:40:06.979+0000] {processor.py:154} INFO - Started process (PID=1692) to work on /home/airflow/.local/lib/python3.7/site-packages/airflow/example_dags/example_task_group.py
[2022-11-22T19:40:06.980+0000] {processor.py:756} INFO - Processing file /home/airflow/.local/lib/python3.7/site-packages/airflow/example_dags/example_task_group.py for tasks to queue
[2022-11-22T19:40:06.981+0000] {logging_mixin.py:137} INFO - [2022-11-22T19:40:06.981+0000] {dagbag.py:537} INFO - Filling up the DagBag from /home/airflow/.local/lib/python3.7/site-packages/airflow/example_dags/example_task_group.py
[2022-11-22T19:40:06.993+0000] {processor.py:766} INFO - DAG(s) dict_keys(['example_task_group']) retrieved from /home/airflow/.local/lib/python3.7/site-packages/airflow/example_dags/example_task_group.py
[2022-11-22T19:40:07.020+0000] {logging_mixin.py:137} INFO - [2022-11-22T19:40:07.020+0000] {dag.py:2585} INFO - Sync 1 DAGs
[2022-11-22T19:40:07.035+0000] {logging_mixin.py:137} INFO - [2022-11-22T19:40:07.035+0000] {dag.py:3340} INFO - Setting next_dagrun for example_task_group to 2022-11-21T19:40:07.034843+00:00, run_after=2022-11-22T19:40:07.034843+00:00
[2022-11-22T19:40:07.047+0000] {processor.py:176} INFO - Processing /home/airflow/.local/lib/python3.7/site-packages/airflow/example_dags/example_task_group.py took 0.070 seconds
[2022-11-22T19:40:37.484+0000] {processor.py:154} INFO - Started process (PID=1755) to work on /home/airflow/.local/lib/python3.7/site-packages/airflow/example_dags/example_task_group.py
[2022-11-22T19:40:37.485+0000] {processor.py:756} INFO - Processing file /home/airflow/.local/lib/python3.7/site-packages/airflow/example_dags/example_task_group.py for tasks to queue
[2022-11-22T19:40:37.486+0000] {logging_mixin.py:137} INFO - [2022-11-22T19:40:37.486+0000] {dagbag.py:537} INFO - Filling up the DagBag from /home/airflow/.local/lib/python3.7/site-packages/airflow/example_dags/example_task_group.py
[2022-11-22T19:40:37.497+0000] {processor.py:766} INFO - DAG(s) dict_keys(['example_task_group']) retrieved from /home/airflow/.local/lib/python3.7/site-packages/airflow/example_dags/example_task_group.py
[2022-11-22T19:40:37.526+0000] {logging_mixin.py:137} INFO - [2022-11-22T19:40:37.525+0000] {dag.py:2585} INFO - Sync 1 DAGs
[2022-11-22T19:40:37.542+0000] {logging_mixin.py:137} INFO - [2022-11-22T19:40:37.542+0000] {dag.py:3340} INFO - Setting next_dagrun for example_task_group to 2022-11-21T19:40:37.542511+00:00, run_after=2022-11-22T19:40:37.542511+00:00
[2022-11-22T19:40:37.556+0000] {processor.py:176} INFO - Processing /home/airflow/.local/lib/python3.7/site-packages/airflow/example_dags/example_task_group.py took 0.074 seconds
[2022-11-22T19:41:08.462+0000] {processor.py:154} INFO - Started process (PID=1819) to work on /home/airflow/.local/lib/python3.7/site-packages/airflow/example_dags/example_task_group.py
[2022-11-22T19:41:08.464+0000] {processor.py:756} INFO - Processing file /home/airflow/.local/lib/python3.7/site-packages/airflow/example_dags/example_task_group.py for tasks to queue
[2022-11-22T19:41:08.468+0000] {logging_mixin.py:137} INFO - [2022-11-22T19:41:08.468+0000] {dagbag.py:537} INFO - Filling up the DagBag from /home/airflow/.local/lib/python3.7/site-packages/airflow/example_dags/example_task_group.py
[2022-11-22T19:41:08.481+0000] {processor.py:766} INFO - DAG(s) dict_keys(['example_task_group']) retrieved from /home/airflow/.local/lib/python3.7/site-packages/airflow/example_dags/example_task_group.py
[2022-11-22T19:41:08.511+0000] {logging_mixin.py:137} INFO - [2022-11-22T19:41:08.511+0000] {dag.py:2585} INFO - Sync 1 DAGs
[2022-11-22T19:41:08.527+0000] {logging_mixin.py:137} INFO - [2022-11-22T19:41:08.526+0000] {dag.py:3340} INFO - Setting next_dagrun for example_task_group to 2022-11-21T19:41:08.526796+00:00, run_after=2022-11-22T19:41:08.526796+00:00
[2022-11-22T19:41:08.540+0000] {processor.py:176} INFO - Processing /home/airflow/.local/lib/python3.7/site-packages/airflow/example_dags/example_task_group.py took 0.081 seconds
[2022-11-22T19:41:39.633+0000] {processor.py:154} INFO - Started process (PID=1883) to work on /home/airflow/.local/lib/python3.7/site-packages/airflow/example_dags/example_task_group.py
[2022-11-22T19:41:39.635+0000] {processor.py:756} INFO - Processing file /home/airflow/.local/lib/python3.7/site-packages/airflow/example_dags/example_task_group.py for tasks to queue
[2022-11-22T19:41:39.636+0000] {logging_mixin.py:137} INFO - [2022-11-22T19:41:39.636+0000] {dagbag.py:537} INFO - Filling up the DagBag from /home/airflow/.local/lib/python3.7/site-packages/airflow/example_dags/example_task_group.py
[2022-11-22T19:41:39.646+0000] {processor.py:766} INFO - DAG(s) dict_keys(['example_task_group']) retrieved from /home/airflow/.local/lib/python3.7/site-packages/airflow/example_dags/example_task_group.py
[2022-11-22T19:41:39.672+0000] {logging_mixin.py:137} INFO - [2022-11-22T19:41:39.671+0000] {dag.py:2585} INFO - Sync 1 DAGs
[2022-11-22T19:41:39.687+0000] {logging_mixin.py:137} INFO - [2022-11-22T19:41:39.687+0000] {dag.py:3340} INFO - Setting next_dagrun for example_task_group to 2022-11-21T19:41:39.686862+00:00, run_after=2022-11-22T19:41:39.686862+00:00
[2022-11-22T19:41:39.700+0000] {processor.py:176} INFO - Processing /home/airflow/.local/lib/python3.7/site-packages/airflow/example_dags/example_task_group.py took 0.069 seconds
[2022-11-22T19:42:10.136+0000] {processor.py:154} INFO - Started process (PID=1937) to work on /home/airflow/.local/lib/python3.7/site-packages/airflow/example_dags/example_task_group.py
[2022-11-22T19:42:10.137+0000] {processor.py:756} INFO - Processing file /home/airflow/.local/lib/python3.7/site-packages/airflow/example_dags/example_task_group.py for tasks to queue
[2022-11-22T19:42:10.138+0000] {logging_mixin.py:137} INFO - [2022-11-22T19:42:10.138+0000] {dagbag.py:537} INFO - Filling up the DagBag from /home/airflow/.local/lib/python3.7/site-packages/airflow/example_dags/example_task_group.py
[2022-11-22T19:42:10.151+0000] {processor.py:766} INFO - DAG(s) dict_keys(['example_task_group']) retrieved from /home/airflow/.local/lib/python3.7/site-packages/airflow/example_dags/example_task_group.py
[2022-11-22T19:42:10.178+0000] {logging_mixin.py:137} INFO - [2022-11-22T19:42:10.178+0000] {dag.py:2585} INFO - Sync 1 DAGs
[2022-11-22T19:42:10.196+0000] {logging_mixin.py:137} INFO - [2022-11-22T19:42:10.196+0000] {dag.py:3340} INFO - Setting next_dagrun for example_task_group to 2022-11-21T19:42:10.196045+00:00, run_after=2022-11-22T19:42:10.196045+00:00
[2022-11-22T19:42:10.209+0000] {processor.py:176} INFO - Processing /home/airflow/.local/lib/python3.7/site-packages/airflow/example_dags/example_task_group.py took 0.075 seconds
[2022-11-22T19:42:41.409+0000] {processor.py:154} INFO - Started process (PID=2001) to work on /home/airflow/.local/lib/python3.7/site-packages/airflow/example_dags/example_task_group.py
[2022-11-22T19:42:41.411+0000] {processor.py:756} INFO - Processing file /home/airflow/.local/lib/python3.7/site-packages/airflow/example_dags/example_task_group.py for tasks to queue
[2022-11-22T19:42:41.412+0000] {logging_mixin.py:137} INFO - [2022-11-22T19:42:41.412+0000] {dagbag.py:537} INFO - Filling up the DagBag from /home/airflow/.local/lib/python3.7/site-packages/airflow/example_dags/example_task_group.py
[2022-11-22T19:42:41.424+0000] {processor.py:766} INFO - DAG(s) dict_keys(['example_task_group']) retrieved from /home/airflow/.local/lib/python3.7/site-packages/airflow/example_dags/example_task_group.py
[2022-11-22T19:42:41.450+0000] {logging_mixin.py:137} INFO - [2022-11-22T19:42:41.450+0000] {dag.py:2585} INFO - Sync 1 DAGs
[2022-11-22T19:42:41.465+0000] {logging_mixin.py:137} INFO - [2022-11-22T19:42:41.465+0000] {dag.py:3340} INFO - Setting next_dagrun for example_task_group to 2022-11-21T19:42:41.464904+00:00, run_after=2022-11-22T19:42:41.464904+00:00
[2022-11-22T19:42:41.476+0000] {processor.py:176} INFO - Processing /home/airflow/.local/lib/python3.7/site-packages/airflow/example_dags/example_task_group.py took 0.069 seconds
[2022-11-22T19:43:12.378+0000] {processor.py:154} INFO - Started process (PID=2063) to work on /home/airflow/.local/lib/python3.7/site-packages/airflow/example_dags/example_task_group.py
[2022-11-22T19:43:12.380+0000] {processor.py:756} INFO - Processing file /home/airflow/.local/lib/python3.7/site-packages/airflow/example_dags/example_task_group.py for tasks to queue
[2022-11-22T19:43:12.381+0000] {logging_mixin.py:137} INFO - [2022-11-22T19:43:12.381+0000] {dagbag.py:537} INFO - Filling up the DagBag from /home/airflow/.local/lib/python3.7/site-packages/airflow/example_dags/example_task_group.py
[2022-11-22T19:43:12.392+0000] {processor.py:766} INFO - DAG(s) dict_keys(['example_task_group']) retrieved from /home/airflow/.local/lib/python3.7/site-packages/airflow/example_dags/example_task_group.py
[2022-11-22T19:43:12.416+0000] {logging_mixin.py:137} INFO - [2022-11-22T19:43:12.416+0000] {dag.py:2585} INFO - Sync 1 DAGs
[2022-11-22T19:43:12.430+0000] {logging_mixin.py:137} INFO - [2022-11-22T19:43:12.430+0000] {dag.py:3340} INFO - Setting next_dagrun for example_task_group to 2022-11-21T19:43:12.430392+00:00, run_after=2022-11-22T19:43:12.430392+00:00
[2022-11-22T19:43:12.442+0000] {processor.py:176} INFO - Processing /home/airflow/.local/lib/python3.7/site-packages/airflow/example_dags/example_task_group.py took 0.065 seconds
[2022-11-22T19:43:43.206+0000] {processor.py:154} INFO - Started process (PID=2126) to work on /home/airflow/.local/lib/python3.7/site-packages/airflow/example_dags/example_task_group.py
[2022-11-22T19:43:43.207+0000] {processor.py:756} INFO - Processing file /home/airflow/.local/lib/python3.7/site-packages/airflow/example_dags/example_task_group.py for tasks to queue
[2022-11-22T19:43:43.208+0000] {logging_mixin.py:137} INFO - [2022-11-22T19:43:43.208+0000] {dagbag.py:537} INFO - Filling up the DagBag from /home/airflow/.local/lib/python3.7/site-packages/airflow/example_dags/example_task_group.py
[2022-11-22T19:43:43.219+0000] {processor.py:766} INFO - DAG(s) dict_keys(['example_task_group']) retrieved from /home/airflow/.local/lib/python3.7/site-packages/airflow/example_dags/example_task_group.py
[2022-11-22T19:43:43.250+0000] {logging_mixin.py:137} INFO - [2022-11-22T19:43:43.250+0000] {dag.py:2585} INFO - Sync 1 DAGs
[2022-11-22T19:43:43.267+0000] {logging_mixin.py:137} INFO - [2022-11-22T19:43:43.267+0000] {dag.py:3340} INFO - Setting next_dagrun for example_task_group to 2022-11-21T19:43:43.266918+00:00, run_after=2022-11-22T19:43:43.266918+00:00
[2022-11-22T19:43:43.282+0000] {processor.py:176} INFO - Processing /home/airflow/.local/lib/python3.7/site-packages/airflow/example_dags/example_task_group.py took 0.079 seconds
[2022-11-22T19:44:13.617+0000] {processor.py:154} INFO - Started process (PID=2189) to work on /home/airflow/.local/lib/python3.7/site-packages/airflow/example_dags/example_task_group.py
[2022-11-22T19:44:13.625+0000] {processor.py:756} INFO - Processing file /home/airflow/.local/lib/python3.7/site-packages/airflow/example_dags/example_task_group.py for tasks to queue
[2022-11-22T19:44:13.637+0000] {logging_mixin.py:137} INFO - [2022-11-22T19:44:13.636+0000] {dagbag.py:537} INFO - Filling up the DagBag from /home/airflow/.local/lib/python3.7/site-packages/airflow/example_dags/example_task_group.py
[2022-11-22T19:44:13.672+0000] {processor.py:766} INFO - DAG(s) dict_keys(['example_task_group']) retrieved from /home/airflow/.local/lib/python3.7/site-packages/airflow/example_dags/example_task_group.py
[2022-11-22T19:44:13.778+0000] {logging_mixin.py:137} INFO - [2022-11-22T19:44:13.778+0000] {dag.py:2585} INFO - Sync 1 DAGs
[2022-11-22T19:44:13.805+0000] {logging_mixin.py:137} INFO - [2022-11-22T19:44:13.805+0000] {dag.py:3340} INFO - Setting next_dagrun for example_task_group to 2022-11-21T19:44:13.805308+00:00, run_after=2022-11-22T19:44:13.805308+00:00
[2022-11-22T19:44:13.832+0000] {processor.py:176} INFO - Processing /home/airflow/.local/lib/python3.7/site-packages/airflow/example_dags/example_task_group.py took 0.225 seconds
[2022-11-22T19:44:44.696+0000] {processor.py:154} INFO - Started process (PID=2243) to work on /home/airflow/.local/lib/python3.7/site-packages/airflow/example_dags/example_task_group.py
[2022-11-22T19:44:44.699+0000] {processor.py:756} INFO - Processing file /home/airflow/.local/lib/python3.7/site-packages/airflow/example_dags/example_task_group.py for tasks to queue
[2022-11-22T19:44:44.701+0000] {logging_mixin.py:137} INFO - [2022-11-22T19:44:44.700+0000] {dagbag.py:537} INFO - Filling up the DagBag from /home/airflow/.local/lib/python3.7/site-packages/airflow/example_dags/example_task_group.py
[2022-11-22T19:44:44.726+0000] {processor.py:766} INFO - DAG(s) dict_keys(['example_task_group']) retrieved from /home/airflow/.local/lib/python3.7/site-packages/airflow/example_dags/example_task_group.py
[2022-11-22T19:44:44.766+0000] {logging_mixin.py:137} INFO - [2022-11-22T19:44:44.766+0000] {dag.py:2585} INFO - Sync 1 DAGs
[2022-11-22T19:44:44.787+0000] {logging_mixin.py:137} INFO - [2022-11-22T19:44:44.787+0000] {dag.py:3340} INFO - Setting next_dagrun for example_task_group to 2022-11-21T19:44:44.787420+00:00, run_after=2022-11-22T19:44:44.787420+00:00
[2022-11-22T19:44:44.806+0000] {processor.py:176} INFO - Processing /home/airflow/.local/lib/python3.7/site-packages/airflow/example_dags/example_task_group.py took 0.116 seconds
[2022-11-22T19:45:14.912+0000] {processor.py:154} INFO - Started process (PID=2307) to work on /home/airflow/.local/lib/python3.7/site-packages/airflow/example_dags/example_task_group.py
[2022-11-22T19:45:14.914+0000] {processor.py:756} INFO - Processing file /home/airflow/.local/lib/python3.7/site-packages/airflow/example_dags/example_task_group.py for tasks to queue
[2022-11-22T19:45:14.915+0000] {logging_mixin.py:137} INFO - [2022-11-22T19:45:14.915+0000] {dagbag.py:537} INFO - Filling up the DagBag from /home/airflow/.local/lib/python3.7/site-packages/airflow/example_dags/example_task_group.py
[2022-11-22T19:45:14.929+0000] {processor.py:766} INFO - DAG(s) dict_keys(['example_task_group']) retrieved from /home/airflow/.local/lib/python3.7/site-packages/airflow/example_dags/example_task_group.py
[2022-11-22T19:45:14.974+0000] {logging_mixin.py:137} INFO - [2022-11-22T19:45:14.974+0000] {dag.py:2585} INFO - Sync 1 DAGs
[2022-11-22T19:45:14.993+0000] {logging_mixin.py:137} INFO - [2022-11-22T19:45:14.993+0000] {dag.py:3340} INFO - Setting next_dagrun for example_task_group to 2022-11-21T19:45:14.992749+00:00, run_after=2022-11-22T19:45:14.992749+00:00
[2022-11-22T19:45:15.009+0000] {processor.py:176} INFO - Processing /home/airflow/.local/lib/python3.7/site-packages/airflow/example_dags/example_task_group.py took 0.099 seconds
[2022-11-22T19:45:45.920+0000] {processor.py:154} INFO - Started process (PID=2371) to work on /home/airflow/.local/lib/python3.7/site-packages/airflow/example_dags/example_task_group.py
[2022-11-22T19:45:45.921+0000] {processor.py:756} INFO - Processing file /home/airflow/.local/lib/python3.7/site-packages/airflow/example_dags/example_task_group.py for tasks to queue
[2022-11-22T19:45:45.922+0000] {logging_mixin.py:137} INFO - [2022-11-22T19:45:45.922+0000] {dagbag.py:537} INFO - Filling up the DagBag from /home/airflow/.local/lib/python3.7/site-packages/airflow/example_dags/example_task_group.py
[2022-11-22T19:45:45.933+0000] {processor.py:766} INFO - DAG(s) dict_keys(['example_task_group']) retrieved from /home/airflow/.local/lib/python3.7/site-packages/airflow/example_dags/example_task_group.py
[2022-11-22T19:45:45.959+0000] {logging_mixin.py:137} INFO - [2022-11-22T19:45:45.959+0000] {dag.py:2585} INFO - Sync 1 DAGs
[2022-11-22T19:45:45.974+0000] {logging_mixin.py:137} INFO - [2022-11-22T19:45:45.973+0000] {dag.py:3340} INFO - Setting next_dagrun for example_task_group to 2022-11-21T19:45:45.973707+00:00, run_after=2022-11-22T19:45:45.973707+00:00
[2022-11-22T19:45:45.987+0000] {processor.py:176} INFO - Processing /home/airflow/.local/lib/python3.7/site-packages/airflow/example_dags/example_task_group.py took 0.070 seconds
[2022-11-22T19:46:16.779+0000] {processor.py:154} INFO - Started process (PID=2435) to work on /home/airflow/.local/lib/python3.7/site-packages/airflow/example_dags/example_task_group.py
[2022-11-22T19:46:16.781+0000] {processor.py:756} INFO - Processing file /home/airflow/.local/lib/python3.7/site-packages/airflow/example_dags/example_task_group.py for tasks to queue
[2022-11-22T19:46:16.782+0000] {logging_mixin.py:137} INFO - [2022-11-22T19:46:16.782+0000] {dagbag.py:537} INFO - Filling up the DagBag from /home/airflow/.local/lib/python3.7/site-packages/airflow/example_dags/example_task_group.py
[2022-11-22T19:46:16.793+0000] {processor.py:766} INFO - DAG(s) dict_keys(['example_task_group']) retrieved from /home/airflow/.local/lib/python3.7/site-packages/airflow/example_dags/example_task_group.py
[2022-11-22T19:46:16.820+0000] {logging_mixin.py:137} INFO - [2022-11-22T19:46:16.820+0000] {dag.py:2585} INFO - Sync 1 DAGs
[2022-11-22T19:46:16.834+0000] {logging_mixin.py:137} INFO - [2022-11-22T19:46:16.834+0000] {dag.py:3340} INFO - Setting next_dagrun for example_task_group to 2022-11-21T19:46:16.834489+00:00, run_after=2022-11-22T19:46:16.834489+00:00
[2022-11-22T19:46:16.845+0000] {processor.py:176} INFO - Processing /home/airflow/.local/lib/python3.7/site-packages/airflow/example_dags/example_task_group.py took 0.068 seconds
[2022-11-22T19:46:47.831+0000] {processor.py:154} INFO - Started process (PID=2497) to work on /home/airflow/.local/lib/python3.7/site-packages/airflow/example_dags/example_task_group.py
[2022-11-22T19:46:47.833+0000] {processor.py:756} INFO - Processing file /home/airflow/.local/lib/python3.7/site-packages/airflow/example_dags/example_task_group.py for tasks to queue
[2022-11-22T19:46:47.835+0000] {logging_mixin.py:137} INFO - [2022-11-22T19:46:47.834+0000] {dagbag.py:537} INFO - Filling up the DagBag from /home/airflow/.local/lib/python3.7/site-packages/airflow/example_dags/example_task_group.py
[2022-11-22T19:46:47.853+0000] {processor.py:766} INFO - DAG(s) dict_keys(['example_task_group']) retrieved from /home/airflow/.local/lib/python3.7/site-packages/airflow/example_dags/example_task_group.py
[2022-11-22T19:46:47.951+0000] {logging_mixin.py:137} INFO - [2022-11-22T19:46:47.950+0000] {dag.py:2585} INFO - Sync 1 DAGs
[2022-11-22T19:46:48.056+0000] {logging_mixin.py:137} INFO - [2022-11-22T19:46:48.056+0000] {dag.py:3340} INFO - Setting next_dagrun for example_task_group to 2022-11-21T19:46:48.056328+00:00, run_after=2022-11-22T19:46:48.056328+00:00
[2022-11-22T19:46:48.084+0000] {processor.py:176} INFO - Processing /home/airflow/.local/lib/python3.7/site-packages/airflow/example_dags/example_task_group.py took 0.257 seconds
[2022-11-22T19:47:18.201+0000] {processor.py:154} INFO - Started process (PID=2551) to work on /home/airflow/.local/lib/python3.7/site-packages/airflow/example_dags/example_task_group.py
[2022-11-22T19:47:18.203+0000] {processor.py:756} INFO - Processing file /home/airflow/.local/lib/python3.7/site-packages/airflow/example_dags/example_task_group.py for tasks to queue
[2022-11-22T19:47:18.204+0000] {logging_mixin.py:137} INFO - [2022-11-22T19:47:18.204+0000] {dagbag.py:537} INFO - Filling up the DagBag from /home/airflow/.local/lib/python3.7/site-packages/airflow/example_dags/example_task_group.py
[2022-11-22T19:47:18.216+0000] {processor.py:766} INFO - DAG(s) dict_keys(['example_task_group']) retrieved from /home/airflow/.local/lib/python3.7/site-packages/airflow/example_dags/example_task_group.py
[2022-11-22T19:47:18.242+0000] {logging_mixin.py:137} INFO - [2022-11-22T19:47:18.242+0000] {dag.py:2585} INFO - Sync 1 DAGs
[2022-11-22T19:47:18.259+0000] {logging_mixin.py:137} INFO - [2022-11-22T19:47:18.259+0000] {dag.py:3340} INFO - Setting next_dagrun for example_task_group to 2022-11-21T19:47:18.259196+00:00, run_after=2022-11-22T19:47:18.259196+00:00
[2022-11-22T19:47:18.271+0000] {processor.py:176} INFO - Processing /home/airflow/.local/lib/python3.7/site-packages/airflow/example_dags/example_task_group.py took 0.072 seconds
[2022-11-22T19:47:48.880+0000] {processor.py:154} INFO - Started process (PID=2613) to work on /home/airflow/.local/lib/python3.7/site-packages/airflow/example_dags/example_task_group.py
[2022-11-22T19:47:48.882+0000] {processor.py:756} INFO - Processing file /home/airflow/.local/lib/python3.7/site-packages/airflow/example_dags/example_task_group.py for tasks to queue
[2022-11-22T19:47:48.883+0000] {logging_mixin.py:137} INFO - [2022-11-22T19:47:48.883+0000] {dagbag.py:537} INFO - Filling up the DagBag from /home/airflow/.local/lib/python3.7/site-packages/airflow/example_dags/example_task_group.py
[2022-11-22T19:47:48.894+0000] {processor.py:766} INFO - DAG(s) dict_keys(['example_task_group']) retrieved from /home/airflow/.local/lib/python3.7/site-packages/airflow/example_dags/example_task_group.py
[2022-11-22T19:47:48.923+0000] {logging_mixin.py:137} INFO - [2022-11-22T19:47:48.923+0000] {dag.py:2585} INFO - Sync 1 DAGs
[2022-11-22T19:47:48.939+0000] {logging_mixin.py:137} INFO - [2022-11-22T19:47:48.939+0000] {dag.py:3340} INFO - Setting next_dagrun for example_task_group to 2022-11-21T19:47:48.939693+00:00, run_after=2022-11-22T19:47:48.939693+00:00
[2022-11-22T19:47:48.952+0000] {processor.py:176} INFO - Processing /home/airflow/.local/lib/python3.7/site-packages/airflow/example_dags/example_task_group.py took 0.075 seconds
[2022-11-22T19:48:20.031+0000] {processor.py:154} INFO - Started process (PID=2675) to work on /home/airflow/.local/lib/python3.7/site-packages/airflow/example_dags/example_task_group.py
[2022-11-22T19:48:20.033+0000] {processor.py:756} INFO - Processing file /home/airflow/.local/lib/python3.7/site-packages/airflow/example_dags/example_task_group.py for tasks to queue
[2022-11-22T19:48:20.035+0000] {logging_mixin.py:137} INFO - [2022-11-22T19:48:20.034+0000] {dagbag.py:537} INFO - Filling up the DagBag from /home/airflow/.local/lib/python3.7/site-packages/airflow/example_dags/example_task_group.py
[2022-11-22T19:48:20.051+0000] {processor.py:766} INFO - DAG(s) dict_keys(['example_task_group']) retrieved from /home/airflow/.local/lib/python3.7/site-packages/airflow/example_dags/example_task_group.py
[2022-11-22T19:48:20.090+0000] {logging_mixin.py:137} INFO - [2022-11-22T19:48:20.090+0000] {dag.py:2585} INFO - Sync 1 DAGs
[2022-11-22T19:48:20.119+0000] {logging_mixin.py:137} INFO - [2022-11-22T19:48:20.119+0000] {dag.py:3340} INFO - Setting next_dagrun for example_task_group to 2022-11-21T19:48:20.119623+00:00, run_after=2022-11-22T19:48:20.119623+00:00
[2022-11-22T19:48:20.164+0000] {processor.py:176} INFO - Processing /home/airflow/.local/lib/python3.7/site-packages/airflow/example_dags/example_task_group.py took 0.135 seconds
[2022-11-22T19:48:50.958+0000] {processor.py:154} INFO - Started process (PID=2738) to work on /home/airflow/.local/lib/python3.7/site-packages/airflow/example_dags/example_task_group.py
[2022-11-22T19:48:50.960+0000] {processor.py:756} INFO - Processing file /home/airflow/.local/lib/python3.7/site-packages/airflow/example_dags/example_task_group.py for tasks to queue
[2022-11-22T19:48:50.961+0000] {logging_mixin.py:137} INFO - [2022-11-22T19:48:50.961+0000] {dagbag.py:537} INFO - Filling up the DagBag from /home/airflow/.local/lib/python3.7/site-packages/airflow/example_dags/example_task_group.py
[2022-11-22T19:48:50.972+0000] {processor.py:766} INFO - DAG(s) dict_keys(['example_task_group']) retrieved from /home/airflow/.local/lib/python3.7/site-packages/airflow/example_dags/example_task_group.py
[2022-11-22T19:48:51.001+0000] {logging_mixin.py:137} INFO - [2022-11-22T19:48:51.001+0000] {dag.py:2585} INFO - Sync 1 DAGs
[2022-11-22T19:48:51.020+0000] {logging_mixin.py:137} INFO - [2022-11-22T19:48:51.019+0000] {dag.py:3340} INFO - Setting next_dagrun for example_task_group to 2022-11-21T19:48:51.017418+00:00, run_after=2022-11-22T19:48:51.017418+00:00
[2022-11-22T19:48:51.032+0000] {processor.py:176} INFO - Processing /home/airflow/.local/lib/python3.7/site-packages/airflow/example_dags/example_task_group.py took 0.077 seconds
[2022-11-22T19:49:21.130+0000] {processor.py:154} INFO - Started process (PID=2792) to work on /home/airflow/.local/lib/python3.7/site-packages/airflow/example_dags/example_task_group.py
[2022-11-22T19:49:21.133+0000] {processor.py:756} INFO - Processing file /home/airflow/.local/lib/python3.7/site-packages/airflow/example_dags/example_task_group.py for tasks to queue
[2022-11-22T19:49:21.134+0000] {logging_mixin.py:137} INFO - [2022-11-22T19:49:21.134+0000] {dagbag.py:537} INFO - Filling up the DagBag from /home/airflow/.local/lib/python3.7/site-packages/airflow/example_dags/example_task_group.py
[2022-11-22T19:49:21.145+0000] {processor.py:766} INFO - DAG(s) dict_keys(['example_task_group']) retrieved from /home/airflow/.local/lib/python3.7/site-packages/airflow/example_dags/example_task_group.py
[2022-11-22T19:49:21.169+0000] {logging_mixin.py:137} INFO - [2022-11-22T19:49:21.169+0000] {dag.py:2585} INFO - Sync 1 DAGs
[2022-11-22T19:49:21.184+0000] {logging_mixin.py:137} INFO - [2022-11-22T19:49:21.183+0000] {dag.py:3340} INFO - Setting next_dagrun for example_task_group to 2022-11-21T19:49:21.183808+00:00, run_after=2022-11-22T19:49:21.183808+00:00
[2022-11-22T19:49:21.195+0000] {processor.py:176} INFO - Processing /home/airflow/.local/lib/python3.7/site-packages/airflow/example_dags/example_task_group.py took 0.067 seconds
[2022-11-22T19:49:51.945+0000] {processor.py:154} INFO - Started process (PID=2855) to work on /home/airflow/.local/lib/python3.7/site-packages/airflow/example_dags/example_task_group.py
[2022-11-22T19:49:51.947+0000] {processor.py:756} INFO - Processing file /home/airflow/.local/lib/python3.7/site-packages/airflow/example_dags/example_task_group.py for tasks to queue
[2022-11-22T19:49:51.948+0000] {logging_mixin.py:137} INFO - [2022-11-22T19:49:51.947+0000] {dagbag.py:537} INFO - Filling up the DagBag from /home/airflow/.local/lib/python3.7/site-packages/airflow/example_dags/example_task_group.py
[2022-11-22T19:49:51.958+0000] {processor.py:766} INFO - DAG(s) dict_keys(['example_task_group']) retrieved from /home/airflow/.local/lib/python3.7/site-packages/airflow/example_dags/example_task_group.py
[2022-11-22T19:49:51.985+0000] {logging_mixin.py:137} INFO - [2022-11-22T19:49:51.985+0000] {dag.py:2585} INFO - Sync 1 DAGs
[2022-11-22T19:49:52.004+0000] {logging_mixin.py:137} INFO - [2022-11-22T19:49:52.004+0000] {dag.py:3340} INFO - Setting next_dagrun for example_task_group to 2022-11-21T19:49:52.003979+00:00, run_after=2022-11-22T19:49:52.003979+00:00
[2022-11-22T19:49:52.019+0000] {processor.py:176} INFO - Processing /home/airflow/.local/lib/python3.7/site-packages/airflow/example_dags/example_task_group.py took 0.076 seconds
[2022-11-22T19:50:22.942+0000] {processor.py:154} INFO - Started process (PID=2919) to work on /home/airflow/.local/lib/python3.7/site-packages/airflow/example_dags/example_task_group.py
[2022-11-22T19:50:22.944+0000] {processor.py:756} INFO - Processing file /home/airflow/.local/lib/python3.7/site-packages/airflow/example_dags/example_task_group.py for tasks to queue
[2022-11-22T19:50:22.946+0000] {logging_mixin.py:137} INFO - [2022-11-22T19:50:22.946+0000] {dagbag.py:537} INFO - Filling up the DagBag from /home/airflow/.local/lib/python3.7/site-packages/airflow/example_dags/example_task_group.py
[2022-11-22T19:50:22.956+0000] {processor.py:766} INFO - DAG(s) dict_keys(['example_task_group']) retrieved from /home/airflow/.local/lib/python3.7/site-packages/airflow/example_dags/example_task_group.py
[2022-11-22T19:50:22.982+0000] {logging_mixin.py:137} INFO - [2022-11-22T19:50:22.982+0000] {dag.py:2585} INFO - Sync 1 DAGs
[2022-11-22T19:50:22.999+0000] {logging_mixin.py:137} INFO - [2022-11-22T19:50:22.999+0000] {dag.py:3340} INFO - Setting next_dagrun for example_task_group to 2022-11-21T19:50:22.999058+00:00, run_after=2022-11-22T19:50:22.999058+00:00
[2022-11-22T19:50:23.013+0000] {processor.py:176} INFO - Processing /home/airflow/.local/lib/python3.7/site-packages/airflow/example_dags/example_task_group.py took 0.073 seconds
[2022-11-22T19:50:53.408+0000] {processor.py:154} INFO - Started process (PID=2982) to work on /home/airflow/.local/lib/python3.7/site-packages/airflow/example_dags/example_task_group.py
[2022-11-22T19:50:53.410+0000] {processor.py:756} INFO - Processing file /home/airflow/.local/lib/python3.7/site-packages/airflow/example_dags/example_task_group.py for tasks to queue
[2022-11-22T19:50:53.412+0000] {logging_mixin.py:137} INFO - [2022-11-22T19:50:53.412+0000] {dagbag.py:537} INFO - Filling up the DagBag from /home/airflow/.local/lib/python3.7/site-packages/airflow/example_dags/example_task_group.py
[2022-11-22T19:50:53.422+0000] {processor.py:766} INFO - DAG(s) dict_keys(['example_task_group']) retrieved from /home/airflow/.local/lib/python3.7/site-packages/airflow/example_dags/example_task_group.py
[2022-11-22T19:50:53.449+0000] {logging_mixin.py:137} INFO - [2022-11-22T19:50:53.449+0000] {dag.py:2585} INFO - Sync 1 DAGs
[2022-11-22T19:50:53.464+0000] {logging_mixin.py:137} INFO - [2022-11-22T19:50:53.464+0000] {dag.py:3340} INFO - Setting next_dagrun for example_task_group to 2022-11-21T19:50:53.464570+00:00, run_after=2022-11-22T19:50:53.464570+00:00
[2022-11-22T19:50:53.478+0000] {processor.py:176} INFO - Processing /home/airflow/.local/lib/python3.7/site-packages/airflow/example_dags/example_task_group.py took 0.073 seconds
[2022-11-22T19:51:24.244+0000] {processor.py:154} INFO - Started process (PID=3045) to work on /home/airflow/.local/lib/python3.7/site-packages/airflow/example_dags/example_task_group.py
[2022-11-22T19:51:24.245+0000] {processor.py:756} INFO - Processing file /home/airflow/.local/lib/python3.7/site-packages/airflow/example_dags/example_task_group.py for tasks to queue
[2022-11-22T19:51:24.246+0000] {logging_mixin.py:137} INFO - [2022-11-22T19:51:24.246+0000] {dagbag.py:537} INFO - Filling up the DagBag from /home/airflow/.local/lib/python3.7/site-packages/airflow/example_dags/example_task_group.py
[2022-11-22T19:51:24.256+0000] {processor.py:766} INFO - DAG(s) dict_keys(['example_task_group']) retrieved from /home/airflow/.local/lib/python3.7/site-packages/airflow/example_dags/example_task_group.py
[2022-11-22T19:51:24.281+0000] {logging_mixin.py:137} INFO - [2022-11-22T19:51:24.281+0000] {dag.py:2585} INFO - Sync 1 DAGs
[2022-11-22T19:51:24.297+0000] {logging_mixin.py:137} INFO - [2022-11-22T19:51:24.297+0000] {dag.py:3340} INFO - Setting next_dagrun for example_task_group to 2022-11-21T19:51:24.297311+00:00, run_after=2022-11-22T19:51:24.297311+00:00
[2022-11-22T19:51:24.311+0000] {processor.py:176} INFO - Processing /home/airflow/.local/lib/python3.7/site-packages/airflow/example_dags/example_task_group.py took 0.069 seconds
[2022-11-22T19:51:55.083+0000] {processor.py:154} INFO - Started process (PID=3099) to work on /home/airflow/.local/lib/python3.7/site-packages/airflow/example_dags/example_task_group.py
[2022-11-22T19:51:55.085+0000] {processor.py:756} INFO - Processing file /home/airflow/.local/lib/python3.7/site-packages/airflow/example_dags/example_task_group.py for tasks to queue
[2022-11-22T19:51:55.087+0000] {logging_mixin.py:137} INFO - [2022-11-22T19:51:55.087+0000] {dagbag.py:537} INFO - Filling up the DagBag from /home/airflow/.local/lib/python3.7/site-packages/airflow/example_dags/example_task_group.py
[2022-11-22T19:51:55.100+0000] {processor.py:766} INFO - DAG(s) dict_keys(['example_task_group']) retrieved from /home/airflow/.local/lib/python3.7/site-packages/airflow/example_dags/example_task_group.py
[2022-11-22T19:51:55.132+0000] {logging_mixin.py:137} INFO - [2022-11-22T19:51:55.132+0000] {dag.py:2585} INFO - Sync 1 DAGs
[2022-11-22T19:51:55.151+0000] {logging_mixin.py:137} INFO - [2022-11-22T19:51:55.151+0000] {dag.py:3340} INFO - Setting next_dagrun for example_task_group to 2022-11-21T19:51:55.151024+00:00, run_after=2022-11-22T19:51:55.151024+00:00
[2022-11-22T19:51:55.178+0000] {processor.py:176} INFO - Processing /home/airflow/.local/lib/python3.7/site-packages/airflow/example_dags/example_task_group.py took 0.098 seconds
[2022-11-22T19:52:26.194+0000] {processor.py:154} INFO - Started process (PID=3161) to work on /home/airflow/.local/lib/python3.7/site-packages/airflow/example_dags/example_task_group.py
[2022-11-22T19:52:26.196+0000] {processor.py:756} INFO - Processing file /home/airflow/.local/lib/python3.7/site-packages/airflow/example_dags/example_task_group.py for tasks to queue
[2022-11-22T19:52:26.197+0000] {logging_mixin.py:137} INFO - [2022-11-22T19:52:26.197+0000] {dagbag.py:537} INFO - Filling up the DagBag from /home/airflow/.local/lib/python3.7/site-packages/airflow/example_dags/example_task_group.py
[2022-11-22T19:52:26.211+0000] {processor.py:766} INFO - DAG(s) dict_keys(['example_task_group']) retrieved from /home/airflow/.local/lib/python3.7/site-packages/airflow/example_dags/example_task_group.py
[2022-11-22T19:52:26.240+0000] {logging_mixin.py:137} INFO - [2022-11-22T19:52:26.240+0000] {dag.py:2585} INFO - Sync 1 DAGs
[2022-11-22T19:52:26.256+0000] {logging_mixin.py:137} INFO - [2022-11-22T19:52:26.256+0000] {dag.py:3340} INFO - Setting next_dagrun for example_task_group to 2022-11-21T19:52:26.256137+00:00, run_after=2022-11-22T19:52:26.256137+00:00
[2022-11-22T19:52:26.268+0000] {processor.py:176} INFO - Processing /home/airflow/.local/lib/python3.7/site-packages/airflow/example_dags/example_task_group.py took 0.076 seconds
[2022-11-22T19:52:57.321+0000] {processor.py:154} INFO - Started process (PID=3223) to work on /home/airflow/.local/lib/python3.7/site-packages/airflow/example_dags/example_task_group.py
[2022-11-22T19:52:57.322+0000] {processor.py:756} INFO - Processing file /home/airflow/.local/lib/python3.7/site-packages/airflow/example_dags/example_task_group.py for tasks to queue
[2022-11-22T19:52:57.323+0000] {logging_mixin.py:137} INFO - [2022-11-22T19:52:57.323+0000] {dagbag.py:537} INFO - Filling up the DagBag from /home/airflow/.local/lib/python3.7/site-packages/airflow/example_dags/example_task_group.py
[2022-11-22T19:52:57.336+0000] {processor.py:766} INFO - DAG(s) dict_keys(['example_task_group']) retrieved from /home/airflow/.local/lib/python3.7/site-packages/airflow/example_dags/example_task_group.py
[2022-11-22T19:52:57.367+0000] {logging_mixin.py:137} INFO - [2022-11-22T19:52:57.367+0000] {dag.py:2585} INFO - Sync 1 DAGs
[2022-11-22T19:52:57.383+0000] {logging_mixin.py:137} INFO - [2022-11-22T19:52:57.383+0000] {dag.py:3340} INFO - Setting next_dagrun for example_task_group to 2022-11-21T19:52:57.383513+00:00, run_after=2022-11-22T19:52:57.383513+00:00
[2022-11-22T19:52:57.397+0000] {processor.py:176} INFO - Processing /home/airflow/.local/lib/python3.7/site-packages/airflow/example_dags/example_task_group.py took 0.078 seconds
[2022-11-22T19:53:28.405+0000] {processor.py:154} INFO - Started process (PID=3286) to work on /home/airflow/.local/lib/python3.7/site-packages/airflow/example_dags/example_task_group.py
[2022-11-22T19:53:28.406+0000] {processor.py:756} INFO - Processing file /home/airflow/.local/lib/python3.7/site-packages/airflow/example_dags/example_task_group.py for tasks to queue
[2022-11-22T19:53:28.407+0000] {logging_mixin.py:137} INFO - [2022-11-22T19:53:28.407+0000] {dagbag.py:537} INFO - Filling up the DagBag from /home/airflow/.local/lib/python3.7/site-packages/airflow/example_dags/example_task_group.py
[2022-11-22T19:53:28.418+0000] {processor.py:766} INFO - DAG(s) dict_keys(['example_task_group']) retrieved from /home/airflow/.local/lib/python3.7/site-packages/airflow/example_dags/example_task_group.py
[2022-11-22T19:53:28.447+0000] {logging_mixin.py:137} INFO - [2022-11-22T19:53:28.447+0000] {dag.py:2585} INFO - Sync 1 DAGs
[2022-11-22T19:53:28.482+0000] {logging_mixin.py:137} INFO - [2022-11-22T19:53:28.482+0000] {dag.py:3340} INFO - Setting next_dagrun for example_task_group to 2022-11-21T19:53:28.482569+00:00, run_after=2022-11-22T19:53:28.482569+00:00
[2022-11-22T19:53:28.505+0000] {processor.py:176} INFO - Processing /home/airflow/.local/lib/python3.7/site-packages/airflow/example_dags/example_task_group.py took 0.103 seconds
[2022-11-22T19:53:59.138+0000] {processor.py:154} INFO - Started process (PID=3349) to work on /home/airflow/.local/lib/python3.7/site-packages/airflow/example_dags/example_task_group.py
[2022-11-22T19:53:59.155+0000] {processor.py:756} INFO - Processing file /home/airflow/.local/lib/python3.7/site-packages/airflow/example_dags/example_task_group.py for tasks to queue
[2022-11-22T19:53:59.162+0000] {logging_mixin.py:137} INFO - [2022-11-22T19:53:59.162+0000] {dagbag.py:537} INFO - Filling up the DagBag from /home/airflow/.local/lib/python3.7/site-packages/airflow/example_dags/example_task_group.py
[2022-11-22T19:53:59.191+0000] {processor.py:766} INFO - DAG(s) dict_keys(['example_task_group']) retrieved from /home/airflow/.local/lib/python3.7/site-packages/airflow/example_dags/example_task_group.py
[2022-11-22T19:53:59.245+0000] {logging_mixin.py:137} INFO - [2022-11-22T19:53:59.245+0000] {dag.py:2585} INFO - Sync 1 DAGs
[2022-11-22T19:53:59.290+0000] {logging_mixin.py:137} INFO - [2022-11-22T19:53:59.289+0000] {dag.py:3340} INFO - Setting next_dagrun for example_task_group to 2022-11-21T19:53:59.289555+00:00, run_after=2022-11-22T19:53:59.289555+00:00
[2022-11-22T19:53:59.316+0000] {processor.py:176} INFO - Processing /home/airflow/.local/lib/python3.7/site-packages/airflow/example_dags/example_task_group.py took 0.182 seconds
[2022-11-22T19:54:30.302+0000] {processor.py:154} INFO - Started process (PID=3403) to work on /home/airflow/.local/lib/python3.7/site-packages/airflow/example_dags/example_task_group.py
[2022-11-22T19:54:30.304+0000] {processor.py:756} INFO - Processing file /home/airflow/.local/lib/python3.7/site-packages/airflow/example_dags/example_task_group.py for tasks to queue
[2022-11-22T19:54:30.305+0000] {logging_mixin.py:137} INFO - [2022-11-22T19:54:30.305+0000] {dagbag.py:537} INFO - Filling up the DagBag from /home/airflow/.local/lib/python3.7/site-packages/airflow/example_dags/example_task_group.py
[2022-11-22T19:54:30.316+0000] {processor.py:766} INFO - DAG(s) dict_keys(['example_task_group']) retrieved from /home/airflow/.local/lib/python3.7/site-packages/airflow/example_dags/example_task_group.py
[2022-11-22T19:54:30.343+0000] {logging_mixin.py:137} INFO - [2022-11-22T19:54:30.343+0000] {dag.py:2585} INFO - Sync 1 DAGs
[2022-11-22T19:54:30.358+0000] {logging_mixin.py:137} INFO - [2022-11-22T19:54:30.358+0000] {dag.py:3340} INFO - Setting next_dagrun for example_task_group to 2022-11-21T19:54:30.358242+00:00, run_after=2022-11-22T19:54:30.358242+00:00
[2022-11-22T19:54:30.370+0000] {processor.py:176} INFO - Processing /home/airflow/.local/lib/python3.7/site-packages/airflow/example_dags/example_task_group.py took 0.071 seconds
[2022-11-22T19:55:00.791+0000] {processor.py:154} INFO - Started process (PID=3465) to work on /home/airflow/.local/lib/python3.7/site-packages/airflow/example_dags/example_task_group.py
[2022-11-22T19:55:00.792+0000] {processor.py:756} INFO - Processing file /home/airflow/.local/lib/python3.7/site-packages/airflow/example_dags/example_task_group.py for tasks to queue
[2022-11-22T19:55:00.793+0000] {logging_mixin.py:137} INFO - [2022-11-22T19:55:00.793+0000] {dagbag.py:537} INFO - Filling up the DagBag from /home/airflow/.local/lib/python3.7/site-packages/airflow/example_dags/example_task_group.py
[2022-11-22T19:55:00.808+0000] {processor.py:766} INFO - DAG(s) dict_keys(['example_task_group']) retrieved from /home/airflow/.local/lib/python3.7/site-packages/airflow/example_dags/example_task_group.py
[2022-11-22T19:55:00.835+0000] {logging_mixin.py:137} INFO - [2022-11-22T19:55:00.835+0000] {dag.py:2585} INFO - Sync 1 DAGs
[2022-11-22T19:55:00.851+0000] {logging_mixin.py:137} INFO - [2022-11-22T19:55:00.851+0000] {dag.py:3340} INFO - Setting next_dagrun for example_task_group to 2022-11-21T19:55:00.850833+00:00, run_after=2022-11-22T19:55:00.850833+00:00
[2022-11-22T19:55:00.863+0000] {processor.py:176} INFO - Processing /home/airflow/.local/lib/python3.7/site-packages/airflow/example_dags/example_task_group.py took 0.076 seconds
[2022-11-22T19:55:31.812+0000] {processor.py:154} INFO - Started process (PID=3528) to work on /home/airflow/.local/lib/python3.7/site-packages/airflow/example_dags/example_task_group.py
[2022-11-22T19:55:31.814+0000] {processor.py:756} INFO - Processing file /home/airflow/.local/lib/python3.7/site-packages/airflow/example_dags/example_task_group.py for tasks to queue
[2022-11-22T19:55:31.816+0000] {logging_mixin.py:137} INFO - [2022-11-22T19:55:31.816+0000] {dagbag.py:537} INFO - Filling up the DagBag from /home/airflow/.local/lib/python3.7/site-packages/airflow/example_dags/example_task_group.py
[2022-11-22T19:55:31.828+0000] {processor.py:766} INFO - DAG(s) dict_keys(['example_task_group']) retrieved from /home/airflow/.local/lib/python3.7/site-packages/airflow/example_dags/example_task_group.py
[2022-11-22T19:55:31.857+0000] {logging_mixin.py:137} INFO - [2022-11-22T19:55:31.857+0000] {dag.py:2585} INFO - Sync 1 DAGs
[2022-11-22T19:55:31.873+0000] {logging_mixin.py:137} INFO - [2022-11-22T19:55:31.873+0000] {dag.py:3340} INFO - Setting next_dagrun for example_task_group to 2022-11-21T19:55:31.873391+00:00, run_after=2022-11-22T19:55:31.873391+00:00
[2022-11-22T19:55:31.886+0000] {processor.py:176} INFO - Processing /home/airflow/.local/lib/python3.7/site-packages/airflow/example_dags/example_task_group.py took 0.077 seconds
[2022-11-22T19:56:02.375+0000] {processor.py:154} INFO - Started process (PID=3592) to work on /home/airflow/.local/lib/python3.7/site-packages/airflow/example_dags/example_task_group.py
[2022-11-22T19:56:02.377+0000] {processor.py:756} INFO - Processing file /home/airflow/.local/lib/python3.7/site-packages/airflow/example_dags/example_task_group.py for tasks to queue
[2022-11-22T19:56:02.378+0000] {logging_mixin.py:137} INFO - [2022-11-22T19:56:02.378+0000] {dagbag.py:537} INFO - Filling up the DagBag from /home/airflow/.local/lib/python3.7/site-packages/airflow/example_dags/example_task_group.py
[2022-11-22T19:56:02.391+0000] {processor.py:766} INFO - DAG(s) dict_keys(['example_task_group']) retrieved from /home/airflow/.local/lib/python3.7/site-packages/airflow/example_dags/example_task_group.py
[2022-11-22T19:56:02.419+0000] {logging_mixin.py:137} INFO - [2022-11-22T19:56:02.419+0000] {dag.py:2585} INFO - Sync 1 DAGs
[2022-11-22T19:56:02.436+0000] {logging_mixin.py:137} INFO - [2022-11-22T19:56:02.436+0000] {dag.py:3340} INFO - Setting next_dagrun for example_task_group to 2022-11-21T19:56:02.436656+00:00, run_after=2022-11-22T19:56:02.436656+00:00
[2022-11-22T19:56:02.451+0000] {processor.py:176} INFO - Processing /home/airflow/.local/lib/python3.7/site-packages/airflow/example_dags/example_task_group.py took 0.080 seconds
[2022-11-22T19:56:32.931+0000] {processor.py:154} INFO - Started process (PID=3645) to work on /home/airflow/.local/lib/python3.7/site-packages/airflow/example_dags/example_task_group.py
[2022-11-22T19:56:32.933+0000] {processor.py:756} INFO - Processing file /home/airflow/.local/lib/python3.7/site-packages/airflow/example_dags/example_task_group.py for tasks to queue
[2022-11-22T19:56:32.934+0000] {logging_mixin.py:137} INFO - [2022-11-22T19:56:32.934+0000] {dagbag.py:537} INFO - Filling up the DagBag from /home/airflow/.local/lib/python3.7/site-packages/airflow/example_dags/example_task_group.py
[2022-11-22T19:56:32.952+0000] {processor.py:766} INFO - DAG(s) dict_keys(['example_task_group']) retrieved from /home/airflow/.local/lib/python3.7/site-packages/airflow/example_dags/example_task_group.py
[2022-11-22T19:56:32.986+0000] {logging_mixin.py:137} INFO - [2022-11-22T19:56:32.986+0000] {dag.py:2585} INFO - Sync 1 DAGs
[2022-11-22T19:56:33.003+0000] {logging_mixin.py:137} INFO - [2022-11-22T19:56:33.003+0000] {dag.py:3340} INFO - Setting next_dagrun for example_task_group to 2022-11-21T19:56:33.002697+00:00, run_after=2022-11-22T19:56:33.002697+00:00
[2022-11-22T19:56:33.016+0000] {processor.py:176} INFO - Processing /home/airflow/.local/lib/python3.7/site-packages/airflow/example_dags/example_task_group.py took 0.089 seconds
[2022-11-22T19:57:04.100+0000] {processor.py:154} INFO - Started process (PID=3708) to work on /home/airflow/.local/lib/python3.7/site-packages/airflow/example_dags/example_task_group.py
[2022-11-22T19:57:04.103+0000] {processor.py:756} INFO - Processing file /home/airflow/.local/lib/python3.7/site-packages/airflow/example_dags/example_task_group.py for tasks to queue
[2022-11-22T19:57:04.108+0000] {logging_mixin.py:137} INFO - [2022-11-22T19:57:04.108+0000] {dagbag.py:537} INFO - Filling up the DagBag from /home/airflow/.local/lib/python3.7/site-packages/airflow/example_dags/example_task_group.py
[2022-11-22T19:57:04.126+0000] {processor.py:766} INFO - DAG(s) dict_keys(['example_task_group']) retrieved from /home/airflow/.local/lib/python3.7/site-packages/airflow/example_dags/example_task_group.py
[2022-11-22T19:57:04.179+0000] {logging_mixin.py:137} INFO - [2022-11-22T19:57:04.179+0000] {dag.py:2585} INFO - Sync 1 DAGs
[2022-11-22T19:57:04.202+0000] {logging_mixin.py:137} INFO - [2022-11-22T19:57:04.202+0000] {dag.py:3340} INFO - Setting next_dagrun for example_task_group to 2022-11-21T19:57:04.202486+00:00, run_after=2022-11-22T19:57:04.202486+00:00
[2022-11-22T19:57:04.217+0000] {processor.py:176} INFO - Processing /home/airflow/.local/lib/python3.7/site-packages/airflow/example_dags/example_task_group.py took 0.124 seconds
[2022-11-22T20:30:51.094+0000] {processor.py:154} INFO - Started process (PID=3772) to work on /home/airflow/.local/lib/python3.7/site-packages/airflow/example_dags/example_task_group.py
[2022-11-22T20:30:51.102+0000] {processor.py:756} INFO - Processing file /home/airflow/.local/lib/python3.7/site-packages/airflow/example_dags/example_task_group.py for tasks to queue
[2022-11-22T20:30:51.106+0000] {logging_mixin.py:137} INFO - [2022-11-22T20:30:51.106+0000] {dagbag.py:537} INFO - Filling up the DagBag from /home/airflow/.local/lib/python3.7/site-packages/airflow/example_dags/example_task_group.py
[2022-11-22T20:30:51.208+0000] {processor.py:766} INFO - DAG(s) dict_keys(['example_task_group']) retrieved from /home/airflow/.local/lib/python3.7/site-packages/airflow/example_dags/example_task_group.py
[2022-11-22T20:30:51.293+0000] {logging_mixin.py:137} INFO - [2022-11-22T20:30:51.293+0000] {dag.py:2585} INFO - Sync 1 DAGs
[2022-11-22T20:30:51.317+0000] {logging_mixin.py:137} INFO - [2022-11-22T20:30:51.317+0000] {dag.py:3340} INFO - Setting next_dagrun for example_task_group to 2022-11-21T20:30:51.317261+00:00, run_after=2022-11-22T20:30:51.317261+00:00
[2022-11-22T20:30:51.346+0000] {processor.py:176} INFO - Processing /home/airflow/.local/lib/python3.7/site-packages/airflow/example_dags/example_task_group.py took 0.277 seconds
[2022-11-22T21:34:47.465+0000] {processor.py:154} INFO - Started process (PID=3826) to work on /home/airflow/.local/lib/python3.7/site-packages/airflow/example_dags/example_task_group.py
[2022-11-22T21:34:47.467+0000] {processor.py:756} INFO - Processing file /home/airflow/.local/lib/python3.7/site-packages/airflow/example_dags/example_task_group.py for tasks to queue
[2022-11-22T21:34:47.469+0000] {logging_mixin.py:137} INFO - [2022-11-22T21:34:47.469+0000] {dagbag.py:537} INFO - Filling up the DagBag from /home/airflow/.local/lib/python3.7/site-packages/airflow/example_dags/example_task_group.py
[2022-11-22T21:34:47.482+0000] {processor.py:766} INFO - DAG(s) dict_keys(['example_task_group']) retrieved from /home/airflow/.local/lib/python3.7/site-packages/airflow/example_dags/example_task_group.py
[2022-11-22T21:34:47.518+0000] {logging_mixin.py:137} INFO - [2022-11-22T21:34:47.518+0000] {dag.py:2585} INFO - Sync 1 DAGs
[2022-11-22T21:34:47.543+0000] {logging_mixin.py:137} INFO - [2022-11-22T21:34:47.543+0000] {dag.py:3340} INFO - Setting next_dagrun for example_task_group to 2022-11-21T21:34:47.542769+00:00, run_after=2022-11-22T21:34:47.542769+00:00
[2022-11-22T21:34:47.559+0000] {processor.py:176} INFO - Processing /home/airflow/.local/lib/python3.7/site-packages/airflow/example_dags/example_task_group.py took 0.097 seconds
[2022-11-22T22:39:28.258+0000] {processor.py:154} INFO - Started process (PID=3890) to work on /home/airflow/.local/lib/python3.7/site-packages/airflow/example_dags/example_task_group.py
[2022-11-22T22:39:28.260+0000] {processor.py:756} INFO - Processing file /home/airflow/.local/lib/python3.7/site-packages/airflow/example_dags/example_task_group.py for tasks to queue
[2022-11-22T22:39:28.263+0000] {logging_mixin.py:137} INFO - [2022-11-22T22:39:28.263+0000] {dagbag.py:537} INFO - Filling up the DagBag from /home/airflow/.local/lib/python3.7/site-packages/airflow/example_dags/example_task_group.py
[2022-11-22T22:39:28.280+0000] {processor.py:766} INFO - DAG(s) dict_keys(['example_task_group']) retrieved from /home/airflow/.local/lib/python3.7/site-packages/airflow/example_dags/example_task_group.py
[2022-11-22T22:39:28.355+0000] {logging_mixin.py:137} INFO - [2022-11-22T22:39:28.355+0000] {dag.py:2585} INFO - Sync 1 DAGs
[2022-11-22T22:39:28.385+0000] {logging_mixin.py:137} INFO - [2022-11-22T22:39:28.385+0000] {dag.py:3340} INFO - Setting next_dagrun for example_task_group to 2022-11-21T22:39:28.384805+00:00, run_after=2022-11-22T22:39:28.384805+00:00
[2022-11-22T22:39:28.416+0000] {processor.py:176} INFO - Processing /home/airflow/.local/lib/python3.7/site-packages/airflow/example_dags/example_task_group.py took 0.163 seconds
[2022-11-22T23:47:24.359+0000] {processor.py:154} INFO - Started process (PID=3944) to work on /home/airflow/.local/lib/python3.7/site-packages/airflow/example_dags/example_task_group.py
[2022-11-22T23:47:24.360+0000] {processor.py:756} INFO - Processing file /home/airflow/.local/lib/python3.7/site-packages/airflow/example_dags/example_task_group.py for tasks to queue
[2022-11-22T23:47:24.361+0000] {logging_mixin.py:137} INFO - [2022-11-22T23:47:24.361+0000] {dagbag.py:537} INFO - Filling up the DagBag from /home/airflow/.local/lib/python3.7/site-packages/airflow/example_dags/example_task_group.py
[2022-11-22T23:47:24.377+0000] {processor.py:766} INFO - DAG(s) dict_keys(['example_task_group']) retrieved from /home/airflow/.local/lib/python3.7/site-packages/airflow/example_dags/example_task_group.py
[2022-11-22T23:47:24.414+0000] {logging_mixin.py:137} INFO - [2022-11-22T23:47:24.414+0000] {dag.py:2585} INFO - Sync 1 DAGs
[2022-11-22T23:47:24.433+0000] {logging_mixin.py:137} INFO - [2022-11-22T23:47:24.433+0000] {dag.py:3340} INFO - Setting next_dagrun for example_task_group to 2022-11-21T23:47:24.433133+00:00, run_after=2022-11-22T23:47:24.433133+00:00
[2022-11-22T23:47:24.447+0000] {processor.py:176} INFO - Processing /home/airflow/.local/lib/python3.7/site-packages/airflow/example_dags/example_task_group.py took 0.091 seconds
