[2022-11-22T19:26:17.377+0000] {processor.py:154} INFO - Started process (PID=40) to work on /home/airflow/.local/lib/python3.7/site-packages/airflow/example_dags/example_branch_python_dop_operator_3.py
[2022-11-22T19:26:17.379+0000] {processor.py:756} INFO - Processing file /home/airflow/.local/lib/python3.7/site-packages/airflow/example_dags/example_branch_python_dop_operator_3.py for tasks to queue
[2022-11-22T19:26:17.380+0000] {logging_mixin.py:137} INFO - [2022-11-22T19:26:17.380+0000] {dagbag.py:537} INFO - Filling up the DagBag from /home/airflow/.local/lib/python3.7/site-packages/airflow/example_dags/example_branch_python_dop_operator_3.py
[2022-11-22T19:26:17.403+0000] {processor.py:766} INFO - DAG(s) dict_keys(['example_branch_dop_operator_v3']) retrieved from /home/airflow/.local/lib/python3.7/site-packages/airflow/example_dags/example_branch_python_dop_operator_3.py
[2022-11-22T19:26:17.593+0000] {logging_mixin.py:137} INFO - [2022-11-22T19:26:17.593+0000] {manager.py:507} INFO - Created Permission View: can delete on DAG:example_branch_dop_operator_v3
[2022-11-22T19:26:17.604+0000] {logging_mixin.py:137} INFO - [2022-11-22T19:26:17.603+0000] {manager.py:507} INFO - Created Permission View: can read on DAG:example_branch_dop_operator_v3
[2022-11-22T19:26:17.611+0000] {logging_mixin.py:137} INFO - [2022-11-22T19:26:17.611+0000] {manager.py:507} INFO - Created Permission View: can edit on DAG:example_branch_dop_operator_v3
[2022-11-22T19:26:17.613+0000] {logging_mixin.py:137} INFO - [2022-11-22T19:26:17.613+0000] {dag.py:2585} INFO - Sync 1 DAGs
[2022-11-22T19:26:17.631+0000] {logging_mixin.py:137} INFO - [2022-11-22T19:26:17.631+0000] {dag.py:2606} INFO - Creating ORM DAG for example_branch_dop_operator_v3
[2022-11-22T19:26:17.653+0000] {logging_mixin.py:137} INFO - [2022-11-22T19:26:17.652+0000] {dag.py:3340} INFO - Setting next_dagrun for example_branch_dop_operator_v3 to 2022-11-22T19:25:00+00:00, run_after=2022-11-22T19:26:00+00:00
[2022-11-22T19:26:17.704+0000] {processor.py:176} INFO - Processing /home/airflow/.local/lib/python3.7/site-packages/airflow/example_dags/example_branch_python_dop_operator_3.py took 0.329 seconds
[2022-11-22T19:26:48.144+0000] {processor.py:154} INFO - Started process (PID=103) to work on /home/airflow/.local/lib/python3.7/site-packages/airflow/example_dags/example_branch_python_dop_operator_3.py
[2022-11-22T19:26:48.145+0000] {processor.py:756} INFO - Processing file /home/airflow/.local/lib/python3.7/site-packages/airflow/example_dags/example_branch_python_dop_operator_3.py for tasks to queue
[2022-11-22T19:26:48.146+0000] {logging_mixin.py:137} INFO - [2022-11-22T19:26:48.146+0000] {dagbag.py:537} INFO - Filling up the DagBag from /home/airflow/.local/lib/python3.7/site-packages/airflow/example_dags/example_branch_python_dop_operator_3.py
[2022-11-22T19:26:48.161+0000] {processor.py:766} INFO - DAG(s) dict_keys(['example_branch_dop_operator_v3']) retrieved from /home/airflow/.local/lib/python3.7/site-packages/airflow/example_dags/example_branch_python_dop_operator_3.py
[2022-11-22T19:26:48.187+0000] {logging_mixin.py:137} INFO - [2022-11-22T19:26:48.187+0000] {dag.py:2585} INFO - Sync 1 DAGs
[2022-11-22T19:26:48.205+0000] {logging_mixin.py:137} INFO - [2022-11-22T19:26:48.205+0000] {dag.py:3340} INFO - Setting next_dagrun for example_branch_dop_operator_v3 to 2022-11-22T19:25:00+00:00, run_after=2022-11-22T19:26:00+00:00
[2022-11-22T19:26:48.219+0000] {processor.py:176} INFO - Processing /home/airflow/.local/lib/python3.7/site-packages/airflow/example_dags/example_branch_python_dop_operator_3.py took 0.077 seconds
[2022-11-22T19:27:19.147+0000] {processor.py:154} INFO - Started process (PID=167) to work on /home/airflow/.local/lib/python3.7/site-packages/airflow/example_dags/example_branch_python_dop_operator_3.py
[2022-11-22T19:27:19.149+0000] {processor.py:756} INFO - Processing file /home/airflow/.local/lib/python3.7/site-packages/airflow/example_dags/example_branch_python_dop_operator_3.py for tasks to queue
[2022-11-22T19:27:19.149+0000] {logging_mixin.py:137} INFO - [2022-11-22T19:27:19.149+0000] {dagbag.py:537} INFO - Filling up the DagBag from /home/airflow/.local/lib/python3.7/site-packages/airflow/example_dags/example_branch_python_dop_operator_3.py
[2022-11-22T19:27:19.165+0000] {processor.py:766} INFO - DAG(s) dict_keys(['example_branch_dop_operator_v3']) retrieved from /home/airflow/.local/lib/python3.7/site-packages/airflow/example_dags/example_branch_python_dop_operator_3.py
[2022-11-22T19:27:19.202+0000] {logging_mixin.py:137} INFO - [2022-11-22T19:27:19.202+0000] {dag.py:2585} INFO - Sync 1 DAGs
[2022-11-22T19:27:19.222+0000] {logging_mixin.py:137} INFO - [2022-11-22T19:27:19.222+0000] {dag.py:3340} INFO - Setting next_dagrun for example_branch_dop_operator_v3 to 2022-11-22T19:26:00+00:00, run_after=2022-11-22T19:27:00+00:00
[2022-11-22T19:27:19.236+0000] {processor.py:176} INFO - Processing /home/airflow/.local/lib/python3.7/site-packages/airflow/example_dags/example_branch_python_dop_operator_3.py took 0.091 seconds
[2022-11-22T19:27:49.784+0000] {processor.py:154} INFO - Started process (PID=231) to work on /home/airflow/.local/lib/python3.7/site-packages/airflow/example_dags/example_branch_python_dop_operator_3.py
[2022-11-22T19:27:49.786+0000] {processor.py:756} INFO - Processing file /home/airflow/.local/lib/python3.7/site-packages/airflow/example_dags/example_branch_python_dop_operator_3.py for tasks to queue
[2022-11-22T19:27:49.789+0000] {logging_mixin.py:137} INFO - [2022-11-22T19:27:49.788+0000] {dagbag.py:537} INFO - Filling up the DagBag from /home/airflow/.local/lib/python3.7/site-packages/airflow/example_dags/example_branch_python_dop_operator_3.py
[2022-11-22T19:27:49.812+0000] {processor.py:766} INFO - DAG(s) dict_keys(['example_branch_dop_operator_v3']) retrieved from /home/airflow/.local/lib/python3.7/site-packages/airflow/example_dags/example_branch_python_dop_operator_3.py
[2022-11-22T19:27:49.848+0000] {logging_mixin.py:137} INFO - [2022-11-22T19:27:49.848+0000] {dag.py:2585} INFO - Sync 1 DAGs
[2022-11-22T19:27:49.875+0000] {logging_mixin.py:137} INFO - [2022-11-22T19:27:49.875+0000] {dag.py:3340} INFO - Setting next_dagrun for example_branch_dop_operator_v3 to 2022-11-22T19:26:00+00:00, run_after=2022-11-22T19:27:00+00:00
[2022-11-22T19:27:49.895+0000] {processor.py:176} INFO - Processing /home/airflow/.local/lib/python3.7/site-packages/airflow/example_dags/example_branch_python_dop_operator_3.py took 0.114 seconds
[2022-11-22T19:28:20.593+0000] {processor.py:154} INFO - Started process (PID=284) to work on /home/airflow/.local/lib/python3.7/site-packages/airflow/example_dags/example_branch_python_dop_operator_3.py
[2022-11-22T19:28:20.595+0000] {processor.py:756} INFO - Processing file /home/airflow/.local/lib/python3.7/site-packages/airflow/example_dags/example_branch_python_dop_operator_3.py for tasks to queue
[2022-11-22T19:28:20.597+0000] {logging_mixin.py:137} INFO - [2022-11-22T19:28:20.597+0000] {dagbag.py:537} INFO - Filling up the DagBag from /home/airflow/.local/lib/python3.7/site-packages/airflow/example_dags/example_branch_python_dop_operator_3.py
[2022-11-22T19:28:20.611+0000] {processor.py:766} INFO - DAG(s) dict_keys(['example_branch_dop_operator_v3']) retrieved from /home/airflow/.local/lib/python3.7/site-packages/airflow/example_dags/example_branch_python_dop_operator_3.py
[2022-11-22T19:28:20.637+0000] {logging_mixin.py:137} INFO - [2022-11-22T19:28:20.637+0000] {dag.py:2585} INFO - Sync 1 DAGs
[2022-11-22T19:28:20.662+0000] {logging_mixin.py:137} INFO - [2022-11-22T19:28:20.662+0000] {dag.py:3340} INFO - Setting next_dagrun for example_branch_dop_operator_v3 to 2022-11-22T19:27:00+00:00, run_after=2022-11-22T19:28:00+00:00
[2022-11-22T19:28:20.680+0000] {processor.py:176} INFO - Processing /home/airflow/.local/lib/python3.7/site-packages/airflow/example_dags/example_branch_python_dop_operator_3.py took 0.090 seconds
[2022-11-22T19:28:51.428+0000] {processor.py:154} INFO - Started process (PID=347) to work on /home/airflow/.local/lib/python3.7/site-packages/airflow/example_dags/example_branch_python_dop_operator_3.py
[2022-11-22T19:28:51.430+0000] {processor.py:756} INFO - Processing file /home/airflow/.local/lib/python3.7/site-packages/airflow/example_dags/example_branch_python_dop_operator_3.py for tasks to queue
[2022-11-22T19:28:51.432+0000] {logging_mixin.py:137} INFO - [2022-11-22T19:28:51.432+0000] {dagbag.py:537} INFO - Filling up the DagBag from /home/airflow/.local/lib/python3.7/site-packages/airflow/example_dags/example_branch_python_dop_operator_3.py
[2022-11-22T19:28:51.450+0000] {processor.py:766} INFO - DAG(s) dict_keys(['example_branch_dop_operator_v3']) retrieved from /home/airflow/.local/lib/python3.7/site-packages/airflow/example_dags/example_branch_python_dop_operator_3.py
[2022-11-22T19:28:51.478+0000] {logging_mixin.py:137} INFO - [2022-11-22T19:28:51.478+0000] {dag.py:2585} INFO - Sync 1 DAGs
[2022-11-22T19:28:51.495+0000] {logging_mixin.py:137} INFO - [2022-11-22T19:28:51.495+0000] {dag.py:3340} INFO - Setting next_dagrun for example_branch_dop_operator_v3 to 2022-11-22T19:27:00+00:00, run_after=2022-11-22T19:28:00+00:00
[2022-11-22T19:28:51.508+0000] {processor.py:176} INFO - Processing /home/airflow/.local/lib/python3.7/site-packages/airflow/example_dags/example_branch_python_dop_operator_3.py took 0.081 seconds
[2022-11-22T19:29:22.075+0000] {processor.py:154} INFO - Started process (PID=410) to work on /home/airflow/.local/lib/python3.7/site-packages/airflow/example_dags/example_branch_python_dop_operator_3.py
[2022-11-22T19:29:22.077+0000] {processor.py:756} INFO - Processing file /home/airflow/.local/lib/python3.7/site-packages/airflow/example_dags/example_branch_python_dop_operator_3.py for tasks to queue
[2022-11-22T19:29:22.078+0000] {logging_mixin.py:137} INFO - [2022-11-22T19:29:22.078+0000] {dagbag.py:537} INFO - Filling up the DagBag from /home/airflow/.local/lib/python3.7/site-packages/airflow/example_dags/example_branch_python_dop_operator_3.py
[2022-11-22T19:29:22.092+0000] {processor.py:766} INFO - DAG(s) dict_keys(['example_branch_dop_operator_v3']) retrieved from /home/airflow/.local/lib/python3.7/site-packages/airflow/example_dags/example_branch_python_dop_operator_3.py
[2022-11-22T19:29:22.116+0000] {logging_mixin.py:137} INFO - [2022-11-22T19:29:22.116+0000] {dag.py:2585} INFO - Sync 1 DAGs
[2022-11-22T19:29:22.133+0000] {logging_mixin.py:137} INFO - [2022-11-22T19:29:22.133+0000] {dag.py:3340} INFO - Setting next_dagrun for example_branch_dop_operator_v3 to 2022-11-22T19:28:00+00:00, run_after=2022-11-22T19:29:00+00:00
[2022-11-22T19:29:22.144+0000] {processor.py:176} INFO - Processing /home/airflow/.local/lib/python3.7/site-packages/airflow/example_dags/example_branch_python_dop_operator_3.py took 0.071 seconds
[2022-11-22T19:29:52.737+0000] {processor.py:154} INFO - Started process (PID=473) to work on /home/airflow/.local/lib/python3.7/site-packages/airflow/example_dags/example_branch_python_dop_operator_3.py
[2022-11-22T19:29:52.739+0000] {processor.py:756} INFO - Processing file /home/airflow/.local/lib/python3.7/site-packages/airflow/example_dags/example_branch_python_dop_operator_3.py for tasks to queue
[2022-11-22T19:29:52.740+0000] {logging_mixin.py:137} INFO - [2022-11-22T19:29:52.740+0000] {dagbag.py:537} INFO - Filling up the DagBag from /home/airflow/.local/lib/python3.7/site-packages/airflow/example_dags/example_branch_python_dop_operator_3.py
[2022-11-22T19:29:52.757+0000] {processor.py:766} INFO - DAG(s) dict_keys(['example_branch_dop_operator_v3']) retrieved from /home/airflow/.local/lib/python3.7/site-packages/airflow/example_dags/example_branch_python_dop_operator_3.py
[2022-11-22T19:29:52.795+0000] {logging_mixin.py:137} INFO - [2022-11-22T19:29:52.795+0000] {dag.py:2585} INFO - Sync 1 DAGs
[2022-11-22T19:29:52.823+0000] {logging_mixin.py:137} INFO - [2022-11-22T19:29:52.823+0000] {dag.py:3340} INFO - Setting next_dagrun for example_branch_dop_operator_v3 to 2022-11-22T19:28:00+00:00, run_after=2022-11-22T19:29:00+00:00
[2022-11-22T19:29:52.856+0000] {processor.py:176} INFO - Processing /home/airflow/.local/lib/python3.7/site-packages/airflow/example_dags/example_branch_python_dop_operator_3.py took 0.121 seconds
[2022-11-22T19:30:23.488+0000] {processor.py:154} INFO - Started process (PID=537) to work on /home/airflow/.local/lib/python3.7/site-packages/airflow/example_dags/example_branch_python_dop_operator_3.py
[2022-11-22T19:30:23.490+0000] {processor.py:756} INFO - Processing file /home/airflow/.local/lib/python3.7/site-packages/airflow/example_dags/example_branch_python_dop_operator_3.py for tasks to queue
[2022-11-22T19:30:23.491+0000] {logging_mixin.py:137} INFO - [2022-11-22T19:30:23.491+0000] {dagbag.py:537} INFO - Filling up the DagBag from /home/airflow/.local/lib/python3.7/site-packages/airflow/example_dags/example_branch_python_dop_operator_3.py
[2022-11-22T19:30:23.506+0000] {processor.py:766} INFO - DAG(s) dict_keys(['example_branch_dop_operator_v3']) retrieved from /home/airflow/.local/lib/python3.7/site-packages/airflow/example_dags/example_branch_python_dop_operator_3.py
[2022-11-22T19:30:23.532+0000] {logging_mixin.py:137} INFO - [2022-11-22T19:30:23.532+0000] {dag.py:2585} INFO - Sync 1 DAGs
[2022-11-22T19:30:23.549+0000] {logging_mixin.py:137} INFO - [2022-11-22T19:30:23.549+0000] {dag.py:3340} INFO - Setting next_dagrun for example_branch_dop_operator_v3 to 2022-11-22T19:29:00+00:00, run_after=2022-11-22T19:30:00+00:00
[2022-11-22T19:30:23.559+0000] {processor.py:176} INFO - Processing /home/airflow/.local/lib/python3.7/site-packages/airflow/example_dags/example_branch_python_dop_operator_3.py took 0.073 seconds
[2022-11-22T19:30:54.303+0000] {processor.py:154} INFO - Started process (PID=591) to work on /home/airflow/.local/lib/python3.7/site-packages/airflow/example_dags/example_branch_python_dop_operator_3.py
[2022-11-22T19:30:54.304+0000] {processor.py:756} INFO - Processing file /home/airflow/.local/lib/python3.7/site-packages/airflow/example_dags/example_branch_python_dop_operator_3.py for tasks to queue
[2022-11-22T19:30:54.306+0000] {logging_mixin.py:137} INFO - [2022-11-22T19:30:54.305+0000] {dagbag.py:537} INFO - Filling up the DagBag from /home/airflow/.local/lib/python3.7/site-packages/airflow/example_dags/example_branch_python_dop_operator_3.py
[2022-11-22T19:30:54.322+0000] {processor.py:766} INFO - DAG(s) dict_keys(['example_branch_dop_operator_v3']) retrieved from /home/airflow/.local/lib/python3.7/site-packages/airflow/example_dags/example_branch_python_dop_operator_3.py
[2022-11-22T19:30:54.350+0000] {logging_mixin.py:137} INFO - [2022-11-22T19:30:54.350+0000] {dag.py:2585} INFO - Sync 1 DAGs
[2022-11-22T19:30:54.369+0000] {logging_mixin.py:137} INFO - [2022-11-22T19:30:54.369+0000] {dag.py:3340} INFO - Setting next_dagrun for example_branch_dop_operator_v3 to 2022-11-22T19:29:00+00:00, run_after=2022-11-22T19:30:00+00:00
[2022-11-22T19:30:54.385+0000] {processor.py:176} INFO - Processing /home/airflow/.local/lib/python3.7/site-packages/airflow/example_dags/example_branch_python_dop_operator_3.py took 0.085 seconds
[2022-11-22T19:31:25.072+0000] {processor.py:154} INFO - Started process (PID=655) to work on /home/airflow/.local/lib/python3.7/site-packages/airflow/example_dags/example_branch_python_dop_operator_3.py
[2022-11-22T19:31:25.074+0000] {processor.py:756} INFO - Processing file /home/airflow/.local/lib/python3.7/site-packages/airflow/example_dags/example_branch_python_dop_operator_3.py for tasks to queue
[2022-11-22T19:31:25.075+0000] {logging_mixin.py:137} INFO - [2022-11-22T19:31:25.074+0000] {dagbag.py:537} INFO - Filling up the DagBag from /home/airflow/.local/lib/python3.7/site-packages/airflow/example_dags/example_branch_python_dop_operator_3.py
[2022-11-22T19:31:25.090+0000] {processor.py:766} INFO - DAG(s) dict_keys(['example_branch_dop_operator_v3']) retrieved from /home/airflow/.local/lib/python3.7/site-packages/airflow/example_dags/example_branch_python_dop_operator_3.py
[2022-11-22T19:31:25.121+0000] {logging_mixin.py:137} INFO - [2022-11-22T19:31:25.121+0000] {dag.py:2585} INFO - Sync 1 DAGs
[2022-11-22T19:31:25.142+0000] {logging_mixin.py:137} INFO - [2022-11-22T19:31:25.142+0000] {dag.py:3340} INFO - Setting next_dagrun for example_branch_dop_operator_v3 to 2022-11-22T19:30:00+00:00, run_after=2022-11-22T19:31:00+00:00
[2022-11-22T19:31:25.159+0000] {processor.py:176} INFO - Processing /home/airflow/.local/lib/python3.7/site-packages/airflow/example_dags/example_branch_python_dop_operator_3.py took 0.089 seconds
[2022-11-22T19:31:55.941+0000] {processor.py:154} INFO - Started process (PID=718) to work on /home/airflow/.local/lib/python3.7/site-packages/airflow/example_dags/example_branch_python_dop_operator_3.py
[2022-11-22T19:31:55.943+0000] {processor.py:756} INFO - Processing file /home/airflow/.local/lib/python3.7/site-packages/airflow/example_dags/example_branch_python_dop_operator_3.py for tasks to queue
[2022-11-22T19:31:55.944+0000] {logging_mixin.py:137} INFO - [2022-11-22T19:31:55.944+0000] {dagbag.py:537} INFO - Filling up the DagBag from /home/airflow/.local/lib/python3.7/site-packages/airflow/example_dags/example_branch_python_dop_operator_3.py
[2022-11-22T19:31:55.959+0000] {processor.py:766} INFO - DAG(s) dict_keys(['example_branch_dop_operator_v3']) retrieved from /home/airflow/.local/lib/python3.7/site-packages/airflow/example_dags/example_branch_python_dop_operator_3.py
[2022-11-22T19:31:55.984+0000] {logging_mixin.py:137} INFO - [2022-11-22T19:31:55.984+0000] {dag.py:2585} INFO - Sync 1 DAGs
[2022-11-22T19:31:56.000+0000] {logging_mixin.py:137} INFO - [2022-11-22T19:31:56.000+0000] {dag.py:3340} INFO - Setting next_dagrun for example_branch_dop_operator_v3 to 2022-11-22T19:30:00+00:00, run_after=2022-11-22T19:31:00+00:00
[2022-11-22T19:31:56.011+0000] {processor.py:176} INFO - Processing /home/airflow/.local/lib/python3.7/site-packages/airflow/example_dags/example_branch_python_dop_operator_3.py took 0.072 seconds
[2022-11-22T19:32:26.444+0000] {processor.py:154} INFO - Started process (PID=781) to work on /home/airflow/.local/lib/python3.7/site-packages/airflow/example_dags/example_branch_python_dop_operator_3.py
[2022-11-22T19:32:26.446+0000] {processor.py:756} INFO - Processing file /home/airflow/.local/lib/python3.7/site-packages/airflow/example_dags/example_branch_python_dop_operator_3.py for tasks to queue
[2022-11-22T19:32:26.447+0000] {logging_mixin.py:137} INFO - [2022-11-22T19:32:26.447+0000] {dagbag.py:537} INFO - Filling up the DagBag from /home/airflow/.local/lib/python3.7/site-packages/airflow/example_dags/example_branch_python_dop_operator_3.py
[2022-11-22T19:32:26.462+0000] {processor.py:766} INFO - DAG(s) dict_keys(['example_branch_dop_operator_v3']) retrieved from /home/airflow/.local/lib/python3.7/site-packages/airflow/example_dags/example_branch_python_dop_operator_3.py
[2022-11-22T19:32:26.486+0000] {logging_mixin.py:137} INFO - [2022-11-22T19:32:26.486+0000] {dag.py:2585} INFO - Sync 1 DAGs
[2022-11-22T19:32:26.502+0000] {logging_mixin.py:137} INFO - [2022-11-22T19:32:26.502+0000] {dag.py:3340} INFO - Setting next_dagrun for example_branch_dop_operator_v3 to 2022-11-22T19:31:00+00:00, run_after=2022-11-22T19:32:00+00:00
[2022-11-22T19:32:26.512+0000] {processor.py:176} INFO - Processing /home/airflow/.local/lib/python3.7/site-packages/airflow/example_dags/example_branch_python_dop_operator_3.py took 0.070 seconds
[2022-11-22T19:32:57.087+0000] {processor.py:154} INFO - Started process (PID=844) to work on /home/airflow/.local/lib/python3.7/site-packages/airflow/example_dags/example_branch_python_dop_operator_3.py
[2022-11-22T19:32:57.089+0000] {processor.py:756} INFO - Processing file /home/airflow/.local/lib/python3.7/site-packages/airflow/example_dags/example_branch_python_dop_operator_3.py for tasks to queue
[2022-11-22T19:32:57.090+0000] {logging_mixin.py:137} INFO - [2022-11-22T19:32:57.090+0000] {dagbag.py:537} INFO - Filling up the DagBag from /home/airflow/.local/lib/python3.7/site-packages/airflow/example_dags/example_branch_python_dop_operator_3.py
[2022-11-22T19:32:57.104+0000] {processor.py:766} INFO - DAG(s) dict_keys(['example_branch_dop_operator_v3']) retrieved from /home/airflow/.local/lib/python3.7/site-packages/airflow/example_dags/example_branch_python_dop_operator_3.py
[2022-11-22T19:32:57.130+0000] {logging_mixin.py:137} INFO - [2022-11-22T19:32:57.130+0000] {dag.py:2585} INFO - Sync 1 DAGs
[2022-11-22T19:32:57.163+0000] {logging_mixin.py:137} INFO - [2022-11-22T19:32:57.163+0000] {dag.py:3340} INFO - Setting next_dagrun for example_branch_dop_operator_v3 to 2022-11-22T19:31:00+00:00, run_after=2022-11-22T19:32:00+00:00
[2022-11-22T19:32:57.179+0000] {processor.py:176} INFO - Processing /home/airflow/.local/lib/python3.7/site-packages/airflow/example_dags/example_branch_python_dop_operator_3.py took 0.094 seconds
[2022-11-22T19:33:27.904+0000] {processor.py:154} INFO - Started process (PID=897) to work on /home/airflow/.local/lib/python3.7/site-packages/airflow/example_dags/example_branch_python_dop_operator_3.py
[2022-11-22T19:33:27.905+0000] {processor.py:756} INFO - Processing file /home/airflow/.local/lib/python3.7/site-packages/airflow/example_dags/example_branch_python_dop_operator_3.py for tasks to queue
[2022-11-22T19:33:27.907+0000] {logging_mixin.py:137} INFO - [2022-11-22T19:33:27.906+0000] {dagbag.py:537} INFO - Filling up the DagBag from /home/airflow/.local/lib/python3.7/site-packages/airflow/example_dags/example_branch_python_dop_operator_3.py
[2022-11-22T19:33:27.921+0000] {processor.py:766} INFO - DAG(s) dict_keys(['example_branch_dop_operator_v3']) retrieved from /home/airflow/.local/lib/python3.7/site-packages/airflow/example_dags/example_branch_python_dop_operator_3.py
[2022-11-22T19:33:27.947+0000] {logging_mixin.py:137} INFO - [2022-11-22T19:33:27.947+0000] {dag.py:2585} INFO - Sync 1 DAGs
[2022-11-22T19:33:27.966+0000] {logging_mixin.py:137} INFO - [2022-11-22T19:33:27.966+0000] {dag.py:3340} INFO - Setting next_dagrun for example_branch_dop_operator_v3 to 2022-11-22T19:32:00+00:00, run_after=2022-11-22T19:33:00+00:00
[2022-11-22T19:33:27.980+0000] {processor.py:176} INFO - Processing /home/airflow/.local/lib/python3.7/site-packages/airflow/example_dags/example_branch_python_dop_operator_3.py took 0.078 seconds
[2022-11-22T19:33:58.576+0000] {processor.py:154} INFO - Started process (PID=961) to work on /home/airflow/.local/lib/python3.7/site-packages/airflow/example_dags/example_branch_python_dop_operator_3.py
[2022-11-22T19:33:58.578+0000] {processor.py:756} INFO - Processing file /home/airflow/.local/lib/python3.7/site-packages/airflow/example_dags/example_branch_python_dop_operator_3.py for tasks to queue
[2022-11-22T19:33:58.579+0000] {logging_mixin.py:137} INFO - [2022-11-22T19:33:58.579+0000] {dagbag.py:537} INFO - Filling up the DagBag from /home/airflow/.local/lib/python3.7/site-packages/airflow/example_dags/example_branch_python_dop_operator_3.py
[2022-11-22T19:33:58.595+0000] {processor.py:766} INFO - DAG(s) dict_keys(['example_branch_dop_operator_v3']) retrieved from /home/airflow/.local/lib/python3.7/site-packages/airflow/example_dags/example_branch_python_dop_operator_3.py
[2022-11-22T19:33:58.622+0000] {logging_mixin.py:137} INFO - [2022-11-22T19:33:58.622+0000] {dag.py:2585} INFO - Sync 1 DAGs
[2022-11-22T19:33:58.639+0000] {logging_mixin.py:137} INFO - [2022-11-22T19:33:58.639+0000] {dag.py:3340} INFO - Setting next_dagrun for example_branch_dop_operator_v3 to 2022-11-22T19:32:00+00:00, run_after=2022-11-22T19:33:00+00:00
[2022-11-22T19:33:58.653+0000] {processor.py:176} INFO - Processing /home/airflow/.local/lib/python3.7/site-packages/airflow/example_dags/example_branch_python_dop_operator_3.py took 0.079 seconds
[2022-11-22T19:34:28.963+0000] {processor.py:154} INFO - Started process (PID=1024) to work on /home/airflow/.local/lib/python3.7/site-packages/airflow/example_dags/example_branch_python_dop_operator_3.py
[2022-11-22T19:34:28.964+0000] {processor.py:756} INFO - Processing file /home/airflow/.local/lib/python3.7/site-packages/airflow/example_dags/example_branch_python_dop_operator_3.py for tasks to queue
[2022-11-22T19:34:28.965+0000] {logging_mixin.py:137} INFO - [2022-11-22T19:34:28.965+0000] {dagbag.py:537} INFO - Filling up the DagBag from /home/airflow/.local/lib/python3.7/site-packages/airflow/example_dags/example_branch_python_dop_operator_3.py
[2022-11-22T19:34:28.980+0000] {processor.py:766} INFO - DAG(s) dict_keys(['example_branch_dop_operator_v3']) retrieved from /home/airflow/.local/lib/python3.7/site-packages/airflow/example_dags/example_branch_python_dop_operator_3.py
[2022-11-22T19:34:29.007+0000] {logging_mixin.py:137} INFO - [2022-11-22T19:34:29.007+0000] {dag.py:2585} INFO - Sync 1 DAGs
[2022-11-22T19:34:29.026+0000] {logging_mixin.py:137} INFO - [2022-11-22T19:34:29.026+0000] {dag.py:3340} INFO - Setting next_dagrun for example_branch_dop_operator_v3 to 2022-11-22T19:33:00+00:00, run_after=2022-11-22T19:34:00+00:00
[2022-11-22T19:34:29.037+0000] {processor.py:176} INFO - Processing /home/airflow/.local/lib/python3.7/site-packages/airflow/example_dags/example_branch_python_dop_operator_3.py took 0.076 seconds
[2022-11-22T19:34:59.810+0000] {processor.py:154} INFO - Started process (PID=1089) to work on /home/airflow/.local/lib/python3.7/site-packages/airflow/example_dags/example_branch_python_dop_operator_3.py
[2022-11-22T19:34:59.811+0000] {processor.py:756} INFO - Processing file /home/airflow/.local/lib/python3.7/site-packages/airflow/example_dags/example_branch_python_dop_operator_3.py for tasks to queue
[2022-11-22T19:34:59.812+0000] {logging_mixin.py:137} INFO - [2022-11-22T19:34:59.812+0000] {dagbag.py:537} INFO - Filling up the DagBag from /home/airflow/.local/lib/python3.7/site-packages/airflow/example_dags/example_branch_python_dop_operator_3.py
[2022-11-22T19:34:59.828+0000] {processor.py:766} INFO - DAG(s) dict_keys(['example_branch_dop_operator_v3']) retrieved from /home/airflow/.local/lib/python3.7/site-packages/airflow/example_dags/example_branch_python_dop_operator_3.py
[2022-11-22T19:34:59.854+0000] {logging_mixin.py:137} INFO - [2022-11-22T19:34:59.854+0000] {dag.py:2585} INFO - Sync 1 DAGs
[2022-11-22T19:34:59.872+0000] {logging_mixin.py:137} INFO - [2022-11-22T19:34:59.872+0000] {dag.py:3340} INFO - Setting next_dagrun for example_branch_dop_operator_v3 to 2022-11-22T19:33:00+00:00, run_after=2022-11-22T19:34:00+00:00
[2022-11-22T19:34:59.885+0000] {processor.py:176} INFO - Processing /home/airflow/.local/lib/python3.7/site-packages/airflow/example_dags/example_branch_python_dop_operator_3.py took 0.078 seconds
[2022-11-22T19:35:31.067+0000] {processor.py:154} INFO - Started process (PID=1151) to work on /home/airflow/.local/lib/python3.7/site-packages/airflow/example_dags/example_branch_python_dop_operator_3.py
[2022-11-22T19:35:31.070+0000] {processor.py:756} INFO - Processing file /home/airflow/.local/lib/python3.7/site-packages/airflow/example_dags/example_branch_python_dop_operator_3.py for tasks to queue
[2022-11-22T19:35:31.071+0000] {logging_mixin.py:137} INFO - [2022-11-22T19:35:31.071+0000] {dagbag.py:537} INFO - Filling up the DagBag from /home/airflow/.local/lib/python3.7/site-packages/airflow/example_dags/example_branch_python_dop_operator_3.py
[2022-11-22T19:35:31.097+0000] {processor.py:766} INFO - DAG(s) dict_keys(['example_branch_dop_operator_v3']) retrieved from /home/airflow/.local/lib/python3.7/site-packages/airflow/example_dags/example_branch_python_dop_operator_3.py
[2022-11-22T19:35:31.140+0000] {logging_mixin.py:137} INFO - [2022-11-22T19:35:31.140+0000] {dag.py:2585} INFO - Sync 1 DAGs
[2022-11-22T19:35:31.168+0000] {logging_mixin.py:137} INFO - [2022-11-22T19:35:31.168+0000] {dag.py:3340} INFO - Setting next_dagrun for example_branch_dop_operator_v3 to 2022-11-22T19:34:00+00:00, run_after=2022-11-22T19:35:00+00:00
[2022-11-22T19:35:31.192+0000] {processor.py:176} INFO - Processing /home/airflow/.local/lib/python3.7/site-packages/airflow/example_dags/example_branch_python_dop_operator_3.py took 0.128 seconds
[2022-11-22T19:36:01.981+0000] {processor.py:154} INFO - Started process (PID=1204) to work on /home/airflow/.local/lib/python3.7/site-packages/airflow/example_dags/example_branch_python_dop_operator_3.py
[2022-11-22T19:36:01.985+0000] {processor.py:756} INFO - Processing file /home/airflow/.local/lib/python3.7/site-packages/airflow/example_dags/example_branch_python_dop_operator_3.py for tasks to queue
[2022-11-22T19:36:01.989+0000] {logging_mixin.py:137} INFO - [2022-11-22T19:36:01.988+0000] {dagbag.py:537} INFO - Filling up the DagBag from /home/airflow/.local/lib/python3.7/site-packages/airflow/example_dags/example_branch_python_dop_operator_3.py
[2022-11-22T19:36:02.018+0000] {processor.py:766} INFO - DAG(s) dict_keys(['example_branch_dop_operator_v3']) retrieved from /home/airflow/.local/lib/python3.7/site-packages/airflow/example_dags/example_branch_python_dop_operator_3.py
[2022-11-22T19:36:02.051+0000] {logging_mixin.py:137} INFO - [2022-11-22T19:36:02.051+0000] {dag.py:2585} INFO - Sync 1 DAGs
[2022-11-22T19:36:02.079+0000] {logging_mixin.py:137} INFO - [2022-11-22T19:36:02.079+0000] {dag.py:3340} INFO - Setting next_dagrun for example_branch_dop_operator_v3 to 2022-11-22T19:35:00+00:00, run_after=2022-11-22T19:36:00+00:00
[2022-11-22T19:36:02.093+0000] {processor.py:176} INFO - Processing /home/airflow/.local/lib/python3.7/site-packages/airflow/example_dags/example_branch_python_dop_operator_3.py took 0.117 seconds
[2022-11-22T19:36:32.742+0000] {processor.py:154} INFO - Started process (PID=1268) to work on /home/airflow/.local/lib/python3.7/site-packages/airflow/example_dags/example_branch_python_dop_operator_3.py
[2022-11-22T19:36:32.747+0000] {processor.py:756} INFO - Processing file /home/airflow/.local/lib/python3.7/site-packages/airflow/example_dags/example_branch_python_dop_operator_3.py for tasks to queue
[2022-11-22T19:36:32.749+0000] {logging_mixin.py:137} INFO - [2022-11-22T19:36:32.749+0000] {dagbag.py:537} INFO - Filling up the DagBag from /home/airflow/.local/lib/python3.7/site-packages/airflow/example_dags/example_branch_python_dop_operator_3.py
[2022-11-22T19:36:32.771+0000] {processor.py:766} INFO - DAG(s) dict_keys(['example_branch_dop_operator_v3']) retrieved from /home/airflow/.local/lib/python3.7/site-packages/airflow/example_dags/example_branch_python_dop_operator_3.py
[2022-11-22T19:36:32.804+0000] {logging_mixin.py:137} INFO - [2022-11-22T19:36:32.804+0000] {dag.py:2585} INFO - Sync 1 DAGs
[2022-11-22T19:36:32.825+0000] {logging_mixin.py:137} INFO - [2022-11-22T19:36:32.825+0000] {dag.py:3340} INFO - Setting next_dagrun for example_branch_dop_operator_v3 to 2022-11-22T19:35:00+00:00, run_after=2022-11-22T19:36:00+00:00
[2022-11-22T19:36:32.858+0000] {processor.py:176} INFO - Processing /home/airflow/.local/lib/python3.7/site-packages/airflow/example_dags/example_branch_python_dop_operator_3.py took 0.119 seconds
[2022-11-22T19:37:03.579+0000] {processor.py:154} INFO - Started process (PID=1331) to work on /home/airflow/.local/lib/python3.7/site-packages/airflow/example_dags/example_branch_python_dop_operator_3.py
[2022-11-22T19:37:03.581+0000] {processor.py:756} INFO - Processing file /home/airflow/.local/lib/python3.7/site-packages/airflow/example_dags/example_branch_python_dop_operator_3.py for tasks to queue
[2022-11-22T19:37:03.582+0000] {logging_mixin.py:137} INFO - [2022-11-22T19:37:03.581+0000] {dagbag.py:537} INFO - Filling up the DagBag from /home/airflow/.local/lib/python3.7/site-packages/airflow/example_dags/example_branch_python_dop_operator_3.py
[2022-11-22T19:37:03.597+0000] {processor.py:766} INFO - DAG(s) dict_keys(['example_branch_dop_operator_v3']) retrieved from /home/airflow/.local/lib/python3.7/site-packages/airflow/example_dags/example_branch_python_dop_operator_3.py
[2022-11-22T19:37:03.622+0000] {logging_mixin.py:137} INFO - [2022-11-22T19:37:03.622+0000] {dag.py:2585} INFO - Sync 1 DAGs
[2022-11-22T19:37:03.641+0000] {logging_mixin.py:137} INFO - [2022-11-22T19:37:03.641+0000] {dag.py:3340} INFO - Setting next_dagrun for example_branch_dop_operator_v3 to 2022-11-22T19:36:00+00:00, run_after=2022-11-22T19:37:00+00:00
[2022-11-22T19:37:03.655+0000] {processor.py:176} INFO - Processing /home/airflow/.local/lib/python3.7/site-packages/airflow/example_dags/example_branch_python_dop_operator_3.py took 0.078 seconds
[2022-11-22T19:37:34.308+0000] {processor.py:154} INFO - Started process (PID=1395) to work on /home/airflow/.local/lib/python3.7/site-packages/airflow/example_dags/example_branch_python_dop_operator_3.py
[2022-11-22T19:37:34.310+0000] {processor.py:756} INFO - Processing file /home/airflow/.local/lib/python3.7/site-packages/airflow/example_dags/example_branch_python_dop_operator_3.py for tasks to queue
[2022-11-22T19:37:34.311+0000] {logging_mixin.py:137} INFO - [2022-11-22T19:37:34.311+0000] {dagbag.py:537} INFO - Filling up the DagBag from /home/airflow/.local/lib/python3.7/site-packages/airflow/example_dags/example_branch_python_dop_operator_3.py
[2022-11-22T19:37:34.326+0000] {processor.py:766} INFO - DAG(s) dict_keys(['example_branch_dop_operator_v3']) retrieved from /home/airflow/.local/lib/python3.7/site-packages/airflow/example_dags/example_branch_python_dop_operator_3.py
[2022-11-22T19:37:34.364+0000] {logging_mixin.py:137} INFO - [2022-11-22T19:37:34.364+0000] {dag.py:2585} INFO - Sync 1 DAGs
[2022-11-22T19:37:34.383+0000] {logging_mixin.py:137} INFO - [2022-11-22T19:37:34.383+0000] {dag.py:3340} INFO - Setting next_dagrun for example_branch_dop_operator_v3 to 2022-11-22T19:36:00+00:00, run_after=2022-11-22T19:37:00+00:00
[2022-11-22T19:37:34.396+0000] {processor.py:176} INFO - Processing /home/airflow/.local/lib/python3.7/site-packages/airflow/example_dags/example_branch_python_dop_operator_3.py took 0.091 seconds
[2022-11-22T19:38:04.735+0000] {processor.py:154} INFO - Started process (PID=1449) to work on /home/airflow/.local/lib/python3.7/site-packages/airflow/example_dags/example_branch_python_dop_operator_3.py
[2022-11-22T19:38:04.737+0000] {processor.py:756} INFO - Processing file /home/airflow/.local/lib/python3.7/site-packages/airflow/example_dags/example_branch_python_dop_operator_3.py for tasks to queue
[2022-11-22T19:38:04.738+0000] {logging_mixin.py:137} INFO - [2022-11-22T19:38:04.738+0000] {dagbag.py:537} INFO - Filling up the DagBag from /home/airflow/.local/lib/python3.7/site-packages/airflow/example_dags/example_branch_python_dop_operator_3.py
[2022-11-22T19:38:04.764+0000] {processor.py:766} INFO - DAG(s) dict_keys(['example_branch_dop_operator_v3']) retrieved from /home/airflow/.local/lib/python3.7/site-packages/airflow/example_dags/example_branch_python_dop_operator_3.py
[2022-11-22T19:38:04.801+0000] {logging_mixin.py:137} INFO - [2022-11-22T19:38:04.800+0000] {dag.py:2585} INFO - Sync 1 DAGs
[2022-11-22T19:38:04.826+0000] {logging_mixin.py:137} INFO - [2022-11-22T19:38:04.826+0000] {dag.py:3340} INFO - Setting next_dagrun for example_branch_dop_operator_v3 to 2022-11-22T19:37:00+00:00, run_after=2022-11-22T19:38:00+00:00
[2022-11-22T19:38:04.841+0000] {processor.py:176} INFO - Processing /home/airflow/.local/lib/python3.7/site-packages/airflow/example_dags/example_branch_python_dop_operator_3.py took 0.108 seconds
[2022-11-22T19:38:35.282+0000] {processor.py:154} INFO - Started process (PID=1512) to work on /home/airflow/.local/lib/python3.7/site-packages/airflow/example_dags/example_branch_python_dop_operator_3.py
[2022-11-22T19:38:35.283+0000] {processor.py:756} INFO - Processing file /home/airflow/.local/lib/python3.7/site-packages/airflow/example_dags/example_branch_python_dop_operator_3.py for tasks to queue
[2022-11-22T19:38:35.286+0000] {logging_mixin.py:137} INFO - [2022-11-22T19:38:35.285+0000] {dagbag.py:537} INFO - Filling up the DagBag from /home/airflow/.local/lib/python3.7/site-packages/airflow/example_dags/example_branch_python_dop_operator_3.py
[2022-11-22T19:38:35.305+0000] {processor.py:766} INFO - DAG(s) dict_keys(['example_branch_dop_operator_v3']) retrieved from /home/airflow/.local/lib/python3.7/site-packages/airflow/example_dags/example_branch_python_dop_operator_3.py
[2022-11-22T19:38:35.334+0000] {logging_mixin.py:137} INFO - [2022-11-22T19:38:35.334+0000] {dag.py:2585} INFO - Sync 1 DAGs
[2022-11-22T19:38:35.361+0000] {logging_mixin.py:137} INFO - [2022-11-22T19:38:35.361+0000] {dag.py:3340} INFO - Setting next_dagrun for example_branch_dop_operator_v3 to 2022-11-22T19:37:00+00:00, run_after=2022-11-22T19:38:00+00:00
[2022-11-22T19:38:35.374+0000] {processor.py:176} INFO - Processing /home/airflow/.local/lib/python3.7/site-packages/airflow/example_dags/example_branch_python_dop_operator_3.py took 0.096 seconds
[2022-11-22T19:39:05.526+0000] {processor.py:154} INFO - Started process (PID=1575) to work on /home/airflow/.local/lib/python3.7/site-packages/airflow/example_dags/example_branch_python_dop_operator_3.py
[2022-11-22T19:39:05.534+0000] {processor.py:756} INFO - Processing file /home/airflow/.local/lib/python3.7/site-packages/airflow/example_dags/example_branch_python_dop_operator_3.py for tasks to queue
[2022-11-22T19:39:05.537+0000] {logging_mixin.py:137} INFO - [2022-11-22T19:39:05.537+0000] {dagbag.py:537} INFO - Filling up the DagBag from /home/airflow/.local/lib/python3.7/site-packages/airflow/example_dags/example_branch_python_dop_operator_3.py
[2022-11-22T19:39:05.557+0000] {processor.py:766} INFO - DAG(s) dict_keys(['example_branch_dop_operator_v3']) retrieved from /home/airflow/.local/lib/python3.7/site-packages/airflow/example_dags/example_branch_python_dop_operator_3.py
[2022-11-22T19:39:05.593+0000] {logging_mixin.py:137} INFO - [2022-11-22T19:39:05.592+0000] {dag.py:2585} INFO - Sync 1 DAGs
[2022-11-22T19:39:05.619+0000] {logging_mixin.py:137} INFO - [2022-11-22T19:39:05.618+0000] {dag.py:3340} INFO - Setting next_dagrun for example_branch_dop_operator_v3 to 2022-11-22T19:38:00+00:00, run_after=2022-11-22T19:39:00+00:00
[2022-11-22T19:39:05.649+0000] {processor.py:176} INFO - Processing /home/airflow/.local/lib/python3.7/site-packages/airflow/example_dags/example_branch_python_dop_operator_3.py took 0.130 seconds
[2022-11-22T19:39:36.751+0000] {processor.py:154} INFO - Started process (PID=1639) to work on /home/airflow/.local/lib/python3.7/site-packages/airflow/example_dags/example_branch_python_dop_operator_3.py
[2022-11-22T19:39:36.752+0000] {processor.py:756} INFO - Processing file /home/airflow/.local/lib/python3.7/site-packages/airflow/example_dags/example_branch_python_dop_operator_3.py for tasks to queue
[2022-11-22T19:39:36.753+0000] {logging_mixin.py:137} INFO - [2022-11-22T19:39:36.753+0000] {dagbag.py:537} INFO - Filling up the DagBag from /home/airflow/.local/lib/python3.7/site-packages/airflow/example_dags/example_branch_python_dop_operator_3.py
[2022-11-22T19:39:36.769+0000] {processor.py:766} INFO - DAG(s) dict_keys(['example_branch_dop_operator_v3']) retrieved from /home/airflow/.local/lib/python3.7/site-packages/airflow/example_dags/example_branch_python_dop_operator_3.py
[2022-11-22T19:39:36.796+0000] {logging_mixin.py:137} INFO - [2022-11-22T19:39:36.796+0000] {dag.py:2585} INFO - Sync 1 DAGs
[2022-11-22T19:39:36.814+0000] {logging_mixin.py:137} INFO - [2022-11-22T19:39:36.814+0000] {dag.py:3340} INFO - Setting next_dagrun for example_branch_dop_operator_v3 to 2022-11-22T19:38:00+00:00, run_after=2022-11-22T19:39:00+00:00
[2022-11-22T19:39:36.828+0000] {processor.py:176} INFO - Processing /home/airflow/.local/lib/python3.7/site-packages/airflow/example_dags/example_branch_python_dop_operator_3.py took 0.079 seconds
[2022-11-22T19:40:07.073+0000] {processor.py:154} INFO - Started process (PID=1694) to work on /home/airflow/.local/lib/python3.7/site-packages/airflow/example_dags/example_branch_python_dop_operator_3.py
[2022-11-22T19:40:07.075+0000] {processor.py:756} INFO - Processing file /home/airflow/.local/lib/python3.7/site-packages/airflow/example_dags/example_branch_python_dop_operator_3.py for tasks to queue
[2022-11-22T19:40:07.076+0000] {logging_mixin.py:137} INFO - [2022-11-22T19:40:07.076+0000] {dagbag.py:537} INFO - Filling up the DagBag from /home/airflow/.local/lib/python3.7/site-packages/airflow/example_dags/example_branch_python_dop_operator_3.py
[2022-11-22T19:40:07.091+0000] {processor.py:766} INFO - DAG(s) dict_keys(['example_branch_dop_operator_v3']) retrieved from /home/airflow/.local/lib/python3.7/site-packages/airflow/example_dags/example_branch_python_dop_operator_3.py
[2022-11-22T19:40:07.121+0000] {logging_mixin.py:137} INFO - [2022-11-22T19:40:07.121+0000] {dag.py:2585} INFO - Sync 1 DAGs
[2022-11-22T19:40:07.140+0000] {logging_mixin.py:137} INFO - [2022-11-22T19:40:07.140+0000] {dag.py:3340} INFO - Setting next_dagrun for example_branch_dop_operator_v3 to 2022-11-22T19:39:00+00:00, run_after=2022-11-22T19:40:00+00:00
[2022-11-22T19:40:07.153+0000] {processor.py:176} INFO - Processing /home/airflow/.local/lib/python3.7/site-packages/airflow/example_dags/example_branch_python_dop_operator_3.py took 0.083 seconds
[2022-11-22T19:40:37.585+0000] {processor.py:154} INFO - Started process (PID=1757) to work on /home/airflow/.local/lib/python3.7/site-packages/airflow/example_dags/example_branch_python_dop_operator_3.py
[2022-11-22T19:40:37.587+0000] {processor.py:756} INFO - Processing file /home/airflow/.local/lib/python3.7/site-packages/airflow/example_dags/example_branch_python_dop_operator_3.py for tasks to queue
[2022-11-22T19:40:37.588+0000] {logging_mixin.py:137} INFO - [2022-11-22T19:40:37.588+0000] {dagbag.py:537} INFO - Filling up the DagBag from /home/airflow/.local/lib/python3.7/site-packages/airflow/example_dags/example_branch_python_dop_operator_3.py
[2022-11-22T19:40:37.607+0000] {processor.py:766} INFO - DAG(s) dict_keys(['example_branch_dop_operator_v3']) retrieved from /home/airflow/.local/lib/python3.7/site-packages/airflow/example_dags/example_branch_python_dop_operator_3.py
[2022-11-22T19:40:37.643+0000] {logging_mixin.py:137} INFO - [2022-11-22T19:40:37.643+0000] {dag.py:2585} INFO - Sync 1 DAGs
[2022-11-22T19:40:37.664+0000] {logging_mixin.py:137} INFO - [2022-11-22T19:40:37.664+0000] {dag.py:3340} INFO - Setting next_dagrun for example_branch_dop_operator_v3 to 2022-11-22T19:39:00+00:00, run_after=2022-11-22T19:40:00+00:00
[2022-11-22T19:40:37.682+0000] {processor.py:176} INFO - Processing /home/airflow/.local/lib/python3.7/site-packages/airflow/example_dags/example_branch_python_dop_operator_3.py took 0.099 seconds
[2022-11-22T19:41:08.672+0000] {processor.py:154} INFO - Started process (PID=1821) to work on /home/airflow/.local/lib/python3.7/site-packages/airflow/example_dags/example_branch_python_dop_operator_3.py
[2022-11-22T19:41:08.673+0000] {processor.py:756} INFO - Processing file /home/airflow/.local/lib/python3.7/site-packages/airflow/example_dags/example_branch_python_dop_operator_3.py for tasks to queue
[2022-11-22T19:41:08.674+0000] {logging_mixin.py:137} INFO - [2022-11-22T19:41:08.674+0000] {dagbag.py:537} INFO - Filling up the DagBag from /home/airflow/.local/lib/python3.7/site-packages/airflow/example_dags/example_branch_python_dop_operator_3.py
[2022-11-22T19:41:08.690+0000] {processor.py:766} INFO - DAG(s) dict_keys(['example_branch_dop_operator_v3']) retrieved from /home/airflow/.local/lib/python3.7/site-packages/airflow/example_dags/example_branch_python_dop_operator_3.py
[2022-11-22T19:41:08.715+0000] {logging_mixin.py:137} INFO - [2022-11-22T19:41:08.715+0000] {dag.py:2585} INFO - Sync 1 DAGs
[2022-11-22T19:41:08.741+0000] {logging_mixin.py:137} INFO - [2022-11-22T19:41:08.741+0000] {dag.py:3340} INFO - Setting next_dagrun for example_branch_dop_operator_v3 to 2022-11-22T19:40:00+00:00, run_after=2022-11-22T19:41:00+00:00
[2022-11-22T19:41:08.756+0000] {processor.py:176} INFO - Processing /home/airflow/.local/lib/python3.7/site-packages/airflow/example_dags/example_branch_python_dop_operator_3.py took 0.086 seconds
[2022-11-22T19:41:39.727+0000] {processor.py:154} INFO - Started process (PID=1885) to work on /home/airflow/.local/lib/python3.7/site-packages/airflow/example_dags/example_branch_python_dop_operator_3.py
[2022-11-22T19:41:39.728+0000] {processor.py:756} INFO - Processing file /home/airflow/.local/lib/python3.7/site-packages/airflow/example_dags/example_branch_python_dop_operator_3.py for tasks to queue
[2022-11-22T19:41:39.729+0000] {logging_mixin.py:137} INFO - [2022-11-22T19:41:39.729+0000] {dagbag.py:537} INFO - Filling up the DagBag from /home/airflow/.local/lib/python3.7/site-packages/airflow/example_dags/example_branch_python_dop_operator_3.py
[2022-11-22T19:41:39.743+0000] {processor.py:766} INFO - DAG(s) dict_keys(['example_branch_dop_operator_v3']) retrieved from /home/airflow/.local/lib/python3.7/site-packages/airflow/example_dags/example_branch_python_dop_operator_3.py
[2022-11-22T19:41:39.768+0000] {logging_mixin.py:137} INFO - [2022-11-22T19:41:39.768+0000] {dag.py:2585} INFO - Sync 1 DAGs
[2022-11-22T19:41:39.787+0000] {logging_mixin.py:137} INFO - [2022-11-22T19:41:39.787+0000] {dag.py:3340} INFO - Setting next_dagrun for example_branch_dop_operator_v3 to 2022-11-22T19:40:00+00:00, run_after=2022-11-22T19:41:00+00:00
[2022-11-22T19:41:39.800+0000] {processor.py:176} INFO - Processing /home/airflow/.local/lib/python3.7/site-packages/airflow/example_dags/example_branch_python_dop_operator_3.py took 0.076 seconds
[2022-11-22T19:42:10.239+0000] {processor.py:154} INFO - Started process (PID=1938) to work on /home/airflow/.local/lib/python3.7/site-packages/airflow/example_dags/example_branch_python_dop_operator_3.py
[2022-11-22T19:42:10.240+0000] {processor.py:756} INFO - Processing file /home/airflow/.local/lib/python3.7/site-packages/airflow/example_dags/example_branch_python_dop_operator_3.py for tasks to queue
[2022-11-22T19:42:10.242+0000] {logging_mixin.py:137} INFO - [2022-11-22T19:42:10.241+0000] {dagbag.py:537} INFO - Filling up the DagBag from /home/airflow/.local/lib/python3.7/site-packages/airflow/example_dags/example_branch_python_dop_operator_3.py
[2022-11-22T19:42:10.256+0000] {processor.py:766} INFO - DAG(s) dict_keys(['example_branch_dop_operator_v3']) retrieved from /home/airflow/.local/lib/python3.7/site-packages/airflow/example_dags/example_branch_python_dop_operator_3.py
[2022-11-22T19:42:10.281+0000] {logging_mixin.py:137} INFO - [2022-11-22T19:42:10.281+0000] {dag.py:2585} INFO - Sync 1 DAGs
[2022-11-22T19:42:10.299+0000] {logging_mixin.py:137} INFO - [2022-11-22T19:42:10.299+0000] {dag.py:3340} INFO - Setting next_dagrun for example_branch_dop_operator_v3 to 2022-11-22T19:41:00+00:00, run_after=2022-11-22T19:42:00+00:00
[2022-11-22T19:42:10.311+0000] {processor.py:176} INFO - Processing /home/airflow/.local/lib/python3.7/site-packages/airflow/example_dags/example_branch_python_dop_operator_3.py took 0.074 seconds
[2022-11-22T19:42:41.505+0000] {processor.py:154} INFO - Started process (PID=2003) to work on /home/airflow/.local/lib/python3.7/site-packages/airflow/example_dags/example_branch_python_dop_operator_3.py
[2022-11-22T19:42:41.506+0000] {processor.py:756} INFO - Processing file /home/airflow/.local/lib/python3.7/site-packages/airflow/example_dags/example_branch_python_dop_operator_3.py for tasks to queue
[2022-11-22T19:42:41.507+0000] {logging_mixin.py:137} INFO - [2022-11-22T19:42:41.507+0000] {dagbag.py:537} INFO - Filling up the DagBag from /home/airflow/.local/lib/python3.7/site-packages/airflow/example_dags/example_branch_python_dop_operator_3.py
[2022-11-22T19:42:41.522+0000] {processor.py:766} INFO - DAG(s) dict_keys(['example_branch_dop_operator_v3']) retrieved from /home/airflow/.local/lib/python3.7/site-packages/airflow/example_dags/example_branch_python_dop_operator_3.py
[2022-11-22T19:42:41.548+0000] {logging_mixin.py:137} INFO - [2022-11-22T19:42:41.548+0000] {dag.py:2585} INFO - Sync 1 DAGs
[2022-11-22T19:42:41.566+0000] {logging_mixin.py:137} INFO - [2022-11-22T19:42:41.565+0000] {dag.py:3340} INFO - Setting next_dagrun for example_branch_dop_operator_v3 to 2022-11-22T19:41:00+00:00, run_after=2022-11-22T19:42:00+00:00
[2022-11-22T19:42:41.579+0000] {processor.py:176} INFO - Processing /home/airflow/.local/lib/python3.7/site-packages/airflow/example_dags/example_branch_python_dop_operator_3.py took 0.076 seconds
[2022-11-22T19:43:12.470+0000] {processor.py:154} INFO - Started process (PID=2065) to work on /home/airflow/.local/lib/python3.7/site-packages/airflow/example_dags/example_branch_python_dop_operator_3.py
[2022-11-22T19:43:12.472+0000] {processor.py:756} INFO - Processing file /home/airflow/.local/lib/python3.7/site-packages/airflow/example_dags/example_branch_python_dop_operator_3.py for tasks to queue
[2022-11-22T19:43:12.473+0000] {logging_mixin.py:137} INFO - [2022-11-22T19:43:12.473+0000] {dagbag.py:537} INFO - Filling up the DagBag from /home/airflow/.local/lib/python3.7/site-packages/airflow/example_dags/example_branch_python_dop_operator_3.py
[2022-11-22T19:43:12.490+0000] {processor.py:766} INFO - DAG(s) dict_keys(['example_branch_dop_operator_v3']) retrieved from /home/airflow/.local/lib/python3.7/site-packages/airflow/example_dags/example_branch_python_dop_operator_3.py
[2022-11-22T19:43:12.517+0000] {logging_mixin.py:137} INFO - [2022-11-22T19:43:12.517+0000] {dag.py:2585} INFO - Sync 1 DAGs
[2022-11-22T19:43:12.547+0000] {logging_mixin.py:137} INFO - [2022-11-22T19:43:12.546+0000] {dag.py:3340} INFO - Setting next_dagrun for example_branch_dop_operator_v3 to 2022-11-22T19:42:00+00:00, run_after=2022-11-22T19:43:00+00:00
[2022-11-22T19:43:12.567+0000] {processor.py:176} INFO - Processing /home/airflow/.local/lib/python3.7/site-packages/airflow/example_dags/example_branch_python_dop_operator_3.py took 0.099 seconds
[2022-11-22T19:43:43.414+0000] {processor.py:154} INFO - Started process (PID=2128) to work on /home/airflow/.local/lib/python3.7/site-packages/airflow/example_dags/example_branch_python_dop_operator_3.py
[2022-11-22T19:43:43.416+0000] {processor.py:756} INFO - Processing file /home/airflow/.local/lib/python3.7/site-packages/airflow/example_dags/example_branch_python_dop_operator_3.py for tasks to queue
[2022-11-22T19:43:43.417+0000] {logging_mixin.py:137} INFO - [2022-11-22T19:43:43.417+0000] {dagbag.py:537} INFO - Filling up the DagBag from /home/airflow/.local/lib/python3.7/site-packages/airflow/example_dags/example_branch_python_dop_operator_3.py
[2022-11-22T19:43:43.433+0000] {processor.py:766} INFO - DAG(s) dict_keys(['example_branch_dop_operator_v3']) retrieved from /home/airflow/.local/lib/python3.7/site-packages/airflow/example_dags/example_branch_python_dop_operator_3.py
[2022-11-22T19:43:43.461+0000] {logging_mixin.py:137} INFO - [2022-11-22T19:43:43.461+0000] {dag.py:2585} INFO - Sync 1 DAGs
[2022-11-22T19:43:43.481+0000] {logging_mixin.py:137} INFO - [2022-11-22T19:43:43.481+0000] {dag.py:3340} INFO - Setting next_dagrun for example_branch_dop_operator_v3 to 2022-11-22T19:42:00+00:00, run_after=2022-11-22T19:43:00+00:00
[2022-11-22T19:43:43.494+0000] {processor.py:176} INFO - Processing /home/airflow/.local/lib/python3.7/site-packages/airflow/example_dags/example_branch_python_dop_operator_3.py took 0.082 seconds
[2022-11-22T19:44:13.874+0000] {processor.py:154} INFO - Started process (PID=2191) to work on /home/airflow/.local/lib/python3.7/site-packages/airflow/example_dags/example_branch_python_dop_operator_3.py
[2022-11-22T19:44:13.876+0000] {processor.py:756} INFO - Processing file /home/airflow/.local/lib/python3.7/site-packages/airflow/example_dags/example_branch_python_dop_operator_3.py for tasks to queue
[2022-11-22T19:44:13.877+0000] {logging_mixin.py:137} INFO - [2022-11-22T19:44:13.877+0000] {dagbag.py:537} INFO - Filling up the DagBag from /home/airflow/.local/lib/python3.7/site-packages/airflow/example_dags/example_branch_python_dop_operator_3.py
[2022-11-22T19:44:13.892+0000] {processor.py:766} INFO - DAG(s) dict_keys(['example_branch_dop_operator_v3']) retrieved from /home/airflow/.local/lib/python3.7/site-packages/airflow/example_dags/example_branch_python_dop_operator_3.py
[2022-11-22T19:44:13.923+0000] {logging_mixin.py:137} INFO - [2022-11-22T19:44:13.923+0000] {dag.py:2585} INFO - Sync 1 DAGs
[2022-11-22T19:44:13.944+0000] {logging_mixin.py:137} INFO - [2022-11-22T19:44:13.944+0000] {dag.py:3340} INFO - Setting next_dagrun for example_branch_dop_operator_v3 to 2022-11-22T19:43:00+00:00, run_after=2022-11-22T19:44:00+00:00
[2022-11-22T19:44:13.957+0000] {processor.py:176} INFO - Processing /home/airflow/.local/lib/python3.7/site-packages/airflow/example_dags/example_branch_python_dop_operator_3.py took 0.085 seconds
[2022-11-22T19:44:44.842+0000] {processor.py:154} INFO - Started process (PID=2252) to work on /home/airflow/.local/lib/python3.7/site-packages/airflow/example_dags/example_branch_python_dop_operator_3.py
[2022-11-22T19:44:44.843+0000] {processor.py:756} INFO - Processing file /home/airflow/.local/lib/python3.7/site-packages/airflow/example_dags/example_branch_python_dop_operator_3.py for tasks to queue
[2022-11-22T19:44:44.845+0000] {logging_mixin.py:137} INFO - [2022-11-22T19:44:44.845+0000] {dagbag.py:537} INFO - Filling up the DagBag from /home/airflow/.local/lib/python3.7/site-packages/airflow/example_dags/example_branch_python_dop_operator_3.py
[2022-11-22T19:44:44.864+0000] {processor.py:766} INFO - DAG(s) dict_keys(['example_branch_dop_operator_v3']) retrieved from /home/airflow/.local/lib/python3.7/site-packages/airflow/example_dags/example_branch_python_dop_operator_3.py
[2022-11-22T19:44:44.897+0000] {logging_mixin.py:137} INFO - [2022-11-22T19:44:44.897+0000] {dag.py:2585} INFO - Sync 1 DAGs
[2022-11-22T19:44:44.956+0000] {logging_mixin.py:137} INFO - [2022-11-22T19:44:44.955+0000] {dag.py:3340} INFO - Setting next_dagrun for example_branch_dop_operator_v3 to 2022-11-22T19:43:00+00:00, run_after=2022-11-22T19:44:00+00:00
[2022-11-22T19:44:44.996+0000] {processor.py:176} INFO - Processing /home/airflow/.local/lib/python3.7/site-packages/airflow/example_dags/example_branch_python_dop_operator_3.py took 0.156 seconds
[2022-11-22T19:45:15.029+0000] {processor.py:154} INFO - Started process (PID=2308) to work on /home/airflow/.local/lib/python3.7/site-packages/airflow/example_dags/example_branch_python_dop_operator_3.py
[2022-11-22T19:45:15.030+0000] {processor.py:756} INFO - Processing file /home/airflow/.local/lib/python3.7/site-packages/airflow/example_dags/example_branch_python_dop_operator_3.py for tasks to queue
[2022-11-22T19:45:15.031+0000] {logging_mixin.py:137} INFO - [2022-11-22T19:45:15.031+0000] {dagbag.py:537} INFO - Filling up the DagBag from /home/airflow/.local/lib/python3.7/site-packages/airflow/example_dags/example_branch_python_dop_operator_3.py
[2022-11-22T19:45:15.047+0000] {processor.py:766} INFO - DAG(s) dict_keys(['example_branch_dop_operator_v3']) retrieved from /home/airflow/.local/lib/python3.7/site-packages/airflow/example_dags/example_branch_python_dop_operator_3.py
[2022-11-22T19:45:15.077+0000] {logging_mixin.py:137} INFO - [2022-11-22T19:45:15.077+0000] {dag.py:2585} INFO - Sync 1 DAGs
[2022-11-22T19:45:15.105+0000] {logging_mixin.py:137} INFO - [2022-11-22T19:45:15.105+0000] {dag.py:3340} INFO - Setting next_dagrun for example_branch_dop_operator_v3 to 2022-11-22T19:44:00+00:00, run_after=2022-11-22T19:45:00+00:00
[2022-11-22T19:45:15.130+0000] {processor.py:176} INFO - Processing /home/airflow/.local/lib/python3.7/site-packages/airflow/example_dags/example_branch_python_dop_operator_3.py took 0.103 seconds
[2022-11-22T19:45:46.122+0000] {processor.py:154} INFO - Started process (PID=2373) to work on /home/airflow/.local/lib/python3.7/site-packages/airflow/example_dags/example_branch_python_dop_operator_3.py
[2022-11-22T19:45:46.124+0000] {processor.py:756} INFO - Processing file /home/airflow/.local/lib/python3.7/site-packages/airflow/example_dags/example_branch_python_dop_operator_3.py for tasks to queue
[2022-11-22T19:45:46.125+0000] {logging_mixin.py:137} INFO - [2022-11-22T19:45:46.125+0000] {dagbag.py:537} INFO - Filling up the DagBag from /home/airflow/.local/lib/python3.7/site-packages/airflow/example_dags/example_branch_python_dop_operator_3.py
[2022-11-22T19:45:46.140+0000] {processor.py:766} INFO - DAG(s) dict_keys(['example_branch_dop_operator_v3']) retrieved from /home/airflow/.local/lib/python3.7/site-packages/airflow/example_dags/example_branch_python_dop_operator_3.py
[2022-11-22T19:45:46.165+0000] {logging_mixin.py:137} INFO - [2022-11-22T19:45:46.165+0000] {dag.py:2585} INFO - Sync 1 DAGs
[2022-11-22T19:45:46.184+0000] {logging_mixin.py:137} INFO - [2022-11-22T19:45:46.184+0000] {dag.py:3340} INFO - Setting next_dagrun for example_branch_dop_operator_v3 to 2022-11-22T19:44:00+00:00, run_after=2022-11-22T19:45:00+00:00
[2022-11-22T19:45:46.197+0000] {processor.py:176} INFO - Processing /home/airflow/.local/lib/python3.7/site-packages/airflow/example_dags/example_branch_python_dop_operator_3.py took 0.079 seconds
[2022-11-22T19:46:16.877+0000] {processor.py:154} INFO - Started process (PID=2437) to work on /home/airflow/.local/lib/python3.7/site-packages/airflow/example_dags/example_branch_python_dop_operator_3.py
[2022-11-22T19:46:16.880+0000] {processor.py:756} INFO - Processing file /home/airflow/.local/lib/python3.7/site-packages/airflow/example_dags/example_branch_python_dop_operator_3.py for tasks to queue
[2022-11-22T19:46:16.881+0000] {logging_mixin.py:137} INFO - [2022-11-22T19:46:16.881+0000] {dagbag.py:537} INFO - Filling up the DagBag from /home/airflow/.local/lib/python3.7/site-packages/airflow/example_dags/example_branch_python_dop_operator_3.py
[2022-11-22T19:46:16.895+0000] {processor.py:766} INFO - DAG(s) dict_keys(['example_branch_dop_operator_v3']) retrieved from /home/airflow/.local/lib/python3.7/site-packages/airflow/example_dags/example_branch_python_dop_operator_3.py
[2022-11-22T19:46:16.923+0000] {logging_mixin.py:137} INFO - [2022-11-22T19:46:16.922+0000] {dag.py:2585} INFO - Sync 1 DAGs
[2022-11-22T19:46:16.941+0000] {logging_mixin.py:137} INFO - [2022-11-22T19:46:16.941+0000] {dag.py:3340} INFO - Setting next_dagrun for example_branch_dop_operator_v3 to 2022-11-22T19:45:00+00:00, run_after=2022-11-22T19:46:00+00:00
[2022-11-22T19:46:16.955+0000] {processor.py:176} INFO - Processing /home/airflow/.local/lib/python3.7/site-packages/airflow/example_dags/example_branch_python_dop_operator_3.py took 0.080 seconds
[2022-11-22T19:46:48.116+0000] {processor.py:154} INFO - Started process (PID=2499) to work on /home/airflow/.local/lib/python3.7/site-packages/airflow/example_dags/example_branch_python_dop_operator_3.py
[2022-11-22T19:46:48.118+0000] {processor.py:756} INFO - Processing file /home/airflow/.local/lib/python3.7/site-packages/airflow/example_dags/example_branch_python_dop_operator_3.py for tasks to queue
[2022-11-22T19:46:48.120+0000] {logging_mixin.py:137} INFO - [2022-11-22T19:46:48.119+0000] {dagbag.py:537} INFO - Filling up the DagBag from /home/airflow/.local/lib/python3.7/site-packages/airflow/example_dags/example_branch_python_dop_operator_3.py
[2022-11-22T19:46:48.147+0000] {processor.py:766} INFO - DAG(s) dict_keys(['example_branch_dop_operator_v3']) retrieved from /home/airflow/.local/lib/python3.7/site-packages/airflow/example_dags/example_branch_python_dop_operator_3.py
[2022-11-22T19:46:48.181+0000] {logging_mixin.py:137} INFO - [2022-11-22T19:46:48.180+0000] {dag.py:2585} INFO - Sync 1 DAGs
[2022-11-22T19:46:48.203+0000] {logging_mixin.py:137} INFO - [2022-11-22T19:46:48.203+0000] {dag.py:3340} INFO - Setting next_dagrun for example_branch_dop_operator_v3 to 2022-11-22T19:45:00+00:00, run_after=2022-11-22T19:46:00+00:00
[2022-11-22T19:46:48.219+0000] {processor.py:176} INFO - Processing /home/airflow/.local/lib/python3.7/site-packages/airflow/example_dags/example_branch_python_dop_operator_3.py took 0.105 seconds
[2022-11-22T19:47:18.304+0000] {processor.py:154} INFO - Started process (PID=2553) to work on /home/airflow/.local/lib/python3.7/site-packages/airflow/example_dags/example_branch_python_dop_operator_3.py
[2022-11-22T19:47:18.306+0000] {processor.py:756} INFO - Processing file /home/airflow/.local/lib/python3.7/site-packages/airflow/example_dags/example_branch_python_dop_operator_3.py for tasks to queue
[2022-11-22T19:47:18.309+0000] {logging_mixin.py:137} INFO - [2022-11-22T19:47:18.309+0000] {dagbag.py:537} INFO - Filling up the DagBag from /home/airflow/.local/lib/python3.7/site-packages/airflow/example_dags/example_branch_python_dop_operator_3.py
[2022-11-22T19:47:18.329+0000] {processor.py:766} INFO - DAG(s) dict_keys(['example_branch_dop_operator_v3']) retrieved from /home/airflow/.local/lib/python3.7/site-packages/airflow/example_dags/example_branch_python_dop_operator_3.py
[2022-11-22T19:47:18.362+0000] {logging_mixin.py:137} INFO - [2022-11-22T19:47:18.362+0000] {dag.py:2585} INFO - Sync 1 DAGs
[2022-11-22T19:47:18.383+0000] {logging_mixin.py:137} INFO - [2022-11-22T19:47:18.383+0000] {dag.py:3340} INFO - Setting next_dagrun for example_branch_dop_operator_v3 to 2022-11-22T19:46:00+00:00, run_after=2022-11-22T19:47:00+00:00
[2022-11-22T19:47:18.430+0000] {processor.py:176} INFO - Processing /home/airflow/.local/lib/python3.7/site-packages/airflow/example_dags/example_branch_python_dop_operator_3.py took 0.129 seconds
[2022-11-22T19:47:48.977+0000] {processor.py:154} INFO - Started process (PID=2615) to work on /home/airflow/.local/lib/python3.7/site-packages/airflow/example_dags/example_branch_python_dop_operator_3.py
[2022-11-22T19:47:48.979+0000] {processor.py:756} INFO - Processing file /home/airflow/.local/lib/python3.7/site-packages/airflow/example_dags/example_branch_python_dop_operator_3.py for tasks to queue
[2022-11-22T19:47:48.980+0000] {logging_mixin.py:137} INFO - [2022-11-22T19:47:48.980+0000] {dagbag.py:537} INFO - Filling up the DagBag from /home/airflow/.local/lib/python3.7/site-packages/airflow/example_dags/example_branch_python_dop_operator_3.py
[2022-11-22T19:47:48.996+0000] {processor.py:766} INFO - DAG(s) dict_keys(['example_branch_dop_operator_v3']) retrieved from /home/airflow/.local/lib/python3.7/site-packages/airflow/example_dags/example_branch_python_dop_operator_3.py
[2022-11-22T19:47:49.024+0000] {logging_mixin.py:137} INFO - [2022-11-22T19:47:49.024+0000] {dag.py:2585} INFO - Sync 1 DAGs
[2022-11-22T19:47:49.043+0000] {logging_mixin.py:137} INFO - [2022-11-22T19:47:49.043+0000] {dag.py:3340} INFO - Setting next_dagrun for example_branch_dop_operator_v3 to 2022-11-22T19:46:00+00:00, run_after=2022-11-22T19:47:00+00:00
[2022-11-22T19:47:49.055+0000] {processor.py:176} INFO - Processing /home/airflow/.local/lib/python3.7/site-packages/airflow/example_dags/example_branch_python_dop_operator_3.py took 0.081 seconds
[2022-11-22T19:48:20.218+0000] {processor.py:154} INFO - Started process (PID=2677) to work on /home/airflow/.local/lib/python3.7/site-packages/airflow/example_dags/example_branch_python_dop_operator_3.py
[2022-11-22T19:48:20.223+0000] {processor.py:756} INFO - Processing file /home/airflow/.local/lib/python3.7/site-packages/airflow/example_dags/example_branch_python_dop_operator_3.py for tasks to queue
[2022-11-22T19:48:20.242+0000] {logging_mixin.py:137} INFO - [2022-11-22T19:48:20.242+0000] {dagbag.py:537} INFO - Filling up the DagBag from /home/airflow/.local/lib/python3.7/site-packages/airflow/example_dags/example_branch_python_dop_operator_3.py
[2022-11-22T19:48:20.262+0000] {processor.py:766} INFO - DAG(s) dict_keys(['example_branch_dop_operator_v3']) retrieved from /home/airflow/.local/lib/python3.7/site-packages/airflow/example_dags/example_branch_python_dop_operator_3.py
[2022-11-22T19:48:20.295+0000] {logging_mixin.py:137} INFO - [2022-11-22T19:48:20.295+0000] {dag.py:2585} INFO - Sync 1 DAGs
[2022-11-22T19:48:20.317+0000] {logging_mixin.py:137} INFO - [2022-11-22T19:48:20.317+0000] {dag.py:3340} INFO - Setting next_dagrun for example_branch_dop_operator_v3 to 2022-11-22T19:47:00+00:00, run_after=2022-11-22T19:48:00+00:00
[2022-11-22T19:48:20.337+0000] {processor.py:176} INFO - Processing /home/airflow/.local/lib/python3.7/site-packages/airflow/example_dags/example_branch_python_dop_operator_3.py took 0.121 seconds
[2022-11-22T19:48:51.161+0000] {processor.py:154} INFO - Started process (PID=2740) to work on /home/airflow/.local/lib/python3.7/site-packages/airflow/example_dags/example_branch_python_dop_operator_3.py
[2022-11-22T19:48:51.163+0000] {processor.py:756} INFO - Processing file /home/airflow/.local/lib/python3.7/site-packages/airflow/example_dags/example_branch_python_dop_operator_3.py for tasks to queue
[2022-11-22T19:48:51.164+0000] {logging_mixin.py:137} INFO - [2022-11-22T19:48:51.164+0000] {dagbag.py:537} INFO - Filling up the DagBag from /home/airflow/.local/lib/python3.7/site-packages/airflow/example_dags/example_branch_python_dop_operator_3.py
[2022-11-22T19:48:51.181+0000] {processor.py:766} INFO - DAG(s) dict_keys(['example_branch_dop_operator_v3']) retrieved from /home/airflow/.local/lib/python3.7/site-packages/airflow/example_dags/example_branch_python_dop_operator_3.py
[2022-11-22T19:48:51.210+0000] {logging_mixin.py:137} INFO - [2022-11-22T19:48:51.210+0000] {dag.py:2585} INFO - Sync 1 DAGs
[2022-11-22T19:48:51.230+0000] {logging_mixin.py:137} INFO - [2022-11-22T19:48:51.229+0000] {dag.py:3340} INFO - Setting next_dagrun for example_branch_dop_operator_v3 to 2022-11-22T19:47:00+00:00, run_after=2022-11-22T19:48:00+00:00
[2022-11-22T19:48:51.243+0000] {processor.py:176} INFO - Processing /home/airflow/.local/lib/python3.7/site-packages/airflow/example_dags/example_branch_python_dop_operator_3.py took 0.084 seconds
[2022-11-22T19:49:21.329+0000] {processor.py:154} INFO - Started process (PID=2794) to work on /home/airflow/.local/lib/python3.7/site-packages/airflow/example_dags/example_branch_python_dop_operator_3.py
[2022-11-22T19:49:21.330+0000] {processor.py:756} INFO - Processing file /home/airflow/.local/lib/python3.7/site-packages/airflow/example_dags/example_branch_python_dop_operator_3.py for tasks to queue
[2022-11-22T19:49:21.332+0000] {logging_mixin.py:137} INFO - [2022-11-22T19:49:21.332+0000] {dagbag.py:537} INFO - Filling up the DagBag from /home/airflow/.local/lib/python3.7/site-packages/airflow/example_dags/example_branch_python_dop_operator_3.py
[2022-11-22T19:49:21.350+0000] {processor.py:766} INFO - DAG(s) dict_keys(['example_branch_dop_operator_v3']) retrieved from /home/airflow/.local/lib/python3.7/site-packages/airflow/example_dags/example_branch_python_dop_operator_3.py
[2022-11-22T19:49:21.381+0000] {logging_mixin.py:137} INFO - [2022-11-22T19:49:21.381+0000] {dag.py:2585} INFO - Sync 1 DAGs
[2022-11-22T19:49:21.401+0000] {logging_mixin.py:137} INFO - [2022-11-22T19:49:21.401+0000] {dag.py:3340} INFO - Setting next_dagrun for example_branch_dop_operator_v3 to 2022-11-22T19:48:00+00:00, run_after=2022-11-22T19:49:00+00:00
[2022-11-22T19:49:21.417+0000] {processor.py:176} INFO - Processing /home/airflow/.local/lib/python3.7/site-packages/airflow/example_dags/example_branch_python_dop_operator_3.py took 0.091 seconds
[2022-11-22T19:49:52.194+0000] {processor.py:154} INFO - Started process (PID=2857) to work on /home/airflow/.local/lib/python3.7/site-packages/airflow/example_dags/example_branch_python_dop_operator_3.py
[2022-11-22T19:49:52.196+0000] {processor.py:756} INFO - Processing file /home/airflow/.local/lib/python3.7/site-packages/airflow/example_dags/example_branch_python_dop_operator_3.py for tasks to queue
[2022-11-22T19:49:52.198+0000] {logging_mixin.py:137} INFO - [2022-11-22T19:49:52.197+0000] {dagbag.py:537} INFO - Filling up the DagBag from /home/airflow/.local/lib/python3.7/site-packages/airflow/example_dags/example_branch_python_dop_operator_3.py
[2022-11-22T19:49:52.214+0000] {processor.py:766} INFO - DAG(s) dict_keys(['example_branch_dop_operator_v3']) retrieved from /home/airflow/.local/lib/python3.7/site-packages/airflow/example_dags/example_branch_python_dop_operator_3.py
[2022-11-22T19:49:52.257+0000] {logging_mixin.py:137} INFO - [2022-11-22T19:49:52.256+0000] {dag.py:2585} INFO - Sync 1 DAGs
[2022-11-22T19:49:52.283+0000] {logging_mixin.py:137} INFO - [2022-11-22T19:49:52.283+0000] {dag.py:3340} INFO - Setting next_dagrun for example_branch_dop_operator_v3 to 2022-11-22T19:48:00+00:00, run_after=2022-11-22T19:49:00+00:00
[2022-11-22T19:49:52.301+0000] {processor.py:176} INFO - Processing /home/airflow/.local/lib/python3.7/site-packages/airflow/example_dags/example_branch_python_dop_operator_3.py took 0.111 seconds
[2022-11-22T19:50:23.042+0000] {processor.py:154} INFO - Started process (PID=2921) to work on /home/airflow/.local/lib/python3.7/site-packages/airflow/example_dags/example_branch_python_dop_operator_3.py
[2022-11-22T19:50:23.043+0000] {processor.py:756} INFO - Processing file /home/airflow/.local/lib/python3.7/site-packages/airflow/example_dags/example_branch_python_dop_operator_3.py for tasks to queue
[2022-11-22T19:50:23.044+0000] {logging_mixin.py:137} INFO - [2022-11-22T19:50:23.044+0000] {dagbag.py:537} INFO - Filling up the DagBag from /home/airflow/.local/lib/python3.7/site-packages/airflow/example_dags/example_branch_python_dop_operator_3.py
[2022-11-22T19:50:23.058+0000] {processor.py:766} INFO - DAG(s) dict_keys(['example_branch_dop_operator_v3']) retrieved from /home/airflow/.local/lib/python3.7/site-packages/airflow/example_dags/example_branch_python_dop_operator_3.py
[2022-11-22T19:50:23.085+0000] {logging_mixin.py:137} INFO - [2022-11-22T19:50:23.085+0000] {dag.py:2585} INFO - Sync 1 DAGs
[2022-11-22T19:50:23.104+0000] {logging_mixin.py:137} INFO - [2022-11-22T19:50:23.104+0000] {dag.py:3340} INFO - Setting next_dagrun for example_branch_dop_operator_v3 to 2022-11-22T19:49:00+00:00, run_after=2022-11-22T19:50:00+00:00
[2022-11-22T19:50:23.119+0000] {processor.py:176} INFO - Processing /home/airflow/.local/lib/python3.7/site-packages/airflow/example_dags/example_branch_python_dop_operator_3.py took 0.080 seconds
[2022-11-22T19:50:53.616+0000] {processor.py:154} INFO - Started process (PID=2984) to work on /home/airflow/.local/lib/python3.7/site-packages/airflow/example_dags/example_branch_python_dop_operator_3.py
[2022-11-22T19:50:53.629+0000] {processor.py:756} INFO - Processing file /home/airflow/.local/lib/python3.7/site-packages/airflow/example_dags/example_branch_python_dop_operator_3.py for tasks to queue
[2022-11-22T19:50:53.631+0000] {logging_mixin.py:137} INFO - [2022-11-22T19:50:53.631+0000] {dagbag.py:537} INFO - Filling up the DagBag from /home/airflow/.local/lib/python3.7/site-packages/airflow/example_dags/example_branch_python_dop_operator_3.py
[2022-11-22T19:50:53.646+0000] {processor.py:766} INFO - DAG(s) dict_keys(['example_branch_dop_operator_v3']) retrieved from /home/airflow/.local/lib/python3.7/site-packages/airflow/example_dags/example_branch_python_dop_operator_3.py
[2022-11-22T19:50:53.672+0000] {logging_mixin.py:137} INFO - [2022-11-22T19:50:53.672+0000] {dag.py:2585} INFO - Sync 1 DAGs
[2022-11-22T19:50:53.689+0000] {logging_mixin.py:137} INFO - [2022-11-22T19:50:53.689+0000] {dag.py:3340} INFO - Setting next_dagrun for example_branch_dop_operator_v3 to 2022-11-22T19:49:00+00:00, run_after=2022-11-22T19:50:00+00:00
[2022-11-22T19:50:53.704+0000] {processor.py:176} INFO - Processing /home/airflow/.local/lib/python3.7/site-packages/airflow/example_dags/example_branch_python_dop_operator_3.py took 0.090 seconds
[2022-11-22T19:51:24.439+0000] {processor.py:154} INFO - Started process (PID=3047) to work on /home/airflow/.local/lib/python3.7/site-packages/airflow/example_dags/example_branch_python_dop_operator_3.py
[2022-11-22T19:51:24.440+0000] {processor.py:756} INFO - Processing file /home/airflow/.local/lib/python3.7/site-packages/airflow/example_dags/example_branch_python_dop_operator_3.py for tasks to queue
[2022-11-22T19:51:24.441+0000] {logging_mixin.py:137} INFO - [2022-11-22T19:51:24.441+0000] {dagbag.py:537} INFO - Filling up the DagBag from /home/airflow/.local/lib/python3.7/site-packages/airflow/example_dags/example_branch_python_dop_operator_3.py
[2022-11-22T19:51:24.456+0000] {processor.py:766} INFO - DAG(s) dict_keys(['example_branch_dop_operator_v3']) retrieved from /home/airflow/.local/lib/python3.7/site-packages/airflow/example_dags/example_branch_python_dop_operator_3.py
[2022-11-22T19:51:24.482+0000] {logging_mixin.py:137} INFO - [2022-11-22T19:51:24.482+0000] {dag.py:2585} INFO - Sync 1 DAGs
[2022-11-22T19:51:24.502+0000] {logging_mixin.py:137} INFO - [2022-11-22T19:51:24.502+0000] {dag.py:3340} INFO - Setting next_dagrun for example_branch_dop_operator_v3 to 2022-11-22T19:50:00+00:00, run_after=2022-11-22T19:51:00+00:00
[2022-11-22T19:51:24.514+0000] {processor.py:176} INFO - Processing /home/airflow/.local/lib/python3.7/site-packages/airflow/example_dags/example_branch_python_dop_operator_3.py took 0.078 seconds
[2022-11-22T19:51:55.211+0000] {processor.py:154} INFO - Started process (PID=3101) to work on /home/airflow/.local/lib/python3.7/site-packages/airflow/example_dags/example_branch_python_dop_operator_3.py
[2022-11-22T19:51:55.213+0000] {processor.py:756} INFO - Processing file /home/airflow/.local/lib/python3.7/site-packages/airflow/example_dags/example_branch_python_dop_operator_3.py for tasks to queue
[2022-11-22T19:51:55.214+0000] {logging_mixin.py:137} INFO - [2022-11-22T19:51:55.214+0000] {dagbag.py:537} INFO - Filling up the DagBag from /home/airflow/.local/lib/python3.7/site-packages/airflow/example_dags/example_branch_python_dop_operator_3.py
[2022-11-22T19:51:55.232+0000] {processor.py:766} INFO - DAG(s) dict_keys(['example_branch_dop_operator_v3']) retrieved from /home/airflow/.local/lib/python3.7/site-packages/airflow/example_dags/example_branch_python_dop_operator_3.py
[2022-11-22T19:51:55.262+0000] {logging_mixin.py:137} INFO - [2022-11-22T19:51:55.262+0000] {dag.py:2585} INFO - Sync 1 DAGs
[2022-11-22T19:51:55.292+0000] {logging_mixin.py:137} INFO - [2022-11-22T19:51:55.292+0000] {dag.py:3340} INFO - Setting next_dagrun for example_branch_dop_operator_v3 to 2022-11-22T19:50:00+00:00, run_after=2022-11-22T19:51:00+00:00
[2022-11-22T19:51:55.308+0000] {processor.py:176} INFO - Processing /home/airflow/.local/lib/python3.7/site-packages/airflow/example_dags/example_branch_python_dop_operator_3.py took 0.099 seconds
[2022-11-22T19:52:26.405+0000] {processor.py:154} INFO - Started process (PID=3163) to work on /home/airflow/.local/lib/python3.7/site-packages/airflow/example_dags/example_branch_python_dop_operator_3.py
[2022-11-22T19:52:26.407+0000] {processor.py:756} INFO - Processing file /home/airflow/.local/lib/python3.7/site-packages/airflow/example_dags/example_branch_python_dop_operator_3.py for tasks to queue
[2022-11-22T19:52:26.408+0000] {logging_mixin.py:137} INFO - [2022-11-22T19:52:26.408+0000] {dagbag.py:537} INFO - Filling up the DagBag from /home/airflow/.local/lib/python3.7/site-packages/airflow/example_dags/example_branch_python_dop_operator_3.py
[2022-11-22T19:52:26.423+0000] {processor.py:766} INFO - DAG(s) dict_keys(['example_branch_dop_operator_v3']) retrieved from /home/airflow/.local/lib/python3.7/site-packages/airflow/example_dags/example_branch_python_dop_operator_3.py
[2022-11-22T19:52:26.450+0000] {logging_mixin.py:137} INFO - [2022-11-22T19:52:26.450+0000] {dag.py:2585} INFO - Sync 1 DAGs
[2022-11-22T19:52:26.468+0000] {logging_mixin.py:137} INFO - [2022-11-22T19:52:26.468+0000] {dag.py:3340} INFO - Setting next_dagrun for example_branch_dop_operator_v3 to 2022-11-22T19:51:00+00:00, run_after=2022-11-22T19:52:00+00:00
[2022-11-22T19:52:26.484+0000] {processor.py:176} INFO - Processing /home/airflow/.local/lib/python3.7/site-packages/airflow/example_dags/example_branch_python_dop_operator_3.py took 0.082 seconds
[2022-11-22T19:52:57.526+0000] {processor.py:154} INFO - Started process (PID=3225) to work on /home/airflow/.local/lib/python3.7/site-packages/airflow/example_dags/example_branch_python_dop_operator_3.py
[2022-11-22T19:52:57.528+0000] {processor.py:756} INFO - Processing file /home/airflow/.local/lib/python3.7/site-packages/airflow/example_dags/example_branch_python_dop_operator_3.py for tasks to queue
[2022-11-22T19:52:57.529+0000] {logging_mixin.py:137} INFO - [2022-11-22T19:52:57.529+0000] {dagbag.py:537} INFO - Filling up the DagBag from /home/airflow/.local/lib/python3.7/site-packages/airflow/example_dags/example_branch_python_dop_operator_3.py
[2022-11-22T19:52:57.543+0000] {processor.py:766} INFO - DAG(s) dict_keys(['example_branch_dop_operator_v3']) retrieved from /home/airflow/.local/lib/python3.7/site-packages/airflow/example_dags/example_branch_python_dop_operator_3.py
[2022-11-22T19:52:57.571+0000] {logging_mixin.py:137} INFO - [2022-11-22T19:52:57.570+0000] {dag.py:2585} INFO - Sync 1 DAGs
[2022-11-22T19:52:57.589+0000] {logging_mixin.py:137} INFO - [2022-11-22T19:52:57.589+0000] {dag.py:3340} INFO - Setting next_dagrun for example_branch_dop_operator_v3 to 2022-11-22T19:51:00+00:00, run_after=2022-11-22T19:52:00+00:00
[2022-11-22T19:52:57.602+0000] {processor.py:176} INFO - Processing /home/airflow/.local/lib/python3.7/site-packages/airflow/example_dags/example_branch_python_dop_operator_3.py took 0.079 seconds
[2022-11-22T19:53:28.685+0000] {processor.py:154} INFO - Started process (PID=3288) to work on /home/airflow/.local/lib/python3.7/site-packages/airflow/example_dags/example_branch_python_dop_operator_3.py
[2022-11-22T19:53:28.687+0000] {processor.py:756} INFO - Processing file /home/airflow/.local/lib/python3.7/site-packages/airflow/example_dags/example_branch_python_dop_operator_3.py for tasks to queue
[2022-11-22T19:53:28.689+0000] {logging_mixin.py:137} INFO - [2022-11-22T19:53:28.689+0000] {dagbag.py:537} INFO - Filling up the DagBag from /home/airflow/.local/lib/python3.7/site-packages/airflow/example_dags/example_branch_python_dop_operator_3.py
[2022-11-22T19:53:28.704+0000] {processor.py:766} INFO - DAG(s) dict_keys(['example_branch_dop_operator_v3']) retrieved from /home/airflow/.local/lib/python3.7/site-packages/airflow/example_dags/example_branch_python_dop_operator_3.py
[2022-11-22T19:53:28.737+0000] {logging_mixin.py:137} INFO - [2022-11-22T19:53:28.737+0000] {dag.py:2585} INFO - Sync 1 DAGs
[2022-11-22T19:53:28.757+0000] {logging_mixin.py:137} INFO - [2022-11-22T19:53:28.757+0000] {dag.py:3340} INFO - Setting next_dagrun for example_branch_dop_operator_v3 to 2022-11-22T19:52:00+00:00, run_after=2022-11-22T19:53:00+00:00
[2022-11-22T19:53:28.770+0000] {processor.py:176} INFO - Processing /home/airflow/.local/lib/python3.7/site-packages/airflow/example_dags/example_branch_python_dop_operator_3.py took 0.088 seconds
[2022-11-22T19:53:59.343+0000] {processor.py:154} INFO - Started process (PID=3351) to work on /home/airflow/.local/lib/python3.7/site-packages/airflow/example_dags/example_branch_python_dop_operator_3.py
[2022-11-22T19:53:59.344+0000] {processor.py:756} INFO - Processing file /home/airflow/.local/lib/python3.7/site-packages/airflow/example_dags/example_branch_python_dop_operator_3.py for tasks to queue
[2022-11-22T19:53:59.345+0000] {logging_mixin.py:137} INFO - [2022-11-22T19:53:59.345+0000] {dagbag.py:537} INFO - Filling up the DagBag from /home/airflow/.local/lib/python3.7/site-packages/airflow/example_dags/example_branch_python_dop_operator_3.py
[2022-11-22T19:53:59.365+0000] {processor.py:766} INFO - DAG(s) dict_keys(['example_branch_dop_operator_v3']) retrieved from /home/airflow/.local/lib/python3.7/site-packages/airflow/example_dags/example_branch_python_dop_operator_3.py
[2022-11-22T19:53:59.394+0000] {logging_mixin.py:137} INFO - [2022-11-22T19:53:59.394+0000] {dag.py:2585} INFO - Sync 1 DAGs
[2022-11-22T19:53:59.412+0000] {logging_mixin.py:137} INFO - [2022-11-22T19:53:59.412+0000] {dag.py:3340} INFO - Setting next_dagrun for example_branch_dop_operator_v3 to 2022-11-22T19:52:00+00:00, run_after=2022-11-22T19:53:00+00:00
[2022-11-22T19:53:59.429+0000] {processor.py:176} INFO - Processing /home/airflow/.local/lib/python3.7/site-packages/airflow/example_dags/example_branch_python_dop_operator_3.py took 0.089 seconds
[2022-11-22T19:54:30.402+0000] {processor.py:154} INFO - Started process (PID=3405) to work on /home/airflow/.local/lib/python3.7/site-packages/airflow/example_dags/example_branch_python_dop_operator_3.py
[2022-11-22T19:54:30.403+0000] {processor.py:756} INFO - Processing file /home/airflow/.local/lib/python3.7/site-packages/airflow/example_dags/example_branch_python_dop_operator_3.py for tasks to queue
[2022-11-22T19:54:30.404+0000] {logging_mixin.py:137} INFO - [2022-11-22T19:54:30.404+0000] {dagbag.py:537} INFO - Filling up the DagBag from /home/airflow/.local/lib/python3.7/site-packages/airflow/example_dags/example_branch_python_dop_operator_3.py
[2022-11-22T19:54:30.423+0000] {processor.py:766} INFO - DAG(s) dict_keys(['example_branch_dop_operator_v3']) retrieved from /home/airflow/.local/lib/python3.7/site-packages/airflow/example_dags/example_branch_python_dop_operator_3.py
[2022-11-22T19:54:30.451+0000] {logging_mixin.py:137} INFO - [2022-11-22T19:54:30.450+0000] {dag.py:2585} INFO - Sync 1 DAGs
[2022-11-22T19:54:30.467+0000] {logging_mixin.py:137} INFO - [2022-11-22T19:54:30.467+0000] {dag.py:3340} INFO - Setting next_dagrun for example_branch_dop_operator_v3 to 2022-11-22T19:53:00+00:00, run_after=2022-11-22T19:54:00+00:00
[2022-11-22T19:54:30.481+0000] {processor.py:176} INFO - Processing /home/airflow/.local/lib/python3.7/site-packages/airflow/example_dags/example_branch_python_dop_operator_3.py took 0.081 seconds
[2022-11-22T19:55:00.892+0000] {processor.py:154} INFO - Started process (PID=3467) to work on /home/airflow/.local/lib/python3.7/site-packages/airflow/example_dags/example_branch_python_dop_operator_3.py
[2022-11-22T19:55:00.896+0000] {processor.py:756} INFO - Processing file /home/airflow/.local/lib/python3.7/site-packages/airflow/example_dags/example_branch_python_dop_operator_3.py for tasks to queue
[2022-11-22T19:55:00.897+0000] {logging_mixin.py:137} INFO - [2022-11-22T19:55:00.897+0000] {dagbag.py:537} INFO - Filling up the DagBag from /home/airflow/.local/lib/python3.7/site-packages/airflow/example_dags/example_branch_python_dop_operator_3.py
[2022-11-22T19:55:00.911+0000] {processor.py:766} INFO - DAG(s) dict_keys(['example_branch_dop_operator_v3']) retrieved from /home/airflow/.local/lib/python3.7/site-packages/airflow/example_dags/example_branch_python_dop_operator_3.py
[2022-11-22T19:55:00.938+0000] {logging_mixin.py:137} INFO - [2022-11-22T19:55:00.938+0000] {dag.py:2585} INFO - Sync 1 DAGs
[2022-11-22T19:55:00.956+0000] {logging_mixin.py:137} INFO - [2022-11-22T19:55:00.956+0000] {dag.py:3340} INFO - Setting next_dagrun for example_branch_dop_operator_v3 to 2022-11-22T19:54:00+00:00, run_after=2022-11-22T19:55:00+00:00
[2022-11-22T19:55:00.971+0000] {processor.py:176} INFO - Processing /home/airflow/.local/lib/python3.7/site-packages/airflow/example_dags/example_branch_python_dop_operator_3.py took 0.081 seconds
[2022-11-22T19:55:31.918+0000] {processor.py:154} INFO - Started process (PID=3530) to work on /home/airflow/.local/lib/python3.7/site-packages/airflow/example_dags/example_branch_python_dop_operator_3.py
[2022-11-22T19:55:31.919+0000] {processor.py:756} INFO - Processing file /home/airflow/.local/lib/python3.7/site-packages/airflow/example_dags/example_branch_python_dop_operator_3.py for tasks to queue
[2022-11-22T19:55:31.920+0000] {logging_mixin.py:137} INFO - [2022-11-22T19:55:31.920+0000] {dagbag.py:537} INFO - Filling up the DagBag from /home/airflow/.local/lib/python3.7/site-packages/airflow/example_dags/example_branch_python_dop_operator_3.py
[2022-11-22T19:55:31.938+0000] {processor.py:766} INFO - DAG(s) dict_keys(['example_branch_dop_operator_v3']) retrieved from /home/airflow/.local/lib/python3.7/site-packages/airflow/example_dags/example_branch_python_dop_operator_3.py
[2022-11-22T19:55:31.976+0000] {logging_mixin.py:137} INFO - [2022-11-22T19:55:31.976+0000] {dag.py:2585} INFO - Sync 1 DAGs
[2022-11-22T19:55:32.001+0000] {logging_mixin.py:137} INFO - [2022-11-22T19:55:32.001+0000] {dag.py:3340} INFO - Setting next_dagrun for example_branch_dop_operator_v3 to 2022-11-22T19:54:00+00:00, run_after=2022-11-22T19:55:00+00:00
[2022-11-22T19:55:32.019+0000] {processor.py:176} INFO - Processing /home/airflow/.local/lib/python3.7/site-packages/airflow/example_dags/example_branch_python_dop_operator_3.py took 0.103 seconds
[2022-11-22T19:56:02.482+0000] {processor.py:154} INFO - Started process (PID=3594) to work on /home/airflow/.local/lib/python3.7/site-packages/airflow/example_dags/example_branch_python_dop_operator_3.py
[2022-11-22T19:56:02.484+0000] {processor.py:756} INFO - Processing file /home/airflow/.local/lib/python3.7/site-packages/airflow/example_dags/example_branch_python_dop_operator_3.py for tasks to queue
[2022-11-22T19:56:02.485+0000] {logging_mixin.py:137} INFO - [2022-11-22T19:56:02.485+0000] {dagbag.py:537} INFO - Filling up the DagBag from /home/airflow/.local/lib/python3.7/site-packages/airflow/example_dags/example_branch_python_dop_operator_3.py
[2022-11-22T19:56:02.505+0000] {processor.py:766} INFO - DAG(s) dict_keys(['example_branch_dop_operator_v3']) retrieved from /home/airflow/.local/lib/python3.7/site-packages/airflow/example_dags/example_branch_python_dop_operator_3.py
[2022-11-22T19:56:02.541+0000] {logging_mixin.py:137} INFO - [2022-11-22T19:56:02.541+0000] {dag.py:2585} INFO - Sync 1 DAGs
[2022-11-22T19:56:02.571+0000] {logging_mixin.py:137} INFO - [2022-11-22T19:56:02.571+0000] {dag.py:3340} INFO - Setting next_dagrun for example_branch_dop_operator_v3 to 2022-11-22T19:55:00+00:00, run_after=2022-11-22T19:56:00+00:00
[2022-11-22T19:56:02.589+0000] {processor.py:176} INFO - Processing /home/airflow/.local/lib/python3.7/site-packages/airflow/example_dags/example_branch_python_dop_operator_3.py took 0.110 seconds
[2022-11-22T19:56:33.040+0000] {processor.py:154} INFO - Started process (PID=3647) to work on /home/airflow/.local/lib/python3.7/site-packages/airflow/example_dags/example_branch_python_dop_operator_3.py
[2022-11-22T19:56:33.042+0000] {processor.py:756} INFO - Processing file /home/airflow/.local/lib/python3.7/site-packages/airflow/example_dags/example_branch_python_dop_operator_3.py for tasks to queue
[2022-11-22T19:56:33.043+0000] {logging_mixin.py:137} INFO - [2022-11-22T19:56:33.043+0000] {dagbag.py:537} INFO - Filling up the DagBag from /home/airflow/.local/lib/python3.7/site-packages/airflow/example_dags/example_branch_python_dop_operator_3.py
[2022-11-22T19:56:33.058+0000] {processor.py:766} INFO - DAG(s) dict_keys(['example_branch_dop_operator_v3']) retrieved from /home/airflow/.local/lib/python3.7/site-packages/airflow/example_dags/example_branch_python_dop_operator_3.py
[2022-11-22T19:56:33.089+0000] {logging_mixin.py:137} INFO - [2022-11-22T19:56:33.089+0000] {dag.py:2585} INFO - Sync 1 DAGs
[2022-11-22T19:56:33.107+0000] {logging_mixin.py:137} INFO - [2022-11-22T19:56:33.107+0000] {dag.py:3340} INFO - Setting next_dagrun for example_branch_dop_operator_v3 to 2022-11-22T19:55:00+00:00, run_after=2022-11-22T19:56:00+00:00
[2022-11-22T19:56:33.120+0000] {processor.py:176} INFO - Processing /home/airflow/.local/lib/python3.7/site-packages/airflow/example_dags/example_branch_python_dop_operator_3.py took 0.082 seconds
[2022-11-22T19:57:04.444+0000] {processor.py:154} INFO - Started process (PID=3710) to work on /home/airflow/.local/lib/python3.7/site-packages/airflow/example_dags/example_branch_python_dop_operator_3.py
[2022-11-22T19:57:04.446+0000] {processor.py:756} INFO - Processing file /home/airflow/.local/lib/python3.7/site-packages/airflow/example_dags/example_branch_python_dop_operator_3.py for tasks to queue
[2022-11-22T19:57:04.447+0000] {logging_mixin.py:137} INFO - [2022-11-22T19:57:04.447+0000] {dagbag.py:537} INFO - Filling up the DagBag from /home/airflow/.local/lib/python3.7/site-packages/airflow/example_dags/example_branch_python_dop_operator_3.py
[2022-11-22T19:57:04.473+0000] {processor.py:766} INFO - DAG(s) dict_keys(['example_branch_dop_operator_v3']) retrieved from /home/airflow/.local/lib/python3.7/site-packages/airflow/example_dags/example_branch_python_dop_operator_3.py
[2022-11-22T19:57:04.532+0000] {logging_mixin.py:137} INFO - [2022-11-22T19:57:04.532+0000] {dag.py:2585} INFO - Sync 1 DAGs
[2022-11-22T19:57:04.563+0000] {logging_mixin.py:137} INFO - [2022-11-22T19:57:04.563+0000] {dag.py:3340} INFO - Setting next_dagrun for example_branch_dop_operator_v3 to 2022-11-22T19:56:00+00:00, run_after=2022-11-22T19:57:00+00:00
[2022-11-22T19:57:04.579+0000] {processor.py:176} INFO - Processing /home/airflow/.local/lib/python3.7/site-packages/airflow/example_dags/example_branch_python_dop_operator_3.py took 0.140 seconds
[2022-11-22T20:30:51.374+0000] {processor.py:154} INFO - Started process (PID=3774) to work on /home/airflow/.local/lib/python3.7/site-packages/airflow/example_dags/example_branch_python_dop_operator_3.py
[2022-11-22T20:30:51.377+0000] {processor.py:756} INFO - Processing file /home/airflow/.local/lib/python3.7/site-packages/airflow/example_dags/example_branch_python_dop_operator_3.py for tasks to queue
[2022-11-22T20:30:51.379+0000] {logging_mixin.py:137} INFO - [2022-11-22T20:30:51.379+0000] {dagbag.py:537} INFO - Filling up the DagBag from /home/airflow/.local/lib/python3.7/site-packages/airflow/example_dags/example_branch_python_dop_operator_3.py
[2022-11-22T20:30:51.401+0000] {processor.py:766} INFO - DAG(s) dict_keys(['example_branch_dop_operator_v3']) retrieved from /home/airflow/.local/lib/python3.7/site-packages/airflow/example_dags/example_branch_python_dop_operator_3.py
[2022-11-22T20:30:51.449+0000] {logging_mixin.py:137} INFO - [2022-11-22T20:30:51.449+0000] {dag.py:2585} INFO - Sync 1 DAGs
[2022-11-22T20:30:51.470+0000] {logging_mixin.py:137} INFO - [2022-11-22T20:30:51.469+0000] {dag.py:3340} INFO - Setting next_dagrun for example_branch_dop_operator_v3 to 2022-11-22T20:29:00+00:00, run_after=2022-11-22T20:30:00+00:00
[2022-11-22T20:30:51.484+0000] {processor.py:176} INFO - Processing /home/airflow/.local/lib/python3.7/site-packages/airflow/example_dags/example_branch_python_dop_operator_3.py took 0.113 seconds
[2022-11-22T21:34:47.904+0000] {processor.py:154} INFO - Started process (PID=3828) to work on /home/airflow/.local/lib/python3.7/site-packages/airflow/example_dags/example_branch_python_dop_operator_3.py
[2022-11-22T21:34:47.906+0000] {processor.py:756} INFO - Processing file /home/airflow/.local/lib/python3.7/site-packages/airflow/example_dags/example_branch_python_dop_operator_3.py for tasks to queue
[2022-11-22T21:34:47.908+0000] {logging_mixin.py:137} INFO - [2022-11-22T21:34:47.908+0000] {dagbag.py:537} INFO - Filling up the DagBag from /home/airflow/.local/lib/python3.7/site-packages/airflow/example_dags/example_branch_python_dop_operator_3.py
[2022-11-22T21:34:47.932+0000] {processor.py:766} INFO - DAG(s) dict_keys(['example_branch_dop_operator_v3']) retrieved from /home/airflow/.local/lib/python3.7/site-packages/airflow/example_dags/example_branch_python_dop_operator_3.py
[2022-11-22T21:34:47.982+0000] {logging_mixin.py:137} INFO - [2022-11-22T21:34:47.982+0000] {dag.py:2585} INFO - Sync 1 DAGs
[2022-11-22T21:34:48.015+0000] {logging_mixin.py:137} INFO - [2022-11-22T21:34:48.014+0000] {dag.py:3340} INFO - Setting next_dagrun for example_branch_dop_operator_v3 to 2022-11-22T21:33:00+00:00, run_after=2022-11-22T21:34:00+00:00
[2022-11-22T21:34:48.038+0000] {processor.py:176} INFO - Processing /home/airflow/.local/lib/python3.7/site-packages/airflow/example_dags/example_branch_python_dop_operator_3.py took 0.138 seconds
[2022-11-22T22:39:28.647+0000] {processor.py:154} INFO - Started process (PID=3892) to work on /home/airflow/.local/lib/python3.7/site-packages/airflow/example_dags/example_branch_python_dop_operator_3.py
[2022-11-22T22:39:28.648+0000] {processor.py:756} INFO - Processing file /home/airflow/.local/lib/python3.7/site-packages/airflow/example_dags/example_branch_python_dop_operator_3.py for tasks to queue
[2022-11-22T22:39:28.650+0000] {logging_mixin.py:137} INFO - [2022-11-22T22:39:28.650+0000] {dagbag.py:537} INFO - Filling up the DagBag from /home/airflow/.local/lib/python3.7/site-packages/airflow/example_dags/example_branch_python_dop_operator_3.py
[2022-11-22T22:39:28.672+0000] {processor.py:766} INFO - DAG(s) dict_keys(['example_branch_dop_operator_v3']) retrieved from /home/airflow/.local/lib/python3.7/site-packages/airflow/example_dags/example_branch_python_dop_operator_3.py
[2022-11-22T22:39:28.713+0000] {logging_mixin.py:137} INFO - [2022-11-22T22:39:28.713+0000] {dag.py:2585} INFO - Sync 1 DAGs
[2022-11-22T22:39:28.736+0000] {logging_mixin.py:137} INFO - [2022-11-22T22:39:28.735+0000] {dag.py:3340} INFO - Setting next_dagrun for example_branch_dop_operator_v3 to 2022-11-22T22:38:00+00:00, run_after=2022-11-22T22:39:00+00:00
[2022-11-22T22:39:28.750+0000] {processor.py:176} INFO - Processing /home/airflow/.local/lib/python3.7/site-packages/airflow/example_dags/example_branch_python_dop_operator_3.py took 0.106 seconds
[2022-11-22T23:47:24.554+0000] {processor.py:154} INFO - Started process (PID=3946) to work on /home/airflow/.local/lib/python3.7/site-packages/airflow/example_dags/example_branch_python_dop_operator_3.py
[2022-11-22T23:47:24.558+0000] {processor.py:756} INFO - Processing file /home/airflow/.local/lib/python3.7/site-packages/airflow/example_dags/example_branch_python_dop_operator_3.py for tasks to queue
[2022-11-22T23:47:24.560+0000] {logging_mixin.py:137} INFO - [2022-11-22T23:47:24.560+0000] {dagbag.py:537} INFO - Filling up the DagBag from /home/airflow/.local/lib/python3.7/site-packages/airflow/example_dags/example_branch_python_dop_operator_3.py
[2022-11-22T23:47:24.637+0000] {processor.py:766} INFO - DAG(s) dict_keys(['example_branch_dop_operator_v3']) retrieved from /home/airflow/.local/lib/python3.7/site-packages/airflow/example_dags/example_branch_python_dop_operator_3.py
[2022-11-22T23:47:24.802+0000] {logging_mixin.py:137} INFO - [2022-11-22T23:47:24.802+0000] {dag.py:2585} INFO - Sync 1 DAGs
[2022-11-22T23:47:24.878+0000] {logging_mixin.py:137} INFO - [2022-11-22T23:47:24.878+0000] {dag.py:3340} INFO - Setting next_dagrun for example_branch_dop_operator_v3 to 2022-11-22T23:46:00+00:00, run_after=2022-11-22T23:47:00+00:00
[2022-11-22T23:47:24.919+0000] {processor.py:176} INFO - Processing /home/airflow/.local/lib/python3.7/site-packages/airflow/example_dags/example_branch_python_dop_operator_3.py took 0.371 seconds
