[2022-11-22T19:26:23.995+0000] {processor.py:154} INFO - Started process (PID=60) to work on /home/airflow/.local/lib/python3.7/site-packages/airflow/example_dags/example_xcomargs.py
[2022-11-22T19:26:24.000+0000] {processor.py:756} INFO - Processing file /home/airflow/.local/lib/python3.7/site-packages/airflow/example_dags/example_xcomargs.py for tasks to queue
[2022-11-22T19:26:24.004+0000] {logging_mixin.py:137} INFO - [2022-11-22T19:26:24.003+0000] {dagbag.py:537} INFO - Filling up the DagBag from /home/airflow/.local/lib/python3.7/site-packages/airflow/example_dags/example_xcomargs.py
[2022-11-22T19:26:24.076+0000] {processor.py:766} INFO - DAG(s) dict_keys(['example_xcom_args', 'example_xcom_args_with_operators']) retrieved from /home/airflow/.local/lib/python3.7/site-packages/airflow/example_dags/example_xcomargs.py
[2022-11-22T19:26:24.620+0000] {logging_mixin.py:137} INFO - [2022-11-22T19:26:24.618+0000] {manager.py:507} INFO - Created Permission View: can delete on DAG:example_xcom_args
[2022-11-22T19:26:24.648+0000] {logging_mixin.py:137} INFO - [2022-11-22T19:26:24.648+0000] {manager.py:507} INFO - Created Permission View: can read on DAG:example_xcom_args
[2022-11-22T19:26:24.664+0000] {logging_mixin.py:137} INFO - [2022-11-22T19:26:24.664+0000] {manager.py:507} INFO - Created Permission View: can edit on DAG:example_xcom_args
[2022-11-22T19:26:24.771+0000] {logging_mixin.py:137} INFO - [2022-11-22T19:26:24.771+0000] {manager.py:507} INFO - Created Permission View: can delete on DAG:example_xcom_args_with_operators
[2022-11-22T19:26:24.805+0000] {logging_mixin.py:137} INFO - [2022-11-22T19:26:24.804+0000] {manager.py:507} INFO - Created Permission View: can read on DAG:example_xcom_args_with_operators
[2022-11-22T19:26:24.820+0000] {logging_mixin.py:137} INFO - [2022-11-22T19:26:24.819+0000] {manager.py:507} INFO - Created Permission View: can edit on DAG:example_xcom_args_with_operators
[2022-11-22T19:26:24.821+0000] {logging_mixin.py:137} INFO - [2022-11-22T19:26:24.821+0000] {dag.py:2585} INFO - Sync 2 DAGs
[2022-11-22T19:26:24.839+0000] {logging_mixin.py:137} INFO - [2022-11-22T19:26:24.839+0000] {dag.py:2606} INFO - Creating ORM DAG for example_xcom_args
[2022-11-22T19:26:24.840+0000] {logging_mixin.py:137} INFO - [2022-11-22T19:26:24.840+0000] {dag.py:2606} INFO - Creating ORM DAG for example_xcom_args_with_operators
[2022-11-22T19:26:24.851+0000] {logging_mixin.py:137} INFO - [2022-11-22T19:26:24.851+0000] {dag.py:3340} INFO - Setting next_dagrun for example_xcom_args to None, run_after=None
[2022-11-22T19:26:24.852+0000] {logging_mixin.py:137} INFO - [2022-11-22T19:26:24.852+0000] {dag.py:3340} INFO - Setting next_dagrun for example_xcom_args_with_operators to None, run_after=None
[2022-11-22T19:26:24.880+0000] {processor.py:176} INFO - Processing /home/airflow/.local/lib/python3.7/site-packages/airflow/example_dags/example_xcomargs.py took 0.909 seconds
[2022-11-22T19:26:55.911+0000] {processor.py:154} INFO - Started process (PID=123) to work on /home/airflow/.local/lib/python3.7/site-packages/airflow/example_dags/example_xcomargs.py
[2022-11-22T19:26:55.916+0000] {processor.py:756} INFO - Processing file /home/airflow/.local/lib/python3.7/site-packages/airflow/example_dags/example_xcomargs.py for tasks to queue
[2022-11-22T19:26:55.919+0000] {logging_mixin.py:137} INFO - [2022-11-22T19:26:55.919+0000] {dagbag.py:537} INFO - Filling up the DagBag from /home/airflow/.local/lib/python3.7/site-packages/airflow/example_dags/example_xcomargs.py
[2022-11-22T19:26:55.950+0000] {processor.py:766} INFO - DAG(s) dict_keys(['example_xcom_args', 'example_xcom_args_with_operators']) retrieved from /home/airflow/.local/lib/python3.7/site-packages/airflow/example_dags/example_xcomargs.py
[2022-11-22T19:26:55.993+0000] {logging_mixin.py:137} INFO - [2022-11-22T19:26:55.992+0000] {dag.py:2585} INFO - Sync 2 DAGs
[2022-11-22T19:26:56.013+0000] {logging_mixin.py:137} INFO - [2022-11-22T19:26:56.013+0000] {dag.py:3340} INFO - Setting next_dagrun for example_xcom_args to None, run_after=None
[2022-11-22T19:26:56.021+0000] {logging_mixin.py:137} INFO - [2022-11-22T19:26:56.021+0000] {dag.py:3340} INFO - Setting next_dagrun for example_xcom_args_with_operators to None, run_after=None
[2022-11-22T19:26:56.048+0000] {processor.py:176} INFO - Processing /home/airflow/.local/lib/python3.7/site-packages/airflow/example_dags/example_xcomargs.py took 0.147 seconds
[2022-11-22T19:27:26.105+0000] {processor.py:154} INFO - Started process (PID=189) to work on /home/airflow/.local/lib/python3.7/site-packages/airflow/example_dags/example_xcomargs.py
[2022-11-22T19:27:26.108+0000] {processor.py:756} INFO - Processing file /home/airflow/.local/lib/python3.7/site-packages/airflow/example_dags/example_xcomargs.py for tasks to queue
[2022-11-22T19:27:26.109+0000] {logging_mixin.py:137} INFO - [2022-11-22T19:27:26.109+0000] {dagbag.py:537} INFO - Filling up the DagBag from /home/airflow/.local/lib/python3.7/site-packages/airflow/example_dags/example_xcomargs.py
[2022-11-22T19:27:26.143+0000] {processor.py:766} INFO - DAG(s) dict_keys(['example_xcom_args_with_operators', 'example_xcom_args']) retrieved from /home/airflow/.local/lib/python3.7/site-packages/airflow/example_dags/example_xcomargs.py
[2022-11-22T19:27:26.240+0000] {logging_mixin.py:137} INFO - [2022-11-22T19:27:26.239+0000] {dag.py:2585} INFO - Sync 2 DAGs
[2022-11-22T19:27:26.285+0000] {logging_mixin.py:137} INFO - [2022-11-22T19:27:26.285+0000] {dag.py:3340} INFO - Setting next_dagrun for example_xcom_args to None, run_after=None
[2022-11-22T19:27:26.306+0000] {logging_mixin.py:137} INFO - [2022-11-22T19:27:26.306+0000] {dag.py:3340} INFO - Setting next_dagrun for example_xcom_args_with_operators to None, run_after=None
[2022-11-22T19:27:26.338+0000] {processor.py:176} INFO - Processing /home/airflow/.local/lib/python3.7/site-packages/airflow/example_dags/example_xcomargs.py took 0.236 seconds
[2022-11-22T19:27:56.571+0000] {processor.py:154} INFO - Started process (PID=242) to work on /home/airflow/.local/lib/python3.7/site-packages/airflow/example_dags/example_xcomargs.py
[2022-11-22T19:27:56.575+0000] {processor.py:756} INFO - Processing file /home/airflow/.local/lib/python3.7/site-packages/airflow/example_dags/example_xcomargs.py for tasks to queue
[2022-11-22T19:27:56.577+0000] {logging_mixin.py:137} INFO - [2022-11-22T19:27:56.577+0000] {dagbag.py:537} INFO - Filling up the DagBag from /home/airflow/.local/lib/python3.7/site-packages/airflow/example_dags/example_xcomargs.py
[2022-11-22T19:27:56.607+0000] {processor.py:766} INFO - DAG(s) dict_keys(['example_xcom_args', 'example_xcom_args_with_operators']) retrieved from /home/airflow/.local/lib/python3.7/site-packages/airflow/example_dags/example_xcomargs.py
[2022-11-22T19:27:56.650+0000] {logging_mixin.py:137} INFO - [2022-11-22T19:27:56.650+0000] {dag.py:2585} INFO - Sync 2 DAGs
[2022-11-22T19:27:56.667+0000] {logging_mixin.py:137} INFO - [2022-11-22T19:27:56.667+0000] {dag.py:3340} INFO - Setting next_dagrun for example_xcom_args to None, run_after=None
[2022-11-22T19:27:56.671+0000] {logging_mixin.py:137} INFO - [2022-11-22T19:27:56.670+0000] {dag.py:3340} INFO - Setting next_dagrun for example_xcom_args_with_operators to None, run_after=None
[2022-11-22T19:27:56.681+0000] {processor.py:176} INFO - Processing /home/airflow/.local/lib/python3.7/site-packages/airflow/example_dags/example_xcomargs.py took 0.121 seconds
[2022-11-22T19:28:27.108+0000] {processor.py:154} INFO - Started process (PID=304) to work on /home/airflow/.local/lib/python3.7/site-packages/airflow/example_dags/example_xcomargs.py
[2022-11-22T19:28:27.111+0000] {processor.py:756} INFO - Processing file /home/airflow/.local/lib/python3.7/site-packages/airflow/example_dags/example_xcomargs.py for tasks to queue
[2022-11-22T19:28:27.114+0000] {logging_mixin.py:137} INFO - [2022-11-22T19:28:27.114+0000] {dagbag.py:537} INFO - Filling up the DagBag from /home/airflow/.local/lib/python3.7/site-packages/airflow/example_dags/example_xcomargs.py
[2022-11-22T19:28:27.138+0000] {processor.py:766} INFO - DAG(s) dict_keys(['example_xcom_args', 'example_xcom_args_with_operators']) retrieved from /home/airflow/.local/lib/python3.7/site-packages/airflow/example_dags/example_xcomargs.py
[2022-11-22T19:28:27.168+0000] {logging_mixin.py:137} INFO - [2022-11-22T19:28:27.168+0000] {dag.py:2585} INFO - Sync 2 DAGs
[2022-11-22T19:28:27.183+0000] {logging_mixin.py:137} INFO - [2022-11-22T19:28:27.183+0000] {dag.py:3340} INFO - Setting next_dagrun for example_xcom_args to None, run_after=None
[2022-11-22T19:28:27.187+0000] {logging_mixin.py:137} INFO - [2022-11-22T19:28:27.187+0000] {dag.py:3340} INFO - Setting next_dagrun for example_xcom_args_with_operators to None, run_after=None
[2022-11-22T19:28:27.199+0000] {processor.py:176} INFO - Processing /home/airflow/.local/lib/python3.7/site-packages/airflow/example_dags/example_xcomargs.py took 0.098 seconds
[2022-11-22T19:28:57.290+0000] {processor.py:154} INFO - Started process (PID=367) to work on /home/airflow/.local/lib/python3.7/site-packages/airflow/example_dags/example_xcomargs.py
[2022-11-22T19:28:57.295+0000] {processor.py:756} INFO - Processing file /home/airflow/.local/lib/python3.7/site-packages/airflow/example_dags/example_xcomargs.py for tasks to queue
[2022-11-22T19:28:57.297+0000] {logging_mixin.py:137} INFO - [2022-11-22T19:28:57.297+0000] {dagbag.py:537} INFO - Filling up the DagBag from /home/airflow/.local/lib/python3.7/site-packages/airflow/example_dags/example_xcomargs.py
[2022-11-22T19:28:57.325+0000] {processor.py:766} INFO - DAG(s) dict_keys(['example_xcom_args_with_operators', 'example_xcom_args']) retrieved from /home/airflow/.local/lib/python3.7/site-packages/airflow/example_dags/example_xcomargs.py
[2022-11-22T19:28:57.361+0000] {logging_mixin.py:137} INFO - [2022-11-22T19:28:57.361+0000] {dag.py:2585} INFO - Sync 2 DAGs
[2022-11-22T19:28:57.380+0000] {logging_mixin.py:137} INFO - [2022-11-22T19:28:57.380+0000] {dag.py:3340} INFO - Setting next_dagrun for example_xcom_args to None, run_after=None
[2022-11-22T19:28:57.383+0000] {logging_mixin.py:137} INFO - [2022-11-22T19:28:57.383+0000] {dag.py:3340} INFO - Setting next_dagrun for example_xcom_args_with_operators to None, run_after=None
[2022-11-22T19:28:57.396+0000] {processor.py:176} INFO - Processing /home/airflow/.local/lib/python3.7/site-packages/airflow/example_dags/example_xcomargs.py took 0.113 seconds
[2022-11-22T19:29:27.908+0000] {processor.py:154} INFO - Started process (PID=430) to work on /home/airflow/.local/lib/python3.7/site-packages/airflow/example_dags/example_xcomargs.py
[2022-11-22T19:29:27.910+0000] {processor.py:756} INFO - Processing file /home/airflow/.local/lib/python3.7/site-packages/airflow/example_dags/example_xcomargs.py for tasks to queue
[2022-11-22T19:29:27.912+0000] {logging_mixin.py:137} INFO - [2022-11-22T19:29:27.912+0000] {dagbag.py:537} INFO - Filling up the DagBag from /home/airflow/.local/lib/python3.7/site-packages/airflow/example_dags/example_xcomargs.py
[2022-11-22T19:29:27.929+0000] {processor.py:766} INFO - DAG(s) dict_keys(['example_xcom_args', 'example_xcom_args_with_operators']) retrieved from /home/airflow/.local/lib/python3.7/site-packages/airflow/example_dags/example_xcomargs.py
[2022-11-22T19:29:27.961+0000] {logging_mixin.py:137} INFO - [2022-11-22T19:29:27.961+0000] {dag.py:2585} INFO - Sync 2 DAGs
[2022-11-22T19:29:27.980+0000] {logging_mixin.py:137} INFO - [2022-11-22T19:29:27.980+0000] {dag.py:3340} INFO - Setting next_dagrun for example_xcom_args to None, run_after=None
[2022-11-22T19:29:27.983+0000] {logging_mixin.py:137} INFO - [2022-11-22T19:29:27.983+0000] {dag.py:3340} INFO - Setting next_dagrun for example_xcom_args_with_operators to None, run_after=None
[2022-11-22T19:29:27.993+0000] {processor.py:176} INFO - Processing /home/airflow/.local/lib/python3.7/site-packages/airflow/example_dags/example_xcomargs.py took 0.088 seconds
[2022-11-22T19:29:58.566+0000] {processor.py:154} INFO - Started process (PID=484) to work on /home/airflow/.local/lib/python3.7/site-packages/airflow/example_dags/example_xcomargs.py
[2022-11-22T19:29:58.568+0000] {processor.py:756} INFO - Processing file /home/airflow/.local/lib/python3.7/site-packages/airflow/example_dags/example_xcomargs.py for tasks to queue
[2022-11-22T19:29:58.573+0000] {logging_mixin.py:137} INFO - [2022-11-22T19:29:58.573+0000] {dagbag.py:537} INFO - Filling up the DagBag from /home/airflow/.local/lib/python3.7/site-packages/airflow/example_dags/example_xcomargs.py
[2022-11-22T19:29:58.596+0000] {processor.py:766} INFO - DAG(s) dict_keys(['example_xcom_args_with_operators', 'example_xcom_args']) retrieved from /home/airflow/.local/lib/python3.7/site-packages/airflow/example_dags/example_xcomargs.py
[2022-11-22T19:29:58.624+0000] {logging_mixin.py:137} INFO - [2022-11-22T19:29:58.624+0000] {dag.py:2585} INFO - Sync 2 DAGs
[2022-11-22T19:29:58.639+0000] {logging_mixin.py:137} INFO - [2022-11-22T19:29:58.639+0000] {dag.py:3340} INFO - Setting next_dagrun for example_xcom_args to None, run_after=None
[2022-11-22T19:29:58.642+0000] {logging_mixin.py:137} INFO - [2022-11-22T19:29:58.642+0000] {dag.py:3340} INFO - Setting next_dagrun for example_xcom_args_with_operators to None, run_after=None
[2022-11-22T19:29:58.653+0000] {processor.py:176} INFO - Processing /home/airflow/.local/lib/python3.7/site-packages/airflow/example_dags/example_xcomargs.py took 0.092 seconds
[2022-11-22T19:30:29.147+0000] {processor.py:154} INFO - Started process (PID=548) to work on /home/airflow/.local/lib/python3.7/site-packages/airflow/example_dags/example_xcomargs.py
[2022-11-22T19:30:29.152+0000] {processor.py:756} INFO - Processing file /home/airflow/.local/lib/python3.7/site-packages/airflow/example_dags/example_xcomargs.py for tasks to queue
[2022-11-22T19:30:29.154+0000] {logging_mixin.py:137} INFO - [2022-11-22T19:30:29.153+0000] {dagbag.py:537} INFO - Filling up the DagBag from /home/airflow/.local/lib/python3.7/site-packages/airflow/example_dags/example_xcomargs.py
[2022-11-22T19:30:29.195+0000] {processor.py:766} INFO - DAG(s) dict_keys(['example_xcom_args', 'example_xcom_args_with_operators']) retrieved from /home/airflow/.local/lib/python3.7/site-packages/airflow/example_dags/example_xcomargs.py
[2022-11-22T19:30:29.242+0000] {logging_mixin.py:137} INFO - [2022-11-22T19:30:29.242+0000] {dag.py:2585} INFO - Sync 2 DAGs
[2022-11-22T19:30:29.262+0000] {logging_mixin.py:137} INFO - [2022-11-22T19:30:29.262+0000] {dag.py:3340} INFO - Setting next_dagrun for example_xcom_args to None, run_after=None
[2022-11-22T19:30:29.265+0000] {logging_mixin.py:137} INFO - [2022-11-22T19:30:29.265+0000] {dag.py:3340} INFO - Setting next_dagrun for example_xcom_args_with_operators to None, run_after=None
[2022-11-22T19:30:29.278+0000] {processor.py:176} INFO - Processing /home/airflow/.local/lib/python3.7/site-packages/airflow/example_dags/example_xcomargs.py took 0.138 seconds
[2022-11-22T19:31:00.053+0000] {processor.py:154} INFO - Started process (PID=611) to work on /home/airflow/.local/lib/python3.7/site-packages/airflow/example_dags/example_xcomargs.py
[2022-11-22T19:31:00.060+0000] {processor.py:756} INFO - Processing file /home/airflow/.local/lib/python3.7/site-packages/airflow/example_dags/example_xcomargs.py for tasks to queue
[2022-11-22T19:31:00.063+0000] {logging_mixin.py:137} INFO - [2022-11-22T19:31:00.063+0000] {dagbag.py:537} INFO - Filling up the DagBag from /home/airflow/.local/lib/python3.7/site-packages/airflow/example_dags/example_xcomargs.py
[2022-11-22T19:31:00.110+0000] {processor.py:766} INFO - DAG(s) dict_keys(['example_xcom_args_with_operators', 'example_xcom_args']) retrieved from /home/airflow/.local/lib/python3.7/site-packages/airflow/example_dags/example_xcomargs.py
[2022-11-22T19:31:00.185+0000] {logging_mixin.py:137} INFO - [2022-11-22T19:31:00.185+0000] {dag.py:2585} INFO - Sync 2 DAGs
[2022-11-22T19:31:00.216+0000] {logging_mixin.py:137} INFO - [2022-11-22T19:31:00.216+0000] {dag.py:3340} INFO - Setting next_dagrun for example_xcom_args to None, run_after=None
[2022-11-22T19:31:00.221+0000] {logging_mixin.py:137} INFO - [2022-11-22T19:31:00.221+0000] {dag.py:3340} INFO - Setting next_dagrun for example_xcom_args_with_operators to None, run_after=None
[2022-11-22T19:31:00.236+0000] {processor.py:176} INFO - Processing /home/airflow/.local/lib/python3.7/site-packages/airflow/example_dags/example_xcomargs.py took 0.187 seconds
[2022-11-22T19:31:31.006+0000] {processor.py:154} INFO - Started process (PID=675) to work on /home/airflow/.local/lib/python3.7/site-packages/airflow/example_dags/example_xcomargs.py
[2022-11-22T19:31:31.009+0000] {processor.py:756} INFO - Processing file /home/airflow/.local/lib/python3.7/site-packages/airflow/example_dags/example_xcomargs.py for tasks to queue
[2022-11-22T19:31:31.011+0000] {logging_mixin.py:137} INFO - [2022-11-22T19:31:31.011+0000] {dagbag.py:537} INFO - Filling up the DagBag from /home/airflow/.local/lib/python3.7/site-packages/airflow/example_dags/example_xcomargs.py
[2022-11-22T19:31:31.037+0000] {processor.py:766} INFO - DAG(s) dict_keys(['example_xcom_args', 'example_xcom_args_with_operators']) retrieved from /home/airflow/.local/lib/python3.7/site-packages/airflow/example_dags/example_xcomargs.py
[2022-11-22T19:31:31.076+0000] {logging_mixin.py:137} INFO - [2022-11-22T19:31:31.076+0000] {dag.py:2585} INFO - Sync 2 DAGs
[2022-11-22T19:31:31.098+0000] {logging_mixin.py:137} INFO - [2022-11-22T19:31:31.098+0000] {dag.py:3340} INFO - Setting next_dagrun for example_xcom_args to None, run_after=None
[2022-11-22T19:31:31.102+0000] {logging_mixin.py:137} INFO - [2022-11-22T19:31:31.102+0000] {dag.py:3340} INFO - Setting next_dagrun for example_xcom_args_with_operators to None, run_after=None
[2022-11-22T19:31:31.113+0000] {processor.py:176} INFO - Processing /home/airflow/.local/lib/python3.7/site-packages/airflow/example_dags/example_xcomargs.py took 0.118 seconds
[2022-11-22T19:32:01.600+0000] {processor.py:154} INFO - Started process (PID=736) to work on /home/airflow/.local/lib/python3.7/site-packages/airflow/example_dags/example_xcomargs.py
[2022-11-22T19:32:01.603+0000] {processor.py:756} INFO - Processing file /home/airflow/.local/lib/python3.7/site-packages/airflow/example_dags/example_xcomargs.py for tasks to queue
[2022-11-22T19:32:01.604+0000] {logging_mixin.py:137} INFO - [2022-11-22T19:32:01.604+0000] {dagbag.py:537} INFO - Filling up the DagBag from /home/airflow/.local/lib/python3.7/site-packages/airflow/example_dags/example_xcomargs.py
[2022-11-22T19:32:01.628+0000] {processor.py:766} INFO - DAG(s) dict_keys(['example_xcom_args', 'example_xcom_args_with_operators']) retrieved from /home/airflow/.local/lib/python3.7/site-packages/airflow/example_dags/example_xcomargs.py
[2022-11-22T19:32:01.665+0000] {logging_mixin.py:137} INFO - [2022-11-22T19:32:01.665+0000] {dag.py:2585} INFO - Sync 2 DAGs
[2022-11-22T19:32:01.684+0000] {logging_mixin.py:137} INFO - [2022-11-22T19:32:01.684+0000] {dag.py:3340} INFO - Setting next_dagrun for example_xcom_args to None, run_after=None
[2022-11-22T19:32:01.687+0000] {logging_mixin.py:137} INFO - [2022-11-22T19:32:01.687+0000] {dag.py:3340} INFO - Setting next_dagrun for example_xcom_args_with_operators to None, run_after=None
[2022-11-22T19:32:01.716+0000] {processor.py:176} INFO - Processing /home/airflow/.local/lib/python3.7/site-packages/airflow/example_dags/example_xcomargs.py took 0.120 seconds
[2022-11-22T19:32:32.188+0000] {processor.py:154} INFO - Started process (PID=792) to work on /home/airflow/.local/lib/python3.7/site-packages/airflow/example_dags/example_xcomargs.py
[2022-11-22T19:32:32.191+0000] {processor.py:756} INFO - Processing file /home/airflow/.local/lib/python3.7/site-packages/airflow/example_dags/example_xcomargs.py for tasks to queue
[2022-11-22T19:32:32.192+0000] {logging_mixin.py:137} INFO - [2022-11-22T19:32:32.192+0000] {dagbag.py:537} INFO - Filling up the DagBag from /home/airflow/.local/lib/python3.7/site-packages/airflow/example_dags/example_xcomargs.py
[2022-11-22T19:32:32.215+0000] {processor.py:766} INFO - DAG(s) dict_keys(['example_xcom_args', 'example_xcom_args_with_operators']) retrieved from /home/airflow/.local/lib/python3.7/site-packages/airflow/example_dags/example_xcomargs.py
[2022-11-22T19:32:32.244+0000] {logging_mixin.py:137} INFO - [2022-11-22T19:32:32.244+0000] {dag.py:2585} INFO - Sync 2 DAGs
[2022-11-22T19:32:32.260+0000] {logging_mixin.py:137} INFO - [2022-11-22T19:32:32.260+0000] {dag.py:3340} INFO - Setting next_dagrun for example_xcom_args to None, run_after=None
[2022-11-22T19:32:32.263+0000] {logging_mixin.py:137} INFO - [2022-11-22T19:32:32.262+0000] {dag.py:3340} INFO - Setting next_dagrun for example_xcom_args_with_operators to None, run_after=None
[2022-11-22T19:32:32.274+0000] {processor.py:176} INFO - Processing /home/airflow/.local/lib/python3.7/site-packages/airflow/example_dags/example_xcomargs.py took 0.091 seconds
[2022-11-22T19:33:03.066+0000] {processor.py:154} INFO - Started process (PID=855) to work on /home/airflow/.local/lib/python3.7/site-packages/airflow/example_dags/example_xcomargs.py
[2022-11-22T19:33:03.069+0000] {processor.py:756} INFO - Processing file /home/airflow/.local/lib/python3.7/site-packages/airflow/example_dags/example_xcomargs.py for tasks to queue
[2022-11-22T19:33:03.071+0000] {logging_mixin.py:137} INFO - [2022-11-22T19:33:03.071+0000] {dagbag.py:537} INFO - Filling up the DagBag from /home/airflow/.local/lib/python3.7/site-packages/airflow/example_dags/example_xcomargs.py
[2022-11-22T19:33:03.099+0000] {processor.py:766} INFO - DAG(s) dict_keys(['example_xcom_args_with_operators', 'example_xcom_args']) retrieved from /home/airflow/.local/lib/python3.7/site-packages/airflow/example_dags/example_xcomargs.py
[2022-11-22T19:33:03.156+0000] {logging_mixin.py:137} INFO - [2022-11-22T19:33:03.156+0000] {dag.py:2585} INFO - Sync 2 DAGs
[2022-11-22T19:33:03.178+0000] {logging_mixin.py:137} INFO - [2022-11-22T19:33:03.178+0000] {dag.py:3340} INFO - Setting next_dagrun for example_xcom_args to None, run_after=None
[2022-11-22T19:33:03.182+0000] {logging_mixin.py:137} INFO - [2022-11-22T19:33:03.182+0000] {dag.py:3340} INFO - Setting next_dagrun for example_xcom_args_with_operators to None, run_after=None
[2022-11-22T19:33:03.194+0000] {processor.py:176} INFO - Processing /home/airflow/.local/lib/python3.7/site-packages/airflow/example_dags/example_xcomargs.py took 0.134 seconds
[2022-11-22T19:33:33.567+0000] {processor.py:154} INFO - Started process (PID=918) to work on /home/airflow/.local/lib/python3.7/site-packages/airflow/example_dags/example_xcomargs.py
[2022-11-22T19:33:33.571+0000] {processor.py:756} INFO - Processing file /home/airflow/.local/lib/python3.7/site-packages/airflow/example_dags/example_xcomargs.py for tasks to queue
[2022-11-22T19:33:33.573+0000] {logging_mixin.py:137} INFO - [2022-11-22T19:33:33.573+0000] {dagbag.py:537} INFO - Filling up the DagBag from /home/airflow/.local/lib/python3.7/site-packages/airflow/example_dags/example_xcomargs.py
[2022-11-22T19:33:33.597+0000] {processor.py:766} INFO - DAG(s) dict_keys(['example_xcom_args', 'example_xcom_args_with_operators']) retrieved from /home/airflow/.local/lib/python3.7/site-packages/airflow/example_dags/example_xcomargs.py
[2022-11-22T19:33:33.626+0000] {logging_mixin.py:137} INFO - [2022-11-22T19:33:33.626+0000] {dag.py:2585} INFO - Sync 2 DAGs
[2022-11-22T19:33:33.642+0000] {logging_mixin.py:137} INFO - [2022-11-22T19:33:33.642+0000] {dag.py:3340} INFO - Setting next_dagrun for example_xcom_args to None, run_after=None
[2022-11-22T19:33:33.645+0000] {logging_mixin.py:137} INFO - [2022-11-22T19:33:33.645+0000] {dag.py:3340} INFO - Setting next_dagrun for example_xcom_args_with_operators to None, run_after=None
[2022-11-22T19:33:33.656+0000] {processor.py:176} INFO - Processing /home/airflow/.local/lib/python3.7/site-packages/airflow/example_dags/example_xcomargs.py took 0.095 seconds
[2022-11-22T19:34:04.627+0000] {processor.py:154} INFO - Started process (PID=981) to work on /home/airflow/.local/lib/python3.7/site-packages/airflow/example_dags/example_xcomargs.py
[2022-11-22T19:34:04.629+0000] {processor.py:756} INFO - Processing file /home/airflow/.local/lib/python3.7/site-packages/airflow/example_dags/example_xcomargs.py for tasks to queue
[2022-11-22T19:34:04.631+0000] {logging_mixin.py:137} INFO - [2022-11-22T19:34:04.631+0000] {dagbag.py:537} INFO - Filling up the DagBag from /home/airflow/.local/lib/python3.7/site-packages/airflow/example_dags/example_xcomargs.py
[2022-11-22T19:34:04.655+0000] {processor.py:766} INFO - DAG(s) dict_keys(['example_xcom_args', 'example_xcom_args_with_operators']) retrieved from /home/airflow/.local/lib/python3.7/site-packages/airflow/example_dags/example_xcomargs.py
[2022-11-22T19:34:04.690+0000] {logging_mixin.py:137} INFO - [2022-11-22T19:34:04.690+0000] {dag.py:2585} INFO - Sync 2 DAGs
[2022-11-22T19:34:04.708+0000] {logging_mixin.py:137} INFO - [2022-11-22T19:34:04.708+0000] {dag.py:3340} INFO - Setting next_dagrun for example_xcom_args to None, run_after=None
[2022-11-22T19:34:04.712+0000] {logging_mixin.py:137} INFO - [2022-11-22T19:34:04.711+0000] {dag.py:3340} INFO - Setting next_dagrun for example_xcom_args_with_operators to None, run_after=None
[2022-11-22T19:34:04.724+0000] {processor.py:176} INFO - Processing /home/airflow/.local/lib/python3.7/site-packages/airflow/example_dags/example_xcomargs.py took 0.100 seconds
[2022-11-22T19:34:34.781+0000] {processor.py:154} INFO - Started process (PID=1035) to work on /home/airflow/.local/lib/python3.7/site-packages/airflow/example_dags/example_xcomargs.py
[2022-11-22T19:34:34.785+0000] {processor.py:756} INFO - Processing file /home/airflow/.local/lib/python3.7/site-packages/airflow/example_dags/example_xcomargs.py for tasks to queue
[2022-11-22T19:34:34.788+0000] {logging_mixin.py:137} INFO - [2022-11-22T19:34:34.788+0000] {dagbag.py:537} INFO - Filling up the DagBag from /home/airflow/.local/lib/python3.7/site-packages/airflow/example_dags/example_xcomargs.py
[2022-11-22T19:34:34.817+0000] {processor.py:766} INFO - DAG(s) dict_keys(['example_xcom_args_with_operators', 'example_xcom_args']) retrieved from /home/airflow/.local/lib/python3.7/site-packages/airflow/example_dags/example_xcomargs.py
[2022-11-22T19:34:34.854+0000] {logging_mixin.py:137} INFO - [2022-11-22T19:34:34.854+0000] {dag.py:2585} INFO - Sync 2 DAGs
[2022-11-22T19:34:34.869+0000] {logging_mixin.py:137} INFO - [2022-11-22T19:34:34.869+0000] {dag.py:3340} INFO - Setting next_dagrun for example_xcom_args to None, run_after=None
[2022-11-22T19:34:34.872+0000] {logging_mixin.py:137} INFO - [2022-11-22T19:34:34.872+0000] {dag.py:3340} INFO - Setting next_dagrun for example_xcom_args_with_operators to None, run_after=None
[2022-11-22T19:34:34.886+0000] {processor.py:176} INFO - Processing /home/airflow/.local/lib/python3.7/site-packages/airflow/example_dags/example_xcomargs.py took 0.111 seconds
[2022-11-22T19:35:05.719+0000] {processor.py:154} INFO - Started process (PID=1100) to work on /home/airflow/.local/lib/python3.7/site-packages/airflow/example_dags/example_xcomargs.py
[2022-11-22T19:35:05.721+0000] {processor.py:756} INFO - Processing file /home/airflow/.local/lib/python3.7/site-packages/airflow/example_dags/example_xcomargs.py for tasks to queue
[2022-11-22T19:35:05.722+0000] {logging_mixin.py:137} INFO - [2022-11-22T19:35:05.722+0000] {dagbag.py:537} INFO - Filling up the DagBag from /home/airflow/.local/lib/python3.7/site-packages/airflow/example_dags/example_xcomargs.py
[2022-11-22T19:35:05.744+0000] {processor.py:766} INFO - DAG(s) dict_keys(['example_xcom_args_with_operators', 'example_xcom_args']) retrieved from /home/airflow/.local/lib/python3.7/site-packages/airflow/example_dags/example_xcomargs.py
[2022-11-22T19:35:05.776+0000] {logging_mixin.py:137} INFO - [2022-11-22T19:35:05.776+0000] {dag.py:2585} INFO - Sync 2 DAGs
[2022-11-22T19:35:05.796+0000] {logging_mixin.py:137} INFO - [2022-11-22T19:35:05.796+0000] {dag.py:3340} INFO - Setting next_dagrun for example_xcom_args to None, run_after=None
[2022-11-22T19:35:05.801+0000] {logging_mixin.py:137} INFO - [2022-11-22T19:35:05.801+0000] {dag.py:3340} INFO - Setting next_dagrun for example_xcom_args_with_operators to None, run_after=None
[2022-11-22T19:35:05.814+0000] {processor.py:176} INFO - Processing /home/airflow/.local/lib/python3.7/site-packages/airflow/example_dags/example_xcomargs.py took 0.099 seconds
[2022-11-22T19:35:35.920+0000] {processor.py:154} INFO - Started process (PID=1162) to work on /home/airflow/.local/lib/python3.7/site-packages/airflow/example_dags/example_xcomargs.py
[2022-11-22T19:35:35.923+0000] {processor.py:756} INFO - Processing file /home/airflow/.local/lib/python3.7/site-packages/airflow/example_dags/example_xcomargs.py for tasks to queue
[2022-11-22T19:35:35.925+0000] {logging_mixin.py:137} INFO - [2022-11-22T19:35:35.925+0000] {dagbag.py:537} INFO - Filling up the DagBag from /home/airflow/.local/lib/python3.7/site-packages/airflow/example_dags/example_xcomargs.py
[2022-11-22T19:35:35.950+0000] {processor.py:766} INFO - DAG(s) dict_keys(['example_xcom_args', 'example_xcom_args_with_operators']) retrieved from /home/airflow/.local/lib/python3.7/site-packages/airflow/example_dags/example_xcomargs.py
[2022-11-22T19:35:35.986+0000] {logging_mixin.py:137} INFO - [2022-11-22T19:35:35.985+0000] {dag.py:2585} INFO - Sync 2 DAGs
[2022-11-22T19:35:36.003+0000] {logging_mixin.py:137} INFO - [2022-11-22T19:35:36.003+0000] {dag.py:3340} INFO - Setting next_dagrun for example_xcom_args to None, run_after=None
[2022-11-22T19:35:36.006+0000] {logging_mixin.py:137} INFO - [2022-11-22T19:35:36.006+0000] {dag.py:3340} INFO - Setting next_dagrun for example_xcom_args_with_operators to None, run_after=None
[2022-11-22T19:35:36.018+0000] {processor.py:176} INFO - Processing /home/airflow/.local/lib/python3.7/site-packages/airflow/example_dags/example_xcomargs.py took 0.104 seconds
[2022-11-22T19:36:06.218+0000] {processor.py:154} INFO - Started process (PID=1224) to work on /home/airflow/.local/lib/python3.7/site-packages/airflow/example_dags/example_xcomargs.py
[2022-11-22T19:36:06.220+0000] {processor.py:756} INFO - Processing file /home/airflow/.local/lib/python3.7/site-packages/airflow/example_dags/example_xcomargs.py for tasks to queue
[2022-11-22T19:36:06.222+0000] {logging_mixin.py:137} INFO - [2022-11-22T19:36:06.222+0000] {dagbag.py:537} INFO - Filling up the DagBag from /home/airflow/.local/lib/python3.7/site-packages/airflow/example_dags/example_xcomargs.py
[2022-11-22T19:36:06.240+0000] {processor.py:766} INFO - DAG(s) dict_keys(['example_xcom_args_with_operators', 'example_xcom_args']) retrieved from /home/airflow/.local/lib/python3.7/site-packages/airflow/example_dags/example_xcomargs.py
[2022-11-22T19:36:06.275+0000] {logging_mixin.py:137} INFO - [2022-11-22T19:36:06.274+0000] {dag.py:2585} INFO - Sync 2 DAGs
[2022-11-22T19:36:06.290+0000] {logging_mixin.py:137} INFO - [2022-11-22T19:36:06.290+0000] {dag.py:3340} INFO - Setting next_dagrun for example_xcom_args to None, run_after=None
[2022-11-22T19:36:06.293+0000] {logging_mixin.py:137} INFO - [2022-11-22T19:36:06.293+0000] {dag.py:3340} INFO - Setting next_dagrun for example_xcom_args_with_operators to None, run_after=None
[2022-11-22T19:36:06.305+0000] {processor.py:176} INFO - Processing /home/airflow/.local/lib/python3.7/site-packages/airflow/example_dags/example_xcomargs.py took 0.093 seconds
[2022-11-22T19:36:36.519+0000] {processor.py:154} INFO - Started process (PID=1279) to work on /home/airflow/.local/lib/python3.7/site-packages/airflow/example_dags/example_xcomargs.py
[2022-11-22T19:36:36.522+0000] {processor.py:756} INFO - Processing file /home/airflow/.local/lib/python3.7/site-packages/airflow/example_dags/example_xcomargs.py for tasks to queue
[2022-11-22T19:36:36.523+0000] {logging_mixin.py:137} INFO - [2022-11-22T19:36:36.523+0000] {dagbag.py:537} INFO - Filling up the DagBag from /home/airflow/.local/lib/python3.7/site-packages/airflow/example_dags/example_xcomargs.py
[2022-11-22T19:36:36.543+0000] {processor.py:766} INFO - DAG(s) dict_keys(['example_xcom_args', 'example_xcom_args_with_operators']) retrieved from /home/airflow/.local/lib/python3.7/site-packages/airflow/example_dags/example_xcomargs.py
[2022-11-22T19:36:36.574+0000] {logging_mixin.py:137} INFO - [2022-11-22T19:36:36.574+0000] {dag.py:2585} INFO - Sync 2 DAGs
[2022-11-22T19:36:36.591+0000] {logging_mixin.py:137} INFO - [2022-11-22T19:36:36.590+0000] {dag.py:3340} INFO - Setting next_dagrun for example_xcom_args to None, run_after=None
[2022-11-22T19:36:36.595+0000] {logging_mixin.py:137} INFO - [2022-11-22T19:36:36.595+0000] {dag.py:3340} INFO - Setting next_dagrun for example_xcom_args_with_operators to None, run_after=None
[2022-11-22T19:36:36.607+0000] {processor.py:176} INFO - Processing /home/airflow/.local/lib/python3.7/site-packages/airflow/example_dags/example_xcomargs.py took 0.093 seconds
[2022-11-22T19:37:07.497+0000] {processor.py:154} INFO - Started process (PID=1342) to work on /home/airflow/.local/lib/python3.7/site-packages/airflow/example_dags/example_xcomargs.py
[2022-11-22T19:37:07.499+0000] {processor.py:756} INFO - Processing file /home/airflow/.local/lib/python3.7/site-packages/airflow/example_dags/example_xcomargs.py for tasks to queue
[2022-11-22T19:37:07.500+0000] {logging_mixin.py:137} INFO - [2022-11-22T19:37:07.500+0000] {dagbag.py:537} INFO - Filling up the DagBag from /home/airflow/.local/lib/python3.7/site-packages/airflow/example_dags/example_xcomargs.py
[2022-11-22T19:37:07.517+0000] {processor.py:766} INFO - DAG(s) dict_keys(['example_xcom_args', 'example_xcom_args_with_operators']) retrieved from /home/airflow/.local/lib/python3.7/site-packages/airflow/example_dags/example_xcomargs.py
[2022-11-22T19:37:07.545+0000] {logging_mixin.py:137} INFO - [2022-11-22T19:37:07.545+0000] {dag.py:2585} INFO - Sync 2 DAGs
[2022-11-22T19:37:07.562+0000] {logging_mixin.py:137} INFO - [2022-11-22T19:37:07.562+0000] {dag.py:3340} INFO - Setting next_dagrun for example_xcom_args to None, run_after=None
[2022-11-22T19:37:07.565+0000] {logging_mixin.py:137} INFO - [2022-11-22T19:37:07.565+0000] {dag.py:3340} INFO - Setting next_dagrun for example_xcom_args_with_operators to None, run_after=None
[2022-11-22T19:37:07.585+0000] {processor.py:176} INFO - Processing /home/airflow/.local/lib/python3.7/site-packages/airflow/example_dags/example_xcomargs.py took 0.092 seconds
[2022-11-22T19:37:38.015+0000] {processor.py:154} INFO - Started process (PID=1406) to work on /home/airflow/.local/lib/python3.7/site-packages/airflow/example_dags/example_xcomargs.py
[2022-11-22T19:37:38.019+0000] {processor.py:756} INFO - Processing file /home/airflow/.local/lib/python3.7/site-packages/airflow/example_dags/example_xcomargs.py for tasks to queue
[2022-11-22T19:37:38.021+0000] {logging_mixin.py:137} INFO - [2022-11-22T19:37:38.021+0000] {dagbag.py:537} INFO - Filling up the DagBag from /home/airflow/.local/lib/python3.7/site-packages/airflow/example_dags/example_xcomargs.py
[2022-11-22T19:37:38.057+0000] {processor.py:766} INFO - DAG(s) dict_keys(['example_xcom_args', 'example_xcom_args_with_operators']) retrieved from /home/airflow/.local/lib/python3.7/site-packages/airflow/example_dags/example_xcomargs.py
[2022-11-22T19:37:38.115+0000] {logging_mixin.py:137} INFO - [2022-11-22T19:37:38.115+0000] {dag.py:2585} INFO - Sync 2 DAGs
[2022-11-22T19:37:38.147+0000] {logging_mixin.py:137} INFO - [2022-11-22T19:37:38.147+0000] {dag.py:3340} INFO - Setting next_dagrun for example_xcom_args to None, run_after=None
[2022-11-22T19:37:38.153+0000] {logging_mixin.py:137} INFO - [2022-11-22T19:37:38.152+0000] {dag.py:3340} INFO - Setting next_dagrun for example_xcom_args_with_operators to None, run_after=None
[2022-11-22T19:37:38.168+0000] {processor.py:176} INFO - Processing /home/airflow/.local/lib/python3.7/site-packages/airflow/example_dags/example_xcomargs.py took 0.159 seconds
[2022-11-22T19:38:08.741+0000] {processor.py:154} INFO - Started process (PID=1469) to work on /home/airflow/.local/lib/python3.7/site-packages/airflow/example_dags/example_xcomargs.py
[2022-11-22T19:38:08.744+0000] {processor.py:756} INFO - Processing file /home/airflow/.local/lib/python3.7/site-packages/airflow/example_dags/example_xcomargs.py for tasks to queue
[2022-11-22T19:38:08.747+0000] {logging_mixin.py:137} INFO - [2022-11-22T19:38:08.746+0000] {dagbag.py:537} INFO - Filling up the DagBag from /home/airflow/.local/lib/python3.7/site-packages/airflow/example_dags/example_xcomargs.py
[2022-11-22T19:38:08.779+0000] {processor.py:766} INFO - DAG(s) dict_keys(['example_xcom_args', 'example_xcom_args_with_operators']) retrieved from /home/airflow/.local/lib/python3.7/site-packages/airflow/example_dags/example_xcomargs.py
[2022-11-22T19:38:08.846+0000] {logging_mixin.py:137} INFO - [2022-11-22T19:38:08.845+0000] {dag.py:2585} INFO - Sync 2 DAGs
[2022-11-22T19:38:08.868+0000] {logging_mixin.py:137} INFO - [2022-11-22T19:38:08.868+0000] {dag.py:3340} INFO - Setting next_dagrun for example_xcom_args to None, run_after=None
[2022-11-22T19:38:08.872+0000] {logging_mixin.py:137} INFO - [2022-11-22T19:38:08.872+0000] {dag.py:3340} INFO - Setting next_dagrun for example_xcom_args_with_operators to None, run_after=None
[2022-11-22T19:38:08.889+0000] {processor.py:176} INFO - Processing /home/airflow/.local/lib/python3.7/site-packages/airflow/example_dags/example_xcomargs.py took 0.156 seconds
[2022-11-22T19:38:39.189+0000] {processor.py:154} INFO - Started process (PID=1523) to work on /home/airflow/.local/lib/python3.7/site-packages/airflow/example_dags/example_xcomargs.py
[2022-11-22T19:38:39.193+0000] {processor.py:756} INFO - Processing file /home/airflow/.local/lib/python3.7/site-packages/airflow/example_dags/example_xcomargs.py for tasks to queue
[2022-11-22T19:38:39.195+0000] {logging_mixin.py:137} INFO - [2022-11-22T19:38:39.194+0000] {dagbag.py:537} INFO - Filling up the DagBag from /home/airflow/.local/lib/python3.7/site-packages/airflow/example_dags/example_xcomargs.py
[2022-11-22T19:38:39.227+0000] {processor.py:766} INFO - DAG(s) dict_keys(['example_xcom_args_with_operators', 'example_xcom_args']) retrieved from /home/airflow/.local/lib/python3.7/site-packages/airflow/example_dags/example_xcomargs.py
[2022-11-22T19:38:39.273+0000] {logging_mixin.py:137} INFO - [2022-11-22T19:38:39.272+0000] {dag.py:2585} INFO - Sync 2 DAGs
[2022-11-22T19:38:39.293+0000] {logging_mixin.py:137} INFO - [2022-11-22T19:38:39.293+0000] {dag.py:3340} INFO - Setting next_dagrun for example_xcom_args to None, run_after=None
[2022-11-22T19:38:39.297+0000] {logging_mixin.py:137} INFO - [2022-11-22T19:38:39.297+0000] {dag.py:3340} INFO - Setting next_dagrun for example_xcom_args_with_operators to None, run_after=None
[2022-11-22T19:38:39.310+0000] {processor.py:176} INFO - Processing /home/airflow/.local/lib/python3.7/site-packages/airflow/example_dags/example_xcomargs.py took 0.127 seconds
[2022-11-22T19:39:09.654+0000] {processor.py:154} INFO - Started process (PID=1586) to work on /home/airflow/.local/lib/python3.7/site-packages/airflow/example_dags/example_xcomargs.py
[2022-11-22T19:39:09.657+0000] {processor.py:756} INFO - Processing file /home/airflow/.local/lib/python3.7/site-packages/airflow/example_dags/example_xcomargs.py for tasks to queue
[2022-11-22T19:39:09.658+0000] {logging_mixin.py:137} INFO - [2022-11-22T19:39:09.658+0000] {dagbag.py:537} INFO - Filling up the DagBag from /home/airflow/.local/lib/python3.7/site-packages/airflow/example_dags/example_xcomargs.py
[2022-11-22T19:39:09.686+0000] {processor.py:766} INFO - DAG(s) dict_keys(['example_xcom_args_with_operators', 'example_xcom_args']) retrieved from /home/airflow/.local/lib/python3.7/site-packages/airflow/example_dags/example_xcomargs.py
[2022-11-22T19:39:09.732+0000] {logging_mixin.py:137} INFO - [2022-11-22T19:39:09.731+0000] {dag.py:2585} INFO - Sync 2 DAGs
[2022-11-22T19:39:09.754+0000] {logging_mixin.py:137} INFO - [2022-11-22T19:39:09.754+0000] {dag.py:3340} INFO - Setting next_dagrun for example_xcom_args to None, run_after=None
[2022-11-22T19:39:09.757+0000] {logging_mixin.py:137} INFO - [2022-11-22T19:39:09.757+0000] {dag.py:3340} INFO - Setting next_dagrun for example_xcom_args_with_operators to None, run_after=None
[2022-11-22T19:39:09.770+0000] {processor.py:176} INFO - Processing /home/airflow/.local/lib/python3.7/site-packages/airflow/example_dags/example_xcomargs.py took 0.120 seconds
[2022-11-22T19:39:39.831+0000] {processor.py:154} INFO - Started process (PID=1650) to work on /home/airflow/.local/lib/python3.7/site-packages/airflow/example_dags/example_xcomargs.py
[2022-11-22T19:39:39.832+0000] {processor.py:756} INFO - Processing file /home/airflow/.local/lib/python3.7/site-packages/airflow/example_dags/example_xcomargs.py for tasks to queue
[2022-11-22T19:39:39.835+0000] {logging_mixin.py:137} INFO - [2022-11-22T19:39:39.835+0000] {dagbag.py:537} INFO - Filling up the DagBag from /home/airflow/.local/lib/python3.7/site-packages/airflow/example_dags/example_xcomargs.py
[2022-11-22T19:39:39.858+0000] {processor.py:766} INFO - DAG(s) dict_keys(['example_xcom_args', 'example_xcom_args_with_operators']) retrieved from /home/airflow/.local/lib/python3.7/site-packages/airflow/example_dags/example_xcomargs.py
[2022-11-22T19:39:39.898+0000] {logging_mixin.py:137} INFO - [2022-11-22T19:39:39.898+0000] {dag.py:2585} INFO - Sync 2 DAGs
[2022-11-22T19:39:39.919+0000] {logging_mixin.py:137} INFO - [2022-11-22T19:39:39.919+0000] {dag.py:3340} INFO - Setting next_dagrun for example_xcom_args to None, run_after=None
[2022-11-22T19:39:39.922+0000] {logging_mixin.py:137} INFO - [2022-11-22T19:39:39.922+0000] {dag.py:3340} INFO - Setting next_dagrun for example_xcom_args_with_operators to None, run_after=None
[2022-11-22T19:39:39.939+0000] {processor.py:176} INFO - Processing /home/airflow/.local/lib/python3.7/site-packages/airflow/example_dags/example_xcomargs.py took 0.112 seconds
[2022-11-22T19:40:09.976+0000] {processor.py:154} INFO - Started process (PID=1714) to work on /home/airflow/.local/lib/python3.7/site-packages/airflow/example_dags/example_xcomargs.py
[2022-11-22T19:40:09.979+0000] {processor.py:756} INFO - Processing file /home/airflow/.local/lib/python3.7/site-packages/airflow/example_dags/example_xcomargs.py for tasks to queue
[2022-11-22T19:40:09.982+0000] {logging_mixin.py:137} INFO - [2022-11-22T19:40:09.981+0000] {dagbag.py:537} INFO - Filling up the DagBag from /home/airflow/.local/lib/python3.7/site-packages/airflow/example_dags/example_xcomargs.py
[2022-11-22T19:40:10.017+0000] {processor.py:766} INFO - DAG(s) dict_keys(['example_xcom_args_with_operators', 'example_xcom_args']) retrieved from /home/airflow/.local/lib/python3.7/site-packages/airflow/example_dags/example_xcomargs.py
[2022-11-22T19:40:10.201+0000] {logging_mixin.py:137} INFO - [2022-11-22T19:40:10.199+0000] {dag.py:2585} INFO - Sync 2 DAGs
[2022-11-22T19:40:10.260+0000] {logging_mixin.py:137} INFO - [2022-11-22T19:40:10.260+0000] {dag.py:3340} INFO - Setting next_dagrun for example_xcom_args to None, run_after=None
[2022-11-22T19:40:10.267+0000] {logging_mixin.py:137} INFO - [2022-11-22T19:40:10.267+0000] {dag.py:3340} INFO - Setting next_dagrun for example_xcom_args_with_operators to None, run_after=None
[2022-11-22T19:40:10.283+0000] {processor.py:176} INFO - Processing /home/airflow/.local/lib/python3.7/site-packages/airflow/example_dags/example_xcomargs.py took 0.310 seconds
[2022-11-22T19:40:40.492+0000] {processor.py:154} INFO - Started process (PID=1768) to work on /home/airflow/.local/lib/python3.7/site-packages/airflow/example_dags/example_xcomargs.py
[2022-11-22T19:40:40.494+0000] {processor.py:756} INFO - Processing file /home/airflow/.local/lib/python3.7/site-packages/airflow/example_dags/example_xcomargs.py for tasks to queue
[2022-11-22T19:40:40.495+0000] {logging_mixin.py:137} INFO - [2022-11-22T19:40:40.494+0000] {dagbag.py:537} INFO - Filling up the DagBag from /home/airflow/.local/lib/python3.7/site-packages/airflow/example_dags/example_xcomargs.py
[2022-11-22T19:40:40.510+0000] {processor.py:766} INFO - DAG(s) dict_keys(['example_xcom_args_with_operators', 'example_xcom_args']) retrieved from /home/airflow/.local/lib/python3.7/site-packages/airflow/example_dags/example_xcomargs.py
[2022-11-22T19:40:40.542+0000] {logging_mixin.py:137} INFO - [2022-11-22T19:40:40.542+0000] {dag.py:2585} INFO - Sync 2 DAGs
[2022-11-22T19:40:40.558+0000] {logging_mixin.py:137} INFO - [2022-11-22T19:40:40.558+0000] {dag.py:3340} INFO - Setting next_dagrun for example_xcom_args to None, run_after=None
[2022-11-22T19:40:40.562+0000] {logging_mixin.py:137} INFO - [2022-11-22T19:40:40.562+0000] {dag.py:3340} INFO - Setting next_dagrun for example_xcom_args_with_operators to None, run_after=None
[2022-11-22T19:40:40.573+0000] {processor.py:176} INFO - Processing /home/airflow/.local/lib/python3.7/site-packages/airflow/example_dags/example_xcomargs.py took 0.084 seconds
[2022-11-22T19:41:11.411+0000] {processor.py:154} INFO - Started process (PID=1832) to work on /home/airflow/.local/lib/python3.7/site-packages/airflow/example_dags/example_xcomargs.py
[2022-11-22T19:41:11.414+0000] {processor.py:756} INFO - Processing file /home/airflow/.local/lib/python3.7/site-packages/airflow/example_dags/example_xcomargs.py for tasks to queue
[2022-11-22T19:41:11.418+0000] {logging_mixin.py:137} INFO - [2022-11-22T19:41:11.418+0000] {dagbag.py:537} INFO - Filling up the DagBag from /home/airflow/.local/lib/python3.7/site-packages/airflow/example_dags/example_xcomargs.py
[2022-11-22T19:41:11.446+0000] {processor.py:766} INFO - DAG(s) dict_keys(['example_xcom_args_with_operators', 'example_xcom_args']) retrieved from /home/airflow/.local/lib/python3.7/site-packages/airflow/example_dags/example_xcomargs.py
[2022-11-22T19:41:11.510+0000] {logging_mixin.py:137} INFO - [2022-11-22T19:41:11.510+0000] {dag.py:2585} INFO - Sync 2 DAGs
[2022-11-22T19:41:11.545+0000] {logging_mixin.py:137} INFO - [2022-11-22T19:41:11.545+0000] {dag.py:3340} INFO - Setting next_dagrun for example_xcom_args to None, run_after=None
[2022-11-22T19:41:11.549+0000] {logging_mixin.py:137} INFO - [2022-11-22T19:41:11.549+0000] {dag.py:3340} INFO - Setting next_dagrun for example_xcom_args_with_operators to None, run_after=None
[2022-11-22T19:41:11.566+0000] {processor.py:176} INFO - Processing /home/airflow/.local/lib/python3.7/site-packages/airflow/example_dags/example_xcomargs.py took 0.159 seconds
[2022-11-22T19:41:41.753+0000] {processor.py:154} INFO - Started process (PID=1896) to work on /home/airflow/.local/lib/python3.7/site-packages/airflow/example_dags/example_xcomargs.py
[2022-11-22T19:41:41.754+0000] {processor.py:756} INFO - Processing file /home/airflow/.local/lib/python3.7/site-packages/airflow/example_dags/example_xcomargs.py for tasks to queue
[2022-11-22T19:41:41.755+0000] {logging_mixin.py:137} INFO - [2022-11-22T19:41:41.755+0000] {dagbag.py:537} INFO - Filling up the DagBag from /home/airflow/.local/lib/python3.7/site-packages/airflow/example_dags/example_xcomargs.py
[2022-11-22T19:41:41.775+0000] {processor.py:766} INFO - DAG(s) dict_keys(['example_xcom_args_with_operators', 'example_xcom_args']) retrieved from /home/airflow/.local/lib/python3.7/site-packages/airflow/example_dags/example_xcomargs.py
[2022-11-22T19:41:41.809+0000] {logging_mixin.py:137} INFO - [2022-11-22T19:41:41.809+0000] {dag.py:2585} INFO - Sync 2 DAGs
[2022-11-22T19:41:41.826+0000] {logging_mixin.py:137} INFO - [2022-11-22T19:41:41.825+0000] {dag.py:3340} INFO - Setting next_dagrun for example_xcom_args to None, run_after=None
[2022-11-22T19:41:41.829+0000] {logging_mixin.py:137} INFO - [2022-11-22T19:41:41.829+0000] {dag.py:3340} INFO - Setting next_dagrun for example_xcom_args_with_operators to None, run_after=None
[2022-11-22T19:41:41.856+0000] {processor.py:176} INFO - Processing /home/airflow/.local/lib/python3.7/site-packages/airflow/example_dags/example_xcomargs.py took 0.105 seconds
[2022-11-22T19:42:12.229+0000] {processor.py:154} INFO - Started process (PID=1959) to work on /home/airflow/.local/lib/python3.7/site-packages/airflow/example_dags/example_xcomargs.py
[2022-11-22T19:42:12.231+0000] {processor.py:756} INFO - Processing file /home/airflow/.local/lib/python3.7/site-packages/airflow/example_dags/example_xcomargs.py for tasks to queue
[2022-11-22T19:42:12.232+0000] {logging_mixin.py:137} INFO - [2022-11-22T19:42:12.232+0000] {dagbag.py:537} INFO - Filling up the DagBag from /home/airflow/.local/lib/python3.7/site-packages/airflow/example_dags/example_xcomargs.py
[2022-11-22T19:42:12.250+0000] {processor.py:766} INFO - DAG(s) dict_keys(['example_xcom_args_with_operators', 'example_xcom_args']) retrieved from /home/airflow/.local/lib/python3.7/site-packages/airflow/example_dags/example_xcomargs.py
[2022-11-22T19:42:12.287+0000] {logging_mixin.py:137} INFO - [2022-11-22T19:42:12.286+0000] {dag.py:2585} INFO - Sync 2 DAGs
[2022-11-22T19:42:12.313+0000] {logging_mixin.py:137} INFO - [2022-11-22T19:42:12.313+0000] {dag.py:3340} INFO - Setting next_dagrun for example_xcom_args to None, run_after=None
[2022-11-22T19:42:12.317+0000] {logging_mixin.py:137} INFO - [2022-11-22T19:42:12.317+0000] {dag.py:3340} INFO - Setting next_dagrun for example_xcom_args_with_operators to None, run_after=None
[2022-11-22T19:42:12.336+0000] {processor.py:176} INFO - Processing /home/airflow/.local/lib/python3.7/site-packages/airflow/example_dags/example_xcomargs.py took 0.109 seconds
[2022-11-22T19:42:43.292+0000] {processor.py:154} INFO - Started process (PID=2014) to work on /home/airflow/.local/lib/python3.7/site-packages/airflow/example_dags/example_xcomargs.py
[2022-11-22T19:42:43.295+0000] {processor.py:756} INFO - Processing file /home/airflow/.local/lib/python3.7/site-packages/airflow/example_dags/example_xcomargs.py for tasks to queue
[2022-11-22T19:42:43.296+0000] {logging_mixin.py:137} INFO - [2022-11-22T19:42:43.296+0000] {dagbag.py:537} INFO - Filling up the DagBag from /home/airflow/.local/lib/python3.7/site-packages/airflow/example_dags/example_xcomargs.py
[2022-11-22T19:42:43.317+0000] {processor.py:766} INFO - DAG(s) dict_keys(['example_xcom_args', 'example_xcom_args_with_operators']) retrieved from /home/airflow/.local/lib/python3.7/site-packages/airflow/example_dags/example_xcomargs.py
[2022-11-22T19:42:43.352+0000] {logging_mixin.py:137} INFO - [2022-11-22T19:42:43.352+0000] {dag.py:2585} INFO - Sync 2 DAGs
[2022-11-22T19:42:43.370+0000] {logging_mixin.py:137} INFO - [2022-11-22T19:42:43.370+0000] {dag.py:3340} INFO - Setting next_dagrun for example_xcom_args to None, run_after=None
[2022-11-22T19:42:43.374+0000] {logging_mixin.py:137} INFO - [2022-11-22T19:42:43.374+0000] {dag.py:3340} INFO - Setting next_dagrun for example_xcom_args_with_operators to None, run_after=None
[2022-11-22T19:42:43.386+0000] {processor.py:176} INFO - Processing /home/airflow/.local/lib/python3.7/site-packages/airflow/example_dags/example_xcomargs.py took 0.097 seconds
[2022-11-22T19:43:14.340+0000] {processor.py:154} INFO - Started process (PID=2076) to work on /home/airflow/.local/lib/python3.7/site-packages/airflow/example_dags/example_xcomargs.py
[2022-11-22T19:43:14.342+0000] {processor.py:756} INFO - Processing file /home/airflow/.local/lib/python3.7/site-packages/airflow/example_dags/example_xcomargs.py for tasks to queue
[2022-11-22T19:43:14.343+0000] {logging_mixin.py:137} INFO - [2022-11-22T19:43:14.343+0000] {dagbag.py:537} INFO - Filling up the DagBag from /home/airflow/.local/lib/python3.7/site-packages/airflow/example_dags/example_xcomargs.py
[2022-11-22T19:43:14.369+0000] {processor.py:766} INFO - DAG(s) dict_keys(['example_xcom_args_with_operators', 'example_xcom_args']) retrieved from /home/airflow/.local/lib/python3.7/site-packages/airflow/example_dags/example_xcomargs.py
[2022-11-22T19:43:14.400+0000] {logging_mixin.py:137} INFO - [2022-11-22T19:43:14.400+0000] {dag.py:2585} INFO - Sync 2 DAGs
[2022-11-22T19:43:14.419+0000] {logging_mixin.py:137} INFO - [2022-11-22T19:43:14.419+0000] {dag.py:3340} INFO - Setting next_dagrun for example_xcom_args to None, run_after=None
[2022-11-22T19:43:14.423+0000] {logging_mixin.py:137} INFO - [2022-11-22T19:43:14.423+0000] {dag.py:3340} INFO - Setting next_dagrun for example_xcom_args_with_operators to None, run_after=None
[2022-11-22T19:43:14.434+0000] {processor.py:176} INFO - Processing /home/airflow/.local/lib/python3.7/site-packages/airflow/example_dags/example_xcomargs.py took 0.097 seconds
[2022-11-22T19:43:45.273+0000] {processor.py:154} INFO - Started process (PID=2139) to work on /home/airflow/.local/lib/python3.7/site-packages/airflow/example_dags/example_xcomargs.py
[2022-11-22T19:43:45.276+0000] {processor.py:756} INFO - Processing file /home/airflow/.local/lib/python3.7/site-packages/airflow/example_dags/example_xcomargs.py for tasks to queue
[2022-11-22T19:43:45.278+0000] {logging_mixin.py:137} INFO - [2022-11-22T19:43:45.278+0000] {dagbag.py:537} INFO - Filling up the DagBag from /home/airflow/.local/lib/python3.7/site-packages/airflow/example_dags/example_xcomargs.py
[2022-11-22T19:43:45.302+0000] {processor.py:766} INFO - DAG(s) dict_keys(['example_xcom_args', 'example_xcom_args_with_operators']) retrieved from /home/airflow/.local/lib/python3.7/site-packages/airflow/example_dags/example_xcomargs.py
[2022-11-22T19:43:45.353+0000] {logging_mixin.py:137} INFO - [2022-11-22T19:43:45.353+0000] {dag.py:2585} INFO - Sync 2 DAGs
[2022-11-22T19:43:45.373+0000] {logging_mixin.py:137} INFO - [2022-11-22T19:43:45.373+0000] {dag.py:3340} INFO - Setting next_dagrun for example_xcom_args to None, run_after=None
[2022-11-22T19:43:45.378+0000] {logging_mixin.py:137} INFO - [2022-11-22T19:43:45.378+0000] {dag.py:3340} INFO - Setting next_dagrun for example_xcom_args_with_operators to None, run_after=None
[2022-11-22T19:43:45.391+0000] {processor.py:176} INFO - Processing /home/airflow/.local/lib/python3.7/site-packages/airflow/example_dags/example_xcomargs.py took 0.122 seconds
[2022-11-22T19:44:15.747+0000] {processor.py:154} INFO - Started process (PID=2202) to work on /home/airflow/.local/lib/python3.7/site-packages/airflow/example_dags/example_xcomargs.py
[2022-11-22T19:44:15.749+0000] {processor.py:756} INFO - Processing file /home/airflow/.local/lib/python3.7/site-packages/airflow/example_dags/example_xcomargs.py for tasks to queue
[2022-11-22T19:44:15.750+0000] {logging_mixin.py:137} INFO - [2022-11-22T19:44:15.750+0000] {dagbag.py:537} INFO - Filling up the DagBag from /home/airflow/.local/lib/python3.7/site-packages/airflow/example_dags/example_xcomargs.py
[2022-11-22T19:44:15.766+0000] {processor.py:766} INFO - DAG(s) dict_keys(['example_xcom_args_with_operators', 'example_xcom_args']) retrieved from /home/airflow/.local/lib/python3.7/site-packages/airflow/example_dags/example_xcomargs.py
[2022-11-22T19:44:15.799+0000] {logging_mixin.py:137} INFO - [2022-11-22T19:44:15.799+0000] {dag.py:2585} INFO - Sync 2 DAGs
[2022-11-22T19:44:15.815+0000] {logging_mixin.py:137} INFO - [2022-11-22T19:44:15.815+0000] {dag.py:3340} INFO - Setting next_dagrun for example_xcom_args to None, run_after=None
[2022-11-22T19:44:15.818+0000] {logging_mixin.py:137} INFO - [2022-11-22T19:44:15.818+0000] {dag.py:3340} INFO - Setting next_dagrun for example_xcom_args_with_operators to None, run_after=None
[2022-11-22T19:44:15.830+0000] {processor.py:176} INFO - Processing /home/airflow/.local/lib/python3.7/site-packages/airflow/example_dags/example_xcomargs.py took 0.085 seconds
[2022-11-22T19:44:46.867+0000] {processor.py:154} INFO - Started process (PID=2265) to work on /home/airflow/.local/lib/python3.7/site-packages/airflow/example_dags/example_xcomargs.py
[2022-11-22T19:44:46.869+0000] {processor.py:756} INFO - Processing file /home/airflow/.local/lib/python3.7/site-packages/airflow/example_dags/example_xcomargs.py for tasks to queue
[2022-11-22T19:44:46.870+0000] {logging_mixin.py:137} INFO - [2022-11-22T19:44:46.870+0000] {dagbag.py:537} INFO - Filling up the DagBag from /home/airflow/.local/lib/python3.7/site-packages/airflow/example_dags/example_xcomargs.py
[2022-11-22T19:44:46.894+0000] {processor.py:766} INFO - DAG(s) dict_keys(['example_xcom_args', 'example_xcom_args_with_operators']) retrieved from /home/airflow/.local/lib/python3.7/site-packages/airflow/example_dags/example_xcomargs.py
[2022-11-22T19:44:46.934+0000] {logging_mixin.py:137} INFO - [2022-11-22T19:44:46.934+0000] {dag.py:2585} INFO - Sync 2 DAGs
[2022-11-22T19:44:46.950+0000] {logging_mixin.py:137} INFO - [2022-11-22T19:44:46.950+0000] {dag.py:3340} INFO - Setting next_dagrun for example_xcom_args to None, run_after=None
[2022-11-22T19:44:46.954+0000] {logging_mixin.py:137} INFO - [2022-11-22T19:44:46.954+0000] {dag.py:3340} INFO - Setting next_dagrun for example_xcom_args_with_operators to None, run_after=None
[2022-11-22T19:44:46.966+0000] {processor.py:176} INFO - Processing /home/airflow/.local/lib/python3.7/site-packages/airflow/example_dags/example_xcomargs.py took 0.102 seconds
[2022-11-22T19:45:18.023+0000] {processor.py:154} INFO - Started process (PID=2326) to work on /home/airflow/.local/lib/python3.7/site-packages/airflow/example_dags/example_xcomargs.py
[2022-11-22T19:45:18.027+0000] {processor.py:756} INFO - Processing file /home/airflow/.local/lib/python3.7/site-packages/airflow/example_dags/example_xcomargs.py for tasks to queue
[2022-11-22T19:45:18.032+0000] {logging_mixin.py:137} INFO - [2022-11-22T19:45:18.032+0000] {dagbag.py:537} INFO - Filling up the DagBag from /home/airflow/.local/lib/python3.7/site-packages/airflow/example_dags/example_xcomargs.py
[2022-11-22T19:45:18.069+0000] {processor.py:766} INFO - DAG(s) dict_keys(['example_xcom_args', 'example_xcom_args_with_operators']) retrieved from /home/airflow/.local/lib/python3.7/site-packages/airflow/example_dags/example_xcomargs.py
[2022-11-22T19:45:18.108+0000] {logging_mixin.py:137} INFO - [2022-11-22T19:45:18.108+0000] {dag.py:2585} INFO - Sync 2 DAGs
[2022-11-22T19:45:18.135+0000] {logging_mixin.py:137} INFO - [2022-11-22T19:45:18.135+0000] {dag.py:3340} INFO - Setting next_dagrun for example_xcom_args to None, run_after=None
[2022-11-22T19:45:18.140+0000] {logging_mixin.py:137} INFO - [2022-11-22T19:45:18.140+0000] {dag.py:3340} INFO - Setting next_dagrun for example_xcom_args_with_operators to None, run_after=None
[2022-11-22T19:45:18.155+0000] {processor.py:176} INFO - Processing /home/airflow/.local/lib/python3.7/site-packages/airflow/example_dags/example_xcomargs.py took 0.141 seconds
[2022-11-22T19:45:48.734+0000] {processor.py:154} INFO - Started process (PID=2384) to work on /home/airflow/.local/lib/python3.7/site-packages/airflow/example_dags/example_xcomargs.py
[2022-11-22T19:45:48.736+0000] {processor.py:756} INFO - Processing file /home/airflow/.local/lib/python3.7/site-packages/airflow/example_dags/example_xcomargs.py for tasks to queue
[2022-11-22T19:45:48.737+0000] {logging_mixin.py:137} INFO - [2022-11-22T19:45:48.737+0000] {dagbag.py:537} INFO - Filling up the DagBag from /home/airflow/.local/lib/python3.7/site-packages/airflow/example_dags/example_xcomargs.py
[2022-11-22T19:45:48.753+0000] {processor.py:766} INFO - DAG(s) dict_keys(['example_xcom_args_with_operators', 'example_xcom_args']) retrieved from /home/airflow/.local/lib/python3.7/site-packages/airflow/example_dags/example_xcomargs.py
[2022-11-22T19:45:48.785+0000] {logging_mixin.py:137} INFO - [2022-11-22T19:45:48.785+0000] {dag.py:2585} INFO - Sync 2 DAGs
[2022-11-22T19:45:48.801+0000] {logging_mixin.py:137} INFO - [2022-11-22T19:45:48.801+0000] {dag.py:3340} INFO - Setting next_dagrun for example_xcom_args to None, run_after=None
[2022-11-22T19:45:48.804+0000] {logging_mixin.py:137} INFO - [2022-11-22T19:45:48.804+0000] {dag.py:3340} INFO - Setting next_dagrun for example_xcom_args_with_operators to None, run_after=None
[2022-11-22T19:45:48.816+0000] {processor.py:176} INFO - Processing /home/airflow/.local/lib/python3.7/site-packages/airflow/example_dags/example_xcomargs.py took 0.085 seconds
[2022-11-22T19:46:19.331+0000] {processor.py:154} INFO - Started process (PID=2448) to work on /home/airflow/.local/lib/python3.7/site-packages/airflow/example_dags/example_xcomargs.py
[2022-11-22T19:46:19.334+0000] {processor.py:756} INFO - Processing file /home/airflow/.local/lib/python3.7/site-packages/airflow/example_dags/example_xcomargs.py for tasks to queue
[2022-11-22T19:46:19.337+0000] {logging_mixin.py:137} INFO - [2022-11-22T19:46:19.337+0000] {dagbag.py:537} INFO - Filling up the DagBag from /home/airflow/.local/lib/python3.7/site-packages/airflow/example_dags/example_xcomargs.py
[2022-11-22T19:46:19.360+0000] {processor.py:766} INFO - DAG(s) dict_keys(['example_xcom_args', 'example_xcom_args_with_operators']) retrieved from /home/airflow/.local/lib/python3.7/site-packages/airflow/example_dags/example_xcomargs.py
[2022-11-22T19:46:19.399+0000] {logging_mixin.py:137} INFO - [2022-11-22T19:46:19.399+0000] {dag.py:2585} INFO - Sync 2 DAGs
[2022-11-22T19:46:19.418+0000] {logging_mixin.py:137} INFO - [2022-11-22T19:46:19.418+0000] {dag.py:3340} INFO - Setting next_dagrun for example_xcom_args to None, run_after=None
[2022-11-22T19:46:19.421+0000] {logging_mixin.py:137} INFO - [2022-11-22T19:46:19.421+0000] {dag.py:3340} INFO - Setting next_dagrun for example_xcom_args_with_operators to None, run_after=None
[2022-11-22T19:46:19.437+0000] {processor.py:176} INFO - Processing /home/airflow/.local/lib/python3.7/site-packages/airflow/example_dags/example_xcomargs.py took 0.115 seconds
[2022-11-22T19:46:51.062+0000] {processor.py:154} INFO - Started process (PID=2510) to work on /home/airflow/.local/lib/python3.7/site-packages/airflow/example_dags/example_xcomargs.py
[2022-11-22T19:46:51.063+0000] {processor.py:756} INFO - Processing file /home/airflow/.local/lib/python3.7/site-packages/airflow/example_dags/example_xcomargs.py for tasks to queue
[2022-11-22T19:46:51.064+0000] {logging_mixin.py:137} INFO - [2022-11-22T19:46:51.064+0000] {dagbag.py:537} INFO - Filling up the DagBag from /home/airflow/.local/lib/python3.7/site-packages/airflow/example_dags/example_xcomargs.py
[2022-11-22T19:46:51.086+0000] {processor.py:766} INFO - DAG(s) dict_keys(['example_xcom_args', 'example_xcom_args_with_operators']) retrieved from /home/airflow/.local/lib/python3.7/site-packages/airflow/example_dags/example_xcomargs.py
[2022-11-22T19:46:51.122+0000] {logging_mixin.py:137} INFO - [2022-11-22T19:46:51.122+0000] {dag.py:2585} INFO - Sync 2 DAGs
[2022-11-22T19:46:51.146+0000] {logging_mixin.py:137} INFO - [2022-11-22T19:46:51.145+0000] {dag.py:3340} INFO - Setting next_dagrun for example_xcom_args to None, run_after=None
[2022-11-22T19:46:51.151+0000] {logging_mixin.py:137} INFO - [2022-11-22T19:46:51.151+0000] {dag.py:3340} INFO - Setting next_dagrun for example_xcom_args_with_operators to None, run_after=None
[2022-11-22T19:46:51.177+0000] {processor.py:176} INFO - Processing /home/airflow/.local/lib/python3.7/site-packages/airflow/example_dags/example_xcomargs.py took 0.118 seconds
[2022-11-22T19:47:21.478+0000] {processor.py:154} INFO - Started process (PID=2573) to work on /home/airflow/.local/lib/python3.7/site-packages/airflow/example_dags/example_xcomargs.py
[2022-11-22T19:47:21.481+0000] {processor.py:756} INFO - Processing file /home/airflow/.local/lib/python3.7/site-packages/airflow/example_dags/example_xcomargs.py for tasks to queue
[2022-11-22T19:47:21.482+0000] {logging_mixin.py:137} INFO - [2022-11-22T19:47:21.482+0000] {dagbag.py:537} INFO - Filling up the DagBag from /home/airflow/.local/lib/python3.7/site-packages/airflow/example_dags/example_xcomargs.py
[2022-11-22T19:47:21.520+0000] {processor.py:766} INFO - DAG(s) dict_keys(['example_xcom_args', 'example_xcom_args_with_operators']) retrieved from /home/airflow/.local/lib/python3.7/site-packages/airflow/example_dags/example_xcomargs.py
[2022-11-22T19:47:21.566+0000] {logging_mixin.py:137} INFO - [2022-11-22T19:47:21.566+0000] {dag.py:2585} INFO - Sync 2 DAGs
[2022-11-22T19:47:21.582+0000] {logging_mixin.py:137} INFO - [2022-11-22T19:47:21.582+0000] {dag.py:3340} INFO - Setting next_dagrun for example_xcom_args to None, run_after=None
[2022-11-22T19:47:21.585+0000] {logging_mixin.py:137} INFO - [2022-11-22T19:47:21.585+0000] {dag.py:3340} INFO - Setting next_dagrun for example_xcom_args_with_operators to None, run_after=None
[2022-11-22T19:47:21.596+0000] {processor.py:176} INFO - Processing /home/airflow/.local/lib/python3.7/site-packages/airflow/example_dags/example_xcomargs.py took 0.123 seconds
[2022-11-22T19:47:51.988+0000] {processor.py:154} INFO - Started process (PID=2626) to work on /home/airflow/.local/lib/python3.7/site-packages/airflow/example_dags/example_xcomargs.py
[2022-11-22T19:47:51.993+0000] {processor.py:756} INFO - Processing file /home/airflow/.local/lib/python3.7/site-packages/airflow/example_dags/example_xcomargs.py for tasks to queue
[2022-11-22T19:47:51.997+0000] {logging_mixin.py:137} INFO - [2022-11-22T19:47:51.997+0000] {dagbag.py:537} INFO - Filling up the DagBag from /home/airflow/.local/lib/python3.7/site-packages/airflow/example_dags/example_xcomargs.py
[2022-11-22T19:47:52.030+0000] {processor.py:766} INFO - DAG(s) dict_keys(['example_xcom_args', 'example_xcom_args_with_operators']) retrieved from /home/airflow/.local/lib/python3.7/site-packages/airflow/example_dags/example_xcomargs.py
[2022-11-22T19:47:52.077+0000] {logging_mixin.py:137} INFO - [2022-11-22T19:47:52.077+0000] {dag.py:2585} INFO - Sync 2 DAGs
[2022-11-22T19:47:52.099+0000] {logging_mixin.py:137} INFO - [2022-11-22T19:47:52.099+0000] {dag.py:3340} INFO - Setting next_dagrun for example_xcom_args to None, run_after=None
[2022-11-22T19:47:52.103+0000] {logging_mixin.py:137} INFO - [2022-11-22T19:47:52.103+0000] {dag.py:3340} INFO - Setting next_dagrun for example_xcom_args_with_operators to None, run_after=None
[2022-11-22T19:47:52.116+0000] {processor.py:176} INFO - Processing /home/airflow/.local/lib/python3.7/site-packages/airflow/example_dags/example_xcomargs.py took 0.132 seconds
[2022-11-22T19:48:22.537+0000] {processor.py:154} INFO - Started process (PID=2688) to work on /home/airflow/.local/lib/python3.7/site-packages/airflow/example_dags/example_xcomargs.py
[2022-11-22T19:48:22.540+0000] {processor.py:756} INFO - Processing file /home/airflow/.local/lib/python3.7/site-packages/airflow/example_dags/example_xcomargs.py for tasks to queue
[2022-11-22T19:48:22.543+0000] {logging_mixin.py:137} INFO - [2022-11-22T19:48:22.543+0000] {dagbag.py:537} INFO - Filling up the DagBag from /home/airflow/.local/lib/python3.7/site-packages/airflow/example_dags/example_xcomargs.py
[2022-11-22T19:48:22.564+0000] {processor.py:766} INFO - DAG(s) dict_keys(['example_xcom_args', 'example_xcom_args_with_operators']) retrieved from /home/airflow/.local/lib/python3.7/site-packages/airflow/example_dags/example_xcomargs.py
[2022-11-22T19:48:22.614+0000] {logging_mixin.py:137} INFO - [2022-11-22T19:48:22.614+0000] {dag.py:2585} INFO - Sync 2 DAGs
[2022-11-22T19:48:22.635+0000] {logging_mixin.py:137} INFO - [2022-11-22T19:48:22.635+0000] {dag.py:3340} INFO - Setting next_dagrun for example_xcom_args to None, run_after=None
[2022-11-22T19:48:22.638+0000] {logging_mixin.py:137} INFO - [2022-11-22T19:48:22.638+0000] {dag.py:3340} INFO - Setting next_dagrun for example_xcom_args_with_operators to None, run_after=None
[2022-11-22T19:48:22.658+0000] {processor.py:176} INFO - Processing /home/airflow/.local/lib/python3.7/site-packages/airflow/example_dags/example_xcomargs.py took 0.123 seconds
[2022-11-22T19:48:52.953+0000] {processor.py:154} INFO - Started process (PID=2751) to work on /home/airflow/.local/lib/python3.7/site-packages/airflow/example_dags/example_xcomargs.py
[2022-11-22T19:48:52.955+0000] {processor.py:756} INFO - Processing file /home/airflow/.local/lib/python3.7/site-packages/airflow/example_dags/example_xcomargs.py for tasks to queue
[2022-11-22T19:48:52.958+0000] {logging_mixin.py:137} INFO - [2022-11-22T19:48:52.957+0000] {dagbag.py:537} INFO - Filling up the DagBag from /home/airflow/.local/lib/python3.7/site-packages/airflow/example_dags/example_xcomargs.py
[2022-11-22T19:48:52.979+0000] {processor.py:766} INFO - DAG(s) dict_keys(['example_xcom_args', 'example_xcom_args_with_operators']) retrieved from /home/airflow/.local/lib/python3.7/site-packages/airflow/example_dags/example_xcomargs.py
[2022-11-22T19:48:53.028+0000] {logging_mixin.py:137} INFO - [2022-11-22T19:48:53.027+0000] {dag.py:2585} INFO - Sync 2 DAGs
[2022-11-22T19:48:53.065+0000] {logging_mixin.py:137} INFO - [2022-11-22T19:48:53.065+0000] {dag.py:3340} INFO - Setting next_dagrun for example_xcom_args to None, run_after=None
[2022-11-22T19:48:53.069+0000] {logging_mixin.py:137} INFO - [2022-11-22T19:48:53.069+0000] {dag.py:3340} INFO - Setting next_dagrun for example_xcom_args_with_operators to None, run_after=None
[2022-11-22T19:48:53.111+0000] {processor.py:176} INFO - Processing /home/airflow/.local/lib/python3.7/site-packages/airflow/example_dags/example_xcomargs.py took 0.160 seconds
[2022-11-22T19:49:23.191+0000] {processor.py:154} INFO - Started process (PID=2814) to work on /home/airflow/.local/lib/python3.7/site-packages/airflow/example_dags/example_xcomargs.py
[2022-11-22T19:49:23.193+0000] {processor.py:756} INFO - Processing file /home/airflow/.local/lib/python3.7/site-packages/airflow/example_dags/example_xcomargs.py for tasks to queue
[2022-11-22T19:49:23.194+0000] {logging_mixin.py:137} INFO - [2022-11-22T19:49:23.194+0000] {dagbag.py:537} INFO - Filling up the DagBag from /home/airflow/.local/lib/python3.7/site-packages/airflow/example_dags/example_xcomargs.py
[2022-11-22T19:49:23.211+0000] {processor.py:766} INFO - DAG(s) dict_keys(['example_xcom_args_with_operators', 'example_xcom_args']) retrieved from /home/airflow/.local/lib/python3.7/site-packages/airflow/example_dags/example_xcomargs.py
[2022-11-22T19:49:23.241+0000] {logging_mixin.py:137} INFO - [2022-11-22T19:49:23.241+0000] {dag.py:2585} INFO - Sync 2 DAGs
[2022-11-22T19:49:23.260+0000] {logging_mixin.py:137} INFO - [2022-11-22T19:49:23.260+0000] {dag.py:3340} INFO - Setting next_dagrun for example_xcom_args to None, run_after=None
[2022-11-22T19:49:23.263+0000] {logging_mixin.py:137} INFO - [2022-11-22T19:49:23.263+0000] {dag.py:3340} INFO - Setting next_dagrun for example_xcom_args_with_operators to None, run_after=None
[2022-11-22T19:49:23.278+0000] {processor.py:176} INFO - Processing /home/airflow/.local/lib/python3.7/site-packages/airflow/example_dags/example_xcomargs.py took 0.090 seconds
[2022-11-22T19:49:53.920+0000] {processor.py:154} INFO - Started process (PID=2868) to work on /home/airflow/.local/lib/python3.7/site-packages/airflow/example_dags/example_xcomargs.py
[2022-11-22T19:49:53.922+0000] {processor.py:756} INFO - Processing file /home/airflow/.local/lib/python3.7/site-packages/airflow/example_dags/example_xcomargs.py for tasks to queue
[2022-11-22T19:49:53.925+0000] {logging_mixin.py:137} INFO - [2022-11-22T19:49:53.925+0000] {dagbag.py:537} INFO - Filling up the DagBag from /home/airflow/.local/lib/python3.7/site-packages/airflow/example_dags/example_xcomargs.py
[2022-11-22T19:49:53.946+0000] {processor.py:766} INFO - DAG(s) dict_keys(['example_xcom_args', 'example_xcom_args_with_operators']) retrieved from /home/airflow/.local/lib/python3.7/site-packages/airflow/example_dags/example_xcomargs.py
[2022-11-22T19:49:53.980+0000] {logging_mixin.py:137} INFO - [2022-11-22T19:49:53.979+0000] {dag.py:2585} INFO - Sync 2 DAGs
[2022-11-22T19:49:54.000+0000] {logging_mixin.py:137} INFO - [2022-11-22T19:49:54.000+0000] {dag.py:3340} INFO - Setting next_dagrun for example_xcom_args to None, run_after=None
[2022-11-22T19:49:54.004+0000] {logging_mixin.py:137} INFO - [2022-11-22T19:49:54.004+0000] {dag.py:3340} INFO - Setting next_dagrun for example_xcom_args_with_operators to None, run_after=None
[2022-11-22T19:49:54.019+0000] {processor.py:176} INFO - Processing /home/airflow/.local/lib/python3.7/site-packages/airflow/example_dags/example_xcomargs.py took 0.103 seconds
[2022-11-22T19:50:24.746+0000] {processor.py:154} INFO - Started process (PID=2932) to work on /home/airflow/.local/lib/python3.7/site-packages/airflow/example_dags/example_xcomargs.py
[2022-11-22T19:50:24.749+0000] {processor.py:756} INFO - Processing file /home/airflow/.local/lib/python3.7/site-packages/airflow/example_dags/example_xcomargs.py for tasks to queue
[2022-11-22T19:50:24.750+0000] {logging_mixin.py:137} INFO - [2022-11-22T19:50:24.750+0000] {dagbag.py:537} INFO - Filling up the DagBag from /home/airflow/.local/lib/python3.7/site-packages/airflow/example_dags/example_xcomargs.py
[2022-11-22T19:50:24.778+0000] {processor.py:766} INFO - DAG(s) dict_keys(['example_xcom_args_with_operators', 'example_xcom_args']) retrieved from /home/airflow/.local/lib/python3.7/site-packages/airflow/example_dags/example_xcomargs.py
[2022-11-22T19:50:24.827+0000] {logging_mixin.py:137} INFO - [2022-11-22T19:50:24.827+0000] {dag.py:2585} INFO - Sync 2 DAGs
[2022-11-22T19:50:24.848+0000] {logging_mixin.py:137} INFO - [2022-11-22T19:50:24.848+0000] {dag.py:3340} INFO - Setting next_dagrun for example_xcom_args to None, run_after=None
[2022-11-22T19:50:24.853+0000] {logging_mixin.py:137} INFO - [2022-11-22T19:50:24.852+0000] {dag.py:3340} INFO - Setting next_dagrun for example_xcom_args_with_operators to None, run_after=None
[2022-11-22T19:50:24.865+0000] {processor.py:176} INFO - Processing /home/airflow/.local/lib/python3.7/site-packages/airflow/example_dags/example_xcomargs.py took 0.122 seconds
[2022-11-22T19:50:55.242+0000] {processor.py:154} INFO - Started process (PID=2995) to work on /home/airflow/.local/lib/python3.7/site-packages/airflow/example_dags/example_xcomargs.py
[2022-11-22T19:50:55.246+0000] {processor.py:756} INFO - Processing file /home/airflow/.local/lib/python3.7/site-packages/airflow/example_dags/example_xcomargs.py for tasks to queue
[2022-11-22T19:50:55.248+0000] {logging_mixin.py:137} INFO - [2022-11-22T19:50:55.248+0000] {dagbag.py:537} INFO - Filling up the DagBag from /home/airflow/.local/lib/python3.7/site-packages/airflow/example_dags/example_xcomargs.py
[2022-11-22T19:50:55.272+0000] {processor.py:766} INFO - DAG(s) dict_keys(['example_xcom_args_with_operators', 'example_xcom_args']) retrieved from /home/airflow/.local/lib/python3.7/site-packages/airflow/example_dags/example_xcomargs.py
[2022-11-22T19:50:55.334+0000] {logging_mixin.py:137} INFO - [2022-11-22T19:50:55.334+0000] {dag.py:2585} INFO - Sync 2 DAGs
[2022-11-22T19:50:55.371+0000] {logging_mixin.py:137} INFO - [2022-11-22T19:50:55.371+0000] {dag.py:3340} INFO - Setting next_dagrun for example_xcom_args to None, run_after=None
[2022-11-22T19:50:55.378+0000] {logging_mixin.py:137} INFO - [2022-11-22T19:50:55.378+0000] {dag.py:3340} INFO - Setting next_dagrun for example_xcom_args_with_operators to None, run_after=None
[2022-11-22T19:50:55.395+0000] {processor.py:176} INFO - Processing /home/airflow/.local/lib/python3.7/site-packages/airflow/example_dags/example_xcomargs.py took 0.157 seconds
[2022-11-22T19:51:26.119+0000] {processor.py:154} INFO - Started process (PID=3058) to work on /home/airflow/.local/lib/python3.7/site-packages/airflow/example_dags/example_xcomargs.py
[2022-11-22T19:51:26.121+0000] {processor.py:756} INFO - Processing file /home/airflow/.local/lib/python3.7/site-packages/airflow/example_dags/example_xcomargs.py for tasks to queue
[2022-11-22T19:51:26.122+0000] {logging_mixin.py:137} INFO - [2022-11-22T19:51:26.122+0000] {dagbag.py:537} INFO - Filling up the DagBag from /home/airflow/.local/lib/python3.7/site-packages/airflow/example_dags/example_xcomargs.py
[2022-11-22T19:51:26.140+0000] {processor.py:766} INFO - DAG(s) dict_keys(['example_xcom_args_with_operators', 'example_xcom_args']) retrieved from /home/airflow/.local/lib/python3.7/site-packages/airflow/example_dags/example_xcomargs.py
[2022-11-22T19:51:26.181+0000] {logging_mixin.py:137} INFO - [2022-11-22T19:51:26.181+0000] {dag.py:2585} INFO - Sync 2 DAGs
[2022-11-22T19:51:26.199+0000] {logging_mixin.py:137} INFO - [2022-11-22T19:51:26.199+0000] {dag.py:3340} INFO - Setting next_dagrun for example_xcom_args to None, run_after=None
[2022-11-22T19:51:26.202+0000] {logging_mixin.py:137} INFO - [2022-11-22T19:51:26.202+0000] {dag.py:3340} INFO - Setting next_dagrun for example_xcom_args_with_operators to None, run_after=None
[2022-11-22T19:51:26.214+0000] {processor.py:176} INFO - Processing /home/airflow/.local/lib/python3.7/site-packages/airflow/example_dags/example_xcomargs.py took 0.098 seconds
[2022-11-22T19:51:57.099+0000] {processor.py:154} INFO - Started process (PID=3121) to work on /home/airflow/.local/lib/python3.7/site-packages/airflow/example_dags/example_xcomargs.py
[2022-11-22T19:51:57.101+0000] {processor.py:756} INFO - Processing file /home/airflow/.local/lib/python3.7/site-packages/airflow/example_dags/example_xcomargs.py for tasks to queue
[2022-11-22T19:51:57.102+0000] {logging_mixin.py:137} INFO - [2022-11-22T19:51:57.102+0000] {dagbag.py:537} INFO - Filling up the DagBag from /home/airflow/.local/lib/python3.7/site-packages/airflow/example_dags/example_xcomargs.py
[2022-11-22T19:51:57.119+0000] {processor.py:766} INFO - DAG(s) dict_keys(['example_xcom_args', 'example_xcom_args_with_operators']) retrieved from /home/airflow/.local/lib/python3.7/site-packages/airflow/example_dags/example_xcomargs.py
[2022-11-22T19:51:57.154+0000] {logging_mixin.py:137} INFO - [2022-11-22T19:51:57.154+0000] {dag.py:2585} INFO - Sync 2 DAGs
[2022-11-22T19:51:57.175+0000] {logging_mixin.py:137} INFO - [2022-11-22T19:51:57.175+0000] {dag.py:3340} INFO - Setting next_dagrun for example_xcom_args to None, run_after=None
[2022-11-22T19:51:57.179+0000] {logging_mixin.py:137} INFO - [2022-11-22T19:51:57.179+0000] {dag.py:3340} INFO - Setting next_dagrun for example_xcom_args_with_operators to None, run_after=None
[2022-11-22T19:51:57.196+0000] {processor.py:176} INFO - Processing /home/airflow/.local/lib/python3.7/site-packages/airflow/example_dags/example_xcomargs.py took 0.099 seconds
[2022-11-22T19:52:28.237+0000] {processor.py:154} INFO - Started process (PID=3174) to work on /home/airflow/.local/lib/python3.7/site-packages/airflow/example_dags/example_xcomargs.py
[2022-11-22T19:52:28.239+0000] {processor.py:756} INFO - Processing file /home/airflow/.local/lib/python3.7/site-packages/airflow/example_dags/example_xcomargs.py for tasks to queue
[2022-11-22T19:52:28.241+0000] {logging_mixin.py:137} INFO - [2022-11-22T19:52:28.241+0000] {dagbag.py:537} INFO - Filling up the DagBag from /home/airflow/.local/lib/python3.7/site-packages/airflow/example_dags/example_xcomargs.py
[2022-11-22T19:52:28.261+0000] {processor.py:766} INFO - DAG(s) dict_keys(['example_xcom_args_with_operators', 'example_xcom_args']) retrieved from /home/airflow/.local/lib/python3.7/site-packages/airflow/example_dags/example_xcomargs.py
[2022-11-22T19:52:28.294+0000] {logging_mixin.py:137} INFO - [2022-11-22T19:52:28.294+0000] {dag.py:2585} INFO - Sync 2 DAGs
[2022-11-22T19:52:28.312+0000] {logging_mixin.py:137} INFO - [2022-11-22T19:52:28.312+0000] {dag.py:3340} INFO - Setting next_dagrun for example_xcom_args to None, run_after=None
[2022-11-22T19:52:28.317+0000] {logging_mixin.py:137} INFO - [2022-11-22T19:52:28.317+0000] {dag.py:3340} INFO - Setting next_dagrun for example_xcom_args_with_operators to None, run_after=None
[2022-11-22T19:52:28.331+0000] {processor.py:176} INFO - Processing /home/airflow/.local/lib/python3.7/site-packages/airflow/example_dags/example_xcomargs.py took 0.099 seconds
[2022-11-22T19:52:59.346+0000] {processor.py:154} INFO - Started process (PID=3236) to work on /home/airflow/.local/lib/python3.7/site-packages/airflow/example_dags/example_xcomargs.py
[2022-11-22T19:52:59.347+0000] {processor.py:756} INFO - Processing file /home/airflow/.local/lib/python3.7/site-packages/airflow/example_dags/example_xcomargs.py for tasks to queue
[2022-11-22T19:52:59.348+0000] {logging_mixin.py:137} INFO - [2022-11-22T19:52:59.348+0000] {dagbag.py:537} INFO - Filling up the DagBag from /home/airflow/.local/lib/python3.7/site-packages/airflow/example_dags/example_xcomargs.py
[2022-11-22T19:52:59.367+0000] {processor.py:766} INFO - DAG(s) dict_keys(['example_xcom_args_with_operators', 'example_xcom_args']) retrieved from /home/airflow/.local/lib/python3.7/site-packages/airflow/example_dags/example_xcomargs.py
[2022-11-22T19:52:59.415+0000] {logging_mixin.py:137} INFO - [2022-11-22T19:52:59.415+0000] {dag.py:2585} INFO - Sync 2 DAGs
[2022-11-22T19:52:59.437+0000] {logging_mixin.py:137} INFO - [2022-11-22T19:52:59.437+0000] {dag.py:3340} INFO - Setting next_dagrun for example_xcom_args to None, run_after=None
[2022-11-22T19:52:59.441+0000] {logging_mixin.py:137} INFO - [2022-11-22T19:52:59.441+0000] {dag.py:3340} INFO - Setting next_dagrun for example_xcom_args_with_operators to None, run_after=None
[2022-11-22T19:52:59.455+0000] {processor.py:176} INFO - Processing /home/airflow/.local/lib/python3.7/site-packages/airflow/example_dags/example_xcomargs.py took 0.113 seconds
[2022-11-22T19:53:30.404+0000] {processor.py:154} INFO - Started process (PID=3299) to work on /home/airflow/.local/lib/python3.7/site-packages/airflow/example_dags/example_xcomargs.py
[2022-11-22T19:53:30.405+0000] {processor.py:756} INFO - Processing file /home/airflow/.local/lib/python3.7/site-packages/airflow/example_dags/example_xcomargs.py for tasks to queue
[2022-11-22T19:53:30.406+0000] {logging_mixin.py:137} INFO - [2022-11-22T19:53:30.406+0000] {dagbag.py:537} INFO - Filling up the DagBag from /home/airflow/.local/lib/python3.7/site-packages/airflow/example_dags/example_xcomargs.py
[2022-11-22T19:53:30.427+0000] {processor.py:766} INFO - DAG(s) dict_keys(['example_xcom_args_with_operators', 'example_xcom_args']) retrieved from /home/airflow/.local/lib/python3.7/site-packages/airflow/example_dags/example_xcomargs.py
[2022-11-22T19:53:30.465+0000] {logging_mixin.py:137} INFO - [2022-11-22T19:53:30.465+0000] {dag.py:2585} INFO - Sync 2 DAGs
[2022-11-22T19:53:30.483+0000] {logging_mixin.py:137} INFO - [2022-11-22T19:53:30.483+0000] {dag.py:3340} INFO - Setting next_dagrun for example_xcom_args to None, run_after=None
[2022-11-22T19:53:30.487+0000] {logging_mixin.py:137} INFO - [2022-11-22T19:53:30.487+0000] {dag.py:3340} INFO - Setting next_dagrun for example_xcom_args_with_operators to None, run_after=None
[2022-11-22T19:53:30.499+0000] {processor.py:176} INFO - Processing /home/airflow/.local/lib/python3.7/site-packages/airflow/example_dags/example_xcomargs.py took 0.098 seconds
[2022-11-22T19:54:01.135+0000] {processor.py:154} INFO - Started process (PID=3362) to work on /home/airflow/.local/lib/python3.7/site-packages/airflow/example_dags/example_xcomargs.py
[2022-11-22T19:54:01.137+0000] {processor.py:756} INFO - Processing file /home/airflow/.local/lib/python3.7/site-packages/airflow/example_dags/example_xcomargs.py for tasks to queue
[2022-11-22T19:54:01.138+0000] {logging_mixin.py:137} INFO - [2022-11-22T19:54:01.138+0000] {dagbag.py:537} INFO - Filling up the DagBag from /home/airflow/.local/lib/python3.7/site-packages/airflow/example_dags/example_xcomargs.py
[2022-11-22T19:54:01.159+0000] {processor.py:766} INFO - DAG(s) dict_keys(['example_xcom_args', 'example_xcom_args_with_operators']) retrieved from /home/airflow/.local/lib/python3.7/site-packages/airflow/example_dags/example_xcomargs.py
[2022-11-22T19:54:01.199+0000] {logging_mixin.py:137} INFO - [2022-11-22T19:54:01.199+0000] {dag.py:2585} INFO - Sync 2 DAGs
[2022-11-22T19:54:01.217+0000] {logging_mixin.py:137} INFO - [2022-11-22T19:54:01.217+0000] {dag.py:3340} INFO - Setting next_dagrun for example_xcom_args to None, run_after=None
[2022-11-22T19:54:01.221+0000] {logging_mixin.py:137} INFO - [2022-11-22T19:54:01.221+0000] {dag.py:3340} INFO - Setting next_dagrun for example_xcom_args_with_operators to None, run_after=None
[2022-11-22T19:54:01.231+0000] {processor.py:176} INFO - Processing /home/airflow/.local/lib/python3.7/site-packages/airflow/example_dags/example_xcomargs.py took 0.100 seconds
[2022-11-22T19:54:32.462+0000] {processor.py:154} INFO - Started process (PID=3424) to work on /home/airflow/.local/lib/python3.7/site-packages/airflow/example_dags/example_xcomargs.py
[2022-11-22T19:54:32.466+0000] {processor.py:756} INFO - Processing file /home/airflow/.local/lib/python3.7/site-packages/airflow/example_dags/example_xcomargs.py for tasks to queue
[2022-11-22T19:54:32.468+0000] {logging_mixin.py:137} INFO - [2022-11-22T19:54:32.468+0000] {dagbag.py:537} INFO - Filling up the DagBag from /home/airflow/.local/lib/python3.7/site-packages/airflow/example_dags/example_xcomargs.py
[2022-11-22T19:54:32.504+0000] {processor.py:766} INFO - DAG(s) dict_keys(['example_xcom_args_with_operators', 'example_xcom_args']) retrieved from /home/airflow/.local/lib/python3.7/site-packages/airflow/example_dags/example_xcomargs.py
[2022-11-22T19:54:32.553+0000] {logging_mixin.py:137} INFO - [2022-11-22T19:54:32.552+0000] {dag.py:2585} INFO - Sync 2 DAGs
[2022-11-22T19:54:32.597+0000] {logging_mixin.py:137} INFO - [2022-11-22T19:54:32.597+0000] {dag.py:3340} INFO - Setting next_dagrun for example_xcom_args to None, run_after=None
[2022-11-22T19:54:32.603+0000] {logging_mixin.py:137} INFO - [2022-11-22T19:54:32.603+0000] {dag.py:3340} INFO - Setting next_dagrun for example_xcom_args_with_operators to None, run_after=None
[2022-11-22T19:54:32.656+0000] {processor.py:176} INFO - Processing /home/airflow/.local/lib/python3.7/site-packages/airflow/example_dags/example_xcomargs.py took 0.198 seconds
[2022-11-22T19:55:03.675+0000] {processor.py:154} INFO - Started process (PID=3478) to work on /home/airflow/.local/lib/python3.7/site-packages/airflow/example_dags/example_xcomargs.py
[2022-11-22T19:55:03.678+0000] {processor.py:756} INFO - Processing file /home/airflow/.local/lib/python3.7/site-packages/airflow/example_dags/example_xcomargs.py for tasks to queue
[2022-11-22T19:55:03.680+0000] {logging_mixin.py:137} INFO - [2022-11-22T19:55:03.680+0000] {dagbag.py:537} INFO - Filling up the DagBag from /home/airflow/.local/lib/python3.7/site-packages/airflow/example_dags/example_xcomargs.py
[2022-11-22T19:55:03.714+0000] {processor.py:766} INFO - DAG(s) dict_keys(['example_xcom_args', 'example_xcom_args_with_operators']) retrieved from /home/airflow/.local/lib/python3.7/site-packages/airflow/example_dags/example_xcomargs.py
[2022-11-22T19:55:03.797+0000] {logging_mixin.py:137} INFO - [2022-11-22T19:55:03.797+0000] {dag.py:2585} INFO - Sync 2 DAGs
[2022-11-22T19:55:03.820+0000] {logging_mixin.py:137} INFO - [2022-11-22T19:55:03.819+0000] {dag.py:3340} INFO - Setting next_dagrun for example_xcom_args to None, run_after=None
[2022-11-22T19:55:03.835+0000] {logging_mixin.py:137} INFO - [2022-11-22T19:55:03.834+0000] {dag.py:3340} INFO - Setting next_dagrun for example_xcom_args_with_operators to None, run_after=None
[2022-11-22T19:55:03.889+0000] {processor.py:176} INFO - Processing /home/airflow/.local/lib/python3.7/site-packages/airflow/example_dags/example_xcomargs.py took 0.220 seconds
[2022-11-22T19:55:33.952+0000] {processor.py:154} INFO - Started process (PID=3541) to work on /home/airflow/.local/lib/python3.7/site-packages/airflow/example_dags/example_xcomargs.py
[2022-11-22T19:55:33.954+0000] {processor.py:756} INFO - Processing file /home/airflow/.local/lib/python3.7/site-packages/airflow/example_dags/example_xcomargs.py for tasks to queue
[2022-11-22T19:55:33.955+0000] {logging_mixin.py:137} INFO - [2022-11-22T19:55:33.955+0000] {dagbag.py:537} INFO - Filling up the DagBag from /home/airflow/.local/lib/python3.7/site-packages/airflow/example_dags/example_xcomargs.py
[2022-11-22T19:55:33.982+0000] {processor.py:766} INFO - DAG(s) dict_keys(['example_xcom_args', 'example_xcom_args_with_operators']) retrieved from /home/airflow/.local/lib/python3.7/site-packages/airflow/example_dags/example_xcomargs.py
[2022-11-22T19:55:34.020+0000] {logging_mixin.py:137} INFO - [2022-11-22T19:55:34.019+0000] {dag.py:2585} INFO - Sync 2 DAGs
[2022-11-22T19:55:34.037+0000] {logging_mixin.py:137} INFO - [2022-11-22T19:55:34.037+0000] {dag.py:3340} INFO - Setting next_dagrun for example_xcom_args to None, run_after=None
[2022-11-22T19:55:34.039+0000] {logging_mixin.py:137} INFO - [2022-11-22T19:55:34.039+0000] {dag.py:3340} INFO - Setting next_dagrun for example_xcom_args_with_operators to None, run_after=None
[2022-11-22T19:55:34.058+0000] {processor.py:176} INFO - Processing /home/airflow/.local/lib/python3.7/site-packages/airflow/example_dags/example_xcomargs.py took 0.112 seconds
[2022-11-22T19:56:04.429+0000] {processor.py:154} INFO - Started process (PID=3605) to work on /home/airflow/.local/lib/python3.7/site-packages/airflow/example_dags/example_xcomargs.py
[2022-11-22T19:56:04.433+0000] {processor.py:756} INFO - Processing file /home/airflow/.local/lib/python3.7/site-packages/airflow/example_dags/example_xcomargs.py for tasks to queue
[2022-11-22T19:56:04.435+0000] {logging_mixin.py:137} INFO - [2022-11-22T19:56:04.435+0000] {dagbag.py:537} INFO - Filling up the DagBag from /home/airflow/.local/lib/python3.7/site-packages/airflow/example_dags/example_xcomargs.py
[2022-11-22T19:56:04.636+0000] {processor.py:766} INFO - DAG(s) dict_keys(['example_xcom_args_with_operators', 'example_xcom_args']) retrieved from /home/airflow/.local/lib/python3.7/site-packages/airflow/example_dags/example_xcomargs.py
[2022-11-22T19:56:04.849+0000] {logging_mixin.py:137} INFO - [2022-11-22T19:56:04.848+0000] {dag.py:2585} INFO - Sync 2 DAGs
[2022-11-22T19:56:04.939+0000] {logging_mixin.py:137} INFO - [2022-11-22T19:56:04.939+0000] {dag.py:3340} INFO - Setting next_dagrun for example_xcom_args to None, run_after=None
[2022-11-22T19:56:04.970+0000] {logging_mixin.py:137} INFO - [2022-11-22T19:56:04.970+0000] {dag.py:3340} INFO - Setting next_dagrun for example_xcom_args_with_operators to None, run_after=None
[2022-11-22T19:56:04.989+0000] {processor.py:176} INFO - Processing /home/airflow/.local/lib/python3.7/site-packages/airflow/example_dags/example_xcomargs.py took 0.588 seconds
[2022-11-22T19:56:35.812+0000] {processor.py:154} INFO - Started process (PID=3667) to work on /home/airflow/.local/lib/python3.7/site-packages/airflow/example_dags/example_xcomargs.py
[2022-11-22T19:56:35.815+0000] {processor.py:756} INFO - Processing file /home/airflow/.local/lib/python3.7/site-packages/airflow/example_dags/example_xcomargs.py for tasks to queue
[2022-11-22T19:56:35.817+0000] {logging_mixin.py:137} INFO - [2022-11-22T19:56:35.817+0000] {dagbag.py:537} INFO - Filling up the DagBag from /home/airflow/.local/lib/python3.7/site-packages/airflow/example_dags/example_xcomargs.py
[2022-11-22T19:56:35.841+0000] {processor.py:766} INFO - DAG(s) dict_keys(['example_xcom_args_with_operators', 'example_xcom_args']) retrieved from /home/airflow/.local/lib/python3.7/site-packages/airflow/example_dags/example_xcomargs.py
[2022-11-22T19:56:35.880+0000] {logging_mixin.py:137} INFO - [2022-11-22T19:56:35.880+0000] {dag.py:2585} INFO - Sync 2 DAGs
[2022-11-22T19:56:35.899+0000] {logging_mixin.py:137} INFO - [2022-11-22T19:56:35.899+0000] {dag.py:3340} INFO - Setting next_dagrun for example_xcom_args to None, run_after=None
[2022-11-22T19:56:35.906+0000] {logging_mixin.py:137} INFO - [2022-11-22T19:56:35.906+0000] {dag.py:3340} INFO - Setting next_dagrun for example_xcom_args_with_operators to None, run_after=None
[2022-11-22T19:56:35.921+0000] {processor.py:176} INFO - Processing /home/airflow/.local/lib/python3.7/site-packages/airflow/example_dags/example_xcomargs.py took 0.112 seconds
[2022-11-22T19:57:06.463+0000] {processor.py:154} INFO - Started process (PID=3721) to work on /home/airflow/.local/lib/python3.7/site-packages/airflow/example_dags/example_xcomargs.py
[2022-11-22T19:57:06.466+0000] {processor.py:756} INFO - Processing file /home/airflow/.local/lib/python3.7/site-packages/airflow/example_dags/example_xcomargs.py for tasks to queue
[2022-11-22T19:57:06.468+0000] {logging_mixin.py:137} INFO - [2022-11-22T19:57:06.468+0000] {dagbag.py:537} INFO - Filling up the DagBag from /home/airflow/.local/lib/python3.7/site-packages/airflow/example_dags/example_xcomargs.py
[2022-11-22T19:57:06.504+0000] {processor.py:766} INFO - DAG(s) dict_keys(['example_xcom_args', 'example_xcom_args_with_operators']) retrieved from /home/airflow/.local/lib/python3.7/site-packages/airflow/example_dags/example_xcomargs.py
[2022-11-22T19:57:06.583+0000] {logging_mixin.py:137} INFO - [2022-11-22T19:57:06.583+0000] {dag.py:2585} INFO - Sync 2 DAGs
[2022-11-22T19:57:06.606+0000] {logging_mixin.py:137} INFO - [2022-11-22T19:57:06.606+0000] {dag.py:3340} INFO - Setting next_dagrun for example_xcom_args to None, run_after=None
[2022-11-22T19:57:06.611+0000] {logging_mixin.py:137} INFO - [2022-11-22T19:57:06.611+0000] {dag.py:3340} INFO - Setting next_dagrun for example_xcom_args_with_operators to None, run_after=None
[2022-11-22T19:57:06.626+0000] {processor.py:176} INFO - Processing /home/airflow/.local/lib/python3.7/site-packages/airflow/example_dags/example_xcomargs.py took 0.169 seconds
[2022-11-22T20:30:52.545+0000] {processor.py:154} INFO - Started process (PID=3785) to work on /home/airflow/.local/lib/python3.7/site-packages/airflow/example_dags/example_xcomargs.py
[2022-11-22T20:30:52.547+0000] {processor.py:756} INFO - Processing file /home/airflow/.local/lib/python3.7/site-packages/airflow/example_dags/example_xcomargs.py for tasks to queue
[2022-11-22T20:30:52.548+0000] {logging_mixin.py:137} INFO - [2022-11-22T20:30:52.548+0000] {dagbag.py:537} INFO - Filling up the DagBag from /home/airflow/.local/lib/python3.7/site-packages/airflow/example_dags/example_xcomargs.py
[2022-11-22T20:30:52.586+0000] {processor.py:766} INFO - DAG(s) dict_keys(['example_xcom_args_with_operators', 'example_xcom_args']) retrieved from /home/airflow/.local/lib/python3.7/site-packages/airflow/example_dags/example_xcomargs.py
[2022-11-22T20:30:52.649+0000] {logging_mixin.py:137} INFO - [2022-11-22T20:30:52.649+0000] {dag.py:2585} INFO - Sync 2 DAGs
[2022-11-22T20:30:52.769+0000] {logging_mixin.py:137} INFO - [2022-11-22T20:30:52.768+0000] {dag.py:3340} INFO - Setting next_dagrun for example_xcom_args to None, run_after=None
[2022-11-22T20:30:52.780+0000] {logging_mixin.py:137} INFO - [2022-11-22T20:30:52.780+0000] {dag.py:3340} INFO - Setting next_dagrun for example_xcom_args_with_operators to None, run_after=None
[2022-11-22T20:30:52.806+0000] {processor.py:176} INFO - Processing /home/airflow/.local/lib/python3.7/site-packages/airflow/example_dags/example_xcomargs.py took 0.265 seconds
[2022-11-22T21:34:48.738+0000] {processor.py:154} INFO - Started process (PID=3839) to work on /home/airflow/.local/lib/python3.7/site-packages/airflow/example_dags/example_xcomargs.py
[2022-11-22T21:34:48.740+0000] {processor.py:756} INFO - Processing file /home/airflow/.local/lib/python3.7/site-packages/airflow/example_dags/example_xcomargs.py for tasks to queue
[2022-11-22T21:34:48.741+0000] {logging_mixin.py:137} INFO - [2022-11-22T21:34:48.741+0000] {dagbag.py:537} INFO - Filling up the DagBag from /home/airflow/.local/lib/python3.7/site-packages/airflow/example_dags/example_xcomargs.py
[2022-11-22T21:34:48.757+0000] {processor.py:766} INFO - DAG(s) dict_keys(['example_xcom_args_with_operators', 'example_xcom_args']) retrieved from /home/airflow/.local/lib/python3.7/site-packages/airflow/example_dags/example_xcomargs.py
[2022-11-22T21:34:48.795+0000] {logging_mixin.py:137} INFO - [2022-11-22T21:34:48.795+0000] {dag.py:2585} INFO - Sync 2 DAGs
[2022-11-22T21:34:48.814+0000] {logging_mixin.py:137} INFO - [2022-11-22T21:34:48.813+0000] {dag.py:3340} INFO - Setting next_dagrun for example_xcom_args to None, run_after=None
[2022-11-22T21:34:48.816+0000] {logging_mixin.py:137} INFO - [2022-11-22T21:34:48.816+0000] {dag.py:3340} INFO - Setting next_dagrun for example_xcom_args_with_operators to None, run_after=None
[2022-11-22T21:34:48.828+0000] {processor.py:176} INFO - Processing /home/airflow/.local/lib/python3.7/site-packages/airflow/example_dags/example_xcomargs.py took 0.092 seconds
[2022-11-22T22:39:30.351+0000] {processor.py:154} INFO - Started process (PID=3903) to work on /home/airflow/.local/lib/python3.7/site-packages/airflow/example_dags/example_xcomargs.py
[2022-11-22T22:39:30.356+0000] {processor.py:756} INFO - Processing file /home/airflow/.local/lib/python3.7/site-packages/airflow/example_dags/example_xcomargs.py for tasks to queue
[2022-11-22T22:39:30.360+0000] {logging_mixin.py:137} INFO - [2022-11-22T22:39:30.360+0000] {dagbag.py:537} INFO - Filling up the DagBag from /home/airflow/.local/lib/python3.7/site-packages/airflow/example_dags/example_xcomargs.py
[2022-11-22T22:39:30.412+0000] {processor.py:766} INFO - DAG(s) dict_keys(['example_xcom_args', 'example_xcom_args_with_operators']) retrieved from /home/airflow/.local/lib/python3.7/site-packages/airflow/example_dags/example_xcomargs.py
[2022-11-22T22:39:30.592+0000] {logging_mixin.py:137} INFO - [2022-11-22T22:39:30.591+0000] {dag.py:2585} INFO - Sync 2 DAGs
[2022-11-22T22:39:30.643+0000] {logging_mixin.py:137} INFO - [2022-11-22T22:39:30.643+0000] {dag.py:3340} INFO - Setting next_dagrun for example_xcom_args to None, run_after=None
[2022-11-22T22:39:30.659+0000] {logging_mixin.py:137} INFO - [2022-11-22T22:39:30.658+0000] {dag.py:3340} INFO - Setting next_dagrun for example_xcom_args_with_operators to None, run_after=None
[2022-11-22T22:39:30.716+0000] {processor.py:176} INFO - Processing /home/airflow/.local/lib/python3.7/site-packages/airflow/example_dags/example_xcomargs.py took 0.372 seconds
[2022-11-22T23:47:25.993+0000] {processor.py:154} INFO - Started process (PID=3957) to work on /home/airflow/.local/lib/python3.7/site-packages/airflow/example_dags/example_xcomargs.py
[2022-11-22T23:47:25.995+0000] {processor.py:756} INFO - Processing file /home/airflow/.local/lib/python3.7/site-packages/airflow/example_dags/example_xcomargs.py for tasks to queue
[2022-11-22T23:47:25.997+0000] {logging_mixin.py:137} INFO - [2022-11-22T23:47:25.997+0000] {dagbag.py:537} INFO - Filling up the DagBag from /home/airflow/.local/lib/python3.7/site-packages/airflow/example_dags/example_xcomargs.py
[2022-11-22T23:47:26.013+0000] {processor.py:766} INFO - DAG(s) dict_keys(['example_xcom_args_with_operators', 'example_xcom_args']) retrieved from /home/airflow/.local/lib/python3.7/site-packages/airflow/example_dags/example_xcomargs.py
[2022-11-22T23:47:26.052+0000] {logging_mixin.py:137} INFO - [2022-11-22T23:47:26.052+0000] {dag.py:2585} INFO - Sync 2 DAGs
[2022-11-22T23:47:26.071+0000] {logging_mixin.py:137} INFO - [2022-11-22T23:47:26.071+0000] {dag.py:3340} INFO - Setting next_dagrun for example_xcom_args to None, run_after=None
[2022-11-22T23:47:26.075+0000] {logging_mixin.py:137} INFO - [2022-11-22T23:47:26.075+0000] {dag.py:3340} INFO - Setting next_dagrun for example_xcom_args_with_operators to None, run_after=None
[2022-11-22T23:47:26.090+0000] {processor.py:176} INFO - Processing /home/airflow/.local/lib/python3.7/site-packages/airflow/example_dags/example_xcomargs.py took 0.100 seconds
