[2022-11-22T19:26:18.932+0000] {processor.py:154} INFO - Started process (PID=53) to work on /home/airflow/.local/lib/python3.7/site-packages/airflow/example_dags/example_short_circuit_operator.py
[2022-11-22T19:26:18.937+0000] {processor.py:756} INFO - Processing file /home/airflow/.local/lib/python3.7/site-packages/airflow/example_dags/example_short_circuit_operator.py for tasks to queue
[2022-11-22T19:26:18.943+0000] {logging_mixin.py:137} INFO - [2022-11-22T19:26:18.943+0000] {dagbag.py:537} INFO - Filling up the DagBag from /home/airflow/.local/lib/python3.7/site-packages/airflow/example_dags/example_short_circuit_operator.py
[2022-11-22T19:26:19.050+0000] {processor.py:766} INFO - DAG(s) dict_keys(['example_short_circuit_operator']) retrieved from /home/airflow/.local/lib/python3.7/site-packages/airflow/example_dags/example_short_circuit_operator.py
[2022-11-22T19:26:19.678+0000] {logging_mixin.py:137} INFO - [2022-11-22T19:26:19.678+0000] {manager.py:507} INFO - Created Permission View: can delete on DAG:example_short_circuit_operator
[2022-11-22T19:26:19.746+0000] {logging_mixin.py:137} INFO - [2022-11-22T19:26:19.746+0000] {manager.py:507} INFO - Created Permission View: can read on DAG:example_short_circuit_operator
[2022-11-22T19:26:19.894+0000] {logging_mixin.py:137} INFO - [2022-11-22T19:26:19.894+0000] {manager.py:507} INFO - Created Permission View: can edit on DAG:example_short_circuit_operator
[2022-11-22T19:26:19.897+0000] {logging_mixin.py:137} INFO - [2022-11-22T19:26:19.896+0000] {dag.py:2585} INFO - Sync 1 DAGs
[2022-11-22T19:26:20.102+0000] {logging_mixin.py:137} INFO - [2022-11-22T19:26:20.101+0000] {dag.py:2606} INFO - Creating ORM DAG for example_short_circuit_operator
[2022-11-22T19:26:20.181+0000] {logging_mixin.py:137} INFO - [2022-11-22T19:26:20.181+0000] {dag.py:3340} INFO - Setting next_dagrun for example_short_circuit_operator to 2022-11-21T19:26:20.179665+00:00, run_after=2022-11-22T19:26:20.179665+00:00
[2022-11-22T19:26:20.321+0000] {processor.py:176} INFO - Processing /home/airflow/.local/lib/python3.7/site-packages/airflow/example_dags/example_short_circuit_operator.py took 1.451 seconds
[2022-11-22T19:26:51.328+0000] {processor.py:154} INFO - Started process (PID=107) to work on /home/airflow/.local/lib/python3.7/site-packages/airflow/example_dags/example_short_circuit_operator.py
[2022-11-22T19:26:51.331+0000] {processor.py:756} INFO - Processing file /home/airflow/.local/lib/python3.7/site-packages/airflow/example_dags/example_short_circuit_operator.py for tasks to queue
[2022-11-22T19:26:51.334+0000] {logging_mixin.py:137} INFO - [2022-11-22T19:26:51.333+0000] {dagbag.py:537} INFO - Filling up the DagBag from /home/airflow/.local/lib/python3.7/site-packages/airflow/example_dags/example_short_circuit_operator.py
[2022-11-22T19:26:51.358+0000] {processor.py:766} INFO - DAG(s) dict_keys(['example_short_circuit_operator']) retrieved from /home/airflow/.local/lib/python3.7/site-packages/airflow/example_dags/example_short_circuit_operator.py
[2022-11-22T19:26:51.388+0000] {logging_mixin.py:137} INFO - [2022-11-22T19:26:51.388+0000] {dag.py:2585} INFO - Sync 1 DAGs
[2022-11-22T19:26:51.405+0000] {logging_mixin.py:137} INFO - [2022-11-22T19:26:51.405+0000] {dag.py:3340} INFO - Setting next_dagrun for example_short_circuit_operator to 2022-11-21T19:26:51.405633+00:00, run_after=2022-11-22T19:26:51.405633+00:00
[2022-11-22T19:26:51.418+0000] {processor.py:176} INFO - Processing /home/airflow/.local/lib/python3.7/site-packages/airflow/example_dags/example_short_circuit_operator.py took 0.095 seconds
[2022-11-22T19:27:22.378+0000] {processor.py:154} INFO - Started process (PID=171) to work on /home/airflow/.local/lib/python3.7/site-packages/airflow/example_dags/example_short_circuit_operator.py
[2022-11-22T19:27:22.380+0000] {processor.py:756} INFO - Processing file /home/airflow/.local/lib/python3.7/site-packages/airflow/example_dags/example_short_circuit_operator.py for tasks to queue
[2022-11-22T19:27:22.381+0000] {logging_mixin.py:137} INFO - [2022-11-22T19:27:22.381+0000] {dagbag.py:537} INFO - Filling up the DagBag from /home/airflow/.local/lib/python3.7/site-packages/airflow/example_dags/example_short_circuit_operator.py
[2022-11-22T19:27:22.400+0000] {processor.py:766} INFO - DAG(s) dict_keys(['example_short_circuit_operator']) retrieved from /home/airflow/.local/lib/python3.7/site-packages/airflow/example_dags/example_short_circuit_operator.py
[2022-11-22T19:27:22.452+0000] {logging_mixin.py:137} INFO - [2022-11-22T19:27:22.452+0000] {dag.py:2585} INFO - Sync 1 DAGs
[2022-11-22T19:27:22.486+0000] {logging_mixin.py:137} INFO - [2022-11-22T19:27:22.485+0000] {dag.py:3340} INFO - Setting next_dagrun for example_short_circuit_operator to 2022-11-21T19:27:22.485665+00:00, run_after=2022-11-22T19:27:22.485665+00:00
[2022-11-22T19:27:22.509+0000] {processor.py:176} INFO - Processing /home/airflow/.local/lib/python3.7/site-packages/airflow/example_dags/example_short_circuit_operator.py took 0.134 seconds
[2022-11-22T19:27:52.973+0000] {processor.py:154} INFO - Started process (PID=235) to work on /home/airflow/.local/lib/python3.7/site-packages/airflow/example_dags/example_short_circuit_operator.py
[2022-11-22T19:27:52.974+0000] {processor.py:756} INFO - Processing file /home/airflow/.local/lib/python3.7/site-packages/airflow/example_dags/example_short_circuit_operator.py for tasks to queue
[2022-11-22T19:27:52.976+0000] {logging_mixin.py:137} INFO - [2022-11-22T19:27:52.976+0000] {dagbag.py:537} INFO - Filling up the DagBag from /home/airflow/.local/lib/python3.7/site-packages/airflow/example_dags/example_short_circuit_operator.py
[2022-11-22T19:27:52.998+0000] {processor.py:766} INFO - DAG(s) dict_keys(['example_short_circuit_operator']) retrieved from /home/airflow/.local/lib/python3.7/site-packages/airflow/example_dags/example_short_circuit_operator.py
[2022-11-22T19:27:53.040+0000] {logging_mixin.py:137} INFO - [2022-11-22T19:27:53.040+0000] {dag.py:2585} INFO - Sync 1 DAGs
[2022-11-22T19:27:53.060+0000] {logging_mixin.py:137} INFO - [2022-11-22T19:27:53.059+0000] {dag.py:3340} INFO - Setting next_dagrun for example_short_circuit_operator to 2022-11-21T19:27:53.059626+00:00, run_after=2022-11-22T19:27:53.059626+00:00
[2022-11-22T19:27:53.075+0000] {processor.py:176} INFO - Processing /home/airflow/.local/lib/python3.7/site-packages/airflow/example_dags/example_short_circuit_operator.py took 0.109 seconds
[2022-11-22T19:28:23.375+0000] {processor.py:154} INFO - Started process (PID=297) to work on /home/airflow/.local/lib/python3.7/site-packages/airflow/example_dags/example_short_circuit_operator.py
[2022-11-22T19:28:23.377+0000] {processor.py:756} INFO - Processing file /home/airflow/.local/lib/python3.7/site-packages/airflow/example_dags/example_short_circuit_operator.py for tasks to queue
[2022-11-22T19:28:23.380+0000] {logging_mixin.py:137} INFO - [2022-11-22T19:28:23.379+0000] {dagbag.py:537} INFO - Filling up the DagBag from /home/airflow/.local/lib/python3.7/site-packages/airflow/example_dags/example_short_circuit_operator.py
[2022-11-22T19:28:23.406+0000] {processor.py:766} INFO - DAG(s) dict_keys(['example_short_circuit_operator']) retrieved from /home/airflow/.local/lib/python3.7/site-packages/airflow/example_dags/example_short_circuit_operator.py
[2022-11-22T19:28:23.456+0000] {logging_mixin.py:137} INFO - [2022-11-22T19:28:23.456+0000] {dag.py:2585} INFO - Sync 1 DAGs
[2022-11-22T19:28:23.482+0000] {logging_mixin.py:137} INFO - [2022-11-22T19:28:23.482+0000] {dag.py:3340} INFO - Setting next_dagrun for example_short_circuit_operator to 2022-11-21T19:28:23.481802+00:00, run_after=2022-11-22T19:28:23.481802+00:00
[2022-11-22T19:28:23.502+0000] {processor.py:176} INFO - Processing /home/airflow/.local/lib/python3.7/site-packages/airflow/example_dags/example_short_circuit_operator.py took 0.130 seconds
[2022-11-22T19:28:53.663+0000] {processor.py:154} INFO - Started process (PID=350) to work on /home/airflow/.local/lib/python3.7/site-packages/airflow/example_dags/example_short_circuit_operator.py
[2022-11-22T19:28:53.666+0000] {processor.py:756} INFO - Processing file /home/airflow/.local/lib/python3.7/site-packages/airflow/example_dags/example_short_circuit_operator.py for tasks to queue
[2022-11-22T19:28:53.670+0000] {logging_mixin.py:137} INFO - [2022-11-22T19:28:53.670+0000] {dagbag.py:537} INFO - Filling up the DagBag from /home/airflow/.local/lib/python3.7/site-packages/airflow/example_dags/example_short_circuit_operator.py
[2022-11-22T19:28:53.695+0000] {processor.py:766} INFO - DAG(s) dict_keys(['example_short_circuit_operator']) retrieved from /home/airflow/.local/lib/python3.7/site-packages/airflow/example_dags/example_short_circuit_operator.py
[2022-11-22T19:28:53.728+0000] {logging_mixin.py:137} INFO - [2022-11-22T19:28:53.727+0000] {dag.py:2585} INFO - Sync 1 DAGs
[2022-11-22T19:28:53.745+0000] {logging_mixin.py:137} INFO - [2022-11-22T19:28:53.745+0000] {dag.py:3340} INFO - Setting next_dagrun for example_short_circuit_operator to 2022-11-21T19:28:53.745290+00:00, run_after=2022-11-22T19:28:53.745290+00:00
[2022-11-22T19:28:53.759+0000] {processor.py:176} INFO - Processing /home/airflow/.local/lib/python3.7/site-packages/airflow/example_dags/example_short_circuit_operator.py took 0.104 seconds
[2022-11-22T19:29:24.250+0000] {processor.py:154} INFO - Started process (PID=414) to work on /home/airflow/.local/lib/python3.7/site-packages/airflow/example_dags/example_short_circuit_operator.py
[2022-11-22T19:29:24.252+0000] {processor.py:756} INFO - Processing file /home/airflow/.local/lib/python3.7/site-packages/airflow/example_dags/example_short_circuit_operator.py for tasks to queue
[2022-11-22T19:29:24.254+0000] {logging_mixin.py:137} INFO - [2022-11-22T19:29:24.253+0000] {dagbag.py:537} INFO - Filling up the DagBag from /home/airflow/.local/lib/python3.7/site-packages/airflow/example_dags/example_short_circuit_operator.py
[2022-11-22T19:29:24.292+0000] {processor.py:766} INFO - DAG(s) dict_keys(['example_short_circuit_operator']) retrieved from /home/airflow/.local/lib/python3.7/site-packages/airflow/example_dags/example_short_circuit_operator.py
[2022-11-22T19:29:24.363+0000] {logging_mixin.py:137} INFO - [2022-11-22T19:29:24.363+0000] {dag.py:2585} INFO - Sync 1 DAGs
[2022-11-22T19:29:24.391+0000] {logging_mixin.py:137} INFO - [2022-11-22T19:29:24.391+0000] {dag.py:3340} INFO - Setting next_dagrun for example_short_circuit_operator to 2022-11-21T19:29:24.391409+00:00, run_after=2022-11-22T19:29:24.391409+00:00
[2022-11-22T19:29:24.427+0000] {processor.py:176} INFO - Processing /home/airflow/.local/lib/python3.7/site-packages/airflow/example_dags/example_short_circuit_operator.py took 0.181 seconds
[2022-11-22T19:29:54.973+0000] {processor.py:154} INFO - Started process (PID=477) to work on /home/airflow/.local/lib/python3.7/site-packages/airflow/example_dags/example_short_circuit_operator.py
[2022-11-22T19:29:54.975+0000] {processor.py:756} INFO - Processing file /home/airflow/.local/lib/python3.7/site-packages/airflow/example_dags/example_short_circuit_operator.py for tasks to queue
[2022-11-22T19:29:54.977+0000] {logging_mixin.py:137} INFO - [2022-11-22T19:29:54.977+0000] {dagbag.py:537} INFO - Filling up the DagBag from /home/airflow/.local/lib/python3.7/site-packages/airflow/example_dags/example_short_circuit_operator.py
[2022-11-22T19:29:54.993+0000] {processor.py:766} INFO - DAG(s) dict_keys(['example_short_circuit_operator']) retrieved from /home/airflow/.local/lib/python3.7/site-packages/airflow/example_dags/example_short_circuit_operator.py
[2022-11-22T19:29:55.023+0000] {logging_mixin.py:137} INFO - [2022-11-22T19:29:55.022+0000] {dag.py:2585} INFO - Sync 1 DAGs
[2022-11-22T19:29:55.040+0000] {logging_mixin.py:137} INFO - [2022-11-22T19:29:55.040+0000] {dag.py:3340} INFO - Setting next_dagrun for example_short_circuit_operator to 2022-11-21T19:29:55.040252+00:00, run_after=2022-11-22T19:29:55.040252+00:00
[2022-11-22T19:29:55.055+0000] {processor.py:176} INFO - Processing /home/airflow/.local/lib/python3.7/site-packages/airflow/example_dags/example_short_circuit_operator.py took 0.086 seconds
[2022-11-22T19:30:25.636+0000] {processor.py:154} INFO - Started process (PID=541) to work on /home/airflow/.local/lib/python3.7/site-packages/airflow/example_dags/example_short_circuit_operator.py
[2022-11-22T19:30:25.639+0000] {processor.py:756} INFO - Processing file /home/airflow/.local/lib/python3.7/site-packages/airflow/example_dags/example_short_circuit_operator.py for tasks to queue
[2022-11-22T19:30:25.643+0000] {logging_mixin.py:137} INFO - [2022-11-22T19:30:25.643+0000] {dagbag.py:537} INFO - Filling up the DagBag from /home/airflow/.local/lib/python3.7/site-packages/airflow/example_dags/example_short_circuit_operator.py
[2022-11-22T19:30:25.660+0000] {processor.py:766} INFO - DAG(s) dict_keys(['example_short_circuit_operator']) retrieved from /home/airflow/.local/lib/python3.7/site-packages/airflow/example_dags/example_short_circuit_operator.py
[2022-11-22T19:30:25.703+0000] {logging_mixin.py:137} INFO - [2022-11-22T19:30:25.703+0000] {dag.py:2585} INFO - Sync 1 DAGs
[2022-11-22T19:30:25.729+0000] {logging_mixin.py:137} INFO - [2022-11-22T19:30:25.729+0000] {dag.py:3340} INFO - Setting next_dagrun for example_short_circuit_operator to 2022-11-21T19:30:25.729032+00:00, run_after=2022-11-22T19:30:25.729032+00:00
[2022-11-22T19:30:25.745+0000] {processor.py:176} INFO - Processing /home/airflow/.local/lib/python3.7/site-packages/airflow/example_dags/example_short_circuit_operator.py took 0.111 seconds
[2022-11-22T19:30:56.449+0000] {processor.py:154} INFO - Started process (PID=604) to work on /home/airflow/.local/lib/python3.7/site-packages/airflow/example_dags/example_short_circuit_operator.py
[2022-11-22T19:30:56.451+0000] {processor.py:756} INFO - Processing file /home/airflow/.local/lib/python3.7/site-packages/airflow/example_dags/example_short_circuit_operator.py for tasks to queue
[2022-11-22T19:30:56.452+0000] {logging_mixin.py:137} INFO - [2022-11-22T19:30:56.452+0000] {dagbag.py:537} INFO - Filling up the DagBag from /home/airflow/.local/lib/python3.7/site-packages/airflow/example_dags/example_short_circuit_operator.py
[2022-11-22T19:30:56.468+0000] {processor.py:766} INFO - DAG(s) dict_keys(['example_short_circuit_operator']) retrieved from /home/airflow/.local/lib/python3.7/site-packages/airflow/example_dags/example_short_circuit_operator.py
[2022-11-22T19:30:56.505+0000] {logging_mixin.py:137} INFO - [2022-11-22T19:30:56.505+0000] {dag.py:2585} INFO - Sync 1 DAGs
[2022-11-22T19:30:56.523+0000] {logging_mixin.py:137} INFO - [2022-11-22T19:30:56.523+0000] {dag.py:3340} INFO - Setting next_dagrun for example_short_circuit_operator to 2022-11-21T19:30:56.523502+00:00, run_after=2022-11-22T19:30:56.523502+00:00
[2022-11-22T19:30:56.538+0000] {processor.py:176} INFO - Processing /home/airflow/.local/lib/python3.7/site-packages/airflow/example_dags/example_short_circuit_operator.py took 0.092 seconds
[2022-11-22T19:31:27.309+0000] {processor.py:154} INFO - Started process (PID=659) to work on /home/airflow/.local/lib/python3.7/site-packages/airflow/example_dags/example_short_circuit_operator.py
[2022-11-22T19:31:27.327+0000] {processor.py:756} INFO - Processing file /home/airflow/.local/lib/python3.7/site-packages/airflow/example_dags/example_short_circuit_operator.py for tasks to queue
[2022-11-22T19:31:27.346+0000] {logging_mixin.py:137} INFO - [2022-11-22T19:31:27.346+0000] {dagbag.py:537} INFO - Filling up the DagBag from /home/airflow/.local/lib/python3.7/site-packages/airflow/example_dags/example_short_circuit_operator.py
[2022-11-22T19:31:27.368+0000] {processor.py:766} INFO - DAG(s) dict_keys(['example_short_circuit_operator']) retrieved from /home/airflow/.local/lib/python3.7/site-packages/airflow/example_dags/example_short_circuit_operator.py
[2022-11-22T19:31:27.409+0000] {logging_mixin.py:137} INFO - [2022-11-22T19:31:27.409+0000] {dag.py:2585} INFO - Sync 1 DAGs
[2022-11-22T19:31:27.431+0000] {logging_mixin.py:137} INFO - [2022-11-22T19:31:27.431+0000] {dag.py:3340} INFO - Setting next_dagrun for example_short_circuit_operator to 2022-11-21T19:31:27.431149+00:00, run_after=2022-11-22T19:31:27.431149+00:00
[2022-11-22T19:31:27.444+0000] {processor.py:176} INFO - Processing /home/airflow/.local/lib/python3.7/site-packages/airflow/example_dags/example_short_circuit_operator.py took 0.143 seconds
[2022-11-22T19:31:58.100+0000] {processor.py:154} INFO - Started process (PID=722) to work on /home/airflow/.local/lib/python3.7/site-packages/airflow/example_dags/example_short_circuit_operator.py
[2022-11-22T19:31:58.102+0000] {processor.py:756} INFO - Processing file /home/airflow/.local/lib/python3.7/site-packages/airflow/example_dags/example_short_circuit_operator.py for tasks to queue
[2022-11-22T19:31:58.103+0000] {logging_mixin.py:137} INFO - [2022-11-22T19:31:58.103+0000] {dagbag.py:537} INFO - Filling up the DagBag from /home/airflow/.local/lib/python3.7/site-packages/airflow/example_dags/example_short_circuit_operator.py
[2022-11-22T19:31:58.116+0000] {processor.py:766} INFO - DAG(s) dict_keys(['example_short_circuit_operator']) retrieved from /home/airflow/.local/lib/python3.7/site-packages/airflow/example_dags/example_short_circuit_operator.py
[2022-11-22T19:31:58.145+0000] {logging_mixin.py:137} INFO - [2022-11-22T19:31:58.145+0000] {dag.py:2585} INFO - Sync 1 DAGs
[2022-11-22T19:31:58.166+0000] {logging_mixin.py:137} INFO - [2022-11-22T19:31:58.166+0000] {dag.py:3340} INFO - Setting next_dagrun for example_short_circuit_operator to 2022-11-21T19:31:58.166499+00:00, run_after=2022-11-22T19:31:58.166499+00:00
[2022-11-22T19:31:58.179+0000] {processor.py:176} INFO - Processing /home/airflow/.local/lib/python3.7/site-packages/airflow/example_dags/example_short_circuit_operator.py took 0.082 seconds
[2022-11-22T19:32:28.553+0000] {processor.py:154} INFO - Started process (PID=785) to work on /home/airflow/.local/lib/python3.7/site-packages/airflow/example_dags/example_short_circuit_operator.py
[2022-11-22T19:32:28.555+0000] {processor.py:756} INFO - Processing file /home/airflow/.local/lib/python3.7/site-packages/airflow/example_dags/example_short_circuit_operator.py for tasks to queue
[2022-11-22T19:32:28.557+0000] {logging_mixin.py:137} INFO - [2022-11-22T19:32:28.557+0000] {dagbag.py:537} INFO - Filling up the DagBag from /home/airflow/.local/lib/python3.7/site-packages/airflow/example_dags/example_short_circuit_operator.py
[2022-11-22T19:32:28.575+0000] {processor.py:766} INFO - DAG(s) dict_keys(['example_short_circuit_operator']) retrieved from /home/airflow/.local/lib/python3.7/site-packages/airflow/example_dags/example_short_circuit_operator.py
[2022-11-22T19:32:28.618+0000] {logging_mixin.py:137} INFO - [2022-11-22T19:32:28.618+0000] {dag.py:2585} INFO - Sync 1 DAGs
[2022-11-22T19:32:28.646+0000] {logging_mixin.py:137} INFO - [2022-11-22T19:32:28.646+0000] {dag.py:3340} INFO - Setting next_dagrun for example_short_circuit_operator to 2022-11-21T19:32:28.645998+00:00, run_after=2022-11-22T19:32:28.645998+00:00
[2022-11-22T19:32:28.666+0000] {processor.py:176} INFO - Processing /home/airflow/.local/lib/python3.7/site-packages/airflow/example_dags/example_short_circuit_operator.py took 0.116 seconds
[2022-11-22T19:32:59.459+0000] {processor.py:154} INFO - Started process (PID=848) to work on /home/airflow/.local/lib/python3.7/site-packages/airflow/example_dags/example_short_circuit_operator.py
[2022-11-22T19:32:59.461+0000] {processor.py:756} INFO - Processing file /home/airflow/.local/lib/python3.7/site-packages/airflow/example_dags/example_short_circuit_operator.py for tasks to queue
[2022-11-22T19:32:59.463+0000] {logging_mixin.py:137} INFO - [2022-11-22T19:32:59.463+0000] {dagbag.py:537} INFO - Filling up the DagBag from /home/airflow/.local/lib/python3.7/site-packages/airflow/example_dags/example_short_circuit_operator.py
[2022-11-22T19:32:59.486+0000] {processor.py:766} INFO - DAG(s) dict_keys(['example_short_circuit_operator']) retrieved from /home/airflow/.local/lib/python3.7/site-packages/airflow/example_dags/example_short_circuit_operator.py
[2022-11-22T19:32:59.531+0000] {logging_mixin.py:137} INFO - [2022-11-22T19:32:59.531+0000] {dag.py:2585} INFO - Sync 1 DAGs
[2022-11-22T19:32:59.558+0000] {logging_mixin.py:137} INFO - [2022-11-22T19:32:59.557+0000] {dag.py:3340} INFO - Setting next_dagrun for example_short_circuit_operator to 2022-11-21T19:32:59.557789+00:00, run_after=2022-11-22T19:32:59.557789+00:00
[2022-11-22T19:32:59.573+0000] {processor.py:176} INFO - Processing /home/airflow/.local/lib/python3.7/site-packages/airflow/example_dags/example_short_circuit_operator.py took 0.118 seconds
[2022-11-22T19:33:30.034+0000] {processor.py:154} INFO - Started process (PID=911) to work on /home/airflow/.local/lib/python3.7/site-packages/airflow/example_dags/example_short_circuit_operator.py
[2022-11-22T19:33:30.035+0000] {processor.py:756} INFO - Processing file /home/airflow/.local/lib/python3.7/site-packages/airflow/example_dags/example_short_circuit_operator.py for tasks to queue
[2022-11-22T19:33:30.036+0000] {logging_mixin.py:137} INFO - [2022-11-22T19:33:30.036+0000] {dagbag.py:537} INFO - Filling up the DagBag from /home/airflow/.local/lib/python3.7/site-packages/airflow/example_dags/example_short_circuit_operator.py
[2022-11-22T19:33:30.048+0000] {processor.py:766} INFO - DAG(s) dict_keys(['example_short_circuit_operator']) retrieved from /home/airflow/.local/lib/python3.7/site-packages/airflow/example_dags/example_short_circuit_operator.py
[2022-11-22T19:33:30.077+0000] {logging_mixin.py:137} INFO - [2022-11-22T19:33:30.076+0000] {dag.py:2585} INFO - Sync 1 DAGs
[2022-11-22T19:33:30.095+0000] {logging_mixin.py:137} INFO - [2022-11-22T19:33:30.094+0000] {dag.py:3340} INFO - Setting next_dagrun for example_short_circuit_operator to 2022-11-21T19:33:30.094800+00:00, run_after=2022-11-22T19:33:30.094800+00:00
[2022-11-22T19:33:30.107+0000] {processor.py:176} INFO - Processing /home/airflow/.local/lib/python3.7/site-packages/airflow/example_dags/example_short_circuit_operator.py took 0.076 seconds
[2022-11-22T19:34:00.772+0000] {processor.py:154} INFO - Started process (PID=965) to work on /home/airflow/.local/lib/python3.7/site-packages/airflow/example_dags/example_short_circuit_operator.py
[2022-11-22T19:34:00.775+0000] {processor.py:756} INFO - Processing file /home/airflow/.local/lib/python3.7/site-packages/airflow/example_dags/example_short_circuit_operator.py for tasks to queue
[2022-11-22T19:34:00.778+0000] {logging_mixin.py:137} INFO - [2022-11-22T19:34:00.777+0000] {dagbag.py:537} INFO - Filling up the DagBag from /home/airflow/.local/lib/python3.7/site-packages/airflow/example_dags/example_short_circuit_operator.py
[2022-11-22T19:34:00.808+0000] {processor.py:766} INFO - DAG(s) dict_keys(['example_short_circuit_operator']) retrieved from /home/airflow/.local/lib/python3.7/site-packages/airflow/example_dags/example_short_circuit_operator.py
[2022-11-22T19:34:00.869+0000] {logging_mixin.py:137} INFO - [2022-11-22T19:34:00.869+0000] {dag.py:2585} INFO - Sync 1 DAGs
[2022-11-22T19:34:00.893+0000] {logging_mixin.py:137} INFO - [2022-11-22T19:34:00.893+0000] {dag.py:3340} INFO - Setting next_dagrun for example_short_circuit_operator to 2022-11-21T19:34:00.892765+00:00, run_after=2022-11-22T19:34:00.892765+00:00
[2022-11-22T19:34:00.909+0000] {processor.py:176} INFO - Processing /home/airflow/.local/lib/python3.7/site-packages/airflow/example_dags/example_short_circuit_operator.py took 0.144 seconds
[2022-11-22T19:34:31.107+0000] {processor.py:154} INFO - Started process (PID=1027) to work on /home/airflow/.local/lib/python3.7/site-packages/airflow/example_dags/example_short_circuit_operator.py
[2022-11-22T19:34:31.109+0000] {processor.py:756} INFO - Processing file /home/airflow/.local/lib/python3.7/site-packages/airflow/example_dags/example_short_circuit_operator.py for tasks to queue
[2022-11-22T19:34:31.110+0000] {logging_mixin.py:137} INFO - [2022-11-22T19:34:31.110+0000] {dagbag.py:537} INFO - Filling up the DagBag from /home/airflow/.local/lib/python3.7/site-packages/airflow/example_dags/example_short_circuit_operator.py
[2022-11-22T19:34:31.138+0000] {processor.py:766} INFO - DAG(s) dict_keys(['example_short_circuit_operator']) retrieved from /home/airflow/.local/lib/python3.7/site-packages/airflow/example_dags/example_short_circuit_operator.py
[2022-11-22T19:34:31.193+0000] {logging_mixin.py:137} INFO - [2022-11-22T19:34:31.193+0000] {dag.py:2585} INFO - Sync 1 DAGs
[2022-11-22T19:34:31.214+0000] {logging_mixin.py:137} INFO - [2022-11-22T19:34:31.213+0000] {dag.py:3340} INFO - Setting next_dagrun for example_short_circuit_operator to 2022-11-21T19:34:31.213687+00:00, run_after=2022-11-22T19:34:31.213687+00:00
[2022-11-22T19:34:31.236+0000] {processor.py:176} INFO - Processing /home/airflow/.local/lib/python3.7/site-packages/airflow/example_dags/example_short_circuit_operator.py took 0.133 seconds
[2022-11-22T19:35:02.105+0000] {processor.py:154} INFO - Started process (PID=1093) to work on /home/airflow/.local/lib/python3.7/site-packages/airflow/example_dags/example_short_circuit_operator.py
[2022-11-22T19:35:02.107+0000] {processor.py:756} INFO - Processing file /home/airflow/.local/lib/python3.7/site-packages/airflow/example_dags/example_short_circuit_operator.py for tasks to queue
[2022-11-22T19:35:02.109+0000] {logging_mixin.py:137} INFO - [2022-11-22T19:35:02.109+0000] {dagbag.py:537} INFO - Filling up the DagBag from /home/airflow/.local/lib/python3.7/site-packages/airflow/example_dags/example_short_circuit_operator.py
[2022-11-22T19:35:02.132+0000] {processor.py:766} INFO - DAG(s) dict_keys(['example_short_circuit_operator']) retrieved from /home/airflow/.local/lib/python3.7/site-packages/airflow/example_dags/example_short_circuit_operator.py
[2022-11-22T19:35:02.181+0000] {logging_mixin.py:137} INFO - [2022-11-22T19:35:02.181+0000] {dag.py:2585} INFO - Sync 1 DAGs
[2022-11-22T19:35:02.203+0000] {logging_mixin.py:137} INFO - [2022-11-22T19:35:02.203+0000] {dag.py:3340} INFO - Setting next_dagrun for example_short_circuit_operator to 2022-11-21T19:35:02.203203+00:00, run_after=2022-11-22T19:35:02.203203+00:00
[2022-11-22T19:35:02.219+0000] {processor.py:176} INFO - Processing /home/airflow/.local/lib/python3.7/site-packages/airflow/example_dags/example_short_circuit_operator.py took 0.117 seconds
[2022-11-22T19:35:32.495+0000] {processor.py:154} INFO - Started process (PID=1155) to work on /home/airflow/.local/lib/python3.7/site-packages/airflow/example_dags/example_short_circuit_operator.py
[2022-11-22T19:35:32.497+0000] {processor.py:756} INFO - Processing file /home/airflow/.local/lib/python3.7/site-packages/airflow/example_dags/example_short_circuit_operator.py for tasks to queue
[2022-11-22T19:35:32.499+0000] {logging_mixin.py:137} INFO - [2022-11-22T19:35:32.499+0000] {dagbag.py:537} INFO - Filling up the DagBag from /home/airflow/.local/lib/python3.7/site-packages/airflow/example_dags/example_short_circuit_operator.py
[2022-11-22T19:35:32.520+0000] {processor.py:766} INFO - DAG(s) dict_keys(['example_short_circuit_operator']) retrieved from /home/airflow/.local/lib/python3.7/site-packages/airflow/example_dags/example_short_circuit_operator.py
[2022-11-22T19:35:32.564+0000] {logging_mixin.py:137} INFO - [2022-11-22T19:35:32.564+0000] {dag.py:2585} INFO - Sync 1 DAGs
[2022-11-22T19:35:32.583+0000] {logging_mixin.py:137} INFO - [2022-11-22T19:35:32.583+0000] {dag.py:3340} INFO - Setting next_dagrun for example_short_circuit_operator to 2022-11-21T19:35:32.582992+00:00, run_after=2022-11-22T19:35:32.582992+00:00
[2022-11-22T19:35:32.595+0000] {processor.py:176} INFO - Processing /home/airflow/.local/lib/python3.7/site-packages/airflow/example_dags/example_short_circuit_operator.py took 0.105 seconds
[2022-11-22T19:36:03.310+0000] {processor.py:154} INFO - Started process (PID=1208) to work on /home/airflow/.local/lib/python3.7/site-packages/airflow/example_dags/example_short_circuit_operator.py
[2022-11-22T19:36:03.313+0000] {processor.py:756} INFO - Processing file /home/airflow/.local/lib/python3.7/site-packages/airflow/example_dags/example_short_circuit_operator.py for tasks to queue
[2022-11-22T19:36:03.316+0000] {logging_mixin.py:137} INFO - [2022-11-22T19:36:03.316+0000] {dagbag.py:537} INFO - Filling up the DagBag from /home/airflow/.local/lib/python3.7/site-packages/airflow/example_dags/example_short_circuit_operator.py
[2022-11-22T19:36:03.346+0000] {processor.py:766} INFO - DAG(s) dict_keys(['example_short_circuit_operator']) retrieved from /home/airflow/.local/lib/python3.7/site-packages/airflow/example_dags/example_short_circuit_operator.py
[2022-11-22T19:36:03.394+0000] {logging_mixin.py:137} INFO - [2022-11-22T19:36:03.394+0000] {dag.py:2585} INFO - Sync 1 DAGs
[2022-11-22T19:36:03.427+0000] {logging_mixin.py:137} INFO - [2022-11-22T19:36:03.427+0000] {dag.py:3340} INFO - Setting next_dagrun for example_short_circuit_operator to 2022-11-21T19:36:03.426917+00:00, run_after=2022-11-22T19:36:03.426917+00:00
[2022-11-22T19:36:03.449+0000] {processor.py:176} INFO - Processing /home/airflow/.local/lib/python3.7/site-packages/airflow/example_dags/example_short_circuit_operator.py took 0.145 seconds
[2022-11-22T19:36:33.956+0000] {processor.py:154} INFO - Started process (PID=1272) to work on /home/airflow/.local/lib/python3.7/site-packages/airflow/example_dags/example_short_circuit_operator.py
[2022-11-22T19:36:33.959+0000] {processor.py:756} INFO - Processing file /home/airflow/.local/lib/python3.7/site-packages/airflow/example_dags/example_short_circuit_operator.py for tasks to queue
[2022-11-22T19:36:33.961+0000] {logging_mixin.py:137} INFO - [2022-11-22T19:36:33.960+0000] {dagbag.py:537} INFO - Filling up the DagBag from /home/airflow/.local/lib/python3.7/site-packages/airflow/example_dags/example_short_circuit_operator.py
[2022-11-22T19:36:33.985+0000] {processor.py:766} INFO - DAG(s) dict_keys(['example_short_circuit_operator']) retrieved from /home/airflow/.local/lib/python3.7/site-packages/airflow/example_dags/example_short_circuit_operator.py
[2022-11-22T19:36:34.035+0000] {logging_mixin.py:137} INFO - [2022-11-22T19:36:34.035+0000] {dag.py:2585} INFO - Sync 1 DAGs
[2022-11-22T19:36:34.054+0000] {logging_mixin.py:137} INFO - [2022-11-22T19:36:34.054+0000] {dag.py:3340} INFO - Setting next_dagrun for example_short_circuit_operator to 2022-11-21T19:36:34.054539+00:00, run_after=2022-11-22T19:36:34.054539+00:00
[2022-11-22T19:36:34.068+0000] {processor.py:176} INFO - Processing /home/airflow/.local/lib/python3.7/site-packages/airflow/example_dags/example_short_circuit_operator.py took 0.118 seconds
[2022-11-22T19:37:04.830+0000] {processor.py:154} INFO - Started process (PID=1335) to work on /home/airflow/.local/lib/python3.7/site-packages/airflow/example_dags/example_short_circuit_operator.py
[2022-11-22T19:37:04.832+0000] {processor.py:756} INFO - Processing file /home/airflow/.local/lib/python3.7/site-packages/airflow/example_dags/example_short_circuit_operator.py for tasks to queue
[2022-11-22T19:37:04.834+0000] {logging_mixin.py:137} INFO - [2022-11-22T19:37:04.834+0000] {dagbag.py:537} INFO - Filling up the DagBag from /home/airflow/.local/lib/python3.7/site-packages/airflow/example_dags/example_short_circuit_operator.py
[2022-11-22T19:37:04.851+0000] {processor.py:766} INFO - DAG(s) dict_keys(['example_short_circuit_operator']) retrieved from /home/airflow/.local/lib/python3.7/site-packages/airflow/example_dags/example_short_circuit_operator.py
[2022-11-22T19:37:04.883+0000] {logging_mixin.py:137} INFO - [2022-11-22T19:37:04.883+0000] {dag.py:2585} INFO - Sync 1 DAGs
[2022-11-22T19:37:04.899+0000] {logging_mixin.py:137} INFO - [2022-11-22T19:37:04.899+0000] {dag.py:3340} INFO - Setting next_dagrun for example_short_circuit_operator to 2022-11-21T19:37:04.899681+00:00, run_after=2022-11-22T19:37:04.899681+00:00
[2022-11-22T19:37:04.919+0000] {processor.py:176} INFO - Processing /home/airflow/.local/lib/python3.7/site-packages/airflow/example_dags/example_short_circuit_operator.py took 0.094 seconds
[2022-11-22T19:37:35.482+0000] {processor.py:154} INFO - Started process (PID=1399) to work on /home/airflow/.local/lib/python3.7/site-packages/airflow/example_dags/example_short_circuit_operator.py
[2022-11-22T19:37:35.484+0000] {processor.py:756} INFO - Processing file /home/airflow/.local/lib/python3.7/site-packages/airflow/example_dags/example_short_circuit_operator.py for tasks to queue
[2022-11-22T19:37:35.486+0000] {logging_mixin.py:137} INFO - [2022-11-22T19:37:35.486+0000] {dagbag.py:537} INFO - Filling up the DagBag from /home/airflow/.local/lib/python3.7/site-packages/airflow/example_dags/example_short_circuit_operator.py
[2022-11-22T19:37:35.509+0000] {processor.py:766} INFO - DAG(s) dict_keys(['example_short_circuit_operator']) retrieved from /home/airflow/.local/lib/python3.7/site-packages/airflow/example_dags/example_short_circuit_operator.py
[2022-11-22T19:37:35.565+0000] {logging_mixin.py:137} INFO - [2022-11-22T19:37:35.565+0000] {dag.py:2585} INFO - Sync 1 DAGs
[2022-11-22T19:37:35.593+0000] {logging_mixin.py:137} INFO - [2022-11-22T19:37:35.593+0000] {dag.py:3340} INFO - Setting next_dagrun for example_short_circuit_operator to 2022-11-21T19:37:35.592924+00:00, run_after=2022-11-22T19:37:35.592924+00:00
[2022-11-22T19:37:35.608+0000] {processor.py:176} INFO - Processing /home/airflow/.local/lib/python3.7/site-packages/airflow/example_dags/example_short_circuit_operator.py took 0.130 seconds
[2022-11-22T19:38:05.915+0000] {processor.py:154} INFO - Started process (PID=1453) to work on /home/airflow/.local/lib/python3.7/site-packages/airflow/example_dags/example_short_circuit_operator.py
[2022-11-22T19:38:05.918+0000] {processor.py:756} INFO - Processing file /home/airflow/.local/lib/python3.7/site-packages/airflow/example_dags/example_short_circuit_operator.py for tasks to queue
[2022-11-22T19:38:05.920+0000] {logging_mixin.py:137} INFO - [2022-11-22T19:38:05.920+0000] {dagbag.py:537} INFO - Filling up the DagBag from /home/airflow/.local/lib/python3.7/site-packages/airflow/example_dags/example_short_circuit_operator.py
[2022-11-22T19:38:05.954+0000] {processor.py:766} INFO - DAG(s) dict_keys(['example_short_circuit_operator']) retrieved from /home/airflow/.local/lib/python3.7/site-packages/airflow/example_dags/example_short_circuit_operator.py
[2022-11-22T19:38:06.006+0000] {logging_mixin.py:137} INFO - [2022-11-22T19:38:06.006+0000] {dag.py:2585} INFO - Sync 1 DAGs
[2022-11-22T19:38:06.031+0000] {logging_mixin.py:137} INFO - [2022-11-22T19:38:06.030+0000] {dag.py:3340} INFO - Setting next_dagrun for example_short_circuit_operator to 2022-11-21T19:38:06.030596+00:00, run_after=2022-11-22T19:38:06.030596+00:00
[2022-11-22T19:38:06.049+0000] {processor.py:176} INFO - Processing /home/airflow/.local/lib/python3.7/site-packages/airflow/example_dags/example_short_circuit_operator.py took 0.140 seconds
[2022-11-22T19:38:36.457+0000] {processor.py:154} INFO - Started process (PID=1516) to work on /home/airflow/.local/lib/python3.7/site-packages/airflow/example_dags/example_short_circuit_operator.py
[2022-11-22T19:38:36.462+0000] {processor.py:756} INFO - Processing file /home/airflow/.local/lib/python3.7/site-packages/airflow/example_dags/example_short_circuit_operator.py for tasks to queue
[2022-11-22T19:38:36.466+0000] {logging_mixin.py:137} INFO - [2022-11-22T19:38:36.466+0000] {dagbag.py:537} INFO - Filling up the DagBag from /home/airflow/.local/lib/python3.7/site-packages/airflow/example_dags/example_short_circuit_operator.py
[2022-11-22T19:38:36.494+0000] {processor.py:766} INFO - DAG(s) dict_keys(['example_short_circuit_operator']) retrieved from /home/airflow/.local/lib/python3.7/site-packages/airflow/example_dags/example_short_circuit_operator.py
[2022-11-22T19:38:36.577+0000] {logging_mixin.py:137} INFO - [2022-11-22T19:38:36.577+0000] {dag.py:2585} INFO - Sync 1 DAGs
[2022-11-22T19:38:36.601+0000] {logging_mixin.py:137} INFO - [2022-11-22T19:38:36.601+0000] {dag.py:3340} INFO - Setting next_dagrun for example_short_circuit_operator to 2022-11-21T19:38:36.600773+00:00, run_after=2022-11-22T19:38:36.600773+00:00
[2022-11-22T19:38:36.617+0000] {processor.py:176} INFO - Processing /home/airflow/.local/lib/python3.7/site-packages/airflow/example_dags/example_short_circuit_operator.py took 0.164 seconds
[2022-11-22T19:39:06.833+0000] {processor.py:154} INFO - Started process (PID=1579) to work on /home/airflow/.local/lib/python3.7/site-packages/airflow/example_dags/example_short_circuit_operator.py
[2022-11-22T19:39:06.835+0000] {processor.py:756} INFO - Processing file /home/airflow/.local/lib/python3.7/site-packages/airflow/example_dags/example_short_circuit_operator.py for tasks to queue
[2022-11-22T19:39:06.853+0000] {logging_mixin.py:137} INFO - [2022-11-22T19:39:06.852+0000] {dagbag.py:537} INFO - Filling up the DagBag from /home/airflow/.local/lib/python3.7/site-packages/airflow/example_dags/example_short_circuit_operator.py
[2022-11-22T19:39:06.876+0000] {processor.py:766} INFO - DAG(s) dict_keys(['example_short_circuit_operator']) retrieved from /home/airflow/.local/lib/python3.7/site-packages/airflow/example_dags/example_short_circuit_operator.py
[2022-11-22T19:39:06.914+0000] {logging_mixin.py:137} INFO - [2022-11-22T19:39:06.914+0000] {dag.py:2585} INFO - Sync 1 DAGs
[2022-11-22T19:39:06.933+0000] {logging_mixin.py:137} INFO - [2022-11-22T19:39:06.933+0000] {dag.py:3340} INFO - Setting next_dagrun for example_short_circuit_operator to 2022-11-21T19:39:06.933681+00:00, run_after=2022-11-22T19:39:06.933681+00:00
[2022-11-22T19:39:06.950+0000] {processor.py:176} INFO - Processing /home/airflow/.local/lib/python3.7/site-packages/airflow/example_dags/example_short_circuit_operator.py took 0.121 seconds
[2022-11-22T19:39:36.973+0000] {processor.py:154} INFO - Started process (PID=1642) to work on /home/airflow/.local/lib/python3.7/site-packages/airflow/example_dags/example_short_circuit_operator.py
[2022-11-22T19:39:36.974+0000] {processor.py:756} INFO - Processing file /home/airflow/.local/lib/python3.7/site-packages/airflow/example_dags/example_short_circuit_operator.py for tasks to queue
[2022-11-22T19:39:36.976+0000] {logging_mixin.py:137} INFO - [2022-11-22T19:39:36.975+0000] {dagbag.py:537} INFO - Filling up the DagBag from /home/airflow/.local/lib/python3.7/site-packages/airflow/example_dags/example_short_circuit_operator.py
[2022-11-22T19:39:36.986+0000] {processor.py:766} INFO - DAG(s) dict_keys(['example_short_circuit_operator']) retrieved from /home/airflow/.local/lib/python3.7/site-packages/airflow/example_dags/example_short_circuit_operator.py
[2022-11-22T19:39:37.011+0000] {logging_mixin.py:137} INFO - [2022-11-22T19:39:37.011+0000] {dag.py:2585} INFO - Sync 1 DAGs
[2022-11-22T19:39:37.025+0000] {logging_mixin.py:137} INFO - [2022-11-22T19:39:37.025+0000] {dag.py:3340} INFO - Setting next_dagrun for example_short_circuit_operator to 2022-11-21T19:39:37.025702+00:00, run_after=2022-11-22T19:39:37.025702+00:00
[2022-11-22T19:39:37.036+0000] {processor.py:176} INFO - Processing /home/airflow/.local/lib/python3.7/site-packages/airflow/example_dags/example_short_circuit_operator.py took 0.066 seconds
[2022-11-22T19:40:07.213+0000] {processor.py:154} INFO - Started process (PID=1697) to work on /home/airflow/.local/lib/python3.7/site-packages/airflow/example_dags/example_short_circuit_operator.py
[2022-11-22T19:40:07.215+0000] {processor.py:756} INFO - Processing file /home/airflow/.local/lib/python3.7/site-packages/airflow/example_dags/example_short_circuit_operator.py for tasks to queue
[2022-11-22T19:40:07.217+0000] {logging_mixin.py:137} INFO - [2022-11-22T19:40:07.217+0000] {dagbag.py:537} INFO - Filling up the DagBag from /home/airflow/.local/lib/python3.7/site-packages/airflow/example_dags/example_short_circuit_operator.py
[2022-11-22T19:40:07.231+0000] {processor.py:766} INFO - DAG(s) dict_keys(['example_short_circuit_operator']) retrieved from /home/airflow/.local/lib/python3.7/site-packages/airflow/example_dags/example_short_circuit_operator.py
[2022-11-22T19:40:07.258+0000] {logging_mixin.py:137} INFO - [2022-11-22T19:40:07.258+0000] {dag.py:2585} INFO - Sync 1 DAGs
[2022-11-22T19:40:07.274+0000] {logging_mixin.py:137} INFO - [2022-11-22T19:40:07.274+0000] {dag.py:3340} INFO - Setting next_dagrun for example_short_circuit_operator to 2022-11-21T19:40:07.274627+00:00, run_after=2022-11-22T19:40:07.274627+00:00
[2022-11-22T19:40:07.285+0000] {processor.py:176} INFO - Processing /home/airflow/.local/lib/python3.7/site-packages/airflow/example_dags/example_short_circuit_operator.py took 0.075 seconds
[2022-11-22T19:40:37.885+0000] {processor.py:154} INFO - Started process (PID=1760) to work on /home/airflow/.local/lib/python3.7/site-packages/airflow/example_dags/example_short_circuit_operator.py
[2022-11-22T19:40:37.891+0000] {processor.py:756} INFO - Processing file /home/airflow/.local/lib/python3.7/site-packages/airflow/example_dags/example_short_circuit_operator.py for tasks to queue
[2022-11-22T19:40:37.894+0000] {logging_mixin.py:137} INFO - [2022-11-22T19:40:37.894+0000] {dagbag.py:537} INFO - Filling up the DagBag from /home/airflow/.local/lib/python3.7/site-packages/airflow/example_dags/example_short_circuit_operator.py
[2022-11-22T19:40:37.915+0000] {processor.py:766} INFO - DAG(s) dict_keys(['example_short_circuit_operator']) retrieved from /home/airflow/.local/lib/python3.7/site-packages/airflow/example_dags/example_short_circuit_operator.py
[2022-11-22T19:40:37.953+0000] {logging_mixin.py:137} INFO - [2022-11-22T19:40:37.953+0000] {dag.py:2585} INFO - Sync 1 DAGs
[2022-11-22T19:40:37.974+0000] {logging_mixin.py:137} INFO - [2022-11-22T19:40:37.974+0000] {dag.py:3340} INFO - Setting next_dagrun for example_short_circuit_operator to 2022-11-21T19:40:37.974388+00:00, run_after=2022-11-22T19:40:37.974388+00:00
[2022-11-22T19:40:37.992+0000] {processor.py:176} INFO - Processing /home/airflow/.local/lib/python3.7/site-packages/airflow/example_dags/example_short_circuit_operator.py took 0.111 seconds
[2022-11-22T19:41:08.874+0000] {processor.py:154} INFO - Started process (PID=1824) to work on /home/airflow/.local/lib/python3.7/site-packages/airflow/example_dags/example_short_circuit_operator.py
[2022-11-22T19:41:08.875+0000] {processor.py:756} INFO - Processing file /home/airflow/.local/lib/python3.7/site-packages/airflow/example_dags/example_short_circuit_operator.py for tasks to queue
[2022-11-22T19:41:08.876+0000] {logging_mixin.py:137} INFO - [2022-11-22T19:41:08.876+0000] {dagbag.py:537} INFO - Filling up the DagBag from /home/airflow/.local/lib/python3.7/site-packages/airflow/example_dags/example_short_circuit_operator.py
[2022-11-22T19:41:08.887+0000] {processor.py:766} INFO - DAG(s) dict_keys(['example_short_circuit_operator']) retrieved from /home/airflow/.local/lib/python3.7/site-packages/airflow/example_dags/example_short_circuit_operator.py
[2022-11-22T19:41:08.912+0000] {logging_mixin.py:137} INFO - [2022-11-22T19:41:08.912+0000] {dag.py:2585} INFO - Sync 1 DAGs
[2022-11-22T19:41:08.926+0000] {logging_mixin.py:137} INFO - [2022-11-22T19:41:08.926+0000] {dag.py:3340} INFO - Setting next_dagrun for example_short_circuit_operator to 2022-11-21T19:41:08.926562+00:00, run_after=2022-11-22T19:41:08.926562+00:00
[2022-11-22T19:41:08.940+0000] {processor.py:176} INFO - Processing /home/airflow/.local/lib/python3.7/site-packages/airflow/example_dags/example_short_circuit_operator.py took 0.068 seconds
[2022-11-22T19:41:39.935+0000] {processor.py:154} INFO - Started process (PID=1888) to work on /home/airflow/.local/lib/python3.7/site-packages/airflow/example_dags/example_short_circuit_operator.py
[2022-11-22T19:41:39.938+0000] {processor.py:756} INFO - Processing file /home/airflow/.local/lib/python3.7/site-packages/airflow/example_dags/example_short_circuit_operator.py for tasks to queue
[2022-11-22T19:41:39.941+0000] {logging_mixin.py:137} INFO - [2022-11-22T19:41:39.941+0000] {dagbag.py:537} INFO - Filling up the DagBag from /home/airflow/.local/lib/python3.7/site-packages/airflow/example_dags/example_short_circuit_operator.py
[2022-11-22T19:41:39.992+0000] {processor.py:766} INFO - DAG(s) dict_keys(['example_short_circuit_operator']) retrieved from /home/airflow/.local/lib/python3.7/site-packages/airflow/example_dags/example_short_circuit_operator.py
[2022-11-22T19:41:40.027+0000] {logging_mixin.py:137} INFO - [2022-11-22T19:41:40.026+0000] {dag.py:2585} INFO - Sync 1 DAGs
[2022-11-22T19:41:40.045+0000] {logging_mixin.py:137} INFO - [2022-11-22T19:41:40.045+0000] {dag.py:3340} INFO - Setting next_dagrun for example_short_circuit_operator to 2022-11-21T19:41:40.045036+00:00, run_after=2022-11-22T19:41:40.045036+00:00
[2022-11-22T19:41:40.058+0000] {processor.py:176} INFO - Processing /home/airflow/.local/lib/python3.7/site-packages/airflow/example_dags/example_short_circuit_operator.py took 0.126 seconds
[2022-11-22T19:42:10.546+0000] {processor.py:154} INFO - Started process (PID=1949) to work on /home/airflow/.local/lib/python3.7/site-packages/airflow/example_dags/example_short_circuit_operator.py
[2022-11-22T19:42:10.548+0000] {processor.py:756} INFO - Processing file /home/airflow/.local/lib/python3.7/site-packages/airflow/example_dags/example_short_circuit_operator.py for tasks to queue
[2022-11-22T19:42:10.549+0000] {logging_mixin.py:137} INFO - [2022-11-22T19:42:10.549+0000] {dagbag.py:537} INFO - Filling up the DagBag from /home/airflow/.local/lib/python3.7/site-packages/airflow/example_dags/example_short_circuit_operator.py
[2022-11-22T19:42:10.567+0000] {processor.py:766} INFO - DAG(s) dict_keys(['example_short_circuit_operator']) retrieved from /home/airflow/.local/lib/python3.7/site-packages/airflow/example_dags/example_short_circuit_operator.py
[2022-11-22T19:42:10.600+0000] {logging_mixin.py:137} INFO - [2022-11-22T19:42:10.600+0000] {dag.py:2585} INFO - Sync 1 DAGs
[2022-11-22T19:42:10.624+0000] {logging_mixin.py:137} INFO - [2022-11-22T19:42:10.623+0000] {dag.py:3340} INFO - Setting next_dagrun for example_short_circuit_operator to 2022-11-21T19:42:10.623660+00:00, run_after=2022-11-22T19:42:10.623660+00:00
[2022-11-22T19:42:10.644+0000] {processor.py:176} INFO - Processing /home/airflow/.local/lib/python3.7/site-packages/airflow/example_dags/example_short_circuit_operator.py took 0.102 seconds
[2022-11-22T19:42:41.722+0000] {processor.py:154} INFO - Started process (PID=2007) to work on /home/airflow/.local/lib/python3.7/site-packages/airflow/example_dags/example_short_circuit_operator.py
[2022-11-22T19:42:41.724+0000] {processor.py:756} INFO - Processing file /home/airflow/.local/lib/python3.7/site-packages/airflow/example_dags/example_short_circuit_operator.py for tasks to queue
[2022-11-22T19:42:41.725+0000] {logging_mixin.py:137} INFO - [2022-11-22T19:42:41.725+0000] {dagbag.py:537} INFO - Filling up the DagBag from /home/airflow/.local/lib/python3.7/site-packages/airflow/example_dags/example_short_circuit_operator.py
[2022-11-22T19:42:41.737+0000] {processor.py:766} INFO - DAG(s) dict_keys(['example_short_circuit_operator']) retrieved from /home/airflow/.local/lib/python3.7/site-packages/airflow/example_dags/example_short_circuit_operator.py
[2022-11-22T19:42:41.766+0000] {logging_mixin.py:137} INFO - [2022-11-22T19:42:41.766+0000] {dag.py:2585} INFO - Sync 1 DAGs
[2022-11-22T19:42:41.783+0000] {logging_mixin.py:137} INFO - [2022-11-22T19:42:41.783+0000] {dag.py:3340} INFO - Setting next_dagrun for example_short_circuit_operator to 2022-11-21T19:42:41.783235+00:00, run_after=2022-11-22T19:42:41.783235+00:00
[2022-11-22T19:42:41.802+0000] {processor.py:176} INFO - Processing /home/airflow/.local/lib/python3.7/site-packages/airflow/example_dags/example_short_circuit_operator.py took 0.083 seconds
[2022-11-22T19:43:12.732+0000] {processor.py:154} INFO - Started process (PID=2069) to work on /home/airflow/.local/lib/python3.7/site-packages/airflow/example_dags/example_short_circuit_operator.py
[2022-11-22T19:43:12.734+0000] {processor.py:756} INFO - Processing file /home/airflow/.local/lib/python3.7/site-packages/airflow/example_dags/example_short_circuit_operator.py for tasks to queue
[2022-11-22T19:43:12.736+0000] {logging_mixin.py:137} INFO - [2022-11-22T19:43:12.736+0000] {dagbag.py:537} INFO - Filling up the DagBag from /home/airflow/.local/lib/python3.7/site-packages/airflow/example_dags/example_short_circuit_operator.py
[2022-11-22T19:43:12.749+0000] {processor.py:766} INFO - DAG(s) dict_keys(['example_short_circuit_operator']) retrieved from /home/airflow/.local/lib/python3.7/site-packages/airflow/example_dags/example_short_circuit_operator.py
[2022-11-22T19:43:12.780+0000] {logging_mixin.py:137} INFO - [2022-11-22T19:43:12.780+0000] {dag.py:2585} INFO - Sync 1 DAGs
[2022-11-22T19:43:12.808+0000] {logging_mixin.py:137} INFO - [2022-11-22T19:43:12.808+0000] {dag.py:3340} INFO - Setting next_dagrun for example_short_circuit_operator to 2022-11-21T19:43:12.808407+00:00, run_after=2022-11-22T19:43:12.808407+00:00
[2022-11-22T19:43:12.827+0000] {processor.py:176} INFO - Processing /home/airflow/.local/lib/python3.7/site-packages/airflow/example_dags/example_short_circuit_operator.py took 0.097 seconds
[2022-11-22T19:43:43.617+0000] {processor.py:154} INFO - Started process (PID=2131) to work on /home/airflow/.local/lib/python3.7/site-packages/airflow/example_dags/example_short_circuit_operator.py
[2022-11-22T19:43:43.618+0000] {processor.py:756} INFO - Processing file /home/airflow/.local/lib/python3.7/site-packages/airflow/example_dags/example_short_circuit_operator.py for tasks to queue
[2022-11-22T19:43:43.619+0000] {logging_mixin.py:137} INFO - [2022-11-22T19:43:43.619+0000] {dagbag.py:537} INFO - Filling up the DagBag from /home/airflow/.local/lib/python3.7/site-packages/airflow/example_dags/example_short_circuit_operator.py
[2022-11-22T19:43:43.638+0000] {processor.py:766} INFO - DAG(s) dict_keys(['example_short_circuit_operator']) retrieved from /home/airflow/.local/lib/python3.7/site-packages/airflow/example_dags/example_short_circuit_operator.py
[2022-11-22T19:43:43.697+0000] {logging_mixin.py:137} INFO - [2022-11-22T19:43:43.697+0000] {dag.py:2585} INFO - Sync 1 DAGs
[2022-11-22T19:43:43.714+0000] {logging_mixin.py:137} INFO - [2022-11-22T19:43:43.714+0000] {dag.py:3340} INFO - Setting next_dagrun for example_short_circuit_operator to 2022-11-21T19:43:43.714353+00:00, run_after=2022-11-22T19:43:43.714353+00:00
[2022-11-22T19:43:43.736+0000] {processor.py:176} INFO - Processing /home/airflow/.local/lib/python3.7/site-packages/airflow/example_dags/example_short_circuit_operator.py took 0.122 seconds
[2022-11-22T19:44:14.137+0000] {processor.py:154} INFO - Started process (PID=2194) to work on /home/airflow/.local/lib/python3.7/site-packages/airflow/example_dags/example_short_circuit_operator.py
[2022-11-22T19:44:14.139+0000] {processor.py:756} INFO - Processing file /home/airflow/.local/lib/python3.7/site-packages/airflow/example_dags/example_short_circuit_operator.py for tasks to queue
[2022-11-22T19:44:14.140+0000] {logging_mixin.py:137} INFO - [2022-11-22T19:44:14.140+0000] {dagbag.py:537} INFO - Filling up the DagBag from /home/airflow/.local/lib/python3.7/site-packages/airflow/example_dags/example_short_circuit_operator.py
[2022-11-22T19:44:14.184+0000] {processor.py:766} INFO - DAG(s) dict_keys(['example_short_circuit_operator']) retrieved from /home/airflow/.local/lib/python3.7/site-packages/airflow/example_dags/example_short_circuit_operator.py
[2022-11-22T19:44:14.261+0000] {logging_mixin.py:137} INFO - [2022-11-22T19:44:14.260+0000] {dag.py:2585} INFO - Sync 1 DAGs
[2022-11-22T19:44:14.287+0000] {logging_mixin.py:137} INFO - [2022-11-22T19:44:14.287+0000] {dag.py:3340} INFO - Setting next_dagrun for example_short_circuit_operator to 2022-11-21T19:44:14.287216+00:00, run_after=2022-11-22T19:44:14.287216+00:00
[2022-11-22T19:44:14.301+0000] {processor.py:176} INFO - Processing /home/airflow/.local/lib/python3.7/site-packages/airflow/example_dags/example_short_circuit_operator.py took 0.168 seconds
[2022-11-22T19:44:45.300+0000] {processor.py:154} INFO - Started process (PID=2258) to work on /home/airflow/.local/lib/python3.7/site-packages/airflow/example_dags/example_short_circuit_operator.py
[2022-11-22T19:44:45.302+0000] {processor.py:756} INFO - Processing file /home/airflow/.local/lib/python3.7/site-packages/airflow/example_dags/example_short_circuit_operator.py for tasks to queue
[2022-11-22T19:44:45.304+0000] {logging_mixin.py:137} INFO - [2022-11-22T19:44:45.304+0000] {dagbag.py:537} INFO - Filling up the DagBag from /home/airflow/.local/lib/python3.7/site-packages/airflow/example_dags/example_short_circuit_operator.py
[2022-11-22T19:44:45.322+0000] {processor.py:766} INFO - DAG(s) dict_keys(['example_short_circuit_operator']) retrieved from /home/airflow/.local/lib/python3.7/site-packages/airflow/example_dags/example_short_circuit_operator.py
[2022-11-22T19:44:45.366+0000] {logging_mixin.py:137} INFO - [2022-11-22T19:44:45.366+0000] {dag.py:2585} INFO - Sync 1 DAGs
[2022-11-22T19:44:45.397+0000] {logging_mixin.py:137} INFO - [2022-11-22T19:44:45.397+0000] {dag.py:3340} INFO - Setting next_dagrun for example_short_circuit_operator to 2022-11-21T19:44:45.397201+00:00, run_after=2022-11-22T19:44:45.397201+00:00
[2022-11-22T19:44:45.424+0000] {processor.py:176} INFO - Processing /home/airflow/.local/lib/python3.7/site-packages/airflow/example_dags/example_short_circuit_operator.py took 0.127 seconds
[2022-11-22T19:45:16.359+0000] {processor.py:154} INFO - Started process (PID=2313) to work on /home/airflow/.local/lib/python3.7/site-packages/airflow/example_dags/example_short_circuit_operator.py
[2022-11-22T19:45:16.361+0000] {processor.py:756} INFO - Processing file /home/airflow/.local/lib/python3.7/site-packages/airflow/example_dags/example_short_circuit_operator.py for tasks to queue
[2022-11-22T19:45:16.363+0000] {logging_mixin.py:137} INFO - [2022-11-22T19:45:16.363+0000] {dagbag.py:537} INFO - Filling up the DagBag from /home/airflow/.local/lib/python3.7/site-packages/airflow/example_dags/example_short_circuit_operator.py
[2022-11-22T19:45:16.384+0000] {processor.py:766} INFO - DAG(s) dict_keys(['example_short_circuit_operator']) retrieved from /home/airflow/.local/lib/python3.7/site-packages/airflow/example_dags/example_short_circuit_operator.py
[2022-11-22T19:45:16.429+0000] {logging_mixin.py:137} INFO - [2022-11-22T19:45:16.429+0000] {dag.py:2585} INFO - Sync 1 DAGs
[2022-11-22T19:45:16.449+0000] {logging_mixin.py:137} INFO - [2022-11-22T19:45:16.449+0000] {dag.py:3340} INFO - Setting next_dagrun for example_short_circuit_operator to 2022-11-21T19:45:16.449046+00:00, run_after=2022-11-22T19:45:16.449046+00:00
[2022-11-22T19:45:16.465+0000] {processor.py:176} INFO - Processing /home/airflow/.local/lib/python3.7/site-packages/airflow/example_dags/example_short_circuit_operator.py took 0.113 seconds
[2022-11-22T19:45:47.234+0000] {processor.py:154} INFO - Started process (PID=2377) to work on /home/airflow/.local/lib/python3.7/site-packages/airflow/example_dags/example_short_circuit_operator.py
[2022-11-22T19:45:47.236+0000] {processor.py:756} INFO - Processing file /home/airflow/.local/lib/python3.7/site-packages/airflow/example_dags/example_short_circuit_operator.py for tasks to queue
[2022-11-22T19:45:47.237+0000] {logging_mixin.py:137} INFO - [2022-11-22T19:45:47.237+0000] {dagbag.py:537} INFO - Filling up the DagBag from /home/airflow/.local/lib/python3.7/site-packages/airflow/example_dags/example_short_circuit_operator.py
[2022-11-22T19:45:47.251+0000] {processor.py:766} INFO - DAG(s) dict_keys(['example_short_circuit_operator']) retrieved from /home/airflow/.local/lib/python3.7/site-packages/airflow/example_dags/example_short_circuit_operator.py
[2022-11-22T19:45:47.279+0000] {logging_mixin.py:137} INFO - [2022-11-22T19:45:47.279+0000] {dag.py:2585} INFO - Sync 1 DAGs
[2022-11-22T19:45:47.299+0000] {logging_mixin.py:137} INFO - [2022-11-22T19:45:47.299+0000] {dag.py:3340} INFO - Setting next_dagrun for example_short_circuit_operator to 2022-11-21T19:45:47.298918+00:00, run_after=2022-11-22T19:45:47.298918+00:00
[2022-11-22T19:45:47.322+0000] {processor.py:176} INFO - Processing /home/airflow/.local/lib/python3.7/site-packages/airflow/example_dags/example_short_circuit_operator.py took 0.090 seconds
[2022-11-22T19:46:18.404+0000] {processor.py:154} INFO - Started process (PID=2441) to work on /home/airflow/.local/lib/python3.7/site-packages/airflow/example_dags/example_short_circuit_operator.py
[2022-11-22T19:46:18.429+0000] {processor.py:756} INFO - Processing file /home/airflow/.local/lib/python3.7/site-packages/airflow/example_dags/example_short_circuit_operator.py for tasks to queue
[2022-11-22T19:46:18.432+0000] {logging_mixin.py:137} INFO - [2022-11-22T19:46:18.432+0000] {dagbag.py:537} INFO - Filling up the DagBag from /home/airflow/.local/lib/python3.7/site-packages/airflow/example_dags/example_short_circuit_operator.py
[2022-11-22T19:46:18.480+0000] {processor.py:766} INFO - DAG(s) dict_keys(['example_short_circuit_operator']) retrieved from /home/airflow/.local/lib/python3.7/site-packages/airflow/example_dags/example_short_circuit_operator.py
[2022-11-22T19:46:18.574+0000] {logging_mixin.py:137} INFO - [2022-11-22T19:46:18.573+0000] {dag.py:2585} INFO - Sync 1 DAGs
[2022-11-22T19:46:18.605+0000] {logging_mixin.py:137} INFO - [2022-11-22T19:46:18.605+0000] {dag.py:3340} INFO - Setting next_dagrun for example_short_circuit_operator to 2022-11-21T19:46:18.605369+00:00, run_after=2022-11-22T19:46:18.605369+00:00
[2022-11-22T19:46:18.632+0000] {processor.py:176} INFO - Processing /home/airflow/.local/lib/python3.7/site-packages/airflow/example_dags/example_short_circuit_operator.py took 0.243 seconds
[2022-11-22T19:46:49.432+0000] {processor.py:154} INFO - Started process (PID=2503) to work on /home/airflow/.local/lib/python3.7/site-packages/airflow/example_dags/example_short_circuit_operator.py
[2022-11-22T19:46:49.434+0000] {processor.py:756} INFO - Processing file /home/airflow/.local/lib/python3.7/site-packages/airflow/example_dags/example_short_circuit_operator.py for tasks to queue
[2022-11-22T19:46:49.436+0000] {logging_mixin.py:137} INFO - [2022-11-22T19:46:49.435+0000] {dagbag.py:537} INFO - Filling up the DagBag from /home/airflow/.local/lib/python3.7/site-packages/airflow/example_dags/example_short_circuit_operator.py
[2022-11-22T19:46:49.456+0000] {processor.py:766} INFO - DAG(s) dict_keys(['example_short_circuit_operator']) retrieved from /home/airflow/.local/lib/python3.7/site-packages/airflow/example_dags/example_short_circuit_operator.py
[2022-11-22T19:46:49.495+0000] {logging_mixin.py:137} INFO - [2022-11-22T19:46:49.495+0000] {dag.py:2585} INFO - Sync 1 DAGs
[2022-11-22T19:46:49.515+0000] {logging_mixin.py:137} INFO - [2022-11-22T19:46:49.515+0000] {dag.py:3340} INFO - Setting next_dagrun for example_short_circuit_operator to 2022-11-21T19:46:49.514930+00:00, run_after=2022-11-22T19:46:49.514930+00:00
[2022-11-22T19:46:49.531+0000] {processor.py:176} INFO - Processing /home/airflow/.local/lib/python3.7/site-packages/airflow/example_dags/example_short_circuit_operator.py took 0.101 seconds
[2022-11-22T19:47:19.657+0000] {processor.py:154} INFO - Started process (PID=2556) to work on /home/airflow/.local/lib/python3.7/site-packages/airflow/example_dags/example_short_circuit_operator.py
[2022-11-22T19:47:19.661+0000] {processor.py:756} INFO - Processing file /home/airflow/.local/lib/python3.7/site-packages/airflow/example_dags/example_short_circuit_operator.py for tasks to queue
[2022-11-22T19:47:19.662+0000] {logging_mixin.py:137} INFO - [2022-11-22T19:47:19.662+0000] {dagbag.py:537} INFO - Filling up the DagBag from /home/airflow/.local/lib/python3.7/site-packages/airflow/example_dags/example_short_circuit_operator.py
[2022-11-22T19:47:19.680+0000] {processor.py:766} INFO - DAG(s) dict_keys(['example_short_circuit_operator']) retrieved from /home/airflow/.local/lib/python3.7/site-packages/airflow/example_dags/example_short_circuit_operator.py
[2022-11-22T19:47:19.717+0000] {logging_mixin.py:137} INFO - [2022-11-22T19:47:19.717+0000] {dag.py:2585} INFO - Sync 1 DAGs
[2022-11-22T19:47:19.735+0000] {logging_mixin.py:137} INFO - [2022-11-22T19:47:19.735+0000] {dag.py:3340} INFO - Setting next_dagrun for example_short_circuit_operator to 2022-11-21T19:47:19.735297+00:00, run_after=2022-11-22T19:47:19.735297+00:00
[2022-11-22T19:47:19.750+0000] {processor.py:176} INFO - Processing /home/airflow/.local/lib/python3.7/site-packages/airflow/example_dags/example_short_circuit_operator.py took 0.098 seconds
[2022-11-22T19:47:50.139+0000] {processor.py:154} INFO - Started process (PID=2619) to work on /home/airflow/.local/lib/python3.7/site-packages/airflow/example_dags/example_short_circuit_operator.py
[2022-11-22T19:47:50.141+0000] {processor.py:756} INFO - Processing file /home/airflow/.local/lib/python3.7/site-packages/airflow/example_dags/example_short_circuit_operator.py for tasks to queue
[2022-11-22T19:47:50.144+0000] {logging_mixin.py:137} INFO - [2022-11-22T19:47:50.143+0000] {dagbag.py:537} INFO - Filling up the DagBag from /home/airflow/.local/lib/python3.7/site-packages/airflow/example_dags/example_short_circuit_operator.py
[2022-11-22T19:47:50.164+0000] {processor.py:766} INFO - DAG(s) dict_keys(['example_short_circuit_operator']) retrieved from /home/airflow/.local/lib/python3.7/site-packages/airflow/example_dags/example_short_circuit_operator.py
[2022-11-22T19:47:50.203+0000] {logging_mixin.py:137} INFO - [2022-11-22T19:47:50.202+0000] {dag.py:2585} INFO - Sync 1 DAGs
[2022-11-22T19:47:50.233+0000] {logging_mixin.py:137} INFO - [2022-11-22T19:47:50.233+0000] {dag.py:3340} INFO - Setting next_dagrun for example_short_circuit_operator to 2022-11-21T19:47:50.232991+00:00, run_after=2022-11-22T19:47:50.232991+00:00
[2022-11-22T19:47:50.250+0000] {processor.py:176} INFO - Processing /home/airflow/.local/lib/python3.7/site-packages/airflow/example_dags/example_short_circuit_operator.py took 0.115 seconds
[2022-11-22T19:48:20.515+0000] {processor.py:154} INFO - Started process (PID=2681) to work on /home/airflow/.local/lib/python3.7/site-packages/airflow/example_dags/example_short_circuit_operator.py
[2022-11-22T19:48:20.517+0000] {processor.py:756} INFO - Processing file /home/airflow/.local/lib/python3.7/site-packages/airflow/example_dags/example_short_circuit_operator.py for tasks to queue
[2022-11-22T19:48:20.518+0000] {logging_mixin.py:137} INFO - [2022-11-22T19:48:20.518+0000] {dagbag.py:537} INFO - Filling up the DagBag from /home/airflow/.local/lib/python3.7/site-packages/airflow/example_dags/example_short_circuit_operator.py
[2022-11-22T19:48:20.534+0000] {processor.py:766} INFO - DAG(s) dict_keys(['example_short_circuit_operator']) retrieved from /home/airflow/.local/lib/python3.7/site-packages/airflow/example_dags/example_short_circuit_operator.py
[2022-11-22T19:48:20.567+0000] {logging_mixin.py:137} INFO - [2022-11-22T19:48:20.567+0000] {dag.py:2585} INFO - Sync 1 DAGs
[2022-11-22T19:48:20.586+0000] {logging_mixin.py:137} INFO - [2022-11-22T19:48:20.585+0000] {dag.py:3340} INFO - Setting next_dagrun for example_short_circuit_operator to 2022-11-21T19:48:20.585744+00:00, run_after=2022-11-22T19:48:20.585744+00:00
[2022-11-22T19:48:20.600+0000] {processor.py:176} INFO - Processing /home/airflow/.local/lib/python3.7/site-packages/airflow/example_dags/example_short_circuit_operator.py took 0.088 seconds
[2022-11-22T19:48:51.381+0000] {processor.py:154} INFO - Started process (PID=2743) to work on /home/airflow/.local/lib/python3.7/site-packages/airflow/example_dags/example_short_circuit_operator.py
[2022-11-22T19:48:51.383+0000] {processor.py:756} INFO - Processing file /home/airflow/.local/lib/python3.7/site-packages/airflow/example_dags/example_short_circuit_operator.py for tasks to queue
[2022-11-22T19:48:51.384+0000] {logging_mixin.py:137} INFO - [2022-11-22T19:48:51.384+0000] {dagbag.py:537} INFO - Filling up the DagBag from /home/airflow/.local/lib/python3.7/site-packages/airflow/example_dags/example_short_circuit_operator.py
[2022-11-22T19:48:51.395+0000] {processor.py:766} INFO - DAG(s) dict_keys(['example_short_circuit_operator']) retrieved from /home/airflow/.local/lib/python3.7/site-packages/airflow/example_dags/example_short_circuit_operator.py
[2022-11-22T19:48:51.421+0000] {logging_mixin.py:137} INFO - [2022-11-22T19:48:51.421+0000] {dag.py:2585} INFO - Sync 1 DAGs
[2022-11-22T19:48:51.436+0000] {logging_mixin.py:137} INFO - [2022-11-22T19:48:51.436+0000] {dag.py:3340} INFO - Setting next_dagrun for example_short_circuit_operator to 2022-11-21T19:48:51.435956+00:00, run_after=2022-11-22T19:48:51.435956+00:00
[2022-11-22T19:48:51.447+0000] {processor.py:176} INFO - Processing /home/airflow/.local/lib/python3.7/site-packages/airflow/example_dags/example_short_circuit_operator.py took 0.067 seconds
[2022-11-22T19:49:21.532+0000] {processor.py:154} INFO - Started process (PID=2797) to work on /home/airflow/.local/lib/python3.7/site-packages/airflow/example_dags/example_short_circuit_operator.py
[2022-11-22T19:49:21.534+0000] {processor.py:756} INFO - Processing file /home/airflow/.local/lib/python3.7/site-packages/airflow/example_dags/example_short_circuit_operator.py for tasks to queue
[2022-11-22T19:49:21.536+0000] {logging_mixin.py:137} INFO - [2022-11-22T19:49:21.536+0000] {dagbag.py:537} INFO - Filling up the DagBag from /home/airflow/.local/lib/python3.7/site-packages/airflow/example_dags/example_short_circuit_operator.py
[2022-11-22T19:49:21.549+0000] {processor.py:766} INFO - DAG(s) dict_keys(['example_short_circuit_operator']) retrieved from /home/airflow/.local/lib/python3.7/site-packages/airflow/example_dags/example_short_circuit_operator.py
[2022-11-22T19:49:21.576+0000] {logging_mixin.py:137} INFO - [2022-11-22T19:49:21.576+0000] {dag.py:2585} INFO - Sync 1 DAGs
[2022-11-22T19:49:21.591+0000] {logging_mixin.py:137} INFO - [2022-11-22T19:49:21.591+0000] {dag.py:3340} INFO - Setting next_dagrun for example_short_circuit_operator to 2022-11-21T19:49:21.590928+00:00, run_after=2022-11-22T19:49:21.590928+00:00
[2022-11-22T19:49:21.602+0000] {processor.py:176} INFO - Processing /home/airflow/.local/lib/python3.7/site-packages/airflow/example_dags/example_short_circuit_operator.py took 0.072 seconds
[2022-11-22T19:49:52.329+0000] {processor.py:154} INFO - Started process (PID=2860) to work on /home/airflow/.local/lib/python3.7/site-packages/airflow/example_dags/example_short_circuit_operator.py
[2022-11-22T19:49:52.331+0000] {processor.py:756} INFO - Processing file /home/airflow/.local/lib/python3.7/site-packages/airflow/example_dags/example_short_circuit_operator.py for tasks to queue
[2022-11-22T19:49:52.332+0000] {logging_mixin.py:137} INFO - [2022-11-22T19:49:52.332+0000] {dagbag.py:537} INFO - Filling up the DagBag from /home/airflow/.local/lib/python3.7/site-packages/airflow/example_dags/example_short_circuit_operator.py
[2022-11-22T19:49:52.345+0000] {processor.py:766} INFO - DAG(s) dict_keys(['example_short_circuit_operator']) retrieved from /home/airflow/.local/lib/python3.7/site-packages/airflow/example_dags/example_short_circuit_operator.py
[2022-11-22T19:49:52.375+0000] {logging_mixin.py:137} INFO - [2022-11-22T19:49:52.375+0000] {dag.py:2585} INFO - Sync 1 DAGs
[2022-11-22T19:49:52.393+0000] {logging_mixin.py:137} INFO - [2022-11-22T19:49:52.393+0000] {dag.py:3340} INFO - Setting next_dagrun for example_short_circuit_operator to 2022-11-21T19:49:52.392903+00:00, run_after=2022-11-22T19:49:52.392903+00:00
[2022-11-22T19:49:52.410+0000] {processor.py:176} INFO - Processing /home/airflow/.local/lib/python3.7/site-packages/airflow/example_dags/example_short_circuit_operator.py took 0.084 seconds
[2022-11-22T19:50:23.239+0000] {processor.py:154} INFO - Started process (PID=2924) to work on /home/airflow/.local/lib/python3.7/site-packages/airflow/example_dags/example_short_circuit_operator.py
[2022-11-22T19:50:23.241+0000] {processor.py:756} INFO - Processing file /home/airflow/.local/lib/python3.7/site-packages/airflow/example_dags/example_short_circuit_operator.py for tasks to queue
[2022-11-22T19:50:23.241+0000] {logging_mixin.py:137} INFO - [2022-11-22T19:50:23.241+0000] {dagbag.py:537} INFO - Filling up the DagBag from /home/airflow/.local/lib/python3.7/site-packages/airflow/example_dags/example_short_circuit_operator.py
[2022-11-22T19:50:23.253+0000] {processor.py:766} INFO - DAG(s) dict_keys(['example_short_circuit_operator']) retrieved from /home/airflow/.local/lib/python3.7/site-packages/airflow/example_dags/example_short_circuit_operator.py
[2022-11-22T19:50:23.281+0000] {logging_mixin.py:137} INFO - [2022-11-22T19:50:23.281+0000] {dag.py:2585} INFO - Sync 1 DAGs
[2022-11-22T19:50:23.297+0000] {logging_mixin.py:137} INFO - [2022-11-22T19:50:23.297+0000] {dag.py:3340} INFO - Setting next_dagrun for example_short_circuit_operator to 2022-11-21T19:50:23.297576+00:00, run_after=2022-11-22T19:50:23.297576+00:00
[2022-11-22T19:50:23.310+0000] {processor.py:176} INFO - Processing /home/airflow/.local/lib/python3.7/site-packages/airflow/example_dags/example_short_circuit_operator.py took 0.073 seconds
[2022-11-22T19:50:53.820+0000] {processor.py:154} INFO - Started process (PID=2987) to work on /home/airflow/.local/lib/python3.7/site-packages/airflow/example_dags/example_short_circuit_operator.py
[2022-11-22T19:50:53.822+0000] {processor.py:756} INFO - Processing file /home/airflow/.local/lib/python3.7/site-packages/airflow/example_dags/example_short_circuit_operator.py for tasks to queue
[2022-11-22T19:50:53.823+0000] {logging_mixin.py:137} INFO - [2022-11-22T19:50:53.823+0000] {dagbag.py:537} INFO - Filling up the DagBag from /home/airflow/.local/lib/python3.7/site-packages/airflow/example_dags/example_short_circuit_operator.py
[2022-11-22T19:50:53.834+0000] {processor.py:766} INFO - DAG(s) dict_keys(['example_short_circuit_operator']) retrieved from /home/airflow/.local/lib/python3.7/site-packages/airflow/example_dags/example_short_circuit_operator.py
[2022-11-22T19:50:53.861+0000] {logging_mixin.py:137} INFO - [2022-11-22T19:50:53.861+0000] {dag.py:2585} INFO - Sync 1 DAGs
[2022-11-22T19:50:53.877+0000] {logging_mixin.py:137} INFO - [2022-11-22T19:50:53.877+0000] {dag.py:3340} INFO - Setting next_dagrun for example_short_circuit_operator to 2022-11-21T19:50:53.877296+00:00, run_after=2022-11-22T19:50:53.877296+00:00
[2022-11-22T19:50:53.893+0000] {processor.py:176} INFO - Processing /home/airflow/.local/lib/python3.7/site-packages/airflow/example_dags/example_short_circuit_operator.py took 0.076 seconds
[2022-11-22T19:51:24.624+0000] {processor.py:154} INFO - Started process (PID=3050) to work on /home/airflow/.local/lib/python3.7/site-packages/airflow/example_dags/example_short_circuit_operator.py
[2022-11-22T19:51:24.627+0000] {processor.py:756} INFO - Processing file /home/airflow/.local/lib/python3.7/site-packages/airflow/example_dags/example_short_circuit_operator.py for tasks to queue
[2022-11-22T19:51:24.628+0000] {logging_mixin.py:137} INFO - [2022-11-22T19:51:24.628+0000] {dagbag.py:537} INFO - Filling up the DagBag from /home/airflow/.local/lib/python3.7/site-packages/airflow/example_dags/example_short_circuit_operator.py
[2022-11-22T19:51:24.640+0000] {processor.py:766} INFO - DAG(s) dict_keys(['example_short_circuit_operator']) retrieved from /home/airflow/.local/lib/python3.7/site-packages/airflow/example_dags/example_short_circuit_operator.py
[2022-11-22T19:51:24.667+0000] {logging_mixin.py:137} INFO - [2022-11-22T19:51:24.667+0000] {dag.py:2585} INFO - Sync 1 DAGs
[2022-11-22T19:51:24.683+0000] {logging_mixin.py:137} INFO - [2022-11-22T19:51:24.683+0000] {dag.py:3340} INFO - Setting next_dagrun for example_short_circuit_operator to 2022-11-21T19:51:24.683090+00:00, run_after=2022-11-22T19:51:24.683090+00:00
[2022-11-22T19:51:24.697+0000] {processor.py:176} INFO - Processing /home/airflow/.local/lib/python3.7/site-packages/airflow/example_dags/example_short_circuit_operator.py took 0.076 seconds
[2022-11-22T19:51:55.456+0000] {processor.py:154} INFO - Started process (PID=3104) to work on /home/airflow/.local/lib/python3.7/site-packages/airflow/example_dags/example_short_circuit_operator.py
[2022-11-22T19:51:55.457+0000] {processor.py:756} INFO - Processing file /home/airflow/.local/lib/python3.7/site-packages/airflow/example_dags/example_short_circuit_operator.py for tasks to queue
[2022-11-22T19:51:55.458+0000] {logging_mixin.py:137} INFO - [2022-11-22T19:51:55.458+0000] {dagbag.py:537} INFO - Filling up the DagBag from /home/airflow/.local/lib/python3.7/site-packages/airflow/example_dags/example_short_circuit_operator.py
[2022-11-22T19:51:55.473+0000] {processor.py:766} INFO - DAG(s) dict_keys(['example_short_circuit_operator']) retrieved from /home/airflow/.local/lib/python3.7/site-packages/airflow/example_dags/example_short_circuit_operator.py
[2022-11-22T19:51:55.508+0000] {logging_mixin.py:137} INFO - [2022-11-22T19:51:55.507+0000] {dag.py:2585} INFO - Sync 1 DAGs
[2022-11-22T19:51:55.530+0000] {logging_mixin.py:137} INFO - [2022-11-22T19:51:55.530+0000] {dag.py:3340} INFO - Setting next_dagrun for example_short_circuit_operator to 2022-11-21T19:51:55.530089+00:00, run_after=2022-11-22T19:51:55.530089+00:00
[2022-11-22T19:51:55.546+0000] {processor.py:176} INFO - Processing /home/airflow/.local/lib/python3.7/site-packages/airflow/example_dags/example_short_circuit_operator.py took 0.092 seconds
[2022-11-22T19:52:26.609+0000] {processor.py:154} INFO - Started process (PID=3167) to work on /home/airflow/.local/lib/python3.7/site-packages/airflow/example_dags/example_short_circuit_operator.py
[2022-11-22T19:52:26.611+0000] {processor.py:756} INFO - Processing file /home/airflow/.local/lib/python3.7/site-packages/airflow/example_dags/example_short_circuit_operator.py for tasks to queue
[2022-11-22T19:52:26.612+0000] {logging_mixin.py:137} INFO - [2022-11-22T19:52:26.612+0000] {dagbag.py:537} INFO - Filling up the DagBag from /home/airflow/.local/lib/python3.7/site-packages/airflow/example_dags/example_short_circuit_operator.py
[2022-11-22T19:52:26.624+0000] {processor.py:766} INFO - DAG(s) dict_keys(['example_short_circuit_operator']) retrieved from /home/airflow/.local/lib/python3.7/site-packages/airflow/example_dags/example_short_circuit_operator.py
[2022-11-22T19:52:26.654+0000] {logging_mixin.py:137} INFO - [2022-11-22T19:52:26.654+0000] {dag.py:2585} INFO - Sync 1 DAGs
[2022-11-22T19:52:26.673+0000] {logging_mixin.py:137} INFO - [2022-11-22T19:52:26.673+0000] {dag.py:3340} INFO - Setting next_dagrun for example_short_circuit_operator to 2022-11-21T19:52:26.672926+00:00, run_after=2022-11-22T19:52:26.672926+00:00
[2022-11-22T19:52:26.687+0000] {processor.py:176} INFO - Processing /home/airflow/.local/lib/python3.7/site-packages/airflow/example_dags/example_short_circuit_operator.py took 0.081 seconds
[2022-11-22T19:52:57.720+0000] {processor.py:154} INFO - Started process (PID=3229) to work on /home/airflow/.local/lib/python3.7/site-packages/airflow/example_dags/example_short_circuit_operator.py
[2022-11-22T19:52:57.721+0000] {processor.py:756} INFO - Processing file /home/airflow/.local/lib/python3.7/site-packages/airflow/example_dags/example_short_circuit_operator.py for tasks to queue
[2022-11-22T19:52:57.723+0000] {logging_mixin.py:137} INFO - [2022-11-22T19:52:57.723+0000] {dagbag.py:537} INFO - Filling up the DagBag from /home/airflow/.local/lib/python3.7/site-packages/airflow/example_dags/example_short_circuit_operator.py
[2022-11-22T19:52:57.743+0000] {processor.py:766} INFO - DAG(s) dict_keys(['example_short_circuit_operator']) retrieved from /home/airflow/.local/lib/python3.7/site-packages/airflow/example_dags/example_short_circuit_operator.py
[2022-11-22T19:52:57.787+0000] {logging_mixin.py:137} INFO - [2022-11-22T19:52:57.787+0000] {dag.py:2585} INFO - Sync 1 DAGs
[2022-11-22T19:52:57.826+0000] {logging_mixin.py:137} INFO - [2022-11-22T19:52:57.826+0000] {dag.py:3340} INFO - Setting next_dagrun for example_short_circuit_operator to 2022-11-21T19:52:57.826646+00:00, run_after=2022-11-22T19:52:57.826646+00:00
[2022-11-22T19:52:57.851+0000] {processor.py:176} INFO - Processing /home/airflow/.local/lib/python3.7/site-packages/airflow/example_dags/example_short_circuit_operator.py took 0.134 seconds
[2022-11-22T19:53:28.889+0000] {processor.py:154} INFO - Started process (PID=3292) to work on /home/airflow/.local/lib/python3.7/site-packages/airflow/example_dags/example_short_circuit_operator.py
[2022-11-22T19:53:28.890+0000] {processor.py:756} INFO - Processing file /home/airflow/.local/lib/python3.7/site-packages/airflow/example_dags/example_short_circuit_operator.py for tasks to queue
[2022-11-22T19:53:28.891+0000] {logging_mixin.py:137} INFO - [2022-11-22T19:53:28.891+0000] {dagbag.py:537} INFO - Filling up the DagBag from /home/airflow/.local/lib/python3.7/site-packages/airflow/example_dags/example_short_circuit_operator.py
[2022-11-22T19:53:28.903+0000] {processor.py:766} INFO - DAG(s) dict_keys(['example_short_circuit_operator']) retrieved from /home/airflow/.local/lib/python3.7/site-packages/airflow/example_dags/example_short_circuit_operator.py
[2022-11-22T19:53:28.932+0000] {logging_mixin.py:137} INFO - [2022-11-22T19:53:28.932+0000] {dag.py:2585} INFO - Sync 1 DAGs
[2022-11-22T19:53:28.948+0000] {logging_mixin.py:137} INFO - [2022-11-22T19:53:28.948+0000] {dag.py:3340} INFO - Setting next_dagrun for example_short_circuit_operator to 2022-11-21T19:53:28.947999+00:00, run_after=2022-11-22T19:53:28.947999+00:00
[2022-11-22T19:53:28.962+0000] {processor.py:176} INFO - Processing /home/airflow/.local/lib/python3.7/site-packages/airflow/example_dags/example_short_circuit_operator.py took 0.075 seconds
[2022-11-22T19:53:59.572+0000] {processor.py:154} INFO - Started process (PID=3355) to work on /home/airflow/.local/lib/python3.7/site-packages/airflow/example_dags/example_short_circuit_operator.py
[2022-11-22T19:53:59.574+0000] {processor.py:756} INFO - Processing file /home/airflow/.local/lib/python3.7/site-packages/airflow/example_dags/example_short_circuit_operator.py for tasks to queue
[2022-11-22T19:53:59.575+0000] {logging_mixin.py:137} INFO - [2022-11-22T19:53:59.575+0000] {dagbag.py:537} INFO - Filling up the DagBag from /home/airflow/.local/lib/python3.7/site-packages/airflow/example_dags/example_short_circuit_operator.py
[2022-11-22T19:53:59.587+0000] {processor.py:766} INFO - DAG(s) dict_keys(['example_short_circuit_operator']) retrieved from /home/airflow/.local/lib/python3.7/site-packages/airflow/example_dags/example_short_circuit_operator.py
[2022-11-22T19:53:59.619+0000] {logging_mixin.py:137} INFO - [2022-11-22T19:53:59.619+0000] {dag.py:2585} INFO - Sync 1 DAGs
[2022-11-22T19:53:59.635+0000] {logging_mixin.py:137} INFO - [2022-11-22T19:53:59.635+0000] {dag.py:3340} INFO - Setting next_dagrun for example_short_circuit_operator to 2022-11-21T19:53:59.635652+00:00, run_after=2022-11-22T19:53:59.635652+00:00
[2022-11-22T19:53:59.648+0000] {processor.py:176} INFO - Processing /home/airflow/.local/lib/python3.7/site-packages/airflow/example_dags/example_short_circuit_operator.py took 0.080 seconds
[2022-11-22T19:54:30.622+0000] {processor.py:154} INFO - Started process (PID=3409) to work on /home/airflow/.local/lib/python3.7/site-packages/airflow/example_dags/example_short_circuit_operator.py
[2022-11-22T19:54:30.623+0000] {processor.py:756} INFO - Processing file /home/airflow/.local/lib/python3.7/site-packages/airflow/example_dags/example_short_circuit_operator.py for tasks to queue
[2022-11-22T19:54:30.625+0000] {logging_mixin.py:137} INFO - [2022-11-22T19:54:30.624+0000] {dagbag.py:537} INFO - Filling up the DagBag from /home/airflow/.local/lib/python3.7/site-packages/airflow/example_dags/example_short_circuit_operator.py
[2022-11-22T19:54:30.636+0000] {processor.py:766} INFO - DAG(s) dict_keys(['example_short_circuit_operator']) retrieved from /home/airflow/.local/lib/python3.7/site-packages/airflow/example_dags/example_short_circuit_operator.py
[2022-11-22T19:54:30.668+0000] {logging_mixin.py:137} INFO - [2022-11-22T19:54:30.668+0000] {dag.py:2585} INFO - Sync 1 DAGs
[2022-11-22T19:54:30.684+0000] {logging_mixin.py:137} INFO - [2022-11-22T19:54:30.684+0000] {dag.py:3340} INFO - Setting next_dagrun for example_short_circuit_operator to 2022-11-21T19:54:30.684590+00:00, run_after=2022-11-22T19:54:30.684590+00:00
[2022-11-22T19:54:30.697+0000] {processor.py:176} INFO - Processing /home/airflow/.local/lib/python3.7/site-packages/airflow/example_dags/example_short_circuit_operator.py took 0.078 seconds
[2022-11-22T19:55:01.095+0000] {processor.py:154} INFO - Started process (PID=3470) to work on /home/airflow/.local/lib/python3.7/site-packages/airflow/example_dags/example_short_circuit_operator.py
[2022-11-22T19:55:01.097+0000] {processor.py:756} INFO - Processing file /home/airflow/.local/lib/python3.7/site-packages/airflow/example_dags/example_short_circuit_operator.py for tasks to queue
[2022-11-22T19:55:01.098+0000] {logging_mixin.py:137} INFO - [2022-11-22T19:55:01.098+0000] {dagbag.py:537} INFO - Filling up the DagBag from /home/airflow/.local/lib/python3.7/site-packages/airflow/example_dags/example_short_circuit_operator.py
[2022-11-22T19:55:01.109+0000] {processor.py:766} INFO - DAG(s) dict_keys(['example_short_circuit_operator']) retrieved from /home/airflow/.local/lib/python3.7/site-packages/airflow/example_dags/example_short_circuit_operator.py
[2022-11-22T19:55:01.139+0000] {logging_mixin.py:137} INFO - [2022-11-22T19:55:01.138+0000] {dag.py:2585} INFO - Sync 1 DAGs
[2022-11-22T19:55:01.155+0000] {logging_mixin.py:137} INFO - [2022-11-22T19:55:01.155+0000] {dag.py:3340} INFO - Setting next_dagrun for example_short_circuit_operator to 2022-11-21T19:55:01.155516+00:00, run_after=2022-11-22T19:55:01.155516+00:00
[2022-11-22T19:55:01.170+0000] {processor.py:176} INFO - Processing /home/airflow/.local/lib/python3.7/site-packages/airflow/example_dags/example_short_circuit_operator.py took 0.077 seconds
[2022-11-22T19:55:32.212+0000] {processor.py:154} INFO - Started process (PID=3534) to work on /home/airflow/.local/lib/python3.7/site-packages/airflow/example_dags/example_short_circuit_operator.py
[2022-11-22T19:55:32.214+0000] {processor.py:756} INFO - Processing file /home/airflow/.local/lib/python3.7/site-packages/airflow/example_dags/example_short_circuit_operator.py for tasks to queue
[2022-11-22T19:55:32.216+0000] {logging_mixin.py:137} INFO - [2022-11-22T19:55:32.215+0000] {dagbag.py:537} INFO - Filling up the DagBag from /home/airflow/.local/lib/python3.7/site-packages/airflow/example_dags/example_short_circuit_operator.py
[2022-11-22T19:55:32.228+0000] {processor.py:766} INFO - DAG(s) dict_keys(['example_short_circuit_operator']) retrieved from /home/airflow/.local/lib/python3.7/site-packages/airflow/example_dags/example_short_circuit_operator.py
[2022-11-22T19:55:32.264+0000] {logging_mixin.py:137} INFO - [2022-11-22T19:55:32.264+0000] {dag.py:2585} INFO - Sync 1 DAGs
[2022-11-22T19:55:32.283+0000] {logging_mixin.py:137} INFO - [2022-11-22T19:55:32.283+0000] {dag.py:3340} INFO - Setting next_dagrun for example_short_circuit_operator to 2022-11-21T19:55:32.283581+00:00, run_after=2022-11-22T19:55:32.283581+00:00
[2022-11-22T19:55:32.300+0000] {processor.py:176} INFO - Processing /home/airflow/.local/lib/python3.7/site-packages/airflow/example_dags/example_short_circuit_operator.py took 0.091 seconds
[2022-11-22T19:56:02.674+0000] {processor.py:154} INFO - Started process (PID=3597) to work on /home/airflow/.local/lib/python3.7/site-packages/airflow/example_dags/example_short_circuit_operator.py
[2022-11-22T19:56:02.676+0000] {processor.py:756} INFO - Processing file /home/airflow/.local/lib/python3.7/site-packages/airflow/example_dags/example_short_circuit_operator.py for tasks to queue
[2022-11-22T19:56:02.678+0000] {logging_mixin.py:137} INFO - [2022-11-22T19:56:02.678+0000] {dagbag.py:537} INFO - Filling up the DagBag from /home/airflow/.local/lib/python3.7/site-packages/airflow/example_dags/example_short_circuit_operator.py
[2022-11-22T19:56:02.697+0000] {processor.py:766} INFO - DAG(s) dict_keys(['example_short_circuit_operator']) retrieved from /home/airflow/.local/lib/python3.7/site-packages/airflow/example_dags/example_short_circuit_operator.py
[2022-11-22T19:56:02.742+0000] {logging_mixin.py:137} INFO - [2022-11-22T19:56:02.742+0000] {dag.py:2585} INFO - Sync 1 DAGs
[2022-11-22T19:56:02.763+0000] {logging_mixin.py:137} INFO - [2022-11-22T19:56:02.763+0000] {dag.py:3340} INFO - Setting next_dagrun for example_short_circuit_operator to 2022-11-21T19:56:02.763205+00:00, run_after=2022-11-22T19:56:02.763205+00:00
[2022-11-22T19:56:02.778+0000] {processor.py:176} INFO - Processing /home/airflow/.local/lib/python3.7/site-packages/airflow/example_dags/example_short_circuit_operator.py took 0.107 seconds
[2022-11-22T19:56:33.340+0000] {processor.py:154} INFO - Started process (PID=3651) to work on /home/airflow/.local/lib/python3.7/site-packages/airflow/example_dags/example_short_circuit_operator.py
[2022-11-22T19:56:33.341+0000] {processor.py:756} INFO - Processing file /home/airflow/.local/lib/python3.7/site-packages/airflow/example_dags/example_short_circuit_operator.py for tasks to queue
[2022-11-22T19:56:33.342+0000] {logging_mixin.py:137} INFO - [2022-11-22T19:56:33.342+0000] {dagbag.py:537} INFO - Filling up the DagBag from /home/airflow/.local/lib/python3.7/site-packages/airflow/example_dags/example_short_circuit_operator.py
[2022-11-22T19:56:33.354+0000] {processor.py:766} INFO - DAG(s) dict_keys(['example_short_circuit_operator']) retrieved from /home/airflow/.local/lib/python3.7/site-packages/airflow/example_dags/example_short_circuit_operator.py
[2022-11-22T19:56:33.383+0000] {logging_mixin.py:137} INFO - [2022-11-22T19:56:33.382+0000] {dag.py:2585} INFO - Sync 1 DAGs
[2022-11-22T19:56:33.398+0000] {logging_mixin.py:137} INFO - [2022-11-22T19:56:33.398+0000] {dag.py:3340} INFO - Setting next_dagrun for example_short_circuit_operator to 2022-11-21T19:56:33.398475+00:00, run_after=2022-11-22T19:56:33.398475+00:00
[2022-11-22T19:56:33.413+0000] {processor.py:176} INFO - Processing /home/airflow/.local/lib/python3.7/site-packages/airflow/example_dags/example_short_circuit_operator.py took 0.075 seconds
[2022-11-22T19:57:04.767+0000] {processor.py:154} INFO - Started process (PID=3714) to work on /home/airflow/.local/lib/python3.7/site-packages/airflow/example_dags/example_short_circuit_operator.py
[2022-11-22T19:57:04.770+0000] {processor.py:756} INFO - Processing file /home/airflow/.local/lib/python3.7/site-packages/airflow/example_dags/example_short_circuit_operator.py for tasks to queue
[2022-11-22T19:57:04.772+0000] {logging_mixin.py:137} INFO - [2022-11-22T19:57:04.772+0000] {dagbag.py:537} INFO - Filling up the DagBag from /home/airflow/.local/lib/python3.7/site-packages/airflow/example_dags/example_short_circuit_operator.py
[2022-11-22T19:57:04.785+0000] {processor.py:766} INFO - DAG(s) dict_keys(['example_short_circuit_operator']) retrieved from /home/airflow/.local/lib/python3.7/site-packages/airflow/example_dags/example_short_circuit_operator.py
[2022-11-22T19:57:04.826+0000] {logging_mixin.py:137} INFO - [2022-11-22T19:57:04.826+0000] {dag.py:2585} INFO - Sync 1 DAGs
[2022-11-22T19:57:04.851+0000] {logging_mixin.py:137} INFO - [2022-11-22T19:57:04.851+0000] {dag.py:3340} INFO - Setting next_dagrun for example_short_circuit_operator to 2022-11-21T19:57:04.850985+00:00, run_after=2022-11-22T19:57:04.850985+00:00
[2022-11-22T19:57:04.879+0000] {processor.py:176} INFO - Processing /home/airflow/.local/lib/python3.7/site-packages/airflow/example_dags/example_short_circuit_operator.py took 0.114 seconds
[2022-11-22T20:30:51.626+0000] {processor.py:154} INFO - Started process (PID=3778) to work on /home/airflow/.local/lib/python3.7/site-packages/airflow/example_dags/example_short_circuit_operator.py
[2022-11-22T20:30:51.628+0000] {processor.py:756} INFO - Processing file /home/airflow/.local/lib/python3.7/site-packages/airflow/example_dags/example_short_circuit_operator.py for tasks to queue
[2022-11-22T20:30:51.629+0000] {logging_mixin.py:137} INFO - [2022-11-22T20:30:51.629+0000] {dagbag.py:537} INFO - Filling up the DagBag from /home/airflow/.local/lib/python3.7/site-packages/airflow/example_dags/example_short_circuit_operator.py
[2022-11-22T20:30:51.640+0000] {processor.py:766} INFO - DAG(s) dict_keys(['example_short_circuit_operator']) retrieved from /home/airflow/.local/lib/python3.7/site-packages/airflow/example_dags/example_short_circuit_operator.py
[2022-11-22T20:30:51.668+0000] {logging_mixin.py:137} INFO - [2022-11-22T20:30:51.668+0000] {dag.py:2585} INFO - Sync 1 DAGs
[2022-11-22T20:30:51.684+0000] {logging_mixin.py:137} INFO - [2022-11-22T20:30:51.684+0000] {dag.py:3340} INFO - Setting next_dagrun for example_short_circuit_operator to 2022-11-21T20:30:51.684350+00:00, run_after=2022-11-22T20:30:51.684350+00:00
[2022-11-22T20:30:51.697+0000] {processor.py:176} INFO - Processing /home/airflow/.local/lib/python3.7/site-packages/airflow/example_dags/example_short_circuit_operator.py took 0.073 seconds
[2022-11-22T21:34:48.182+0000] {processor.py:154} INFO - Started process (PID=3832) to work on /home/airflow/.local/lib/python3.7/site-packages/airflow/example_dags/example_short_circuit_operator.py
[2022-11-22T21:34:48.184+0000] {processor.py:756} INFO - Processing file /home/airflow/.local/lib/python3.7/site-packages/airflow/example_dags/example_short_circuit_operator.py for tasks to queue
[2022-11-22T21:34:48.185+0000] {logging_mixin.py:137} INFO - [2022-11-22T21:34:48.185+0000] {dagbag.py:537} INFO - Filling up the DagBag from /home/airflow/.local/lib/python3.7/site-packages/airflow/example_dags/example_short_circuit_operator.py
[2022-11-22T21:34:48.197+0000] {processor.py:766} INFO - DAG(s) dict_keys(['example_short_circuit_operator']) retrieved from /home/airflow/.local/lib/python3.7/site-packages/airflow/example_dags/example_short_circuit_operator.py
[2022-11-22T21:34:48.224+0000] {logging_mixin.py:137} INFO - [2022-11-22T21:34:48.224+0000] {dag.py:2585} INFO - Sync 1 DAGs
[2022-11-22T21:34:48.248+0000] {logging_mixin.py:137} INFO - [2022-11-22T21:34:48.247+0000] {dag.py:3340} INFO - Setting next_dagrun for example_short_circuit_operator to 2022-11-21T21:34:48.247766+00:00, run_after=2022-11-22T21:34:48.247766+00:00
[2022-11-22T21:34:48.264+0000] {processor.py:176} INFO - Processing /home/airflow/.local/lib/python3.7/site-packages/airflow/example_dags/example_short_circuit_operator.py took 0.083 seconds
[2022-11-22T22:39:28.888+0000] {processor.py:154} INFO - Started process (PID=3896) to work on /home/airflow/.local/lib/python3.7/site-packages/airflow/example_dags/example_short_circuit_operator.py
[2022-11-22T22:39:28.890+0000] {processor.py:756} INFO - Processing file /home/airflow/.local/lib/python3.7/site-packages/airflow/example_dags/example_short_circuit_operator.py for tasks to queue
[2022-11-22T22:39:28.892+0000] {logging_mixin.py:137} INFO - [2022-11-22T22:39:28.892+0000] {dagbag.py:537} INFO - Filling up the DagBag from /home/airflow/.local/lib/python3.7/site-packages/airflow/example_dags/example_short_circuit_operator.py
[2022-11-22T22:39:28.906+0000] {processor.py:766} INFO - DAG(s) dict_keys(['example_short_circuit_operator']) retrieved from /home/airflow/.local/lib/python3.7/site-packages/airflow/example_dags/example_short_circuit_operator.py
[2022-11-22T22:39:28.934+0000] {logging_mixin.py:137} INFO - [2022-11-22T22:39:28.934+0000] {dag.py:2585} INFO - Sync 1 DAGs
[2022-11-22T22:39:28.950+0000] {logging_mixin.py:137} INFO - [2022-11-22T22:39:28.950+0000] {dag.py:3340} INFO - Setting next_dagrun for example_short_circuit_operator to 2022-11-21T22:39:28.950302+00:00, run_after=2022-11-22T22:39:28.950302+00:00
[2022-11-22T22:39:28.962+0000] {processor.py:176} INFO - Processing /home/airflow/.local/lib/python3.7/site-packages/airflow/example_dags/example_short_circuit_operator.py took 0.080 seconds
[2022-11-22T23:47:25.200+0000] {processor.py:154} INFO - Started process (PID=3950) to work on /home/airflow/.local/lib/python3.7/site-packages/airflow/example_dags/example_short_circuit_operator.py
[2022-11-22T23:47:25.202+0000] {processor.py:756} INFO - Processing file /home/airflow/.local/lib/python3.7/site-packages/airflow/example_dags/example_short_circuit_operator.py for tasks to queue
[2022-11-22T23:47:25.204+0000] {logging_mixin.py:137} INFO - [2022-11-22T23:47:25.204+0000] {dagbag.py:537} INFO - Filling up the DagBag from /home/airflow/.local/lib/python3.7/site-packages/airflow/example_dags/example_short_circuit_operator.py
[2022-11-22T23:47:25.217+0000] {processor.py:766} INFO - DAG(s) dict_keys(['example_short_circuit_operator']) retrieved from /home/airflow/.local/lib/python3.7/site-packages/airflow/example_dags/example_short_circuit_operator.py
[2022-11-22T23:47:25.255+0000] {logging_mixin.py:137} INFO - [2022-11-22T23:47:25.254+0000] {dag.py:2585} INFO - Sync 1 DAGs
[2022-11-22T23:47:25.274+0000] {logging_mixin.py:137} INFO - [2022-11-22T23:47:25.274+0000] {dag.py:3340} INFO - Setting next_dagrun for example_short_circuit_operator to 2022-11-21T23:47:25.274149+00:00, run_after=2022-11-22T23:47:25.274149+00:00
[2022-11-22T23:47:25.290+0000] {processor.py:176} INFO - Processing /home/airflow/.local/lib/python3.7/site-packages/airflow/example_dags/example_short_circuit_operator.py took 0.092 seconds
