[2022-11-22T19:26:27.096+0000] {processor.py:154} INFO - Started process (PID=75) to work on /home/airflow/.local/lib/python3.7/site-packages/airflow/example_dags/tutorial.py
[2022-11-22T19:26:27.099+0000] {processor.py:756} INFO - Processing file /home/airflow/.local/lib/python3.7/site-packages/airflow/example_dags/tutorial.py for tasks to queue
[2022-11-22T19:26:27.102+0000] {logging_mixin.py:137} INFO - [2022-11-22T19:26:27.101+0000] {dagbag.py:537} INFO - Filling up the DagBag from /home/airflow/.local/lib/python3.7/site-packages/airflow/example_dags/tutorial.py
[2022-11-22T19:26:27.123+0000] {processor.py:766} INFO - DAG(s) dict_keys(['tutorial']) retrieved from /home/airflow/.local/lib/python3.7/site-packages/airflow/example_dags/tutorial.py
[2022-11-22T19:26:27.240+0000] {logging_mixin.py:137} INFO - [2022-11-22T19:26:27.240+0000] {manager.py:507} INFO - Created Permission View: can delete on DAG:tutorial
[2022-11-22T19:26:27.248+0000] {logging_mixin.py:137} INFO - [2022-11-22T19:26:27.248+0000] {manager.py:507} INFO - Created Permission View: can read on DAG:tutorial
[2022-11-22T19:26:27.253+0000] {logging_mixin.py:137} INFO - [2022-11-22T19:26:27.253+0000] {manager.py:507} INFO - Created Permission View: can edit on DAG:tutorial
[2022-11-22T19:26:27.254+0000] {logging_mixin.py:137} INFO - [2022-11-22T19:26:27.253+0000] {dag.py:2585} INFO - Sync 1 DAGs
[2022-11-22T19:26:27.262+0000] {logging_mixin.py:137} INFO - [2022-11-22T19:26:27.262+0000] {dag.py:2606} INFO - Creating ORM DAG for tutorial
[2022-11-22T19:26:27.274+0000] {logging_mixin.py:137} INFO - [2022-11-22T19:26:27.274+0000] {dag.py:3340} INFO - Setting next_dagrun for tutorial to 2022-11-21T19:26:27.274129+00:00, run_after=2022-11-22T19:26:27.274129+00:00
[2022-11-22T19:26:27.287+0000] {processor.py:176} INFO - Processing /home/airflow/.local/lib/python3.7/site-packages/airflow/example_dags/tutorial.py took 0.198 seconds
[2022-11-22T19:26:58.126+0000] {processor.py:154} INFO - Started process (PID=138) to work on /home/airflow/.local/lib/python3.7/site-packages/airflow/example_dags/tutorial.py
[2022-11-22T19:26:58.128+0000] {processor.py:756} INFO - Processing file /home/airflow/.local/lib/python3.7/site-packages/airflow/example_dags/tutorial.py for tasks to queue
[2022-11-22T19:26:58.129+0000] {logging_mixin.py:137} INFO - [2022-11-22T19:26:58.129+0000] {dagbag.py:537} INFO - Filling up the DagBag from /home/airflow/.local/lib/python3.7/site-packages/airflow/example_dags/tutorial.py
[2022-11-22T19:26:58.141+0000] {processor.py:766} INFO - DAG(s) dict_keys(['tutorial']) retrieved from /home/airflow/.local/lib/python3.7/site-packages/airflow/example_dags/tutorial.py
[2022-11-22T19:26:58.169+0000] {logging_mixin.py:137} INFO - [2022-11-22T19:26:58.169+0000] {dag.py:2585} INFO - Sync 1 DAGs
[2022-11-22T19:26:58.186+0000] {logging_mixin.py:137} INFO - [2022-11-22T19:26:58.186+0000] {dag.py:3340} INFO - Setting next_dagrun for tutorial to 2022-11-21T19:26:58.186681+00:00, run_after=2022-11-22T19:26:58.186681+00:00
[2022-11-22T19:26:58.199+0000] {processor.py:176} INFO - Processing /home/airflow/.local/lib/python3.7/site-packages/airflow/example_dags/tutorial.py took 0.075 seconds
[2022-11-22T19:27:28.253+0000] {processor.py:154} INFO - Started process (PID=203) to work on /home/airflow/.local/lib/python3.7/site-packages/airflow/example_dags/tutorial.py
[2022-11-22T19:27:28.255+0000] {processor.py:756} INFO - Processing file /home/airflow/.local/lib/python3.7/site-packages/airflow/example_dags/tutorial.py for tasks to queue
[2022-11-22T19:27:28.256+0000] {logging_mixin.py:137} INFO - [2022-11-22T19:27:28.256+0000] {dagbag.py:537} INFO - Filling up the DagBag from /home/airflow/.local/lib/python3.7/site-packages/airflow/example_dags/tutorial.py
[2022-11-22T19:27:28.267+0000] {processor.py:766} INFO - DAG(s) dict_keys(['tutorial']) retrieved from /home/airflow/.local/lib/python3.7/site-packages/airflow/example_dags/tutorial.py
[2022-11-22T19:27:28.297+0000] {logging_mixin.py:137} INFO - [2022-11-22T19:27:28.296+0000] {dag.py:2585} INFO - Sync 1 DAGs
[2022-11-22T19:27:28.316+0000] {logging_mixin.py:137} INFO - [2022-11-22T19:27:28.316+0000] {dag.py:3340} INFO - Setting next_dagrun for tutorial to 2022-11-21T19:27:28.316388+00:00, run_after=2022-11-22T19:27:28.316388+00:00
[2022-11-22T19:27:28.331+0000] {processor.py:176} INFO - Processing /home/airflow/.local/lib/python3.7/site-packages/airflow/example_dags/tutorial.py took 0.080 seconds
[2022-11-22T19:27:58.584+0000] {processor.py:154} INFO - Started process (PID=257) to work on /home/airflow/.local/lib/python3.7/site-packages/airflow/example_dags/tutorial.py
[2022-11-22T19:27:58.585+0000] {processor.py:756} INFO - Processing file /home/airflow/.local/lib/python3.7/site-packages/airflow/example_dags/tutorial.py for tasks to queue
[2022-11-22T19:27:58.587+0000] {logging_mixin.py:137} INFO - [2022-11-22T19:27:58.586+0000] {dagbag.py:537} INFO - Filling up the DagBag from /home/airflow/.local/lib/python3.7/site-packages/airflow/example_dags/tutorial.py
[2022-11-22T19:27:58.597+0000] {processor.py:766} INFO - DAG(s) dict_keys(['tutorial']) retrieved from /home/airflow/.local/lib/python3.7/site-packages/airflow/example_dags/tutorial.py
[2022-11-22T19:27:58.627+0000] {logging_mixin.py:137} INFO - [2022-11-22T19:27:58.627+0000] {dag.py:2585} INFO - Sync 1 DAGs
[2022-11-22T19:27:58.643+0000] {logging_mixin.py:137} INFO - [2022-11-22T19:27:58.643+0000] {dag.py:3340} INFO - Setting next_dagrun for tutorial to 2022-11-21T19:27:58.643132+00:00, run_after=2022-11-22T19:27:58.643132+00:00
[2022-11-22T19:27:58.657+0000] {processor.py:176} INFO - Processing /home/airflow/.local/lib/python3.7/site-packages/airflow/example_dags/tutorial.py took 0.075 seconds
[2022-11-22T19:28:29.505+0000] {processor.py:154} INFO - Started process (PID=319) to work on /home/airflow/.local/lib/python3.7/site-packages/airflow/example_dags/tutorial.py
[2022-11-22T19:28:29.507+0000] {processor.py:756} INFO - Processing file /home/airflow/.local/lib/python3.7/site-packages/airflow/example_dags/tutorial.py for tasks to queue
[2022-11-22T19:28:29.508+0000] {logging_mixin.py:137} INFO - [2022-11-22T19:28:29.508+0000] {dagbag.py:537} INFO - Filling up the DagBag from /home/airflow/.local/lib/python3.7/site-packages/airflow/example_dags/tutorial.py
[2022-11-22T19:28:29.521+0000] {processor.py:766} INFO - DAG(s) dict_keys(['tutorial']) retrieved from /home/airflow/.local/lib/python3.7/site-packages/airflow/example_dags/tutorial.py
[2022-11-22T19:28:29.560+0000] {logging_mixin.py:137} INFO - [2022-11-22T19:28:29.559+0000] {dag.py:2585} INFO - Sync 1 DAGs
[2022-11-22T19:28:29.583+0000] {logging_mixin.py:137} INFO - [2022-11-22T19:28:29.583+0000] {dag.py:3340} INFO - Setting next_dagrun for tutorial to 2022-11-21T19:28:29.582933+00:00, run_after=2022-11-22T19:28:29.582933+00:00
[2022-11-22T19:28:29.603+0000] {processor.py:176} INFO - Processing /home/airflow/.local/lib/python3.7/site-packages/airflow/example_dags/tutorial.py took 0.102 seconds
[2022-11-22T19:29:00.195+0000] {processor.py:154} INFO - Started process (PID=382) to work on /home/airflow/.local/lib/python3.7/site-packages/airflow/example_dags/tutorial.py
[2022-11-22T19:29:00.197+0000] {processor.py:756} INFO - Processing file /home/airflow/.local/lib/python3.7/site-packages/airflow/example_dags/tutorial.py for tasks to queue
[2022-11-22T19:29:00.198+0000] {logging_mixin.py:137} INFO - [2022-11-22T19:29:00.198+0000] {dagbag.py:537} INFO - Filling up the DagBag from /home/airflow/.local/lib/python3.7/site-packages/airflow/example_dags/tutorial.py
[2022-11-22T19:29:00.216+0000] {processor.py:766} INFO - DAG(s) dict_keys(['tutorial']) retrieved from /home/airflow/.local/lib/python3.7/site-packages/airflow/example_dags/tutorial.py
[2022-11-22T19:29:00.247+0000] {logging_mixin.py:137} INFO - [2022-11-22T19:29:00.247+0000] {dag.py:2585} INFO - Sync 1 DAGs
[2022-11-22T19:29:00.267+0000] {logging_mixin.py:137} INFO - [2022-11-22T19:29:00.267+0000] {dag.py:3340} INFO - Setting next_dagrun for tutorial to 2022-11-21T19:29:00.267285+00:00, run_after=2022-11-22T19:29:00.267285+00:00
[2022-11-22T19:29:00.280+0000] {processor.py:176} INFO - Processing /home/airflow/.local/lib/python3.7/site-packages/airflow/example_dags/tutorial.py took 0.087 seconds
[2022-11-22T19:29:30.731+0000] {processor.py:154} INFO - Started process (PID=445) to work on /home/airflow/.local/lib/python3.7/site-packages/airflow/example_dags/tutorial.py
[2022-11-22T19:29:30.734+0000] {processor.py:756} INFO - Processing file /home/airflow/.local/lib/python3.7/site-packages/airflow/example_dags/tutorial.py for tasks to queue
[2022-11-22T19:29:30.736+0000] {logging_mixin.py:137} INFO - [2022-11-22T19:29:30.736+0000] {dagbag.py:537} INFO - Filling up the DagBag from /home/airflow/.local/lib/python3.7/site-packages/airflow/example_dags/tutorial.py
[2022-11-22T19:29:30.753+0000] {processor.py:766} INFO - DAG(s) dict_keys(['tutorial']) retrieved from /home/airflow/.local/lib/python3.7/site-packages/airflow/example_dags/tutorial.py
[2022-11-22T19:29:30.785+0000] {logging_mixin.py:137} INFO - [2022-11-22T19:29:30.785+0000] {dag.py:2585} INFO - Sync 1 DAGs
[2022-11-22T19:29:30.805+0000] {logging_mixin.py:137} INFO - [2022-11-22T19:29:30.805+0000] {dag.py:3340} INFO - Setting next_dagrun for tutorial to 2022-11-21T19:29:30.805620+00:00, run_after=2022-11-22T19:29:30.805620+00:00
[2022-11-22T19:29:30.822+0000] {processor.py:176} INFO - Processing /home/airflow/.local/lib/python3.7/site-packages/airflow/example_dags/tutorial.py took 0.095 seconds
[2022-11-22T19:30:01.343+0000] {processor.py:154} INFO - Started process (PID=507) to work on /home/airflow/.local/lib/python3.7/site-packages/airflow/example_dags/tutorial.py
[2022-11-22T19:30:01.347+0000] {processor.py:756} INFO - Processing file /home/airflow/.local/lib/python3.7/site-packages/airflow/example_dags/tutorial.py for tasks to queue
[2022-11-22T19:30:01.349+0000] {logging_mixin.py:137} INFO - [2022-11-22T19:30:01.349+0000] {dagbag.py:537} INFO - Filling up the DagBag from /home/airflow/.local/lib/python3.7/site-packages/airflow/example_dags/tutorial.py
[2022-11-22T19:30:01.365+0000] {processor.py:766} INFO - DAG(s) dict_keys(['tutorial']) retrieved from /home/airflow/.local/lib/python3.7/site-packages/airflow/example_dags/tutorial.py
[2022-11-22T19:30:01.404+0000] {logging_mixin.py:137} INFO - [2022-11-22T19:30:01.404+0000] {dag.py:2585} INFO - Sync 1 DAGs
[2022-11-22T19:30:01.434+0000] {logging_mixin.py:137} INFO - [2022-11-22T19:30:01.433+0000] {dag.py:3340} INFO - Setting next_dagrun for tutorial to 2022-11-21T19:30:01.433794+00:00, run_after=2022-11-22T19:30:01.433794+00:00
[2022-11-22T19:30:01.452+0000] {processor.py:176} INFO - Processing /home/airflow/.local/lib/python3.7/site-packages/airflow/example_dags/tutorial.py took 0.112 seconds
[2022-11-22T19:30:32.315+0000] {processor.py:154} INFO - Started process (PID=563) to work on /home/airflow/.local/lib/python3.7/site-packages/airflow/example_dags/tutorial.py
[2022-11-22T19:30:32.317+0000] {processor.py:756} INFO - Processing file /home/airflow/.local/lib/python3.7/site-packages/airflow/example_dags/tutorial.py for tasks to queue
[2022-11-22T19:30:32.318+0000] {logging_mixin.py:137} INFO - [2022-11-22T19:30:32.318+0000] {dagbag.py:537} INFO - Filling up the DagBag from /home/airflow/.local/lib/python3.7/site-packages/airflow/example_dags/tutorial.py
[2022-11-22T19:30:32.332+0000] {processor.py:766} INFO - DAG(s) dict_keys(['tutorial']) retrieved from /home/airflow/.local/lib/python3.7/site-packages/airflow/example_dags/tutorial.py
[2022-11-22T19:30:32.362+0000] {logging_mixin.py:137} INFO - [2022-11-22T19:30:32.361+0000] {dag.py:2585} INFO - Sync 1 DAGs
[2022-11-22T19:30:32.378+0000] {logging_mixin.py:137} INFO - [2022-11-22T19:30:32.378+0000] {dag.py:3340} INFO - Setting next_dagrun for tutorial to 2022-11-21T19:30:32.378344+00:00, run_after=2022-11-22T19:30:32.378344+00:00
[2022-11-22T19:30:32.391+0000] {processor.py:176} INFO - Processing /home/airflow/.local/lib/python3.7/site-packages/airflow/example_dags/tutorial.py took 0.078 seconds
[2022-11-22T19:31:03.156+0000] {processor.py:154} INFO - Started process (PID=626) to work on /home/airflow/.local/lib/python3.7/site-packages/airflow/example_dags/tutorial.py
[2022-11-22T19:31:03.160+0000] {processor.py:756} INFO - Processing file /home/airflow/.local/lib/python3.7/site-packages/airflow/example_dags/tutorial.py for tasks to queue
[2022-11-22T19:31:03.163+0000] {logging_mixin.py:137} INFO - [2022-11-22T19:31:03.163+0000] {dagbag.py:537} INFO - Filling up the DagBag from /home/airflow/.local/lib/python3.7/site-packages/airflow/example_dags/tutorial.py
[2022-11-22T19:31:03.175+0000] {processor.py:766} INFO - DAG(s) dict_keys(['tutorial']) retrieved from /home/airflow/.local/lib/python3.7/site-packages/airflow/example_dags/tutorial.py
[2022-11-22T19:31:03.204+0000] {logging_mixin.py:137} INFO - [2022-11-22T19:31:03.204+0000] {dag.py:2585} INFO - Sync 1 DAGs
[2022-11-22T19:31:03.224+0000] {logging_mixin.py:137} INFO - [2022-11-22T19:31:03.224+0000] {dag.py:3340} INFO - Setting next_dagrun for tutorial to 2022-11-21T19:31:03.224345+00:00, run_after=2022-11-22T19:31:03.224345+00:00
[2022-11-22T19:31:03.248+0000] {processor.py:176} INFO - Processing /home/airflow/.local/lib/python3.7/site-packages/airflow/example_dags/tutorial.py took 0.095 seconds
[2022-11-22T19:31:34.034+0000] {processor.py:154} INFO - Started process (PID=690) to work on /home/airflow/.local/lib/python3.7/site-packages/airflow/example_dags/tutorial.py
[2022-11-22T19:31:34.037+0000] {processor.py:756} INFO - Processing file /home/airflow/.local/lib/python3.7/site-packages/airflow/example_dags/tutorial.py for tasks to queue
[2022-11-22T19:31:34.039+0000] {logging_mixin.py:137} INFO - [2022-11-22T19:31:34.039+0000] {dagbag.py:537} INFO - Filling up the DagBag from /home/airflow/.local/lib/python3.7/site-packages/airflow/example_dags/tutorial.py
[2022-11-22T19:31:34.053+0000] {processor.py:766} INFO - DAG(s) dict_keys(['tutorial']) retrieved from /home/airflow/.local/lib/python3.7/site-packages/airflow/example_dags/tutorial.py
[2022-11-22T19:31:34.087+0000] {logging_mixin.py:137} INFO - [2022-11-22T19:31:34.087+0000] {dag.py:2585} INFO - Sync 1 DAGs
[2022-11-22T19:31:34.108+0000] {logging_mixin.py:137} INFO - [2022-11-22T19:31:34.108+0000] {dag.py:3340} INFO - Setting next_dagrun for tutorial to 2022-11-21T19:31:34.107856+00:00, run_after=2022-11-22T19:31:34.107856+00:00
[2022-11-22T19:31:34.122+0000] {processor.py:176} INFO - Processing /home/airflow/.local/lib/python3.7/site-packages/airflow/example_dags/tutorial.py took 0.096 seconds
[2022-11-22T19:32:04.509+0000] {processor.py:154} INFO - Started process (PID=753) to work on /home/airflow/.local/lib/python3.7/site-packages/airflow/example_dags/tutorial.py
[2022-11-22T19:32:04.510+0000] {processor.py:756} INFO - Processing file /home/airflow/.local/lib/python3.7/site-packages/airflow/example_dags/tutorial.py for tasks to queue
[2022-11-22T19:32:04.511+0000] {logging_mixin.py:137} INFO - [2022-11-22T19:32:04.511+0000] {dagbag.py:537} INFO - Filling up the DagBag from /home/airflow/.local/lib/python3.7/site-packages/airflow/example_dags/tutorial.py
[2022-11-22T19:32:04.521+0000] {processor.py:766} INFO - DAG(s) dict_keys(['tutorial']) retrieved from /home/airflow/.local/lib/python3.7/site-packages/airflow/example_dags/tutorial.py
[2022-11-22T19:32:04.551+0000] {logging_mixin.py:137} INFO - [2022-11-22T19:32:04.550+0000] {dag.py:2585} INFO - Sync 1 DAGs
[2022-11-22T19:32:04.570+0000] {logging_mixin.py:137} INFO - [2022-11-22T19:32:04.570+0000] {dag.py:3340} INFO - Setting next_dagrun for tutorial to 2022-11-21T19:32:04.570059+00:00, run_after=2022-11-22T19:32:04.570059+00:00
[2022-11-22T19:32:04.582+0000] {processor.py:176} INFO - Processing /home/airflow/.local/lib/python3.7/site-packages/airflow/example_dags/tutorial.py took 0.076 seconds
[2022-11-22T19:32:35.119+0000] {processor.py:154} INFO - Started process (PID=816) to work on /home/airflow/.local/lib/python3.7/site-packages/airflow/example_dags/tutorial.py
[2022-11-22T19:32:35.121+0000] {processor.py:756} INFO - Processing file /home/airflow/.local/lib/python3.7/site-packages/airflow/example_dags/tutorial.py for tasks to queue
[2022-11-22T19:32:35.123+0000] {logging_mixin.py:137} INFO - [2022-11-22T19:32:35.123+0000] {dagbag.py:537} INFO - Filling up the DagBag from /home/airflow/.local/lib/python3.7/site-packages/airflow/example_dags/tutorial.py
[2022-11-22T19:32:35.134+0000] {processor.py:766} INFO - DAG(s) dict_keys(['tutorial']) retrieved from /home/airflow/.local/lib/python3.7/site-packages/airflow/example_dags/tutorial.py
[2022-11-22T19:32:35.162+0000] {logging_mixin.py:137} INFO - [2022-11-22T19:32:35.162+0000] {dag.py:2585} INFO - Sync 1 DAGs
[2022-11-22T19:32:35.181+0000] {logging_mixin.py:137} INFO - [2022-11-22T19:32:35.181+0000] {dag.py:3340} INFO - Setting next_dagrun for tutorial to 2022-11-21T19:32:35.181390+00:00, run_after=2022-11-22T19:32:35.181390+00:00
[2022-11-22T19:32:35.195+0000] {processor.py:176} INFO - Processing /home/airflow/.local/lib/python3.7/site-packages/airflow/example_dags/tutorial.py took 0.079 seconds
[2022-11-22T19:33:06.027+0000] {processor.py:154} INFO - Started process (PID=870) to work on /home/airflow/.local/lib/python3.7/site-packages/airflow/example_dags/tutorial.py
[2022-11-22T19:33:06.029+0000] {processor.py:756} INFO - Processing file /home/airflow/.local/lib/python3.7/site-packages/airflow/example_dags/tutorial.py for tasks to queue
[2022-11-22T19:33:06.030+0000] {logging_mixin.py:137} INFO - [2022-11-22T19:33:06.030+0000] {dagbag.py:537} INFO - Filling up the DagBag from /home/airflow/.local/lib/python3.7/site-packages/airflow/example_dags/tutorial.py
[2022-11-22T19:33:06.040+0000] {processor.py:766} INFO - DAG(s) dict_keys(['tutorial']) retrieved from /home/airflow/.local/lib/python3.7/site-packages/airflow/example_dags/tutorial.py
[2022-11-22T19:33:06.067+0000] {logging_mixin.py:137} INFO - [2022-11-22T19:33:06.066+0000] {dag.py:2585} INFO - Sync 1 DAGs
[2022-11-22T19:33:06.085+0000] {logging_mixin.py:137} INFO - [2022-11-22T19:33:06.085+0000] {dag.py:3340} INFO - Setting next_dagrun for tutorial to 2022-11-21T19:33:06.085197+00:00, run_after=2022-11-22T19:33:06.085197+00:00
[2022-11-22T19:33:06.099+0000] {processor.py:176} INFO - Processing /home/airflow/.local/lib/python3.7/site-packages/airflow/example_dags/tutorial.py took 0.075 seconds
[2022-11-22T19:33:36.505+0000] {processor.py:154} INFO - Started process (PID=933) to work on /home/airflow/.local/lib/python3.7/site-packages/airflow/example_dags/tutorial.py
[2022-11-22T19:33:36.507+0000] {processor.py:756} INFO - Processing file /home/airflow/.local/lib/python3.7/site-packages/airflow/example_dags/tutorial.py for tasks to queue
[2022-11-22T19:33:36.509+0000] {logging_mixin.py:137} INFO - [2022-11-22T19:33:36.509+0000] {dagbag.py:537} INFO - Filling up the DagBag from /home/airflow/.local/lib/python3.7/site-packages/airflow/example_dags/tutorial.py
[2022-11-22T19:33:36.524+0000] {processor.py:766} INFO - DAG(s) dict_keys(['tutorial']) retrieved from /home/airflow/.local/lib/python3.7/site-packages/airflow/example_dags/tutorial.py
[2022-11-22T19:33:36.556+0000] {logging_mixin.py:137} INFO - [2022-11-22T19:33:36.556+0000] {dag.py:2585} INFO - Sync 1 DAGs
[2022-11-22T19:33:36.574+0000] {logging_mixin.py:137} INFO - [2022-11-22T19:33:36.574+0000] {dag.py:3340} INFO - Setting next_dagrun for tutorial to 2022-11-21T19:33:36.573892+00:00, run_after=2022-11-22T19:33:36.573892+00:00
[2022-11-22T19:33:36.586+0000] {processor.py:176} INFO - Processing /home/airflow/.local/lib/python3.7/site-packages/airflow/example_dags/tutorial.py took 0.085 seconds
[2022-11-22T19:34:06.789+0000] {processor.py:154} INFO - Started process (PID=996) to work on /home/airflow/.local/lib/python3.7/site-packages/airflow/example_dags/tutorial.py
[2022-11-22T19:34:06.793+0000] {processor.py:756} INFO - Processing file /home/airflow/.local/lib/python3.7/site-packages/airflow/example_dags/tutorial.py for tasks to queue
[2022-11-22T19:34:06.795+0000] {logging_mixin.py:137} INFO - [2022-11-22T19:34:06.795+0000] {dagbag.py:537} INFO - Filling up the DagBag from /home/airflow/.local/lib/python3.7/site-packages/airflow/example_dags/tutorial.py
[2022-11-22T19:34:06.808+0000] {processor.py:766} INFO - DAG(s) dict_keys(['tutorial']) retrieved from /home/airflow/.local/lib/python3.7/site-packages/airflow/example_dags/tutorial.py
[2022-11-22T19:34:06.848+0000] {logging_mixin.py:137} INFO - [2022-11-22T19:34:06.848+0000] {dag.py:2585} INFO - Sync 1 DAGs
[2022-11-22T19:34:06.868+0000] {logging_mixin.py:137} INFO - [2022-11-22T19:34:06.868+0000] {dag.py:3340} INFO - Setting next_dagrun for tutorial to 2022-11-21T19:34:06.868324+00:00, run_after=2022-11-22T19:34:06.868324+00:00
[2022-11-22T19:34:06.888+0000] {processor.py:176} INFO - Processing /home/airflow/.local/lib/python3.7/site-packages/airflow/example_dags/tutorial.py took 0.101 seconds
[2022-11-22T19:34:37.822+0000] {processor.py:154} INFO - Started process (PID=1061) to work on /home/airflow/.local/lib/python3.7/site-packages/airflow/example_dags/tutorial.py
[2022-11-22T19:34:37.824+0000] {processor.py:756} INFO - Processing file /home/airflow/.local/lib/python3.7/site-packages/airflow/example_dags/tutorial.py for tasks to queue
[2022-11-22T19:34:37.825+0000] {logging_mixin.py:137} INFO - [2022-11-22T19:34:37.825+0000] {dagbag.py:537} INFO - Filling up the DagBag from /home/airflow/.local/lib/python3.7/site-packages/airflow/example_dags/tutorial.py
[2022-11-22T19:34:37.836+0000] {processor.py:766} INFO - DAG(s) dict_keys(['tutorial']) retrieved from /home/airflow/.local/lib/python3.7/site-packages/airflow/example_dags/tutorial.py
[2022-11-22T19:34:37.866+0000] {logging_mixin.py:137} INFO - [2022-11-22T19:34:37.866+0000] {dag.py:2585} INFO - Sync 1 DAGs
[2022-11-22T19:34:37.889+0000] {logging_mixin.py:137} INFO - [2022-11-22T19:34:37.889+0000] {dag.py:3340} INFO - Setting next_dagrun for tutorial to 2022-11-21T19:34:37.889031+00:00, run_after=2022-11-22T19:34:37.889031+00:00
[2022-11-22T19:34:37.904+0000] {processor.py:176} INFO - Processing /home/airflow/.local/lib/python3.7/site-packages/airflow/example_dags/tutorial.py took 0.085 seconds
[2022-11-22T19:35:08.938+0000] {processor.py:154} INFO - Started process (PID=1124) to work on /home/airflow/.local/lib/python3.7/site-packages/airflow/example_dags/tutorial.py
[2022-11-22T19:35:08.939+0000] {processor.py:756} INFO - Processing file /home/airflow/.local/lib/python3.7/site-packages/airflow/example_dags/tutorial.py for tasks to queue
[2022-11-22T19:35:08.941+0000] {logging_mixin.py:137} INFO - [2022-11-22T19:35:08.941+0000] {dagbag.py:537} INFO - Filling up the DagBag from /home/airflow/.local/lib/python3.7/site-packages/airflow/example_dags/tutorial.py
[2022-11-22T19:35:08.968+0000] {processor.py:766} INFO - DAG(s) dict_keys(['tutorial']) retrieved from /home/airflow/.local/lib/python3.7/site-packages/airflow/example_dags/tutorial.py
[2022-11-22T19:35:09.026+0000] {logging_mixin.py:137} INFO - [2022-11-22T19:35:09.025+0000] {dag.py:2585} INFO - Sync 1 DAGs
[2022-11-22T19:35:09.051+0000] {logging_mixin.py:137} INFO - [2022-11-22T19:35:09.051+0000] {dag.py:3340} INFO - Setting next_dagrun for tutorial to 2022-11-21T19:35:09.051033+00:00, run_after=2022-11-22T19:35:09.051033+00:00
[2022-11-22T19:35:09.082+0000] {processor.py:176} INFO - Processing /home/airflow/.local/lib/python3.7/site-packages/airflow/example_dags/tutorial.py took 0.147 seconds
[2022-11-22T19:35:39.967+0000] {processor.py:154} INFO - Started process (PID=1177) to work on /home/airflow/.local/lib/python3.7/site-packages/airflow/example_dags/tutorial.py
[2022-11-22T19:35:39.968+0000] {processor.py:756} INFO - Processing file /home/airflow/.local/lib/python3.7/site-packages/airflow/example_dags/tutorial.py for tasks to queue
[2022-11-22T19:35:39.970+0000] {logging_mixin.py:137} INFO - [2022-11-22T19:35:39.969+0000] {dagbag.py:537} INFO - Filling up the DagBag from /home/airflow/.local/lib/python3.7/site-packages/airflow/example_dags/tutorial.py
[2022-11-22T19:35:39.980+0000] {processor.py:766} INFO - DAG(s) dict_keys(['tutorial']) retrieved from /home/airflow/.local/lib/python3.7/site-packages/airflow/example_dags/tutorial.py
[2022-11-22T19:35:40.015+0000] {logging_mixin.py:137} INFO - [2022-11-22T19:35:40.015+0000] {dag.py:2585} INFO - Sync 1 DAGs
[2022-11-22T19:35:40.032+0000] {logging_mixin.py:137} INFO - [2022-11-22T19:35:40.032+0000] {dag.py:3340} INFO - Setting next_dagrun for tutorial to 2022-11-21T19:35:40.031951+00:00, run_after=2022-11-22T19:35:40.031951+00:00
[2022-11-22T19:35:40.045+0000] {processor.py:176} INFO - Processing /home/airflow/.local/lib/python3.7/site-packages/airflow/example_dags/tutorial.py took 0.081 seconds
[2022-11-22T19:36:10.524+0000] {processor.py:154} INFO - Started process (PID=1239) to work on /home/airflow/.local/lib/python3.7/site-packages/airflow/example_dags/tutorial.py
[2022-11-22T19:36:10.526+0000] {processor.py:756} INFO - Processing file /home/airflow/.local/lib/python3.7/site-packages/airflow/example_dags/tutorial.py for tasks to queue
[2022-11-22T19:36:10.529+0000] {logging_mixin.py:137} INFO - [2022-11-22T19:36:10.529+0000] {dagbag.py:537} INFO - Filling up the DagBag from /home/airflow/.local/lib/python3.7/site-packages/airflow/example_dags/tutorial.py
[2022-11-22T19:36:10.542+0000] {processor.py:766} INFO - DAG(s) dict_keys(['tutorial']) retrieved from /home/airflow/.local/lib/python3.7/site-packages/airflow/example_dags/tutorial.py
[2022-11-22T19:36:10.575+0000] {logging_mixin.py:137} INFO - [2022-11-22T19:36:10.575+0000] {dag.py:2585} INFO - Sync 1 DAGs
[2022-11-22T19:36:10.597+0000] {logging_mixin.py:137} INFO - [2022-11-22T19:36:10.597+0000] {dag.py:3340} INFO - Setting next_dagrun for tutorial to 2022-11-21T19:36:10.596981+00:00, run_after=2022-11-22T19:36:10.596981+00:00
[2022-11-22T19:36:10.621+0000] {processor.py:176} INFO - Processing /home/airflow/.local/lib/python3.7/site-packages/airflow/example_dags/tutorial.py took 0.098 seconds
[2022-11-22T19:36:40.733+0000] {processor.py:154} INFO - Started process (PID=1303) to work on /home/airflow/.local/lib/python3.7/site-packages/airflow/example_dags/tutorial.py
[2022-11-22T19:36:40.734+0000] {processor.py:756} INFO - Processing file /home/airflow/.local/lib/python3.7/site-packages/airflow/example_dags/tutorial.py for tasks to queue
[2022-11-22T19:36:40.735+0000] {logging_mixin.py:137} INFO - [2022-11-22T19:36:40.735+0000] {dagbag.py:537} INFO - Filling up the DagBag from /home/airflow/.local/lib/python3.7/site-packages/airflow/example_dags/tutorial.py
[2022-11-22T19:36:40.745+0000] {processor.py:766} INFO - DAG(s) dict_keys(['tutorial']) retrieved from /home/airflow/.local/lib/python3.7/site-packages/airflow/example_dags/tutorial.py
[2022-11-22T19:36:40.772+0000] {logging_mixin.py:137} INFO - [2022-11-22T19:36:40.772+0000] {dag.py:2585} INFO - Sync 1 DAGs
[2022-11-22T19:36:40.790+0000] {logging_mixin.py:137} INFO - [2022-11-22T19:36:40.790+0000] {dag.py:3340} INFO - Setting next_dagrun for tutorial to 2022-11-21T19:36:40.790637+00:00, run_after=2022-11-22T19:36:40.790637+00:00
[2022-11-22T19:36:40.802+0000] {processor.py:176} INFO - Processing /home/airflow/.local/lib/python3.7/site-packages/airflow/example_dags/tutorial.py took 0.072 seconds
[2022-11-22T19:37:12.031+0000] {processor.py:154} INFO - Started process (PID=1367) to work on /home/airflow/.local/lib/python3.7/site-packages/airflow/example_dags/tutorial.py
[2022-11-22T19:37:12.034+0000] {processor.py:756} INFO - Processing file /home/airflow/.local/lib/python3.7/site-packages/airflow/example_dags/tutorial.py for tasks to queue
[2022-11-22T19:37:12.035+0000] {logging_mixin.py:137} INFO - [2022-11-22T19:37:12.035+0000] {dagbag.py:537} INFO - Filling up the DagBag from /home/airflow/.local/lib/python3.7/site-packages/airflow/example_dags/tutorial.py
[2022-11-22T19:37:12.051+0000] {processor.py:766} INFO - DAG(s) dict_keys(['tutorial']) retrieved from /home/airflow/.local/lib/python3.7/site-packages/airflow/example_dags/tutorial.py
[2022-11-22T19:37:12.089+0000] {logging_mixin.py:137} INFO - [2022-11-22T19:37:12.089+0000] {dag.py:2585} INFO - Sync 1 DAGs
[2022-11-22T19:37:12.109+0000] {logging_mixin.py:137} INFO - [2022-11-22T19:37:12.108+0000] {dag.py:3340} INFO - Setting next_dagrun for tutorial to 2022-11-21T19:37:12.108783+00:00, run_after=2022-11-22T19:37:12.108783+00:00
[2022-11-22T19:37:12.123+0000] {processor.py:176} INFO - Processing /home/airflow/.local/lib/python3.7/site-packages/airflow/example_dags/tutorial.py took 0.094 seconds
[2022-11-22T19:37:42.148+0000] {processor.py:154} INFO - Started process (PID=1420) to work on /home/airflow/.local/lib/python3.7/site-packages/airflow/example_dags/tutorial.py
[2022-11-22T19:37:42.150+0000] {processor.py:756} INFO - Processing file /home/airflow/.local/lib/python3.7/site-packages/airflow/example_dags/tutorial.py for tasks to queue
[2022-11-22T19:37:42.151+0000] {logging_mixin.py:137} INFO - [2022-11-22T19:37:42.151+0000] {dagbag.py:537} INFO - Filling up the DagBag from /home/airflow/.local/lib/python3.7/site-packages/airflow/example_dags/tutorial.py
[2022-11-22T19:37:42.160+0000] {processor.py:766} INFO - DAG(s) dict_keys(['tutorial']) retrieved from /home/airflow/.local/lib/python3.7/site-packages/airflow/example_dags/tutorial.py
[2022-11-22T19:37:42.188+0000] {logging_mixin.py:137} INFO - [2022-11-22T19:37:42.187+0000] {dag.py:2585} INFO - Sync 1 DAGs
[2022-11-22T19:37:42.203+0000] {logging_mixin.py:137} INFO - [2022-11-22T19:37:42.203+0000] {dag.py:3340} INFO - Setting next_dagrun for tutorial to 2022-11-21T19:37:42.202934+00:00, run_after=2022-11-22T19:37:42.202934+00:00
[2022-11-22T19:37:42.214+0000] {processor.py:176} INFO - Processing /home/airflow/.local/lib/python3.7/site-packages/airflow/example_dags/tutorial.py took 0.068 seconds
[2022-11-22T19:38:13.123+0000] {processor.py:154} INFO - Started process (PID=1484) to work on /home/airflow/.local/lib/python3.7/site-packages/airflow/example_dags/tutorial.py
[2022-11-22T19:38:13.126+0000] {processor.py:756} INFO - Processing file /home/airflow/.local/lib/python3.7/site-packages/airflow/example_dags/tutorial.py for tasks to queue
[2022-11-22T19:38:13.130+0000] {logging_mixin.py:137} INFO - [2022-11-22T19:38:13.130+0000] {dagbag.py:537} INFO - Filling up the DagBag from /home/airflow/.local/lib/python3.7/site-packages/airflow/example_dags/tutorial.py
[2022-11-22T19:38:13.147+0000] {processor.py:766} INFO - DAG(s) dict_keys(['tutorial']) retrieved from /home/airflow/.local/lib/python3.7/site-packages/airflow/example_dags/tutorial.py
[2022-11-22T19:38:13.185+0000] {logging_mixin.py:137} INFO - [2022-11-22T19:38:13.185+0000] {dag.py:2585} INFO - Sync 1 DAGs
[2022-11-22T19:38:13.203+0000] {logging_mixin.py:137} INFO - [2022-11-22T19:38:13.203+0000] {dag.py:3340} INFO - Setting next_dagrun for tutorial to 2022-11-21T19:38:13.203602+00:00, run_after=2022-11-22T19:38:13.203602+00:00
[2022-11-22T19:38:13.218+0000] {processor.py:176} INFO - Processing /home/airflow/.local/lib/python3.7/site-packages/airflow/example_dags/tutorial.py took 0.097 seconds
[2022-11-22T19:38:45.464+0000] {processor.py:154} INFO - Started process (PID=1547) to work on /home/airflow/.local/lib/python3.7/site-packages/airflow/example_dags/tutorial.py
[2022-11-22T19:38:45.467+0000] {processor.py:756} INFO - Processing file /home/airflow/.local/lib/python3.7/site-packages/airflow/example_dags/tutorial.py for tasks to queue
[2022-11-22T19:38:45.469+0000] {logging_mixin.py:137} INFO - [2022-11-22T19:38:45.469+0000] {dagbag.py:537} INFO - Filling up the DagBag from /home/airflow/.local/lib/python3.7/site-packages/airflow/example_dags/tutorial.py
[2022-11-22T19:38:45.488+0000] {processor.py:766} INFO - DAG(s) dict_keys(['tutorial']) retrieved from /home/airflow/.local/lib/python3.7/site-packages/airflow/example_dags/tutorial.py
[2022-11-22T19:38:45.534+0000] {logging_mixin.py:137} INFO - [2022-11-22T19:38:45.533+0000] {dag.py:2585} INFO - Sync 1 DAGs
[2022-11-22T19:38:45.561+0000] {logging_mixin.py:137} INFO - [2022-11-22T19:38:45.560+0000] {dag.py:3340} INFO - Setting next_dagrun for tutorial to 2022-11-21T19:38:45.560561+00:00, run_after=2022-11-22T19:38:45.560561+00:00
[2022-11-22T19:38:45.579+0000] {processor.py:176} INFO - Processing /home/airflow/.local/lib/python3.7/site-packages/airflow/example_dags/tutorial.py took 0.118 seconds
[2022-11-22T19:39:15.789+0000] {processor.py:154} INFO - Started process (PID=1610) to work on /home/airflow/.local/lib/python3.7/site-packages/airflow/example_dags/tutorial.py
[2022-11-22T19:39:15.793+0000] {processor.py:756} INFO - Processing file /home/airflow/.local/lib/python3.7/site-packages/airflow/example_dags/tutorial.py for tasks to queue
[2022-11-22T19:39:15.795+0000] {logging_mixin.py:137} INFO - [2022-11-22T19:39:15.795+0000] {dagbag.py:537} INFO - Filling up the DagBag from /home/airflow/.local/lib/python3.7/site-packages/airflow/example_dags/tutorial.py
[2022-11-22T19:39:15.814+0000] {processor.py:766} INFO - DAG(s) dict_keys(['tutorial']) retrieved from /home/airflow/.local/lib/python3.7/site-packages/airflow/example_dags/tutorial.py
[2022-11-22T19:39:15.847+0000] {logging_mixin.py:137} INFO - [2022-11-22T19:39:15.847+0000] {dag.py:2585} INFO - Sync 1 DAGs
[2022-11-22T19:39:15.864+0000] {logging_mixin.py:137} INFO - [2022-11-22T19:39:15.864+0000] {dag.py:3340} INFO - Setting next_dagrun for tutorial to 2022-11-21T19:39:15.864462+00:00, run_after=2022-11-22T19:39:15.864462+00:00
[2022-11-22T19:39:15.879+0000] {processor.py:176} INFO - Processing /home/airflow/.local/lib/python3.7/site-packages/airflow/example_dags/tutorial.py took 0.093 seconds
[2022-11-22T19:39:46.131+0000] {processor.py:154} INFO - Started process (PID=1665) to work on /home/airflow/.local/lib/python3.7/site-packages/airflow/example_dags/tutorial.py
[2022-11-22T19:39:46.132+0000] {processor.py:756} INFO - Processing file /home/airflow/.local/lib/python3.7/site-packages/airflow/example_dags/tutorial.py for tasks to queue
[2022-11-22T19:39:46.133+0000] {logging_mixin.py:137} INFO - [2022-11-22T19:39:46.133+0000] {dagbag.py:537} INFO - Filling up the DagBag from /home/airflow/.local/lib/python3.7/site-packages/airflow/example_dags/tutorial.py
[2022-11-22T19:39:46.144+0000] {processor.py:766} INFO - DAG(s) dict_keys(['tutorial']) retrieved from /home/airflow/.local/lib/python3.7/site-packages/airflow/example_dags/tutorial.py
[2022-11-22T19:39:46.174+0000] {logging_mixin.py:137} INFO - [2022-11-22T19:39:46.174+0000] {dag.py:2585} INFO - Sync 1 DAGs
[2022-11-22T19:39:46.192+0000] {logging_mixin.py:137} INFO - [2022-11-22T19:39:46.192+0000] {dag.py:3340} INFO - Setting next_dagrun for tutorial to 2022-11-21T19:39:46.192354+00:00, run_after=2022-11-22T19:39:46.192354+00:00
[2022-11-22T19:39:46.205+0000] {processor.py:176} INFO - Processing /home/airflow/.local/lib/python3.7/site-packages/airflow/example_dags/tutorial.py took 0.077 seconds
[2022-11-22T19:40:16.506+0000] {processor.py:154} INFO - Started process (PID=1729) to work on /home/airflow/.local/lib/python3.7/site-packages/airflow/example_dags/tutorial.py
[2022-11-22T19:40:16.508+0000] {processor.py:756} INFO - Processing file /home/airflow/.local/lib/python3.7/site-packages/airflow/example_dags/tutorial.py for tasks to queue
[2022-11-22T19:40:16.510+0000] {logging_mixin.py:137} INFO - [2022-11-22T19:40:16.509+0000] {dagbag.py:537} INFO - Filling up the DagBag from /home/airflow/.local/lib/python3.7/site-packages/airflow/example_dags/tutorial.py
[2022-11-22T19:40:16.523+0000] {processor.py:766} INFO - DAG(s) dict_keys(['tutorial']) retrieved from /home/airflow/.local/lib/python3.7/site-packages/airflow/example_dags/tutorial.py
[2022-11-22T19:40:16.567+0000] {logging_mixin.py:137} INFO - [2022-11-22T19:40:16.567+0000] {dag.py:2585} INFO - Sync 1 DAGs
[2022-11-22T19:40:16.598+0000] {logging_mixin.py:137} INFO - [2022-11-22T19:40:16.598+0000] {dag.py:3340} INFO - Setting next_dagrun for tutorial to 2022-11-21T19:40:16.598345+00:00, run_after=2022-11-22T19:40:16.598345+00:00
[2022-11-22T19:40:16.613+0000] {processor.py:176} INFO - Processing /home/airflow/.local/lib/python3.7/site-packages/airflow/example_dags/tutorial.py took 0.112 seconds
[2022-11-22T19:40:46.750+0000] {processor.py:154} INFO - Started process (PID=1792) to work on /home/airflow/.local/lib/python3.7/site-packages/airflow/example_dags/tutorial.py
[2022-11-22T19:40:46.752+0000] {processor.py:756} INFO - Processing file /home/airflow/.local/lib/python3.7/site-packages/airflow/example_dags/tutorial.py for tasks to queue
[2022-11-22T19:40:46.753+0000] {logging_mixin.py:137} INFO - [2022-11-22T19:40:46.753+0000] {dagbag.py:537} INFO - Filling up the DagBag from /home/airflow/.local/lib/python3.7/site-packages/airflow/example_dags/tutorial.py
[2022-11-22T19:40:46.766+0000] {processor.py:766} INFO - DAG(s) dict_keys(['tutorial']) retrieved from /home/airflow/.local/lib/python3.7/site-packages/airflow/example_dags/tutorial.py
[2022-11-22T19:40:46.798+0000] {logging_mixin.py:137} INFO - [2022-11-22T19:40:46.798+0000] {dag.py:2585} INFO - Sync 1 DAGs
[2022-11-22T19:40:46.819+0000] {logging_mixin.py:137} INFO - [2022-11-22T19:40:46.819+0000] {dag.py:3340} INFO - Setting next_dagrun for tutorial to 2022-11-21T19:40:46.819333+00:00, run_after=2022-11-22T19:40:46.819333+00:00
[2022-11-22T19:40:46.835+0000] {processor.py:176} INFO - Processing /home/airflow/.local/lib/python3.7/site-packages/airflow/example_dags/tutorial.py took 0.087 seconds
[2022-11-22T19:41:17.878+0000] {processor.py:154} INFO - Started process (PID=1856) to work on /home/airflow/.local/lib/python3.7/site-packages/airflow/example_dags/tutorial.py
[2022-11-22T19:41:17.880+0000] {processor.py:756} INFO - Processing file /home/airflow/.local/lib/python3.7/site-packages/airflow/example_dags/tutorial.py for tasks to queue
[2022-11-22T19:41:17.881+0000] {logging_mixin.py:137} INFO - [2022-11-22T19:41:17.881+0000] {dagbag.py:537} INFO - Filling up the DagBag from /home/airflow/.local/lib/python3.7/site-packages/airflow/example_dags/tutorial.py
[2022-11-22T19:41:17.893+0000] {processor.py:766} INFO - DAG(s) dict_keys(['tutorial']) retrieved from /home/airflow/.local/lib/python3.7/site-packages/airflow/example_dags/tutorial.py
[2022-11-22T19:41:17.921+0000] {logging_mixin.py:137} INFO - [2022-11-22T19:41:17.920+0000] {dag.py:2585} INFO - Sync 1 DAGs
[2022-11-22T19:41:17.941+0000] {logging_mixin.py:137} INFO - [2022-11-22T19:41:17.941+0000] {dag.py:3340} INFO - Setting next_dagrun for tutorial to 2022-11-21T19:41:17.941105+00:00, run_after=2022-11-22T19:41:17.941105+00:00
[2022-11-22T19:41:17.954+0000] {processor.py:176} INFO - Processing /home/airflow/.local/lib/python3.7/site-packages/airflow/example_dags/tutorial.py took 0.079 seconds
[2022-11-22T19:41:49.319+0000] {processor.py:154} INFO - Started process (PID=1920) to work on /home/airflow/.local/lib/python3.7/site-packages/airflow/example_dags/tutorial.py
[2022-11-22T19:41:49.321+0000] {processor.py:756} INFO - Processing file /home/airflow/.local/lib/python3.7/site-packages/airflow/example_dags/tutorial.py for tasks to queue
[2022-11-22T19:41:49.323+0000] {logging_mixin.py:137} INFO - [2022-11-22T19:41:49.323+0000] {dagbag.py:537} INFO - Filling up the DagBag from /home/airflow/.local/lib/python3.7/site-packages/airflow/example_dags/tutorial.py
[2022-11-22T19:41:49.339+0000] {processor.py:766} INFO - DAG(s) dict_keys(['tutorial']) retrieved from /home/airflow/.local/lib/python3.7/site-packages/airflow/example_dags/tutorial.py
[2022-11-22T19:41:49.386+0000] {logging_mixin.py:137} INFO - [2022-11-22T19:41:49.385+0000] {dag.py:2585} INFO - Sync 1 DAGs
[2022-11-22T19:41:49.410+0000] {logging_mixin.py:137} INFO - [2022-11-22T19:41:49.410+0000] {dag.py:3340} INFO - Setting next_dagrun for tutorial to 2022-11-21T19:41:49.410056+00:00, run_after=2022-11-22T19:41:49.410056+00:00
[2022-11-22T19:41:49.423+0000] {processor.py:176} INFO - Processing /home/airflow/.local/lib/python3.7/site-packages/airflow/example_dags/tutorial.py took 0.107 seconds
[2022-11-22T19:42:19.578+0000] {processor.py:154} INFO - Started process (PID=1974) to work on /home/airflow/.local/lib/python3.7/site-packages/airflow/example_dags/tutorial.py
[2022-11-22T19:42:19.580+0000] {processor.py:756} INFO - Processing file /home/airflow/.local/lib/python3.7/site-packages/airflow/example_dags/tutorial.py for tasks to queue
[2022-11-22T19:42:19.581+0000] {logging_mixin.py:137} INFO - [2022-11-22T19:42:19.581+0000] {dagbag.py:537} INFO - Filling up the DagBag from /home/airflow/.local/lib/python3.7/site-packages/airflow/example_dags/tutorial.py
[2022-11-22T19:42:19.592+0000] {processor.py:766} INFO - DAG(s) dict_keys(['tutorial']) retrieved from /home/airflow/.local/lib/python3.7/site-packages/airflow/example_dags/tutorial.py
[2022-11-22T19:42:19.621+0000] {logging_mixin.py:137} INFO - [2022-11-22T19:42:19.621+0000] {dag.py:2585} INFO - Sync 1 DAGs
[2022-11-22T19:42:19.638+0000] {logging_mixin.py:137} INFO - [2022-11-22T19:42:19.638+0000] {dag.py:3340} INFO - Setting next_dagrun for tutorial to 2022-11-21T19:42:19.638225+00:00, run_after=2022-11-22T19:42:19.638225+00:00
[2022-11-22T19:42:19.653+0000] {processor.py:176} INFO - Processing /home/airflow/.local/lib/python3.7/site-packages/airflow/example_dags/tutorial.py took 0.077 seconds
[2022-11-22T19:42:50.520+0000] {processor.py:154} INFO - Started process (PID=2037) to work on /home/airflow/.local/lib/python3.7/site-packages/airflow/example_dags/tutorial.py
[2022-11-22T19:42:50.522+0000] {processor.py:756} INFO - Processing file /home/airflow/.local/lib/python3.7/site-packages/airflow/example_dags/tutorial.py for tasks to queue
[2022-11-22T19:42:50.523+0000] {logging_mixin.py:137} INFO - [2022-11-22T19:42:50.523+0000] {dagbag.py:537} INFO - Filling up the DagBag from /home/airflow/.local/lib/python3.7/site-packages/airflow/example_dags/tutorial.py
[2022-11-22T19:42:50.534+0000] {processor.py:766} INFO - DAG(s) dict_keys(['tutorial']) retrieved from /home/airflow/.local/lib/python3.7/site-packages/airflow/example_dags/tutorial.py
[2022-11-22T19:42:50.571+0000] {logging_mixin.py:137} INFO - [2022-11-22T19:42:50.571+0000] {dag.py:2585} INFO - Sync 1 DAGs
[2022-11-22T19:42:50.600+0000] {logging_mixin.py:137} INFO - [2022-11-22T19:42:50.600+0000] {dag.py:3340} INFO - Setting next_dagrun for tutorial to 2022-11-21T19:42:50.599922+00:00, run_after=2022-11-22T19:42:50.599922+00:00
[2022-11-22T19:42:50.621+0000] {processor.py:176} INFO - Processing /home/airflow/.local/lib/python3.7/site-packages/airflow/example_dags/tutorial.py took 0.103 seconds
[2022-11-22T19:43:21.461+0000] {processor.py:154} INFO - Started process (PID=2100) to work on /home/airflow/.local/lib/python3.7/site-packages/airflow/example_dags/tutorial.py
[2022-11-22T19:43:21.462+0000] {processor.py:756} INFO - Processing file /home/airflow/.local/lib/python3.7/site-packages/airflow/example_dags/tutorial.py for tasks to queue
[2022-11-22T19:43:21.463+0000] {logging_mixin.py:137} INFO - [2022-11-22T19:43:21.463+0000] {dagbag.py:537} INFO - Filling up the DagBag from /home/airflow/.local/lib/python3.7/site-packages/airflow/example_dags/tutorial.py
[2022-11-22T19:43:21.473+0000] {processor.py:766} INFO - DAG(s) dict_keys(['tutorial']) retrieved from /home/airflow/.local/lib/python3.7/site-packages/airflow/example_dags/tutorial.py
[2022-11-22T19:43:21.498+0000] {logging_mixin.py:137} INFO - [2022-11-22T19:43:21.497+0000] {dag.py:2585} INFO - Sync 1 DAGs
[2022-11-22T19:43:21.513+0000] {logging_mixin.py:137} INFO - [2022-11-22T19:43:21.513+0000] {dag.py:3340} INFO - Setting next_dagrun for tutorial to 2022-11-21T19:43:21.512973+00:00, run_after=2022-11-22T19:43:21.512973+00:00
[2022-11-22T19:43:21.526+0000] {processor.py:176} INFO - Processing /home/airflow/.local/lib/python3.7/site-packages/airflow/example_dags/tutorial.py took 0.068 seconds
[2022-11-22T19:43:51.743+0000] {processor.py:154} INFO - Started process (PID=2163) to work on /home/airflow/.local/lib/python3.7/site-packages/airflow/example_dags/tutorial.py
[2022-11-22T19:43:51.745+0000] {processor.py:756} INFO - Processing file /home/airflow/.local/lib/python3.7/site-packages/airflow/example_dags/tutorial.py for tasks to queue
[2022-11-22T19:43:51.746+0000] {logging_mixin.py:137} INFO - [2022-11-22T19:43:51.746+0000] {dagbag.py:537} INFO - Filling up the DagBag from /home/airflow/.local/lib/python3.7/site-packages/airflow/example_dags/tutorial.py
[2022-11-22T19:43:51.756+0000] {processor.py:766} INFO - DAG(s) dict_keys(['tutorial']) retrieved from /home/airflow/.local/lib/python3.7/site-packages/airflow/example_dags/tutorial.py
[2022-11-22T19:43:51.785+0000] {logging_mixin.py:137} INFO - [2022-11-22T19:43:51.785+0000] {dag.py:2585} INFO - Sync 1 DAGs
[2022-11-22T19:43:51.803+0000] {logging_mixin.py:137} INFO - [2022-11-22T19:43:51.802+0000] {dag.py:3340} INFO - Setting next_dagrun for tutorial to 2022-11-21T19:43:51.802743+00:00, run_after=2022-11-22T19:43:51.802743+00:00
[2022-11-22T19:43:51.817+0000] {processor.py:176} INFO - Processing /home/airflow/.local/lib/python3.7/site-packages/airflow/example_dags/tutorial.py took 0.077 seconds
[2022-11-22T19:44:22.972+0000] {processor.py:154} INFO - Started process (PID=2226) to work on /home/airflow/.local/lib/python3.7/site-packages/airflow/example_dags/tutorial.py
[2022-11-22T19:44:22.974+0000] {processor.py:756} INFO - Processing file /home/airflow/.local/lib/python3.7/site-packages/airflow/example_dags/tutorial.py for tasks to queue
[2022-11-22T19:44:22.977+0000] {logging_mixin.py:137} INFO - [2022-11-22T19:44:22.977+0000] {dagbag.py:537} INFO - Filling up the DagBag from /home/airflow/.local/lib/python3.7/site-packages/airflow/example_dags/tutorial.py
[2022-11-22T19:44:22.992+0000] {processor.py:766} INFO - DAG(s) dict_keys(['tutorial']) retrieved from /home/airflow/.local/lib/python3.7/site-packages/airflow/example_dags/tutorial.py
[2022-11-22T19:44:23.032+0000] {logging_mixin.py:137} INFO - [2022-11-22T19:44:23.032+0000] {dag.py:2585} INFO - Sync 1 DAGs
[2022-11-22T19:44:23.060+0000] {logging_mixin.py:137} INFO - [2022-11-22T19:44:23.060+0000] {dag.py:3340} INFO - Setting next_dagrun for tutorial to 2022-11-21T19:44:23.059970+00:00, run_after=2022-11-22T19:44:23.059970+00:00
[2022-11-22T19:44:23.078+0000] {processor.py:176} INFO - Processing /home/airflow/.local/lib/python3.7/site-packages/airflow/example_dags/tutorial.py took 0.118 seconds
[2022-11-22T19:44:54.079+0000] {processor.py:154} INFO - Started process (PID=2280) to work on /home/airflow/.local/lib/python3.7/site-packages/airflow/example_dags/tutorial.py
[2022-11-22T19:44:54.081+0000] {processor.py:756} INFO - Processing file /home/airflow/.local/lib/python3.7/site-packages/airflow/example_dags/tutorial.py for tasks to queue
[2022-11-22T19:44:54.083+0000] {logging_mixin.py:137} INFO - [2022-11-22T19:44:54.083+0000] {dagbag.py:537} INFO - Filling up the DagBag from /home/airflow/.local/lib/python3.7/site-packages/airflow/example_dags/tutorial.py
[2022-11-22T19:44:54.093+0000] {processor.py:766} INFO - DAG(s) dict_keys(['tutorial']) retrieved from /home/airflow/.local/lib/python3.7/site-packages/airflow/example_dags/tutorial.py
[2022-11-22T19:44:54.121+0000] {logging_mixin.py:137} INFO - [2022-11-22T19:44:54.121+0000] {dag.py:2585} INFO - Sync 1 DAGs
[2022-11-22T19:44:54.137+0000] {logging_mixin.py:137} INFO - [2022-11-22T19:44:54.137+0000] {dag.py:3340} INFO - Setting next_dagrun for tutorial to 2022-11-21T19:44:54.136820+00:00, run_after=2022-11-22T19:44:54.136820+00:00
[2022-11-22T19:44:54.150+0000] {processor.py:176} INFO - Processing /home/airflow/.local/lib/python3.7/site-packages/airflow/example_dags/tutorial.py took 0.074 seconds
[2022-11-22T19:45:24.234+0000] {processor.py:154} INFO - Started process (PID=2344) to work on /home/airflow/.local/lib/python3.7/site-packages/airflow/example_dags/tutorial.py
[2022-11-22T19:45:24.236+0000] {processor.py:756} INFO - Processing file /home/airflow/.local/lib/python3.7/site-packages/airflow/example_dags/tutorial.py for tasks to queue
[2022-11-22T19:45:24.237+0000] {logging_mixin.py:137} INFO - [2022-11-22T19:45:24.236+0000] {dagbag.py:537} INFO - Filling up the DagBag from /home/airflow/.local/lib/python3.7/site-packages/airflow/example_dags/tutorial.py
[2022-11-22T19:45:24.248+0000] {processor.py:766} INFO - DAG(s) dict_keys(['tutorial']) retrieved from /home/airflow/.local/lib/python3.7/site-packages/airflow/example_dags/tutorial.py
[2022-11-22T19:45:24.277+0000] {logging_mixin.py:137} INFO - [2022-11-22T19:45:24.277+0000] {dag.py:2585} INFO - Sync 1 DAGs
[2022-11-22T19:45:24.296+0000] {logging_mixin.py:137} INFO - [2022-11-22T19:45:24.296+0000] {dag.py:3340} INFO - Setting next_dagrun for tutorial to 2022-11-21T19:45:24.296165+00:00, run_after=2022-11-22T19:45:24.296165+00:00
[2022-11-22T19:45:24.312+0000] {processor.py:176} INFO - Processing /home/airflow/.local/lib/python3.7/site-packages/airflow/example_dags/tutorial.py took 0.080 seconds
[2022-11-22T19:45:54.979+0000] {processor.py:154} INFO - Started process (PID=2408) to work on /home/airflow/.local/lib/python3.7/site-packages/airflow/example_dags/tutorial.py
[2022-11-22T19:45:54.981+0000] {processor.py:756} INFO - Processing file /home/airflow/.local/lib/python3.7/site-packages/airflow/example_dags/tutorial.py for tasks to queue
[2022-11-22T19:45:54.982+0000] {logging_mixin.py:137} INFO - [2022-11-22T19:45:54.982+0000] {dagbag.py:537} INFO - Filling up the DagBag from /home/airflow/.local/lib/python3.7/site-packages/airflow/example_dags/tutorial.py
[2022-11-22T19:45:54.994+0000] {processor.py:766} INFO - DAG(s) dict_keys(['tutorial']) retrieved from /home/airflow/.local/lib/python3.7/site-packages/airflow/example_dags/tutorial.py
[2022-11-22T19:45:55.022+0000] {logging_mixin.py:137} INFO - [2022-11-22T19:45:55.022+0000] {dag.py:2585} INFO - Sync 1 DAGs
[2022-11-22T19:45:55.040+0000] {logging_mixin.py:137} INFO - [2022-11-22T19:45:55.040+0000] {dag.py:3340} INFO - Setting next_dagrun for tutorial to 2022-11-21T19:45:55.040014+00:00, run_after=2022-11-22T19:45:55.040014+00:00
[2022-11-22T19:45:55.053+0000] {processor.py:176} INFO - Processing /home/airflow/.local/lib/python3.7/site-packages/airflow/example_dags/tutorial.py took 0.077 seconds
[2022-11-22T19:46:25.784+0000] {processor.py:154} INFO - Started process (PID=2471) to work on /home/airflow/.local/lib/python3.7/site-packages/airflow/example_dags/tutorial.py
[2022-11-22T19:46:25.785+0000] {processor.py:756} INFO - Processing file /home/airflow/.local/lib/python3.7/site-packages/airflow/example_dags/tutorial.py for tasks to queue
[2022-11-22T19:46:25.786+0000] {logging_mixin.py:137} INFO - [2022-11-22T19:46:25.786+0000] {dagbag.py:537} INFO - Filling up the DagBag from /home/airflow/.local/lib/python3.7/site-packages/airflow/example_dags/tutorial.py
[2022-11-22T19:46:25.801+0000] {processor.py:766} INFO - DAG(s) dict_keys(['tutorial']) retrieved from /home/airflow/.local/lib/python3.7/site-packages/airflow/example_dags/tutorial.py
[2022-11-22T19:46:25.834+0000] {logging_mixin.py:137} INFO - [2022-11-22T19:46:25.834+0000] {dag.py:2585} INFO - Sync 1 DAGs
[2022-11-22T19:46:25.856+0000] {logging_mixin.py:137} INFO - [2022-11-22T19:46:25.856+0000] {dag.py:3340} INFO - Setting next_dagrun for tutorial to 2022-11-21T19:46:25.855996+00:00, run_after=2022-11-22T19:46:25.855996+00:00
[2022-11-22T19:46:25.873+0000] {processor.py:176} INFO - Processing /home/airflow/.local/lib/python3.7/site-packages/airflow/example_dags/tutorial.py took 0.092 seconds
[2022-11-22T19:46:56.396+0000] {processor.py:154} INFO - Started process (PID=2525) to work on /home/airflow/.local/lib/python3.7/site-packages/airflow/example_dags/tutorial.py
[2022-11-22T19:46:56.398+0000] {processor.py:756} INFO - Processing file /home/airflow/.local/lib/python3.7/site-packages/airflow/example_dags/tutorial.py for tasks to queue
[2022-11-22T19:46:56.400+0000] {logging_mixin.py:137} INFO - [2022-11-22T19:46:56.400+0000] {dagbag.py:537} INFO - Filling up the DagBag from /home/airflow/.local/lib/python3.7/site-packages/airflow/example_dags/tutorial.py
[2022-11-22T19:46:56.411+0000] {processor.py:766} INFO - DAG(s) dict_keys(['tutorial']) retrieved from /home/airflow/.local/lib/python3.7/site-packages/airflow/example_dags/tutorial.py
[2022-11-22T19:46:56.439+0000] {logging_mixin.py:137} INFO - [2022-11-22T19:46:56.439+0000] {dag.py:2585} INFO - Sync 1 DAGs
[2022-11-22T19:46:56.455+0000] {logging_mixin.py:137} INFO - [2022-11-22T19:46:56.455+0000] {dag.py:3340} INFO - Setting next_dagrun for tutorial to 2022-11-21T19:46:56.455297+00:00, run_after=2022-11-22T19:46:56.455297+00:00
[2022-11-22T19:46:56.468+0000] {processor.py:176} INFO - Processing /home/airflow/.local/lib/python3.7/site-packages/airflow/example_dags/tutorial.py took 0.075 seconds
[2022-11-22T19:47:26.892+0000] {processor.py:154} INFO - Started process (PID=2588) to work on /home/airflow/.local/lib/python3.7/site-packages/airflow/example_dags/tutorial.py
[2022-11-22T19:47:26.897+0000] {processor.py:756} INFO - Processing file /home/airflow/.local/lib/python3.7/site-packages/airflow/example_dags/tutorial.py for tasks to queue
[2022-11-22T19:47:26.902+0000] {logging_mixin.py:137} INFO - [2022-11-22T19:47:26.902+0000] {dagbag.py:537} INFO - Filling up the DagBag from /home/airflow/.local/lib/python3.7/site-packages/airflow/example_dags/tutorial.py
[2022-11-22T19:47:26.982+0000] {processor.py:766} INFO - DAG(s) dict_keys(['tutorial']) retrieved from /home/airflow/.local/lib/python3.7/site-packages/airflow/example_dags/tutorial.py
[2022-11-22T19:47:27.084+0000] {logging_mixin.py:137} INFO - [2022-11-22T19:47:27.084+0000] {dag.py:2585} INFO - Sync 1 DAGs
[2022-11-22T19:47:27.119+0000] {logging_mixin.py:137} INFO - [2022-11-22T19:47:27.119+0000] {dag.py:3340} INFO - Setting next_dagrun for tutorial to 2022-11-21T19:47:27.118895+00:00, run_after=2022-11-22T19:47:27.118895+00:00
[2022-11-22T19:47:27.143+0000] {processor.py:176} INFO - Processing /home/airflow/.local/lib/python3.7/site-packages/airflow/example_dags/tutorial.py took 0.255 seconds
[2022-11-22T19:47:57.182+0000] {processor.py:154} INFO - Started process (PID=2650) to work on /home/airflow/.local/lib/python3.7/site-packages/airflow/example_dags/tutorial.py
[2022-11-22T19:47:57.184+0000] {processor.py:756} INFO - Processing file /home/airflow/.local/lib/python3.7/site-packages/airflow/example_dags/tutorial.py for tasks to queue
[2022-11-22T19:47:57.185+0000] {logging_mixin.py:137} INFO - [2022-11-22T19:47:57.185+0000] {dagbag.py:537} INFO - Filling up the DagBag from /home/airflow/.local/lib/python3.7/site-packages/airflow/example_dags/tutorial.py
[2022-11-22T19:47:57.194+0000] {processor.py:766} INFO - DAG(s) dict_keys(['tutorial']) retrieved from /home/airflow/.local/lib/python3.7/site-packages/airflow/example_dags/tutorial.py
[2022-11-22T19:47:57.219+0000] {logging_mixin.py:137} INFO - [2022-11-22T19:47:57.219+0000] {dag.py:2585} INFO - Sync 1 DAGs
[2022-11-22T19:47:57.234+0000] {logging_mixin.py:137} INFO - [2022-11-22T19:47:57.234+0000] {dag.py:3340} INFO - Setting next_dagrun for tutorial to 2022-11-21T19:47:57.233937+00:00, run_after=2022-11-22T19:47:57.233937+00:00
[2022-11-22T19:47:57.245+0000] {processor.py:176} INFO - Processing /home/airflow/.local/lib/python3.7/site-packages/airflow/example_dags/tutorial.py took 0.065 seconds
[2022-11-22T19:48:28.159+0000] {processor.py:154} INFO - Started process (PID=2712) to work on /home/airflow/.local/lib/python3.7/site-packages/airflow/example_dags/tutorial.py
[2022-11-22T19:48:28.169+0000] {processor.py:756} INFO - Processing file /home/airflow/.local/lib/python3.7/site-packages/airflow/example_dags/tutorial.py for tasks to queue
[2022-11-22T19:48:28.179+0000] {logging_mixin.py:137} INFO - [2022-11-22T19:48:28.179+0000] {dagbag.py:537} INFO - Filling up the DagBag from /home/airflow/.local/lib/python3.7/site-packages/airflow/example_dags/tutorial.py
[2022-11-22T19:48:28.228+0000] {processor.py:766} INFO - DAG(s) dict_keys(['tutorial']) retrieved from /home/airflow/.local/lib/python3.7/site-packages/airflow/example_dags/tutorial.py
[2022-11-22T19:48:28.301+0000] {logging_mixin.py:137} INFO - [2022-11-22T19:48:28.300+0000] {dag.py:2585} INFO - Sync 1 DAGs
[2022-11-22T19:48:28.323+0000] {logging_mixin.py:137} INFO - [2022-11-22T19:48:28.322+0000] {dag.py:3340} INFO - Setting next_dagrun for tutorial to 2022-11-21T19:48:28.322620+00:00, run_after=2022-11-22T19:48:28.322620+00:00
[2022-11-22T19:48:28.337+0000] {processor.py:176} INFO - Processing /home/airflow/.local/lib/python3.7/site-packages/airflow/example_dags/tutorial.py took 0.186 seconds
[2022-11-22T19:48:58.459+0000] {processor.py:154} INFO - Started process (PID=2766) to work on /home/airflow/.local/lib/python3.7/site-packages/airflow/example_dags/tutorial.py
[2022-11-22T19:48:58.464+0000] {processor.py:756} INFO - Processing file /home/airflow/.local/lib/python3.7/site-packages/airflow/example_dags/tutorial.py for tasks to queue
[2022-11-22T19:48:58.466+0000] {logging_mixin.py:137} INFO - [2022-11-22T19:48:58.466+0000] {dagbag.py:537} INFO - Filling up the DagBag from /home/airflow/.local/lib/python3.7/site-packages/airflow/example_dags/tutorial.py
[2022-11-22T19:48:58.495+0000] {processor.py:766} INFO - DAG(s) dict_keys(['tutorial']) retrieved from /home/airflow/.local/lib/python3.7/site-packages/airflow/example_dags/tutorial.py
[2022-11-22T19:48:58.560+0000] {logging_mixin.py:137} INFO - [2022-11-22T19:48:58.559+0000] {dag.py:2585} INFO - Sync 1 DAGs
[2022-11-22T19:48:58.583+0000] {logging_mixin.py:137} INFO - [2022-11-22T19:48:58.582+0000] {dag.py:3340} INFO - Setting next_dagrun for tutorial to 2022-11-21T19:48:58.582717+00:00, run_after=2022-11-22T19:48:58.582717+00:00
[2022-11-22T19:48:58.603+0000] {processor.py:176} INFO - Processing /home/airflow/.local/lib/python3.7/site-packages/airflow/example_dags/tutorial.py took 0.149 seconds
[2022-11-22T19:49:29.165+0000] {processor.py:154} INFO - Started process (PID=2829) to work on /home/airflow/.local/lib/python3.7/site-packages/airflow/example_dags/tutorial.py
[2022-11-22T19:49:29.167+0000] {processor.py:756} INFO - Processing file /home/airflow/.local/lib/python3.7/site-packages/airflow/example_dags/tutorial.py for tasks to queue
[2022-11-22T19:49:29.168+0000] {logging_mixin.py:137} INFO - [2022-11-22T19:49:29.168+0000] {dagbag.py:537} INFO - Filling up the DagBag from /home/airflow/.local/lib/python3.7/site-packages/airflow/example_dags/tutorial.py
[2022-11-22T19:49:29.179+0000] {processor.py:766} INFO - DAG(s) dict_keys(['tutorial']) retrieved from /home/airflow/.local/lib/python3.7/site-packages/airflow/example_dags/tutorial.py
[2022-11-22T19:49:29.207+0000] {logging_mixin.py:137} INFO - [2022-11-22T19:49:29.207+0000] {dag.py:2585} INFO - Sync 1 DAGs
[2022-11-22T19:49:29.224+0000] {logging_mixin.py:137} INFO - [2022-11-22T19:49:29.224+0000] {dag.py:3340} INFO - Setting next_dagrun for tutorial to 2022-11-21T19:49:29.224336+00:00, run_after=2022-11-22T19:49:29.224336+00:00
[2022-11-22T19:49:29.240+0000] {processor.py:176} INFO - Processing /home/airflow/.local/lib/python3.7/site-packages/airflow/example_dags/tutorial.py took 0.077 seconds
[2022-11-22T19:50:00.051+0000] {processor.py:154} INFO - Started process (PID=2893) to work on /home/airflow/.local/lib/python3.7/site-packages/airflow/example_dags/tutorial.py
[2022-11-22T19:50:00.052+0000] {processor.py:756} INFO - Processing file /home/airflow/.local/lib/python3.7/site-packages/airflow/example_dags/tutorial.py for tasks to queue
[2022-11-22T19:50:00.053+0000] {logging_mixin.py:137} INFO - [2022-11-22T19:50:00.053+0000] {dagbag.py:537} INFO - Filling up the DagBag from /home/airflow/.local/lib/python3.7/site-packages/airflow/example_dags/tutorial.py
[2022-11-22T19:50:00.065+0000] {processor.py:766} INFO - DAG(s) dict_keys(['tutorial']) retrieved from /home/airflow/.local/lib/python3.7/site-packages/airflow/example_dags/tutorial.py
[2022-11-22T19:50:00.103+0000] {logging_mixin.py:137} INFO - [2022-11-22T19:50:00.103+0000] {dag.py:2585} INFO - Sync 1 DAGs
[2022-11-22T19:50:00.121+0000] {logging_mixin.py:137} INFO - [2022-11-22T19:50:00.121+0000] {dag.py:3340} INFO - Setting next_dagrun for tutorial to 2022-11-21T19:50:00.121247+00:00, run_after=2022-11-22T19:50:00.121247+00:00
[2022-11-22T19:50:00.136+0000] {processor.py:176} INFO - Processing /home/airflow/.local/lib/python3.7/site-packages/airflow/example_dags/tutorial.py took 0.087 seconds
[2022-11-22T19:50:30.644+0000] {processor.py:154} INFO - Started process (PID=2956) to work on /home/airflow/.local/lib/python3.7/site-packages/airflow/example_dags/tutorial.py
[2022-11-22T19:50:30.647+0000] {processor.py:756} INFO - Processing file /home/airflow/.local/lib/python3.7/site-packages/airflow/example_dags/tutorial.py for tasks to queue
[2022-11-22T19:50:30.649+0000] {logging_mixin.py:137} INFO - [2022-11-22T19:50:30.649+0000] {dagbag.py:537} INFO - Filling up the DagBag from /home/airflow/.local/lib/python3.7/site-packages/airflow/example_dags/tutorial.py
[2022-11-22T19:50:30.664+0000] {processor.py:766} INFO - DAG(s) dict_keys(['tutorial']) retrieved from /home/airflow/.local/lib/python3.7/site-packages/airflow/example_dags/tutorial.py
[2022-11-22T19:50:30.708+0000] {logging_mixin.py:137} INFO - [2022-11-22T19:50:30.707+0000] {dag.py:2585} INFO - Sync 1 DAGs
[2022-11-22T19:50:30.730+0000] {logging_mixin.py:137} INFO - [2022-11-22T19:50:30.729+0000] {dag.py:3340} INFO - Setting next_dagrun for tutorial to 2022-11-21T19:50:30.729783+00:00, run_after=2022-11-22T19:50:30.729783+00:00
[2022-11-22T19:50:30.746+0000] {processor.py:176} INFO - Processing /home/airflow/.local/lib/python3.7/site-packages/airflow/example_dags/tutorial.py took 0.108 seconds
[2022-11-22T19:51:01.428+0000] {processor.py:154} INFO - Started process (PID=3019) to work on /home/airflow/.local/lib/python3.7/site-packages/airflow/example_dags/tutorial.py
[2022-11-22T19:51:01.430+0000] {processor.py:756} INFO - Processing file /home/airflow/.local/lib/python3.7/site-packages/airflow/example_dags/tutorial.py for tasks to queue
[2022-11-22T19:51:01.432+0000] {logging_mixin.py:137} INFO - [2022-11-22T19:51:01.432+0000] {dagbag.py:537} INFO - Filling up the DagBag from /home/airflow/.local/lib/python3.7/site-packages/airflow/example_dags/tutorial.py
[2022-11-22T19:51:01.445+0000] {processor.py:766} INFO - DAG(s) dict_keys(['tutorial']) retrieved from /home/airflow/.local/lib/python3.7/site-packages/airflow/example_dags/tutorial.py
[2022-11-22T19:51:01.494+0000] {logging_mixin.py:137} INFO - [2022-11-22T19:51:01.494+0000] {dag.py:2585} INFO - Sync 1 DAGs
[2022-11-22T19:51:01.514+0000] {logging_mixin.py:137} INFO - [2022-11-22T19:51:01.514+0000] {dag.py:3340} INFO - Setting next_dagrun for tutorial to 2022-11-21T19:51:01.514442+00:00, run_after=2022-11-22T19:51:01.514442+00:00
[2022-11-22T19:51:01.530+0000] {processor.py:176} INFO - Processing /home/airflow/.local/lib/python3.7/site-packages/airflow/example_dags/tutorial.py took 0.105 seconds
[2022-11-22T19:51:32.288+0000] {processor.py:154} INFO - Started process (PID=3073) to work on /home/airflow/.local/lib/python3.7/site-packages/airflow/example_dags/tutorial.py
[2022-11-22T19:51:32.290+0000] {processor.py:756} INFO - Processing file /home/airflow/.local/lib/python3.7/site-packages/airflow/example_dags/tutorial.py for tasks to queue
[2022-11-22T19:51:32.292+0000] {logging_mixin.py:137} INFO - [2022-11-22T19:51:32.291+0000] {dagbag.py:537} INFO - Filling up the DagBag from /home/airflow/.local/lib/python3.7/site-packages/airflow/example_dags/tutorial.py
[2022-11-22T19:51:32.305+0000] {processor.py:766} INFO - DAG(s) dict_keys(['tutorial']) retrieved from /home/airflow/.local/lib/python3.7/site-packages/airflow/example_dags/tutorial.py
[2022-11-22T19:51:32.335+0000] {logging_mixin.py:137} INFO - [2022-11-22T19:51:32.335+0000] {dag.py:2585} INFO - Sync 1 DAGs
[2022-11-22T19:51:32.352+0000] {logging_mixin.py:137} INFO - [2022-11-22T19:51:32.352+0000] {dag.py:3340} INFO - Setting next_dagrun for tutorial to 2022-11-21T19:51:32.352626+00:00, run_after=2022-11-22T19:51:32.352626+00:00
[2022-11-22T19:51:32.367+0000] {processor.py:176} INFO - Processing /home/airflow/.local/lib/python3.7/site-packages/airflow/example_dags/tutorial.py took 0.082 seconds
[2022-11-22T19:52:03.290+0000] {processor.py:154} INFO - Started process (PID=3136) to work on /home/airflow/.local/lib/python3.7/site-packages/airflow/example_dags/tutorial.py
[2022-11-22T19:52:03.292+0000] {processor.py:756} INFO - Processing file /home/airflow/.local/lib/python3.7/site-packages/airflow/example_dags/tutorial.py for tasks to queue
[2022-11-22T19:52:03.294+0000] {logging_mixin.py:137} INFO - [2022-11-22T19:52:03.294+0000] {dagbag.py:537} INFO - Filling up the DagBag from /home/airflow/.local/lib/python3.7/site-packages/airflow/example_dags/tutorial.py
[2022-11-22T19:52:03.312+0000] {processor.py:766} INFO - DAG(s) dict_keys(['tutorial']) retrieved from /home/airflow/.local/lib/python3.7/site-packages/airflow/example_dags/tutorial.py
[2022-11-22T19:52:03.344+0000] {logging_mixin.py:137} INFO - [2022-11-22T19:52:03.344+0000] {dag.py:2585} INFO - Sync 1 DAGs
[2022-11-22T19:52:03.362+0000] {logging_mixin.py:137} INFO - [2022-11-22T19:52:03.362+0000] {dag.py:3340} INFO - Setting next_dagrun for tutorial to 2022-11-21T19:52:03.361882+00:00, run_after=2022-11-22T19:52:03.361882+00:00
[2022-11-22T19:52:03.374+0000] {processor.py:176} INFO - Processing /home/airflow/.local/lib/python3.7/site-packages/airflow/example_dags/tutorial.py took 0.087 seconds
[2022-11-22T19:52:33.486+0000] {processor.py:154} INFO - Started process (PID=3198) to work on /home/airflow/.local/lib/python3.7/site-packages/airflow/example_dags/tutorial.py
[2022-11-22T19:52:33.488+0000] {processor.py:756} INFO - Processing file /home/airflow/.local/lib/python3.7/site-packages/airflow/example_dags/tutorial.py for tasks to queue
[2022-11-22T19:52:33.490+0000] {logging_mixin.py:137} INFO - [2022-11-22T19:52:33.489+0000] {dagbag.py:537} INFO - Filling up the DagBag from /home/airflow/.local/lib/python3.7/site-packages/airflow/example_dags/tutorial.py
[2022-11-22T19:52:33.500+0000] {processor.py:766} INFO - DAG(s) dict_keys(['tutorial']) retrieved from /home/airflow/.local/lib/python3.7/site-packages/airflow/example_dags/tutorial.py
[2022-11-22T19:52:33.534+0000] {logging_mixin.py:137} INFO - [2022-11-22T19:52:33.534+0000] {dag.py:2585} INFO - Sync 1 DAGs
[2022-11-22T19:52:33.551+0000] {logging_mixin.py:137} INFO - [2022-11-22T19:52:33.551+0000] {dag.py:3340} INFO - Setting next_dagrun for tutorial to 2022-11-21T19:52:33.551639+00:00, run_after=2022-11-22T19:52:33.551639+00:00
[2022-11-22T19:52:33.564+0000] {processor.py:176} INFO - Processing /home/airflow/.local/lib/python3.7/site-packages/airflow/example_dags/tutorial.py took 0.080 seconds
[2022-11-22T19:53:04.457+0000] {processor.py:154} INFO - Started process (PID=3260) to work on /home/airflow/.local/lib/python3.7/site-packages/airflow/example_dags/tutorial.py
[2022-11-22T19:53:04.458+0000] {processor.py:756} INFO - Processing file /home/airflow/.local/lib/python3.7/site-packages/airflow/example_dags/tutorial.py for tasks to queue
[2022-11-22T19:53:04.459+0000] {logging_mixin.py:137} INFO - [2022-11-22T19:53:04.459+0000] {dagbag.py:537} INFO - Filling up the DagBag from /home/airflow/.local/lib/python3.7/site-packages/airflow/example_dags/tutorial.py
[2022-11-22T19:53:04.470+0000] {processor.py:766} INFO - DAG(s) dict_keys(['tutorial']) retrieved from /home/airflow/.local/lib/python3.7/site-packages/airflow/example_dags/tutorial.py
[2022-11-22T19:53:04.500+0000] {logging_mixin.py:137} INFO - [2022-11-22T19:53:04.500+0000] {dag.py:2585} INFO - Sync 1 DAGs
[2022-11-22T19:53:04.519+0000] {logging_mixin.py:137} INFO - [2022-11-22T19:53:04.519+0000] {dag.py:3340} INFO - Setting next_dagrun for tutorial to 2022-11-21T19:53:04.518984+00:00, run_after=2022-11-22T19:53:04.518984+00:00
[2022-11-22T19:53:04.534+0000] {processor.py:176} INFO - Processing /home/airflow/.local/lib/python3.7/site-packages/airflow/example_dags/tutorial.py took 0.079 seconds
[2022-11-22T19:53:35.845+0000] {processor.py:154} INFO - Started process (PID=3323) to work on /home/airflow/.local/lib/python3.7/site-packages/airflow/example_dags/tutorial.py
[2022-11-22T19:53:35.847+0000] {processor.py:756} INFO - Processing file /home/airflow/.local/lib/python3.7/site-packages/airflow/example_dags/tutorial.py for tasks to queue
[2022-11-22T19:53:35.849+0000] {logging_mixin.py:137} INFO - [2022-11-22T19:53:35.849+0000] {dagbag.py:537} INFO - Filling up the DagBag from /home/airflow/.local/lib/python3.7/site-packages/airflow/example_dags/tutorial.py
[2022-11-22T19:53:35.888+0000] {processor.py:766} INFO - DAG(s) dict_keys(['tutorial']) retrieved from /home/airflow/.local/lib/python3.7/site-packages/airflow/example_dags/tutorial.py
[2022-11-22T19:53:35.955+0000] {logging_mixin.py:137} INFO - [2022-11-22T19:53:35.954+0000] {dag.py:2585} INFO - Sync 1 DAGs
[2022-11-22T19:53:36.006+0000] {logging_mixin.py:137} INFO - [2022-11-22T19:53:36.005+0000] {dag.py:3340} INFO - Setting next_dagrun for tutorial to 2022-11-21T19:53:36.004409+00:00, run_after=2022-11-22T19:53:36.004409+00:00
[2022-11-22T19:53:36.032+0000] {processor.py:176} INFO - Processing /home/airflow/.local/lib/python3.7/site-packages/airflow/example_dags/tutorial.py took 0.190 seconds
[2022-11-22T19:54:06.281+0000] {processor.py:154} INFO - Started process (PID=3377) to work on /home/airflow/.local/lib/python3.7/site-packages/airflow/example_dags/tutorial.py
[2022-11-22T19:54:06.283+0000] {processor.py:756} INFO - Processing file /home/airflow/.local/lib/python3.7/site-packages/airflow/example_dags/tutorial.py for tasks to queue
[2022-11-22T19:54:06.284+0000] {logging_mixin.py:137} INFO - [2022-11-22T19:54:06.284+0000] {dagbag.py:537} INFO - Filling up the DagBag from /home/airflow/.local/lib/python3.7/site-packages/airflow/example_dags/tutorial.py
[2022-11-22T19:54:06.297+0000] {processor.py:766} INFO - DAG(s) dict_keys(['tutorial']) retrieved from /home/airflow/.local/lib/python3.7/site-packages/airflow/example_dags/tutorial.py
[2022-11-22T19:54:06.340+0000] {logging_mixin.py:137} INFO - [2022-11-22T19:54:06.339+0000] {dag.py:2585} INFO - Sync 1 DAGs
[2022-11-22T19:54:06.357+0000] {logging_mixin.py:137} INFO - [2022-11-22T19:54:06.357+0000] {dag.py:3340} INFO - Setting next_dagrun for tutorial to 2022-11-21T19:54:06.356948+00:00, run_after=2022-11-22T19:54:06.356948+00:00
[2022-11-22T19:54:06.371+0000] {processor.py:176} INFO - Processing /home/airflow/.local/lib/python3.7/site-packages/airflow/example_dags/tutorial.py took 0.092 seconds
[2022-11-22T19:54:36.927+0000] {processor.py:154} INFO - Started process (PID=3439) to work on /home/airflow/.local/lib/python3.7/site-packages/airflow/example_dags/tutorial.py
[2022-11-22T19:54:36.929+0000] {processor.py:756} INFO - Processing file /home/airflow/.local/lib/python3.7/site-packages/airflow/example_dags/tutorial.py for tasks to queue
[2022-11-22T19:54:36.930+0000] {logging_mixin.py:137} INFO - [2022-11-22T19:54:36.930+0000] {dagbag.py:537} INFO - Filling up the DagBag from /home/airflow/.local/lib/python3.7/site-packages/airflow/example_dags/tutorial.py
[2022-11-22T19:54:36.943+0000] {processor.py:766} INFO - DAG(s) dict_keys(['tutorial']) retrieved from /home/airflow/.local/lib/python3.7/site-packages/airflow/example_dags/tutorial.py
[2022-11-22T19:54:36.973+0000] {logging_mixin.py:137} INFO - [2022-11-22T19:54:36.973+0000] {dag.py:2585} INFO - Sync 1 DAGs
[2022-11-22T19:54:36.989+0000] {logging_mixin.py:137} INFO - [2022-11-22T19:54:36.989+0000] {dag.py:3340} INFO - Setting next_dagrun for tutorial to 2022-11-21T19:54:36.989516+00:00, run_after=2022-11-22T19:54:36.989516+00:00
[2022-11-22T19:54:37.002+0000] {processor.py:176} INFO - Processing /home/airflow/.local/lib/python3.7/site-packages/airflow/example_dags/tutorial.py took 0.077 seconds
[2022-11-22T19:55:07.835+0000] {processor.py:154} INFO - Started process (PID=3502) to work on /home/airflow/.local/lib/python3.7/site-packages/airflow/example_dags/tutorial.py
[2022-11-22T19:55:07.837+0000] {processor.py:756} INFO - Processing file /home/airflow/.local/lib/python3.7/site-packages/airflow/example_dags/tutorial.py for tasks to queue
[2022-11-22T19:55:07.838+0000] {logging_mixin.py:137} INFO - [2022-11-22T19:55:07.838+0000] {dagbag.py:537} INFO - Filling up the DagBag from /home/airflow/.local/lib/python3.7/site-packages/airflow/example_dags/tutorial.py
[2022-11-22T19:55:07.853+0000] {processor.py:766} INFO - DAG(s) dict_keys(['tutorial']) retrieved from /home/airflow/.local/lib/python3.7/site-packages/airflow/example_dags/tutorial.py
[2022-11-22T19:55:07.887+0000] {logging_mixin.py:137} INFO - [2022-11-22T19:55:07.887+0000] {dag.py:2585} INFO - Sync 1 DAGs
[2022-11-22T19:55:07.905+0000] {logging_mixin.py:137} INFO - [2022-11-22T19:55:07.905+0000] {dag.py:3340} INFO - Setting next_dagrun for tutorial to 2022-11-21T19:55:07.904948+00:00, run_after=2022-11-22T19:55:07.904948+00:00
[2022-11-22T19:55:07.919+0000] {processor.py:176} INFO - Processing /home/airflow/.local/lib/python3.7/site-packages/airflow/example_dags/tutorial.py took 0.086 seconds
[2022-11-22T19:55:38.320+0000] {processor.py:154} INFO - Started process (PID=3556) to work on /home/airflow/.local/lib/python3.7/site-packages/airflow/example_dags/tutorial.py
[2022-11-22T19:55:38.322+0000] {processor.py:756} INFO - Processing file /home/airflow/.local/lib/python3.7/site-packages/airflow/example_dags/tutorial.py for tasks to queue
[2022-11-22T19:55:38.323+0000] {logging_mixin.py:137} INFO - [2022-11-22T19:55:38.323+0000] {dagbag.py:537} INFO - Filling up the DagBag from /home/airflow/.local/lib/python3.7/site-packages/airflow/example_dags/tutorial.py
[2022-11-22T19:55:38.335+0000] {processor.py:766} INFO - DAG(s) dict_keys(['tutorial']) retrieved from /home/airflow/.local/lib/python3.7/site-packages/airflow/example_dags/tutorial.py
[2022-11-22T19:55:38.366+0000] {logging_mixin.py:137} INFO - [2022-11-22T19:55:38.366+0000] {dag.py:2585} INFO - Sync 1 DAGs
[2022-11-22T19:55:38.384+0000] {logging_mixin.py:137} INFO - [2022-11-22T19:55:38.384+0000] {dag.py:3340} INFO - Setting next_dagrun for tutorial to 2022-11-21T19:55:38.383893+00:00, run_after=2022-11-22T19:55:38.383893+00:00
[2022-11-22T19:55:38.402+0000] {processor.py:176} INFO - Processing /home/airflow/.local/lib/python3.7/site-packages/airflow/example_dags/tutorial.py took 0.084 seconds
[2022-11-22T19:56:08.560+0000] {processor.py:154} INFO - Started process (PID=3619) to work on /home/airflow/.local/lib/python3.7/site-packages/airflow/example_dags/tutorial.py
[2022-11-22T19:56:08.561+0000] {processor.py:756} INFO - Processing file /home/airflow/.local/lib/python3.7/site-packages/airflow/example_dags/tutorial.py for tasks to queue
[2022-11-22T19:56:08.563+0000] {logging_mixin.py:137} INFO - [2022-11-22T19:56:08.563+0000] {dagbag.py:537} INFO - Filling up the DagBag from /home/airflow/.local/lib/python3.7/site-packages/airflow/example_dags/tutorial.py
[2022-11-22T19:56:08.574+0000] {processor.py:766} INFO - DAG(s) dict_keys(['tutorial']) retrieved from /home/airflow/.local/lib/python3.7/site-packages/airflow/example_dags/tutorial.py
[2022-11-22T19:56:08.604+0000] {logging_mixin.py:137} INFO - [2022-11-22T19:56:08.604+0000] {dag.py:2585} INFO - Sync 1 DAGs
[2022-11-22T19:56:08.623+0000] {logging_mixin.py:137} INFO - [2022-11-22T19:56:08.623+0000] {dag.py:3340} INFO - Setting next_dagrun for tutorial to 2022-11-21T19:56:08.623024+00:00, run_after=2022-11-22T19:56:08.623024+00:00
[2022-11-22T19:56:08.637+0000] {processor.py:176} INFO - Processing /home/airflow/.local/lib/python3.7/site-packages/airflow/example_dags/tutorial.py took 0.080 seconds
[2022-11-22T19:56:38.983+0000] {processor.py:154} INFO - Started process (PID=3681) to work on /home/airflow/.local/lib/python3.7/site-packages/airflow/example_dags/tutorial.py
[2022-11-22T19:56:38.985+0000] {processor.py:756} INFO - Processing file /home/airflow/.local/lib/python3.7/site-packages/airflow/example_dags/tutorial.py for tasks to queue
[2022-11-22T19:56:38.986+0000] {logging_mixin.py:137} INFO - [2022-11-22T19:56:38.986+0000] {dagbag.py:537} INFO - Filling up the DagBag from /home/airflow/.local/lib/python3.7/site-packages/airflow/example_dags/tutorial.py
[2022-11-22T19:56:38.997+0000] {processor.py:766} INFO - DAG(s) dict_keys(['tutorial']) retrieved from /home/airflow/.local/lib/python3.7/site-packages/airflow/example_dags/tutorial.py
[2022-11-22T19:56:39.023+0000] {logging_mixin.py:137} INFO - [2022-11-22T19:56:39.023+0000] {dag.py:2585} INFO - Sync 1 DAGs
[2022-11-22T19:56:39.039+0000] {logging_mixin.py:137} INFO - [2022-11-22T19:56:39.039+0000] {dag.py:3340} INFO - Setting next_dagrun for tutorial to 2022-11-21T19:56:39.039433+00:00, run_after=2022-11-22T19:56:39.039433+00:00
[2022-11-22T19:56:39.052+0000] {processor.py:176} INFO - Processing /home/airflow/.local/lib/python3.7/site-packages/airflow/example_dags/tutorial.py took 0.071 seconds
[2022-11-22T19:57:09.857+0000] {processor.py:154} INFO - Started process (PID=3746) to work on /home/airflow/.local/lib/python3.7/site-packages/airflow/example_dags/tutorial.py
[2022-11-22T19:57:09.859+0000] {processor.py:756} INFO - Processing file /home/airflow/.local/lib/python3.7/site-packages/airflow/example_dags/tutorial.py for tasks to queue
[2022-11-22T19:57:09.861+0000] {logging_mixin.py:137} INFO - [2022-11-22T19:57:09.861+0000] {dagbag.py:537} INFO - Filling up the DagBag from /home/airflow/.local/lib/python3.7/site-packages/airflow/example_dags/tutorial.py
[2022-11-22T19:57:09.877+0000] {processor.py:766} INFO - DAG(s) dict_keys(['tutorial']) retrieved from /home/airflow/.local/lib/python3.7/site-packages/airflow/example_dags/tutorial.py
[2022-11-22T19:57:09.950+0000] {logging_mixin.py:137} INFO - [2022-11-22T19:57:09.949+0000] {dag.py:2585} INFO - Sync 1 DAGs
[2022-11-22T19:57:09.972+0000] {logging_mixin.py:137} INFO - [2022-11-22T19:57:09.972+0000] {dag.py:3340} INFO - Setting next_dagrun for tutorial to 2022-11-21T19:57:09.971976+00:00, run_after=2022-11-22T19:57:09.971976+00:00
[2022-11-22T19:57:09.993+0000] {processor.py:176} INFO - Processing /home/airflow/.local/lib/python3.7/site-packages/airflow/example_dags/tutorial.py took 0.139 seconds
[2022-11-22T20:30:54.530+0000] {processor.py:154} INFO - Started process (PID=3800) to work on /home/airflow/.local/lib/python3.7/site-packages/airflow/example_dags/tutorial.py
[2022-11-22T20:30:54.532+0000] {processor.py:756} INFO - Processing file /home/airflow/.local/lib/python3.7/site-packages/airflow/example_dags/tutorial.py for tasks to queue
[2022-11-22T20:30:54.535+0000] {logging_mixin.py:137} INFO - [2022-11-22T20:30:54.535+0000] {dagbag.py:537} INFO - Filling up the DagBag from /home/airflow/.local/lib/python3.7/site-packages/airflow/example_dags/tutorial.py
[2022-11-22T20:30:54.554+0000] {processor.py:766} INFO - DAG(s) dict_keys(['tutorial']) retrieved from /home/airflow/.local/lib/python3.7/site-packages/airflow/example_dags/tutorial.py
[2022-11-22T20:30:54.588+0000] {logging_mixin.py:137} INFO - [2022-11-22T20:30:54.588+0000] {dag.py:2585} INFO - Sync 1 DAGs
[2022-11-22T20:30:54.612+0000] {logging_mixin.py:137} INFO - [2022-11-22T20:30:54.611+0000] {dag.py:3340} INFO - Setting next_dagrun for tutorial to 2022-11-21T20:30:54.611557+00:00, run_after=2022-11-22T20:30:54.611557+00:00
[2022-11-22T20:30:54.627+0000] {processor.py:176} INFO - Processing /home/airflow/.local/lib/python3.7/site-packages/airflow/example_dags/tutorial.py took 0.100 seconds
[2022-11-22T21:34:49.816+0000] {processor.py:154} INFO - Started process (PID=3863) to work on /home/airflow/.local/lib/python3.7/site-packages/airflow/example_dags/tutorial.py
[2022-11-22T21:34:49.817+0000] {processor.py:756} INFO - Processing file /home/airflow/.local/lib/python3.7/site-packages/airflow/example_dags/tutorial.py for tasks to queue
[2022-11-22T21:34:49.819+0000] {logging_mixin.py:137} INFO - [2022-11-22T21:34:49.819+0000] {dagbag.py:537} INFO - Filling up the DagBag from /home/airflow/.local/lib/python3.7/site-packages/airflow/example_dags/tutorial.py
[2022-11-22T21:34:49.833+0000] {processor.py:766} INFO - DAG(s) dict_keys(['tutorial']) retrieved from /home/airflow/.local/lib/python3.7/site-packages/airflow/example_dags/tutorial.py
[2022-11-22T21:34:49.881+0000] {logging_mixin.py:137} INFO - [2022-11-22T21:34:49.881+0000] {dag.py:2585} INFO - Sync 1 DAGs
[2022-11-22T21:34:49.923+0000] {logging_mixin.py:137} INFO - [2022-11-22T21:34:49.923+0000] {dag.py:3340} INFO - Setting next_dagrun for tutorial to 2022-11-21T21:34:49.923319+00:00, run_after=2022-11-22T21:34:49.923319+00:00
[2022-11-22T21:34:49.953+0000] {processor.py:176} INFO - Processing /home/airflow/.local/lib/python3.7/site-packages/airflow/example_dags/tutorial.py took 0.140 seconds
[2022-11-22T22:39:31.829+0000] {processor.py:154} INFO - Started process (PID=3918) to work on /home/airflow/.local/lib/python3.7/site-packages/airflow/example_dags/tutorial.py
[2022-11-22T22:39:31.831+0000] {processor.py:756} INFO - Processing file /home/airflow/.local/lib/python3.7/site-packages/airflow/example_dags/tutorial.py for tasks to queue
[2022-11-22T22:39:31.832+0000] {logging_mixin.py:137} INFO - [2022-11-22T22:39:31.832+0000] {dagbag.py:537} INFO - Filling up the DagBag from /home/airflow/.local/lib/python3.7/site-packages/airflow/example_dags/tutorial.py
[2022-11-22T22:39:31.844+0000] {processor.py:766} INFO - DAG(s) dict_keys(['tutorial']) retrieved from /home/airflow/.local/lib/python3.7/site-packages/airflow/example_dags/tutorial.py
[2022-11-22T22:39:31.874+0000] {logging_mixin.py:137} INFO - [2022-11-22T22:39:31.874+0000] {dag.py:2585} INFO - Sync 1 DAGs
[2022-11-22T22:39:31.890+0000] {logging_mixin.py:137} INFO - [2022-11-22T22:39:31.889+0000] {dag.py:3340} INFO - Setting next_dagrun for tutorial to 2022-11-21T22:39:31.889817+00:00, run_after=2022-11-22T22:39:31.889817+00:00
[2022-11-22T22:39:31.902+0000] {processor.py:176} INFO - Processing /home/airflow/.local/lib/python3.7/site-packages/airflow/example_dags/tutorial.py took 0.076 seconds
[2022-11-22T23:47:28.565+0000] {processor.py:154} INFO - Started process (PID=3981) to work on /home/airflow/.local/lib/python3.7/site-packages/airflow/example_dags/tutorial.py
[2022-11-22T23:47:28.577+0000] {processor.py:756} INFO - Processing file /home/airflow/.local/lib/python3.7/site-packages/airflow/example_dags/tutorial.py for tasks to queue
[2022-11-22T23:47:28.582+0000] {logging_mixin.py:137} INFO - [2022-11-22T23:47:28.581+0000] {dagbag.py:537} INFO - Filling up the DagBag from /home/airflow/.local/lib/python3.7/site-packages/airflow/example_dags/tutorial.py
[2022-11-22T23:47:28.638+0000] {processor.py:766} INFO - DAG(s) dict_keys(['tutorial']) retrieved from /home/airflow/.local/lib/python3.7/site-packages/airflow/example_dags/tutorial.py
[2022-11-22T23:47:28.806+0000] {logging_mixin.py:137} INFO - [2022-11-22T23:47:28.806+0000] {dag.py:2585} INFO - Sync 1 DAGs
[2022-11-22T23:47:28.836+0000] {logging_mixin.py:137} INFO - [2022-11-22T23:47:28.836+0000] {dag.py:3340} INFO - Setting next_dagrun for tutorial to 2022-11-21T23:47:28.836303+00:00, run_after=2022-11-22T23:47:28.836303+00:00
[2022-11-22T23:47:28.850+0000] {processor.py:176} INFO - Processing /home/airflow/.local/lib/python3.7/site-packages/airflow/example_dags/tutorial.py took 0.301 seconds
