[2022-11-22T19:26:26.116+0000] {processor.py:154} INFO - Started process (PID=68) to work on /home/airflow/.local/lib/python3.7/site-packages/airflow/example_dags/tutorial_dag.py
[2022-11-22T19:26:26.118+0000] {processor.py:756} INFO - Processing file /home/airflow/.local/lib/python3.7/site-packages/airflow/example_dags/tutorial_dag.py for tasks to queue
[2022-11-22T19:26:26.119+0000] {logging_mixin.py:137} INFO - [2022-11-22T19:26:26.119+0000] {dagbag.py:537} INFO - Filling up the DagBag from /home/airflow/.local/lib/python3.7/site-packages/airflow/example_dags/tutorial_dag.py
[2022-11-22T19:26:26.130+0000] {processor.py:766} INFO - DAG(s) dict_keys(['tutorial_dag']) retrieved from /home/airflow/.local/lib/python3.7/site-packages/airflow/example_dags/tutorial_dag.py
[2022-11-22T19:26:26.235+0000] {logging_mixin.py:137} INFO - [2022-11-22T19:26:26.235+0000] {manager.py:507} INFO - Created Permission View: can delete on DAG:tutorial_dag
[2022-11-22T19:26:26.246+0000] {logging_mixin.py:137} INFO - [2022-11-22T19:26:26.245+0000] {manager.py:507} INFO - Created Permission View: can read on DAG:tutorial_dag
[2022-11-22T19:26:26.252+0000] {logging_mixin.py:137} INFO - [2022-11-22T19:26:26.252+0000] {manager.py:507} INFO - Created Permission View: can edit on DAG:tutorial_dag
[2022-11-22T19:26:26.253+0000] {logging_mixin.py:137} INFO - [2022-11-22T19:26:26.253+0000] {dag.py:2585} INFO - Sync 1 DAGs
[2022-11-22T19:26:26.262+0000] {logging_mixin.py:137} INFO - [2022-11-22T19:26:26.262+0000] {dag.py:2606} INFO - Creating ORM DAG for tutorial_dag
[2022-11-22T19:26:26.278+0000] {logging_mixin.py:137} INFO - [2022-11-22T19:26:26.278+0000] {dag.py:3340} INFO - Setting next_dagrun for tutorial_dag to None, run_after=None
[2022-11-22T19:26:26.298+0000] {processor.py:176} INFO - Processing /home/airflow/.local/lib/python3.7/site-packages/airflow/example_dags/tutorial_dag.py took 0.185 seconds
[2022-11-22T19:26:56.600+0000] {processor.py:154} INFO - Started process (PID=131) to work on /home/airflow/.local/lib/python3.7/site-packages/airflow/example_dags/tutorial_dag.py
[2022-11-22T19:26:56.602+0000] {processor.py:756} INFO - Processing file /home/airflow/.local/lib/python3.7/site-packages/airflow/example_dags/tutorial_dag.py for tasks to queue
[2022-11-22T19:26:56.603+0000] {logging_mixin.py:137} INFO - [2022-11-22T19:26:56.603+0000] {dagbag.py:537} INFO - Filling up the DagBag from /home/airflow/.local/lib/python3.7/site-packages/airflow/example_dags/tutorial_dag.py
[2022-11-22T19:26:56.613+0000] {processor.py:766} INFO - DAG(s) dict_keys(['tutorial_dag']) retrieved from /home/airflow/.local/lib/python3.7/site-packages/airflow/example_dags/tutorial_dag.py
[2022-11-22T19:26:56.640+0000] {logging_mixin.py:137} INFO - [2022-11-22T19:26:56.640+0000] {dag.py:2585} INFO - Sync 1 DAGs
[2022-11-22T19:26:56.680+0000] {logging_mixin.py:137} INFO - [2022-11-22T19:26:56.680+0000] {dag.py:3340} INFO - Setting next_dagrun for tutorial_dag to None, run_after=None
[2022-11-22T19:26:56.706+0000] {processor.py:176} INFO - Processing /home/airflow/.local/lib/python3.7/site-packages/airflow/example_dags/tutorial_dag.py took 0.108 seconds
[2022-11-22T19:27:26.910+0000] {processor.py:154} INFO - Started process (PID=196) to work on /home/airflow/.local/lib/python3.7/site-packages/airflow/example_dags/tutorial_dag.py
[2022-11-22T19:27:26.912+0000] {processor.py:756} INFO - Processing file /home/airflow/.local/lib/python3.7/site-packages/airflow/example_dags/tutorial_dag.py for tasks to queue
[2022-11-22T19:27:26.913+0000] {logging_mixin.py:137} INFO - [2022-11-22T19:27:26.913+0000] {dagbag.py:537} INFO - Filling up the DagBag from /home/airflow/.local/lib/python3.7/site-packages/airflow/example_dags/tutorial_dag.py
[2022-11-22T19:27:26.921+0000] {processor.py:766} INFO - DAG(s) dict_keys(['tutorial_dag']) retrieved from /home/airflow/.local/lib/python3.7/site-packages/airflow/example_dags/tutorial_dag.py
[2022-11-22T19:27:26.945+0000] {logging_mixin.py:137} INFO - [2022-11-22T19:27:26.945+0000] {dag.py:2585} INFO - Sync 1 DAGs
[2022-11-22T19:27:26.961+0000] {logging_mixin.py:137} INFO - [2022-11-22T19:27:26.960+0000] {dag.py:3340} INFO - Setting next_dagrun for tutorial_dag to None, run_after=None
[2022-11-22T19:27:26.973+0000] {processor.py:176} INFO - Processing /home/airflow/.local/lib/python3.7/site-packages/airflow/example_dags/tutorial_dag.py took 0.065 seconds
[2022-11-22T19:27:57.229+0000] {processor.py:154} INFO - Started process (PID=250) to work on /home/airflow/.local/lib/python3.7/site-packages/airflow/example_dags/tutorial_dag.py
[2022-11-22T19:27:57.231+0000] {processor.py:756} INFO - Processing file /home/airflow/.local/lib/python3.7/site-packages/airflow/example_dags/tutorial_dag.py for tasks to queue
[2022-11-22T19:27:57.232+0000] {logging_mixin.py:137} INFO - [2022-11-22T19:27:57.232+0000] {dagbag.py:537} INFO - Filling up the DagBag from /home/airflow/.local/lib/python3.7/site-packages/airflow/example_dags/tutorial_dag.py
[2022-11-22T19:27:57.241+0000] {processor.py:766} INFO - DAG(s) dict_keys(['tutorial_dag']) retrieved from /home/airflow/.local/lib/python3.7/site-packages/airflow/example_dags/tutorial_dag.py
[2022-11-22T19:27:57.267+0000] {logging_mixin.py:137} INFO - [2022-11-22T19:27:57.267+0000] {dag.py:2585} INFO - Sync 1 DAGs
[2022-11-22T19:27:57.283+0000] {logging_mixin.py:137} INFO - [2022-11-22T19:27:57.283+0000] {dag.py:3340} INFO - Setting next_dagrun for tutorial_dag to None, run_after=None
[2022-11-22T19:27:57.294+0000] {processor.py:176} INFO - Processing /home/airflow/.local/lib/python3.7/site-packages/airflow/example_dags/tutorial_dag.py took 0.067 seconds
[2022-11-22T19:28:27.825+0000] {processor.py:154} INFO - Started process (PID=312) to work on /home/airflow/.local/lib/python3.7/site-packages/airflow/example_dags/tutorial_dag.py
[2022-11-22T19:28:27.829+0000] {processor.py:756} INFO - Processing file /home/airflow/.local/lib/python3.7/site-packages/airflow/example_dags/tutorial_dag.py for tasks to queue
[2022-11-22T19:28:27.831+0000] {logging_mixin.py:137} INFO - [2022-11-22T19:28:27.831+0000] {dagbag.py:537} INFO - Filling up the DagBag from /home/airflow/.local/lib/python3.7/site-packages/airflow/example_dags/tutorial_dag.py
[2022-11-22T19:28:27.851+0000] {processor.py:766} INFO - DAG(s) dict_keys(['tutorial_dag']) retrieved from /home/airflow/.local/lib/python3.7/site-packages/airflow/example_dags/tutorial_dag.py
[2022-11-22T19:28:27.906+0000] {logging_mixin.py:137} INFO - [2022-11-22T19:28:27.906+0000] {dag.py:2585} INFO - Sync 1 DAGs
[2022-11-22T19:28:27.926+0000] {logging_mixin.py:137} INFO - [2022-11-22T19:28:27.926+0000] {dag.py:3340} INFO - Setting next_dagrun for tutorial_dag to None, run_after=None
[2022-11-22T19:28:27.945+0000] {processor.py:176} INFO - Processing /home/airflow/.local/lib/python3.7/site-packages/airflow/example_dags/tutorial_dag.py took 0.123 seconds
[2022-11-22T19:28:58.775+0000] {processor.py:154} INFO - Started process (PID=375) to work on /home/airflow/.local/lib/python3.7/site-packages/airflow/example_dags/tutorial_dag.py
[2022-11-22T19:28:58.776+0000] {processor.py:756} INFO - Processing file /home/airflow/.local/lib/python3.7/site-packages/airflow/example_dags/tutorial_dag.py for tasks to queue
[2022-11-22T19:28:58.777+0000] {logging_mixin.py:137} INFO - [2022-11-22T19:28:58.777+0000] {dagbag.py:537} INFO - Filling up the DagBag from /home/airflow/.local/lib/python3.7/site-packages/airflow/example_dags/tutorial_dag.py
[2022-11-22T19:28:58.789+0000] {processor.py:766} INFO - DAG(s) dict_keys(['tutorial_dag']) retrieved from /home/airflow/.local/lib/python3.7/site-packages/airflow/example_dags/tutorial_dag.py
[2022-11-22T19:28:58.816+0000] {logging_mixin.py:137} INFO - [2022-11-22T19:28:58.816+0000] {dag.py:2585} INFO - Sync 1 DAGs
[2022-11-22T19:28:58.833+0000] {logging_mixin.py:137} INFO - [2022-11-22T19:28:58.832+0000] {dag.py:3340} INFO - Setting next_dagrun for tutorial_dag to None, run_after=None
[2022-11-22T19:28:58.848+0000] {processor.py:176} INFO - Processing /home/airflow/.local/lib/python3.7/site-packages/airflow/example_dags/tutorial_dag.py took 0.076 seconds
[2022-11-22T19:29:29.364+0000] {processor.py:154} INFO - Started process (PID=438) to work on /home/airflow/.local/lib/python3.7/site-packages/airflow/example_dags/tutorial_dag.py
[2022-11-22T19:29:29.366+0000] {processor.py:756} INFO - Processing file /home/airflow/.local/lib/python3.7/site-packages/airflow/example_dags/tutorial_dag.py for tasks to queue
[2022-11-22T19:29:29.366+0000] {logging_mixin.py:137} INFO - [2022-11-22T19:29:29.366+0000] {dagbag.py:537} INFO - Filling up the DagBag from /home/airflow/.local/lib/python3.7/site-packages/airflow/example_dags/tutorial_dag.py
[2022-11-22T19:29:29.377+0000] {processor.py:766} INFO - DAG(s) dict_keys(['tutorial_dag']) retrieved from /home/airflow/.local/lib/python3.7/site-packages/airflow/example_dags/tutorial_dag.py
[2022-11-22T19:29:29.416+0000] {logging_mixin.py:137} INFO - [2022-11-22T19:29:29.416+0000] {dag.py:2585} INFO - Sync 1 DAGs
[2022-11-22T19:29:29.434+0000] {logging_mixin.py:137} INFO - [2022-11-22T19:29:29.434+0000] {dag.py:3340} INFO - Setting next_dagrun for tutorial_dag to None, run_after=None
[2022-11-22T19:29:29.447+0000] {processor.py:176} INFO - Processing /home/airflow/.local/lib/python3.7/site-packages/airflow/example_dags/tutorial_dag.py took 0.086 seconds
[2022-11-22T19:30:00.355+0000] {processor.py:154} INFO - Started process (PID=500) to work on /home/airflow/.local/lib/python3.7/site-packages/airflow/example_dags/tutorial_dag.py
[2022-11-22T19:30:00.357+0000] {processor.py:756} INFO - Processing file /home/airflow/.local/lib/python3.7/site-packages/airflow/example_dags/tutorial_dag.py for tasks to queue
[2022-11-22T19:30:00.358+0000] {logging_mixin.py:137} INFO - [2022-11-22T19:30:00.358+0000] {dagbag.py:537} INFO - Filling up the DagBag from /home/airflow/.local/lib/python3.7/site-packages/airflow/example_dags/tutorial_dag.py
[2022-11-22T19:30:00.369+0000] {processor.py:766} INFO - DAG(s) dict_keys(['tutorial_dag']) retrieved from /home/airflow/.local/lib/python3.7/site-packages/airflow/example_dags/tutorial_dag.py
[2022-11-22T19:30:00.422+0000] {logging_mixin.py:137} INFO - [2022-11-22T19:30:00.422+0000] {dag.py:2585} INFO - Sync 1 DAGs
[2022-11-22T19:30:00.456+0000] {logging_mixin.py:137} INFO - [2022-11-22T19:30:00.456+0000] {dag.py:3340} INFO - Setting next_dagrun for tutorial_dag to None, run_after=None
[2022-11-22T19:30:00.487+0000] {processor.py:176} INFO - Processing /home/airflow/.local/lib/python3.7/site-packages/airflow/example_dags/tutorial_dag.py took 0.135 seconds
[2022-11-22T19:30:30.844+0000] {processor.py:154} INFO - Started process (PID=556) to work on /home/airflow/.local/lib/python3.7/site-packages/airflow/example_dags/tutorial_dag.py
[2022-11-22T19:30:30.846+0000] {processor.py:756} INFO - Processing file /home/airflow/.local/lib/python3.7/site-packages/airflow/example_dags/tutorial_dag.py for tasks to queue
[2022-11-22T19:30:30.847+0000] {logging_mixin.py:137} INFO - [2022-11-22T19:30:30.847+0000] {dagbag.py:537} INFO - Filling up the DagBag from /home/airflow/.local/lib/python3.7/site-packages/airflow/example_dags/tutorial_dag.py
[2022-11-22T19:30:30.857+0000] {processor.py:766} INFO - DAG(s) dict_keys(['tutorial_dag']) retrieved from /home/airflow/.local/lib/python3.7/site-packages/airflow/example_dags/tutorial_dag.py
[2022-11-22T19:30:30.885+0000] {logging_mixin.py:137} INFO - [2022-11-22T19:30:30.885+0000] {dag.py:2585} INFO - Sync 1 DAGs
[2022-11-22T19:30:30.901+0000] {logging_mixin.py:137} INFO - [2022-11-22T19:30:30.901+0000] {dag.py:3340} INFO - Setting next_dagrun for tutorial_dag to None, run_after=None
[2022-11-22T19:30:30.916+0000] {processor.py:176} INFO - Processing /home/airflow/.local/lib/python3.7/site-packages/airflow/example_dags/tutorial_dag.py took 0.075 seconds
[2022-11-22T19:31:01.710+0000] {processor.py:154} INFO - Started process (PID=619) to work on /home/airflow/.local/lib/python3.7/site-packages/airflow/example_dags/tutorial_dag.py
[2022-11-22T19:31:01.712+0000] {processor.py:756} INFO - Processing file /home/airflow/.local/lib/python3.7/site-packages/airflow/example_dags/tutorial_dag.py for tasks to queue
[2022-11-22T19:31:01.713+0000] {logging_mixin.py:137} INFO - [2022-11-22T19:31:01.713+0000] {dagbag.py:537} INFO - Filling up the DagBag from /home/airflow/.local/lib/python3.7/site-packages/airflow/example_dags/tutorial_dag.py
[2022-11-22T19:31:01.728+0000] {processor.py:766} INFO - DAG(s) dict_keys(['tutorial_dag']) retrieved from /home/airflow/.local/lib/python3.7/site-packages/airflow/example_dags/tutorial_dag.py
[2022-11-22T19:31:01.765+0000] {logging_mixin.py:137} INFO - [2022-11-22T19:31:01.765+0000] {dag.py:2585} INFO - Sync 1 DAGs
[2022-11-22T19:31:01.784+0000] {logging_mixin.py:137} INFO - [2022-11-22T19:31:01.784+0000] {dag.py:3340} INFO - Setting next_dagrun for tutorial_dag to None, run_after=None
[2022-11-22T19:31:01.800+0000] {processor.py:176} INFO - Processing /home/airflow/.local/lib/python3.7/site-packages/airflow/example_dags/tutorial_dag.py took 0.092 seconds
[2022-11-22T19:31:32.547+0000] {processor.py:154} INFO - Started process (PID=683) to work on /home/airflow/.local/lib/python3.7/site-packages/airflow/example_dags/tutorial_dag.py
[2022-11-22T19:31:32.549+0000] {processor.py:756} INFO - Processing file /home/airflow/.local/lib/python3.7/site-packages/airflow/example_dags/tutorial_dag.py for tasks to queue
[2022-11-22T19:31:32.551+0000] {logging_mixin.py:137} INFO - [2022-11-22T19:31:32.551+0000] {dagbag.py:537} INFO - Filling up the DagBag from /home/airflow/.local/lib/python3.7/site-packages/airflow/example_dags/tutorial_dag.py
[2022-11-22T19:31:32.577+0000] {processor.py:766} INFO - DAG(s) dict_keys(['tutorial_dag']) retrieved from /home/airflow/.local/lib/python3.7/site-packages/airflow/example_dags/tutorial_dag.py
[2022-11-22T19:31:32.629+0000] {logging_mixin.py:137} INFO - [2022-11-22T19:31:32.628+0000] {dag.py:2585} INFO - Sync 1 DAGs
[2022-11-22T19:31:32.654+0000] {logging_mixin.py:137} INFO - [2022-11-22T19:31:32.654+0000] {dag.py:3340} INFO - Setting next_dagrun for tutorial_dag to None, run_after=None
[2022-11-22T19:31:32.671+0000] {processor.py:176} INFO - Processing /home/airflow/.local/lib/python3.7/site-packages/airflow/example_dags/tutorial_dag.py took 0.127 seconds
[2022-11-22T19:32:03.063+0000] {processor.py:154} INFO - Started process (PID=746) to work on /home/airflow/.local/lib/python3.7/site-packages/airflow/example_dags/tutorial_dag.py
[2022-11-22T19:32:03.065+0000] {processor.py:756} INFO - Processing file /home/airflow/.local/lib/python3.7/site-packages/airflow/example_dags/tutorial_dag.py for tasks to queue
[2022-11-22T19:32:03.066+0000] {logging_mixin.py:137} INFO - [2022-11-22T19:32:03.066+0000] {dagbag.py:537} INFO - Filling up the DagBag from /home/airflow/.local/lib/python3.7/site-packages/airflow/example_dags/tutorial_dag.py
[2022-11-22T19:32:03.075+0000] {processor.py:766} INFO - DAG(s) dict_keys(['tutorial_dag']) retrieved from /home/airflow/.local/lib/python3.7/site-packages/airflow/example_dags/tutorial_dag.py
[2022-11-22T19:32:03.114+0000] {logging_mixin.py:137} INFO - [2022-11-22T19:32:03.114+0000] {dag.py:2585} INFO - Sync 1 DAGs
[2022-11-22T19:32:03.133+0000] {logging_mixin.py:137} INFO - [2022-11-22T19:32:03.133+0000] {dag.py:3340} INFO - Setting next_dagrun for tutorial_dag to None, run_after=None
[2022-11-22T19:32:03.147+0000] {processor.py:176} INFO - Processing /home/airflow/.local/lib/python3.7/site-packages/airflow/example_dags/tutorial_dag.py took 0.086 seconds
[2022-11-22T19:32:33.712+0000] {processor.py:154} INFO - Started process (PID=800) to work on /home/airflow/.local/lib/python3.7/site-packages/airflow/example_dags/tutorial_dag.py
[2022-11-22T19:32:33.713+0000] {processor.py:756} INFO - Processing file /home/airflow/.local/lib/python3.7/site-packages/airflow/example_dags/tutorial_dag.py for tasks to queue
[2022-11-22T19:32:33.715+0000] {logging_mixin.py:137} INFO - [2022-11-22T19:32:33.715+0000] {dagbag.py:537} INFO - Filling up the DagBag from /home/airflow/.local/lib/python3.7/site-packages/airflow/example_dags/tutorial_dag.py
[2022-11-22T19:32:33.735+0000] {processor.py:766} INFO - DAG(s) dict_keys(['tutorial_dag']) retrieved from /home/airflow/.local/lib/python3.7/site-packages/airflow/example_dags/tutorial_dag.py
[2022-11-22T19:32:33.777+0000] {logging_mixin.py:137} INFO - [2022-11-22T19:32:33.777+0000] {dag.py:2585} INFO - Sync 1 DAGs
[2022-11-22T19:32:33.794+0000] {logging_mixin.py:137} INFO - [2022-11-22T19:32:33.794+0000] {dag.py:3340} INFO - Setting next_dagrun for tutorial_dag to None, run_after=None
[2022-11-22T19:32:33.808+0000] {processor.py:176} INFO - Processing /home/airflow/.local/lib/python3.7/site-packages/airflow/example_dags/tutorial_dag.py took 0.099 seconds
[2022-11-22T19:33:04.609+0000] {processor.py:154} INFO - Started process (PID=863) to work on /home/airflow/.local/lib/python3.7/site-packages/airflow/example_dags/tutorial_dag.py
[2022-11-22T19:33:04.610+0000] {processor.py:756} INFO - Processing file /home/airflow/.local/lib/python3.7/site-packages/airflow/example_dags/tutorial_dag.py for tasks to queue
[2022-11-22T19:33:04.611+0000] {logging_mixin.py:137} INFO - [2022-11-22T19:33:04.611+0000] {dagbag.py:537} INFO - Filling up the DagBag from /home/airflow/.local/lib/python3.7/site-packages/airflow/example_dags/tutorial_dag.py
[2022-11-22T19:33:04.621+0000] {processor.py:766} INFO - DAG(s) dict_keys(['tutorial_dag']) retrieved from /home/airflow/.local/lib/python3.7/site-packages/airflow/example_dags/tutorial_dag.py
[2022-11-22T19:33:04.651+0000] {logging_mixin.py:137} INFO - [2022-11-22T19:33:04.651+0000] {dag.py:2585} INFO - Sync 1 DAGs
[2022-11-22T19:33:04.668+0000] {logging_mixin.py:137} INFO - [2022-11-22T19:33:04.668+0000] {dag.py:3340} INFO - Setting next_dagrun for tutorial_dag to None, run_after=None
[2022-11-22T19:33:04.682+0000] {processor.py:176} INFO - Processing /home/airflow/.local/lib/python3.7/site-packages/airflow/example_dags/tutorial_dag.py took 0.075 seconds
[2022-11-22T19:33:35.008+0000] {processor.py:154} INFO - Started process (PID=926) to work on /home/airflow/.local/lib/python3.7/site-packages/airflow/example_dags/tutorial_dag.py
[2022-11-22T19:33:35.010+0000] {processor.py:756} INFO - Processing file /home/airflow/.local/lib/python3.7/site-packages/airflow/example_dags/tutorial_dag.py for tasks to queue
[2022-11-22T19:33:35.011+0000] {logging_mixin.py:137} INFO - [2022-11-22T19:33:35.011+0000] {dagbag.py:537} INFO - Filling up the DagBag from /home/airflow/.local/lib/python3.7/site-packages/airflow/example_dags/tutorial_dag.py
[2022-11-22T19:33:35.021+0000] {processor.py:766} INFO - DAG(s) dict_keys(['tutorial_dag']) retrieved from /home/airflow/.local/lib/python3.7/site-packages/airflow/example_dags/tutorial_dag.py
[2022-11-22T19:33:35.102+0000] {logging_mixin.py:137} INFO - [2022-11-22T19:33:35.099+0000] {dag.py:2585} INFO - Sync 1 DAGs
[2022-11-22T19:33:35.149+0000] {logging_mixin.py:137} INFO - [2022-11-22T19:33:35.148+0000] {dag.py:3340} INFO - Setting next_dagrun for tutorial_dag to None, run_after=None
[2022-11-22T19:33:35.171+0000] {processor.py:176} INFO - Processing /home/airflow/.local/lib/python3.7/site-packages/airflow/example_dags/tutorial_dag.py took 0.165 seconds
[2022-11-22T19:34:06.147+0000] {processor.py:154} INFO - Started process (PID=989) to work on /home/airflow/.local/lib/python3.7/site-packages/airflow/example_dags/tutorial_dag.py
[2022-11-22T19:34:06.148+0000] {processor.py:756} INFO - Processing file /home/airflow/.local/lib/python3.7/site-packages/airflow/example_dags/tutorial_dag.py for tasks to queue
[2022-11-22T19:34:06.149+0000] {logging_mixin.py:137} INFO - [2022-11-22T19:34:06.149+0000] {dagbag.py:537} INFO - Filling up the DagBag from /home/airflow/.local/lib/python3.7/site-packages/airflow/example_dags/tutorial_dag.py
[2022-11-22T19:34:06.159+0000] {processor.py:766} INFO - DAG(s) dict_keys(['tutorial_dag']) retrieved from /home/airflow/.local/lib/python3.7/site-packages/airflow/example_dags/tutorial_dag.py
[2022-11-22T19:34:06.191+0000] {logging_mixin.py:137} INFO - [2022-11-22T19:34:06.191+0000] {dag.py:2585} INFO - Sync 1 DAGs
[2022-11-22T19:34:06.209+0000] {logging_mixin.py:137} INFO - [2022-11-22T19:34:06.209+0000] {dag.py:3340} INFO - Setting next_dagrun for tutorial_dag to None, run_after=None
[2022-11-22T19:34:06.224+0000] {processor.py:176} INFO - Processing /home/airflow/.local/lib/python3.7/site-packages/airflow/example_dags/tutorial_dag.py took 0.080 seconds
[2022-11-22T19:34:37.395+0000] {processor.py:154} INFO - Started process (PID=1054) to work on /home/airflow/.local/lib/python3.7/site-packages/airflow/example_dags/tutorial_dag.py
[2022-11-22T19:34:37.397+0000] {processor.py:756} INFO - Processing file /home/airflow/.local/lib/python3.7/site-packages/airflow/example_dags/tutorial_dag.py for tasks to queue
[2022-11-22T19:34:37.398+0000] {logging_mixin.py:137} INFO - [2022-11-22T19:34:37.398+0000] {dagbag.py:537} INFO - Filling up the DagBag from /home/airflow/.local/lib/python3.7/site-packages/airflow/example_dags/tutorial_dag.py
[2022-11-22T19:34:37.408+0000] {processor.py:766} INFO - DAG(s) dict_keys(['tutorial_dag']) retrieved from /home/airflow/.local/lib/python3.7/site-packages/airflow/example_dags/tutorial_dag.py
[2022-11-22T19:34:37.435+0000] {logging_mixin.py:137} INFO - [2022-11-22T19:34:37.435+0000] {dag.py:2585} INFO - Sync 1 DAGs
[2022-11-22T19:34:37.451+0000] {logging_mixin.py:137} INFO - [2022-11-22T19:34:37.450+0000] {dag.py:3340} INFO - Setting next_dagrun for tutorial_dag to None, run_after=None
[2022-11-22T19:34:37.463+0000] {processor.py:176} INFO - Processing /home/airflow/.local/lib/python3.7/site-packages/airflow/example_dags/tutorial_dag.py took 0.070 seconds
[2022-11-22T19:35:08.310+0000] {processor.py:154} INFO - Started process (PID=1108) to work on /home/airflow/.local/lib/python3.7/site-packages/airflow/example_dags/tutorial_dag.py
[2022-11-22T19:35:08.312+0000] {processor.py:756} INFO - Processing file /home/airflow/.local/lib/python3.7/site-packages/airflow/example_dags/tutorial_dag.py for tasks to queue
[2022-11-22T19:35:08.321+0000] {logging_mixin.py:137} INFO - [2022-11-22T19:35:08.321+0000] {dagbag.py:537} INFO - Filling up the DagBag from /home/airflow/.local/lib/python3.7/site-packages/airflow/example_dags/tutorial_dag.py
[2022-11-22T19:35:08.351+0000] {processor.py:766} INFO - DAG(s) dict_keys(['tutorial_dag']) retrieved from /home/airflow/.local/lib/python3.7/site-packages/airflow/example_dags/tutorial_dag.py
[2022-11-22T19:35:08.399+0000] {logging_mixin.py:137} INFO - [2022-11-22T19:35:08.399+0000] {dag.py:2585} INFO - Sync 1 DAGs
[2022-11-22T19:35:08.424+0000] {logging_mixin.py:137} INFO - [2022-11-22T19:35:08.424+0000] {dag.py:3340} INFO - Setting next_dagrun for tutorial_dag to None, run_after=None
[2022-11-22T19:35:08.444+0000] {processor.py:176} INFO - Processing /home/airflow/.local/lib/python3.7/site-packages/airflow/example_dags/tutorial_dag.py took 0.136 seconds
[2022-11-22T19:35:39.571+0000] {processor.py:154} INFO - Started process (PID=1170) to work on /home/airflow/.local/lib/python3.7/site-packages/airflow/example_dags/tutorial_dag.py
[2022-11-22T19:35:39.576+0000] {processor.py:756} INFO - Processing file /home/airflow/.local/lib/python3.7/site-packages/airflow/example_dags/tutorial_dag.py for tasks to queue
[2022-11-22T19:35:39.578+0000] {logging_mixin.py:137} INFO - [2022-11-22T19:35:39.577+0000] {dagbag.py:537} INFO - Filling up the DagBag from /home/airflow/.local/lib/python3.7/site-packages/airflow/example_dags/tutorial_dag.py
[2022-11-22T19:35:39.587+0000] {processor.py:766} INFO - DAG(s) dict_keys(['tutorial_dag']) retrieved from /home/airflow/.local/lib/python3.7/site-packages/airflow/example_dags/tutorial_dag.py
[2022-11-22T19:35:39.615+0000] {logging_mixin.py:137} INFO - [2022-11-22T19:35:39.614+0000] {dag.py:2585} INFO - Sync 1 DAGs
[2022-11-22T19:35:39.632+0000] {logging_mixin.py:137} INFO - [2022-11-22T19:35:39.632+0000] {dag.py:3340} INFO - Setting next_dagrun for tutorial_dag to None, run_after=None
[2022-11-22T19:35:39.644+0000] {processor.py:176} INFO - Processing /home/airflow/.local/lib/python3.7/site-packages/airflow/example_dags/tutorial_dag.py took 0.076 seconds
[2022-11-22T19:36:09.947+0000] {processor.py:154} INFO - Started process (PID=1232) to work on /home/airflow/.local/lib/python3.7/site-packages/airflow/example_dags/tutorial_dag.py
[2022-11-22T19:36:09.951+0000] {processor.py:756} INFO - Processing file /home/airflow/.local/lib/python3.7/site-packages/airflow/example_dags/tutorial_dag.py for tasks to queue
[2022-11-22T19:36:09.952+0000] {logging_mixin.py:137} INFO - [2022-11-22T19:36:09.952+0000] {dagbag.py:537} INFO - Filling up the DagBag from /home/airflow/.local/lib/python3.7/site-packages/airflow/example_dags/tutorial_dag.py
[2022-11-22T19:36:09.968+0000] {processor.py:766} INFO - DAG(s) dict_keys(['tutorial_dag']) retrieved from /home/airflow/.local/lib/python3.7/site-packages/airflow/example_dags/tutorial_dag.py
[2022-11-22T19:36:10.029+0000] {logging_mixin.py:137} INFO - [2022-11-22T19:36:10.029+0000] {dag.py:2585} INFO - Sync 1 DAGs
[2022-11-22T19:36:10.053+0000] {logging_mixin.py:137} INFO - [2022-11-22T19:36:10.053+0000] {dag.py:3340} INFO - Setting next_dagrun for tutorial_dag to None, run_after=None
[2022-11-22T19:36:10.070+0000] {processor.py:176} INFO - Processing /home/airflow/.local/lib/python3.7/site-packages/airflow/example_dags/tutorial_dag.py took 0.127 seconds
[2022-11-22T19:36:40.116+0000] {processor.py:154} INFO - Started process (PID=1296) to work on /home/airflow/.local/lib/python3.7/site-packages/airflow/example_dags/tutorial_dag.py
[2022-11-22T19:36:40.118+0000] {processor.py:756} INFO - Processing file /home/airflow/.local/lib/python3.7/site-packages/airflow/example_dags/tutorial_dag.py for tasks to queue
[2022-11-22T19:36:40.119+0000] {logging_mixin.py:137} INFO - [2022-11-22T19:36:40.118+0000] {dagbag.py:537} INFO - Filling up the DagBag from /home/airflow/.local/lib/python3.7/site-packages/airflow/example_dags/tutorial_dag.py
[2022-11-22T19:36:40.128+0000] {processor.py:766} INFO - DAG(s) dict_keys(['tutorial_dag']) retrieved from /home/airflow/.local/lib/python3.7/site-packages/airflow/example_dags/tutorial_dag.py
[2022-11-22T19:36:40.156+0000] {logging_mixin.py:137} INFO - [2022-11-22T19:36:40.156+0000] {dag.py:2585} INFO - Sync 1 DAGs
[2022-11-22T19:36:40.173+0000] {logging_mixin.py:137} INFO - [2022-11-22T19:36:40.173+0000] {dag.py:3340} INFO - Setting next_dagrun for tutorial_dag to None, run_after=None
[2022-11-22T19:36:40.187+0000] {processor.py:176} INFO - Processing /home/airflow/.local/lib/python3.7/site-packages/airflow/example_dags/tutorial_dag.py took 0.074 seconds
[2022-11-22T19:37:11.482+0000] {processor.py:154} INFO - Started process (PID=1360) to work on /home/airflow/.local/lib/python3.7/site-packages/airflow/example_dags/tutorial_dag.py
[2022-11-22T19:37:11.484+0000] {processor.py:756} INFO - Processing file /home/airflow/.local/lib/python3.7/site-packages/airflow/example_dags/tutorial_dag.py for tasks to queue
[2022-11-22T19:37:11.485+0000] {logging_mixin.py:137} INFO - [2022-11-22T19:37:11.485+0000] {dagbag.py:537} INFO - Filling up the DagBag from /home/airflow/.local/lib/python3.7/site-packages/airflow/example_dags/tutorial_dag.py
[2022-11-22T19:37:11.496+0000] {processor.py:766} INFO - DAG(s) dict_keys(['tutorial_dag']) retrieved from /home/airflow/.local/lib/python3.7/site-packages/airflow/example_dags/tutorial_dag.py
[2022-11-22T19:37:11.534+0000] {logging_mixin.py:137} INFO - [2022-11-22T19:37:11.534+0000] {dag.py:2585} INFO - Sync 1 DAGs
[2022-11-22T19:37:11.556+0000] {logging_mixin.py:137} INFO - [2022-11-22T19:37:11.555+0000] {dag.py:3340} INFO - Setting next_dagrun for tutorial_dag to None, run_after=None
[2022-11-22T19:37:11.577+0000] {processor.py:176} INFO - Processing /home/airflow/.local/lib/python3.7/site-packages/airflow/example_dags/tutorial_dag.py took 0.099 seconds
[2022-11-22T19:37:41.730+0000] {processor.py:154} INFO - Started process (PID=1414) to work on /home/airflow/.local/lib/python3.7/site-packages/airflow/example_dags/tutorial_dag.py
[2022-11-22T19:37:41.732+0000] {processor.py:756} INFO - Processing file /home/airflow/.local/lib/python3.7/site-packages/airflow/example_dags/tutorial_dag.py for tasks to queue
[2022-11-22T19:37:41.733+0000] {logging_mixin.py:137} INFO - [2022-11-22T19:37:41.733+0000] {dagbag.py:537} INFO - Filling up the DagBag from /home/airflow/.local/lib/python3.7/site-packages/airflow/example_dags/tutorial_dag.py
[2022-11-22T19:37:41.742+0000] {processor.py:766} INFO - DAG(s) dict_keys(['tutorial_dag']) retrieved from /home/airflow/.local/lib/python3.7/site-packages/airflow/example_dags/tutorial_dag.py
[2022-11-22T19:37:41.775+0000] {logging_mixin.py:137} INFO - [2022-11-22T19:37:41.775+0000] {dag.py:2585} INFO - Sync 1 DAGs
[2022-11-22T19:37:41.794+0000] {logging_mixin.py:137} INFO - [2022-11-22T19:37:41.793+0000] {dag.py:3340} INFO - Setting next_dagrun for tutorial_dag to None, run_after=None
[2022-11-22T19:37:41.807+0000] {processor.py:176} INFO - Processing /home/airflow/.local/lib/python3.7/site-packages/airflow/example_dags/tutorial_dag.py took 0.080 seconds
[2022-11-22T19:38:12.574+0000] {processor.py:154} INFO - Started process (PID=1477) to work on /home/airflow/.local/lib/python3.7/site-packages/airflow/example_dags/tutorial_dag.py
[2022-11-22T19:38:12.576+0000] {processor.py:756} INFO - Processing file /home/airflow/.local/lib/python3.7/site-packages/airflow/example_dags/tutorial_dag.py for tasks to queue
[2022-11-22T19:38:12.579+0000] {logging_mixin.py:137} INFO - [2022-11-22T19:38:12.579+0000] {dagbag.py:537} INFO - Filling up the DagBag from /home/airflow/.local/lib/python3.7/site-packages/airflow/example_dags/tutorial_dag.py
[2022-11-22T19:38:12.590+0000] {processor.py:766} INFO - DAG(s) dict_keys(['tutorial_dag']) retrieved from /home/airflow/.local/lib/python3.7/site-packages/airflow/example_dags/tutorial_dag.py
[2022-11-22T19:38:12.624+0000] {logging_mixin.py:137} INFO - [2022-11-22T19:38:12.624+0000] {dag.py:2585} INFO - Sync 1 DAGs
[2022-11-22T19:38:12.646+0000] {logging_mixin.py:137} INFO - [2022-11-22T19:38:12.646+0000] {dag.py:3340} INFO - Setting next_dagrun for tutorial_dag to None, run_after=None
[2022-11-22T19:38:12.668+0000] {processor.py:176} INFO - Processing /home/airflow/.local/lib/python3.7/site-packages/airflow/example_dags/tutorial_dag.py took 0.096 seconds
[2022-11-22T19:38:44.216+0000] {processor.py:154} INFO - Started process (PID=1540) to work on /home/airflow/.local/lib/python3.7/site-packages/airflow/example_dags/tutorial_dag.py
[2022-11-22T19:38:44.218+0000] {processor.py:756} INFO - Processing file /home/airflow/.local/lib/python3.7/site-packages/airflow/example_dags/tutorial_dag.py for tasks to queue
[2022-11-22T19:38:44.222+0000] {logging_mixin.py:137} INFO - [2022-11-22T19:38:44.221+0000] {dagbag.py:537} INFO - Filling up the DagBag from /home/airflow/.local/lib/python3.7/site-packages/airflow/example_dags/tutorial_dag.py
[2022-11-22T19:38:44.268+0000] {processor.py:766} INFO - DAG(s) dict_keys(['tutorial_dag']) retrieved from /home/airflow/.local/lib/python3.7/site-packages/airflow/example_dags/tutorial_dag.py
[2022-11-22T19:38:44.445+0000] {logging_mixin.py:137} INFO - [2022-11-22T19:38:44.444+0000] {dag.py:2585} INFO - Sync 1 DAGs
[2022-11-22T19:38:44.540+0000] {logging_mixin.py:137} INFO - [2022-11-22T19:38:44.539+0000] {dag.py:3340} INFO - Setting next_dagrun for tutorial_dag to None, run_after=None
[2022-11-22T19:38:44.631+0000] {processor.py:176} INFO - Processing /home/airflow/.local/lib/python3.7/site-packages/airflow/example_dags/tutorial_dag.py took 0.418 seconds
[2022-11-22T19:39:15.214+0000] {processor.py:154} INFO - Started process (PID=1603) to work on /home/airflow/.local/lib/python3.7/site-packages/airflow/example_dags/tutorial_dag.py
[2022-11-22T19:39:15.217+0000] {processor.py:756} INFO - Processing file /home/airflow/.local/lib/python3.7/site-packages/airflow/example_dags/tutorial_dag.py for tasks to queue
[2022-11-22T19:39:15.218+0000] {logging_mixin.py:137} INFO - [2022-11-22T19:39:15.218+0000] {dagbag.py:537} INFO - Filling up the DagBag from /home/airflow/.local/lib/python3.7/site-packages/airflow/example_dags/tutorial_dag.py
[2022-11-22T19:39:15.240+0000] {processor.py:766} INFO - DAG(s) dict_keys(['tutorial_dag']) retrieved from /home/airflow/.local/lib/python3.7/site-packages/airflow/example_dags/tutorial_dag.py
[2022-11-22T19:39:15.297+0000] {logging_mixin.py:137} INFO - [2022-11-22T19:39:15.297+0000] {dag.py:2585} INFO - Sync 1 DAGs
[2022-11-22T19:39:15.319+0000] {logging_mixin.py:137} INFO - [2022-11-22T19:39:15.319+0000] {dag.py:3340} INFO - Setting next_dagrun for tutorial_dag to None, run_after=None
[2022-11-22T19:39:15.334+0000] {processor.py:176} INFO - Processing /home/airflow/.local/lib/python3.7/site-packages/airflow/example_dags/tutorial_dag.py took 0.130 seconds
[2022-11-22T19:39:45.481+0000] {processor.py:154} INFO - Started process (PID=1658) to work on /home/airflow/.local/lib/python3.7/site-packages/airflow/example_dags/tutorial_dag.py
[2022-11-22T19:39:45.484+0000] {processor.py:756} INFO - Processing file /home/airflow/.local/lib/python3.7/site-packages/airflow/example_dags/tutorial_dag.py for tasks to queue
[2022-11-22T19:39:45.485+0000] {logging_mixin.py:137} INFO - [2022-11-22T19:39:45.485+0000] {dagbag.py:537} INFO - Filling up the DagBag from /home/airflow/.local/lib/python3.7/site-packages/airflow/example_dags/tutorial_dag.py
[2022-11-22T19:39:45.501+0000] {processor.py:766} INFO - DAG(s) dict_keys(['tutorial_dag']) retrieved from /home/airflow/.local/lib/python3.7/site-packages/airflow/example_dags/tutorial_dag.py
[2022-11-22T19:39:45.533+0000] {logging_mixin.py:137} INFO - [2022-11-22T19:39:45.533+0000] {dag.py:2585} INFO - Sync 1 DAGs
[2022-11-22T19:39:45.549+0000] {logging_mixin.py:137} INFO - [2022-11-22T19:39:45.549+0000] {dag.py:3340} INFO - Setting next_dagrun for tutorial_dag to None, run_after=None
[2022-11-22T19:39:45.560+0000] {processor.py:176} INFO - Processing /home/airflow/.local/lib/python3.7/site-packages/airflow/example_dags/tutorial_dag.py took 0.085 seconds
[2022-11-22T19:40:15.886+0000] {processor.py:154} INFO - Started process (PID=1722) to work on /home/airflow/.local/lib/python3.7/site-packages/airflow/example_dags/tutorial_dag.py
[2022-11-22T19:40:15.888+0000] {processor.py:756} INFO - Processing file /home/airflow/.local/lib/python3.7/site-packages/airflow/example_dags/tutorial_dag.py for tasks to queue
[2022-11-22T19:40:15.889+0000] {logging_mixin.py:137} INFO - [2022-11-22T19:40:15.889+0000] {dagbag.py:537} INFO - Filling up the DagBag from /home/airflow/.local/lib/python3.7/site-packages/airflow/example_dags/tutorial_dag.py
[2022-11-22T19:40:15.900+0000] {processor.py:766} INFO - DAG(s) dict_keys(['tutorial_dag']) retrieved from /home/airflow/.local/lib/python3.7/site-packages/airflow/example_dags/tutorial_dag.py
[2022-11-22T19:40:15.938+0000] {logging_mixin.py:137} INFO - [2022-11-22T19:40:15.937+0000] {dag.py:2585} INFO - Sync 1 DAGs
[2022-11-22T19:40:15.966+0000] {logging_mixin.py:137} INFO - [2022-11-22T19:40:15.966+0000] {dag.py:3340} INFO - Setting next_dagrun for tutorial_dag to None, run_after=None
[2022-11-22T19:40:15.982+0000] {processor.py:176} INFO - Processing /home/airflow/.local/lib/python3.7/site-packages/airflow/example_dags/tutorial_dag.py took 0.098 seconds
[2022-11-22T19:40:46.174+0000] {processor.py:154} INFO - Started process (PID=1785) to work on /home/airflow/.local/lib/python3.7/site-packages/airflow/example_dags/tutorial_dag.py
[2022-11-22T19:40:46.176+0000] {processor.py:756} INFO - Processing file /home/airflow/.local/lib/python3.7/site-packages/airflow/example_dags/tutorial_dag.py for tasks to queue
[2022-11-22T19:40:46.179+0000] {logging_mixin.py:137} INFO - [2022-11-22T19:40:46.179+0000] {dagbag.py:537} INFO - Filling up the DagBag from /home/airflow/.local/lib/python3.7/site-packages/airflow/example_dags/tutorial_dag.py
[2022-11-22T19:40:46.201+0000] {processor.py:766} INFO - DAG(s) dict_keys(['tutorial_dag']) retrieved from /home/airflow/.local/lib/python3.7/site-packages/airflow/example_dags/tutorial_dag.py
[2022-11-22T19:40:46.253+0000] {logging_mixin.py:137} INFO - [2022-11-22T19:40:46.253+0000] {dag.py:2585} INFO - Sync 1 DAGs
[2022-11-22T19:40:46.274+0000] {logging_mixin.py:137} INFO - [2022-11-22T19:40:46.274+0000] {dag.py:3340} INFO - Setting next_dagrun for tutorial_dag to None, run_after=None
[2022-11-22T19:40:46.295+0000] {processor.py:176} INFO - Processing /home/airflow/.local/lib/python3.7/site-packages/airflow/example_dags/tutorial_dag.py took 0.125 seconds
[2022-11-22T19:41:17.326+0000] {processor.py:154} INFO - Started process (PID=1849) to work on /home/airflow/.local/lib/python3.7/site-packages/airflow/example_dags/tutorial_dag.py
[2022-11-22T19:41:17.328+0000] {processor.py:756} INFO - Processing file /home/airflow/.local/lib/python3.7/site-packages/airflow/example_dags/tutorial_dag.py for tasks to queue
[2022-11-22T19:41:17.329+0000] {logging_mixin.py:137} INFO - [2022-11-22T19:41:17.329+0000] {dagbag.py:537} INFO - Filling up the DagBag from /home/airflow/.local/lib/python3.7/site-packages/airflow/example_dags/tutorial_dag.py
[2022-11-22T19:41:17.358+0000] {processor.py:766} INFO - DAG(s) dict_keys(['tutorial_dag']) retrieved from /home/airflow/.local/lib/python3.7/site-packages/airflow/example_dags/tutorial_dag.py
[2022-11-22T19:41:17.427+0000] {logging_mixin.py:137} INFO - [2022-11-22T19:41:17.427+0000] {dag.py:2585} INFO - Sync 1 DAGs
[2022-11-22T19:41:17.450+0000] {logging_mixin.py:137} INFO - [2022-11-22T19:41:17.450+0000] {dag.py:3340} INFO - Setting next_dagrun for tutorial_dag to None, run_after=None
[2022-11-22T19:41:17.466+0000] {processor.py:176} INFO - Processing /home/airflow/.local/lib/python3.7/site-packages/airflow/example_dags/tutorial_dag.py took 0.143 seconds
[2022-11-22T19:41:48.509+0000] {processor.py:154} INFO - Started process (PID=1913) to work on /home/airflow/.local/lib/python3.7/site-packages/airflow/example_dags/tutorial_dag.py
[2022-11-22T19:41:48.514+0000] {processor.py:756} INFO - Processing file /home/airflow/.local/lib/python3.7/site-packages/airflow/example_dags/tutorial_dag.py for tasks to queue
[2022-11-22T19:41:48.516+0000] {logging_mixin.py:137} INFO - [2022-11-22T19:41:48.516+0000] {dagbag.py:537} INFO - Filling up the DagBag from /home/airflow/.local/lib/python3.7/site-packages/airflow/example_dags/tutorial_dag.py
[2022-11-22T19:41:48.539+0000] {processor.py:766} INFO - DAG(s) dict_keys(['tutorial_dag']) retrieved from /home/airflow/.local/lib/python3.7/site-packages/airflow/example_dags/tutorial_dag.py
[2022-11-22T19:41:48.643+0000] {logging_mixin.py:137} INFO - [2022-11-22T19:41:48.643+0000] {dag.py:2585} INFO - Sync 1 DAGs
[2022-11-22T19:41:48.682+0000] {logging_mixin.py:137} INFO - [2022-11-22T19:41:48.681+0000] {dag.py:3340} INFO - Setting next_dagrun for tutorial_dag to None, run_after=None
[2022-11-22T19:41:48.720+0000] {processor.py:176} INFO - Processing /home/airflow/.local/lib/python3.7/site-packages/airflow/example_dags/tutorial_dag.py took 0.216 seconds
[2022-11-22T19:42:19.050+0000] {processor.py:154} INFO - Started process (PID=1967) to work on /home/airflow/.local/lib/python3.7/site-packages/airflow/example_dags/tutorial_dag.py
[2022-11-22T19:42:19.055+0000] {processor.py:756} INFO - Processing file /home/airflow/.local/lib/python3.7/site-packages/airflow/example_dags/tutorial_dag.py for tasks to queue
[2022-11-22T19:42:19.057+0000] {logging_mixin.py:137} INFO - [2022-11-22T19:42:19.057+0000] {dagbag.py:537} INFO - Filling up the DagBag from /home/airflow/.local/lib/python3.7/site-packages/airflow/example_dags/tutorial_dag.py
[2022-11-22T19:42:19.076+0000] {processor.py:766} INFO - DAG(s) dict_keys(['tutorial_dag']) retrieved from /home/airflow/.local/lib/python3.7/site-packages/airflow/example_dags/tutorial_dag.py
[2022-11-22T19:42:19.146+0000] {logging_mixin.py:137} INFO - [2022-11-22T19:42:19.145+0000] {dag.py:2585} INFO - Sync 1 DAGs
[2022-11-22T19:42:19.174+0000] {logging_mixin.py:137} INFO - [2022-11-22T19:42:19.173+0000] {dag.py:3340} INFO - Setting next_dagrun for tutorial_dag to None, run_after=None
[2022-11-22T19:42:19.188+0000] {processor.py:176} INFO - Processing /home/airflow/.local/lib/python3.7/site-packages/airflow/example_dags/tutorial_dag.py took 0.141 seconds
[2022-11-22T19:42:50.052+0000] {processor.py:154} INFO - Started process (PID=2030) to work on /home/airflow/.local/lib/python3.7/site-packages/airflow/example_dags/tutorial_dag.py
[2022-11-22T19:42:50.054+0000] {processor.py:756} INFO - Processing file /home/airflow/.local/lib/python3.7/site-packages/airflow/example_dags/tutorial_dag.py for tasks to queue
[2022-11-22T19:42:50.057+0000] {logging_mixin.py:137} INFO - [2022-11-22T19:42:50.056+0000] {dagbag.py:537} INFO - Filling up the DagBag from /home/airflow/.local/lib/python3.7/site-packages/airflow/example_dags/tutorial_dag.py
[2022-11-22T19:42:50.072+0000] {processor.py:766} INFO - DAG(s) dict_keys(['tutorial_dag']) retrieved from /home/airflow/.local/lib/python3.7/site-packages/airflow/example_dags/tutorial_dag.py
[2022-11-22T19:42:50.106+0000] {logging_mixin.py:137} INFO - [2022-11-22T19:42:50.106+0000] {dag.py:2585} INFO - Sync 1 DAGs
[2022-11-22T19:42:50.122+0000] {logging_mixin.py:137} INFO - [2022-11-22T19:42:50.122+0000] {dag.py:3340} INFO - Setting next_dagrun for tutorial_dag to None, run_after=None
[2022-11-22T19:42:50.135+0000] {processor.py:176} INFO - Processing /home/airflow/.local/lib/python3.7/site-packages/airflow/example_dags/tutorial_dag.py took 0.086 seconds
[2022-11-22T19:43:20.903+0000] {processor.py:154} INFO - Started process (PID=2093) to work on /home/airflow/.local/lib/python3.7/site-packages/airflow/example_dags/tutorial_dag.py
[2022-11-22T19:43:20.906+0000] {processor.py:756} INFO - Processing file /home/airflow/.local/lib/python3.7/site-packages/airflow/example_dags/tutorial_dag.py for tasks to queue
[2022-11-22T19:43:20.912+0000] {logging_mixin.py:137} INFO - [2022-11-22T19:43:20.912+0000] {dagbag.py:537} INFO - Filling up the DagBag from /home/airflow/.local/lib/python3.7/site-packages/airflow/example_dags/tutorial_dag.py
[2022-11-22T19:43:20.949+0000] {processor.py:766} INFO - DAG(s) dict_keys(['tutorial_dag']) retrieved from /home/airflow/.local/lib/python3.7/site-packages/airflow/example_dags/tutorial_dag.py
[2022-11-22T19:43:21.038+0000] {logging_mixin.py:137} INFO - [2022-11-22T19:43:21.038+0000] {dag.py:2585} INFO - Sync 1 DAGs
[2022-11-22T19:43:21.062+0000] {logging_mixin.py:137} INFO - [2022-11-22T19:43:21.061+0000] {dag.py:3340} INFO - Setting next_dagrun for tutorial_dag to None, run_after=None
[2022-11-22T19:43:21.083+0000] {processor.py:176} INFO - Processing /home/airflow/.local/lib/python3.7/site-packages/airflow/example_dags/tutorial_dag.py took 0.185 seconds
[2022-11-22T19:43:51.161+0000] {processor.py:154} INFO - Started process (PID=2156) to work on /home/airflow/.local/lib/python3.7/site-packages/airflow/example_dags/tutorial_dag.py
[2022-11-22T19:43:51.164+0000] {processor.py:756} INFO - Processing file /home/airflow/.local/lib/python3.7/site-packages/airflow/example_dags/tutorial_dag.py for tasks to queue
[2022-11-22T19:43:51.168+0000] {logging_mixin.py:137} INFO - [2022-11-22T19:43:51.167+0000] {dagbag.py:537} INFO - Filling up the DagBag from /home/airflow/.local/lib/python3.7/site-packages/airflow/example_dags/tutorial_dag.py
[2022-11-22T19:43:51.189+0000] {processor.py:766} INFO - DAG(s) dict_keys(['tutorial_dag']) retrieved from /home/airflow/.local/lib/python3.7/site-packages/airflow/example_dags/tutorial_dag.py
[2022-11-22T19:43:51.236+0000] {logging_mixin.py:137} INFO - [2022-11-22T19:43:51.236+0000] {dag.py:2585} INFO - Sync 1 DAGs
[2022-11-22T19:43:51.253+0000] {logging_mixin.py:137} INFO - [2022-11-22T19:43:51.253+0000] {dag.py:3340} INFO - Setting next_dagrun for tutorial_dag to None, run_after=None
[2022-11-22T19:43:51.264+0000] {processor.py:176} INFO - Processing /home/airflow/.local/lib/python3.7/site-packages/airflow/example_dags/tutorial_dag.py took 0.108 seconds
[2022-11-22T19:44:21.328+0000] {processor.py:154} INFO - Started process (PID=2210) to work on /home/airflow/.local/lib/python3.7/site-packages/airflow/example_dags/tutorial_dag.py
[2022-11-22T19:44:21.329+0000] {processor.py:756} INFO - Processing file /home/airflow/.local/lib/python3.7/site-packages/airflow/example_dags/tutorial_dag.py for tasks to queue
[2022-11-22T19:44:21.330+0000] {logging_mixin.py:137} INFO - [2022-11-22T19:44:21.330+0000] {dagbag.py:537} INFO - Filling up the DagBag from /home/airflow/.local/lib/python3.7/site-packages/airflow/example_dags/tutorial_dag.py
[2022-11-22T19:44:21.340+0000] {processor.py:766} INFO - DAG(s) dict_keys(['tutorial_dag']) retrieved from /home/airflow/.local/lib/python3.7/site-packages/airflow/example_dags/tutorial_dag.py
[2022-11-22T19:44:21.372+0000] {logging_mixin.py:137} INFO - [2022-11-22T19:44:21.372+0000] {dag.py:2585} INFO - Sync 1 DAGs
[2022-11-22T19:44:21.387+0000] {logging_mixin.py:137} INFO - [2022-11-22T19:44:21.387+0000] {dag.py:3340} INFO - Setting next_dagrun for tutorial_dag to None, run_after=None
[2022-11-22T19:44:21.399+0000] {processor.py:176} INFO - Processing /home/airflow/.local/lib/python3.7/site-packages/airflow/example_dags/tutorial_dag.py took 0.074 seconds
[2022-11-22T19:44:51.547+0000] {processor.py:154} INFO - Started process (PID=2273) to work on /home/airflow/.local/lib/python3.7/site-packages/airflow/example_dags/tutorial_dag.py
[2022-11-22T19:44:51.549+0000] {processor.py:756} INFO - Processing file /home/airflow/.local/lib/python3.7/site-packages/airflow/example_dags/tutorial_dag.py for tasks to queue
[2022-11-22T19:44:51.551+0000] {logging_mixin.py:137} INFO - [2022-11-22T19:44:51.551+0000] {dagbag.py:537} INFO - Filling up the DagBag from /home/airflow/.local/lib/python3.7/site-packages/airflow/example_dags/tutorial_dag.py
[2022-11-22T19:44:51.569+0000] {processor.py:766} INFO - DAG(s) dict_keys(['tutorial_dag']) retrieved from /home/airflow/.local/lib/python3.7/site-packages/airflow/example_dags/tutorial_dag.py
[2022-11-22T19:44:51.607+0000] {logging_mixin.py:137} INFO - [2022-11-22T19:44:51.607+0000] {dag.py:2585} INFO - Sync 1 DAGs
[2022-11-22T19:44:51.626+0000] {logging_mixin.py:137} INFO - [2022-11-22T19:44:51.626+0000] {dag.py:3340} INFO - Setting next_dagrun for tutorial_dag to None, run_after=None
[2022-11-22T19:44:51.639+0000] {processor.py:176} INFO - Processing /home/airflow/.local/lib/python3.7/site-packages/airflow/example_dags/tutorial_dag.py took 0.097 seconds
[2022-11-22T19:45:21.747+0000] {processor.py:154} INFO - Started process (PID=2337) to work on /home/airflow/.local/lib/python3.7/site-packages/airflow/example_dags/tutorial_dag.py
[2022-11-22T19:45:21.749+0000] {processor.py:756} INFO - Processing file /home/airflow/.local/lib/python3.7/site-packages/airflow/example_dags/tutorial_dag.py for tasks to queue
[2022-11-22T19:45:21.750+0000] {logging_mixin.py:137} INFO - [2022-11-22T19:45:21.750+0000] {dagbag.py:537} INFO - Filling up the DagBag from /home/airflow/.local/lib/python3.7/site-packages/airflow/example_dags/tutorial_dag.py
[2022-11-22T19:45:21.764+0000] {processor.py:766} INFO - DAG(s) dict_keys(['tutorial_dag']) retrieved from /home/airflow/.local/lib/python3.7/site-packages/airflow/example_dags/tutorial_dag.py
[2022-11-22T19:45:21.800+0000] {logging_mixin.py:137} INFO - [2022-11-22T19:45:21.800+0000] {dag.py:2585} INFO - Sync 1 DAGs
[2022-11-22T19:45:21.821+0000] {logging_mixin.py:137} INFO - [2022-11-22T19:45:21.821+0000] {dag.py:3340} INFO - Setting next_dagrun for tutorial_dag to None, run_after=None
[2022-11-22T19:45:21.835+0000] {processor.py:176} INFO - Processing /home/airflow/.local/lib/python3.7/site-packages/airflow/example_dags/tutorial_dag.py took 0.092 seconds
[2022-11-22T19:45:52.477+0000] {processor.py:154} INFO - Started process (PID=2401) to work on /home/airflow/.local/lib/python3.7/site-packages/airflow/example_dags/tutorial_dag.py
[2022-11-22T19:45:52.479+0000] {processor.py:756} INFO - Processing file /home/airflow/.local/lib/python3.7/site-packages/airflow/example_dags/tutorial_dag.py for tasks to queue
[2022-11-22T19:45:52.481+0000] {logging_mixin.py:137} INFO - [2022-11-22T19:45:52.481+0000] {dagbag.py:537} INFO - Filling up the DagBag from /home/airflow/.local/lib/python3.7/site-packages/airflow/example_dags/tutorial_dag.py
[2022-11-22T19:45:52.498+0000] {processor.py:766} INFO - DAG(s) dict_keys(['tutorial_dag']) retrieved from /home/airflow/.local/lib/python3.7/site-packages/airflow/example_dags/tutorial_dag.py
[2022-11-22T19:45:52.540+0000] {logging_mixin.py:137} INFO - [2022-11-22T19:45:52.539+0000] {dag.py:2585} INFO - Sync 1 DAGs
[2022-11-22T19:45:52.558+0000] {logging_mixin.py:137} INFO - [2022-11-22T19:45:52.558+0000] {dag.py:3340} INFO - Setting next_dagrun for tutorial_dag to None, run_after=None
[2022-11-22T19:45:52.574+0000] {processor.py:176} INFO - Processing /home/airflow/.local/lib/python3.7/site-packages/airflow/example_dags/tutorial_dag.py took 0.100 seconds
[2022-11-22T19:46:23.047+0000] {processor.py:154} INFO - Started process (PID=2456) to work on /home/airflow/.local/lib/python3.7/site-packages/airflow/example_dags/tutorial_dag.py
[2022-11-22T19:46:23.048+0000] {processor.py:756} INFO - Processing file /home/airflow/.local/lib/python3.7/site-packages/airflow/example_dags/tutorial_dag.py for tasks to queue
[2022-11-22T19:46:23.050+0000] {logging_mixin.py:137} INFO - [2022-11-22T19:46:23.049+0000] {dagbag.py:537} INFO - Filling up the DagBag from /home/airflow/.local/lib/python3.7/site-packages/airflow/example_dags/tutorial_dag.py
[2022-11-22T19:46:23.065+0000] {processor.py:766} INFO - DAG(s) dict_keys(['tutorial_dag']) retrieved from /home/airflow/.local/lib/python3.7/site-packages/airflow/example_dags/tutorial_dag.py
[2022-11-22T19:46:23.103+0000] {logging_mixin.py:137} INFO - [2022-11-22T19:46:23.102+0000] {dag.py:2585} INFO - Sync 1 DAGs
[2022-11-22T19:46:23.124+0000] {logging_mixin.py:137} INFO - [2022-11-22T19:46:23.124+0000] {dag.py:3340} INFO - Setting next_dagrun for tutorial_dag to None, run_after=None
[2022-11-22T19:46:23.140+0000] {processor.py:176} INFO - Processing /home/airflow/.local/lib/python3.7/site-packages/airflow/example_dags/tutorial_dag.py took 0.097 seconds
[2022-11-22T19:46:53.767+0000] {processor.py:154} INFO - Started process (PID=2518) to work on /home/airflow/.local/lib/python3.7/site-packages/airflow/example_dags/tutorial_dag.py
[2022-11-22T19:46:53.769+0000] {processor.py:756} INFO - Processing file /home/airflow/.local/lib/python3.7/site-packages/airflow/example_dags/tutorial_dag.py for tasks to queue
[2022-11-22T19:46:53.770+0000] {logging_mixin.py:137} INFO - [2022-11-22T19:46:53.770+0000] {dagbag.py:537} INFO - Filling up the DagBag from /home/airflow/.local/lib/python3.7/site-packages/airflow/example_dags/tutorial_dag.py
[2022-11-22T19:46:53.787+0000] {processor.py:766} INFO - DAG(s) dict_keys(['tutorial_dag']) retrieved from /home/airflow/.local/lib/python3.7/site-packages/airflow/example_dags/tutorial_dag.py
[2022-11-22T19:46:53.858+0000] {logging_mixin.py:137} INFO - [2022-11-22T19:46:53.858+0000] {dag.py:2585} INFO - Sync 1 DAGs
[2022-11-22T19:46:53.888+0000] {logging_mixin.py:137} INFO - [2022-11-22T19:46:53.888+0000] {dag.py:3340} INFO - Setting next_dagrun for tutorial_dag to None, run_after=None
[2022-11-22T19:46:53.910+0000] {processor.py:176} INFO - Processing /home/airflow/.local/lib/python3.7/site-packages/airflow/example_dags/tutorial_dag.py took 0.146 seconds
[2022-11-22T19:47:24.150+0000] {processor.py:154} INFO - Started process (PID=2581) to work on /home/airflow/.local/lib/python3.7/site-packages/airflow/example_dags/tutorial_dag.py
[2022-11-22T19:47:24.152+0000] {processor.py:756} INFO - Processing file /home/airflow/.local/lib/python3.7/site-packages/airflow/example_dags/tutorial_dag.py for tasks to queue
[2022-11-22T19:47:24.154+0000] {logging_mixin.py:137} INFO - [2022-11-22T19:47:24.154+0000] {dagbag.py:537} INFO - Filling up the DagBag from /home/airflow/.local/lib/python3.7/site-packages/airflow/example_dags/tutorial_dag.py
[2022-11-22T19:47:24.167+0000] {processor.py:766} INFO - DAG(s) dict_keys(['tutorial_dag']) retrieved from /home/airflow/.local/lib/python3.7/site-packages/airflow/example_dags/tutorial_dag.py
[2022-11-22T19:47:24.204+0000] {logging_mixin.py:137} INFO - [2022-11-22T19:47:24.204+0000] {dag.py:2585} INFO - Sync 1 DAGs
[2022-11-22T19:47:24.252+0000] {logging_mixin.py:137} INFO - [2022-11-22T19:47:24.252+0000] {dag.py:3340} INFO - Setting next_dagrun for tutorial_dag to None, run_after=None
[2022-11-22T19:47:24.301+0000] {processor.py:176} INFO - Processing /home/airflow/.local/lib/python3.7/site-packages/airflow/example_dags/tutorial_dag.py took 0.155 seconds
[2022-11-22T19:47:54.664+0000] {processor.py:154} INFO - Started process (PID=2643) to work on /home/airflow/.local/lib/python3.7/site-packages/airflow/example_dags/tutorial_dag.py
[2022-11-22T19:47:54.680+0000] {processor.py:756} INFO - Processing file /home/airflow/.local/lib/python3.7/site-packages/airflow/example_dags/tutorial_dag.py for tasks to queue
[2022-11-22T19:47:54.685+0000] {logging_mixin.py:137} INFO - [2022-11-22T19:47:54.685+0000] {dagbag.py:537} INFO - Filling up the DagBag from /home/airflow/.local/lib/python3.7/site-packages/airflow/example_dags/tutorial_dag.py
[2022-11-22T19:47:54.714+0000] {processor.py:766} INFO - DAG(s) dict_keys(['tutorial_dag']) retrieved from /home/airflow/.local/lib/python3.7/site-packages/airflow/example_dags/tutorial_dag.py
[2022-11-22T19:47:54.756+0000] {logging_mixin.py:137} INFO - [2022-11-22T19:47:54.755+0000] {dag.py:2585} INFO - Sync 1 DAGs
[2022-11-22T19:47:54.779+0000] {logging_mixin.py:137} INFO - [2022-11-22T19:47:54.779+0000] {dag.py:3340} INFO - Setting next_dagrun for tutorial_dag to None, run_after=None
[2022-11-22T19:47:54.792+0000] {processor.py:176} INFO - Processing /home/airflow/.local/lib/python3.7/site-packages/airflow/example_dags/tutorial_dag.py took 0.132 seconds
[2022-11-22T19:48:25.325+0000] {processor.py:154} INFO - Started process (PID=2696) to work on /home/airflow/.local/lib/python3.7/site-packages/airflow/example_dags/tutorial_dag.py
[2022-11-22T19:48:25.329+0000] {processor.py:756} INFO - Processing file /home/airflow/.local/lib/python3.7/site-packages/airflow/example_dags/tutorial_dag.py for tasks to queue
[2022-11-22T19:48:25.330+0000] {logging_mixin.py:137} INFO - [2022-11-22T19:48:25.330+0000] {dagbag.py:537} INFO - Filling up the DagBag from /home/airflow/.local/lib/python3.7/site-packages/airflow/example_dags/tutorial_dag.py
[2022-11-22T19:48:25.370+0000] {processor.py:766} INFO - DAG(s) dict_keys(['tutorial_dag']) retrieved from /home/airflow/.local/lib/python3.7/site-packages/airflow/example_dags/tutorial_dag.py
[2022-11-22T19:48:25.455+0000] {logging_mixin.py:137} INFO - [2022-11-22T19:48:25.455+0000] {dag.py:2585} INFO - Sync 1 DAGs
[2022-11-22T19:48:25.483+0000] {logging_mixin.py:137} INFO - [2022-11-22T19:48:25.483+0000] {dag.py:3340} INFO - Setting next_dagrun for tutorial_dag to None, run_after=None
[2022-11-22T19:48:25.501+0000] {processor.py:176} INFO - Processing /home/airflow/.local/lib/python3.7/site-packages/airflow/example_dags/tutorial_dag.py took 0.180 seconds
[2022-11-22T19:48:55.578+0000] {processor.py:154} INFO - Started process (PID=2759) to work on /home/airflow/.local/lib/python3.7/site-packages/airflow/example_dags/tutorial_dag.py
[2022-11-22T19:48:55.580+0000] {processor.py:756} INFO - Processing file /home/airflow/.local/lib/python3.7/site-packages/airflow/example_dags/tutorial_dag.py for tasks to queue
[2022-11-22T19:48:55.582+0000] {logging_mixin.py:137} INFO - [2022-11-22T19:48:55.582+0000] {dagbag.py:537} INFO - Filling up the DagBag from /home/airflow/.local/lib/python3.7/site-packages/airflow/example_dags/tutorial_dag.py
[2022-11-22T19:48:55.598+0000] {processor.py:766} INFO - DAG(s) dict_keys(['tutorial_dag']) retrieved from /home/airflow/.local/lib/python3.7/site-packages/airflow/example_dags/tutorial_dag.py
[2022-11-22T19:48:55.631+0000] {logging_mixin.py:137} INFO - [2022-11-22T19:48:55.631+0000] {dag.py:2585} INFO - Sync 1 DAGs
[2022-11-22T19:48:55.647+0000] {logging_mixin.py:137} INFO - [2022-11-22T19:48:55.647+0000] {dag.py:3340} INFO - Setting next_dagrun for tutorial_dag to None, run_after=None
[2022-11-22T19:48:55.660+0000] {processor.py:176} INFO - Processing /home/airflow/.local/lib/python3.7/site-packages/airflow/example_dags/tutorial_dag.py took 0.086 seconds
[2022-11-22T19:49:25.767+0000] {processor.py:154} INFO - Started process (PID=2822) to work on /home/airflow/.local/lib/python3.7/site-packages/airflow/example_dags/tutorial_dag.py
[2022-11-22T19:49:25.769+0000] {processor.py:756} INFO - Processing file /home/airflow/.local/lib/python3.7/site-packages/airflow/example_dags/tutorial_dag.py for tasks to queue
[2022-11-22T19:49:25.770+0000] {logging_mixin.py:137} INFO - [2022-11-22T19:49:25.770+0000] {dagbag.py:537} INFO - Filling up the DagBag from /home/airflow/.local/lib/python3.7/site-packages/airflow/example_dags/tutorial_dag.py
[2022-11-22T19:49:25.781+0000] {processor.py:766} INFO - DAG(s) dict_keys(['tutorial_dag']) retrieved from /home/airflow/.local/lib/python3.7/site-packages/airflow/example_dags/tutorial_dag.py
[2022-11-22T19:49:25.809+0000] {logging_mixin.py:137} INFO - [2022-11-22T19:49:25.809+0000] {dag.py:2585} INFO - Sync 1 DAGs
[2022-11-22T19:49:25.824+0000] {logging_mixin.py:137} INFO - [2022-11-22T19:49:25.824+0000] {dag.py:3340} INFO - Setting next_dagrun for tutorial_dag to None, run_after=None
[2022-11-22T19:49:25.837+0000] {processor.py:176} INFO - Processing /home/airflow/.local/lib/python3.7/site-packages/airflow/example_dags/tutorial_dag.py took 0.073 seconds
[2022-11-22T19:49:56.608+0000] {processor.py:154} INFO - Started process (PID=2886) to work on /home/airflow/.local/lib/python3.7/site-packages/airflow/example_dags/tutorial_dag.py
[2022-11-22T19:49:56.612+0000] {processor.py:756} INFO - Processing file /home/airflow/.local/lib/python3.7/site-packages/airflow/example_dags/tutorial_dag.py for tasks to queue
[2022-11-22T19:49:56.614+0000] {logging_mixin.py:137} INFO - [2022-11-22T19:49:56.613+0000] {dagbag.py:537} INFO - Filling up the DagBag from /home/airflow/.local/lib/python3.7/site-packages/airflow/example_dags/tutorial_dag.py
[2022-11-22T19:49:56.629+0000] {processor.py:766} INFO - DAG(s) dict_keys(['tutorial_dag']) retrieved from /home/airflow/.local/lib/python3.7/site-packages/airflow/example_dags/tutorial_dag.py
[2022-11-22T19:49:56.657+0000] {logging_mixin.py:137} INFO - [2022-11-22T19:49:56.657+0000] {dag.py:2585} INFO - Sync 1 DAGs
[2022-11-22T19:49:56.674+0000] {logging_mixin.py:137} INFO - [2022-11-22T19:49:56.674+0000] {dag.py:3340} INFO - Setting next_dagrun for tutorial_dag to None, run_after=None
[2022-11-22T19:49:56.686+0000] {processor.py:176} INFO - Processing /home/airflow/.local/lib/python3.7/site-packages/airflow/example_dags/tutorial_dag.py took 0.081 seconds
[2022-11-22T19:50:27.145+0000] {processor.py:154} INFO - Started process (PID=2940) to work on /home/airflow/.local/lib/python3.7/site-packages/airflow/example_dags/tutorial_dag.py
[2022-11-22T19:50:27.146+0000] {processor.py:756} INFO - Processing file /home/airflow/.local/lib/python3.7/site-packages/airflow/example_dags/tutorial_dag.py for tasks to queue
[2022-11-22T19:50:27.147+0000] {logging_mixin.py:137} INFO - [2022-11-22T19:50:27.147+0000] {dagbag.py:537} INFO - Filling up the DagBag from /home/airflow/.local/lib/python3.7/site-packages/airflow/example_dags/tutorial_dag.py
[2022-11-22T19:50:27.164+0000] {processor.py:766} INFO - DAG(s) dict_keys(['tutorial_dag']) retrieved from /home/airflow/.local/lib/python3.7/site-packages/airflow/example_dags/tutorial_dag.py
[2022-11-22T19:50:27.200+0000] {logging_mixin.py:137} INFO - [2022-11-22T19:50:27.200+0000] {dag.py:2585} INFO - Sync 1 DAGs
[2022-11-22T19:50:27.218+0000] {logging_mixin.py:137} INFO - [2022-11-22T19:50:27.218+0000] {dag.py:3340} INFO - Setting next_dagrun for tutorial_dag to None, run_after=None
[2022-11-22T19:50:27.232+0000] {processor.py:176} INFO - Processing /home/airflow/.local/lib/python3.7/site-packages/airflow/example_dags/tutorial_dag.py took 0.090 seconds
[2022-11-22T19:50:57.827+0000] {processor.py:154} INFO - Started process (PID=3003) to work on /home/airflow/.local/lib/python3.7/site-packages/airflow/example_dags/tutorial_dag.py
[2022-11-22T19:50:57.829+0000] {processor.py:756} INFO - Processing file /home/airflow/.local/lib/python3.7/site-packages/airflow/example_dags/tutorial_dag.py for tasks to queue
[2022-11-22T19:50:57.831+0000] {logging_mixin.py:137} INFO - [2022-11-22T19:50:57.831+0000] {dagbag.py:537} INFO - Filling up the DagBag from /home/airflow/.local/lib/python3.7/site-packages/airflow/example_dags/tutorial_dag.py
[2022-11-22T19:50:57.846+0000] {processor.py:766} INFO - DAG(s) dict_keys(['tutorial_dag']) retrieved from /home/airflow/.local/lib/python3.7/site-packages/airflow/example_dags/tutorial_dag.py
[2022-11-22T19:50:57.882+0000] {logging_mixin.py:137} INFO - [2022-11-22T19:50:57.882+0000] {dag.py:2585} INFO - Sync 1 DAGs
[2022-11-22T19:50:57.901+0000] {logging_mixin.py:137} INFO - [2022-11-22T19:50:57.901+0000] {dag.py:3340} INFO - Setting next_dagrun for tutorial_dag to None, run_after=None
[2022-11-22T19:50:57.915+0000] {processor.py:176} INFO - Processing /home/airflow/.local/lib/python3.7/site-packages/airflow/example_dags/tutorial_dag.py took 0.093 seconds
[2022-11-22T19:51:28.759+0000] {processor.py:154} INFO - Started process (PID=3066) to work on /home/airflow/.local/lib/python3.7/site-packages/airflow/example_dags/tutorial_dag.py
[2022-11-22T19:51:28.762+0000] {processor.py:756} INFO - Processing file /home/airflow/.local/lib/python3.7/site-packages/airflow/example_dags/tutorial_dag.py for tasks to queue
[2022-11-22T19:51:28.764+0000] {logging_mixin.py:137} INFO - [2022-11-22T19:51:28.764+0000] {dagbag.py:537} INFO - Filling up the DagBag from /home/airflow/.local/lib/python3.7/site-packages/airflow/example_dags/tutorial_dag.py
[2022-11-22T19:51:28.776+0000] {processor.py:766} INFO - DAG(s) dict_keys(['tutorial_dag']) retrieved from /home/airflow/.local/lib/python3.7/site-packages/airflow/example_dags/tutorial_dag.py
[2022-11-22T19:51:28.805+0000] {logging_mixin.py:137} INFO - [2022-11-22T19:51:28.805+0000] {dag.py:2585} INFO - Sync 1 DAGs
[2022-11-22T19:51:28.821+0000] {logging_mixin.py:137} INFO - [2022-11-22T19:51:28.821+0000] {dag.py:3340} INFO - Setting next_dagrun for tutorial_dag to None, run_after=None
[2022-11-22T19:51:28.834+0000] {processor.py:176} INFO - Processing /home/airflow/.local/lib/python3.7/site-packages/airflow/example_dags/tutorial_dag.py took 0.078 seconds
[2022-11-22T19:51:59.779+0000] {processor.py:154} INFO - Started process (PID=3129) to work on /home/airflow/.local/lib/python3.7/site-packages/airflow/example_dags/tutorial_dag.py
[2022-11-22T19:51:59.781+0000] {processor.py:756} INFO - Processing file /home/airflow/.local/lib/python3.7/site-packages/airflow/example_dags/tutorial_dag.py for tasks to queue
[2022-11-22T19:51:59.782+0000] {logging_mixin.py:137} INFO - [2022-11-22T19:51:59.782+0000] {dagbag.py:537} INFO - Filling up the DagBag from /home/airflow/.local/lib/python3.7/site-packages/airflow/example_dags/tutorial_dag.py
[2022-11-22T19:51:59.797+0000] {processor.py:766} INFO - DAG(s) dict_keys(['tutorial_dag']) retrieved from /home/airflow/.local/lib/python3.7/site-packages/airflow/example_dags/tutorial_dag.py
[2022-11-22T19:51:59.834+0000] {logging_mixin.py:137} INFO - [2022-11-22T19:51:59.834+0000] {dag.py:2585} INFO - Sync 1 DAGs
[2022-11-22T19:51:59.853+0000] {logging_mixin.py:137} INFO - [2022-11-22T19:51:59.853+0000] {dag.py:3340} INFO - Setting next_dagrun for tutorial_dag to None, run_after=None
[2022-11-22T19:51:59.869+0000] {processor.py:176} INFO - Processing /home/airflow/.local/lib/python3.7/site-packages/airflow/example_dags/tutorial_dag.py took 0.095 seconds
[2022-11-22T19:52:29.893+0000] {processor.py:154} INFO - Started process (PID=3190) to work on /home/airflow/.local/lib/python3.7/site-packages/airflow/example_dags/tutorial_dag.py
[2022-11-22T19:52:29.895+0000] {processor.py:756} INFO - Processing file /home/airflow/.local/lib/python3.7/site-packages/airflow/example_dags/tutorial_dag.py for tasks to queue
[2022-11-22T19:52:29.896+0000] {logging_mixin.py:137} INFO - [2022-11-22T19:52:29.896+0000] {dagbag.py:537} INFO - Filling up the DagBag from /home/airflow/.local/lib/python3.7/site-packages/airflow/example_dags/tutorial_dag.py
[2022-11-22T19:52:29.910+0000] {processor.py:766} INFO - DAG(s) dict_keys(['tutorial_dag']) retrieved from /home/airflow/.local/lib/python3.7/site-packages/airflow/example_dags/tutorial_dag.py
[2022-11-22T19:52:29.941+0000] {logging_mixin.py:137} INFO - [2022-11-22T19:52:29.941+0000] {dag.py:2585} INFO - Sync 1 DAGs
[2022-11-22T19:52:29.960+0000] {logging_mixin.py:137} INFO - [2022-11-22T19:52:29.960+0000] {dag.py:3340} INFO - Setting next_dagrun for tutorial_dag to None, run_after=None
[2022-11-22T19:52:29.976+0000] {processor.py:176} INFO - Processing /home/airflow/.local/lib/python3.7/site-packages/airflow/example_dags/tutorial_dag.py took 0.086 seconds
[2022-11-22T19:53:00.927+0000] {processor.py:154} INFO - Started process (PID=3244) to work on /home/airflow/.local/lib/python3.7/site-packages/airflow/example_dags/tutorial_dag.py
[2022-11-22T19:53:00.929+0000] {processor.py:756} INFO - Processing file /home/airflow/.local/lib/python3.7/site-packages/airflow/example_dags/tutorial_dag.py for tasks to queue
[2022-11-22T19:53:00.931+0000] {logging_mixin.py:137} INFO - [2022-11-22T19:53:00.930+0000] {dagbag.py:537} INFO - Filling up the DagBag from /home/airflow/.local/lib/python3.7/site-packages/airflow/example_dags/tutorial_dag.py
[2022-11-22T19:53:00.942+0000] {processor.py:766} INFO - DAG(s) dict_keys(['tutorial_dag']) retrieved from /home/airflow/.local/lib/python3.7/site-packages/airflow/example_dags/tutorial_dag.py
[2022-11-22T19:53:00.972+0000] {logging_mixin.py:137} INFO - [2022-11-22T19:53:00.972+0000] {dag.py:2585} INFO - Sync 1 DAGs
[2022-11-22T19:53:00.989+0000] {logging_mixin.py:137} INFO - [2022-11-22T19:53:00.989+0000] {dag.py:3340} INFO - Setting next_dagrun for tutorial_dag to None, run_after=None
[2022-11-22T19:53:01.002+0000] {processor.py:176} INFO - Processing /home/airflow/.local/lib/python3.7/site-packages/airflow/example_dags/tutorial_dag.py took 0.077 seconds
[2022-11-22T19:53:31.925+0000] {processor.py:154} INFO - Started process (PID=3307) to work on /home/airflow/.local/lib/python3.7/site-packages/airflow/example_dags/tutorial_dag.py
[2022-11-22T19:53:31.927+0000] {processor.py:756} INFO - Processing file /home/airflow/.local/lib/python3.7/site-packages/airflow/example_dags/tutorial_dag.py for tasks to queue
[2022-11-22T19:53:31.928+0000] {logging_mixin.py:137} INFO - [2022-11-22T19:53:31.928+0000] {dagbag.py:537} INFO - Filling up the DagBag from /home/airflow/.local/lib/python3.7/site-packages/airflow/example_dags/tutorial_dag.py
[2022-11-22T19:53:31.944+0000] {processor.py:766} INFO - DAG(s) dict_keys(['tutorial_dag']) retrieved from /home/airflow/.local/lib/python3.7/site-packages/airflow/example_dags/tutorial_dag.py
[2022-11-22T19:53:31.972+0000] {logging_mixin.py:137} INFO - [2022-11-22T19:53:31.972+0000] {dag.py:2585} INFO - Sync 1 DAGs
[2022-11-22T19:53:31.989+0000] {logging_mixin.py:137} INFO - [2022-11-22T19:53:31.988+0000] {dag.py:3340} INFO - Setting next_dagrun for tutorial_dag to None, run_after=None
[2022-11-22T19:53:32.003+0000] {processor.py:176} INFO - Processing /home/airflow/.local/lib/python3.7/site-packages/airflow/example_dags/tutorial_dag.py took 0.081 seconds
[2022-11-22T19:54:02.627+0000] {processor.py:154} INFO - Started process (PID=3370) to work on /home/airflow/.local/lib/python3.7/site-packages/airflow/example_dags/tutorial_dag.py
[2022-11-22T19:54:02.629+0000] {processor.py:756} INFO - Processing file /home/airflow/.local/lib/python3.7/site-packages/airflow/example_dags/tutorial_dag.py for tasks to queue
[2022-11-22T19:54:02.630+0000] {logging_mixin.py:137} INFO - [2022-11-22T19:54:02.630+0000] {dagbag.py:537} INFO - Filling up the DagBag from /home/airflow/.local/lib/python3.7/site-packages/airflow/example_dags/tutorial_dag.py
[2022-11-22T19:54:02.639+0000] {processor.py:766} INFO - DAG(s) dict_keys(['tutorial_dag']) retrieved from /home/airflow/.local/lib/python3.7/site-packages/airflow/example_dags/tutorial_dag.py
[2022-11-22T19:54:02.669+0000] {logging_mixin.py:137} INFO - [2022-11-22T19:54:02.669+0000] {dag.py:2585} INFO - Sync 1 DAGs
[2022-11-22T19:54:02.704+0000] {logging_mixin.py:137} INFO - [2022-11-22T19:54:02.703+0000] {dag.py:3340} INFO - Setting next_dagrun for tutorial_dag to None, run_after=None
[2022-11-22T19:54:02.751+0000] {processor.py:176} INFO - Processing /home/airflow/.local/lib/python3.7/site-packages/airflow/example_dags/tutorial_dag.py took 0.126 seconds
[2022-11-22T19:54:33.385+0000] {processor.py:154} INFO - Started process (PID=3432) to work on /home/airflow/.local/lib/python3.7/site-packages/airflow/example_dags/tutorial_dag.py
[2022-11-22T19:54:33.388+0000] {processor.py:756} INFO - Processing file /home/airflow/.local/lib/python3.7/site-packages/airflow/example_dags/tutorial_dag.py for tasks to queue
[2022-11-22T19:54:33.389+0000] {logging_mixin.py:137} INFO - [2022-11-22T19:54:33.389+0000] {dagbag.py:537} INFO - Filling up the DagBag from /home/airflow/.local/lib/python3.7/site-packages/airflow/example_dags/tutorial_dag.py
[2022-11-22T19:54:33.398+0000] {processor.py:766} INFO - DAG(s) dict_keys(['tutorial_dag']) retrieved from /home/airflow/.local/lib/python3.7/site-packages/airflow/example_dags/tutorial_dag.py
[2022-11-22T19:54:33.439+0000] {logging_mixin.py:137} INFO - [2022-11-22T19:54:33.439+0000] {dag.py:2585} INFO - Sync 1 DAGs
[2022-11-22T19:54:33.458+0000] {logging_mixin.py:137} INFO - [2022-11-22T19:54:33.458+0000] {dag.py:3340} INFO - Setting next_dagrun for tutorial_dag to None, run_after=None
[2022-11-22T19:54:33.471+0000] {processor.py:176} INFO - Processing /home/airflow/.local/lib/python3.7/site-packages/airflow/example_dags/tutorial_dag.py took 0.088 seconds
[2022-11-22T19:55:04.340+0000] {processor.py:154} INFO - Started process (PID=3486) to work on /home/airflow/.local/lib/python3.7/site-packages/airflow/example_dags/tutorial_dag.py
[2022-11-22T19:55:04.342+0000] {processor.py:756} INFO - Processing file /home/airflow/.local/lib/python3.7/site-packages/airflow/example_dags/tutorial_dag.py for tasks to queue
[2022-11-22T19:55:04.343+0000] {logging_mixin.py:137} INFO - [2022-11-22T19:55:04.343+0000] {dagbag.py:537} INFO - Filling up the DagBag from /home/airflow/.local/lib/python3.7/site-packages/airflow/example_dags/tutorial_dag.py
[2022-11-22T19:55:04.352+0000] {processor.py:766} INFO - DAG(s) dict_keys(['tutorial_dag']) retrieved from /home/airflow/.local/lib/python3.7/site-packages/airflow/example_dags/tutorial_dag.py
[2022-11-22T19:55:04.381+0000] {logging_mixin.py:137} INFO - [2022-11-22T19:55:04.380+0000] {dag.py:2585} INFO - Sync 1 DAGs
[2022-11-22T19:55:04.397+0000] {logging_mixin.py:137} INFO - [2022-11-22T19:55:04.397+0000] {dag.py:3340} INFO - Setting next_dagrun for tutorial_dag to None, run_after=None
[2022-11-22T19:55:04.409+0000] {processor.py:176} INFO - Processing /home/airflow/.local/lib/python3.7/site-packages/airflow/example_dags/tutorial_dag.py took 0.071 seconds
[2022-11-22T19:55:34.695+0000] {processor.py:154} INFO - Started process (PID=3549) to work on /home/airflow/.local/lib/python3.7/site-packages/airflow/example_dags/tutorial_dag.py
[2022-11-22T19:55:34.697+0000] {processor.py:756} INFO - Processing file /home/airflow/.local/lib/python3.7/site-packages/airflow/example_dags/tutorial_dag.py for tasks to queue
[2022-11-22T19:55:34.700+0000] {logging_mixin.py:137} INFO - [2022-11-22T19:55:34.700+0000] {dagbag.py:537} INFO - Filling up the DagBag from /home/airflow/.local/lib/python3.7/site-packages/airflow/example_dags/tutorial_dag.py
[2022-11-22T19:55:34.710+0000] {processor.py:766} INFO - DAG(s) dict_keys(['tutorial_dag']) retrieved from /home/airflow/.local/lib/python3.7/site-packages/airflow/example_dags/tutorial_dag.py
[2022-11-22T19:55:34.741+0000] {logging_mixin.py:137} INFO - [2022-11-22T19:55:34.741+0000] {dag.py:2585} INFO - Sync 1 DAGs
[2022-11-22T19:55:34.761+0000] {logging_mixin.py:137} INFO - [2022-11-22T19:55:34.761+0000] {dag.py:3340} INFO - Setting next_dagrun for tutorial_dag to None, run_after=None
[2022-11-22T19:55:34.781+0000] {processor.py:176} INFO - Processing /home/airflow/.local/lib/python3.7/site-packages/airflow/example_dags/tutorial_dag.py took 0.089 seconds
[2022-11-22T19:56:05.743+0000] {processor.py:154} INFO - Started process (PID=3613) to work on /home/airflow/.local/lib/python3.7/site-packages/airflow/example_dags/tutorial_dag.py
[2022-11-22T19:56:05.751+0000] {processor.py:756} INFO - Processing file /home/airflow/.local/lib/python3.7/site-packages/airflow/example_dags/tutorial_dag.py for tasks to queue
[2022-11-22T19:56:05.779+0000] {logging_mixin.py:137} INFO - [2022-11-22T19:56:05.779+0000] {dagbag.py:537} INFO - Filling up the DagBag from /home/airflow/.local/lib/python3.7/site-packages/airflow/example_dags/tutorial_dag.py
[2022-11-22T19:56:05.818+0000] {processor.py:766} INFO - DAG(s) dict_keys(['tutorial_dag']) retrieved from /home/airflow/.local/lib/python3.7/site-packages/airflow/example_dags/tutorial_dag.py
[2022-11-22T19:56:05.856+0000] {logging_mixin.py:137} INFO - [2022-11-22T19:56:05.856+0000] {dag.py:2585} INFO - Sync 1 DAGs
[2022-11-22T19:56:05.885+0000] {logging_mixin.py:137} INFO - [2022-11-22T19:56:05.885+0000] {dag.py:3340} INFO - Setting next_dagrun for tutorial_dag to None, run_after=None
[2022-11-22T19:56:05.901+0000] {processor.py:176} INFO - Processing /home/airflow/.local/lib/python3.7/site-packages/airflow/example_dags/tutorial_dag.py took 0.183 seconds
[2022-11-22T19:56:36.571+0000] {processor.py:154} INFO - Started process (PID=3675) to work on /home/airflow/.local/lib/python3.7/site-packages/airflow/example_dags/tutorial_dag.py
[2022-11-22T19:56:36.573+0000] {processor.py:756} INFO - Processing file /home/airflow/.local/lib/python3.7/site-packages/airflow/example_dags/tutorial_dag.py for tasks to queue
[2022-11-22T19:56:36.575+0000] {logging_mixin.py:137} INFO - [2022-11-22T19:56:36.575+0000] {dagbag.py:537} INFO - Filling up the DagBag from /home/airflow/.local/lib/python3.7/site-packages/airflow/example_dags/tutorial_dag.py
[2022-11-22T19:56:36.586+0000] {processor.py:766} INFO - DAG(s) dict_keys(['tutorial_dag']) retrieved from /home/airflow/.local/lib/python3.7/site-packages/airflow/example_dags/tutorial_dag.py
[2022-11-22T19:56:36.619+0000] {logging_mixin.py:137} INFO - [2022-11-22T19:56:36.619+0000] {dag.py:2585} INFO - Sync 1 DAGs
[2022-11-22T19:56:36.637+0000] {logging_mixin.py:137} INFO - [2022-11-22T19:56:36.637+0000] {dag.py:3340} INFO - Setting next_dagrun for tutorial_dag to None, run_after=None
[2022-11-22T19:56:36.652+0000] {processor.py:176} INFO - Processing /home/airflow/.local/lib/python3.7/site-packages/airflow/example_dags/tutorial_dag.py took 0.085 seconds
[2022-11-22T19:57:07.204+0000] {processor.py:154} INFO - Started process (PID=3729) to work on /home/airflow/.local/lib/python3.7/site-packages/airflow/example_dags/tutorial_dag.py
[2022-11-22T19:57:07.206+0000] {processor.py:756} INFO - Processing file /home/airflow/.local/lib/python3.7/site-packages/airflow/example_dags/tutorial_dag.py for tasks to queue
[2022-11-22T19:57:07.207+0000] {logging_mixin.py:137} INFO - [2022-11-22T19:57:07.207+0000] {dagbag.py:537} INFO - Filling up the DagBag from /home/airflow/.local/lib/python3.7/site-packages/airflow/example_dags/tutorial_dag.py
[2022-11-22T19:57:07.218+0000] {processor.py:766} INFO - DAG(s) dict_keys(['tutorial_dag']) retrieved from /home/airflow/.local/lib/python3.7/site-packages/airflow/example_dags/tutorial_dag.py
[2022-11-22T19:57:07.248+0000] {logging_mixin.py:137} INFO - [2022-11-22T19:57:07.248+0000] {dag.py:2585} INFO - Sync 1 DAGs
[2022-11-22T19:57:07.264+0000] {logging_mixin.py:137} INFO - [2022-11-22T19:57:07.264+0000] {dag.py:3340} INFO - Setting next_dagrun for tutorial_dag to None, run_after=None
[2022-11-22T19:57:07.279+0000] {processor.py:176} INFO - Processing /home/airflow/.local/lib/python3.7/site-packages/airflow/example_dags/tutorial_dag.py took 0.078 seconds
[2022-11-22T20:30:53.901+0000] {processor.py:154} INFO - Started process (PID=3793) to work on /home/airflow/.local/lib/python3.7/site-packages/airflow/example_dags/tutorial_dag.py
[2022-11-22T20:30:53.903+0000] {processor.py:756} INFO - Processing file /home/airflow/.local/lib/python3.7/site-packages/airflow/example_dags/tutorial_dag.py for tasks to queue
[2022-11-22T20:30:53.905+0000] {logging_mixin.py:137} INFO - [2022-11-22T20:30:53.905+0000] {dagbag.py:537} INFO - Filling up the DagBag from /home/airflow/.local/lib/python3.7/site-packages/airflow/example_dags/tutorial_dag.py
[2022-11-22T20:30:53.924+0000] {processor.py:766} INFO - DAG(s) dict_keys(['tutorial_dag']) retrieved from /home/airflow/.local/lib/python3.7/site-packages/airflow/example_dags/tutorial_dag.py
[2022-11-22T20:30:53.970+0000] {logging_mixin.py:137} INFO - [2022-11-22T20:30:53.969+0000] {dag.py:2585} INFO - Sync 1 DAGs
[2022-11-22T20:30:53.992+0000] {logging_mixin.py:137} INFO - [2022-11-22T20:30:53.992+0000] {dag.py:3340} INFO - Setting next_dagrun for tutorial_dag to None, run_after=None
[2022-11-22T20:30:54.010+0000] {processor.py:176} INFO - Processing /home/airflow/.local/lib/python3.7/site-packages/airflow/example_dags/tutorial_dag.py took 0.111 seconds
[2022-11-22T21:34:49.196+0000] {processor.py:154} INFO - Started process (PID=3847) to work on /home/airflow/.local/lib/python3.7/site-packages/airflow/example_dags/tutorial_dag.py
[2022-11-22T21:34:49.198+0000] {processor.py:756} INFO - Processing file /home/airflow/.local/lib/python3.7/site-packages/airflow/example_dags/tutorial_dag.py for tasks to queue
[2022-11-22T21:34:49.199+0000] {logging_mixin.py:137} INFO - [2022-11-22T21:34:49.199+0000] {dagbag.py:537} INFO - Filling up the DagBag from /home/airflow/.local/lib/python3.7/site-packages/airflow/example_dags/tutorial_dag.py
[2022-11-22T21:34:49.211+0000] {processor.py:766} INFO - DAG(s) dict_keys(['tutorial_dag']) retrieved from /home/airflow/.local/lib/python3.7/site-packages/airflow/example_dags/tutorial_dag.py
[2022-11-22T21:34:49.242+0000] {logging_mixin.py:137} INFO - [2022-11-22T21:34:49.242+0000] {dag.py:2585} INFO - Sync 1 DAGs
[2022-11-22T21:34:49.261+0000] {logging_mixin.py:137} INFO - [2022-11-22T21:34:49.260+0000] {dag.py:3340} INFO - Setting next_dagrun for tutorial_dag to None, run_after=None
[2022-11-22T21:34:49.272+0000] {processor.py:176} INFO - Processing /home/airflow/.local/lib/python3.7/site-packages/airflow/example_dags/tutorial_dag.py took 0.078 seconds
[2022-11-22T22:39:31.323+0000] {processor.py:154} INFO - Started process (PID=3911) to work on /home/airflow/.local/lib/python3.7/site-packages/airflow/example_dags/tutorial_dag.py
[2022-11-22T22:39:31.335+0000] {processor.py:756} INFO - Processing file /home/airflow/.local/lib/python3.7/site-packages/airflow/example_dags/tutorial_dag.py for tasks to queue
[2022-11-22T22:39:31.339+0000] {logging_mixin.py:137} INFO - [2022-11-22T22:39:31.339+0000] {dagbag.py:537} INFO - Filling up the DagBag from /home/airflow/.local/lib/python3.7/site-packages/airflow/example_dags/tutorial_dag.py
[2022-11-22T22:39:31.352+0000] {processor.py:766} INFO - DAG(s) dict_keys(['tutorial_dag']) retrieved from /home/airflow/.local/lib/python3.7/site-packages/airflow/example_dags/tutorial_dag.py
[2022-11-22T22:39:31.386+0000] {logging_mixin.py:137} INFO - [2022-11-22T22:39:31.385+0000] {dag.py:2585} INFO - Sync 1 DAGs
[2022-11-22T22:39:31.411+0000] {logging_mixin.py:137} INFO - [2022-11-22T22:39:31.411+0000] {dag.py:3340} INFO - Setting next_dagrun for tutorial_dag to None, run_after=None
[2022-11-22T22:39:31.427+0000] {processor.py:176} INFO - Processing /home/airflow/.local/lib/python3.7/site-packages/airflow/example_dags/tutorial_dag.py took 0.106 seconds
[2022-11-22T23:47:26.791+0000] {processor.py:154} INFO - Started process (PID=3974) to work on /home/airflow/.local/lib/python3.7/site-packages/airflow/example_dags/tutorial_dag.py
[2022-11-22T23:47:26.794+0000] {processor.py:756} INFO - Processing file /home/airflow/.local/lib/python3.7/site-packages/airflow/example_dags/tutorial_dag.py for tasks to queue
[2022-11-22T23:47:26.797+0000] {logging_mixin.py:137} INFO - [2022-11-22T23:47:26.797+0000] {dagbag.py:537} INFO - Filling up the DagBag from /home/airflow/.local/lib/python3.7/site-packages/airflow/example_dags/tutorial_dag.py
[2022-11-22T23:47:26.817+0000] {processor.py:766} INFO - DAG(s) dict_keys(['tutorial_dag']) retrieved from /home/airflow/.local/lib/python3.7/site-packages/airflow/example_dags/tutorial_dag.py
[2022-11-22T23:47:26.873+0000] {logging_mixin.py:137} INFO - [2022-11-22T23:47:26.873+0000] {dag.py:2585} INFO - Sync 1 DAGs
[2022-11-22T23:47:26.906+0000] {logging_mixin.py:137} INFO - [2022-11-22T23:47:26.906+0000] {dag.py:3340} INFO - Setting next_dagrun for tutorial_dag to None, run_after=None
[2022-11-22T23:47:26.921+0000] {processor.py:176} INFO - Processing /home/airflow/.local/lib/python3.7/site-packages/airflow/example_dags/tutorial_dag.py took 0.134 seconds
