[2022-11-26T14:41:46.454+0000] {taskinstance.py:1165} INFO - Dependencies all met for <TaskInstance: data_preparator_dag.data_prepare manual__2022-11-26T14:36:13.711317+00:00 [queued]>
[2022-11-26T14:41:46.522+0000] {taskinstance.py:1165} INFO - Dependencies all met for <TaskInstance: data_preparator_dag.data_prepare manual__2022-11-26T14:36:13.711317+00:00 [queued]>
[2022-11-26T14:41:46.524+0000] {taskinstance.py:1362} INFO - 
--------------------------------------------------------------------------------
[2022-11-26T14:41:46.526+0000] {taskinstance.py:1363} INFO - Starting attempt 2 of 2
[2022-11-26T14:41:46.527+0000] {taskinstance.py:1364} INFO - 
--------------------------------------------------------------------------------
[2022-11-26T14:41:46.647+0000] {taskinstance.py:1383} INFO - Executing <Task(PythonOperator): data_prepare> on 2022-11-26 14:36:13.711317+00:00
[2022-11-26T14:41:46.676+0000] {standard_task_runner.py:55} INFO - Started process 19067 to run task
[2022-11-26T14:41:46.692+0000] {standard_task_runner.py:82} INFO - Running: ['***', 'tasks', 'run', 'data_preparator_dag', 'data_prepare', 'manual__2022-11-26T14:36:13.711317+00:00', '--job-id', '476', '--raw', '--subdir', 'DAGS_FOLDER/dag_train_process.py', '--cfg-path', '/tmp/tmpg2zspdes']
[2022-11-26T14:41:46.696+0000] {standard_task_runner.py:83} INFO - Job 476: Subtask data_prepare
[2022-11-26T14:41:46.795+0000] {task_command.py:376} INFO - Running <TaskInstance: data_preparator_dag.data_prepare manual__2022-11-26T14:36:13.711317+00:00 [running]> on host 3151441c8efc
[2022-11-26T14:41:46.875+0000] {taskinstance.py:1592} INFO - Exporting the following env vars:
AIRFLOW_CTX_DAG_OWNER=***
AIRFLOW_CTX_DAG_ID=data_preparator_dag
AIRFLOW_CTX_TASK_ID=data_prepare
AIRFLOW_CTX_EXECUTION_DATE=2022-11-26T14:36:13.711317+00:00
AIRFLOW_CTX_TRY_NUMBER=2
AIRFLOW_CTX_DAG_RUN_ID=manual__2022-11-26T14:36:13.711317+00:00
[2022-11-26T14:41:46.936+0000] {python.py:177} INFO - Done. Returned value was: None
[2022-11-26T14:41:46.955+0000] {taskinstance.py:1406} INFO - Marking task as SUCCESS. dag_id=data_preparator_dag, task_id=data_prepare, execution_date=20221126T143613, start_date=20221126T144146, end_date=20221126T144146
[2022-11-26T14:41:47.024+0000] {local_task_job.py:159} INFO - Task exited with return code 0
[2022-11-26T14:41:47.097+0000] {taskinstance.py:2623} INFO - 1 downstream tasks scheduled from follow-on schedule check
