[2022-11-26T14:48:17.982+0000] {taskinstance.py:1165} INFO - Dependencies all met for <TaskInstance: data_preparator_dag.data_split manual__2022-11-26T14:48:14.443099+00:00 [queued]>
[2022-11-26T14:48:18.002+0000] {taskinstance.py:1165} INFO - Dependencies all met for <TaskInstance: data_preparator_dag.data_split manual__2022-11-26T14:48:14.443099+00:00 [queued]>
[2022-11-26T14:48:18.004+0000] {taskinstance.py:1362} INFO - 
--------------------------------------------------------------------------------
[2022-11-26T14:48:18.005+0000] {taskinstance.py:1363} INFO - Starting attempt 1 of 1
[2022-11-26T14:48:18.006+0000] {taskinstance.py:1364} INFO - 
--------------------------------------------------------------------------------
[2022-11-26T14:48:18.016+0000] {taskinstance.py:1383} INFO - Executing <Task(PythonOperator): data_split> on 2022-11-26 14:48:14.443099+00:00
[2022-11-26T14:48:18.030+0000] {standard_task_runner.py:55} INFO - Started process 19412 to run task
[2022-11-26T14:48:18.036+0000] {standard_task_runner.py:82} INFO - Running: ['***', 'tasks', 'run', 'data_preparator_dag', 'data_split', 'manual__2022-11-26T14:48:14.443099+00:00', '--job-id', '483', '--raw', '--subdir', 'DAGS_FOLDER/dag_train_process.py', '--cfg-path', '/tmp/tmp7s4l6w2f']
[2022-11-26T14:48:18.039+0000] {standard_task_runner.py:83} INFO - Job 483: Subtask data_split
[2022-11-26T14:48:18.144+0000] {task_command.py:376} INFO - Running <TaskInstance: data_preparator_dag.data_split manual__2022-11-26T14:48:14.443099+00:00 [running]> on host 3151441c8efc
[2022-11-26T14:48:18.244+0000] {taskinstance.py:1592} INFO - Exporting the following env vars:
AIRFLOW_CTX_DAG_OWNER=***
AIRFLOW_CTX_DAG_ID=data_preparator_dag
AIRFLOW_CTX_TASK_ID=data_split
AIRFLOW_CTX_EXECUTION_DATE=2022-11-26T14:48:14.443099+00:00
AIRFLOW_CTX_TRY_NUMBER=1
AIRFLOW_CTX_DAG_RUN_ID=manual__2022-11-26T14:48:14.443099+00:00
[2022-11-26T14:48:18.330+0000] {python.py:177} INFO - Done. Returned value was: None
[2022-11-26T14:48:18.347+0000] {taskinstance.py:1406} INFO - Marking task as SUCCESS. dag_id=data_preparator_dag, task_id=data_split, execution_date=20221126T144814, start_date=20221126T144817, end_date=20221126T144818
[2022-11-26T14:48:18.375+0000] {local_task_job.py:159} INFO - Task exited with return code 0
[2022-11-26T14:48:18.400+0000] {taskinstance.py:2623} INFO - 1 downstream tasks scheduled from follow-on schedule check
