[2022-11-26T14:48:55.881+0000] {taskinstance.py:1165} INFO - Dependencies all met for <TaskInstance: data_preparator_dag.data_split manual__2022-11-26T14:48:45.962036+00:00 [queued]>
[2022-11-26T14:48:55.893+0000] {taskinstance.py:1165} INFO - Dependencies all met for <TaskInstance: data_preparator_dag.data_split manual__2022-11-26T14:48:45.962036+00:00 [queued]>
[2022-11-26T14:48:55.894+0000] {taskinstance.py:1362} INFO - 
--------------------------------------------------------------------------------
[2022-11-26T14:48:55.894+0000] {taskinstance.py:1363} INFO - Starting attempt 1 of 1
[2022-11-26T14:48:55.895+0000] {taskinstance.py:1364} INFO - 
--------------------------------------------------------------------------------
[2022-11-26T14:48:55.907+0000] {taskinstance.py:1383} INFO - Executing <Task(PythonOperator): data_split> on 2022-11-26 14:48:45.962036+00:00
[2022-11-26T14:48:55.919+0000] {standard_task_runner.py:55} INFO - Started process 19483 to run task
[2022-11-26T14:48:55.924+0000] {standard_task_runner.py:82} INFO - Running: ['***', 'tasks', 'run', 'data_preparator_dag', 'data_split', 'manual__2022-11-26T14:48:45.962036+00:00', '--job-id', '488', '--raw', '--subdir', 'DAGS_FOLDER/dag_train_process.py', '--cfg-path', '/tmp/tmpdvbsvw4l']
[2022-11-26T14:48:55.927+0000] {standard_task_runner.py:83} INFO - Job 488: Subtask data_split
[2022-11-26T14:48:55.999+0000] {task_command.py:376} INFO - Running <TaskInstance: data_preparator_dag.data_split manual__2022-11-26T14:48:45.962036+00:00 [running]> on host 3151441c8efc
[2022-11-26T14:48:56.060+0000] {taskinstance.py:1592} INFO - Exporting the following env vars:
AIRFLOW_CTX_DAG_OWNER=***
AIRFLOW_CTX_DAG_ID=data_preparator_dag
AIRFLOW_CTX_TASK_ID=data_split
AIRFLOW_CTX_EXECUTION_DATE=2022-11-26T14:48:45.962036+00:00
AIRFLOW_CTX_TRY_NUMBER=1
AIRFLOW_CTX_DAG_RUN_ID=manual__2022-11-26T14:48:45.962036+00:00
[2022-11-26T14:48:56.098+0000] {python.py:177} INFO - Done. Returned value was: None
[2022-11-26T14:48:56.110+0000] {taskinstance.py:1406} INFO - Marking task as SUCCESS. dag_id=data_preparator_dag, task_id=data_split, execution_date=20221126T144845, start_date=20221126T144855, end_date=20221126T144856
[2022-11-26T14:48:56.136+0000] {local_task_job.py:159} INFO - Task exited with return code 0
[2022-11-26T14:48:56.162+0000] {taskinstance.py:2623} INFO - 1 downstream tasks scheduled from follow-on schedule check
