[2022-11-26T14:48:58.110+0000] {taskinstance.py:1165} INFO - Dependencies all met for <TaskInstance: data_preparator_dag.data_plot manual__2022-11-26T14:36:13.711317+00:00 [queued]>
[2022-11-26T14:48:58.131+0000] {taskinstance.py:1165} INFO - Dependencies all met for <TaskInstance: data_preparator_dag.data_plot manual__2022-11-26T14:36:13.711317+00:00 [queued]>
[2022-11-26T14:48:58.132+0000] {taskinstance.py:1362} INFO - 
--------------------------------------------------------------------------------
[2022-11-26T14:48:58.133+0000] {taskinstance.py:1363} INFO - Starting attempt 1 of 1
[2022-11-26T14:48:58.137+0000] {taskinstance.py:1364} INFO - 
--------------------------------------------------------------------------------
[2022-11-26T14:48:58.150+0000] {taskinstance.py:1383} INFO - Executing <Task(PythonOperator): data_plot> on 2022-11-26 14:36:13.711317+00:00
[2022-11-26T14:48:58.173+0000] {standard_task_runner.py:55} INFO - Started process 19489 to run task
[2022-11-26T14:48:58.181+0000] {standard_task_runner.py:82} INFO - Running: ['***', 'tasks', 'run', 'data_preparator_dag', 'data_plot', 'manual__2022-11-26T14:36:13.711317+00:00', '--job-id', '489', '--raw', '--subdir', 'DAGS_FOLDER/dag_train_process.py', '--cfg-path', '/tmp/tmp_4kg5p4r']
[2022-11-26T14:48:58.194+0000] {standard_task_runner.py:83} INFO - Job 489: Subtask data_plot
[2022-11-26T14:48:58.271+0000] {task_command.py:376} INFO - Running <TaskInstance: data_preparator_dag.data_plot manual__2022-11-26T14:36:13.711317+00:00 [running]> on host 3151441c8efc
[2022-11-26T14:48:58.362+0000] {taskinstance.py:1592} INFO - Exporting the following env vars:
AIRFLOW_CTX_DAG_OWNER=***
AIRFLOW_CTX_DAG_ID=data_preparator_dag
AIRFLOW_CTX_TASK_ID=data_plot
AIRFLOW_CTX_EXECUTION_DATE=2022-11-26T14:36:13.711317+00:00
AIRFLOW_CTX_TRY_NUMBER=1
AIRFLOW_CTX_DAG_RUN_ID=manual__2022-11-26T14:36:13.711317+00:00
[2022-11-26T14:49:12.732+0000] {python.py:177} INFO - Done. Returned value was: None
[2022-11-26T14:49:12.765+0000] {taskinstance.py:1406} INFO - Marking task as SUCCESS. dag_id=data_preparator_dag, task_id=data_plot, execution_date=20221126T143613, start_date=20221126T144858, end_date=20221126T144912
[2022-11-26T14:49:12.936+0000] {local_task_job.py:159} INFO - Task exited with return code 0
[2022-11-26T14:49:13.005+0000] {taskinstance.py:2623} INFO - 0 downstream tasks scheduled from follow-on schedule check
